[2025-01-10T00:43:47.666+0000] {processor.py:186} INFO - Started process (PID=82) to work on /home/airflow/.local/lib/python3.12/site-packages/airflow/example_dags/example_task_group_decorator.py
[2025-01-10T00:43:47.668+0000] {processor.py:914} INFO - Processing file /home/airflow/.local/lib/python3.12/site-packages/airflow/example_dags/example_task_group_decorator.py for tasks to queue
[2025-01-10T00:43:47.671+0000] {logging_mixin.py:190} INFO - [2025-01-10T00:43:47.671+0000] {dagbag.py:588} INFO - Filling up the DagBag from /home/airflow/.local/lib/python3.12/site-packages/airflow/example_dags/example_task_group_decorator.py
[2025-01-10T00:43:47.705+0000] {processor.py:925} INFO - DAG(s) 'example_task_group_decorator' retrieved from /home/airflow/.local/lib/python3.12/site-packages/airflow/example_dags/example_task_group_decorator.py
[2025-01-10T00:43:47.889+0000] {logging_mixin.py:190} INFO - [2025-01-10T00:43:47.888+0000] {override.py:1911} INFO - Created Permission View: can delete on DAG:example_task_group_decorator
[2025-01-10T00:43:47.903+0000] {logging_mixin.py:190} INFO - [2025-01-10T00:43:47.902+0000] {override.py:1911} INFO - Created Permission View: can read on DAG:example_task_group_decorator
[2025-01-10T00:43:47.917+0000] {logging_mixin.py:190} INFO - [2025-01-10T00:43:47.917+0000] {override.py:1911} INFO - Created Permission View: can edit on DAG:example_task_group_decorator
[2025-01-10T00:43:47.933+0000] {logging_mixin.py:190} INFO - [2025-01-10T00:43:47.933+0000] {override.py:1911} INFO - Created Permission View: can delete on DAG Run:example_task_group_decorator
[2025-01-10T00:43:47.949+0000] {logging_mixin.py:190} INFO - [2025-01-10T00:43:47.949+0000] {override.py:1911} INFO - Created Permission View: can read on DAG Run:example_task_group_decorator
[2025-01-10T00:43:47.962+0000] {logging_mixin.py:190} INFO - [2025-01-10T00:43:47.962+0000] {override.py:1911} INFO - Created Permission View: can create on DAG Run:example_task_group_decorator
[2025-01-10T00:43:47.973+0000] {logging_mixin.py:190} INFO - [2025-01-10T00:43:47.973+0000] {override.py:1911} INFO - Created Permission View: menu access on DAG Run:example_task_group_decorator
[2025-01-10T00:43:47.975+0000] {logging_mixin.py:190} INFO - [2025-01-10T00:43:47.975+0000] {dag.py:3239} INFO - Sync 1 DAGs
[2025-01-10T00:43:47.996+0000] {logging_mixin.py:190} INFO - [2025-01-10T00:43:47.996+0000] {dag.py:3262} INFO - Creating ORM DAG for example_task_group_decorator
[2025-01-10T00:43:47.997+0000] {logging_mixin.py:190} INFO - [2025-01-10T00:43:47.997+0000] {dag.py:4180} INFO - Setting next_dagrun for example_task_group_decorator to None, run_after=None
[2025-01-10T00:43:48.022+0000] {processor.py:208} INFO - Processing /home/airflow/.local/lib/python3.12/site-packages/airflow/example_dags/example_task_group_decorator.py took 0.364 seconds
[2025-01-10T00:44:18.813+0000] {processor.py:186} INFO - Started process (PID=145) to work on /home/airflow/.local/lib/python3.12/site-packages/airflow/example_dags/example_task_group_decorator.py
[2025-01-10T00:44:18.815+0000] {processor.py:914} INFO - Processing file /home/airflow/.local/lib/python3.12/site-packages/airflow/example_dags/example_task_group_decorator.py for tasks to queue
[2025-01-10T00:44:18.817+0000] {logging_mixin.py:190} INFO - [2025-01-10T00:44:18.817+0000] {dagbag.py:588} INFO - Filling up the DagBag from /home/airflow/.local/lib/python3.12/site-packages/airflow/example_dags/example_task_group_decorator.py
[2025-01-10T00:44:18.842+0000] {processor.py:925} INFO - DAG(s) 'example_task_group_decorator' retrieved from /home/airflow/.local/lib/python3.12/site-packages/airflow/example_dags/example_task_group_decorator.py
[2025-01-10T00:44:18.874+0000] {logging_mixin.py:190} INFO - [2025-01-10T00:44:18.874+0000] {dag.py:3239} INFO - Sync 1 DAGs
[2025-01-10T00:44:18.892+0000] {logging_mixin.py:190} INFO - [2025-01-10T00:44:18.892+0000] {dag.py:4180} INFO - Setting next_dagrun for example_task_group_decorator to None, run_after=None
[2025-01-10T00:44:18.919+0000] {processor.py:208} INFO - Processing /home/airflow/.local/lib/python3.12/site-packages/airflow/example_dags/example_task_group_decorator.py took 0.117 seconds
[2025-01-10T00:44:49.141+0000] {processor.py:186} INFO - Started process (PID=208) to work on /home/airflow/.local/lib/python3.12/site-packages/airflow/example_dags/example_task_group_decorator.py
[2025-01-10T00:44:49.143+0000] {processor.py:914} INFO - Processing file /home/airflow/.local/lib/python3.12/site-packages/airflow/example_dags/example_task_group_decorator.py for tasks to queue
[2025-01-10T00:44:49.149+0000] {logging_mixin.py:190} INFO - [2025-01-10T00:44:49.148+0000] {dagbag.py:588} INFO - Filling up the DagBag from /home/airflow/.local/lib/python3.12/site-packages/airflow/example_dags/example_task_group_decorator.py
[2025-01-10T00:44:49.190+0000] {processor.py:925} INFO - DAG(s) 'example_task_group_decorator' retrieved from /home/airflow/.local/lib/python3.12/site-packages/airflow/example_dags/example_task_group_decorator.py
[2025-01-10T00:44:49.246+0000] {logging_mixin.py:190} INFO - [2025-01-10T00:44:49.246+0000] {dag.py:3239} INFO - Sync 1 DAGs
[2025-01-10T00:44:49.286+0000] {logging_mixin.py:190} INFO - [2025-01-10T00:44:49.285+0000] {dag.py:4180} INFO - Setting next_dagrun for example_task_group_decorator to None, run_after=None
[2025-01-10T00:44:49.335+0000] {processor.py:208} INFO - Processing /home/airflow/.local/lib/python3.12/site-packages/airflow/example_dags/example_task_group_decorator.py took 0.205 seconds
[2025-01-10T00:45:19.687+0000] {processor.py:186} INFO - Started process (PID=271) to work on /home/airflow/.local/lib/python3.12/site-packages/airflow/example_dags/example_task_group_decorator.py
[2025-01-10T00:45:19.688+0000] {processor.py:914} INFO - Processing file /home/airflow/.local/lib/python3.12/site-packages/airflow/example_dags/example_task_group_decorator.py for tasks to queue
[2025-01-10T00:45:19.693+0000] {logging_mixin.py:190} INFO - [2025-01-10T00:45:19.693+0000] {dagbag.py:588} INFO - Filling up the DagBag from /home/airflow/.local/lib/python3.12/site-packages/airflow/example_dags/example_task_group_decorator.py
[2025-01-10T00:45:19.723+0000] {processor.py:925} INFO - DAG(s) 'example_task_group_decorator' retrieved from /home/airflow/.local/lib/python3.12/site-packages/airflow/example_dags/example_task_group_decorator.py
[2025-01-10T00:45:19.773+0000] {logging_mixin.py:190} INFO - [2025-01-10T00:45:19.773+0000] {dag.py:3239} INFO - Sync 1 DAGs
[2025-01-10T00:45:19.807+0000] {logging_mixin.py:190} INFO - [2025-01-10T00:45:19.807+0000] {dag.py:4180} INFO - Setting next_dagrun for example_task_group_decorator to None, run_after=None
[2025-01-10T00:45:19.848+0000] {processor.py:208} INFO - Processing /home/airflow/.local/lib/python3.12/site-packages/airflow/example_dags/example_task_group_decorator.py took 0.174 seconds
[2025-01-10T00:45:50.323+0000] {processor.py:186} INFO - Started process (PID=333) to work on /home/airflow/.local/lib/python3.12/site-packages/airflow/example_dags/example_task_group_decorator.py
[2025-01-10T00:45:50.325+0000] {processor.py:914} INFO - Processing file /home/airflow/.local/lib/python3.12/site-packages/airflow/example_dags/example_task_group_decorator.py for tasks to queue
[2025-01-10T00:45:50.329+0000] {logging_mixin.py:190} INFO - [2025-01-10T00:45:50.328+0000] {dagbag.py:588} INFO - Filling up the DagBag from /home/airflow/.local/lib/python3.12/site-packages/airflow/example_dags/example_task_group_decorator.py
[2025-01-10T00:45:50.361+0000] {processor.py:925} INFO - DAG(s) 'example_task_group_decorator' retrieved from /home/airflow/.local/lib/python3.12/site-packages/airflow/example_dags/example_task_group_decorator.py
[2025-01-10T00:45:50.403+0000] {logging_mixin.py:190} INFO - [2025-01-10T00:45:50.402+0000] {dag.py:3239} INFO - Sync 1 DAGs
[2025-01-10T00:45:50.428+0000] {logging_mixin.py:190} INFO - [2025-01-10T00:45:50.427+0000] {dag.py:4180} INFO - Setting next_dagrun for example_task_group_decorator to None, run_after=None
[2025-01-10T00:45:50.470+0000] {processor.py:208} INFO - Processing /home/airflow/.local/lib/python3.12/site-packages/airflow/example_dags/example_task_group_decorator.py took 0.156 seconds
[2025-01-10T00:46:20.689+0000] {processor.py:186} INFO - Started process (PID=395) to work on /home/airflow/.local/lib/python3.12/site-packages/airflow/example_dags/example_task_group_decorator.py
[2025-01-10T00:46:20.690+0000] {processor.py:914} INFO - Processing file /home/airflow/.local/lib/python3.12/site-packages/airflow/example_dags/example_task_group_decorator.py for tasks to queue
[2025-01-10T00:46:20.693+0000] {logging_mixin.py:190} INFO - [2025-01-10T00:46:20.693+0000] {dagbag.py:588} INFO - Filling up the DagBag from /home/airflow/.local/lib/python3.12/site-packages/airflow/example_dags/example_task_group_decorator.py
[2025-01-10T00:46:20.711+0000] {processor.py:925} INFO - DAG(s) 'example_task_group_decorator' retrieved from /home/airflow/.local/lib/python3.12/site-packages/airflow/example_dags/example_task_group_decorator.py
[2025-01-10T00:46:20.735+0000] {logging_mixin.py:190} INFO - [2025-01-10T00:46:20.735+0000] {dag.py:3239} INFO - Sync 1 DAGs
[2025-01-10T00:46:20.760+0000] {logging_mixin.py:190} INFO - [2025-01-10T00:46:20.760+0000] {dag.py:4180} INFO - Setting next_dagrun for example_task_group_decorator to None, run_after=None
[2025-01-10T00:46:20.780+0000] {processor.py:208} INFO - Processing /home/airflow/.local/lib/python3.12/site-packages/airflow/example_dags/example_task_group_decorator.py took 0.098 seconds
[2025-01-10T00:46:51.379+0000] {processor.py:186} INFO - Started process (PID=458) to work on /home/airflow/.local/lib/python3.12/site-packages/airflow/example_dags/example_task_group_decorator.py
[2025-01-10T00:46:51.380+0000] {processor.py:914} INFO - Processing file /home/airflow/.local/lib/python3.12/site-packages/airflow/example_dags/example_task_group_decorator.py for tasks to queue
[2025-01-10T00:46:51.383+0000] {logging_mixin.py:190} INFO - [2025-01-10T00:46:51.382+0000] {dagbag.py:588} INFO - Filling up the DagBag from /home/airflow/.local/lib/python3.12/site-packages/airflow/example_dags/example_task_group_decorator.py
[2025-01-10T00:46:51.398+0000] {processor.py:925} INFO - DAG(s) 'example_task_group_decorator' retrieved from /home/airflow/.local/lib/python3.12/site-packages/airflow/example_dags/example_task_group_decorator.py
[2025-01-10T00:46:51.428+0000] {logging_mixin.py:190} INFO - [2025-01-10T00:46:51.427+0000] {dag.py:3239} INFO - Sync 1 DAGs
[2025-01-10T00:46:51.453+0000] {logging_mixin.py:190} INFO - [2025-01-10T00:46:51.453+0000] {dag.py:4180} INFO - Setting next_dagrun for example_task_group_decorator to None, run_after=None
[2025-01-10T00:46:51.482+0000] {processor.py:208} INFO - Processing /home/airflow/.local/lib/python3.12/site-packages/airflow/example_dags/example_task_group_decorator.py took 0.109 seconds
[2025-01-10T00:47:21.936+0000] {processor.py:186} INFO - Started process (PID=521) to work on /home/airflow/.local/lib/python3.12/site-packages/airflow/example_dags/example_task_group_decorator.py
[2025-01-10T00:47:21.937+0000] {processor.py:914} INFO - Processing file /home/airflow/.local/lib/python3.12/site-packages/airflow/example_dags/example_task_group_decorator.py for tasks to queue
[2025-01-10T00:47:21.940+0000] {logging_mixin.py:190} INFO - [2025-01-10T00:47:21.939+0000] {dagbag.py:588} INFO - Filling up the DagBag from /home/airflow/.local/lib/python3.12/site-packages/airflow/example_dags/example_task_group_decorator.py
[2025-01-10T00:47:21.954+0000] {processor.py:925} INFO - DAG(s) 'example_task_group_decorator' retrieved from /home/airflow/.local/lib/python3.12/site-packages/airflow/example_dags/example_task_group_decorator.py
[2025-01-10T00:47:21.978+0000] {logging_mixin.py:190} INFO - [2025-01-10T00:47:21.978+0000] {dag.py:3239} INFO - Sync 1 DAGs
[2025-01-10T00:47:21.992+0000] {logging_mixin.py:190} INFO - [2025-01-10T00:47:21.992+0000] {dag.py:4180} INFO - Setting next_dagrun for example_task_group_decorator to None, run_after=None
[2025-01-10T00:47:22.012+0000] {processor.py:208} INFO - Processing /home/airflow/.local/lib/python3.12/site-packages/airflow/example_dags/example_task_group_decorator.py took 0.080 seconds
[2025-01-10T00:47:52.054+0000] {processor.py:186} INFO - Started process (PID=584) to work on /home/airflow/.local/lib/python3.12/site-packages/airflow/example_dags/example_task_group_decorator.py
[2025-01-10T00:47:52.055+0000] {processor.py:914} INFO - Processing file /home/airflow/.local/lib/python3.12/site-packages/airflow/example_dags/example_task_group_decorator.py for tasks to queue
[2025-01-10T00:47:52.058+0000] {logging_mixin.py:190} INFO - [2025-01-10T00:47:52.057+0000] {dagbag.py:588} INFO - Filling up the DagBag from /home/airflow/.local/lib/python3.12/site-packages/airflow/example_dags/example_task_group_decorator.py
[2025-01-10T00:47:52.072+0000] {processor.py:925} INFO - DAG(s) 'example_task_group_decorator' retrieved from /home/airflow/.local/lib/python3.12/site-packages/airflow/example_dags/example_task_group_decorator.py
[2025-01-10T00:47:52.096+0000] {logging_mixin.py:190} INFO - [2025-01-10T00:47:52.096+0000] {dag.py:3239} INFO - Sync 1 DAGs
[2025-01-10T00:47:52.110+0000] {logging_mixin.py:190} INFO - [2025-01-10T00:47:52.110+0000] {dag.py:4180} INFO - Setting next_dagrun for example_task_group_decorator to None, run_after=None
[2025-01-10T00:47:52.128+0000] {processor.py:208} INFO - Processing /home/airflow/.local/lib/python3.12/site-packages/airflow/example_dags/example_task_group_decorator.py took 0.079 seconds
[2025-01-10T00:48:22.932+0000] {processor.py:186} INFO - Started process (PID=647) to work on /home/airflow/.local/lib/python3.12/site-packages/airflow/example_dags/example_task_group_decorator.py
[2025-01-10T00:48:22.933+0000] {processor.py:914} INFO - Processing file /home/airflow/.local/lib/python3.12/site-packages/airflow/example_dags/example_task_group_decorator.py for tasks to queue
[2025-01-10T00:48:22.935+0000] {logging_mixin.py:190} INFO - [2025-01-10T00:48:22.934+0000] {dagbag.py:588} INFO - Filling up the DagBag from /home/airflow/.local/lib/python3.12/site-packages/airflow/example_dags/example_task_group_decorator.py
[2025-01-10T00:48:22.950+0000] {processor.py:925} INFO - DAG(s) 'example_task_group_decorator' retrieved from /home/airflow/.local/lib/python3.12/site-packages/airflow/example_dags/example_task_group_decorator.py
[2025-01-10T00:48:22.976+0000] {logging_mixin.py:190} INFO - [2025-01-10T00:48:22.976+0000] {dag.py:3239} INFO - Sync 1 DAGs
[2025-01-10T00:48:22.993+0000] {logging_mixin.py:190} INFO - [2025-01-10T00:48:22.993+0000] {dag.py:4180} INFO - Setting next_dagrun for example_task_group_decorator to None, run_after=None
[2025-01-10T00:48:23.018+0000] {processor.py:208} INFO - Processing /home/airflow/.local/lib/python3.12/site-packages/airflow/example_dags/example_task_group_decorator.py took 0.092 seconds
[2025-01-10T00:48:53.128+0000] {processor.py:186} INFO - Started process (PID=711) to work on /home/airflow/.local/lib/python3.12/site-packages/airflow/example_dags/example_task_group_decorator.py
[2025-01-10T00:48:53.130+0000] {processor.py:914} INFO - Processing file /home/airflow/.local/lib/python3.12/site-packages/airflow/example_dags/example_task_group_decorator.py for tasks to queue
[2025-01-10T00:48:53.132+0000] {logging_mixin.py:190} INFO - [2025-01-10T00:48:53.132+0000] {dagbag.py:588} INFO - Filling up the DagBag from /home/airflow/.local/lib/python3.12/site-packages/airflow/example_dags/example_task_group_decorator.py
[2025-01-10T00:48:53.152+0000] {processor.py:925} INFO - DAG(s) 'example_task_group_decorator' retrieved from /home/airflow/.local/lib/python3.12/site-packages/airflow/example_dags/example_task_group_decorator.py
[2025-01-10T00:48:53.185+0000] {logging_mixin.py:190} INFO - [2025-01-10T00:48:53.184+0000] {dag.py:3239} INFO - Sync 1 DAGs
[2025-01-10T00:48:53.199+0000] {logging_mixin.py:190} INFO - [2025-01-10T00:48:53.199+0000] {dag.py:4180} INFO - Setting next_dagrun for example_task_group_decorator to None, run_after=None
[2025-01-10T00:48:53.217+0000] {processor.py:208} INFO - Processing /home/airflow/.local/lib/python3.12/site-packages/airflow/example_dags/example_task_group_decorator.py took 0.096 seconds
[2025-01-10T00:49:23.259+0000] {processor.py:186} INFO - Started process (PID=774) to work on /home/airflow/.local/lib/python3.12/site-packages/airflow/example_dags/example_task_group_decorator.py
[2025-01-10T00:49:23.260+0000] {processor.py:914} INFO - Processing file /home/airflow/.local/lib/python3.12/site-packages/airflow/example_dags/example_task_group_decorator.py for tasks to queue
[2025-01-10T00:49:23.262+0000] {logging_mixin.py:190} INFO - [2025-01-10T00:49:23.262+0000] {dagbag.py:588} INFO - Filling up the DagBag from /home/airflow/.local/lib/python3.12/site-packages/airflow/example_dags/example_task_group_decorator.py
[2025-01-10T00:49:23.276+0000] {processor.py:925} INFO - DAG(s) 'example_task_group_decorator' retrieved from /home/airflow/.local/lib/python3.12/site-packages/airflow/example_dags/example_task_group_decorator.py
[2025-01-10T00:49:23.300+0000] {logging_mixin.py:190} INFO - [2025-01-10T00:49:23.299+0000] {dag.py:3239} INFO - Sync 1 DAGs
[2025-01-10T00:49:23.314+0000] {logging_mixin.py:190} INFO - [2025-01-10T00:49:23.314+0000] {dag.py:4180} INFO - Setting next_dagrun for example_task_group_decorator to None, run_after=None
[2025-01-10T00:49:23.332+0000] {processor.py:208} INFO - Processing /home/airflow/.local/lib/python3.12/site-packages/airflow/example_dags/example_task_group_decorator.py took 0.078 seconds
[2025-01-10T00:49:53.631+0000] {processor.py:186} INFO - Started process (PID=836) to work on /home/airflow/.local/lib/python3.12/site-packages/airflow/example_dags/example_task_group_decorator.py
[2025-01-10T00:49:53.632+0000] {processor.py:914} INFO - Processing file /home/airflow/.local/lib/python3.12/site-packages/airflow/example_dags/example_task_group_decorator.py for tasks to queue
[2025-01-10T00:49:53.634+0000] {logging_mixin.py:190} INFO - [2025-01-10T00:49:53.634+0000] {dagbag.py:588} INFO - Filling up the DagBag from /home/airflow/.local/lib/python3.12/site-packages/airflow/example_dags/example_task_group_decorator.py
[2025-01-10T00:49:53.648+0000] {processor.py:925} INFO - DAG(s) 'example_task_group_decorator' retrieved from /home/airflow/.local/lib/python3.12/site-packages/airflow/example_dags/example_task_group_decorator.py
[2025-01-10T00:49:53.672+0000] {logging_mixin.py:190} INFO - [2025-01-10T00:49:53.671+0000] {dag.py:3239} INFO - Sync 1 DAGs
[2025-01-10T00:49:53.685+0000] {logging_mixin.py:190} INFO - [2025-01-10T00:49:53.685+0000] {dag.py:4180} INFO - Setting next_dagrun for example_task_group_decorator to None, run_after=None
[2025-01-10T00:49:53.707+0000] {processor.py:208} INFO - Processing /home/airflow/.local/lib/python3.12/site-packages/airflow/example_dags/example_task_group_decorator.py took 0.081 seconds
[2025-01-10T00:50:23.940+0000] {processor.py:186} INFO - Started process (PID=899) to work on /home/airflow/.local/lib/python3.12/site-packages/airflow/example_dags/example_task_group_decorator.py
[2025-01-10T00:50:23.941+0000] {processor.py:914} INFO - Processing file /home/airflow/.local/lib/python3.12/site-packages/airflow/example_dags/example_task_group_decorator.py for tasks to queue
[2025-01-10T00:50:23.943+0000] {logging_mixin.py:190} INFO - [2025-01-10T00:50:23.943+0000] {dagbag.py:588} INFO - Filling up the DagBag from /home/airflow/.local/lib/python3.12/site-packages/airflow/example_dags/example_task_group_decorator.py
[2025-01-10T00:50:23.958+0000] {processor.py:925} INFO - DAG(s) 'example_task_group_decorator' retrieved from /home/airflow/.local/lib/python3.12/site-packages/airflow/example_dags/example_task_group_decorator.py
[2025-01-10T00:50:23.981+0000] {logging_mixin.py:190} INFO - [2025-01-10T00:50:23.981+0000] {dag.py:3239} INFO - Sync 1 DAGs
[2025-01-10T00:50:23.994+0000] {logging_mixin.py:190} INFO - [2025-01-10T00:50:23.994+0000] {dag.py:4180} INFO - Setting next_dagrun for example_task_group_decorator to None, run_after=None
[2025-01-10T00:50:24.014+0000] {processor.py:208} INFO - Processing /home/airflow/.local/lib/python3.12/site-packages/airflow/example_dags/example_task_group_decorator.py took 0.079 seconds
[2025-01-10T00:50:54.225+0000] {processor.py:186} INFO - Started process (PID=962) to work on /home/airflow/.local/lib/python3.12/site-packages/airflow/example_dags/example_task_group_decorator.py
[2025-01-10T00:50:54.226+0000] {processor.py:914} INFO - Processing file /home/airflow/.local/lib/python3.12/site-packages/airflow/example_dags/example_task_group_decorator.py for tasks to queue
[2025-01-10T00:50:54.229+0000] {logging_mixin.py:190} INFO - [2025-01-10T00:50:54.229+0000] {dagbag.py:588} INFO - Filling up the DagBag from /home/airflow/.local/lib/python3.12/site-packages/airflow/example_dags/example_task_group_decorator.py
[2025-01-10T00:50:54.248+0000] {processor.py:925} INFO - DAG(s) 'example_task_group_decorator' retrieved from /home/airflow/.local/lib/python3.12/site-packages/airflow/example_dags/example_task_group_decorator.py
[2025-01-10T00:50:54.278+0000] {logging_mixin.py:190} INFO - [2025-01-10T00:50:54.277+0000] {dag.py:3239} INFO - Sync 1 DAGs
[2025-01-10T00:50:54.294+0000] {logging_mixin.py:190} INFO - [2025-01-10T00:50:54.294+0000] {dag.py:4180} INFO - Setting next_dagrun for example_task_group_decorator to None, run_after=None
[2025-01-10T00:50:54.317+0000] {processor.py:208} INFO - Processing /home/airflow/.local/lib/python3.12/site-packages/airflow/example_dags/example_task_group_decorator.py took 0.100 seconds
[2025-01-10T00:51:24.376+0000] {processor.py:186} INFO - Started process (PID=1026) to work on /home/airflow/.local/lib/python3.12/site-packages/airflow/example_dags/example_task_group_decorator.py
[2025-01-10T00:51:24.376+0000] {processor.py:914} INFO - Processing file /home/airflow/.local/lib/python3.12/site-packages/airflow/example_dags/example_task_group_decorator.py for tasks to queue
[2025-01-10T00:51:24.379+0000] {logging_mixin.py:190} INFO - [2025-01-10T00:51:24.378+0000] {dagbag.py:588} INFO - Filling up the DagBag from /home/airflow/.local/lib/python3.12/site-packages/airflow/example_dags/example_task_group_decorator.py
[2025-01-10T00:51:24.393+0000] {processor.py:925} INFO - DAG(s) 'example_task_group_decorator' retrieved from /home/airflow/.local/lib/python3.12/site-packages/airflow/example_dags/example_task_group_decorator.py
[2025-01-10T00:51:24.416+0000] {logging_mixin.py:190} INFO - [2025-01-10T00:51:24.416+0000] {dag.py:3239} INFO - Sync 1 DAGs
[2025-01-10T00:51:24.429+0000] {logging_mixin.py:190} INFO - [2025-01-10T00:51:24.429+0000] {dag.py:4180} INFO - Setting next_dagrun for example_task_group_decorator to None, run_after=None
[2025-01-10T00:51:24.452+0000] {processor.py:208} INFO - Processing /home/airflow/.local/lib/python3.12/site-packages/airflow/example_dags/example_task_group_decorator.py took 0.081 seconds
[2025-01-10T00:51:54.834+0000] {processor.py:186} INFO - Started process (PID=1089) to work on /home/airflow/.local/lib/python3.12/site-packages/airflow/example_dags/example_task_group_decorator.py
[2025-01-10T00:51:54.835+0000] {processor.py:914} INFO - Processing file /home/airflow/.local/lib/python3.12/site-packages/airflow/example_dags/example_task_group_decorator.py for tasks to queue
[2025-01-10T00:51:54.837+0000] {logging_mixin.py:190} INFO - [2025-01-10T00:51:54.837+0000] {dagbag.py:588} INFO - Filling up the DagBag from /home/airflow/.local/lib/python3.12/site-packages/airflow/example_dags/example_task_group_decorator.py
[2025-01-10T00:51:54.851+0000] {processor.py:925} INFO - DAG(s) 'example_task_group_decorator' retrieved from /home/airflow/.local/lib/python3.12/site-packages/airflow/example_dags/example_task_group_decorator.py
[2025-01-10T00:51:54.874+0000] {logging_mixin.py:190} INFO - [2025-01-10T00:51:54.874+0000] {dag.py:3239} INFO - Sync 1 DAGs
[2025-01-10T00:51:54.888+0000] {logging_mixin.py:190} INFO - [2025-01-10T00:51:54.887+0000] {dag.py:4180} INFO - Setting next_dagrun for example_task_group_decorator to None, run_after=None
[2025-01-10T00:51:54.907+0000] {processor.py:208} INFO - Processing /home/airflow/.local/lib/python3.12/site-packages/airflow/example_dags/example_task_group_decorator.py took 0.078 seconds
[2025-01-10T00:52:25.212+0000] {processor.py:186} INFO - Started process (PID=1152) to work on /home/airflow/.local/lib/python3.12/site-packages/airflow/example_dags/example_task_group_decorator.py
[2025-01-10T00:52:25.213+0000] {processor.py:914} INFO - Processing file /home/airflow/.local/lib/python3.12/site-packages/airflow/example_dags/example_task_group_decorator.py for tasks to queue
[2025-01-10T00:52:25.215+0000] {logging_mixin.py:190} INFO - [2025-01-10T00:52:25.215+0000] {dagbag.py:588} INFO - Filling up the DagBag from /home/airflow/.local/lib/python3.12/site-packages/airflow/example_dags/example_task_group_decorator.py
[2025-01-10T00:52:25.230+0000] {processor.py:925} INFO - DAG(s) 'example_task_group_decorator' retrieved from /home/airflow/.local/lib/python3.12/site-packages/airflow/example_dags/example_task_group_decorator.py
[2025-01-10T00:52:25.254+0000] {logging_mixin.py:190} INFO - [2025-01-10T00:52:25.254+0000] {dag.py:3239} INFO - Sync 1 DAGs
[2025-01-10T00:52:25.270+0000] {logging_mixin.py:190} INFO - [2025-01-10T00:52:25.269+0000] {dag.py:4180} INFO - Setting next_dagrun for example_task_group_decorator to None, run_after=None
[2025-01-10T00:52:25.289+0000] {processor.py:208} INFO - Processing /home/airflow/.local/lib/python3.12/site-packages/airflow/example_dags/example_task_group_decorator.py took 0.083 seconds
[2025-01-10T00:52:55.519+0000] {processor.py:186} INFO - Started process (PID=1215) to work on /home/airflow/.local/lib/python3.12/site-packages/airflow/example_dags/example_task_group_decorator.py
[2025-01-10T00:52:55.519+0000] {processor.py:914} INFO - Processing file /home/airflow/.local/lib/python3.12/site-packages/airflow/example_dags/example_task_group_decorator.py for tasks to queue
[2025-01-10T00:52:55.522+0000] {logging_mixin.py:190} INFO - [2025-01-10T00:52:55.521+0000] {dagbag.py:588} INFO - Filling up the DagBag from /home/airflow/.local/lib/python3.12/site-packages/airflow/example_dags/example_task_group_decorator.py
[2025-01-10T00:52:55.535+0000] {processor.py:925} INFO - DAG(s) 'example_task_group_decorator' retrieved from /home/airflow/.local/lib/python3.12/site-packages/airflow/example_dags/example_task_group_decorator.py
[2025-01-10T00:52:55.558+0000] {logging_mixin.py:190} INFO - [2025-01-10T00:52:55.558+0000] {dag.py:3239} INFO - Sync 1 DAGs
[2025-01-10T00:52:55.572+0000] {logging_mixin.py:190} INFO - [2025-01-10T00:52:55.572+0000] {dag.py:4180} INFO - Setting next_dagrun for example_task_group_decorator to None, run_after=None
[2025-01-10T00:52:55.590+0000] {processor.py:208} INFO - Processing /home/airflow/.local/lib/python3.12/site-packages/airflow/example_dags/example_task_group_decorator.py took 0.077 seconds
[2025-01-10T00:53:26.300+0000] {processor.py:186} INFO - Started process (PID=1278) to work on /home/airflow/.local/lib/python3.12/site-packages/airflow/example_dags/example_task_group_decorator.py
[2025-01-10T00:53:26.301+0000] {processor.py:914} INFO - Processing file /home/airflow/.local/lib/python3.12/site-packages/airflow/example_dags/example_task_group_decorator.py for tasks to queue
[2025-01-10T00:53:26.304+0000] {logging_mixin.py:190} INFO - [2025-01-10T00:53:26.304+0000] {dagbag.py:588} INFO - Filling up the DagBag from /home/airflow/.local/lib/python3.12/site-packages/airflow/example_dags/example_task_group_decorator.py
[2025-01-10T00:53:26.326+0000] {processor.py:925} INFO - DAG(s) 'example_task_group_decorator' retrieved from /home/airflow/.local/lib/python3.12/site-packages/airflow/example_dags/example_task_group_decorator.py
[2025-01-10T00:53:26.361+0000] {logging_mixin.py:190} INFO - [2025-01-10T00:53:26.360+0000] {dag.py:3239} INFO - Sync 1 DAGs
[2025-01-10T00:53:26.381+0000] {logging_mixin.py:190} INFO - [2025-01-10T00:53:26.381+0000] {dag.py:4180} INFO - Setting next_dagrun for example_task_group_decorator to None, run_after=None
[2025-01-10T00:53:26.410+0000] {processor.py:208} INFO - Processing /home/airflow/.local/lib/python3.12/site-packages/airflow/example_dags/example_task_group_decorator.py took 0.120 seconds
[2025-01-10T00:53:56.613+0000] {processor.py:186} INFO - Started process (PID=1342) to work on /home/airflow/.local/lib/python3.12/site-packages/airflow/example_dags/example_task_group_decorator.py
[2025-01-10T00:53:56.614+0000] {processor.py:914} INFO - Processing file /home/airflow/.local/lib/python3.12/site-packages/airflow/example_dags/example_task_group_decorator.py for tasks to queue
[2025-01-10T00:53:56.617+0000] {logging_mixin.py:190} INFO - [2025-01-10T00:53:56.617+0000] {dagbag.py:588} INFO - Filling up the DagBag from /home/airflow/.local/lib/python3.12/site-packages/airflow/example_dags/example_task_group_decorator.py
[2025-01-10T00:53:56.643+0000] {processor.py:925} INFO - DAG(s) 'example_task_group_decorator' retrieved from /home/airflow/.local/lib/python3.12/site-packages/airflow/example_dags/example_task_group_decorator.py
[2025-01-10T00:53:56.680+0000] {logging_mixin.py:190} INFO - [2025-01-10T00:53:56.680+0000] {dag.py:3239} INFO - Sync 1 DAGs
[2025-01-10T00:53:56.705+0000] {logging_mixin.py:190} INFO - [2025-01-10T00:53:56.705+0000] {dag.py:4180} INFO - Setting next_dagrun for example_task_group_decorator to None, run_after=None
[2025-01-10T00:53:56.733+0000] {processor.py:208} INFO - Processing /home/airflow/.local/lib/python3.12/site-packages/airflow/example_dags/example_task_group_decorator.py took 0.128 seconds
[2025-01-10T00:54:27.083+0000] {processor.py:186} INFO - Started process (PID=1405) to work on /home/airflow/.local/lib/python3.12/site-packages/airflow/example_dags/example_task_group_decorator.py
[2025-01-10T00:54:27.084+0000] {processor.py:914} INFO - Processing file /home/airflow/.local/lib/python3.12/site-packages/airflow/example_dags/example_task_group_decorator.py for tasks to queue
[2025-01-10T00:54:27.086+0000] {logging_mixin.py:190} INFO - [2025-01-10T00:54:27.086+0000] {dagbag.py:588} INFO - Filling up the DagBag from /home/airflow/.local/lib/python3.12/site-packages/airflow/example_dags/example_task_group_decorator.py
[2025-01-10T00:54:27.105+0000] {processor.py:925} INFO - DAG(s) 'example_task_group_decorator' retrieved from /home/airflow/.local/lib/python3.12/site-packages/airflow/example_dags/example_task_group_decorator.py
[2025-01-10T00:54:27.128+0000] {logging_mixin.py:190} INFO - [2025-01-10T00:54:27.128+0000] {dag.py:3239} INFO - Sync 1 DAGs
[2025-01-10T00:54:27.142+0000] {logging_mixin.py:190} INFO - [2025-01-10T00:54:27.142+0000] {dag.py:4180} INFO - Setting next_dagrun for example_task_group_decorator to None, run_after=None
[2025-01-10T00:54:27.162+0000] {processor.py:208} INFO - Processing /home/airflow/.local/lib/python3.12/site-packages/airflow/example_dags/example_task_group_decorator.py took 0.084 seconds
[2025-01-10T00:54:57.260+0000] {processor.py:186} INFO - Started process (PID=1468) to work on /home/airflow/.local/lib/python3.12/site-packages/airflow/example_dags/example_task_group_decorator.py
[2025-01-10T00:54:57.261+0000] {processor.py:914} INFO - Processing file /home/airflow/.local/lib/python3.12/site-packages/airflow/example_dags/example_task_group_decorator.py for tasks to queue
[2025-01-10T00:54:57.263+0000] {logging_mixin.py:190} INFO - [2025-01-10T00:54:57.263+0000] {dagbag.py:588} INFO - Filling up the DagBag from /home/airflow/.local/lib/python3.12/site-packages/airflow/example_dags/example_task_group_decorator.py
[2025-01-10T00:54:57.279+0000] {processor.py:925} INFO - DAG(s) 'example_task_group_decorator' retrieved from /home/airflow/.local/lib/python3.12/site-packages/airflow/example_dags/example_task_group_decorator.py
[2025-01-10T00:54:57.303+0000] {logging_mixin.py:190} INFO - [2025-01-10T00:54:57.303+0000] {dag.py:3239} INFO - Sync 1 DAGs
[2025-01-10T00:54:57.317+0000] {logging_mixin.py:190} INFO - [2025-01-10T00:54:57.317+0000] {dag.py:4180} INFO - Setting next_dagrun for example_task_group_decorator to None, run_after=None
[2025-01-10T00:54:57.336+0000] {processor.py:208} INFO - Processing /home/airflow/.local/lib/python3.12/site-packages/airflow/example_dags/example_task_group_decorator.py took 0.082 seconds
[2025-01-10T00:55:27.521+0000] {processor.py:186} INFO - Started process (PID=1531) to work on /home/airflow/.local/lib/python3.12/site-packages/airflow/example_dags/example_task_group_decorator.py
[2025-01-10T00:55:27.522+0000] {processor.py:914} INFO - Processing file /home/airflow/.local/lib/python3.12/site-packages/airflow/example_dags/example_task_group_decorator.py for tasks to queue
[2025-01-10T00:55:27.524+0000] {logging_mixin.py:190} INFO - [2025-01-10T00:55:27.524+0000] {dagbag.py:588} INFO - Filling up the DagBag from /home/airflow/.local/lib/python3.12/site-packages/airflow/example_dags/example_task_group_decorator.py
[2025-01-10T00:55:27.539+0000] {processor.py:925} INFO - DAG(s) 'example_task_group_decorator' retrieved from /home/airflow/.local/lib/python3.12/site-packages/airflow/example_dags/example_task_group_decorator.py
[2025-01-10T00:55:27.564+0000] {logging_mixin.py:190} INFO - [2025-01-10T00:55:27.564+0000] {dag.py:3239} INFO - Sync 1 DAGs
[2025-01-10T00:55:27.579+0000] {logging_mixin.py:190} INFO - [2025-01-10T00:55:27.578+0000] {dag.py:4180} INFO - Setting next_dagrun for example_task_group_decorator to None, run_after=None
[2025-01-10T00:55:27.598+0000] {processor.py:208} INFO - Processing /home/airflow/.local/lib/python3.12/site-packages/airflow/example_dags/example_task_group_decorator.py took 0.082 seconds
[2025-01-10T00:55:58.231+0000] {processor.py:186} INFO - Started process (PID=1594) to work on /home/airflow/.local/lib/python3.12/site-packages/airflow/example_dags/example_task_group_decorator.py
[2025-01-10T00:55:58.232+0000] {processor.py:914} INFO - Processing file /home/airflow/.local/lib/python3.12/site-packages/airflow/example_dags/example_task_group_decorator.py for tasks to queue
[2025-01-10T00:55:58.234+0000] {logging_mixin.py:190} INFO - [2025-01-10T00:55:58.234+0000] {dagbag.py:588} INFO - Filling up the DagBag from /home/airflow/.local/lib/python3.12/site-packages/airflow/example_dags/example_task_group_decorator.py
[2025-01-10T00:55:58.249+0000] {processor.py:925} INFO - DAG(s) 'example_task_group_decorator' retrieved from /home/airflow/.local/lib/python3.12/site-packages/airflow/example_dags/example_task_group_decorator.py
[2025-01-10T00:55:58.273+0000] {logging_mixin.py:190} INFO - [2025-01-10T00:55:58.273+0000] {dag.py:3239} INFO - Sync 1 DAGs
[2025-01-10T00:55:58.287+0000] {logging_mixin.py:190} INFO - [2025-01-10T00:55:58.287+0000] {dag.py:4180} INFO - Setting next_dagrun for example_task_group_decorator to None, run_after=None
[2025-01-10T00:55:58.306+0000] {processor.py:208} INFO - Processing /home/airflow/.local/lib/python3.12/site-packages/airflow/example_dags/example_task_group_decorator.py took 0.080 seconds
[2025-01-10T00:56:28.727+0000] {processor.py:186} INFO - Started process (PID=1657) to work on /home/airflow/.local/lib/python3.12/site-packages/airflow/example_dags/example_task_group_decorator.py
[2025-01-10T00:56:28.727+0000] {processor.py:914} INFO - Processing file /home/airflow/.local/lib/python3.12/site-packages/airflow/example_dags/example_task_group_decorator.py for tasks to queue
[2025-01-10T00:56:28.730+0000] {logging_mixin.py:190} INFO - [2025-01-10T00:56:28.729+0000] {dagbag.py:588} INFO - Filling up the DagBag from /home/airflow/.local/lib/python3.12/site-packages/airflow/example_dags/example_task_group_decorator.py
[2025-01-10T00:56:28.744+0000] {processor.py:925} INFO - DAG(s) 'example_task_group_decorator' retrieved from /home/airflow/.local/lib/python3.12/site-packages/airflow/example_dags/example_task_group_decorator.py
[2025-01-10T00:56:28.767+0000] {logging_mixin.py:190} INFO - [2025-01-10T00:56:28.767+0000] {dag.py:3239} INFO - Sync 1 DAGs
[2025-01-10T00:56:28.781+0000] {logging_mixin.py:190} INFO - [2025-01-10T00:56:28.781+0000] {dag.py:4180} INFO - Setting next_dagrun for example_task_group_decorator to None, run_after=None
[2025-01-10T00:56:28.802+0000] {processor.py:208} INFO - Processing /home/airflow/.local/lib/python3.12/site-packages/airflow/example_dags/example_task_group_decorator.py took 0.080 seconds
[2025-01-10T00:56:58.858+0000] {processor.py:186} INFO - Started process (PID=1721) to work on /home/airflow/.local/lib/python3.12/site-packages/airflow/example_dags/example_task_group_decorator.py
[2025-01-10T00:56:58.858+0000] {processor.py:914} INFO - Processing file /home/airflow/.local/lib/python3.12/site-packages/airflow/example_dags/example_task_group_decorator.py for tasks to queue
[2025-01-10T00:56:58.861+0000] {logging_mixin.py:190} INFO - [2025-01-10T00:56:58.861+0000] {dagbag.py:588} INFO - Filling up the DagBag from /home/airflow/.local/lib/python3.12/site-packages/airflow/example_dags/example_task_group_decorator.py
[2025-01-10T00:56:58.875+0000] {processor.py:925} INFO - DAG(s) 'example_task_group_decorator' retrieved from /home/airflow/.local/lib/python3.12/site-packages/airflow/example_dags/example_task_group_decorator.py
[2025-01-10T00:56:58.898+0000] {logging_mixin.py:190} INFO - [2025-01-10T00:56:58.897+0000] {dag.py:3239} INFO - Sync 1 DAGs
[2025-01-10T00:56:58.912+0000] {logging_mixin.py:190} INFO - [2025-01-10T00:56:58.912+0000] {dag.py:4180} INFO - Setting next_dagrun for example_task_group_decorator to None, run_after=None
[2025-01-10T00:56:58.931+0000] {processor.py:208} INFO - Processing /home/airflow/.local/lib/python3.12/site-packages/airflow/example_dags/example_task_group_decorator.py took 0.079 seconds
[2025-01-10T00:57:29.117+0000] {processor.py:186} INFO - Started process (PID=1784) to work on /home/airflow/.local/lib/python3.12/site-packages/airflow/example_dags/example_task_group_decorator.py
[2025-01-10T00:57:29.118+0000] {processor.py:914} INFO - Processing file /home/airflow/.local/lib/python3.12/site-packages/airflow/example_dags/example_task_group_decorator.py for tasks to queue
[2025-01-10T00:57:29.120+0000] {logging_mixin.py:190} INFO - [2025-01-10T00:57:29.120+0000] {dagbag.py:588} INFO - Filling up the DagBag from /home/airflow/.local/lib/python3.12/site-packages/airflow/example_dags/example_task_group_decorator.py
[2025-01-10T00:57:29.135+0000] {processor.py:925} INFO - DAG(s) 'example_task_group_decorator' retrieved from /home/airflow/.local/lib/python3.12/site-packages/airflow/example_dags/example_task_group_decorator.py
[2025-01-10T00:57:29.163+0000] {logging_mixin.py:190} INFO - [2025-01-10T00:57:29.163+0000] {dag.py:3239} INFO - Sync 1 DAGs
[2025-01-10T00:57:29.176+0000] {logging_mixin.py:190} INFO - [2025-01-10T00:57:29.176+0000] {dag.py:4180} INFO - Setting next_dagrun for example_task_group_decorator to None, run_after=None
[2025-01-10T00:57:29.195+0000] {processor.py:208} INFO - Processing /home/airflow/.local/lib/python3.12/site-packages/airflow/example_dags/example_task_group_decorator.py took 0.084 seconds
[2025-01-10T00:57:59.846+0000] {processor.py:186} INFO - Started process (PID=1847) to work on /home/airflow/.local/lib/python3.12/site-packages/airflow/example_dags/example_task_group_decorator.py
[2025-01-10T00:57:59.847+0000] {processor.py:914} INFO - Processing file /home/airflow/.local/lib/python3.12/site-packages/airflow/example_dags/example_task_group_decorator.py for tasks to queue
[2025-01-10T00:57:59.850+0000] {logging_mixin.py:190} INFO - [2025-01-10T00:57:59.850+0000] {dagbag.py:588} INFO - Filling up the DagBag from /home/airflow/.local/lib/python3.12/site-packages/airflow/example_dags/example_task_group_decorator.py
[2025-01-10T00:57:59.870+0000] {processor.py:925} INFO - DAG(s) 'example_task_group_decorator' retrieved from /home/airflow/.local/lib/python3.12/site-packages/airflow/example_dags/example_task_group_decorator.py
[2025-01-10T00:57:59.911+0000] {logging_mixin.py:190} INFO - [2025-01-10T00:57:59.911+0000] {dag.py:3239} INFO - Sync 1 DAGs
[2025-01-10T00:57:59.939+0000] {logging_mixin.py:190} INFO - [2025-01-10T00:57:59.938+0000] {dag.py:4180} INFO - Setting next_dagrun for example_task_group_decorator to None, run_after=None
[2025-01-10T00:57:59.975+0000] {processor.py:208} INFO - Processing /home/airflow/.local/lib/python3.12/site-packages/airflow/example_dags/example_task_group_decorator.py took 0.137 seconds
[2025-01-10T00:58:30.165+0000] {processor.py:186} INFO - Started process (PID=1909) to work on /home/airflow/.local/lib/python3.12/site-packages/airflow/example_dags/example_task_group_decorator.py
[2025-01-10T00:58:30.166+0000] {processor.py:914} INFO - Processing file /home/airflow/.local/lib/python3.12/site-packages/airflow/example_dags/example_task_group_decorator.py for tasks to queue
[2025-01-10T00:58:30.168+0000] {logging_mixin.py:190} INFO - [2025-01-10T00:58:30.168+0000] {dagbag.py:588} INFO - Filling up the DagBag from /home/airflow/.local/lib/python3.12/site-packages/airflow/example_dags/example_task_group_decorator.py
[2025-01-10T00:58:30.198+0000] {processor.py:925} INFO - DAG(s) 'example_task_group_decorator' retrieved from /home/airflow/.local/lib/python3.12/site-packages/airflow/example_dags/example_task_group_decorator.py
[2025-01-10T00:58:30.227+0000] {logging_mixin.py:190} INFO - [2025-01-10T00:58:30.226+0000] {dag.py:3239} INFO - Sync 1 DAGs
[2025-01-10T00:58:30.248+0000] {logging_mixin.py:190} INFO - [2025-01-10T00:58:30.248+0000] {dag.py:4180} INFO - Setting next_dagrun for example_task_group_decorator to None, run_after=None
[2025-01-10T00:58:30.267+0000] {processor.py:208} INFO - Processing /home/airflow/.local/lib/python3.12/site-packages/airflow/example_dags/example_task_group_decorator.py took 0.109 seconds
[2025-01-10T01:01:57.866+0000] {processor.py:186} INFO - Started process (PID=70) to work on /home/airflow/.local/lib/python3.12/site-packages/airflow/example_dags/example_task_group_decorator.py
[2025-01-10T01:01:57.867+0000] {processor.py:914} INFO - Processing file /home/airflow/.local/lib/python3.12/site-packages/airflow/example_dags/example_task_group_decorator.py for tasks to queue
[2025-01-10T01:01:57.872+0000] {logging_mixin.py:190} INFO - [2025-01-10T01:01:57.871+0000] {dagbag.py:588} INFO - Filling up the DagBag from /home/airflow/.local/lib/python3.12/site-packages/airflow/example_dags/example_task_group_decorator.py
[2025-01-10T01:01:57.899+0000] {processor.py:925} INFO - DAG(s) 'example_task_group_decorator' retrieved from /home/airflow/.local/lib/python3.12/site-packages/airflow/example_dags/example_task_group_decorator.py
[2025-01-10T01:01:57.964+0000] {logging_mixin.py:190} INFO - [2025-01-10T01:01:57.964+0000] {dag.py:3239} INFO - Sync 1 DAGs
[2025-01-10T01:01:57.991+0000] {logging_mixin.py:190} INFO - [2025-01-10T01:01:57.991+0000] {dag.py:4180} INFO - Setting next_dagrun for example_task_group_decorator to None, run_after=None
[2025-01-10T01:01:58.025+0000] {processor.py:208} INFO - Processing /home/airflow/.local/lib/python3.12/site-packages/airflow/example_dags/example_task_group_decorator.py took 0.166 seconds
[2025-01-10T01:02:29.374+0000] {processor.py:186} INFO - Started process (PID=133) to work on /home/airflow/.local/lib/python3.12/site-packages/airflow/example_dags/example_task_group_decorator.py
[2025-01-10T01:02:29.375+0000] {processor.py:914} INFO - Processing file /home/airflow/.local/lib/python3.12/site-packages/airflow/example_dags/example_task_group_decorator.py for tasks to queue
[2025-01-10T01:02:29.379+0000] {logging_mixin.py:190} INFO - [2025-01-10T01:02:29.378+0000] {dagbag.py:588} INFO - Filling up the DagBag from /home/airflow/.local/lib/python3.12/site-packages/airflow/example_dags/example_task_group_decorator.py
[2025-01-10T01:02:29.401+0000] {processor.py:925} INFO - DAG(s) 'example_task_group_decorator' retrieved from /home/airflow/.local/lib/python3.12/site-packages/airflow/example_dags/example_task_group_decorator.py
[2025-01-10T01:02:29.434+0000] {logging_mixin.py:190} INFO - [2025-01-10T01:02:29.433+0000] {dag.py:3239} INFO - Sync 1 DAGs
[2025-01-10T01:02:29.451+0000] {logging_mixin.py:190} INFO - [2025-01-10T01:02:29.451+0000] {dag.py:4180} INFO - Setting next_dagrun for example_task_group_decorator to None, run_after=None
[2025-01-10T01:02:29.478+0000] {processor.py:208} INFO - Processing /home/airflow/.local/lib/python3.12/site-packages/airflow/example_dags/example_task_group_decorator.py took 0.112 seconds
[2025-01-10T01:03:00.495+0000] {processor.py:186} INFO - Started process (PID=202) to work on /home/airflow/.local/lib/python3.12/site-packages/airflow/example_dags/example_task_group_decorator.py
[2025-01-10T01:03:00.496+0000] {processor.py:914} INFO - Processing file /home/airflow/.local/lib/python3.12/site-packages/airflow/example_dags/example_task_group_decorator.py for tasks to queue
[2025-01-10T01:03:00.498+0000] {logging_mixin.py:190} INFO - [2025-01-10T01:03:00.498+0000] {dagbag.py:588} INFO - Filling up the DagBag from /home/airflow/.local/lib/python3.12/site-packages/airflow/example_dags/example_task_group_decorator.py
[2025-01-10T01:03:00.511+0000] {processor.py:925} INFO - DAG(s) 'example_task_group_decorator' retrieved from /home/airflow/.local/lib/python3.12/site-packages/airflow/example_dags/example_task_group_decorator.py
[2025-01-10T01:03:00.534+0000] {logging_mixin.py:190} INFO - [2025-01-10T01:03:00.534+0000] {dag.py:3239} INFO - Sync 1 DAGs
[2025-01-10T01:03:00.547+0000] {logging_mixin.py:190} INFO - [2025-01-10T01:03:00.547+0000] {dag.py:4180} INFO - Setting next_dagrun for example_task_group_decorator to None, run_after=None
[2025-01-10T01:03:00.568+0000] {processor.py:208} INFO - Processing /home/airflow/.local/lib/python3.12/site-packages/airflow/example_dags/example_task_group_decorator.py took 0.078 seconds
[2025-01-10T01:03:31.848+0000] {processor.py:186} INFO - Started process (PID=265) to work on /home/airflow/.local/lib/python3.12/site-packages/airflow/example_dags/example_task_group_decorator.py
[2025-01-10T01:03:31.850+0000] {processor.py:914} INFO - Processing file /home/airflow/.local/lib/python3.12/site-packages/airflow/example_dags/example_task_group_decorator.py for tasks to queue
[2025-01-10T01:03:31.854+0000] {logging_mixin.py:190} INFO - [2025-01-10T01:03:31.854+0000] {dagbag.py:588} INFO - Filling up the DagBag from /home/airflow/.local/lib/python3.12/site-packages/airflow/example_dags/example_task_group_decorator.py
[2025-01-10T01:03:31.881+0000] {processor.py:925} INFO - DAG(s) 'example_task_group_decorator' retrieved from /home/airflow/.local/lib/python3.12/site-packages/airflow/example_dags/example_task_group_decorator.py
[2025-01-10T01:03:31.913+0000] {logging_mixin.py:190} INFO - [2025-01-10T01:03:31.913+0000] {dag.py:3239} INFO - Sync 1 DAGs
[2025-01-10T01:03:31.934+0000] {logging_mixin.py:190} INFO - [2025-01-10T01:03:31.934+0000] {dag.py:4180} INFO - Setting next_dagrun for example_task_group_decorator to None, run_after=None
[2025-01-10T01:03:31.966+0000] {processor.py:208} INFO - Processing /home/airflow/.local/lib/python3.12/site-packages/airflow/example_dags/example_task_group_decorator.py took 0.125 seconds
[2025-01-10T01:04:02.133+0000] {processor.py:186} INFO - Started process (PID=328) to work on /home/airflow/.local/lib/python3.12/site-packages/airflow/example_dags/example_task_group_decorator.py
[2025-01-10T01:04:02.134+0000] {processor.py:914} INFO - Processing file /home/airflow/.local/lib/python3.12/site-packages/airflow/example_dags/example_task_group_decorator.py for tasks to queue
[2025-01-10T01:04:02.137+0000] {logging_mixin.py:190} INFO - [2025-01-10T01:04:02.136+0000] {dagbag.py:588} INFO - Filling up the DagBag from /home/airflow/.local/lib/python3.12/site-packages/airflow/example_dags/example_task_group_decorator.py
[2025-01-10T01:04:02.154+0000] {processor.py:925} INFO - DAG(s) 'example_task_group_decorator' retrieved from /home/airflow/.local/lib/python3.12/site-packages/airflow/example_dags/example_task_group_decorator.py
[2025-01-10T01:04:02.184+0000] {logging_mixin.py:190} INFO - [2025-01-10T01:04:02.183+0000] {dag.py:3239} INFO - Sync 1 DAGs
[2025-01-10T01:04:02.206+0000] {logging_mixin.py:190} INFO - [2025-01-10T01:04:02.205+0000] {dag.py:4180} INFO - Setting next_dagrun for example_task_group_decorator to None, run_after=None
[2025-01-10T01:04:02.233+0000] {processor.py:208} INFO - Processing /home/airflow/.local/lib/python3.12/site-packages/airflow/example_dags/example_task_group_decorator.py took 0.108 seconds
[2025-01-10T01:04:32.706+0000] {processor.py:186} INFO - Started process (PID=390) to work on /home/airflow/.local/lib/python3.12/site-packages/airflow/example_dags/example_task_group_decorator.py
[2025-01-10T01:04:32.707+0000] {processor.py:914} INFO - Processing file /home/airflow/.local/lib/python3.12/site-packages/airflow/example_dags/example_task_group_decorator.py for tasks to queue
[2025-01-10T01:04:32.710+0000] {logging_mixin.py:190} INFO - [2025-01-10T01:04:32.710+0000] {dagbag.py:588} INFO - Filling up the DagBag from /home/airflow/.local/lib/python3.12/site-packages/airflow/example_dags/example_task_group_decorator.py
[2025-01-10T01:04:32.727+0000] {processor.py:925} INFO - DAG(s) 'example_task_group_decorator' retrieved from /home/airflow/.local/lib/python3.12/site-packages/airflow/example_dags/example_task_group_decorator.py
[2025-01-10T01:04:32.754+0000] {logging_mixin.py:190} INFO - [2025-01-10T01:04:32.754+0000] {dag.py:3239} INFO - Sync 1 DAGs
[2025-01-10T01:04:32.780+0000] {logging_mixin.py:190} INFO - [2025-01-10T01:04:32.780+0000] {dag.py:4180} INFO - Setting next_dagrun for example_task_group_decorator to None, run_after=None
[2025-01-10T01:04:32.805+0000] {processor.py:208} INFO - Processing /home/airflow/.local/lib/python3.12/site-packages/airflow/example_dags/example_task_group_decorator.py took 0.106 seconds
[2025-01-10T01:05:03.512+0000] {processor.py:186} INFO - Started process (PID=453) to work on /home/airflow/.local/lib/python3.12/site-packages/airflow/example_dags/example_task_group_decorator.py
[2025-01-10T01:05:03.513+0000] {processor.py:914} INFO - Processing file /home/airflow/.local/lib/python3.12/site-packages/airflow/example_dags/example_task_group_decorator.py for tasks to queue
[2025-01-10T01:05:03.515+0000] {logging_mixin.py:190} INFO - [2025-01-10T01:05:03.515+0000] {dagbag.py:588} INFO - Filling up the DagBag from /home/airflow/.local/lib/python3.12/site-packages/airflow/example_dags/example_task_group_decorator.py
[2025-01-10T01:05:03.529+0000] {processor.py:925} INFO - DAG(s) 'example_task_group_decorator' retrieved from /home/airflow/.local/lib/python3.12/site-packages/airflow/example_dags/example_task_group_decorator.py
[2025-01-10T01:05:03.551+0000] {logging_mixin.py:190} INFO - [2025-01-10T01:05:03.551+0000] {dag.py:3239} INFO - Sync 1 DAGs
[2025-01-10T01:05:03.564+0000] {logging_mixin.py:190} INFO - [2025-01-10T01:05:03.564+0000] {dag.py:4180} INFO - Setting next_dagrun for example_task_group_decorator to None, run_after=None
[2025-01-10T01:05:03.584+0000] {processor.py:208} INFO - Processing /home/airflow/.local/lib/python3.12/site-packages/airflow/example_dags/example_task_group_decorator.py took 0.077 seconds
[2025-01-10T01:05:33.909+0000] {processor.py:186} INFO - Started process (PID=516) to work on /home/airflow/.local/lib/python3.12/site-packages/airflow/example_dags/example_task_group_decorator.py
[2025-01-10T01:05:33.910+0000] {processor.py:914} INFO - Processing file /home/airflow/.local/lib/python3.12/site-packages/airflow/example_dags/example_task_group_decorator.py for tasks to queue
[2025-01-10T01:05:33.912+0000] {logging_mixin.py:190} INFO - [2025-01-10T01:05:33.912+0000] {dagbag.py:588} INFO - Filling up the DagBag from /home/airflow/.local/lib/python3.12/site-packages/airflow/example_dags/example_task_group_decorator.py
[2025-01-10T01:05:33.927+0000] {processor.py:925} INFO - DAG(s) 'example_task_group_decorator' retrieved from /home/airflow/.local/lib/python3.12/site-packages/airflow/example_dags/example_task_group_decorator.py
[2025-01-10T01:05:33.957+0000] {logging_mixin.py:190} INFO - [2025-01-10T01:05:33.957+0000] {dag.py:3239} INFO - Sync 1 DAGs
[2025-01-10T01:05:33.976+0000] {logging_mixin.py:190} INFO - [2025-01-10T01:05:33.975+0000] {dag.py:4180} INFO - Setting next_dagrun for example_task_group_decorator to None, run_after=None
[2025-01-10T01:05:34.000+0000] {processor.py:208} INFO - Processing /home/airflow/.local/lib/python3.12/site-packages/airflow/example_dags/example_task_group_decorator.py took 0.097 seconds
[2025-01-10T01:06:04.718+0000] {processor.py:186} INFO - Started process (PID=578) to work on /home/airflow/.local/lib/python3.12/site-packages/airflow/example_dags/example_task_group_decorator.py
[2025-01-10T01:06:04.718+0000] {processor.py:914} INFO - Processing file /home/airflow/.local/lib/python3.12/site-packages/airflow/example_dags/example_task_group_decorator.py for tasks to queue
[2025-01-10T01:06:04.721+0000] {logging_mixin.py:190} INFO - [2025-01-10T01:06:04.720+0000] {dagbag.py:588} INFO - Filling up the DagBag from /home/airflow/.local/lib/python3.12/site-packages/airflow/example_dags/example_task_group_decorator.py
[2025-01-10T01:06:04.735+0000] {processor.py:925} INFO - DAG(s) 'example_task_group_decorator' retrieved from /home/airflow/.local/lib/python3.12/site-packages/airflow/example_dags/example_task_group_decorator.py
[2025-01-10T01:06:04.757+0000] {logging_mixin.py:190} INFO - [2025-01-10T01:06:04.757+0000] {dag.py:3239} INFO - Sync 1 DAGs
[2025-01-10T01:06:04.770+0000] {logging_mixin.py:190} INFO - [2025-01-10T01:06:04.770+0000] {dag.py:4180} INFO - Setting next_dagrun for example_task_group_decorator to None, run_after=None
[2025-01-10T01:06:04.789+0000] {processor.py:208} INFO - Processing /home/airflow/.local/lib/python3.12/site-packages/airflow/example_dags/example_task_group_decorator.py took 0.076 seconds
[2025-01-10T01:06:34.920+0000] {processor.py:186} INFO - Started process (PID=641) to work on /home/airflow/.local/lib/python3.12/site-packages/airflow/example_dags/example_task_group_decorator.py
[2025-01-10T01:06:34.921+0000] {processor.py:914} INFO - Processing file /home/airflow/.local/lib/python3.12/site-packages/airflow/example_dags/example_task_group_decorator.py for tasks to queue
[2025-01-10T01:06:34.923+0000] {logging_mixin.py:190} INFO - [2025-01-10T01:06:34.923+0000] {dagbag.py:588} INFO - Filling up the DagBag from /home/airflow/.local/lib/python3.12/site-packages/airflow/example_dags/example_task_group_decorator.py
[2025-01-10T01:06:34.940+0000] {processor.py:925} INFO - DAG(s) 'example_task_group_decorator' retrieved from /home/airflow/.local/lib/python3.12/site-packages/airflow/example_dags/example_task_group_decorator.py
[2025-01-10T01:06:34.966+0000] {logging_mixin.py:190} INFO - [2025-01-10T01:06:34.965+0000] {dag.py:3239} INFO - Sync 1 DAGs
[2025-01-10T01:06:34.982+0000] {logging_mixin.py:190} INFO - [2025-01-10T01:06:34.982+0000] {dag.py:4180} INFO - Setting next_dagrun for example_task_group_decorator to None, run_after=None
[2025-01-10T01:06:35.004+0000] {processor.py:208} INFO - Processing /home/airflow/.local/lib/python3.12/site-packages/airflow/example_dags/example_task_group_decorator.py took 0.091 seconds
[2025-01-10T01:07:05.040+0000] {processor.py:186} INFO - Started process (PID=704) to work on /home/airflow/.local/lib/python3.12/site-packages/airflow/example_dags/example_task_group_decorator.py
[2025-01-10T01:07:05.041+0000] {processor.py:914} INFO - Processing file /home/airflow/.local/lib/python3.12/site-packages/airflow/example_dags/example_task_group_decorator.py for tasks to queue
[2025-01-10T01:07:05.043+0000] {logging_mixin.py:190} INFO - [2025-01-10T01:07:05.043+0000] {dagbag.py:588} INFO - Filling up the DagBag from /home/airflow/.local/lib/python3.12/site-packages/airflow/example_dags/example_task_group_decorator.py
[2025-01-10T01:07:05.057+0000] {processor.py:925} INFO - DAG(s) 'example_task_group_decorator' retrieved from /home/airflow/.local/lib/python3.12/site-packages/airflow/example_dags/example_task_group_decorator.py
[2025-01-10T01:07:05.079+0000] {logging_mixin.py:190} INFO - [2025-01-10T01:07:05.079+0000] {dag.py:3239} INFO - Sync 1 DAGs
[2025-01-10T01:07:05.092+0000] {logging_mixin.py:190} INFO - [2025-01-10T01:07:05.092+0000] {dag.py:4180} INFO - Setting next_dagrun for example_task_group_decorator to None, run_after=None
[2025-01-10T01:07:05.115+0000] {processor.py:208} INFO - Processing /home/airflow/.local/lib/python3.12/site-packages/airflow/example_dags/example_task_group_decorator.py took 0.080 seconds
[2025-01-10T01:07:35.203+0000] {processor.py:186} INFO - Started process (PID=767) to work on /home/airflow/.local/lib/python3.12/site-packages/airflow/example_dags/example_task_group_decorator.py
[2025-01-10T01:07:35.204+0000] {processor.py:914} INFO - Processing file /home/airflow/.local/lib/python3.12/site-packages/airflow/example_dags/example_task_group_decorator.py for tasks to queue
[2025-01-10T01:07:35.206+0000] {logging_mixin.py:190} INFO - [2025-01-10T01:07:35.206+0000] {dagbag.py:588} INFO - Filling up the DagBag from /home/airflow/.local/lib/python3.12/site-packages/airflow/example_dags/example_task_group_decorator.py
[2025-01-10T01:07:35.220+0000] {processor.py:925} INFO - DAG(s) 'example_task_group_decorator' retrieved from /home/airflow/.local/lib/python3.12/site-packages/airflow/example_dags/example_task_group_decorator.py
[2025-01-10T01:07:35.242+0000] {logging_mixin.py:190} INFO - [2025-01-10T01:07:35.241+0000] {dag.py:3239} INFO - Sync 1 DAGs
[2025-01-10T01:07:35.256+0000] {logging_mixin.py:190} INFO - [2025-01-10T01:07:35.256+0000] {dag.py:4180} INFO - Setting next_dagrun for example_task_group_decorator to None, run_after=None
[2025-01-10T01:07:35.276+0000] {processor.py:208} INFO - Processing /home/airflow/.local/lib/python3.12/site-packages/airflow/example_dags/example_task_group_decorator.py took 0.078 seconds
[2025-01-10T01:08:05.409+0000] {processor.py:186} INFO - Started process (PID=830) to work on /home/airflow/.local/lib/python3.12/site-packages/airflow/example_dags/example_task_group_decorator.py
[2025-01-10T01:08:05.410+0000] {processor.py:914} INFO - Processing file /home/airflow/.local/lib/python3.12/site-packages/airflow/example_dags/example_task_group_decorator.py for tasks to queue
[2025-01-10T01:08:05.412+0000] {logging_mixin.py:190} INFO - [2025-01-10T01:08:05.412+0000] {dagbag.py:588} INFO - Filling up the DagBag from /home/airflow/.local/lib/python3.12/site-packages/airflow/example_dags/example_task_group_decorator.py
[2025-01-10T01:08:05.426+0000] {processor.py:925} INFO - DAG(s) 'example_task_group_decorator' retrieved from /home/airflow/.local/lib/python3.12/site-packages/airflow/example_dags/example_task_group_decorator.py
[2025-01-10T01:08:05.449+0000] {logging_mixin.py:190} INFO - [2025-01-10T01:08:05.449+0000] {dag.py:3239} INFO - Sync 1 DAGs
[2025-01-10T01:08:05.462+0000] {logging_mixin.py:190} INFO - [2025-01-10T01:08:05.462+0000] {dag.py:4180} INFO - Setting next_dagrun for example_task_group_decorator to None, run_after=None
[2025-01-10T01:08:05.482+0000] {processor.py:208} INFO - Processing /home/airflow/.local/lib/python3.12/site-packages/airflow/example_dags/example_task_group_decorator.py took 0.078 seconds
[2025-01-10T01:08:36.037+0000] {processor.py:186} INFO - Started process (PID=893) to work on /home/airflow/.local/lib/python3.12/site-packages/airflow/example_dags/example_task_group_decorator.py
[2025-01-10T01:08:36.040+0000] {processor.py:914} INFO - Processing file /home/airflow/.local/lib/python3.12/site-packages/airflow/example_dags/example_task_group_decorator.py for tasks to queue
[2025-01-10T01:08:36.052+0000] {logging_mixin.py:190} INFO - [2025-01-10T01:08:36.047+0000] {dagbag.py:588} INFO - Filling up the DagBag from /home/airflow/.local/lib/python3.12/site-packages/airflow/example_dags/example_task_group_decorator.py
[2025-01-10T01:08:36.091+0000] {processor.py:925} INFO - DAG(s) 'example_task_group_decorator' retrieved from /home/airflow/.local/lib/python3.12/site-packages/airflow/example_dags/example_task_group_decorator.py
[2025-01-10T01:08:36.131+0000] {logging_mixin.py:190} INFO - [2025-01-10T01:08:36.131+0000] {dag.py:3239} INFO - Sync 1 DAGs
[2025-01-10T01:08:36.152+0000] {logging_mixin.py:190} INFO - [2025-01-10T01:08:36.151+0000] {dag.py:4180} INFO - Setting next_dagrun for example_task_group_decorator to None, run_after=None
[2025-01-10T01:08:36.182+0000] {processor.py:208} INFO - Processing /home/airflow/.local/lib/python3.12/site-packages/airflow/example_dags/example_task_group_decorator.py took 0.158 seconds
[2025-01-10T01:09:06.247+0000] {processor.py:186} INFO - Started process (PID=957) to work on /home/airflow/.local/lib/python3.12/site-packages/airflow/example_dags/example_task_group_decorator.py
[2025-01-10T01:09:06.248+0000] {processor.py:914} INFO - Processing file /home/airflow/.local/lib/python3.12/site-packages/airflow/example_dags/example_task_group_decorator.py for tasks to queue
[2025-01-10T01:09:06.250+0000] {logging_mixin.py:190} INFO - [2025-01-10T01:09:06.250+0000] {dagbag.py:588} INFO - Filling up the DagBag from /home/airflow/.local/lib/python3.12/site-packages/airflow/example_dags/example_task_group_decorator.py
[2025-01-10T01:09:06.265+0000] {processor.py:925} INFO - DAG(s) 'example_task_group_decorator' retrieved from /home/airflow/.local/lib/python3.12/site-packages/airflow/example_dags/example_task_group_decorator.py
[2025-01-10T01:09:06.288+0000] {logging_mixin.py:190} INFO - [2025-01-10T01:09:06.288+0000] {dag.py:3239} INFO - Sync 1 DAGs
[2025-01-10T01:09:06.302+0000] {logging_mixin.py:190} INFO - [2025-01-10T01:09:06.302+0000] {dag.py:4180} INFO - Setting next_dagrun for example_task_group_decorator to None, run_after=None
[2025-01-10T01:09:06.324+0000] {processor.py:208} INFO - Processing /home/airflow/.local/lib/python3.12/site-packages/airflow/example_dags/example_task_group_decorator.py took 0.082 seconds
[2025-01-10T01:09:36.942+0000] {processor.py:186} INFO - Started process (PID=1020) to work on /home/airflow/.local/lib/python3.12/site-packages/airflow/example_dags/example_task_group_decorator.py
[2025-01-10T01:09:36.943+0000] {processor.py:914} INFO - Processing file /home/airflow/.local/lib/python3.12/site-packages/airflow/example_dags/example_task_group_decorator.py for tasks to queue
[2025-01-10T01:09:36.947+0000] {logging_mixin.py:190} INFO - [2025-01-10T01:09:36.946+0000] {dagbag.py:588} INFO - Filling up the DagBag from /home/airflow/.local/lib/python3.12/site-packages/airflow/example_dags/example_task_group_decorator.py
[2025-01-10T01:09:36.965+0000] {processor.py:925} INFO - DAG(s) 'example_task_group_decorator' retrieved from /home/airflow/.local/lib/python3.12/site-packages/airflow/example_dags/example_task_group_decorator.py
[2025-01-10T01:09:36.993+0000] {logging_mixin.py:190} INFO - [2025-01-10T01:09:36.993+0000] {dag.py:3239} INFO - Sync 1 DAGs
[2025-01-10T01:09:37.012+0000] {logging_mixin.py:190} INFO - [2025-01-10T01:09:37.012+0000] {dag.py:4180} INFO - Setting next_dagrun for example_task_group_decorator to None, run_after=None
[2025-01-10T01:09:37.035+0000] {processor.py:208} INFO - Processing /home/airflow/.local/lib/python3.12/site-packages/airflow/example_dags/example_task_group_decorator.py took 0.101 seconds
[2025-01-10T01:10:07.158+0000] {processor.py:186} INFO - Started process (PID=1083) to work on /home/airflow/.local/lib/python3.12/site-packages/airflow/example_dags/example_task_group_decorator.py
[2025-01-10T01:10:07.159+0000] {processor.py:914} INFO - Processing file /home/airflow/.local/lib/python3.12/site-packages/airflow/example_dags/example_task_group_decorator.py for tasks to queue
[2025-01-10T01:10:07.162+0000] {logging_mixin.py:190} INFO - [2025-01-10T01:10:07.162+0000] {dagbag.py:588} INFO - Filling up the DagBag from /home/airflow/.local/lib/python3.12/site-packages/airflow/example_dags/example_task_group_decorator.py
[2025-01-10T01:10:07.177+0000] {processor.py:925} INFO - DAG(s) 'example_task_group_decorator' retrieved from /home/airflow/.local/lib/python3.12/site-packages/airflow/example_dags/example_task_group_decorator.py
[2025-01-10T01:10:07.204+0000] {logging_mixin.py:190} INFO - [2025-01-10T01:10:07.203+0000] {dag.py:3239} INFO - Sync 1 DAGs
[2025-01-10T01:10:07.217+0000] {logging_mixin.py:190} INFO - [2025-01-10T01:10:07.217+0000] {dag.py:4180} INFO - Setting next_dagrun for example_task_group_decorator to None, run_after=None
[2025-01-10T01:10:07.241+0000] {processor.py:208} INFO - Processing /home/airflow/.local/lib/python3.12/site-packages/airflow/example_dags/example_task_group_decorator.py took 0.089 seconds
[2025-01-10T01:10:37.443+0000] {processor.py:186} INFO - Started process (PID=1146) to work on /home/airflow/.local/lib/python3.12/site-packages/airflow/example_dags/example_task_group_decorator.py
[2025-01-10T01:10:37.444+0000] {processor.py:914} INFO - Processing file /home/airflow/.local/lib/python3.12/site-packages/airflow/example_dags/example_task_group_decorator.py for tasks to queue
[2025-01-10T01:10:37.446+0000] {logging_mixin.py:190} INFO - [2025-01-10T01:10:37.446+0000] {dagbag.py:588} INFO - Filling up the DagBag from /home/airflow/.local/lib/python3.12/site-packages/airflow/example_dags/example_task_group_decorator.py
[2025-01-10T01:10:37.460+0000] {processor.py:925} INFO - DAG(s) 'example_task_group_decorator' retrieved from /home/airflow/.local/lib/python3.12/site-packages/airflow/example_dags/example_task_group_decorator.py
[2025-01-10T01:10:37.483+0000] {logging_mixin.py:190} INFO - [2025-01-10T01:10:37.483+0000] {dag.py:3239} INFO - Sync 1 DAGs
[2025-01-10T01:10:37.496+0000] {logging_mixin.py:190} INFO - [2025-01-10T01:10:37.496+0000] {dag.py:4180} INFO - Setting next_dagrun for example_task_group_decorator to None, run_after=None
[2025-01-10T01:10:37.516+0000] {processor.py:208} INFO - Processing /home/airflow/.local/lib/python3.12/site-packages/airflow/example_dags/example_task_group_decorator.py took 0.080 seconds
[2025-01-10T01:11:07.726+0000] {processor.py:186} INFO - Started process (PID=1209) to work on /home/airflow/.local/lib/python3.12/site-packages/airflow/example_dags/example_task_group_decorator.py
[2025-01-10T01:11:07.727+0000] {processor.py:914} INFO - Processing file /home/airflow/.local/lib/python3.12/site-packages/airflow/example_dags/example_task_group_decorator.py for tasks to queue
[2025-01-10T01:11:07.730+0000] {logging_mixin.py:190} INFO - [2025-01-10T01:11:07.729+0000] {dagbag.py:588} INFO - Filling up the DagBag from /home/airflow/.local/lib/python3.12/site-packages/airflow/example_dags/example_task_group_decorator.py
[2025-01-10T01:11:07.745+0000] {processor.py:925} INFO - DAG(s) 'example_task_group_decorator' retrieved from /home/airflow/.local/lib/python3.12/site-packages/airflow/example_dags/example_task_group_decorator.py
[2025-01-10T01:11:07.770+0000] {logging_mixin.py:190} INFO - [2025-01-10T01:11:07.770+0000] {dag.py:3239} INFO - Sync 1 DAGs
[2025-01-10T01:11:07.784+0000] {logging_mixin.py:190} INFO - [2025-01-10T01:11:07.784+0000] {dag.py:4180} INFO - Setting next_dagrun for example_task_group_decorator to None, run_after=None
[2025-01-10T01:11:07.805+0000] {processor.py:208} INFO - Processing /home/airflow/.local/lib/python3.12/site-packages/airflow/example_dags/example_task_group_decorator.py took 0.084 seconds
[2025-01-10T01:11:38.584+0000] {processor.py:186} INFO - Started process (PID=1272) to work on /home/airflow/.local/lib/python3.12/site-packages/airflow/example_dags/example_task_group_decorator.py
[2025-01-10T01:11:38.585+0000] {processor.py:914} INFO - Processing file /home/airflow/.local/lib/python3.12/site-packages/airflow/example_dags/example_task_group_decorator.py for tasks to queue
[2025-01-10T01:11:38.588+0000] {logging_mixin.py:190} INFO - [2025-01-10T01:11:38.588+0000] {dagbag.py:588} INFO - Filling up the DagBag from /home/airflow/.local/lib/python3.12/site-packages/airflow/example_dags/example_task_group_decorator.py
[2025-01-10T01:11:38.604+0000] {processor.py:925} INFO - DAG(s) 'example_task_group_decorator' retrieved from /home/airflow/.local/lib/python3.12/site-packages/airflow/example_dags/example_task_group_decorator.py
[2025-01-10T01:11:38.633+0000] {logging_mixin.py:190} INFO - [2025-01-10T01:11:38.633+0000] {dag.py:3239} INFO - Sync 1 DAGs
[2025-01-10T01:11:38.648+0000] {logging_mixin.py:190} INFO - [2025-01-10T01:11:38.648+0000] {dag.py:4180} INFO - Setting next_dagrun for example_task_group_decorator to None, run_after=None
[2025-01-10T01:11:38.669+0000] {processor.py:208} INFO - Processing /home/airflow/.local/lib/python3.12/site-packages/airflow/example_dags/example_task_group_decorator.py took 0.090 seconds
