[2025-01-10T00:43:50.687+0000] {processor.py:186} INFO - Started process (PID=94) to work on /home/airflow/.local/lib/python3.12/site-packages/airflow/example_dags/example_inlet_event_extra.py
[2025-01-10T00:43:50.690+0000] {processor.py:914} INFO - Processing file /home/airflow/.local/lib/python3.12/site-packages/airflow/example_dags/example_inlet_event_extra.py for tasks to queue
[2025-01-10T00:43:50.692+0000] {logging_mixin.py:190} INFO - [2025-01-10T00:43:50.692+0000] {dagbag.py:588} INFO - Filling up the DagBag from /home/airflow/.local/lib/python3.12/site-packages/airflow/example_dags/example_inlet_event_extra.py
[2025-01-10T00:43:51.459+0000] {processor.py:925} INFO - DAG(s) 'read_dataset_event', 'read_dataset_event_from_classic' retrieved from /home/airflow/.local/lib/python3.12/site-packages/airflow/example_dags/example_inlet_event_extra.py
[2025-01-10T00:43:51.588+0000] {logging_mixin.py:190} INFO - [2025-01-10T00:43:51.586+0000] {override.py:1911} INFO - Created Permission View: can delete on DAG:read_dataset_event
[2025-01-10T00:43:51.603+0000] {logging_mixin.py:190} INFO - [2025-01-10T00:43:51.603+0000] {override.py:1911} INFO - Created Permission View: can read on DAG:read_dataset_event
[2025-01-10T00:43:51.614+0000] {logging_mixin.py:190} INFO - [2025-01-10T00:43:51.614+0000] {override.py:1911} INFO - Created Permission View: can edit on DAG:read_dataset_event
[2025-01-10T00:43:51.629+0000] {logging_mixin.py:190} INFO - [2025-01-10T00:43:51.628+0000] {override.py:1911} INFO - Created Permission View: can delete on DAG Run:read_dataset_event
[2025-01-10T00:43:51.642+0000] {logging_mixin.py:190} INFO - [2025-01-10T00:43:51.641+0000] {override.py:1911} INFO - Created Permission View: can read on DAG Run:read_dataset_event
[2025-01-10T00:43:51.654+0000] {logging_mixin.py:190} INFO - [2025-01-10T00:43:51.654+0000] {override.py:1911} INFO - Created Permission View: can create on DAG Run:read_dataset_event
[2025-01-10T00:43:51.665+0000] {logging_mixin.py:190} INFO - [2025-01-10T00:43:51.665+0000] {override.py:1911} INFO - Created Permission View: menu access on DAG Run:read_dataset_event
[2025-01-10T00:43:51.686+0000] {logging_mixin.py:190} INFO - [2025-01-10T00:43:51.685+0000] {override.py:1911} INFO - Created Permission View: can delete on DAG:read_dataset_event_from_classic
[2025-01-10T00:43:51.697+0000] {logging_mixin.py:190} INFO - [2025-01-10T00:43:51.697+0000] {override.py:1911} INFO - Created Permission View: can read on DAG:read_dataset_event_from_classic
[2025-01-10T00:43:51.708+0000] {logging_mixin.py:190} INFO - [2025-01-10T00:43:51.708+0000] {override.py:1911} INFO - Created Permission View: can edit on DAG:read_dataset_event_from_classic
[2025-01-10T00:43:51.723+0000] {logging_mixin.py:190} INFO - [2025-01-10T00:43:51.722+0000] {override.py:1911} INFO - Created Permission View: can delete on DAG Run:read_dataset_event_from_classic
[2025-01-10T00:43:51.735+0000] {logging_mixin.py:190} INFO - [2025-01-10T00:43:51.735+0000] {override.py:1911} INFO - Created Permission View: can read on DAG Run:read_dataset_event_from_classic
[2025-01-10T00:43:51.749+0000] {logging_mixin.py:190} INFO - [2025-01-10T00:43:51.749+0000] {override.py:1911} INFO - Created Permission View: can create on DAG Run:read_dataset_event_from_classic
[2025-01-10T00:43:51.760+0000] {logging_mixin.py:190} INFO - [2025-01-10T00:43:51.760+0000] {override.py:1911} INFO - Created Permission View: menu access on DAG Run:read_dataset_event_from_classic
[2025-01-10T00:43:51.761+0000] {logging_mixin.py:190} INFO - [2025-01-10T00:43:51.761+0000] {dag.py:3239} INFO - Sync 2 DAGs
[2025-01-10T00:43:51.776+0000] {logging_mixin.py:190} INFO - [2025-01-10T00:43:51.776+0000] {dag.py:3262} INFO - Creating ORM DAG for read_dataset_event
[2025-01-10T00:43:51.777+0000] {logging_mixin.py:190} INFO - [2025-01-10T00:43:51.777+0000] {dag.py:3262} INFO - Creating ORM DAG for read_dataset_event_from_classic
[2025-01-10T00:43:51.790+0000] {logging_mixin.py:190} INFO - [2025-01-10T00:43:51.789+0000] {dag.py:4180} INFO - Setting next_dagrun for read_dataset_event to 2025-01-09 00:00:00+00:00, run_after=2025-01-10 00:00:00+00:00
[2025-01-10T00:43:51.792+0000] {logging_mixin.py:190} INFO - [2025-01-10T00:43:51.791+0000] {dag.py:4180} INFO - Setting next_dagrun for read_dataset_event_from_classic to 2025-01-09 00:00:00+00:00, run_after=2025-01-10 00:00:00+00:00
[2025-01-10T00:43:51.822+0000] {processor.py:208} INFO - Processing /home/airflow/.local/lib/python3.12/site-packages/airflow/example_dags/example_inlet_event_extra.py took 1.142 seconds
[2025-01-10T00:44:21.917+0000] {processor.py:186} INFO - Started process (PID=159) to work on /home/airflow/.local/lib/python3.12/site-packages/airflow/example_dags/example_inlet_event_extra.py
[2025-01-10T00:44:21.918+0000] {processor.py:914} INFO - Processing file /home/airflow/.local/lib/python3.12/site-packages/airflow/example_dags/example_inlet_event_extra.py for tasks to queue
[2025-01-10T00:44:21.921+0000] {logging_mixin.py:190} INFO - [2025-01-10T00:44:21.921+0000] {dagbag.py:588} INFO - Filling up the DagBag from /home/airflow/.local/lib/python3.12/site-packages/airflow/example_dags/example_inlet_event_extra.py
[2025-01-10T00:44:22.564+0000] {processor.py:925} INFO - DAG(s) 'read_dataset_event', 'read_dataset_event_from_classic' retrieved from /home/airflow/.local/lib/python3.12/site-packages/airflow/example_dags/example_inlet_event_extra.py
[2025-01-10T00:44:22.589+0000] {logging_mixin.py:190} INFO - [2025-01-10T00:44:22.588+0000] {dag.py:3239} INFO - Sync 2 DAGs
[2025-01-10T00:44:22.617+0000] {logging_mixin.py:190} INFO - [2025-01-10T00:44:22.616+0000] {dag.py:4180} INFO - Setting next_dagrun for read_dataset_event to 2025-01-09 00:00:00+00:00, run_after=2025-01-10 00:00:00+00:00
[2025-01-10T00:44:22.624+0000] {logging_mixin.py:190} INFO - [2025-01-10T00:44:22.623+0000] {dag.py:4180} INFO - Setting next_dagrun for read_dataset_event_from_classic to 2025-01-09 00:00:00+00:00, run_after=2025-01-10 00:00:00+00:00
[2025-01-10T00:44:22.647+0000] {processor.py:208} INFO - Processing /home/airflow/.local/lib/python3.12/site-packages/airflow/example_dags/example_inlet_event_extra.py took 0.738 seconds
[2025-01-10T00:44:53.447+0000] {processor.py:186} INFO - Started process (PID=222) to work on /home/airflow/.local/lib/python3.12/site-packages/airflow/example_dags/example_inlet_event_extra.py
[2025-01-10T00:44:53.449+0000] {processor.py:914} INFO - Processing file /home/airflow/.local/lib/python3.12/site-packages/airflow/example_dags/example_inlet_event_extra.py for tasks to queue
[2025-01-10T00:44:53.452+0000] {logging_mixin.py:190} INFO - [2025-01-10T00:44:53.452+0000] {dagbag.py:588} INFO - Filling up the DagBag from /home/airflow/.local/lib/python3.12/site-packages/airflow/example_dags/example_inlet_event_extra.py
[2025-01-10T00:44:54.216+0000] {processor.py:925} INFO - DAG(s) 'read_dataset_event', 'read_dataset_event_from_classic' retrieved from /home/airflow/.local/lib/python3.12/site-packages/airflow/example_dags/example_inlet_event_extra.py
[2025-01-10T00:44:54.237+0000] {logging_mixin.py:190} INFO - [2025-01-10T00:44:54.236+0000] {dag.py:3239} INFO - Sync 2 DAGs
[2025-01-10T00:44:54.261+0000] {logging_mixin.py:190} INFO - [2025-01-10T00:44:54.261+0000] {dag.py:4180} INFO - Setting next_dagrun for read_dataset_event to 2025-01-09 00:00:00+00:00, run_after=2025-01-10 00:00:00+00:00
[2025-01-10T00:44:54.266+0000] {logging_mixin.py:190} INFO - [2025-01-10T00:44:54.266+0000] {dag.py:4180} INFO - Setting next_dagrun for read_dataset_event_from_classic to 2025-01-09 00:00:00+00:00, run_after=2025-01-10 00:00:00+00:00
[2025-01-10T00:44:54.282+0000] {processor.py:208} INFO - Processing /home/airflow/.local/lib/python3.12/site-packages/airflow/example_dags/example_inlet_event_extra.py took 0.844 seconds
[2025-01-10T00:45:24.411+0000] {processor.py:186} INFO - Started process (PID=287) to work on /home/airflow/.local/lib/python3.12/site-packages/airflow/example_dags/example_inlet_event_extra.py
[2025-01-10T00:45:24.412+0000] {processor.py:914} INFO - Processing file /home/airflow/.local/lib/python3.12/site-packages/airflow/example_dags/example_inlet_event_extra.py for tasks to queue
[2025-01-10T00:45:24.416+0000] {logging_mixin.py:190} INFO - [2025-01-10T00:45:24.415+0000] {dagbag.py:588} INFO - Filling up the DagBag from /home/airflow/.local/lib/python3.12/site-packages/airflow/example_dags/example_inlet_event_extra.py
[2025-01-10T00:45:25.625+0000] {processor.py:925} INFO - DAG(s) 'read_dataset_event_from_classic', 'read_dataset_event' retrieved from /home/airflow/.local/lib/python3.12/site-packages/airflow/example_dags/example_inlet_event_extra.py
[2025-01-10T00:45:25.655+0000] {logging_mixin.py:190} INFO - [2025-01-10T00:45:25.655+0000] {dag.py:3239} INFO - Sync 2 DAGs
[2025-01-10T00:45:25.700+0000] {logging_mixin.py:190} INFO - [2025-01-10T00:45:25.700+0000] {dag.py:4180} INFO - Setting next_dagrun for read_dataset_event to 2025-01-09 00:00:00+00:00, run_after=2025-01-10 00:00:00+00:00
[2025-01-10T00:45:25.707+0000] {logging_mixin.py:190} INFO - [2025-01-10T00:45:25.707+0000] {dag.py:4180} INFO - Setting next_dagrun for read_dataset_event_from_classic to 2025-01-09 00:00:00+00:00, run_after=2025-01-10 00:00:00+00:00
[2025-01-10T00:45:25.735+0000] {processor.py:208} INFO - Processing /home/airflow/.local/lib/python3.12/site-packages/airflow/example_dags/example_inlet_event_extra.py took 1.333 seconds
[2025-01-10T00:45:56.088+0000] {processor.py:186} INFO - Started process (PID=352) to work on /home/airflow/.local/lib/python3.12/site-packages/airflow/example_dags/example_inlet_event_extra.py
[2025-01-10T00:45:56.092+0000] {processor.py:914} INFO - Processing file /home/airflow/.local/lib/python3.12/site-packages/airflow/example_dags/example_inlet_event_extra.py for tasks to queue
[2025-01-10T00:45:56.102+0000] {logging_mixin.py:190} INFO - [2025-01-10T00:45:56.101+0000] {dagbag.py:588} INFO - Filling up the DagBag from /home/airflow/.local/lib/python3.12/site-packages/airflow/example_dags/example_inlet_event_extra.py
[2025-01-10T00:45:57.233+0000] {processor.py:925} INFO - DAG(s) 'read_dataset_event_from_classic', 'read_dataset_event' retrieved from /home/airflow/.local/lib/python3.12/site-packages/airflow/example_dags/example_inlet_event_extra.py
[2025-01-10T00:45:57.268+0000] {logging_mixin.py:190} INFO - [2025-01-10T00:45:57.267+0000] {dag.py:3239} INFO - Sync 2 DAGs
[2025-01-10T00:45:57.305+0000] {logging_mixin.py:190} INFO - [2025-01-10T00:45:57.304+0000] {dag.py:4180} INFO - Setting next_dagrun for read_dataset_event to 2025-01-09 00:00:00+00:00, run_after=2025-01-10 00:00:00+00:00
[2025-01-10T00:45:57.313+0000] {logging_mixin.py:190} INFO - [2025-01-10T00:45:57.313+0000] {dag.py:4180} INFO - Setting next_dagrun for read_dataset_event_from_classic to 2025-01-09 00:00:00+00:00, run_after=2025-01-10 00:00:00+00:00
[2025-01-10T00:45:57.338+0000] {processor.py:208} INFO - Processing /home/airflow/.local/lib/python3.12/site-packages/airflow/example_dags/example_inlet_event_extra.py took 1.265 seconds
[2025-01-10T00:46:27.976+0000] {processor.py:186} INFO - Started process (PID=415) to work on /home/airflow/.local/lib/python3.12/site-packages/airflow/example_dags/example_inlet_event_extra.py
[2025-01-10T00:46:27.977+0000] {processor.py:914} INFO - Processing file /home/airflow/.local/lib/python3.12/site-packages/airflow/example_dags/example_inlet_event_extra.py for tasks to queue
[2025-01-10T00:46:27.981+0000] {logging_mixin.py:190} INFO - [2025-01-10T00:46:27.980+0000] {dagbag.py:588} INFO - Filling up the DagBag from /home/airflow/.local/lib/python3.12/site-packages/airflow/example_dags/example_inlet_event_extra.py
[2025-01-10T00:46:28.550+0000] {processor.py:925} INFO - DAG(s) 'read_dataset_event', 'read_dataset_event_from_classic' retrieved from /home/airflow/.local/lib/python3.12/site-packages/airflow/example_dags/example_inlet_event_extra.py
[2025-01-10T00:46:28.575+0000] {logging_mixin.py:190} INFO - [2025-01-10T00:46:28.575+0000] {dag.py:3239} INFO - Sync 2 DAGs
[2025-01-10T00:46:28.607+0000] {logging_mixin.py:190} INFO - [2025-01-10T00:46:28.606+0000] {dag.py:4180} INFO - Setting next_dagrun for read_dataset_event to 2025-01-09 00:00:00+00:00, run_after=2025-01-10 00:00:00+00:00
[2025-01-10T00:46:28.614+0000] {logging_mixin.py:190} INFO - [2025-01-10T00:46:28.614+0000] {dag.py:4180} INFO - Setting next_dagrun for read_dataset_event_from_classic to 2025-01-09 00:00:00+00:00, run_after=2025-01-10 00:00:00+00:00
[2025-01-10T00:46:28.677+0000] {processor.py:208} INFO - Processing /home/airflow/.local/lib/python3.12/site-packages/airflow/example_dags/example_inlet_event_extra.py took 0.706 seconds
[2025-01-10T00:46:59.512+0000] {processor.py:186} INFO - Started process (PID=478) to work on /home/airflow/.local/lib/python3.12/site-packages/airflow/example_dags/example_inlet_event_extra.py
[2025-01-10T00:46:59.513+0000] {processor.py:914} INFO - Processing file /home/airflow/.local/lib/python3.12/site-packages/airflow/example_dags/example_inlet_event_extra.py for tasks to queue
[2025-01-10T00:46:59.516+0000] {logging_mixin.py:190} INFO - [2025-01-10T00:46:59.515+0000] {dagbag.py:588} INFO - Filling up the DagBag from /home/airflow/.local/lib/python3.12/site-packages/airflow/example_dags/example_inlet_event_extra.py
[2025-01-10T00:47:00.117+0000] {processor.py:925} INFO - DAG(s) 'read_dataset_event_from_classic', 'read_dataset_event' retrieved from /home/airflow/.local/lib/python3.12/site-packages/airflow/example_dags/example_inlet_event_extra.py
[2025-01-10T00:47:00.141+0000] {logging_mixin.py:190} INFO - [2025-01-10T00:47:00.141+0000] {dag.py:3239} INFO - Sync 2 DAGs
[2025-01-10T00:47:00.164+0000] {logging_mixin.py:190} INFO - [2025-01-10T00:47:00.164+0000] {dag.py:4180} INFO - Setting next_dagrun for read_dataset_event to 2025-01-09 00:00:00+00:00, run_after=2025-01-10 00:00:00+00:00
[2025-01-10T00:47:00.170+0000] {logging_mixin.py:190} INFO - [2025-01-10T00:47:00.169+0000] {dag.py:4180} INFO - Setting next_dagrun for read_dataset_event_from_classic to 2025-01-09 00:00:00+00:00, run_after=2025-01-10 00:00:00+00:00
[2025-01-10T00:47:00.189+0000] {processor.py:208} INFO - Processing /home/airflow/.local/lib/python3.12/site-packages/airflow/example_dags/example_inlet_event_extra.py took 0.683 seconds
[2025-01-10T00:47:30.670+0000] {processor.py:186} INFO - Started process (PID=541) to work on /home/airflow/.local/lib/python3.12/site-packages/airflow/example_dags/example_inlet_event_extra.py
[2025-01-10T00:47:30.671+0000] {processor.py:914} INFO - Processing file /home/airflow/.local/lib/python3.12/site-packages/airflow/example_dags/example_inlet_event_extra.py for tasks to queue
[2025-01-10T00:47:30.673+0000] {logging_mixin.py:190} INFO - [2025-01-10T00:47:30.673+0000] {dagbag.py:588} INFO - Filling up the DagBag from /home/airflow/.local/lib/python3.12/site-packages/airflow/example_dags/example_inlet_event_extra.py
[2025-01-10T00:47:31.341+0000] {processor.py:925} INFO - DAG(s) 'read_dataset_event_from_classic', 'read_dataset_event' retrieved from /home/airflow/.local/lib/python3.12/site-packages/airflow/example_dags/example_inlet_event_extra.py
[2025-01-10T00:47:31.367+0000] {logging_mixin.py:190} INFO - [2025-01-10T00:47:31.367+0000] {dag.py:3239} INFO - Sync 2 DAGs
[2025-01-10T00:47:31.401+0000] {logging_mixin.py:190} INFO - [2025-01-10T00:47:31.401+0000] {dag.py:4180} INFO - Setting next_dagrun for read_dataset_event to 2025-01-09 00:00:00+00:00, run_after=2025-01-10 00:00:00+00:00
[2025-01-10T00:47:31.406+0000] {logging_mixin.py:190} INFO - [2025-01-10T00:47:31.406+0000] {dag.py:4180} INFO - Setting next_dagrun for read_dataset_event_from_classic to 2025-01-09 00:00:00+00:00, run_after=2025-01-10 00:00:00+00:00
[2025-01-10T00:47:31.423+0000] {processor.py:208} INFO - Processing /home/airflow/.local/lib/python3.12/site-packages/airflow/example_dags/example_inlet_event_extra.py took 0.759 seconds
[2025-01-10T00:48:01.698+0000] {processor.py:186} INFO - Started process (PID=604) to work on /home/airflow/.local/lib/python3.12/site-packages/airflow/example_dags/example_inlet_event_extra.py
[2025-01-10T00:48:01.699+0000] {processor.py:914} INFO - Processing file /home/airflow/.local/lib/python3.12/site-packages/airflow/example_dags/example_inlet_event_extra.py for tasks to queue
[2025-01-10T00:48:01.701+0000] {logging_mixin.py:190} INFO - [2025-01-10T00:48:01.701+0000] {dagbag.py:588} INFO - Filling up the DagBag from /home/airflow/.local/lib/python3.12/site-packages/airflow/example_dags/example_inlet_event_extra.py
[2025-01-10T00:48:02.271+0000] {processor.py:925} INFO - DAG(s) 'read_dataset_event', 'read_dataset_event_from_classic' retrieved from /home/airflow/.local/lib/python3.12/site-packages/airflow/example_dags/example_inlet_event_extra.py
[2025-01-10T00:48:02.291+0000] {logging_mixin.py:190} INFO - [2025-01-10T00:48:02.291+0000] {dag.py:3239} INFO - Sync 2 DAGs
[2025-01-10T00:48:02.316+0000] {logging_mixin.py:190} INFO - [2025-01-10T00:48:02.316+0000] {dag.py:4180} INFO - Setting next_dagrun for read_dataset_event to 2025-01-09 00:00:00+00:00, run_after=2025-01-10 00:00:00+00:00
[2025-01-10T00:48:02.322+0000] {logging_mixin.py:190} INFO - [2025-01-10T00:48:02.322+0000] {dag.py:4180} INFO - Setting next_dagrun for read_dataset_event_from_classic to 2025-01-09 00:00:00+00:00, run_after=2025-01-10 00:00:00+00:00
[2025-01-10T00:48:02.343+0000] {processor.py:208} INFO - Processing /home/airflow/.local/lib/python3.12/site-packages/airflow/example_dags/example_inlet_event_extra.py took 0.650 seconds
[2025-01-10T00:48:32.513+0000] {processor.py:186} INFO - Started process (PID=667) to work on /home/airflow/.local/lib/python3.12/site-packages/airflow/example_dags/example_inlet_event_extra.py
[2025-01-10T00:48:32.514+0000] {processor.py:914} INFO - Processing file /home/airflow/.local/lib/python3.12/site-packages/airflow/example_dags/example_inlet_event_extra.py for tasks to queue
[2025-01-10T00:48:32.519+0000] {logging_mixin.py:190} INFO - [2025-01-10T00:48:32.519+0000] {dagbag.py:588} INFO - Filling up the DagBag from /home/airflow/.local/lib/python3.12/site-packages/airflow/example_dags/example_inlet_event_extra.py
[2025-01-10T00:48:33.142+0000] {processor.py:925} INFO - DAG(s) 'read_dataset_event_from_classic', 'read_dataset_event' retrieved from /home/airflow/.local/lib/python3.12/site-packages/airflow/example_dags/example_inlet_event_extra.py
[2025-01-10T00:48:33.163+0000] {logging_mixin.py:190} INFO - [2025-01-10T00:48:33.162+0000] {dag.py:3239} INFO - Sync 2 DAGs
[2025-01-10T00:48:33.187+0000] {logging_mixin.py:190} INFO - [2025-01-10T00:48:33.187+0000] {dag.py:4180} INFO - Setting next_dagrun for read_dataset_event to 2025-01-09 00:00:00+00:00, run_after=2025-01-10 00:00:00+00:00
[2025-01-10T00:48:33.192+0000] {logging_mixin.py:190} INFO - [2025-01-10T00:48:33.191+0000] {dag.py:4180} INFO - Setting next_dagrun for read_dataset_event_from_classic to 2025-01-09 00:00:00+00:00, run_after=2025-01-10 00:00:00+00:00
[2025-01-10T00:48:33.272+0000] {processor.py:208} INFO - Processing /home/airflow/.local/lib/python3.12/site-packages/airflow/example_dags/example_inlet_event_extra.py took 0.768 seconds
[2025-01-10T00:49:03.978+0000] {processor.py:186} INFO - Started process (PID=730) to work on /home/airflow/.local/lib/python3.12/site-packages/airflow/example_dags/example_inlet_event_extra.py
[2025-01-10T00:49:03.979+0000] {processor.py:914} INFO - Processing file /home/airflow/.local/lib/python3.12/site-packages/airflow/example_dags/example_inlet_event_extra.py for tasks to queue
[2025-01-10T00:49:03.981+0000] {logging_mixin.py:190} INFO - [2025-01-10T00:49:03.981+0000] {dagbag.py:588} INFO - Filling up the DagBag from /home/airflow/.local/lib/python3.12/site-packages/airflow/example_dags/example_inlet_event_extra.py
[2025-01-10T00:49:04.567+0000] {processor.py:925} INFO - DAG(s) 'read_dataset_event', 'read_dataset_event_from_classic' retrieved from /home/airflow/.local/lib/python3.12/site-packages/airflow/example_dags/example_inlet_event_extra.py
[2025-01-10T00:49:04.585+0000] {logging_mixin.py:190} INFO - [2025-01-10T00:49:04.584+0000] {dag.py:3239} INFO - Sync 2 DAGs
[2025-01-10T00:49:04.606+0000] {logging_mixin.py:190} INFO - [2025-01-10T00:49:04.606+0000] {dag.py:4180} INFO - Setting next_dagrun for read_dataset_event to 2025-01-09 00:00:00+00:00, run_after=2025-01-10 00:00:00+00:00
[2025-01-10T00:49:04.611+0000] {logging_mixin.py:190} INFO - [2025-01-10T00:49:04.611+0000] {dag.py:4180} INFO - Setting next_dagrun for read_dataset_event_from_classic to 2025-01-09 00:00:00+00:00, run_after=2025-01-10 00:00:00+00:00
[2025-01-10T00:49:04.675+0000] {processor.py:208} INFO - Processing /home/airflow/.local/lib/python3.12/site-packages/airflow/example_dags/example_inlet_event_extra.py took 0.703 seconds
[2025-01-10T00:49:35.053+0000] {processor.py:186} INFO - Started process (PID=793) to work on /home/airflow/.local/lib/python3.12/site-packages/airflow/example_dags/example_inlet_event_extra.py
[2025-01-10T00:49:35.055+0000] {processor.py:914} INFO - Processing file /home/airflow/.local/lib/python3.12/site-packages/airflow/example_dags/example_inlet_event_extra.py for tasks to queue
[2025-01-10T00:49:35.058+0000] {logging_mixin.py:190} INFO - [2025-01-10T00:49:35.058+0000] {dagbag.py:588} INFO - Filling up the DagBag from /home/airflow/.local/lib/python3.12/site-packages/airflow/example_dags/example_inlet_event_extra.py
[2025-01-10T00:49:35.586+0000] {processor.py:925} INFO - DAG(s) 'read_dataset_event', 'read_dataset_event_from_classic' retrieved from /home/airflow/.local/lib/python3.12/site-packages/airflow/example_dags/example_inlet_event_extra.py
[2025-01-10T00:49:35.605+0000] {logging_mixin.py:190} INFO - [2025-01-10T00:49:35.604+0000] {dag.py:3239} INFO - Sync 2 DAGs
[2025-01-10T00:49:35.626+0000] {logging_mixin.py:190} INFO - [2025-01-10T00:49:35.625+0000] {dag.py:4180} INFO - Setting next_dagrun for read_dataset_event to 2025-01-09 00:00:00+00:00, run_after=2025-01-10 00:00:00+00:00
[2025-01-10T00:49:35.630+0000] {logging_mixin.py:190} INFO - [2025-01-10T00:49:35.630+0000] {dag.py:4180} INFO - Setting next_dagrun for read_dataset_event_from_classic to 2025-01-09 00:00:00+00:00, run_after=2025-01-10 00:00:00+00:00
[2025-01-10T00:49:35.647+0000] {processor.py:208} INFO - Processing /home/airflow/.local/lib/python3.12/site-packages/airflow/example_dags/example_inlet_event_extra.py took 0.601 seconds
[2025-01-10T00:50:06.381+0000] {processor.py:186} INFO - Started process (PID=856) to work on /home/airflow/.local/lib/python3.12/site-packages/airflow/example_dags/example_inlet_event_extra.py
[2025-01-10T00:50:06.381+0000] {processor.py:914} INFO - Processing file /home/airflow/.local/lib/python3.12/site-packages/airflow/example_dags/example_inlet_event_extra.py for tasks to queue
[2025-01-10T00:50:06.384+0000] {logging_mixin.py:190} INFO - [2025-01-10T00:50:06.384+0000] {dagbag.py:588} INFO - Filling up the DagBag from /home/airflow/.local/lib/python3.12/site-packages/airflow/example_dags/example_inlet_event_extra.py
[2025-01-10T00:50:06.963+0000] {processor.py:925} INFO - DAG(s) 'read_dataset_event_from_classic', 'read_dataset_event' retrieved from /home/airflow/.local/lib/python3.12/site-packages/airflow/example_dags/example_inlet_event_extra.py
[2025-01-10T00:50:06.982+0000] {logging_mixin.py:190} INFO - [2025-01-10T00:50:06.982+0000] {dag.py:3239} INFO - Sync 2 DAGs
[2025-01-10T00:50:07.003+0000] {logging_mixin.py:190} INFO - [2025-01-10T00:50:07.003+0000] {dag.py:4180} INFO - Setting next_dagrun for read_dataset_event to 2025-01-09 00:00:00+00:00, run_after=2025-01-10 00:00:00+00:00
[2025-01-10T00:50:07.008+0000] {logging_mixin.py:190} INFO - [2025-01-10T00:50:07.008+0000] {dag.py:4180} INFO - Setting next_dagrun for read_dataset_event_from_classic to 2025-01-09 00:00:00+00:00, run_after=2025-01-10 00:00:00+00:00
[2025-01-10T00:50:07.091+0000] {processor.py:208} INFO - Processing /home/airflow/.local/lib/python3.12/site-packages/airflow/example_dags/example_inlet_event_extra.py took 0.716 seconds
[2025-01-10T00:50:37.775+0000] {processor.py:186} INFO - Started process (PID=919) to work on /home/airflow/.local/lib/python3.12/site-packages/airflow/example_dags/example_inlet_event_extra.py
[2025-01-10T00:50:37.776+0000] {processor.py:914} INFO - Processing file /home/airflow/.local/lib/python3.12/site-packages/airflow/example_dags/example_inlet_event_extra.py for tasks to queue
[2025-01-10T00:50:37.779+0000] {logging_mixin.py:190} INFO - [2025-01-10T00:50:37.779+0000] {dagbag.py:588} INFO - Filling up the DagBag from /home/airflow/.local/lib/python3.12/site-packages/airflow/example_dags/example_inlet_event_extra.py
[2025-01-10T00:50:38.320+0000] {processor.py:925} INFO - DAG(s) 'read_dataset_event_from_classic', 'read_dataset_event' retrieved from /home/airflow/.local/lib/python3.12/site-packages/airflow/example_dags/example_inlet_event_extra.py
[2025-01-10T00:50:38.340+0000] {logging_mixin.py:190} INFO - [2025-01-10T00:50:38.339+0000] {dag.py:3239} INFO - Sync 2 DAGs
[2025-01-10T00:50:38.362+0000] {logging_mixin.py:190} INFO - [2025-01-10T00:50:38.362+0000] {dag.py:4180} INFO - Setting next_dagrun for read_dataset_event to 2025-01-09 00:00:00+00:00, run_after=2025-01-10 00:00:00+00:00
[2025-01-10T00:50:38.367+0000] {logging_mixin.py:190} INFO - [2025-01-10T00:50:38.366+0000] {dag.py:4180} INFO - Setting next_dagrun for read_dataset_event_from_classic to 2025-01-09 00:00:00+00:00, run_after=2025-01-10 00:00:00+00:00
[2025-01-10T00:50:38.432+0000] {processor.py:208} INFO - Processing /home/airflow/.local/lib/python3.12/site-packages/airflow/example_dags/example_inlet_event_extra.py took 0.663 seconds
[2025-01-10T00:51:08.999+0000] {processor.py:186} INFO - Started process (PID=982) to work on /home/airflow/.local/lib/python3.12/site-packages/airflow/example_dags/example_inlet_event_extra.py
[2025-01-10T00:51:09.000+0000] {processor.py:914} INFO - Processing file /home/airflow/.local/lib/python3.12/site-packages/airflow/example_dags/example_inlet_event_extra.py for tasks to queue
[2025-01-10T00:51:09.002+0000] {logging_mixin.py:190} INFO - [2025-01-10T00:51:09.002+0000] {dagbag.py:588} INFO - Filling up the DagBag from /home/airflow/.local/lib/python3.12/site-packages/airflow/example_dags/example_inlet_event_extra.py
[2025-01-10T00:51:09.579+0000] {processor.py:925} INFO - DAG(s) 'read_dataset_event_from_classic', 'read_dataset_event' retrieved from /home/airflow/.local/lib/python3.12/site-packages/airflow/example_dags/example_inlet_event_extra.py
[2025-01-10T00:51:09.601+0000] {logging_mixin.py:190} INFO - [2025-01-10T00:51:09.601+0000] {dag.py:3239} INFO - Sync 2 DAGs
[2025-01-10T00:51:09.623+0000] {logging_mixin.py:190} INFO - [2025-01-10T00:51:09.623+0000] {dag.py:4180} INFO - Setting next_dagrun for read_dataset_event to 2025-01-09 00:00:00+00:00, run_after=2025-01-10 00:00:00+00:00
[2025-01-10T00:51:09.628+0000] {logging_mixin.py:190} INFO - [2025-01-10T00:51:09.628+0000] {dag.py:4180} INFO - Setting next_dagrun for read_dataset_event_from_classic to 2025-01-09 00:00:00+00:00, run_after=2025-01-10 00:00:00+00:00
[2025-01-10T00:51:09.700+0000] {processor.py:208} INFO - Processing /home/airflow/.local/lib/python3.12/site-packages/airflow/example_dags/example_inlet_event_extra.py took 0.706 seconds
[2025-01-10T00:51:40.320+0000] {processor.py:186} INFO - Started process (PID=1046) to work on /home/airflow/.local/lib/python3.12/site-packages/airflow/example_dags/example_inlet_event_extra.py
[2025-01-10T00:51:40.321+0000] {processor.py:914} INFO - Processing file /home/airflow/.local/lib/python3.12/site-packages/airflow/example_dags/example_inlet_event_extra.py for tasks to queue
[2025-01-10T00:51:40.324+0000] {logging_mixin.py:190} INFO - [2025-01-10T00:51:40.323+0000] {dagbag.py:588} INFO - Filling up the DagBag from /home/airflow/.local/lib/python3.12/site-packages/airflow/example_dags/example_inlet_event_extra.py
[2025-01-10T00:51:40.861+0000] {processor.py:925} INFO - DAG(s) 'read_dataset_event', 'read_dataset_event_from_classic' retrieved from /home/airflow/.local/lib/python3.12/site-packages/airflow/example_dags/example_inlet_event_extra.py
[2025-01-10T00:51:40.881+0000] {logging_mixin.py:190} INFO - [2025-01-10T00:51:40.880+0000] {dag.py:3239} INFO - Sync 2 DAGs
[2025-01-10T00:51:40.909+0000] {logging_mixin.py:190} INFO - [2025-01-10T00:51:40.909+0000] {dag.py:4180} INFO - Setting next_dagrun for read_dataset_event to 2025-01-09 00:00:00+00:00, run_after=2025-01-10 00:00:00+00:00
[2025-01-10T00:51:40.914+0000] {logging_mixin.py:190} INFO - [2025-01-10T00:51:40.914+0000] {dag.py:4180} INFO - Setting next_dagrun for read_dataset_event_from_classic to 2025-01-09 00:00:00+00:00, run_after=2025-01-10 00:00:00+00:00
[2025-01-10T00:51:40.931+0000] {processor.py:208} INFO - Processing /home/airflow/.local/lib/python3.12/site-packages/airflow/example_dags/example_inlet_event_extra.py took 0.615 seconds
[2025-01-10T00:52:11.597+0000] {processor.py:186} INFO - Started process (PID=1109) to work on /home/airflow/.local/lib/python3.12/site-packages/airflow/example_dags/example_inlet_event_extra.py
[2025-01-10T00:52:11.598+0000] {processor.py:914} INFO - Processing file /home/airflow/.local/lib/python3.12/site-packages/airflow/example_dags/example_inlet_event_extra.py for tasks to queue
[2025-01-10T00:52:11.601+0000] {logging_mixin.py:190} INFO - [2025-01-10T00:52:11.600+0000] {dagbag.py:588} INFO - Filling up the DagBag from /home/airflow/.local/lib/python3.12/site-packages/airflow/example_dags/example_inlet_event_extra.py
[2025-01-10T00:52:12.133+0000] {processor.py:925} INFO - DAG(s) 'read_dataset_event', 'read_dataset_event_from_classic' retrieved from /home/airflow/.local/lib/python3.12/site-packages/airflow/example_dags/example_inlet_event_extra.py
[2025-01-10T00:52:12.152+0000] {logging_mixin.py:190} INFO - [2025-01-10T00:52:12.152+0000] {dag.py:3239} INFO - Sync 2 DAGs
[2025-01-10T00:52:12.177+0000] {logging_mixin.py:190} INFO - [2025-01-10T00:52:12.177+0000] {dag.py:4180} INFO - Setting next_dagrun for read_dataset_event to 2025-01-09 00:00:00+00:00, run_after=2025-01-10 00:00:00+00:00
[2025-01-10T00:52:12.182+0000] {logging_mixin.py:190} INFO - [2025-01-10T00:52:12.182+0000] {dag.py:4180} INFO - Setting next_dagrun for read_dataset_event_from_classic to 2025-01-09 00:00:00+00:00, run_after=2025-01-10 00:00:00+00:00
[2025-01-10T00:52:12.241+0000] {processor.py:208} INFO - Processing /home/airflow/.local/lib/python3.12/site-packages/airflow/example_dags/example_inlet_event_extra.py took 0.649 seconds
[2025-01-10T00:52:43.153+0000] {processor.py:186} INFO - Started process (PID=1178) to work on /home/airflow/.local/lib/python3.12/site-packages/airflow/example_dags/example_inlet_event_extra.py
[2025-01-10T00:52:43.154+0000] {processor.py:914} INFO - Processing file /home/airflow/.local/lib/python3.12/site-packages/airflow/example_dags/example_inlet_event_extra.py for tasks to queue
[2025-01-10T00:52:43.157+0000] {logging_mixin.py:190} INFO - [2025-01-10T00:52:43.156+0000] {dagbag.py:588} INFO - Filling up the DagBag from /home/airflow/.local/lib/python3.12/site-packages/airflow/example_dags/example_inlet_event_extra.py
[2025-01-10T00:52:43.689+0000] {processor.py:925} INFO - DAG(s) 'read_dataset_event_from_classic', 'read_dataset_event' retrieved from /home/airflow/.local/lib/python3.12/site-packages/airflow/example_dags/example_inlet_event_extra.py
[2025-01-10T00:52:43.709+0000] {logging_mixin.py:190} INFO - [2025-01-10T00:52:43.709+0000] {dag.py:3239} INFO - Sync 2 DAGs
[2025-01-10T00:52:43.731+0000] {logging_mixin.py:190} INFO - [2025-01-10T00:52:43.731+0000] {dag.py:4180} INFO - Setting next_dagrun for read_dataset_event to 2025-01-09 00:00:00+00:00, run_after=2025-01-10 00:00:00+00:00
[2025-01-10T00:52:43.737+0000] {logging_mixin.py:190} INFO - [2025-01-10T00:52:43.737+0000] {dag.py:4180} INFO - Setting next_dagrun for read_dataset_event_from_classic to 2025-01-09 00:00:00+00:00, run_after=2025-01-10 00:00:00+00:00
[2025-01-10T00:52:43.756+0000] {processor.py:208} INFO - Processing /home/airflow/.local/lib/python3.12/site-packages/airflow/example_dags/example_inlet_event_extra.py took 0.608 seconds
[2025-01-10T00:53:14.373+0000] {processor.py:186} INFO - Started process (PID=1241) to work on /home/airflow/.local/lib/python3.12/site-packages/airflow/example_dags/example_inlet_event_extra.py
[2025-01-10T00:53:14.385+0000] {processor.py:914} INFO - Processing file /home/airflow/.local/lib/python3.12/site-packages/airflow/example_dags/example_inlet_event_extra.py for tasks to queue
[2025-01-10T00:53:14.393+0000] {logging_mixin.py:190} INFO - [2025-01-10T00:53:14.391+0000] {dagbag.py:588} INFO - Filling up the DagBag from /home/airflow/.local/lib/python3.12/site-packages/airflow/example_dags/example_inlet_event_extra.py
[2025-01-10T00:53:15.415+0000] {processor.py:925} INFO - DAG(s) 'read_dataset_event', 'read_dataset_event_from_classic' retrieved from /home/airflow/.local/lib/python3.12/site-packages/airflow/example_dags/example_inlet_event_extra.py
[2025-01-10T00:53:15.436+0000] {logging_mixin.py:190} INFO - [2025-01-10T00:53:15.436+0000] {dag.py:3239} INFO - Sync 2 DAGs
[2025-01-10T00:53:15.463+0000] {logging_mixin.py:190} INFO - [2025-01-10T00:53:15.463+0000] {dag.py:4180} INFO - Setting next_dagrun for read_dataset_event to 2025-01-09 00:00:00+00:00, run_after=2025-01-10 00:00:00+00:00
[2025-01-10T00:53:15.468+0000] {logging_mixin.py:190} INFO - [2025-01-10T00:53:15.468+0000] {dag.py:4180} INFO - Setting next_dagrun for read_dataset_event_from_classic to 2025-01-09 00:00:00+00:00, run_after=2025-01-10 00:00:00+00:00
[2025-01-10T00:53:15.486+0000] {processor.py:208} INFO - Processing /home/airflow/.local/lib/python3.12/site-packages/airflow/example_dags/example_inlet_event_extra.py took 1.122 seconds
[2025-01-10T00:53:45.814+0000] {processor.py:186} INFO - Started process (PID=1305) to work on /home/airflow/.local/lib/python3.12/site-packages/airflow/example_dags/example_inlet_event_extra.py
[2025-01-10T00:53:45.815+0000] {processor.py:914} INFO - Processing file /home/airflow/.local/lib/python3.12/site-packages/airflow/example_dags/example_inlet_event_extra.py for tasks to queue
[2025-01-10T00:53:45.818+0000] {logging_mixin.py:190} INFO - [2025-01-10T00:53:45.818+0000] {dagbag.py:588} INFO - Filling up the DagBag from /home/airflow/.local/lib/python3.12/site-packages/airflow/example_dags/example_inlet_event_extra.py
[2025-01-10T00:53:46.607+0000] {processor.py:925} INFO - DAG(s) 'read_dataset_event_from_classic', 'read_dataset_event' retrieved from /home/airflow/.local/lib/python3.12/site-packages/airflow/example_dags/example_inlet_event_extra.py
[2025-01-10T00:53:46.634+0000] {logging_mixin.py:190} INFO - [2025-01-10T00:53:46.634+0000] {dag.py:3239} INFO - Sync 2 DAGs
[2025-01-10T00:53:46.669+0000] {logging_mixin.py:190} INFO - [2025-01-10T00:53:46.668+0000] {dag.py:4180} INFO - Setting next_dagrun for read_dataset_event to 2025-01-09 00:00:00+00:00, run_after=2025-01-10 00:00:00+00:00
[2025-01-10T00:53:46.676+0000] {logging_mixin.py:190} INFO - [2025-01-10T00:53:46.676+0000] {dag.py:4180} INFO - Setting next_dagrun for read_dataset_event_from_classic to 2025-01-09 00:00:00+00:00, run_after=2025-01-10 00:00:00+00:00
[2025-01-10T00:53:46.698+0000] {processor.py:208} INFO - Processing /home/airflow/.local/lib/python3.12/site-packages/airflow/example_dags/example_inlet_event_extra.py took 0.890 seconds
[2025-01-10T00:54:16.903+0000] {processor.py:186} INFO - Started process (PID=1368) to work on /home/airflow/.local/lib/python3.12/site-packages/airflow/example_dags/example_inlet_event_extra.py
[2025-01-10T00:54:16.904+0000] {processor.py:914} INFO - Processing file /home/airflow/.local/lib/python3.12/site-packages/airflow/example_dags/example_inlet_event_extra.py for tasks to queue
[2025-01-10T00:54:16.907+0000] {logging_mixin.py:190} INFO - [2025-01-10T00:54:16.907+0000] {dagbag.py:588} INFO - Filling up the DagBag from /home/airflow/.local/lib/python3.12/site-packages/airflow/example_dags/example_inlet_event_extra.py
[2025-01-10T00:54:17.457+0000] {processor.py:925} INFO - DAG(s) 'read_dataset_event', 'read_dataset_event_from_classic' retrieved from /home/airflow/.local/lib/python3.12/site-packages/airflow/example_dags/example_inlet_event_extra.py
[2025-01-10T00:54:17.476+0000] {logging_mixin.py:190} INFO - [2025-01-10T00:54:17.475+0000] {dag.py:3239} INFO - Sync 2 DAGs
[2025-01-10T00:54:17.496+0000] {logging_mixin.py:190} INFO - [2025-01-10T00:54:17.496+0000] {dag.py:4180} INFO - Setting next_dagrun for read_dataset_event to 2025-01-09 00:00:00+00:00, run_after=2025-01-10 00:00:00+00:00
[2025-01-10T00:54:17.501+0000] {logging_mixin.py:190} INFO - [2025-01-10T00:54:17.501+0000] {dag.py:4180} INFO - Setting next_dagrun for read_dataset_event_from_classic to 2025-01-09 00:00:00+00:00, run_after=2025-01-10 00:00:00+00:00
[2025-01-10T00:54:17.571+0000] {processor.py:208} INFO - Processing /home/airflow/.local/lib/python3.12/site-packages/airflow/example_dags/example_inlet_event_extra.py took 0.676 seconds
[2025-01-10T00:54:47.914+0000] {processor.py:186} INFO - Started process (PID=1431) to work on /home/airflow/.local/lib/python3.12/site-packages/airflow/example_dags/example_inlet_event_extra.py
[2025-01-10T00:54:47.916+0000] {processor.py:914} INFO - Processing file /home/airflow/.local/lib/python3.12/site-packages/airflow/example_dags/example_inlet_event_extra.py for tasks to queue
[2025-01-10T00:54:47.918+0000] {logging_mixin.py:190} INFO - [2025-01-10T00:54:47.918+0000] {dagbag.py:588} INFO - Filling up the DagBag from /home/airflow/.local/lib/python3.12/site-packages/airflow/example_dags/example_inlet_event_extra.py
[2025-01-10T00:54:48.455+0000] {processor.py:925} INFO - DAG(s) 'read_dataset_event', 'read_dataset_event_from_classic' retrieved from /home/airflow/.local/lib/python3.12/site-packages/airflow/example_dags/example_inlet_event_extra.py
[2025-01-10T00:54:48.474+0000] {logging_mixin.py:190} INFO - [2025-01-10T00:54:48.474+0000] {dag.py:3239} INFO - Sync 2 DAGs
[2025-01-10T00:54:48.496+0000] {logging_mixin.py:190} INFO - [2025-01-10T00:54:48.496+0000] {dag.py:4180} INFO - Setting next_dagrun for read_dataset_event to 2025-01-09 00:00:00+00:00, run_after=2025-01-10 00:00:00+00:00
[2025-01-10T00:54:48.500+0000] {logging_mixin.py:190} INFO - [2025-01-10T00:54:48.500+0000] {dag.py:4180} INFO - Setting next_dagrun for read_dataset_event_from_classic to 2025-01-09 00:00:00+00:00, run_after=2025-01-10 00:00:00+00:00
[2025-01-10T00:54:48.517+0000] {processor.py:208} INFO - Processing /home/airflow/.local/lib/python3.12/site-packages/airflow/example_dags/example_inlet_event_extra.py took 0.609 seconds
[2025-01-10T00:55:19.089+0000] {processor.py:186} INFO - Started process (PID=1494) to work on /home/airflow/.local/lib/python3.12/site-packages/airflow/example_dags/example_inlet_event_extra.py
[2025-01-10T00:55:19.090+0000] {processor.py:914} INFO - Processing file /home/airflow/.local/lib/python3.12/site-packages/airflow/example_dags/example_inlet_event_extra.py for tasks to queue
[2025-01-10T00:55:19.092+0000] {logging_mixin.py:190} INFO - [2025-01-10T00:55:19.092+0000] {dagbag.py:588} INFO - Filling up the DagBag from /home/airflow/.local/lib/python3.12/site-packages/airflow/example_dags/example_inlet_event_extra.py
[2025-01-10T00:55:19.720+0000] {processor.py:925} INFO - DAG(s) 'read_dataset_event_from_classic', 'read_dataset_event' retrieved from /home/airflow/.local/lib/python3.12/site-packages/airflow/example_dags/example_inlet_event_extra.py
[2025-01-10T00:55:19.739+0000] {logging_mixin.py:190} INFO - [2025-01-10T00:55:19.739+0000] {dag.py:3239} INFO - Sync 2 DAGs
[2025-01-10T00:55:19.763+0000] {logging_mixin.py:190} INFO - [2025-01-10T00:55:19.763+0000] {dag.py:4180} INFO - Setting next_dagrun for read_dataset_event to 2025-01-09 00:00:00+00:00, run_after=2025-01-10 00:00:00+00:00
[2025-01-10T00:55:19.768+0000] {logging_mixin.py:190} INFO - [2025-01-10T00:55:19.768+0000] {dag.py:4180} INFO - Setting next_dagrun for read_dataset_event_from_classic to 2025-01-09 00:00:00+00:00, run_after=2025-01-10 00:00:00+00:00
[2025-01-10T00:55:19.785+0000] {processor.py:208} INFO - Processing /home/airflow/.local/lib/python3.12/site-packages/airflow/example_dags/example_inlet_event_extra.py took 0.702 seconds
[2025-01-10T00:55:50.239+0000] {processor.py:186} INFO - Started process (PID=1557) to work on /home/airflow/.local/lib/python3.12/site-packages/airflow/example_dags/example_inlet_event_extra.py
[2025-01-10T00:55:50.240+0000] {processor.py:914} INFO - Processing file /home/airflow/.local/lib/python3.12/site-packages/airflow/example_dags/example_inlet_event_extra.py for tasks to queue
[2025-01-10T00:55:50.243+0000] {logging_mixin.py:190} INFO - [2025-01-10T00:55:50.242+0000] {dagbag.py:588} INFO - Filling up the DagBag from /home/airflow/.local/lib/python3.12/site-packages/airflow/example_dags/example_inlet_event_extra.py
[2025-01-10T00:55:50.745+0000] {processor.py:925} INFO - DAG(s) 'read_dataset_event_from_classic', 'read_dataset_event' retrieved from /home/airflow/.local/lib/python3.12/site-packages/airflow/example_dags/example_inlet_event_extra.py
[2025-01-10T00:55:50.764+0000] {logging_mixin.py:190} INFO - [2025-01-10T00:55:50.764+0000] {dag.py:3239} INFO - Sync 2 DAGs
[2025-01-10T00:55:50.786+0000] {logging_mixin.py:190} INFO - [2025-01-10T00:55:50.785+0000] {dag.py:4180} INFO - Setting next_dagrun for read_dataset_event to 2025-01-09 00:00:00+00:00, run_after=2025-01-10 00:00:00+00:00
[2025-01-10T00:55:50.791+0000] {logging_mixin.py:190} INFO - [2025-01-10T00:55:50.790+0000] {dag.py:4180} INFO - Setting next_dagrun for read_dataset_event_from_classic to 2025-01-09 00:00:00+00:00, run_after=2025-01-10 00:00:00+00:00
[2025-01-10T00:55:50.809+0000] {processor.py:208} INFO - Processing /home/airflow/.local/lib/python3.12/site-packages/airflow/example_dags/example_inlet_event_extra.py took 0.577 seconds
[2025-01-10T00:56:21.182+0000] {processor.py:186} INFO - Started process (PID=1620) to work on /home/airflow/.local/lib/python3.12/site-packages/airflow/example_dags/example_inlet_event_extra.py
[2025-01-10T00:56:21.183+0000] {processor.py:914} INFO - Processing file /home/airflow/.local/lib/python3.12/site-packages/airflow/example_dags/example_inlet_event_extra.py for tasks to queue
[2025-01-10T00:56:21.186+0000] {logging_mixin.py:190} INFO - [2025-01-10T00:56:21.185+0000] {dagbag.py:588} INFO - Filling up the DagBag from /home/airflow/.local/lib/python3.12/site-packages/airflow/example_dags/example_inlet_event_extra.py
[2025-01-10T00:56:21.718+0000] {processor.py:925} INFO - DAG(s) 'read_dataset_event', 'read_dataset_event_from_classic' retrieved from /home/airflow/.local/lib/python3.12/site-packages/airflow/example_dags/example_inlet_event_extra.py
[2025-01-10T00:56:21.738+0000] {logging_mixin.py:190} INFO - [2025-01-10T00:56:21.738+0000] {dag.py:3239} INFO - Sync 2 DAGs
[2025-01-10T00:56:21.762+0000] {logging_mixin.py:190} INFO - [2025-01-10T00:56:21.762+0000] {dag.py:4180} INFO - Setting next_dagrun for read_dataset_event to 2025-01-09 00:00:00+00:00, run_after=2025-01-10 00:00:00+00:00
[2025-01-10T00:56:21.767+0000] {logging_mixin.py:190} INFO - [2025-01-10T00:56:21.767+0000] {dag.py:4180} INFO - Setting next_dagrun for read_dataset_event_from_classic to 2025-01-09 00:00:00+00:00, run_after=2025-01-10 00:00:00+00:00
[2025-01-10T00:56:21.784+0000] {processor.py:208} INFO - Processing /home/airflow/.local/lib/python3.12/site-packages/airflow/example_dags/example_inlet_event_extra.py took 0.607 seconds
[2025-01-10T00:56:52.629+0000] {processor.py:186} INFO - Started process (PID=1683) to work on /home/airflow/.local/lib/python3.12/site-packages/airflow/example_dags/example_inlet_event_extra.py
[2025-01-10T00:56:52.630+0000] {processor.py:914} INFO - Processing file /home/airflow/.local/lib/python3.12/site-packages/airflow/example_dags/example_inlet_event_extra.py for tasks to queue
[2025-01-10T00:56:52.633+0000] {logging_mixin.py:190} INFO - [2025-01-10T00:56:52.633+0000] {dagbag.py:588} INFO - Filling up the DagBag from /home/airflow/.local/lib/python3.12/site-packages/airflow/example_dags/example_inlet_event_extra.py
[2025-01-10T00:56:53.255+0000] {processor.py:925} INFO - DAG(s) 'read_dataset_event', 'read_dataset_event_from_classic' retrieved from /home/airflow/.local/lib/python3.12/site-packages/airflow/example_dags/example_inlet_event_extra.py
[2025-01-10T00:56:53.277+0000] {logging_mixin.py:190} INFO - [2025-01-10T00:56:53.277+0000] {dag.py:3239} INFO - Sync 2 DAGs
[2025-01-10T00:56:53.303+0000] {logging_mixin.py:190} INFO - [2025-01-10T00:56:53.302+0000] {dag.py:4180} INFO - Setting next_dagrun for read_dataset_event to 2025-01-09 00:00:00+00:00, run_after=2025-01-10 00:00:00+00:00
[2025-01-10T00:56:53.308+0000] {logging_mixin.py:190} INFO - [2025-01-10T00:56:53.308+0000] {dag.py:4180} INFO - Setting next_dagrun for read_dataset_event_from_classic to 2025-01-09 00:00:00+00:00, run_after=2025-01-10 00:00:00+00:00
[2025-01-10T00:56:53.362+0000] {processor.py:208} INFO - Processing /home/airflow/.local/lib/python3.12/site-packages/airflow/example_dags/example_inlet_event_extra.py took 0.739 seconds
[2025-01-10T00:57:23.884+0000] {processor.py:186} INFO - Started process (PID=1746) to work on /home/airflow/.local/lib/python3.12/site-packages/airflow/example_dags/example_inlet_event_extra.py
[2025-01-10T00:57:23.885+0000] {processor.py:914} INFO - Processing file /home/airflow/.local/lib/python3.12/site-packages/airflow/example_dags/example_inlet_event_extra.py for tasks to queue
[2025-01-10T00:57:23.888+0000] {logging_mixin.py:190} INFO - [2025-01-10T00:57:23.887+0000] {dagbag.py:588} INFO - Filling up the DagBag from /home/airflow/.local/lib/python3.12/site-packages/airflow/example_dags/example_inlet_event_extra.py
[2025-01-10T00:57:24.446+0000] {processor.py:925} INFO - DAG(s) 'read_dataset_event_from_classic', 'read_dataset_event' retrieved from /home/airflow/.local/lib/python3.12/site-packages/airflow/example_dags/example_inlet_event_extra.py
[2025-01-10T00:57:24.467+0000] {logging_mixin.py:190} INFO - [2025-01-10T00:57:24.467+0000] {dag.py:3239} INFO - Sync 2 DAGs
[2025-01-10T00:57:24.493+0000] {logging_mixin.py:190} INFO - [2025-01-10T00:57:24.493+0000] {dag.py:4180} INFO - Setting next_dagrun for read_dataset_event to 2025-01-09 00:00:00+00:00, run_after=2025-01-10 00:00:00+00:00
[2025-01-10T00:57:24.499+0000] {logging_mixin.py:190} INFO - [2025-01-10T00:57:24.499+0000] {dag.py:4180} INFO - Setting next_dagrun for read_dataset_event_from_classic to 2025-01-09 00:00:00+00:00, run_after=2025-01-10 00:00:00+00:00
[2025-01-10T00:57:24.518+0000] {processor.py:208} INFO - Processing /home/airflow/.local/lib/python3.12/site-packages/airflow/example_dags/example_inlet_event_extra.py took 0.639 seconds
[2025-01-10T00:57:55.025+0000] {processor.py:186} INFO - Started process (PID=1810) to work on /home/airflow/.local/lib/python3.12/site-packages/airflow/example_dags/example_inlet_event_extra.py
[2025-01-10T00:57:55.026+0000] {processor.py:914} INFO - Processing file /home/airflow/.local/lib/python3.12/site-packages/airflow/example_dags/example_inlet_event_extra.py for tasks to queue
[2025-01-10T00:57:55.030+0000] {logging_mixin.py:190} INFO - [2025-01-10T00:57:55.030+0000] {dagbag.py:588} INFO - Filling up the DagBag from /home/airflow/.local/lib/python3.12/site-packages/airflow/example_dags/example_inlet_event_extra.py
[2025-01-10T00:57:55.647+0000] {processor.py:925} INFO - DAG(s) 'read_dataset_event', 'read_dataset_event_from_classic' retrieved from /home/airflow/.local/lib/python3.12/site-packages/airflow/example_dags/example_inlet_event_extra.py
[2025-01-10T00:57:55.668+0000] {logging_mixin.py:190} INFO - [2025-01-10T00:57:55.668+0000] {dag.py:3239} INFO - Sync 2 DAGs
[2025-01-10T00:57:55.693+0000] {logging_mixin.py:190} INFO - [2025-01-10T00:57:55.693+0000] {dag.py:4180} INFO - Setting next_dagrun for read_dataset_event to 2025-01-09 00:00:00+00:00, run_after=2025-01-10 00:00:00+00:00
[2025-01-10T00:57:55.698+0000] {logging_mixin.py:190} INFO - [2025-01-10T00:57:55.698+0000] {dag.py:4180} INFO - Setting next_dagrun for read_dataset_event_from_classic to 2025-01-09 00:00:00+00:00, run_after=2025-01-10 00:00:00+00:00
[2025-01-10T00:57:55.740+0000] {processor.py:208} INFO - Processing /home/airflow/.local/lib/python3.12/site-packages/airflow/example_dags/example_inlet_event_extra.py took 0.723 seconds
[2025-01-10T00:58:26.265+0000] {processor.py:186} INFO - Started process (PID=1873) to work on /home/airflow/.local/lib/python3.12/site-packages/airflow/example_dags/example_inlet_event_extra.py
[2025-01-10T00:58:26.266+0000] {processor.py:914} INFO - Processing file /home/airflow/.local/lib/python3.12/site-packages/airflow/example_dags/example_inlet_event_extra.py for tasks to queue
[2025-01-10T00:58:26.268+0000] {logging_mixin.py:190} INFO - [2025-01-10T00:58:26.268+0000] {dagbag.py:588} INFO - Filling up the DagBag from /home/airflow/.local/lib/python3.12/site-packages/airflow/example_dags/example_inlet_event_extra.py
[2025-01-10T00:58:26.934+0000] {processor.py:925} INFO - DAG(s) 'read_dataset_event', 'read_dataset_event_from_classic' retrieved from /home/airflow/.local/lib/python3.12/site-packages/airflow/example_dags/example_inlet_event_extra.py
[2025-01-10T00:58:26.970+0000] {logging_mixin.py:190} INFO - [2025-01-10T00:58:26.970+0000] {dag.py:3239} INFO - Sync 2 DAGs
[2025-01-10T00:58:26.996+0000] {logging_mixin.py:190} INFO - [2025-01-10T00:58:26.996+0000] {dag.py:4180} INFO - Setting next_dagrun for read_dataset_event to 2025-01-09 00:00:00+00:00, run_after=2025-01-10 00:00:00+00:00
[2025-01-10T00:58:27.004+0000] {logging_mixin.py:190} INFO - [2025-01-10T00:58:27.004+0000] {dag.py:4180} INFO - Setting next_dagrun for read_dataset_event_from_classic to 2025-01-09 00:00:00+00:00, run_after=2025-01-10 00:00:00+00:00
[2025-01-10T00:58:27.026+0000] {processor.py:208} INFO - Processing /home/airflow/.local/lib/python3.12/site-packages/airflow/example_dags/example_inlet_event_extra.py took 0.767 seconds
[2025-01-10T01:02:00.412+0000] {processor.py:186} INFO - Started process (PID=88) to work on /home/airflow/.local/lib/python3.12/site-packages/airflow/example_dags/example_inlet_event_extra.py
[2025-01-10T01:02:00.415+0000] {processor.py:914} INFO - Processing file /home/airflow/.local/lib/python3.12/site-packages/airflow/example_dags/example_inlet_event_extra.py for tasks to queue
[2025-01-10T01:02:00.423+0000] {logging_mixin.py:190} INFO - [2025-01-10T01:02:00.422+0000] {dagbag.py:588} INFO - Filling up the DagBag from /home/airflow/.local/lib/python3.12/site-packages/airflow/example_dags/example_inlet_event_extra.py
[2025-01-10T01:02:01.813+0000] {processor.py:925} INFO - DAG(s) 'read_dataset_event', 'read_dataset_event_from_classic' retrieved from /home/airflow/.local/lib/python3.12/site-packages/airflow/example_dags/example_inlet_event_extra.py
[2025-01-10T01:02:01.865+0000] {logging_mixin.py:190} INFO - [2025-01-10T01:02:01.865+0000] {dag.py:3239} INFO - Sync 2 DAGs
[2025-01-10T01:02:01.920+0000] {logging_mixin.py:190} INFO - [2025-01-10T01:02:01.919+0000] {dag.py:4180} INFO - Setting next_dagrun for read_dataset_event to 2025-01-09 00:00:00+00:00, run_after=2025-01-10 00:00:00+00:00
[2025-01-10T01:02:01.934+0000] {logging_mixin.py:190} INFO - [2025-01-10T01:02:01.934+0000] {dag.py:4180} INFO - Setting next_dagrun for read_dataset_event_from_classic to 2025-01-09 00:00:00+00:00, run_after=2025-01-10 00:00:00+00:00
[2025-01-10T01:02:01.968+0000] {processor.py:208} INFO - Processing /home/airflow/.local/lib/python3.12/site-packages/airflow/example_dags/example_inlet_event_extra.py took 1.566 seconds
[2025-01-10T01:02:32.198+0000] {processor.py:186} INFO - Started process (PID=153) to work on /home/airflow/.local/lib/python3.12/site-packages/airflow/example_dags/example_inlet_event_extra.py
[2025-01-10T01:02:32.199+0000] {processor.py:914} INFO - Processing file /home/airflow/.local/lib/python3.12/site-packages/airflow/example_dags/example_inlet_event_extra.py for tasks to queue
[2025-01-10T01:02:32.202+0000] {logging_mixin.py:190} INFO - [2025-01-10T01:02:32.201+0000] {dagbag.py:588} INFO - Filling up the DagBag from /home/airflow/.local/lib/python3.12/site-packages/airflow/example_dags/example_inlet_event_extra.py
[2025-01-10T01:02:32.813+0000] {processor.py:925} INFO - DAG(s) 'read_dataset_event', 'read_dataset_event_from_classic' retrieved from /home/airflow/.local/lib/python3.12/site-packages/airflow/example_dags/example_inlet_event_extra.py
[2025-01-10T01:02:32.843+0000] {logging_mixin.py:190} INFO - [2025-01-10T01:02:32.843+0000] {dag.py:3239} INFO - Sync 2 DAGs
[2025-01-10T01:02:32.883+0000] {logging_mixin.py:190} INFO - [2025-01-10T01:02:32.882+0000] {dag.py:4180} INFO - Setting next_dagrun for read_dataset_event to 2025-01-09 00:00:00+00:00, run_after=2025-01-10 00:00:00+00:00
[2025-01-10T01:02:32.893+0000] {logging_mixin.py:190} INFO - [2025-01-10T01:02:32.893+0000] {dag.py:4180} INFO - Setting next_dagrun for read_dataset_event_from_classic to 2025-01-09 00:00:00+00:00, run_after=2025-01-10 00:00:00+00:00
[2025-01-10T01:02:32.928+0000] {processor.py:208} INFO - Processing /home/airflow/.local/lib/python3.12/site-packages/airflow/example_dags/example_inlet_event_extra.py took 0.738 seconds
[2025-01-10T01:03:03.182+0000] {processor.py:186} INFO - Started process (PID=220) to work on /home/airflow/.local/lib/python3.12/site-packages/airflow/example_dags/example_inlet_event_extra.py
[2025-01-10T01:03:03.184+0000] {processor.py:914} INFO - Processing file /home/airflow/.local/lib/python3.12/site-packages/airflow/example_dags/example_inlet_event_extra.py for tasks to queue
[2025-01-10T01:03:03.188+0000] {logging_mixin.py:190} INFO - [2025-01-10T01:03:03.187+0000] {dagbag.py:588} INFO - Filling up the DagBag from /home/airflow/.local/lib/python3.12/site-packages/airflow/example_dags/example_inlet_event_extra.py
[2025-01-10T01:03:04.007+0000] {processor.py:925} INFO - DAG(s) 'read_dataset_event', 'read_dataset_event_from_classic' retrieved from /home/airflow/.local/lib/python3.12/site-packages/airflow/example_dags/example_inlet_event_extra.py
[2025-01-10T01:03:04.043+0000] {logging_mixin.py:190} INFO - [2025-01-10T01:03:04.043+0000] {dag.py:3239} INFO - Sync 2 DAGs
[2025-01-10T01:03:04.093+0000] {logging_mixin.py:190} INFO - [2025-01-10T01:03:04.093+0000] {dag.py:4180} INFO - Setting next_dagrun for read_dataset_event to 2025-01-09 00:00:00+00:00, run_after=2025-01-10 00:00:00+00:00
[2025-01-10T01:03:04.112+0000] {logging_mixin.py:190} INFO - [2025-01-10T01:03:04.112+0000] {dag.py:4180} INFO - Setting next_dagrun for read_dataset_event_from_classic to 2025-01-09 00:00:00+00:00, run_after=2025-01-10 00:00:00+00:00
[2025-01-10T01:03:04.144+0000] {processor.py:208} INFO - Processing /home/airflow/.local/lib/python3.12/site-packages/airflow/example_dags/example_inlet_event_extra.py took 0.968 seconds
[2025-01-10T01:03:34.414+0000] {processor.py:186} INFO - Started process (PID=284) to work on /home/airflow/.local/lib/python3.12/site-packages/airflow/example_dags/example_inlet_event_extra.py
[2025-01-10T01:03:34.415+0000] {processor.py:914} INFO - Processing file /home/airflow/.local/lib/python3.12/site-packages/airflow/example_dags/example_inlet_event_extra.py for tasks to queue
[2025-01-10T01:03:34.418+0000] {logging_mixin.py:190} INFO - [2025-01-10T01:03:34.417+0000] {dagbag.py:588} INFO - Filling up the DagBag from /home/airflow/.local/lib/python3.12/site-packages/airflow/example_dags/example_inlet_event_extra.py
[2025-01-10T01:03:34.930+0000] {processor.py:925} INFO - DAG(s) 'read_dataset_event', 'read_dataset_event_from_classic' retrieved from /home/airflow/.local/lib/python3.12/site-packages/airflow/example_dags/example_inlet_event_extra.py
[2025-01-10T01:03:34.949+0000] {logging_mixin.py:190} INFO - [2025-01-10T01:03:34.949+0000] {dag.py:3239} INFO - Sync 2 DAGs
[2025-01-10T01:03:34.970+0000] {logging_mixin.py:190} INFO - [2025-01-10T01:03:34.970+0000] {dag.py:4180} INFO - Setting next_dagrun for read_dataset_event to 2025-01-09 00:00:00+00:00, run_after=2025-01-10 00:00:00+00:00
[2025-01-10T01:03:34.975+0000] {logging_mixin.py:190} INFO - [2025-01-10T01:03:34.975+0000] {dag.py:4180} INFO - Setting next_dagrun for read_dataset_event_from_classic to 2025-01-09 00:00:00+00:00, run_after=2025-01-10 00:00:00+00:00
[2025-01-10T01:03:34.992+0000] {processor.py:208} INFO - Processing /home/airflow/.local/lib/python3.12/site-packages/airflow/example_dags/example_inlet_event_extra.py took 0.583 seconds
[2025-01-10T01:04:05.146+0000] {processor.py:186} INFO - Started process (PID=351) to work on /home/airflow/.local/lib/python3.12/site-packages/airflow/example_dags/example_inlet_event_extra.py
[2025-01-10T01:04:05.147+0000] {processor.py:914} INFO - Processing file /home/airflow/.local/lib/python3.12/site-packages/airflow/example_dags/example_inlet_event_extra.py for tasks to queue
[2025-01-10T01:04:05.151+0000] {logging_mixin.py:190} INFO - [2025-01-10T01:04:05.150+0000] {dagbag.py:588} INFO - Filling up the DagBag from /home/airflow/.local/lib/python3.12/site-packages/airflow/example_dags/example_inlet_event_extra.py
[2025-01-10T01:04:05.775+0000] {processor.py:925} INFO - DAG(s) 'read_dataset_event', 'read_dataset_event_from_classic' retrieved from /home/airflow/.local/lib/python3.12/site-packages/airflow/example_dags/example_inlet_event_extra.py
[2025-01-10T01:04:05.810+0000] {logging_mixin.py:190} INFO - [2025-01-10T01:04:05.810+0000] {dag.py:3239} INFO - Sync 2 DAGs
[2025-01-10T01:04:05.861+0000] {logging_mixin.py:190} INFO - [2025-01-10T01:04:05.860+0000] {dag.py:4180} INFO - Setting next_dagrun for read_dataset_event to 2025-01-09 00:00:00+00:00, run_after=2025-01-10 00:00:00+00:00
[2025-01-10T01:04:05.871+0000] {logging_mixin.py:190} INFO - [2025-01-10T01:04:05.871+0000] {dag.py:4180} INFO - Setting next_dagrun for read_dataset_event_from_classic to 2025-01-09 00:00:00+00:00, run_after=2025-01-10 00:00:00+00:00
[2025-01-10T01:04:05.901+0000] {processor.py:208} INFO - Processing /home/airflow/.local/lib/python3.12/site-packages/airflow/example_dags/example_inlet_event_extra.py took 0.760 seconds
[2025-01-10T01:04:36.049+0000] {processor.py:186} INFO - Started process (PID=414) to work on /home/airflow/.local/lib/python3.12/site-packages/airflow/example_dags/example_inlet_event_extra.py
[2025-01-10T01:04:36.050+0000] {processor.py:914} INFO - Processing file /home/airflow/.local/lib/python3.12/site-packages/airflow/example_dags/example_inlet_event_extra.py for tasks to queue
[2025-01-10T01:04:36.054+0000] {logging_mixin.py:190} INFO - [2025-01-10T01:04:36.053+0000] {dagbag.py:588} INFO - Filling up the DagBag from /home/airflow/.local/lib/python3.12/site-packages/airflow/example_dags/example_inlet_event_extra.py
[2025-01-10T01:04:36.672+0000] {processor.py:925} INFO - DAG(s) 'read_dataset_event', 'read_dataset_event_from_classic' retrieved from /home/airflow/.local/lib/python3.12/site-packages/airflow/example_dags/example_inlet_event_extra.py
[2025-01-10T01:04:36.692+0000] {logging_mixin.py:190} INFO - [2025-01-10T01:04:36.691+0000] {dag.py:3239} INFO - Sync 2 DAGs
[2025-01-10T01:04:36.716+0000] {logging_mixin.py:190} INFO - [2025-01-10T01:04:36.715+0000] {dag.py:4180} INFO - Setting next_dagrun for read_dataset_event to 2025-01-09 00:00:00+00:00, run_after=2025-01-10 00:00:00+00:00
[2025-01-10T01:04:36.721+0000] {logging_mixin.py:190} INFO - [2025-01-10T01:04:36.720+0000] {dag.py:4180} INFO - Setting next_dagrun for read_dataset_event_from_classic to 2025-01-09 00:00:00+00:00, run_after=2025-01-10 00:00:00+00:00
[2025-01-10T01:04:36.802+0000] {processor.py:208} INFO - Processing /home/airflow/.local/lib/python3.12/site-packages/airflow/example_dags/example_inlet_event_extra.py took 0.758 seconds
[2025-01-10T01:05:07.627+0000] {processor.py:186} INFO - Started process (PID=477) to work on /home/airflow/.local/lib/python3.12/site-packages/airflow/example_dags/example_inlet_event_extra.py
[2025-01-10T01:05:07.628+0000] {processor.py:914} INFO - Processing file /home/airflow/.local/lib/python3.12/site-packages/airflow/example_dags/example_inlet_event_extra.py for tasks to queue
[2025-01-10T01:05:07.630+0000] {logging_mixin.py:190} INFO - [2025-01-10T01:05:07.630+0000] {dagbag.py:588} INFO - Filling up the DagBag from /home/airflow/.local/lib/python3.12/site-packages/airflow/example_dags/example_inlet_event_extra.py
[2025-01-10T01:05:08.280+0000] {processor.py:925} INFO - DAG(s) 'read_dataset_event_from_classic', 'read_dataset_event' retrieved from /home/airflow/.local/lib/python3.12/site-packages/airflow/example_dags/example_inlet_event_extra.py
[2025-01-10T01:05:08.302+0000] {logging_mixin.py:190} INFO - [2025-01-10T01:05:08.302+0000] {dag.py:3239} INFO - Sync 2 DAGs
[2025-01-10T01:05:08.326+0000] {logging_mixin.py:190} INFO - [2025-01-10T01:05:08.326+0000] {dag.py:4180} INFO - Setting next_dagrun for read_dataset_event to 2025-01-09 00:00:00+00:00, run_after=2025-01-10 00:00:00+00:00
[2025-01-10T01:05:08.332+0000] {logging_mixin.py:190} INFO - [2025-01-10T01:05:08.332+0000] {dag.py:4180} INFO - Setting next_dagrun for read_dataset_event_from_classic to 2025-01-09 00:00:00+00:00, run_after=2025-01-10 00:00:00+00:00
[2025-01-10T01:05:08.349+0000] {processor.py:208} INFO - Processing /home/airflow/.local/lib/python3.12/site-packages/airflow/example_dags/example_inlet_event_extra.py took 0.727 seconds
[2025-01-10T01:05:39.037+0000] {processor.py:186} INFO - Started process (PID=542) to work on /home/airflow/.local/lib/python3.12/site-packages/airflow/example_dags/example_inlet_event_extra.py
[2025-01-10T01:05:39.038+0000] {processor.py:914} INFO - Processing file /home/airflow/.local/lib/python3.12/site-packages/airflow/example_dags/example_inlet_event_extra.py for tasks to queue
[2025-01-10T01:05:39.041+0000] {logging_mixin.py:190} INFO - [2025-01-10T01:05:39.041+0000] {dagbag.py:588} INFO - Filling up the DagBag from /home/airflow/.local/lib/python3.12/site-packages/airflow/example_dags/example_inlet_event_extra.py
[2025-01-10T01:05:39.535+0000] {processor.py:925} INFO - DAG(s) 'read_dataset_event', 'read_dataset_event_from_classic' retrieved from /home/airflow/.local/lib/python3.12/site-packages/airflow/example_dags/example_inlet_event_extra.py
[2025-01-10T01:05:39.553+0000] {logging_mixin.py:190} INFO - [2025-01-10T01:05:39.553+0000] {dag.py:3239} INFO - Sync 2 DAGs
[2025-01-10T01:05:39.574+0000] {logging_mixin.py:190} INFO - [2025-01-10T01:05:39.574+0000] {dag.py:4180} INFO - Setting next_dagrun for read_dataset_event to 2025-01-09 00:00:00+00:00, run_after=2025-01-10 00:00:00+00:00
[2025-01-10T01:05:39.579+0000] {logging_mixin.py:190} INFO - [2025-01-10T01:05:39.579+0000] {dag.py:4180} INFO - Setting next_dagrun for read_dataset_event_from_classic to 2025-01-09 00:00:00+00:00, run_after=2025-01-10 00:00:00+00:00
[2025-01-10T01:05:39.628+0000] {processor.py:208} INFO - Processing /home/airflow/.local/lib/python3.12/site-packages/airflow/example_dags/example_inlet_event_extra.py took 0.596 seconds
[2025-01-10T01:06:09.710+0000] {processor.py:186} INFO - Started process (PID=605) to work on /home/airflow/.local/lib/python3.12/site-packages/airflow/example_dags/example_inlet_event_extra.py
[2025-01-10T01:06:09.712+0000] {processor.py:914} INFO - Processing file /home/airflow/.local/lib/python3.12/site-packages/airflow/example_dags/example_inlet_event_extra.py for tasks to queue
[2025-01-10T01:06:09.714+0000] {logging_mixin.py:190} INFO - [2025-01-10T01:06:09.713+0000] {dagbag.py:588} INFO - Filling up the DagBag from /home/airflow/.local/lib/python3.12/site-packages/airflow/example_dags/example_inlet_event_extra.py
[2025-01-10T01:06:10.211+0000] {processor.py:925} INFO - DAG(s) 'read_dataset_event', 'read_dataset_event_from_classic' retrieved from /home/airflow/.local/lib/python3.12/site-packages/airflow/example_dags/example_inlet_event_extra.py
[2025-01-10T01:06:10.230+0000] {logging_mixin.py:190} INFO - [2025-01-10T01:06:10.229+0000] {dag.py:3239} INFO - Sync 2 DAGs
[2025-01-10T01:06:10.251+0000] {logging_mixin.py:190} INFO - [2025-01-10T01:06:10.250+0000] {dag.py:4180} INFO - Setting next_dagrun for read_dataset_event to 2025-01-09 00:00:00+00:00, run_after=2025-01-10 00:00:00+00:00
[2025-01-10T01:06:10.255+0000] {logging_mixin.py:190} INFO - [2025-01-10T01:06:10.255+0000] {dag.py:4180} INFO - Setting next_dagrun for read_dataset_event_from_classic to 2025-01-09 00:00:00+00:00, run_after=2025-01-10 00:00:00+00:00
[2025-01-10T01:06:10.273+0000] {processor.py:208} INFO - Processing /home/airflow/.local/lib/python3.12/site-packages/airflow/example_dags/example_inlet_event_extra.py took 0.568 seconds
[2025-01-10T01:06:40.326+0000] {processor.py:186} INFO - Started process (PID=671) to work on /home/airflow/.local/lib/python3.12/site-packages/airflow/example_dags/example_inlet_event_extra.py
[2025-01-10T01:06:40.327+0000] {processor.py:914} INFO - Processing file /home/airflow/.local/lib/python3.12/site-packages/airflow/example_dags/example_inlet_event_extra.py for tasks to queue
[2025-01-10T01:06:40.329+0000] {logging_mixin.py:190} INFO - [2025-01-10T01:06:40.329+0000] {dagbag.py:588} INFO - Filling up the DagBag from /home/airflow/.local/lib/python3.12/site-packages/airflow/example_dags/example_inlet_event_extra.py
[2025-01-10T01:06:40.839+0000] {processor.py:925} INFO - DAG(s) 'read_dataset_event_from_classic', 'read_dataset_event' retrieved from /home/airflow/.local/lib/python3.12/site-packages/airflow/example_dags/example_inlet_event_extra.py
[2025-01-10T01:06:40.864+0000] {logging_mixin.py:190} INFO - [2025-01-10T01:06:40.864+0000] {dag.py:3239} INFO - Sync 2 DAGs
[2025-01-10T01:06:40.893+0000] {logging_mixin.py:190} INFO - [2025-01-10T01:06:40.893+0000] {dag.py:4180} INFO - Setting next_dagrun for read_dataset_event to 2025-01-09 00:00:00+00:00, run_after=2025-01-10 00:00:00+00:00
[2025-01-10T01:06:40.899+0000] {logging_mixin.py:190} INFO - [2025-01-10T01:06:40.899+0000] {dag.py:4180} INFO - Setting next_dagrun for read_dataset_event_from_classic to 2025-01-09 00:00:00+00:00, run_after=2025-01-10 00:00:00+00:00
[2025-01-10T01:06:40.920+0000] {processor.py:208} INFO - Processing /home/airflow/.local/lib/python3.12/site-packages/airflow/example_dags/example_inlet_event_extra.py took 0.599 seconds
[2025-01-10T01:07:11.002+0000] {processor.py:186} INFO - Started process (PID=739) to work on /home/airflow/.local/lib/python3.12/site-packages/airflow/example_dags/example_inlet_event_extra.py
[2025-01-10T01:07:11.003+0000] {processor.py:914} INFO - Processing file /home/airflow/.local/lib/python3.12/site-packages/airflow/example_dags/example_inlet_event_extra.py for tasks to queue
[2025-01-10T01:07:11.005+0000] {logging_mixin.py:190} INFO - [2025-01-10T01:07:11.005+0000] {dagbag.py:588} INFO - Filling up the DagBag from /home/airflow/.local/lib/python3.12/site-packages/airflow/example_dags/example_inlet_event_extra.py
[2025-01-10T01:07:11.508+0000] {processor.py:925} INFO - DAG(s) 'read_dataset_event_from_classic', 'read_dataset_event' retrieved from /home/airflow/.local/lib/python3.12/site-packages/airflow/example_dags/example_inlet_event_extra.py
[2025-01-10T01:07:11.524+0000] {logging_mixin.py:190} INFO - [2025-01-10T01:07:11.524+0000] {dag.py:3239} INFO - Sync 2 DAGs
[2025-01-10T01:07:11.546+0000] {logging_mixin.py:190} INFO - [2025-01-10T01:07:11.546+0000] {dag.py:4180} INFO - Setting next_dagrun for read_dataset_event to 2025-01-09 00:00:00+00:00, run_after=2025-01-10 00:00:00+00:00
[2025-01-10T01:07:11.550+0000] {logging_mixin.py:190} INFO - [2025-01-10T01:07:11.550+0000] {dag.py:4180} INFO - Setting next_dagrun for read_dataset_event_from_classic to 2025-01-09 00:00:00+00:00, run_after=2025-01-10 00:00:00+00:00
[2025-01-10T01:07:11.596+0000] {processor.py:208} INFO - Processing /home/airflow/.local/lib/python3.12/site-packages/airflow/example_dags/example_inlet_event_extra.py took 0.599 seconds
[2025-01-10T01:07:42.568+0000] {processor.py:186} INFO - Started process (PID=803) to work on /home/airflow/.local/lib/python3.12/site-packages/airflow/example_dags/example_inlet_event_extra.py
[2025-01-10T01:07:42.569+0000] {processor.py:914} INFO - Processing file /home/airflow/.local/lib/python3.12/site-packages/airflow/example_dags/example_inlet_event_extra.py for tasks to queue
[2025-01-10T01:07:42.572+0000] {logging_mixin.py:190} INFO - [2025-01-10T01:07:42.571+0000] {dagbag.py:588} INFO - Filling up the DagBag from /home/airflow/.local/lib/python3.12/site-packages/airflow/example_dags/example_inlet_event_extra.py
[2025-01-10T01:07:43.063+0000] {processor.py:925} INFO - DAG(s) 'read_dataset_event', 'read_dataset_event_from_classic' retrieved from /home/airflow/.local/lib/python3.12/site-packages/airflow/example_dags/example_inlet_event_extra.py
[2025-01-10T01:07:43.082+0000] {logging_mixin.py:190} INFO - [2025-01-10T01:07:43.082+0000] {dag.py:3239} INFO - Sync 2 DAGs
[2025-01-10T01:07:43.103+0000] {logging_mixin.py:190} INFO - [2025-01-10T01:07:43.103+0000] {dag.py:4180} INFO - Setting next_dagrun for read_dataset_event to 2025-01-09 00:00:00+00:00, run_after=2025-01-10 00:00:00+00:00
[2025-01-10T01:07:43.108+0000] {logging_mixin.py:190} INFO - [2025-01-10T01:07:43.108+0000] {dag.py:4180} INFO - Setting next_dagrun for read_dataset_event_from_classic to 2025-01-09 00:00:00+00:00, run_after=2025-01-10 00:00:00+00:00
[2025-01-10T01:07:43.174+0000] {processor.py:208} INFO - Processing /home/airflow/.local/lib/python3.12/site-packages/airflow/example_dags/example_inlet_event_extra.py took 0.612 seconds
[2025-01-10T01:08:13.453+0000] {processor.py:186} INFO - Started process (PID=867) to work on /home/airflow/.local/lib/python3.12/site-packages/airflow/example_dags/example_inlet_event_extra.py
[2025-01-10T01:08:13.455+0000] {processor.py:914} INFO - Processing file /home/airflow/.local/lib/python3.12/site-packages/airflow/example_dags/example_inlet_event_extra.py for tasks to queue
[2025-01-10T01:08:13.458+0000] {logging_mixin.py:190} INFO - [2025-01-10T01:08:13.458+0000] {dagbag.py:588} INFO - Filling up the DagBag from /home/airflow/.local/lib/python3.12/site-packages/airflow/example_dags/example_inlet_event_extra.py
[2025-01-10T01:08:14.027+0000] {processor.py:925} INFO - DAG(s) 'read_dataset_event', 'read_dataset_event_from_classic' retrieved from /home/airflow/.local/lib/python3.12/site-packages/airflow/example_dags/example_inlet_event_extra.py
[2025-01-10T01:08:14.045+0000] {logging_mixin.py:190} INFO - [2025-01-10T01:08:14.045+0000] {dag.py:3239} INFO - Sync 2 DAGs
[2025-01-10T01:08:14.066+0000] {logging_mixin.py:190} INFO - [2025-01-10T01:08:14.066+0000] {dag.py:4180} INFO - Setting next_dagrun for read_dataset_event to 2025-01-09 00:00:00+00:00, run_after=2025-01-10 00:00:00+00:00
[2025-01-10T01:08:14.070+0000] {logging_mixin.py:190} INFO - [2025-01-10T01:08:14.070+0000] {dag.py:4180} INFO - Setting next_dagrun for read_dataset_event_from_classic to 2025-01-09 00:00:00+00:00, run_after=2025-01-10 00:00:00+00:00
[2025-01-10T01:08:14.123+0000] {processor.py:208} INFO - Processing /home/airflow/.local/lib/python3.12/site-packages/airflow/example_dags/example_inlet_event_extra.py took 0.678 seconds
[2025-01-10T01:08:44.184+0000] {processor.py:186} INFO - Started process (PID=930) to work on /home/airflow/.local/lib/python3.12/site-packages/airflow/example_dags/example_inlet_event_extra.py
[2025-01-10T01:08:44.185+0000] {processor.py:914} INFO - Processing file /home/airflow/.local/lib/python3.12/site-packages/airflow/example_dags/example_inlet_event_extra.py for tasks to queue
[2025-01-10T01:08:44.188+0000] {logging_mixin.py:190} INFO - [2025-01-10T01:08:44.188+0000] {dagbag.py:588} INFO - Filling up the DagBag from /home/airflow/.local/lib/python3.12/site-packages/airflow/example_dags/example_inlet_event_extra.py
[2025-01-10T01:08:44.719+0000] {processor.py:925} INFO - DAG(s) 'read_dataset_event', 'read_dataset_event_from_classic' retrieved from /home/airflow/.local/lib/python3.12/site-packages/airflow/example_dags/example_inlet_event_extra.py
[2025-01-10T01:08:44.737+0000] {logging_mixin.py:190} INFO - [2025-01-10T01:08:44.737+0000] {dag.py:3239} INFO - Sync 2 DAGs
[2025-01-10T01:08:44.761+0000] {logging_mixin.py:190} INFO - [2025-01-10T01:08:44.760+0000] {dag.py:4180} INFO - Setting next_dagrun for read_dataset_event to 2025-01-09 00:00:00+00:00, run_after=2025-01-10 00:00:00+00:00
[2025-01-10T01:08:44.766+0000] {logging_mixin.py:190} INFO - [2025-01-10T01:08:44.765+0000] {dag.py:4180} INFO - Setting next_dagrun for read_dataset_event_from_classic to 2025-01-09 00:00:00+00:00, run_after=2025-01-10 00:00:00+00:00
[2025-01-10T01:08:44.783+0000] {processor.py:208} INFO - Processing /home/airflow/.local/lib/python3.12/site-packages/airflow/example_dags/example_inlet_event_extra.py took 0.604 seconds
[2025-01-10T01:09:14.860+0000] {processor.py:186} INFO - Started process (PID=999) to work on /home/airflow/.local/lib/python3.12/site-packages/airflow/example_dags/example_inlet_event_extra.py
[2025-01-10T01:09:14.861+0000] {processor.py:914} INFO - Processing file /home/airflow/.local/lib/python3.12/site-packages/airflow/example_dags/example_inlet_event_extra.py for tasks to queue
[2025-01-10T01:09:14.863+0000] {logging_mixin.py:190} INFO - [2025-01-10T01:09:14.863+0000] {dagbag.py:588} INFO - Filling up the DagBag from /home/airflow/.local/lib/python3.12/site-packages/airflow/example_dags/example_inlet_event_extra.py
[2025-01-10T01:09:15.418+0000] {processor.py:925} INFO - DAG(s) 'read_dataset_event', 'read_dataset_event_from_classic' retrieved from /home/airflow/.local/lib/python3.12/site-packages/airflow/example_dags/example_inlet_event_extra.py
[2025-01-10T01:09:15.441+0000] {logging_mixin.py:190} INFO - [2025-01-10T01:09:15.441+0000] {dag.py:3239} INFO - Sync 2 DAGs
[2025-01-10T01:09:15.467+0000] {logging_mixin.py:190} INFO - [2025-01-10T01:09:15.466+0000] {dag.py:4180} INFO - Setting next_dagrun for read_dataset_event to 2025-01-09 00:00:00+00:00, run_after=2025-01-10 00:00:00+00:00
[2025-01-10T01:09:15.472+0000] {logging_mixin.py:190} INFO - [2025-01-10T01:09:15.472+0000] {dag.py:4180} INFO - Setting next_dagrun for read_dataset_event_from_classic to 2025-01-09 00:00:00+00:00, run_after=2025-01-10 00:00:00+00:00
[2025-01-10T01:09:15.493+0000] {processor.py:208} INFO - Processing /home/airflow/.local/lib/python3.12/site-packages/airflow/example_dags/example_inlet_event_extra.py took 0.638 seconds
[2025-01-10T01:09:46.183+0000] {processor.py:186} INFO - Started process (PID=1066) to work on /home/airflow/.local/lib/python3.12/site-packages/airflow/example_dags/example_inlet_event_extra.py
[2025-01-10T01:09:46.185+0000] {processor.py:914} INFO - Processing file /home/airflow/.local/lib/python3.12/site-packages/airflow/example_dags/example_inlet_event_extra.py for tasks to queue
[2025-01-10T01:09:46.190+0000] {logging_mixin.py:190} INFO - [2025-01-10T01:09:46.189+0000] {dagbag.py:588} INFO - Filling up the DagBag from /home/airflow/.local/lib/python3.12/site-packages/airflow/example_dags/example_inlet_event_extra.py
[2025-01-10T01:09:46.808+0000] {processor.py:925} INFO - DAG(s) 'read_dataset_event_from_classic', 'read_dataset_event' retrieved from /home/airflow/.local/lib/python3.12/site-packages/airflow/example_dags/example_inlet_event_extra.py
[2025-01-10T01:09:46.826+0000] {logging_mixin.py:190} INFO - [2025-01-10T01:09:46.826+0000] {dag.py:3239} INFO - Sync 2 DAGs
[2025-01-10T01:09:46.849+0000] {logging_mixin.py:190} INFO - [2025-01-10T01:09:46.849+0000] {dag.py:4180} INFO - Setting next_dagrun for read_dataset_event to 2025-01-09 00:00:00+00:00, run_after=2025-01-10 00:00:00+00:00
[2025-01-10T01:09:46.854+0000] {logging_mixin.py:190} INFO - [2025-01-10T01:09:46.854+0000] {dag.py:4180} INFO - Setting next_dagrun for read_dataset_event_from_classic to 2025-01-09 00:00:00+00:00, run_after=2025-01-10 00:00:00+00:00
[2025-01-10T01:09:46.872+0000] {processor.py:208} INFO - Processing /home/airflow/.local/lib/python3.12/site-packages/airflow/example_dags/example_inlet_event_extra.py took 0.697 seconds
[2025-01-10T01:10:17.706+0000] {processor.py:186} INFO - Started process (PID=1129) to work on /home/airflow/.local/lib/python3.12/site-packages/airflow/example_dags/example_inlet_event_extra.py
[2025-01-10T01:10:17.707+0000] {processor.py:914} INFO - Processing file /home/airflow/.local/lib/python3.12/site-packages/airflow/example_dags/example_inlet_event_extra.py for tasks to queue
[2025-01-10T01:10:17.709+0000] {logging_mixin.py:190} INFO - [2025-01-10T01:10:17.709+0000] {dagbag.py:588} INFO - Filling up the DagBag from /home/airflow/.local/lib/python3.12/site-packages/airflow/example_dags/example_inlet_event_extra.py
[2025-01-10T01:10:18.186+0000] {processor.py:925} INFO - DAG(s) 'read_dataset_event_from_classic', 'read_dataset_event' retrieved from /home/airflow/.local/lib/python3.12/site-packages/airflow/example_dags/example_inlet_event_extra.py
[2025-01-10T01:10:18.203+0000] {logging_mixin.py:190} INFO - [2025-01-10T01:10:18.203+0000] {dag.py:3239} INFO - Sync 2 DAGs
[2025-01-10T01:10:18.234+0000] {logging_mixin.py:190} INFO - [2025-01-10T01:10:18.234+0000] {dag.py:4180} INFO - Setting next_dagrun for read_dataset_event to 2025-01-09 00:00:00+00:00, run_after=2025-01-10 00:00:00+00:00
[2025-01-10T01:10:18.239+0000] {logging_mixin.py:190} INFO - [2025-01-10T01:10:18.239+0000] {dag.py:4180} INFO - Setting next_dagrun for read_dataset_event_from_classic to 2025-01-09 00:00:00+00:00, run_after=2025-01-10 00:00:00+00:00
[2025-01-10T01:10:18.297+0000] {processor.py:208} INFO - Processing /home/airflow/.local/lib/python3.12/site-packages/airflow/example_dags/example_inlet_event_extra.py took 0.596 seconds
[2025-01-10T01:10:48.807+0000] {processor.py:186} INFO - Started process (PID=1192) to work on /home/airflow/.local/lib/python3.12/site-packages/airflow/example_dags/example_inlet_event_extra.py
[2025-01-10T01:10:48.808+0000] {processor.py:914} INFO - Processing file /home/airflow/.local/lib/python3.12/site-packages/airflow/example_dags/example_inlet_event_extra.py for tasks to queue
[2025-01-10T01:10:48.811+0000] {logging_mixin.py:190} INFO - [2025-01-10T01:10:48.811+0000] {dagbag.py:588} INFO - Filling up the DagBag from /home/airflow/.local/lib/python3.12/site-packages/airflow/example_dags/example_inlet_event_extra.py
[2025-01-10T01:10:49.337+0000] {processor.py:925} INFO - DAG(s) 'read_dataset_event_from_classic', 'read_dataset_event' retrieved from /home/airflow/.local/lib/python3.12/site-packages/airflow/example_dags/example_inlet_event_extra.py
[2025-01-10T01:10:49.359+0000] {logging_mixin.py:190} INFO - [2025-01-10T01:10:49.358+0000] {dag.py:3239} INFO - Sync 2 DAGs
[2025-01-10T01:10:49.382+0000] {logging_mixin.py:190} INFO - [2025-01-10T01:10:49.382+0000] {dag.py:4180} INFO - Setting next_dagrun for read_dataset_event to 2025-01-09 00:00:00+00:00, run_after=2025-01-10 00:00:00+00:00
[2025-01-10T01:10:49.389+0000] {logging_mixin.py:190} INFO - [2025-01-10T01:10:49.388+0000] {dag.py:4180} INFO - Setting next_dagrun for read_dataset_event_from_classic to 2025-01-09 00:00:00+00:00, run_after=2025-01-10 00:00:00+00:00
[2025-01-10T01:10:49.409+0000] {processor.py:208} INFO - Processing /home/airflow/.local/lib/python3.12/site-packages/airflow/example_dags/example_inlet_event_extra.py took 0.607 seconds
[2025-01-10T01:11:20.171+0000] {processor.py:186} INFO - Started process (PID=1255) to work on /home/airflow/.local/lib/python3.12/site-packages/airflow/example_dags/example_inlet_event_extra.py
[2025-01-10T01:11:20.172+0000] {processor.py:914} INFO - Processing file /home/airflow/.local/lib/python3.12/site-packages/airflow/example_dags/example_inlet_event_extra.py for tasks to queue
[2025-01-10T01:11:20.174+0000] {logging_mixin.py:190} INFO - [2025-01-10T01:11:20.174+0000] {dagbag.py:588} INFO - Filling up the DagBag from /home/airflow/.local/lib/python3.12/site-packages/airflow/example_dags/example_inlet_event_extra.py
[2025-01-10T01:11:20.779+0000] {processor.py:925} INFO - DAG(s) 'read_dataset_event', 'read_dataset_event_from_classic' retrieved from /home/airflow/.local/lib/python3.12/site-packages/airflow/example_dags/example_inlet_event_extra.py
[2025-01-10T01:11:20.807+0000] {logging_mixin.py:190} INFO - [2025-01-10T01:11:20.807+0000] {dag.py:3239} INFO - Sync 2 DAGs
[2025-01-10T01:11:20.841+0000] {logging_mixin.py:190} INFO - [2025-01-10T01:11:20.840+0000] {dag.py:4180} INFO - Setting next_dagrun for read_dataset_event to 2025-01-09 00:00:00+00:00, run_after=2025-01-10 00:00:00+00:00
[2025-01-10T01:11:20.847+0000] {logging_mixin.py:190} INFO - [2025-01-10T01:11:20.847+0000] {dag.py:4180} INFO - Setting next_dagrun for read_dataset_event_from_classic to 2025-01-09 00:00:00+00:00, run_after=2025-01-10 00:00:00+00:00
[2025-01-10T01:11:20.874+0000] {processor.py:208} INFO - Processing /home/airflow/.local/lib/python3.12/site-packages/airflow/example_dags/example_inlet_event_extra.py took 0.708 seconds
[2025-01-10T01:11:51.211+0000] {processor.py:186} INFO - Started process (PID=1318) to work on /home/airflow/.local/lib/python3.12/site-packages/airflow/example_dags/example_inlet_event_extra.py
[2025-01-10T01:11:51.212+0000] {processor.py:914} INFO - Processing file /home/airflow/.local/lib/python3.12/site-packages/airflow/example_dags/example_inlet_event_extra.py for tasks to queue
[2025-01-10T01:11:51.215+0000] {logging_mixin.py:190} INFO - [2025-01-10T01:11:51.214+0000] {dagbag.py:588} INFO - Filling up the DagBag from /home/airflow/.local/lib/python3.12/site-packages/airflow/example_dags/example_inlet_event_extra.py
[2025-01-10T01:11:52.002+0000] {processor.py:925} INFO - DAG(s) 'read_dataset_event_from_classic', 'read_dataset_event' retrieved from /home/airflow/.local/lib/python3.12/site-packages/airflow/example_dags/example_inlet_event_extra.py
[2025-01-10T01:11:52.030+0000] {logging_mixin.py:190} INFO - [2025-01-10T01:11:52.030+0000] {dag.py:3239} INFO - Sync 2 DAGs
[2025-01-10T01:11:52.067+0000] {logging_mixin.py:190} INFO - [2025-01-10T01:11:52.067+0000] {dag.py:4180} INFO - Setting next_dagrun for read_dataset_event to 2025-01-09 00:00:00+00:00, run_after=2025-01-10 00:00:00+00:00
[2025-01-10T01:11:52.074+0000] {logging_mixin.py:190} INFO - [2025-01-10T01:11:52.073+0000] {dag.py:4180} INFO - Setting next_dagrun for read_dataset_event_from_classic to 2025-01-09 00:00:00+00:00, run_after=2025-01-10 00:00:00+00:00
[2025-01-10T01:11:52.099+0000] {processor.py:208} INFO - Processing /home/airflow/.local/lib/python3.12/site-packages/airflow/example_dags/example_inlet_event_extra.py took 0.894 seconds
[2025-01-10T01:12:22.320+0000] {processor.py:186} INFO - Started process (PID=1381) to work on /home/airflow/.local/lib/python3.12/site-packages/airflow/example_dags/example_inlet_event_extra.py
[2025-01-10T01:12:22.321+0000] {processor.py:914} INFO - Processing file /home/airflow/.local/lib/python3.12/site-packages/airflow/example_dags/example_inlet_event_extra.py for tasks to queue
[2025-01-10T01:12:22.324+0000] {logging_mixin.py:190} INFO - [2025-01-10T01:12:22.323+0000] {dagbag.py:588} INFO - Filling up the DagBag from /home/airflow/.local/lib/python3.12/site-packages/airflow/example_dags/example_inlet_event_extra.py
[2025-01-10T01:12:22.990+0000] {processor.py:925} INFO - DAG(s) 'read_dataset_event_from_classic', 'read_dataset_event' retrieved from /home/airflow/.local/lib/python3.12/site-packages/airflow/example_dags/example_inlet_event_extra.py
[2025-01-10T01:12:23.018+0000] {logging_mixin.py:190} INFO - [2025-01-10T01:12:23.018+0000] {dag.py:3239} INFO - Sync 2 DAGs
[2025-01-10T01:12:23.045+0000] {logging_mixin.py:190} INFO - [2025-01-10T01:12:23.045+0000] {dag.py:4180} INFO - Setting next_dagrun for read_dataset_event to 2025-01-09 00:00:00+00:00, run_after=2025-01-10 00:00:00+00:00
[2025-01-10T01:12:23.050+0000] {logging_mixin.py:190} INFO - [2025-01-10T01:12:23.050+0000] {dag.py:4180} INFO - Setting next_dagrun for read_dataset_event_from_classic to 2025-01-09 00:00:00+00:00, run_after=2025-01-10 00:00:00+00:00
[2025-01-10T01:12:23.066+0000] {processor.py:208} INFO - Processing /home/airflow/.local/lib/python3.12/site-packages/airflow/example_dags/example_inlet_event_extra.py took 0.753 seconds
[2025-01-10T01:12:53.729+0000] {processor.py:186} INFO - Started process (PID=1444) to work on /home/airflow/.local/lib/python3.12/site-packages/airflow/example_dags/example_inlet_event_extra.py
[2025-01-10T01:12:53.731+0000] {processor.py:914} INFO - Processing file /home/airflow/.local/lib/python3.12/site-packages/airflow/example_dags/example_inlet_event_extra.py for tasks to queue
[2025-01-10T01:12:53.733+0000] {logging_mixin.py:190} INFO - [2025-01-10T01:12:53.733+0000] {dagbag.py:588} INFO - Filling up the DagBag from /home/airflow/.local/lib/python3.12/site-packages/airflow/example_dags/example_inlet_event_extra.py
[2025-01-10T01:12:54.405+0000] {processor.py:925} INFO - DAG(s) 'read_dataset_event_from_classic', 'read_dataset_event' retrieved from /home/airflow/.local/lib/python3.12/site-packages/airflow/example_dags/example_inlet_event_extra.py
[2025-01-10T01:12:54.424+0000] {logging_mixin.py:190} INFO - [2025-01-10T01:12:54.423+0000] {dag.py:3239} INFO - Sync 2 DAGs
[2025-01-10T01:12:54.447+0000] {logging_mixin.py:190} INFO - [2025-01-10T01:12:54.446+0000] {dag.py:4180} INFO - Setting next_dagrun for read_dataset_event to 2025-01-09 00:00:00+00:00, run_after=2025-01-10 00:00:00+00:00
[2025-01-10T01:12:54.452+0000] {logging_mixin.py:190} INFO - [2025-01-10T01:12:54.451+0000] {dag.py:4180} INFO - Setting next_dagrun for read_dataset_event_from_classic to 2025-01-09 00:00:00+00:00, run_after=2025-01-10 00:00:00+00:00
[2025-01-10T01:12:54.470+0000] {processor.py:208} INFO - Processing /home/airflow/.local/lib/python3.12/site-packages/airflow/example_dags/example_inlet_event_extra.py took 0.746 seconds
[2025-01-10T01:13:25.103+0000] {processor.py:186} INFO - Started process (PID=1507) to work on /home/airflow/.local/lib/python3.12/site-packages/airflow/example_dags/example_inlet_event_extra.py
[2025-01-10T01:13:25.104+0000] {processor.py:914} INFO - Processing file /home/airflow/.local/lib/python3.12/site-packages/airflow/example_dags/example_inlet_event_extra.py for tasks to queue
[2025-01-10T01:13:25.106+0000] {logging_mixin.py:190} INFO - [2025-01-10T01:13:25.105+0000] {dagbag.py:588} INFO - Filling up the DagBag from /home/airflow/.local/lib/python3.12/site-packages/airflow/example_dags/example_inlet_event_extra.py
[2025-01-10T01:13:25.632+0000] {processor.py:925} INFO - DAG(s) 'read_dataset_event', 'read_dataset_event_from_classic' retrieved from /home/airflow/.local/lib/python3.12/site-packages/airflow/example_dags/example_inlet_event_extra.py
[2025-01-10T01:13:25.652+0000] {logging_mixin.py:190} INFO - [2025-01-10T01:13:25.652+0000] {dag.py:3239} INFO - Sync 2 DAGs
[2025-01-10T01:13:25.676+0000] {logging_mixin.py:190} INFO - [2025-01-10T01:13:25.676+0000] {dag.py:4180} INFO - Setting next_dagrun for read_dataset_event to 2025-01-09 00:00:00+00:00, run_after=2025-01-10 00:00:00+00:00
[2025-01-10T01:13:25.681+0000] {logging_mixin.py:190} INFO - [2025-01-10T01:13:25.681+0000] {dag.py:4180} INFO - Setting next_dagrun for read_dataset_event_from_classic to 2025-01-09 00:00:00+00:00, run_after=2025-01-10 00:00:00+00:00
[2025-01-10T01:13:25.700+0000] {processor.py:208} INFO - Processing /home/airflow/.local/lib/python3.12/site-packages/airflow/example_dags/example_inlet_event_extra.py took 0.603 seconds
[2025-01-10T01:13:56.570+0000] {processor.py:186} INFO - Started process (PID=1570) to work on /home/airflow/.local/lib/python3.12/site-packages/airflow/example_dags/example_inlet_event_extra.py
[2025-01-10T01:13:56.571+0000] {processor.py:914} INFO - Processing file /home/airflow/.local/lib/python3.12/site-packages/airflow/example_dags/example_inlet_event_extra.py for tasks to queue
[2025-01-10T01:13:56.573+0000] {logging_mixin.py:190} INFO - [2025-01-10T01:13:56.572+0000] {dagbag.py:588} INFO - Filling up the DagBag from /home/airflow/.local/lib/python3.12/site-packages/airflow/example_dags/example_inlet_event_extra.py
[2025-01-10T01:13:57.129+0000] {processor.py:925} INFO - DAG(s) 'read_dataset_event', 'read_dataset_event_from_classic' retrieved from /home/airflow/.local/lib/python3.12/site-packages/airflow/example_dags/example_inlet_event_extra.py
[2025-01-10T01:13:57.148+0000] {logging_mixin.py:190} INFO - [2025-01-10T01:13:57.147+0000] {dag.py:3239} INFO - Sync 2 DAGs
[2025-01-10T01:13:57.170+0000] {logging_mixin.py:190} INFO - [2025-01-10T01:13:57.169+0000] {dag.py:4180} INFO - Setting next_dagrun for read_dataset_event to 2025-01-09 00:00:00+00:00, run_after=2025-01-10 00:00:00+00:00
[2025-01-10T01:13:57.175+0000] {logging_mixin.py:190} INFO - [2025-01-10T01:13:57.174+0000] {dag.py:4180} INFO - Setting next_dagrun for read_dataset_event_from_classic to 2025-01-09 00:00:00+00:00, run_after=2025-01-10 00:00:00+00:00
[2025-01-10T01:13:57.227+0000] {processor.py:208} INFO - Processing /home/airflow/.local/lib/python3.12/site-packages/airflow/example_dags/example_inlet_event_extra.py took 0.663 seconds
[2025-01-10T01:14:28.203+0000] {processor.py:186} INFO - Started process (PID=1633) to work on /home/airflow/.local/lib/python3.12/site-packages/airflow/example_dags/example_inlet_event_extra.py
[2025-01-10T01:14:28.204+0000] {processor.py:914} INFO - Processing file /home/airflow/.local/lib/python3.12/site-packages/airflow/example_dags/example_inlet_event_extra.py for tasks to queue
[2025-01-10T01:14:28.207+0000] {logging_mixin.py:190} INFO - [2025-01-10T01:14:28.207+0000] {dagbag.py:588} INFO - Filling up the DagBag from /home/airflow/.local/lib/python3.12/site-packages/airflow/example_dags/example_inlet_event_extra.py
[2025-01-10T01:14:28.734+0000] {processor.py:925} INFO - DAG(s) 'read_dataset_event_from_classic', 'read_dataset_event' retrieved from /home/airflow/.local/lib/python3.12/site-packages/airflow/example_dags/example_inlet_event_extra.py
[2025-01-10T01:14:28.752+0000] {logging_mixin.py:190} INFO - [2025-01-10T01:14:28.751+0000] {dag.py:3239} INFO - Sync 2 DAGs
[2025-01-10T01:14:28.774+0000] {logging_mixin.py:190} INFO - [2025-01-10T01:14:28.774+0000] {dag.py:4180} INFO - Setting next_dagrun for read_dataset_event to 2025-01-09 00:00:00+00:00, run_after=2025-01-10 00:00:00+00:00
[2025-01-10T01:14:28.779+0000] {logging_mixin.py:190} INFO - [2025-01-10T01:14:28.778+0000] {dag.py:4180} INFO - Setting next_dagrun for read_dataset_event_from_classic to 2025-01-09 00:00:00+00:00, run_after=2025-01-10 00:00:00+00:00
[2025-01-10T01:14:28.809+0000] {processor.py:208} INFO - Processing /home/airflow/.local/lib/python3.12/site-packages/airflow/example_dags/example_inlet_event_extra.py took 0.614 seconds
