[2025-01-10T00:43:46.487+0000] {processor.py:186} INFO - Started process (PID=78) to work on /home/airflow/.local/lib/python3.12/site-packages/airflow/example_dags/example_bash_operator.py
[2025-01-10T00:43:46.488+0000] {processor.py:914} INFO - Processing file /home/airflow/.local/lib/python3.12/site-packages/airflow/example_dags/example_bash_operator.py for tasks to queue
[2025-01-10T00:43:46.490+0000] {logging_mixin.py:190} INFO - [2025-01-10T00:43:46.490+0000] {dagbag.py:588} INFO - Filling up the DagBag from /home/airflow/.local/lib/python3.12/site-packages/airflow/example_dags/example_bash_operator.py
[2025-01-10T00:43:46.505+0000] {processor.py:925} INFO - DAG(s) 'example_bash_operator' retrieved from /home/airflow/.local/lib/python3.12/site-packages/airflow/example_dags/example_bash_operator.py
[2025-01-10T00:43:46.672+0000] {logging_mixin.py:190} INFO - [2025-01-10T00:43:46.671+0000] {override.py:1911} INFO - Created Permission View: can delete on DAG:example_bash_operator
[2025-01-10T00:43:46.692+0000] {logging_mixin.py:190} INFO - [2025-01-10T00:43:46.691+0000] {override.py:1911} INFO - Created Permission View: can read on DAG:example_bash_operator
[2025-01-10T00:43:46.702+0000] {logging_mixin.py:190} INFO - [2025-01-10T00:43:46.702+0000] {override.py:1911} INFO - Created Permission View: can edit on DAG:example_bash_operator
[2025-01-10T00:43:46.718+0000] {logging_mixin.py:190} INFO - [2025-01-10T00:43:46.717+0000] {override.py:1911} INFO - Created Permission View: can delete on DAG Run:example_bash_operator
[2025-01-10T00:43:46.727+0000] {logging_mixin.py:190} INFO - [2025-01-10T00:43:46.727+0000] {override.py:1911} INFO - Created Permission View: can read on DAG Run:example_bash_operator
[2025-01-10T00:43:46.738+0000] {logging_mixin.py:190} INFO - [2025-01-10T00:43:46.737+0000] {override.py:1911} INFO - Created Permission View: can create on DAG Run:example_bash_operator
[2025-01-10T00:43:46.751+0000] {logging_mixin.py:190} INFO - [2025-01-10T00:43:46.750+0000] {override.py:1911} INFO - Created Permission View: menu access on DAG Run:example_bash_operator
[2025-01-10T00:43:46.752+0000] {logging_mixin.py:190} INFO - [2025-01-10T00:43:46.751+0000] {dag.py:3239} INFO - Sync 1 DAGs
[2025-01-10T00:43:46.771+0000] {logging_mixin.py:190} INFO - [2025-01-10T00:43:46.770+0000] {dag.py:3262} INFO - Creating ORM DAG for example_bash_operator
[2025-01-10T00:43:46.797+0000] {logging_mixin.py:190} INFO - [2025-01-10T00:43:46.797+0000] {dag.py:4180} INFO - Setting next_dagrun for example_bash_operator to 2025-01-09 00:00:00+00:00, run_after=2025-01-10 00:00:00+00:00
[2025-01-10T00:43:46.836+0000] {processor.py:208} INFO - Processing /home/airflow/.local/lib/python3.12/site-packages/airflow/example_dags/example_bash_operator.py took 0.356 seconds
[2025-01-10T00:44:17.084+0000] {processor.py:186} INFO - Started process (PID=141) to work on /home/airflow/.local/lib/python3.12/site-packages/airflow/example_dags/example_bash_operator.py
[2025-01-10T00:44:17.086+0000] {processor.py:914} INFO - Processing file /home/airflow/.local/lib/python3.12/site-packages/airflow/example_dags/example_bash_operator.py for tasks to queue
[2025-01-10T00:44:17.090+0000] {logging_mixin.py:190} INFO - [2025-01-10T00:44:17.090+0000] {dagbag.py:588} INFO - Filling up the DagBag from /home/airflow/.local/lib/python3.12/site-packages/airflow/example_dags/example_bash_operator.py
[2025-01-10T00:44:17.108+0000] {processor.py:925} INFO - DAG(s) 'example_bash_operator' retrieved from /home/airflow/.local/lib/python3.12/site-packages/airflow/example_dags/example_bash_operator.py
[2025-01-10T00:44:17.157+0000] {logging_mixin.py:190} INFO - [2025-01-10T00:44:17.156+0000] {dag.py:3239} INFO - Sync 1 DAGs
[2025-01-10T00:44:17.267+0000] {logging_mixin.py:190} INFO - [2025-01-10T00:44:17.267+0000] {dag.py:4180} INFO - Setting next_dagrun for example_bash_operator to 2025-01-09 00:00:00+00:00, run_after=2025-01-10 00:00:00+00:00
[2025-01-10T00:44:17.360+0000] {processor.py:208} INFO - Processing /home/airflow/.local/lib/python3.12/site-packages/airflow/example_dags/example_bash_operator.py took 0.283 seconds
[2025-01-10T00:44:47.556+0000] {processor.py:186} INFO - Started process (PID=203) to work on /home/airflow/.local/lib/python3.12/site-packages/airflow/example_dags/example_bash_operator.py
[2025-01-10T00:44:47.557+0000] {processor.py:914} INFO - Processing file /home/airflow/.local/lib/python3.12/site-packages/airflow/example_dags/example_bash_operator.py for tasks to queue
[2025-01-10T00:44:47.560+0000] {logging_mixin.py:190} INFO - [2025-01-10T00:44:47.560+0000] {dagbag.py:588} INFO - Filling up the DagBag from /home/airflow/.local/lib/python3.12/site-packages/airflow/example_dags/example_bash_operator.py
[2025-01-10T00:44:47.579+0000] {processor.py:925} INFO - DAG(s) 'example_bash_operator' retrieved from /home/airflow/.local/lib/python3.12/site-packages/airflow/example_dags/example_bash_operator.py
[2025-01-10T00:44:47.612+0000] {logging_mixin.py:190} INFO - [2025-01-10T00:44:47.612+0000] {dag.py:3239} INFO - Sync 1 DAGs
[2025-01-10T00:44:47.647+0000] {logging_mixin.py:190} INFO - [2025-01-10T00:44:47.646+0000] {dag.py:4180} INFO - Setting next_dagrun for example_bash_operator to 2025-01-09 00:00:00+00:00, run_after=2025-01-10 00:00:00+00:00
[2025-01-10T00:44:47.675+0000] {processor.py:208} INFO - Processing /home/airflow/.local/lib/python3.12/site-packages/airflow/example_dags/example_bash_operator.py took 0.128 seconds
[2025-01-10T00:45:17.718+0000] {processor.py:186} INFO - Started process (PID=265) to work on /home/airflow/.local/lib/python3.12/site-packages/airflow/example_dags/example_bash_operator.py
[2025-01-10T00:45:17.719+0000] {processor.py:914} INFO - Processing file /home/airflow/.local/lib/python3.12/site-packages/airflow/example_dags/example_bash_operator.py for tasks to queue
[2025-01-10T00:45:17.721+0000] {logging_mixin.py:190} INFO - [2025-01-10T00:45:17.721+0000] {dagbag.py:588} INFO - Filling up the DagBag from /home/airflow/.local/lib/python3.12/site-packages/airflow/example_dags/example_bash_operator.py
[2025-01-10T00:45:17.734+0000] {processor.py:925} INFO - DAG(s) 'example_bash_operator' retrieved from /home/airflow/.local/lib/python3.12/site-packages/airflow/example_dags/example_bash_operator.py
[2025-01-10T00:45:17.760+0000] {logging_mixin.py:190} INFO - [2025-01-10T00:45:17.759+0000] {dag.py:3239} INFO - Sync 1 DAGs
[2025-01-10T00:45:17.783+0000] {logging_mixin.py:190} INFO - [2025-01-10T00:45:17.783+0000] {dag.py:4180} INFO - Setting next_dagrun for example_bash_operator to 2025-01-09 00:00:00+00:00, run_after=2025-01-10 00:00:00+00:00
[2025-01-10T00:45:17.806+0000] {processor.py:208} INFO - Processing /home/airflow/.local/lib/python3.12/site-packages/airflow/example_dags/example_bash_operator.py took 0.093 seconds
[2025-01-10T00:45:48.436+0000] {processor.py:186} INFO - Started process (PID=328) to work on /home/airflow/.local/lib/python3.12/site-packages/airflow/example_dags/example_bash_operator.py
[2025-01-10T00:45:48.438+0000] {processor.py:914} INFO - Processing file /home/airflow/.local/lib/python3.12/site-packages/airflow/example_dags/example_bash_operator.py for tasks to queue
[2025-01-10T00:45:48.445+0000] {logging_mixin.py:190} INFO - [2025-01-10T00:45:48.444+0000] {dagbag.py:588} INFO - Filling up the DagBag from /home/airflow/.local/lib/python3.12/site-packages/airflow/example_dags/example_bash_operator.py
[2025-01-10T00:45:48.478+0000] {processor.py:925} INFO - DAG(s) 'example_bash_operator' retrieved from /home/airflow/.local/lib/python3.12/site-packages/airflow/example_dags/example_bash_operator.py
[2025-01-10T00:45:48.532+0000] {logging_mixin.py:190} INFO - [2025-01-10T00:45:48.532+0000] {dag.py:3239} INFO - Sync 1 DAGs
[2025-01-10T00:45:48.582+0000] {logging_mixin.py:190} INFO - [2025-01-10T00:45:48.582+0000] {dag.py:4180} INFO - Setting next_dagrun for example_bash_operator to 2025-01-09 00:00:00+00:00, run_after=2025-01-10 00:00:00+00:00
[2025-01-10T00:45:48.617+0000] {processor.py:208} INFO - Processing /home/airflow/.local/lib/python3.12/site-packages/airflow/example_dags/example_bash_operator.py took 0.192 seconds
[2025-01-10T00:46:19.516+0000] {processor.py:186} INFO - Started process (PID=391) to work on /home/airflow/.local/lib/python3.12/site-packages/airflow/example_dags/example_bash_operator.py
[2025-01-10T00:46:19.517+0000] {processor.py:914} INFO - Processing file /home/airflow/.local/lib/python3.12/site-packages/airflow/example_dags/example_bash_operator.py for tasks to queue
[2025-01-10T00:46:19.519+0000] {logging_mixin.py:190} INFO - [2025-01-10T00:46:19.519+0000] {dagbag.py:588} INFO - Filling up the DagBag from /home/airflow/.local/lib/python3.12/site-packages/airflow/example_dags/example_bash_operator.py
[2025-01-10T00:46:19.531+0000] {processor.py:925} INFO - DAG(s) 'example_bash_operator' retrieved from /home/airflow/.local/lib/python3.12/site-packages/airflow/example_dags/example_bash_operator.py
[2025-01-10T00:46:19.556+0000] {logging_mixin.py:190} INFO - [2025-01-10T00:46:19.555+0000] {dag.py:3239} INFO - Sync 1 DAGs
[2025-01-10T00:46:19.580+0000] {logging_mixin.py:190} INFO - [2025-01-10T00:46:19.579+0000] {dag.py:4180} INFO - Setting next_dagrun for example_bash_operator to 2025-01-09 00:00:00+00:00, run_after=2025-01-10 00:00:00+00:00
[2025-01-10T00:46:19.599+0000] {processor.py:208} INFO - Processing /home/airflow/.local/lib/python3.12/site-packages/airflow/example_dags/example_bash_operator.py took 0.088 seconds
[2025-01-10T00:46:50.158+0000] {processor.py:186} INFO - Started process (PID=454) to work on /home/airflow/.local/lib/python3.12/site-packages/airflow/example_dags/example_bash_operator.py
[2025-01-10T00:46:50.159+0000] {processor.py:914} INFO - Processing file /home/airflow/.local/lib/python3.12/site-packages/airflow/example_dags/example_bash_operator.py for tasks to queue
[2025-01-10T00:46:50.163+0000] {logging_mixin.py:190} INFO - [2025-01-10T00:46:50.162+0000] {dagbag.py:588} INFO - Filling up the DagBag from /home/airflow/.local/lib/python3.12/site-packages/airflow/example_dags/example_bash_operator.py
[2025-01-10T00:46:50.177+0000] {processor.py:925} INFO - DAG(s) 'example_bash_operator' retrieved from /home/airflow/.local/lib/python3.12/site-packages/airflow/example_dags/example_bash_operator.py
[2025-01-10T00:46:50.202+0000] {logging_mixin.py:190} INFO - [2025-01-10T00:46:50.202+0000] {dag.py:3239} INFO - Sync 1 DAGs
[2025-01-10T00:46:50.226+0000] {logging_mixin.py:190} INFO - [2025-01-10T00:46:50.226+0000] {dag.py:4180} INFO - Setting next_dagrun for example_bash_operator to 2025-01-09 00:00:00+00:00, run_after=2025-01-10 00:00:00+00:00
[2025-01-10T00:46:50.246+0000] {processor.py:208} INFO - Processing /home/airflow/.local/lib/python3.12/site-packages/airflow/example_dags/example_bash_operator.py took 0.094 seconds
[2025-01-10T00:47:20.582+0000] {processor.py:186} INFO - Started process (PID=517) to work on /home/airflow/.local/lib/python3.12/site-packages/airflow/example_dags/example_bash_operator.py
[2025-01-10T00:47:20.583+0000] {processor.py:914} INFO - Processing file /home/airflow/.local/lib/python3.12/site-packages/airflow/example_dags/example_bash_operator.py for tasks to queue
[2025-01-10T00:47:20.585+0000] {logging_mixin.py:190} INFO - [2025-01-10T00:47:20.585+0000] {dagbag.py:588} INFO - Filling up the DagBag from /home/airflow/.local/lib/python3.12/site-packages/airflow/example_dags/example_bash_operator.py
[2025-01-10T00:47:20.599+0000] {processor.py:925} INFO - DAG(s) 'example_bash_operator' retrieved from /home/airflow/.local/lib/python3.12/site-packages/airflow/example_dags/example_bash_operator.py
[2025-01-10T00:47:20.624+0000] {logging_mixin.py:190} INFO - [2025-01-10T00:47:20.623+0000] {dag.py:3239} INFO - Sync 1 DAGs
[2025-01-10T00:47:20.647+0000] {logging_mixin.py:190} INFO - [2025-01-10T00:47:20.647+0000] {dag.py:4180} INFO - Setting next_dagrun for example_bash_operator to 2025-01-09 00:00:00+00:00, run_after=2025-01-10 00:00:00+00:00
[2025-01-10T00:47:20.677+0000] {processor.py:208} INFO - Processing /home/airflow/.local/lib/python3.12/site-packages/airflow/example_dags/example_bash_operator.py took 0.101 seconds
[2025-01-10T00:47:50.806+0000] {processor.py:186} INFO - Started process (PID=580) to work on /home/airflow/.local/lib/python3.12/site-packages/airflow/example_dags/example_bash_operator.py
[2025-01-10T00:47:50.807+0000] {processor.py:914} INFO - Processing file /home/airflow/.local/lib/python3.12/site-packages/airflow/example_dags/example_bash_operator.py for tasks to queue
[2025-01-10T00:47:50.809+0000] {logging_mixin.py:190} INFO - [2025-01-10T00:47:50.809+0000] {dagbag.py:588} INFO - Filling up the DagBag from /home/airflow/.local/lib/python3.12/site-packages/airflow/example_dags/example_bash_operator.py
[2025-01-10T00:47:50.821+0000] {processor.py:925} INFO - DAG(s) 'example_bash_operator' retrieved from /home/airflow/.local/lib/python3.12/site-packages/airflow/example_dags/example_bash_operator.py
[2025-01-10T00:47:50.846+0000] {logging_mixin.py:190} INFO - [2025-01-10T00:47:50.845+0000] {dag.py:3239} INFO - Sync 1 DAGs
[2025-01-10T00:47:50.868+0000] {logging_mixin.py:190} INFO - [2025-01-10T00:47:50.867+0000] {dag.py:4180} INFO - Setting next_dagrun for example_bash_operator to 2025-01-09 00:00:00+00:00, run_after=2025-01-10 00:00:00+00:00
[2025-01-10T00:47:50.887+0000] {processor.py:208} INFO - Processing /home/airflow/.local/lib/python3.12/site-packages/airflow/example_dags/example_bash_operator.py took 0.087 seconds
[2025-01-10T00:48:21.666+0000] {processor.py:186} INFO - Started process (PID=643) to work on /home/airflow/.local/lib/python3.12/site-packages/airflow/example_dags/example_bash_operator.py
[2025-01-10T00:48:21.668+0000] {processor.py:914} INFO - Processing file /home/airflow/.local/lib/python3.12/site-packages/airflow/example_dags/example_bash_operator.py for tasks to queue
[2025-01-10T00:48:21.670+0000] {logging_mixin.py:190} INFO - [2025-01-10T00:48:21.670+0000] {dagbag.py:588} INFO - Filling up the DagBag from /home/airflow/.local/lib/python3.12/site-packages/airflow/example_dags/example_bash_operator.py
[2025-01-10T00:48:21.684+0000] {processor.py:925} INFO - DAG(s) 'example_bash_operator' retrieved from /home/airflow/.local/lib/python3.12/site-packages/airflow/example_dags/example_bash_operator.py
[2025-01-10T00:48:21.709+0000] {logging_mixin.py:190} INFO - [2025-01-10T00:48:21.709+0000] {dag.py:3239} INFO - Sync 1 DAGs
[2025-01-10T00:48:21.731+0000] {logging_mixin.py:190} INFO - [2025-01-10T00:48:21.731+0000] {dag.py:4180} INFO - Setting next_dagrun for example_bash_operator to 2025-01-09 00:00:00+00:00, run_after=2025-01-10 00:00:00+00:00
[2025-01-10T00:48:21.750+0000] {processor.py:208} INFO - Processing /home/airflow/.local/lib/python3.12/site-packages/airflow/example_dags/example_bash_operator.py took 0.090 seconds
[2025-01-10T00:48:51.856+0000] {processor.py:186} INFO - Started process (PID=706) to work on /home/airflow/.local/lib/python3.12/site-packages/airflow/example_dags/example_bash_operator.py
[2025-01-10T00:48:51.857+0000] {processor.py:914} INFO - Processing file /home/airflow/.local/lib/python3.12/site-packages/airflow/example_dags/example_bash_operator.py for tasks to queue
[2025-01-10T00:48:51.859+0000] {logging_mixin.py:190} INFO - [2025-01-10T00:48:51.859+0000] {dagbag.py:588} INFO - Filling up the DagBag from /home/airflow/.local/lib/python3.12/site-packages/airflow/example_dags/example_bash_operator.py
[2025-01-10T00:48:51.871+0000] {processor.py:925} INFO - DAG(s) 'example_bash_operator' retrieved from /home/airflow/.local/lib/python3.12/site-packages/airflow/example_dags/example_bash_operator.py
[2025-01-10T00:48:51.896+0000] {logging_mixin.py:190} INFO - [2025-01-10T00:48:51.895+0000] {dag.py:3239} INFO - Sync 1 DAGs
[2025-01-10T00:48:51.917+0000] {logging_mixin.py:190} INFO - [2025-01-10T00:48:51.917+0000] {dag.py:4180} INFO - Setting next_dagrun for example_bash_operator to 2025-01-09 00:00:00+00:00, run_after=2025-01-10 00:00:00+00:00
[2025-01-10T00:48:51.936+0000] {processor.py:208} INFO - Processing /home/airflow/.local/lib/python3.12/site-packages/airflow/example_dags/example_bash_operator.py took 0.086 seconds
[2025-01-10T00:49:22.024+0000] {processor.py:186} INFO - Started process (PID=769) to work on /home/airflow/.local/lib/python3.12/site-packages/airflow/example_dags/example_bash_operator.py
[2025-01-10T00:49:22.025+0000] {processor.py:914} INFO - Processing file /home/airflow/.local/lib/python3.12/site-packages/airflow/example_dags/example_bash_operator.py for tasks to queue
[2025-01-10T00:49:22.027+0000] {logging_mixin.py:190} INFO - [2025-01-10T00:49:22.027+0000] {dagbag.py:588} INFO - Filling up the DagBag from /home/airflow/.local/lib/python3.12/site-packages/airflow/example_dags/example_bash_operator.py
[2025-01-10T00:49:22.039+0000] {processor.py:925} INFO - DAG(s) 'example_bash_operator' retrieved from /home/airflow/.local/lib/python3.12/site-packages/airflow/example_dags/example_bash_operator.py
[2025-01-10T00:49:22.063+0000] {logging_mixin.py:190} INFO - [2025-01-10T00:49:22.063+0000] {dag.py:3239} INFO - Sync 1 DAGs
[2025-01-10T00:49:22.084+0000] {logging_mixin.py:190} INFO - [2025-01-10T00:49:22.084+0000] {dag.py:4180} INFO - Setting next_dagrun for example_bash_operator to 2025-01-09 00:00:00+00:00, run_after=2025-01-10 00:00:00+00:00
[2025-01-10T00:49:22.103+0000] {processor.py:208} INFO - Processing /home/airflow/.local/lib/python3.12/site-packages/airflow/example_dags/example_bash_operator.py took 0.084 seconds
[2025-01-10T00:49:52.495+0000] {processor.py:186} INFO - Started process (PID=832) to work on /home/airflow/.local/lib/python3.12/site-packages/airflow/example_dags/example_bash_operator.py
[2025-01-10T00:49:52.496+0000] {processor.py:914} INFO - Processing file /home/airflow/.local/lib/python3.12/site-packages/airflow/example_dags/example_bash_operator.py for tasks to queue
[2025-01-10T00:49:52.498+0000] {logging_mixin.py:190} INFO - [2025-01-10T00:49:52.498+0000] {dagbag.py:588} INFO - Filling up the DagBag from /home/airflow/.local/lib/python3.12/site-packages/airflow/example_dags/example_bash_operator.py
[2025-01-10T00:49:52.510+0000] {processor.py:925} INFO - DAG(s) 'example_bash_operator' retrieved from /home/airflow/.local/lib/python3.12/site-packages/airflow/example_dags/example_bash_operator.py
[2025-01-10T00:49:52.534+0000] {logging_mixin.py:190} INFO - [2025-01-10T00:49:52.534+0000] {dag.py:3239} INFO - Sync 1 DAGs
[2025-01-10T00:49:52.555+0000] {logging_mixin.py:190} INFO - [2025-01-10T00:49:52.555+0000] {dag.py:4180} INFO - Setting next_dagrun for example_bash_operator to 2025-01-09 00:00:00+00:00, run_after=2025-01-10 00:00:00+00:00
[2025-01-10T00:49:52.574+0000] {processor.py:208} INFO - Processing /home/airflow/.local/lib/python3.12/site-packages/airflow/example_dags/example_bash_operator.py took 0.085 seconds
[2025-01-10T00:50:22.779+0000] {processor.py:186} INFO - Started process (PID=895) to work on /home/airflow/.local/lib/python3.12/site-packages/airflow/example_dags/example_bash_operator.py
[2025-01-10T00:50:22.780+0000] {processor.py:914} INFO - Processing file /home/airflow/.local/lib/python3.12/site-packages/airflow/example_dags/example_bash_operator.py for tasks to queue
[2025-01-10T00:50:22.782+0000] {logging_mixin.py:190} INFO - [2025-01-10T00:50:22.782+0000] {dagbag.py:588} INFO - Filling up the DagBag from /home/airflow/.local/lib/python3.12/site-packages/airflow/example_dags/example_bash_operator.py
[2025-01-10T00:50:22.795+0000] {processor.py:925} INFO - DAG(s) 'example_bash_operator' retrieved from /home/airflow/.local/lib/python3.12/site-packages/airflow/example_dags/example_bash_operator.py
[2025-01-10T00:50:22.820+0000] {logging_mixin.py:190} INFO - [2025-01-10T00:50:22.820+0000] {dag.py:3239} INFO - Sync 1 DAGs
[2025-01-10T00:50:22.842+0000] {logging_mixin.py:190} INFO - [2025-01-10T00:50:22.842+0000] {dag.py:4180} INFO - Setting next_dagrun for example_bash_operator to 2025-01-09 00:00:00+00:00, run_after=2025-01-10 00:00:00+00:00
[2025-01-10T00:50:22.862+0000] {processor.py:208} INFO - Processing /home/airflow/.local/lib/python3.12/site-packages/airflow/example_dags/example_bash_operator.py took 0.088 seconds
[2025-01-10T00:50:52.931+0000] {processor.py:186} INFO - Started process (PID=958) to work on /home/airflow/.local/lib/python3.12/site-packages/airflow/example_dags/example_bash_operator.py
[2025-01-10T00:50:52.932+0000] {processor.py:914} INFO - Processing file /home/airflow/.local/lib/python3.12/site-packages/airflow/example_dags/example_bash_operator.py for tasks to queue
[2025-01-10T00:50:52.934+0000] {logging_mixin.py:190} INFO - [2025-01-10T00:50:52.934+0000] {dagbag.py:588} INFO - Filling up the DagBag from /home/airflow/.local/lib/python3.12/site-packages/airflow/example_dags/example_bash_operator.py
[2025-01-10T00:50:52.946+0000] {processor.py:925} INFO - DAG(s) 'example_bash_operator' retrieved from /home/airflow/.local/lib/python3.12/site-packages/airflow/example_dags/example_bash_operator.py
[2025-01-10T00:50:52.971+0000] {logging_mixin.py:190} INFO - [2025-01-10T00:50:52.971+0000] {dag.py:3239} INFO - Sync 1 DAGs
[2025-01-10T00:50:52.994+0000] {logging_mixin.py:190} INFO - [2025-01-10T00:50:52.994+0000] {dag.py:4180} INFO - Setting next_dagrun for example_bash_operator to 2025-01-09 00:00:00+00:00, run_after=2025-01-10 00:00:00+00:00
[2025-01-10T00:50:53.013+0000] {processor.py:208} INFO - Processing /home/airflow/.local/lib/python3.12/site-packages/airflow/example_dags/example_bash_operator.py took 0.088 seconds
[2025-01-10T00:51:23.136+0000] {processor.py:186} INFO - Started process (PID=1022) to work on /home/airflow/.local/lib/python3.12/site-packages/airflow/example_dags/example_bash_operator.py
[2025-01-10T00:51:23.137+0000] {processor.py:914} INFO - Processing file /home/airflow/.local/lib/python3.12/site-packages/airflow/example_dags/example_bash_operator.py for tasks to queue
[2025-01-10T00:51:23.139+0000] {logging_mixin.py:190} INFO - [2025-01-10T00:51:23.139+0000] {dagbag.py:588} INFO - Filling up the DagBag from /home/airflow/.local/lib/python3.12/site-packages/airflow/example_dags/example_bash_operator.py
[2025-01-10T00:51:23.151+0000] {processor.py:925} INFO - DAG(s) 'example_bash_operator' retrieved from /home/airflow/.local/lib/python3.12/site-packages/airflow/example_dags/example_bash_operator.py
[2025-01-10T00:51:23.176+0000] {logging_mixin.py:190} INFO - [2025-01-10T00:51:23.175+0000] {dag.py:3239} INFO - Sync 1 DAGs
[2025-01-10T00:51:23.198+0000] {logging_mixin.py:190} INFO - [2025-01-10T00:51:23.198+0000] {dag.py:4180} INFO - Setting next_dagrun for example_bash_operator to 2025-01-09 00:00:00+00:00, run_after=2025-01-10 00:00:00+00:00
[2025-01-10T00:51:23.217+0000] {processor.py:208} INFO - Processing /home/airflow/.local/lib/python3.12/site-packages/airflow/example_dags/example_bash_operator.py took 0.086 seconds
[2025-01-10T00:51:53.561+0000] {processor.py:186} INFO - Started process (PID=1085) to work on /home/airflow/.local/lib/python3.12/site-packages/airflow/example_dags/example_bash_operator.py
[2025-01-10T00:51:53.562+0000] {processor.py:914} INFO - Processing file /home/airflow/.local/lib/python3.12/site-packages/airflow/example_dags/example_bash_operator.py for tasks to queue
[2025-01-10T00:51:53.564+0000] {logging_mixin.py:190} INFO - [2025-01-10T00:51:53.564+0000] {dagbag.py:588} INFO - Filling up the DagBag from /home/airflow/.local/lib/python3.12/site-packages/airflow/example_dags/example_bash_operator.py
[2025-01-10T00:51:53.577+0000] {processor.py:925} INFO - DAG(s) 'example_bash_operator' retrieved from /home/airflow/.local/lib/python3.12/site-packages/airflow/example_dags/example_bash_operator.py
[2025-01-10T00:51:53.605+0000] {logging_mixin.py:190} INFO - [2025-01-10T00:51:53.605+0000] {dag.py:3239} INFO - Sync 1 DAGs
[2025-01-10T00:51:53.628+0000] {logging_mixin.py:190} INFO - [2025-01-10T00:51:53.628+0000] {dag.py:4180} INFO - Setting next_dagrun for example_bash_operator to 2025-01-09 00:00:00+00:00, run_after=2025-01-10 00:00:00+00:00
[2025-01-10T00:51:53.646+0000] {processor.py:208} INFO - Processing /home/airflow/.local/lib/python3.12/site-packages/airflow/example_dags/example_bash_operator.py took 0.091 seconds
[2025-01-10T00:52:24.054+0000] {processor.py:186} INFO - Started process (PID=1148) to work on /home/airflow/.local/lib/python3.12/site-packages/airflow/example_dags/example_bash_operator.py
[2025-01-10T00:52:24.055+0000] {processor.py:914} INFO - Processing file /home/airflow/.local/lib/python3.12/site-packages/airflow/example_dags/example_bash_operator.py for tasks to queue
[2025-01-10T00:52:24.057+0000] {logging_mixin.py:190} INFO - [2025-01-10T00:52:24.057+0000] {dagbag.py:588} INFO - Filling up the DagBag from /home/airflow/.local/lib/python3.12/site-packages/airflow/example_dags/example_bash_operator.py
[2025-01-10T00:52:24.070+0000] {processor.py:925} INFO - DAG(s) 'example_bash_operator' retrieved from /home/airflow/.local/lib/python3.12/site-packages/airflow/example_dags/example_bash_operator.py
[2025-01-10T00:52:24.095+0000] {logging_mixin.py:190} INFO - [2025-01-10T00:52:24.094+0000] {dag.py:3239} INFO - Sync 1 DAGs
[2025-01-10T00:52:24.117+0000] {logging_mixin.py:190} INFO - [2025-01-10T00:52:24.117+0000] {dag.py:4180} INFO - Setting next_dagrun for example_bash_operator to 2025-01-09 00:00:00+00:00, run_after=2025-01-10 00:00:00+00:00
[2025-01-10T00:52:24.135+0000] {processor.py:208} INFO - Processing /home/airflow/.local/lib/python3.12/site-packages/airflow/example_dags/example_bash_operator.py took 0.086 seconds
[2025-01-10T00:52:54.285+0000] {processor.py:186} INFO - Started process (PID=1211) to work on /home/airflow/.local/lib/python3.12/site-packages/airflow/example_dags/example_bash_operator.py
[2025-01-10T00:52:54.286+0000] {processor.py:914} INFO - Processing file /home/airflow/.local/lib/python3.12/site-packages/airflow/example_dags/example_bash_operator.py for tasks to queue
[2025-01-10T00:52:54.288+0000] {logging_mixin.py:190} INFO - [2025-01-10T00:52:54.288+0000] {dagbag.py:588} INFO - Filling up the DagBag from /home/airflow/.local/lib/python3.12/site-packages/airflow/example_dags/example_bash_operator.py
[2025-01-10T00:52:54.300+0000] {processor.py:925} INFO - DAG(s) 'example_bash_operator' retrieved from /home/airflow/.local/lib/python3.12/site-packages/airflow/example_dags/example_bash_operator.py
[2025-01-10T00:52:54.325+0000] {logging_mixin.py:190} INFO - [2025-01-10T00:52:54.324+0000] {dag.py:3239} INFO - Sync 1 DAGs
[2025-01-10T00:52:54.347+0000] {logging_mixin.py:190} INFO - [2025-01-10T00:52:54.347+0000] {dag.py:4180} INFO - Setting next_dagrun for example_bash_operator to 2025-01-09 00:00:00+00:00, run_after=2025-01-10 00:00:00+00:00
[2025-01-10T00:52:54.366+0000] {processor.py:208} INFO - Processing /home/airflow/.local/lib/python3.12/site-packages/airflow/example_dags/example_bash_operator.py took 0.086 seconds
[2025-01-10T00:53:25.000+0000] {processor.py:186} INFO - Started process (PID=1274) to work on /home/airflow/.local/lib/python3.12/site-packages/airflow/example_dags/example_bash_operator.py
[2025-01-10T00:53:25.001+0000] {processor.py:914} INFO - Processing file /home/airflow/.local/lib/python3.12/site-packages/airflow/example_dags/example_bash_operator.py for tasks to queue
[2025-01-10T00:53:25.004+0000] {logging_mixin.py:190} INFO - [2025-01-10T00:53:25.004+0000] {dagbag.py:588} INFO - Filling up the DagBag from /home/airflow/.local/lib/python3.12/site-packages/airflow/example_dags/example_bash_operator.py
[2025-01-10T00:53:25.019+0000] {processor.py:925} INFO - DAG(s) 'example_bash_operator' retrieved from /home/airflow/.local/lib/python3.12/site-packages/airflow/example_dags/example_bash_operator.py
[2025-01-10T00:53:25.052+0000] {logging_mixin.py:190} INFO - [2025-01-10T00:53:25.051+0000] {dag.py:3239} INFO - Sync 1 DAGs
[2025-01-10T00:53:25.084+0000] {logging_mixin.py:190} INFO - [2025-01-10T00:53:25.083+0000] {dag.py:4180} INFO - Setting next_dagrun for example_bash_operator to 2025-01-09 00:00:00+00:00, run_after=2025-01-10 00:00:00+00:00
[2025-01-10T00:53:25.111+0000] {processor.py:208} INFO - Processing /home/airflow/.local/lib/python3.12/site-packages/airflow/example_dags/example_bash_operator.py took 0.117 seconds
[2025-01-10T00:53:55.313+0000] {processor.py:186} INFO - Started process (PID=1338) to work on /home/airflow/.local/lib/python3.12/site-packages/airflow/example_dags/example_bash_operator.py
[2025-01-10T00:53:55.314+0000] {processor.py:914} INFO - Processing file /home/airflow/.local/lib/python3.12/site-packages/airflow/example_dags/example_bash_operator.py for tasks to queue
[2025-01-10T00:53:55.318+0000] {logging_mixin.py:190} INFO - [2025-01-10T00:53:55.317+0000] {dagbag.py:588} INFO - Filling up the DagBag from /home/airflow/.local/lib/python3.12/site-packages/airflow/example_dags/example_bash_operator.py
[2025-01-10T00:53:55.337+0000] {processor.py:925} INFO - DAG(s) 'example_bash_operator' retrieved from /home/airflow/.local/lib/python3.12/site-packages/airflow/example_dags/example_bash_operator.py
[2025-01-10T00:53:55.371+0000] {logging_mixin.py:190} INFO - [2025-01-10T00:53:55.370+0000] {dag.py:3239} INFO - Sync 1 DAGs
[2025-01-10T00:53:55.411+0000] {logging_mixin.py:190} INFO - [2025-01-10T00:53:55.410+0000] {dag.py:4180} INFO - Setting next_dagrun for example_bash_operator to 2025-01-09 00:00:00+00:00, run_after=2025-01-10 00:00:00+00:00
[2025-01-10T00:53:55.438+0000] {processor.py:208} INFO - Processing /home/airflow/.local/lib/python3.12/site-packages/airflow/example_dags/example_bash_operator.py took 0.132 seconds
[2025-01-10T00:54:25.826+0000] {processor.py:186} INFO - Started process (PID=1401) to work on /home/airflow/.local/lib/python3.12/site-packages/airflow/example_dags/example_bash_operator.py
[2025-01-10T00:54:25.827+0000] {processor.py:914} INFO - Processing file /home/airflow/.local/lib/python3.12/site-packages/airflow/example_dags/example_bash_operator.py for tasks to queue
[2025-01-10T00:54:25.830+0000] {logging_mixin.py:190} INFO - [2025-01-10T00:54:25.830+0000] {dagbag.py:588} INFO - Filling up the DagBag from /home/airflow/.local/lib/python3.12/site-packages/airflow/example_dags/example_bash_operator.py
[2025-01-10T00:54:25.845+0000] {processor.py:925} INFO - DAG(s) 'example_bash_operator' retrieved from /home/airflow/.local/lib/python3.12/site-packages/airflow/example_dags/example_bash_operator.py
[2025-01-10T00:54:25.871+0000] {logging_mixin.py:190} INFO - [2025-01-10T00:54:25.871+0000] {dag.py:3239} INFO - Sync 1 DAGs
[2025-01-10T00:54:25.895+0000] {logging_mixin.py:190} INFO - [2025-01-10T00:54:25.894+0000] {dag.py:4180} INFO - Setting next_dagrun for example_bash_operator to 2025-01-09 00:00:00+00:00, run_after=2025-01-10 00:00:00+00:00
[2025-01-10T00:54:25.915+0000] {processor.py:208} INFO - Processing /home/airflow/.local/lib/python3.12/site-packages/airflow/example_dags/example_bash_operator.py took 0.095 seconds
[2025-01-10T00:54:56.043+0000] {processor.py:186} INFO - Started process (PID=1464) to work on /home/airflow/.local/lib/python3.12/site-packages/airflow/example_dags/example_bash_operator.py
[2025-01-10T00:54:56.044+0000] {processor.py:914} INFO - Processing file /home/airflow/.local/lib/python3.12/site-packages/airflow/example_dags/example_bash_operator.py for tasks to queue
[2025-01-10T00:54:56.047+0000] {logging_mixin.py:190} INFO - [2025-01-10T00:54:56.046+0000] {dagbag.py:588} INFO - Filling up the DagBag from /home/airflow/.local/lib/python3.12/site-packages/airflow/example_dags/example_bash_operator.py
[2025-01-10T00:54:56.059+0000] {processor.py:925} INFO - DAG(s) 'example_bash_operator' retrieved from /home/airflow/.local/lib/python3.12/site-packages/airflow/example_dags/example_bash_operator.py
[2025-01-10T00:54:56.083+0000] {logging_mixin.py:190} INFO - [2025-01-10T00:54:56.083+0000] {dag.py:3239} INFO - Sync 1 DAGs
[2025-01-10T00:54:56.105+0000] {logging_mixin.py:190} INFO - [2025-01-10T00:54:56.105+0000] {dag.py:4180} INFO - Setting next_dagrun for example_bash_operator to 2025-01-09 00:00:00+00:00, run_after=2025-01-10 00:00:00+00:00
[2025-01-10T00:54:56.123+0000] {processor.py:208} INFO - Processing /home/airflow/.local/lib/python3.12/site-packages/airflow/example_dags/example_bash_operator.py took 0.085 seconds
[2025-01-10T00:55:26.297+0000] {processor.py:186} INFO - Started process (PID=1527) to work on /home/airflow/.local/lib/python3.12/site-packages/airflow/example_dags/example_bash_operator.py
[2025-01-10T00:55:26.298+0000] {processor.py:914} INFO - Processing file /home/airflow/.local/lib/python3.12/site-packages/airflow/example_dags/example_bash_operator.py for tasks to queue
[2025-01-10T00:55:26.300+0000] {logging_mixin.py:190} INFO - [2025-01-10T00:55:26.300+0000] {dagbag.py:588} INFO - Filling up the DagBag from /home/airflow/.local/lib/python3.12/site-packages/airflow/example_dags/example_bash_operator.py
[2025-01-10T00:55:26.313+0000] {processor.py:925} INFO - DAG(s) 'example_bash_operator' retrieved from /home/airflow/.local/lib/python3.12/site-packages/airflow/example_dags/example_bash_operator.py
[2025-01-10T00:55:26.338+0000] {logging_mixin.py:190} INFO - [2025-01-10T00:55:26.337+0000] {dag.py:3239} INFO - Sync 1 DAGs
[2025-01-10T00:55:26.362+0000] {logging_mixin.py:190} INFO - [2025-01-10T00:55:26.361+0000] {dag.py:4180} INFO - Setting next_dagrun for example_bash_operator to 2025-01-09 00:00:00+00:00, run_after=2025-01-10 00:00:00+00:00
[2025-01-10T00:55:26.384+0000] {processor.py:208} INFO - Processing /home/airflow/.local/lib/python3.12/site-packages/airflow/example_dags/example_bash_operator.py took 0.093 seconds
[2025-01-10T00:55:56.988+0000] {processor.py:186} INFO - Started process (PID=1590) to work on /home/airflow/.local/lib/python3.12/site-packages/airflow/example_dags/example_bash_operator.py
[2025-01-10T00:55:56.990+0000] {processor.py:914} INFO - Processing file /home/airflow/.local/lib/python3.12/site-packages/airflow/example_dags/example_bash_operator.py for tasks to queue
[2025-01-10T00:55:56.993+0000] {logging_mixin.py:190} INFO - [2025-01-10T00:55:56.993+0000] {dagbag.py:588} INFO - Filling up the DagBag from /home/airflow/.local/lib/python3.12/site-packages/airflow/example_dags/example_bash_operator.py
[2025-01-10T00:55:57.011+0000] {processor.py:925} INFO - DAG(s) 'example_bash_operator' retrieved from /home/airflow/.local/lib/python3.12/site-packages/airflow/example_dags/example_bash_operator.py
[2025-01-10T00:55:57.043+0000] {logging_mixin.py:190} INFO - [2025-01-10T00:55:57.043+0000] {dag.py:3239} INFO - Sync 1 DAGs
[2025-01-10T00:55:57.080+0000] {logging_mixin.py:190} INFO - [2025-01-10T00:55:57.079+0000] {dag.py:4180} INFO - Setting next_dagrun for example_bash_operator to 2025-01-09 00:00:00+00:00, run_after=2025-01-10 00:00:00+00:00
[2025-01-10T00:55:57.105+0000] {processor.py:208} INFO - Processing /home/airflow/.local/lib/python3.12/site-packages/airflow/example_dags/example_bash_operator.py took 0.125 seconds
[2025-01-10T00:56:27.395+0000] {processor.py:186} INFO - Started process (PID=1653) to work on /home/airflow/.local/lib/python3.12/site-packages/airflow/example_dags/example_bash_operator.py
[2025-01-10T00:56:27.396+0000] {processor.py:914} INFO - Processing file /home/airflow/.local/lib/python3.12/site-packages/airflow/example_dags/example_bash_operator.py for tasks to queue
[2025-01-10T00:56:27.398+0000] {logging_mixin.py:190} INFO - [2025-01-10T00:56:27.398+0000] {dagbag.py:588} INFO - Filling up the DagBag from /home/airflow/.local/lib/python3.12/site-packages/airflow/example_dags/example_bash_operator.py
[2025-01-10T00:56:27.411+0000] {processor.py:925} INFO - DAG(s) 'example_bash_operator' retrieved from /home/airflow/.local/lib/python3.12/site-packages/airflow/example_dags/example_bash_operator.py
[2025-01-10T00:56:27.436+0000] {logging_mixin.py:190} INFO - [2025-01-10T00:56:27.436+0000] {dag.py:3239} INFO - Sync 1 DAGs
[2025-01-10T00:56:27.459+0000] {logging_mixin.py:190} INFO - [2025-01-10T00:56:27.459+0000] {dag.py:4180} INFO - Setting next_dagrun for example_bash_operator to 2025-01-09 00:00:00+00:00, run_after=2025-01-10 00:00:00+00:00
[2025-01-10T00:56:27.478+0000] {processor.py:208} INFO - Processing /home/airflow/.local/lib/python3.12/site-packages/airflow/example_dags/example_bash_operator.py took 0.088 seconds
[2025-01-10T00:56:57.517+0000] {processor.py:186} INFO - Started process (PID=1716) to work on /home/airflow/.local/lib/python3.12/site-packages/airflow/example_dags/example_bash_operator.py
[2025-01-10T00:56:57.518+0000] {processor.py:914} INFO - Processing file /home/airflow/.local/lib/python3.12/site-packages/airflow/example_dags/example_bash_operator.py for tasks to queue
[2025-01-10T00:56:57.521+0000] {logging_mixin.py:190} INFO - [2025-01-10T00:56:57.520+0000] {dagbag.py:588} INFO - Filling up the DagBag from /home/airflow/.local/lib/python3.12/site-packages/airflow/example_dags/example_bash_operator.py
[2025-01-10T00:56:57.533+0000] {processor.py:925} INFO - DAG(s) 'example_bash_operator' retrieved from /home/airflow/.local/lib/python3.12/site-packages/airflow/example_dags/example_bash_operator.py
[2025-01-10T00:56:57.558+0000] {logging_mixin.py:190} INFO - [2025-01-10T00:56:57.558+0000] {dag.py:3239} INFO - Sync 1 DAGs
[2025-01-10T00:56:57.581+0000] {logging_mixin.py:190} INFO - [2025-01-10T00:56:57.581+0000] {dag.py:4180} INFO - Setting next_dagrun for example_bash_operator to 2025-01-09 00:00:00+00:00, run_after=2025-01-10 00:00:00+00:00
[2025-01-10T00:56:57.600+0000] {processor.py:208} INFO - Processing /home/airflow/.local/lib/python3.12/site-packages/airflow/example_dags/example_bash_operator.py took 0.088 seconds
[2025-01-10T00:57:28.189+0000] {processor.py:186} INFO - Started process (PID=1778) to work on /home/airflow/.local/lib/python3.12/site-packages/airflow/example_dags/example_bash_operator.py
[2025-01-10T00:57:28.190+0000] {processor.py:914} INFO - Processing file /home/airflow/.local/lib/python3.12/site-packages/airflow/example_dags/example_bash_operator.py for tasks to queue
[2025-01-10T00:57:28.192+0000] {logging_mixin.py:190} INFO - [2025-01-10T00:57:28.192+0000] {dagbag.py:588} INFO - Filling up the DagBag from /home/airflow/.local/lib/python3.12/site-packages/airflow/example_dags/example_bash_operator.py
[2025-01-10T00:57:28.204+0000] {processor.py:925} INFO - DAG(s) 'example_bash_operator' retrieved from /home/airflow/.local/lib/python3.12/site-packages/airflow/example_dags/example_bash_operator.py
[2025-01-10T00:57:28.229+0000] {logging_mixin.py:190} INFO - [2025-01-10T00:57:28.229+0000] {dag.py:3239} INFO - Sync 1 DAGs
[2025-01-10T00:57:28.252+0000] {logging_mixin.py:190} INFO - [2025-01-10T00:57:28.252+0000] {dag.py:4180} INFO - Setting next_dagrun for example_bash_operator to 2025-01-09 00:00:00+00:00, run_after=2025-01-10 00:00:00+00:00
[2025-01-10T00:57:28.273+0000] {processor.py:208} INFO - Processing /home/airflow/.local/lib/python3.12/site-packages/airflow/example_dags/example_bash_operator.py took 0.090 seconds
[2025-01-10T00:57:59.131+0000] {processor.py:186} INFO - Started process (PID=1842) to work on /home/airflow/.local/lib/python3.12/site-packages/airflow/example_dags/example_bash_operator.py
[2025-01-10T00:57:59.133+0000] {processor.py:914} INFO - Processing file /home/airflow/.local/lib/python3.12/site-packages/airflow/example_dags/example_bash_operator.py for tasks to queue
[2025-01-10T00:57:59.137+0000] {logging_mixin.py:190} INFO - [2025-01-10T00:57:59.136+0000] {dagbag.py:588} INFO - Filling up the DagBag from /home/airflow/.local/lib/python3.12/site-packages/airflow/example_dags/example_bash_operator.py
[2025-01-10T00:57:59.155+0000] {processor.py:925} INFO - DAG(s) 'example_bash_operator' retrieved from /home/airflow/.local/lib/python3.12/site-packages/airflow/example_dags/example_bash_operator.py
[2025-01-10T00:57:59.197+0000] {logging_mixin.py:190} INFO - [2025-01-10T00:57:59.196+0000] {dag.py:3239} INFO - Sync 1 DAGs
[2025-01-10T00:57:59.237+0000] {logging_mixin.py:190} INFO - [2025-01-10T00:57:59.237+0000] {dag.py:4180} INFO - Setting next_dagrun for example_bash_operator to 2025-01-09 00:00:00+00:00, run_after=2025-01-10 00:00:00+00:00
[2025-01-10T00:57:59.268+0000] {processor.py:208} INFO - Processing /home/airflow/.local/lib/python3.12/site-packages/airflow/example_dags/example_bash_operator.py took 0.146 seconds
[2025-01-10T00:58:29.903+0000] {processor.py:186} INFO - Started process (PID=1905) to work on /home/airflow/.local/lib/python3.12/site-packages/airflow/example_dags/example_bash_operator.py
[2025-01-10T00:58:29.905+0000] {processor.py:914} INFO - Processing file /home/airflow/.local/lib/python3.12/site-packages/airflow/example_dags/example_bash_operator.py for tasks to queue
[2025-01-10T00:58:29.909+0000] {logging_mixin.py:190} INFO - [2025-01-10T00:58:29.908+0000] {dagbag.py:588} INFO - Filling up the DagBag from /home/airflow/.local/lib/python3.12/site-packages/airflow/example_dags/example_bash_operator.py
[2025-01-10T00:58:29.925+0000] {processor.py:925} INFO - DAG(s) 'example_bash_operator' retrieved from /home/airflow/.local/lib/python3.12/site-packages/airflow/example_dags/example_bash_operator.py
[2025-01-10T00:58:29.952+0000] {logging_mixin.py:190} INFO - [2025-01-10T00:58:29.952+0000] {dag.py:3239} INFO - Sync 1 DAGs
[2025-01-10T00:58:29.978+0000] {logging_mixin.py:190} INFO - [2025-01-10T00:58:29.977+0000] {dag.py:4180} INFO - Setting next_dagrun for example_bash_operator to 2025-01-09 00:00:00+00:00, run_after=2025-01-10 00:00:00+00:00
[2025-01-10T00:58:29.998+0000] {processor.py:208} INFO - Processing /home/airflow/.local/lib/python3.12/site-packages/airflow/example_dags/example_bash_operator.py took 0.112 seconds
[2025-01-10T01:01:57.428+0000] {processor.py:186} INFO - Started process (PID=66) to work on /home/airflow/.local/lib/python3.12/site-packages/airflow/example_dags/example_bash_operator.py
[2025-01-10T01:01:57.430+0000] {processor.py:914} INFO - Processing file /home/airflow/.local/lib/python3.12/site-packages/airflow/example_dags/example_bash_operator.py for tasks to queue
[2025-01-10T01:01:57.432+0000] {logging_mixin.py:190} INFO - [2025-01-10T01:01:57.432+0000] {dagbag.py:588} INFO - Filling up the DagBag from /home/airflow/.local/lib/python3.12/site-packages/airflow/example_dags/example_bash_operator.py
[2025-01-10T01:01:57.449+0000] {processor.py:925} INFO - DAG(s) 'example_bash_operator' retrieved from /home/airflow/.local/lib/python3.12/site-packages/airflow/example_dags/example_bash_operator.py
[2025-01-10T01:01:57.496+0000] {logging_mixin.py:190} INFO - [2025-01-10T01:01:57.496+0000] {dag.py:3239} INFO - Sync 1 DAGs
[2025-01-10T01:01:57.534+0000] {logging_mixin.py:190} INFO - [2025-01-10T01:01:57.534+0000] {dag.py:4180} INFO - Setting next_dagrun for example_bash_operator to 2025-01-09 00:00:00+00:00, run_after=2025-01-10 00:00:00+00:00
[2025-01-10T01:01:57.566+0000] {processor.py:208} INFO - Processing /home/airflow/.local/lib/python3.12/site-packages/airflow/example_dags/example_bash_operator.py took 0.144 seconds
[2025-01-10T01:02:29.083+0000] {processor.py:186} INFO - Started process (PID=129) to work on /home/airflow/.local/lib/python3.12/site-packages/airflow/example_dags/example_bash_operator.py
[2025-01-10T01:02:29.084+0000] {processor.py:914} INFO - Processing file /home/airflow/.local/lib/python3.12/site-packages/airflow/example_dags/example_bash_operator.py for tasks to queue
[2025-01-10T01:02:29.087+0000] {logging_mixin.py:190} INFO - [2025-01-10T01:02:29.087+0000] {dagbag.py:588} INFO - Filling up the DagBag from /home/airflow/.local/lib/python3.12/site-packages/airflow/example_dags/example_bash_operator.py
[2025-01-10T01:02:29.104+0000] {processor.py:925} INFO - DAG(s) 'example_bash_operator' retrieved from /home/airflow/.local/lib/python3.12/site-packages/airflow/example_dags/example_bash_operator.py
[2025-01-10T01:02:29.140+0000] {logging_mixin.py:190} INFO - [2025-01-10T01:02:29.140+0000] {dag.py:3239} INFO - Sync 1 DAGs
[2025-01-10T01:02:29.174+0000] {logging_mixin.py:190} INFO - [2025-01-10T01:02:29.173+0000] {dag.py:4180} INFO - Setting next_dagrun for example_bash_operator to 2025-01-09 00:00:00+00:00, run_after=2025-01-10 00:00:00+00:00
[2025-01-10T01:02:29.202+0000] {processor.py:208} INFO - Processing /home/airflow/.local/lib/python3.12/site-packages/airflow/example_dags/example_bash_operator.py took 0.128 seconds
[2025-01-10T01:03:00.260+0000] {processor.py:186} INFO - Started process (PID=198) to work on /home/airflow/.local/lib/python3.12/site-packages/airflow/example_dags/example_bash_operator.py
[2025-01-10T01:03:00.261+0000] {processor.py:914} INFO - Processing file /home/airflow/.local/lib/python3.12/site-packages/airflow/example_dags/example_bash_operator.py for tasks to queue
[2025-01-10T01:03:00.263+0000] {logging_mixin.py:190} INFO - [2025-01-10T01:03:00.263+0000] {dagbag.py:588} INFO - Filling up the DagBag from /home/airflow/.local/lib/python3.12/site-packages/airflow/example_dags/example_bash_operator.py
[2025-01-10T01:03:00.276+0000] {processor.py:925} INFO - DAG(s) 'example_bash_operator' retrieved from /home/airflow/.local/lib/python3.12/site-packages/airflow/example_dags/example_bash_operator.py
[2025-01-10T01:03:00.301+0000] {logging_mixin.py:190} INFO - [2025-01-10T01:03:00.301+0000] {dag.py:3239} INFO - Sync 1 DAGs
[2025-01-10T01:03:00.324+0000] {logging_mixin.py:190} INFO - [2025-01-10T01:03:00.324+0000] {dag.py:4180} INFO - Setting next_dagrun for example_bash_operator to 2025-01-09 00:00:00+00:00, run_after=2025-01-10 00:00:00+00:00
[2025-01-10T01:03:00.348+0000] {processor.py:208} INFO - Processing /home/airflow/.local/lib/python3.12/site-packages/airflow/example_dags/example_bash_operator.py took 0.093 seconds
[2025-01-10T01:03:31.193+0000] {processor.py:186} INFO - Started process (PID=261) to work on /home/airflow/.local/lib/python3.12/site-packages/airflow/example_dags/example_bash_operator.py
[2025-01-10T01:03:31.194+0000] {processor.py:914} INFO - Processing file /home/airflow/.local/lib/python3.12/site-packages/airflow/example_dags/example_bash_operator.py for tasks to queue
[2025-01-10T01:03:31.196+0000] {logging_mixin.py:190} INFO - [2025-01-10T01:03:31.196+0000] {dagbag.py:588} INFO - Filling up the DagBag from /home/airflow/.local/lib/python3.12/site-packages/airflow/example_dags/example_bash_operator.py
[2025-01-10T01:03:31.211+0000] {processor.py:925} INFO - DAG(s) 'example_bash_operator' retrieved from /home/airflow/.local/lib/python3.12/site-packages/airflow/example_dags/example_bash_operator.py
[2025-01-10T01:03:31.243+0000] {logging_mixin.py:190} INFO - [2025-01-10T01:03:31.243+0000] {dag.py:3239} INFO - Sync 1 DAGs
[2025-01-10T01:03:31.279+0000] {logging_mixin.py:190} INFO - [2025-01-10T01:03:31.278+0000] {dag.py:4180} INFO - Setting next_dagrun for example_bash_operator to 2025-01-09 00:00:00+00:00, run_after=2025-01-10 00:00:00+00:00
[2025-01-10T01:03:31.309+0000] {processor.py:208} INFO - Processing /home/airflow/.local/lib/python3.12/site-packages/airflow/example_dags/example_bash_operator.py took 0.122 seconds
[2025-01-10T01:04:01.723+0000] {processor.py:186} INFO - Started process (PID=323) to work on /home/airflow/.local/lib/python3.12/site-packages/airflow/example_dags/example_bash_operator.py
[2025-01-10T01:04:01.724+0000] {processor.py:914} INFO - Processing file /home/airflow/.local/lib/python3.12/site-packages/airflow/example_dags/example_bash_operator.py for tasks to queue
[2025-01-10T01:04:01.726+0000] {logging_mixin.py:190} INFO - [2025-01-10T01:04:01.726+0000] {dagbag.py:588} INFO - Filling up the DagBag from /home/airflow/.local/lib/python3.12/site-packages/airflow/example_dags/example_bash_operator.py
[2025-01-10T01:04:01.738+0000] {processor.py:925} INFO - DAG(s) 'example_bash_operator' retrieved from /home/airflow/.local/lib/python3.12/site-packages/airflow/example_dags/example_bash_operator.py
[2025-01-10T01:04:01.762+0000] {logging_mixin.py:190} INFO - [2025-01-10T01:04:01.761+0000] {dag.py:3239} INFO - Sync 1 DAGs
[2025-01-10T01:04:01.784+0000] {logging_mixin.py:190} INFO - [2025-01-10T01:04:01.784+0000] {dag.py:4180} INFO - Setting next_dagrun for example_bash_operator to 2025-01-09 00:00:00+00:00, run_after=2025-01-10 00:00:00+00:00
[2025-01-10T01:04:01.804+0000] {processor.py:208} INFO - Processing /home/airflow/.local/lib/python3.12/site-packages/airflow/example_dags/example_bash_operator.py took 0.086 seconds
[2025-01-10T01:04:32.301+0000] {processor.py:186} INFO - Started process (PID=386) to work on /home/airflow/.local/lib/python3.12/site-packages/airflow/example_dags/example_bash_operator.py
[2025-01-10T01:04:32.302+0000] {processor.py:914} INFO - Processing file /home/airflow/.local/lib/python3.12/site-packages/airflow/example_dags/example_bash_operator.py for tasks to queue
[2025-01-10T01:04:32.304+0000] {logging_mixin.py:190} INFO - [2025-01-10T01:04:32.304+0000] {dagbag.py:588} INFO - Filling up the DagBag from /home/airflow/.local/lib/python3.12/site-packages/airflow/example_dags/example_bash_operator.py
[2025-01-10T01:04:32.317+0000] {processor.py:925} INFO - DAG(s) 'example_bash_operator' retrieved from /home/airflow/.local/lib/python3.12/site-packages/airflow/example_dags/example_bash_operator.py
[2025-01-10T01:04:32.346+0000] {logging_mixin.py:190} INFO - [2025-01-10T01:04:32.346+0000] {dag.py:3239} INFO - Sync 1 DAGs
[2025-01-10T01:04:32.377+0000] {logging_mixin.py:190} INFO - [2025-01-10T01:04:32.377+0000] {dag.py:4180} INFO - Setting next_dagrun for example_bash_operator to 2025-01-09 00:00:00+00:00, run_after=2025-01-10 00:00:00+00:00
[2025-01-10T01:04:32.401+0000] {processor.py:208} INFO - Processing /home/airflow/.local/lib/python3.12/site-packages/airflow/example_dags/example_bash_operator.py took 0.106 seconds
[2025-01-10T01:05:03.056+0000] {processor.py:186} INFO - Started process (PID=449) to work on /home/airflow/.local/lib/python3.12/site-packages/airflow/example_dags/example_bash_operator.py
[2025-01-10T01:05:03.057+0000] {processor.py:914} INFO - Processing file /home/airflow/.local/lib/python3.12/site-packages/airflow/example_dags/example_bash_operator.py for tasks to queue
[2025-01-10T01:05:03.059+0000] {logging_mixin.py:190} INFO - [2025-01-10T01:05:03.058+0000] {dagbag.py:588} INFO - Filling up the DagBag from /home/airflow/.local/lib/python3.12/site-packages/airflow/example_dags/example_bash_operator.py
[2025-01-10T01:05:03.071+0000] {processor.py:925} INFO - DAG(s) 'example_bash_operator' retrieved from /home/airflow/.local/lib/python3.12/site-packages/airflow/example_dags/example_bash_operator.py
[2025-01-10T01:05:03.096+0000] {logging_mixin.py:190} INFO - [2025-01-10T01:05:03.096+0000] {dag.py:3239} INFO - Sync 1 DAGs
[2025-01-10T01:05:03.125+0000] {logging_mixin.py:190} INFO - [2025-01-10T01:05:03.125+0000] {dag.py:4180} INFO - Setting next_dagrun for example_bash_operator to 2025-01-09 00:00:00+00:00, run_after=2025-01-10 00:00:00+00:00
[2025-01-10T01:05:03.152+0000] {processor.py:208} INFO - Processing /home/airflow/.local/lib/python3.12/site-packages/airflow/example_dags/example_bash_operator.py took 0.101 seconds
[2025-01-10T01:05:33.525+0000] {processor.py:186} INFO - Started process (PID=511) to work on /home/airflow/.local/lib/python3.12/site-packages/airflow/example_dags/example_bash_operator.py
[2025-01-10T01:05:33.526+0000] {processor.py:914} INFO - Processing file /home/airflow/.local/lib/python3.12/site-packages/airflow/example_dags/example_bash_operator.py for tasks to queue
[2025-01-10T01:05:33.528+0000] {logging_mixin.py:190} INFO - [2025-01-10T01:05:33.528+0000] {dagbag.py:588} INFO - Filling up the DagBag from /home/airflow/.local/lib/python3.12/site-packages/airflow/example_dags/example_bash_operator.py
[2025-01-10T01:05:33.540+0000] {processor.py:925} INFO - DAG(s) 'example_bash_operator' retrieved from /home/airflow/.local/lib/python3.12/site-packages/airflow/example_dags/example_bash_operator.py
[2025-01-10T01:05:33.564+0000] {logging_mixin.py:190} INFO - [2025-01-10T01:05:33.563+0000] {dag.py:3239} INFO - Sync 1 DAGs
[2025-01-10T01:05:33.587+0000] {logging_mixin.py:190} INFO - [2025-01-10T01:05:33.586+0000] {dag.py:4180} INFO - Setting next_dagrun for example_bash_operator to 2025-01-09 00:00:00+00:00, run_after=2025-01-10 00:00:00+00:00
[2025-01-10T01:05:33.606+0000] {processor.py:208} INFO - Processing /home/airflow/.local/lib/python3.12/site-packages/airflow/example_dags/example_bash_operator.py took 0.086 seconds
[2025-01-10T01:06:04.516+0000] {processor.py:186} INFO - Started process (PID=574) to work on /home/airflow/.local/lib/python3.12/site-packages/airflow/example_dags/example_bash_operator.py
[2025-01-10T01:06:04.517+0000] {processor.py:914} INFO - Processing file /home/airflow/.local/lib/python3.12/site-packages/airflow/example_dags/example_bash_operator.py for tasks to queue
[2025-01-10T01:06:04.519+0000] {logging_mixin.py:190} INFO - [2025-01-10T01:06:04.519+0000] {dagbag.py:588} INFO - Filling up the DagBag from /home/airflow/.local/lib/python3.12/site-packages/airflow/example_dags/example_bash_operator.py
[2025-01-10T01:06:04.531+0000] {processor.py:925} INFO - DAG(s) 'example_bash_operator' retrieved from /home/airflow/.local/lib/python3.12/site-packages/airflow/example_dags/example_bash_operator.py
[2025-01-10T01:06:04.555+0000] {logging_mixin.py:190} INFO - [2025-01-10T01:06:04.555+0000] {dag.py:3239} INFO - Sync 1 DAGs
[2025-01-10T01:06:04.577+0000] {logging_mixin.py:190} INFO - [2025-01-10T01:06:04.577+0000] {dag.py:4180} INFO - Setting next_dagrun for example_bash_operator to 2025-01-09 00:00:00+00:00, run_after=2025-01-10 00:00:00+00:00
[2025-01-10T01:06:04.597+0000] {processor.py:208} INFO - Processing /home/airflow/.local/lib/python3.12/site-packages/airflow/example_dags/example_bash_operator.py took 0.086 seconds
[2025-01-10T01:06:34.661+0000] {processor.py:186} INFO - Started process (PID=637) to work on /home/airflow/.local/lib/python3.12/site-packages/airflow/example_dags/example_bash_operator.py
[2025-01-10T01:06:34.662+0000] {processor.py:914} INFO - Processing file /home/airflow/.local/lib/python3.12/site-packages/airflow/example_dags/example_bash_operator.py for tasks to queue
[2025-01-10T01:06:34.665+0000] {logging_mixin.py:190} INFO - [2025-01-10T01:06:34.664+0000] {dagbag.py:588} INFO - Filling up the DagBag from /home/airflow/.local/lib/python3.12/site-packages/airflow/example_dags/example_bash_operator.py
[2025-01-10T01:06:34.679+0000] {processor.py:925} INFO - DAG(s) 'example_bash_operator' retrieved from /home/airflow/.local/lib/python3.12/site-packages/airflow/example_dags/example_bash_operator.py
[2025-01-10T01:06:34.711+0000] {logging_mixin.py:190} INFO - [2025-01-10T01:06:34.710+0000] {dag.py:3239} INFO - Sync 1 DAGs
[2025-01-10T01:06:34.737+0000] {logging_mixin.py:190} INFO - [2025-01-10T01:06:34.737+0000] {dag.py:4180} INFO - Setting next_dagrun for example_bash_operator to 2025-01-09 00:00:00+00:00, run_after=2025-01-10 00:00:00+00:00
[2025-01-10T01:06:34.763+0000] {processor.py:208} INFO - Processing /home/airflow/.local/lib/python3.12/site-packages/airflow/example_dags/example_bash_operator.py took 0.108 seconds
[2025-01-10T01:07:04.840+0000] {processor.py:186} INFO - Started process (PID=700) to work on /home/airflow/.local/lib/python3.12/site-packages/airflow/example_dags/example_bash_operator.py
[2025-01-10T01:07:04.841+0000] {processor.py:914} INFO - Processing file /home/airflow/.local/lib/python3.12/site-packages/airflow/example_dags/example_bash_operator.py for tasks to queue
[2025-01-10T01:07:04.843+0000] {logging_mixin.py:190} INFO - [2025-01-10T01:07:04.842+0000] {dagbag.py:588} INFO - Filling up the DagBag from /home/airflow/.local/lib/python3.12/site-packages/airflow/example_dags/example_bash_operator.py
[2025-01-10T01:07:04.854+0000] {processor.py:925} INFO - DAG(s) 'example_bash_operator' retrieved from /home/airflow/.local/lib/python3.12/site-packages/airflow/example_dags/example_bash_operator.py
[2025-01-10T01:07:04.880+0000] {logging_mixin.py:190} INFO - [2025-01-10T01:07:04.880+0000] {dag.py:3239} INFO - Sync 1 DAGs
[2025-01-10T01:07:04.903+0000] {logging_mixin.py:190} INFO - [2025-01-10T01:07:04.902+0000] {dag.py:4180} INFO - Setting next_dagrun for example_bash_operator to 2025-01-09 00:00:00+00:00, run_after=2025-01-10 00:00:00+00:00
[2025-01-10T01:07:04.924+0000] {processor.py:208} INFO - Processing /home/airflow/.local/lib/python3.12/site-packages/airflow/example_dags/example_bash_operator.py took 0.090 seconds
[2025-01-10T01:07:34.991+0000] {processor.py:186} INFO - Started process (PID=763) to work on /home/airflow/.local/lib/python3.12/site-packages/airflow/example_dags/example_bash_operator.py
[2025-01-10T01:07:34.992+0000] {processor.py:914} INFO - Processing file /home/airflow/.local/lib/python3.12/site-packages/airflow/example_dags/example_bash_operator.py for tasks to queue
[2025-01-10T01:07:34.994+0000] {logging_mixin.py:190} INFO - [2025-01-10T01:07:34.994+0000] {dagbag.py:588} INFO - Filling up the DagBag from /home/airflow/.local/lib/python3.12/site-packages/airflow/example_dags/example_bash_operator.py
[2025-01-10T01:07:35.006+0000] {processor.py:925} INFO - DAG(s) 'example_bash_operator' retrieved from /home/airflow/.local/lib/python3.12/site-packages/airflow/example_dags/example_bash_operator.py
[2025-01-10T01:07:35.031+0000] {logging_mixin.py:190} INFO - [2025-01-10T01:07:35.031+0000] {dag.py:3239} INFO - Sync 1 DAGs
[2025-01-10T01:07:35.055+0000] {logging_mixin.py:190} INFO - [2025-01-10T01:07:35.054+0000] {dag.py:4180} INFO - Setting next_dagrun for example_bash_operator to 2025-01-09 00:00:00+00:00, run_after=2025-01-10 00:00:00+00:00
[2025-01-10T01:07:35.076+0000] {processor.py:208} INFO - Processing /home/airflow/.local/lib/python3.12/site-packages/airflow/example_dags/example_bash_operator.py took 0.090 seconds
[2025-01-10T01:08:05.189+0000] {processor.py:186} INFO - Started process (PID=827) to work on /home/airflow/.local/lib/python3.12/site-packages/airflow/example_dags/example_bash_operator.py
[2025-01-10T01:08:05.190+0000] {processor.py:914} INFO - Processing file /home/airflow/.local/lib/python3.12/site-packages/airflow/example_dags/example_bash_operator.py for tasks to queue
[2025-01-10T01:08:05.192+0000] {logging_mixin.py:190} INFO - [2025-01-10T01:08:05.191+0000] {dagbag.py:588} INFO - Filling up the DagBag from /home/airflow/.local/lib/python3.12/site-packages/airflow/example_dags/example_bash_operator.py
[2025-01-10T01:08:05.203+0000] {processor.py:925} INFO - DAG(s) 'example_bash_operator' retrieved from /home/airflow/.local/lib/python3.12/site-packages/airflow/example_dags/example_bash_operator.py
[2025-01-10T01:08:05.226+0000] {logging_mixin.py:190} INFO - [2025-01-10T01:08:05.226+0000] {dag.py:3239} INFO - Sync 1 DAGs
[2025-01-10T01:08:05.248+0000] {logging_mixin.py:190} INFO - [2025-01-10T01:08:05.248+0000] {dag.py:4180} INFO - Setting next_dagrun for example_bash_operator to 2025-01-09 00:00:00+00:00, run_after=2025-01-10 00:00:00+00:00
[2025-01-10T01:08:05.268+0000] {processor.py:208} INFO - Processing /home/airflow/.local/lib/python3.12/site-packages/airflow/example_dags/example_bash_operator.py took 0.084 seconds
[2025-01-10T01:08:35.597+0000] {processor.py:186} INFO - Started process (PID=889) to work on /home/airflow/.local/lib/python3.12/site-packages/airflow/example_dags/example_bash_operator.py
[2025-01-10T01:08:35.599+0000] {processor.py:914} INFO - Processing file /home/airflow/.local/lib/python3.12/site-packages/airflow/example_dags/example_bash_operator.py for tasks to queue
[2025-01-10T01:08:35.602+0000] {logging_mixin.py:190} INFO - [2025-01-10T01:08:35.602+0000] {dagbag.py:588} INFO - Filling up the DagBag from /home/airflow/.local/lib/python3.12/site-packages/airflow/example_dags/example_bash_operator.py
[2025-01-10T01:08:35.621+0000] {processor.py:925} INFO - DAG(s) 'example_bash_operator' retrieved from /home/airflow/.local/lib/python3.12/site-packages/airflow/example_dags/example_bash_operator.py
[2025-01-10T01:08:35.681+0000] {logging_mixin.py:190} INFO - [2025-01-10T01:08:35.680+0000] {dag.py:3239} INFO - Sync 1 DAGs
[2025-01-10T01:08:35.765+0000] {logging_mixin.py:190} INFO - [2025-01-10T01:08:35.764+0000] {dag.py:4180} INFO - Setting next_dagrun for example_bash_operator to 2025-01-09 00:00:00+00:00, run_after=2025-01-10 00:00:00+00:00
[2025-01-10T01:08:35.791+0000] {processor.py:208} INFO - Processing /home/airflow/.local/lib/python3.12/site-packages/airflow/example_dags/example_bash_operator.py took 0.202 seconds
[2025-01-10T01:09:05.849+0000] {processor.py:186} INFO - Started process (PID=953) to work on /home/airflow/.local/lib/python3.12/site-packages/airflow/example_dags/example_bash_operator.py
[2025-01-10T01:09:05.850+0000] {processor.py:914} INFO - Processing file /home/airflow/.local/lib/python3.12/site-packages/airflow/example_dags/example_bash_operator.py for tasks to queue
[2025-01-10T01:09:05.852+0000] {logging_mixin.py:190} INFO - [2025-01-10T01:09:05.852+0000] {dagbag.py:588} INFO - Filling up the DagBag from /home/airflow/.local/lib/python3.12/site-packages/airflow/example_dags/example_bash_operator.py
[2025-01-10T01:09:05.865+0000] {processor.py:925} INFO - DAG(s) 'example_bash_operator' retrieved from /home/airflow/.local/lib/python3.12/site-packages/airflow/example_dags/example_bash_operator.py
[2025-01-10T01:09:05.889+0000] {logging_mixin.py:190} INFO - [2025-01-10T01:09:05.889+0000] {dag.py:3239} INFO - Sync 1 DAGs
[2025-01-10T01:09:05.912+0000] {logging_mixin.py:190} INFO - [2025-01-10T01:09:05.912+0000] {dag.py:4180} INFO - Setting next_dagrun for example_bash_operator to 2025-01-09 00:00:00+00:00, run_after=2025-01-10 00:00:00+00:00
[2025-01-10T01:09:05.936+0000] {processor.py:208} INFO - Processing /home/airflow/.local/lib/python3.12/site-packages/airflow/example_dags/example_bash_operator.py took 0.092 seconds
[2025-01-10T01:09:36.645+0000] {processor.py:186} INFO - Started process (PID=1016) to work on /home/airflow/.local/lib/python3.12/site-packages/airflow/example_dags/example_bash_operator.py
[2025-01-10T01:09:36.646+0000] {processor.py:914} INFO - Processing file /home/airflow/.local/lib/python3.12/site-packages/airflow/example_dags/example_bash_operator.py for tasks to queue
[2025-01-10T01:09:36.649+0000] {logging_mixin.py:190} INFO - [2025-01-10T01:09:36.649+0000] {dagbag.py:588} INFO - Filling up the DagBag from /home/airflow/.local/lib/python3.12/site-packages/airflow/example_dags/example_bash_operator.py
[2025-01-10T01:09:36.667+0000] {processor.py:925} INFO - DAG(s) 'example_bash_operator' retrieved from /home/airflow/.local/lib/python3.12/site-packages/airflow/example_dags/example_bash_operator.py
[2025-01-10T01:09:36.698+0000] {logging_mixin.py:190} INFO - [2025-01-10T01:09:36.698+0000] {dag.py:3239} INFO - Sync 1 DAGs
[2025-01-10T01:09:36.728+0000] {logging_mixin.py:190} INFO - [2025-01-10T01:09:36.727+0000] {dag.py:4180} INFO - Setting next_dagrun for example_bash_operator to 2025-01-09 00:00:00+00:00, run_after=2025-01-10 00:00:00+00:00
[2025-01-10T01:09:36.759+0000] {processor.py:208} INFO - Processing /home/airflow/.local/lib/python3.12/site-packages/airflow/example_dags/example_bash_operator.py took 0.120 seconds
[2025-01-10T01:10:06.827+0000] {processor.py:186} INFO - Started process (PID=1079) to work on /home/airflow/.local/lib/python3.12/site-packages/airflow/example_dags/example_bash_operator.py
[2025-01-10T01:10:06.828+0000] {processor.py:914} INFO - Processing file /home/airflow/.local/lib/python3.12/site-packages/airflow/example_dags/example_bash_operator.py for tasks to queue
[2025-01-10T01:10:06.830+0000] {logging_mixin.py:190} INFO - [2025-01-10T01:10:06.830+0000] {dagbag.py:588} INFO - Filling up the DagBag from /home/airflow/.local/lib/python3.12/site-packages/airflow/example_dags/example_bash_operator.py
[2025-01-10T01:10:06.842+0000] {processor.py:925} INFO - DAG(s) 'example_bash_operator' retrieved from /home/airflow/.local/lib/python3.12/site-packages/airflow/example_dags/example_bash_operator.py
[2025-01-10T01:10:06.866+0000] {logging_mixin.py:190} INFO - [2025-01-10T01:10:06.866+0000] {dag.py:3239} INFO - Sync 1 DAGs
[2025-01-10T01:10:06.888+0000] {logging_mixin.py:190} INFO - [2025-01-10T01:10:06.888+0000] {dag.py:4180} INFO - Setting next_dagrun for example_bash_operator to 2025-01-09 00:00:00+00:00, run_after=2025-01-10 00:00:00+00:00
[2025-01-10T01:10:06.909+0000] {processor.py:208} INFO - Processing /home/airflow/.local/lib/python3.12/site-packages/airflow/example_dags/example_bash_operator.py took 0.087 seconds
[2025-01-10T01:10:37.314+0000] {processor.py:186} INFO - Started process (PID=1143) to work on /home/airflow/.local/lib/python3.12/site-packages/airflow/example_dags/example_bash_operator.py
[2025-01-10T01:10:37.315+0000] {processor.py:914} INFO - Processing file /home/airflow/.local/lib/python3.12/site-packages/airflow/example_dags/example_bash_operator.py for tasks to queue
[2025-01-10T01:10:37.317+0000] {logging_mixin.py:190} INFO - [2025-01-10T01:10:37.316+0000] {dagbag.py:588} INFO - Filling up the DagBag from /home/airflow/.local/lib/python3.12/site-packages/airflow/example_dags/example_bash_operator.py
[2025-01-10T01:10:37.329+0000] {processor.py:925} INFO - DAG(s) 'example_bash_operator' retrieved from /home/airflow/.local/lib/python3.12/site-packages/airflow/example_dags/example_bash_operator.py
[2025-01-10T01:10:37.354+0000] {logging_mixin.py:190} INFO - [2025-01-10T01:10:37.354+0000] {dag.py:3239} INFO - Sync 1 DAGs
[2025-01-10T01:10:37.377+0000] {logging_mixin.py:190} INFO - [2025-01-10T01:10:37.377+0000] {dag.py:4180} INFO - Setting next_dagrun for example_bash_operator to 2025-01-09 00:00:00+00:00, run_after=2025-01-10 00:00:00+00:00
[2025-01-10T01:10:37.397+0000] {processor.py:208} INFO - Processing /home/airflow/.local/lib/python3.12/site-packages/airflow/example_dags/example_bash_operator.py took 0.088 seconds
[2025-01-10T01:11:07.576+0000] {processor.py:186} INFO - Started process (PID=1206) to work on /home/airflow/.local/lib/python3.12/site-packages/airflow/example_dags/example_bash_operator.py
[2025-01-10T01:11:07.577+0000] {processor.py:914} INFO - Processing file /home/airflow/.local/lib/python3.12/site-packages/airflow/example_dags/example_bash_operator.py for tasks to queue
[2025-01-10T01:11:07.579+0000] {logging_mixin.py:190} INFO - [2025-01-10T01:11:07.579+0000] {dagbag.py:588} INFO - Filling up the DagBag from /home/airflow/.local/lib/python3.12/site-packages/airflow/example_dags/example_bash_operator.py
[2025-01-10T01:11:07.591+0000] {processor.py:925} INFO - DAG(s) 'example_bash_operator' retrieved from /home/airflow/.local/lib/python3.12/site-packages/airflow/example_dags/example_bash_operator.py
[2025-01-10T01:11:07.614+0000] {logging_mixin.py:190} INFO - [2025-01-10T01:11:07.614+0000] {dag.py:3239} INFO - Sync 1 DAGs
[2025-01-10T01:11:07.640+0000] {logging_mixin.py:190} INFO - [2025-01-10T01:11:07.640+0000] {dag.py:4180} INFO - Setting next_dagrun for example_bash_operator to 2025-01-09 00:00:00+00:00, run_after=2025-01-10 00:00:00+00:00
[2025-01-10T01:11:07.662+0000] {processor.py:208} INFO - Processing /home/airflow/.local/lib/python3.12/site-packages/airflow/example_dags/example_bash_operator.py took 0.092 seconds
[2025-01-10T01:11:38.351+0000] {processor.py:186} INFO - Started process (PID=1268) to work on /home/airflow/.local/lib/python3.12/site-packages/airflow/example_dags/example_bash_operator.py
[2025-01-10T01:11:38.352+0000] {processor.py:914} INFO - Processing file /home/airflow/.local/lib/python3.12/site-packages/airflow/example_dags/example_bash_operator.py for tasks to queue
[2025-01-10T01:11:38.354+0000] {logging_mixin.py:190} INFO - [2025-01-10T01:11:38.353+0000] {dagbag.py:588} INFO - Filling up the DagBag from /home/airflow/.local/lib/python3.12/site-packages/airflow/example_dags/example_bash_operator.py
[2025-01-10T01:11:38.366+0000] {processor.py:925} INFO - DAG(s) 'example_bash_operator' retrieved from /home/airflow/.local/lib/python3.12/site-packages/airflow/example_dags/example_bash_operator.py
[2025-01-10T01:11:38.390+0000] {logging_mixin.py:190} INFO - [2025-01-10T01:11:38.390+0000] {dag.py:3239} INFO - Sync 1 DAGs
[2025-01-10T01:11:38.413+0000] {logging_mixin.py:190} INFO - [2025-01-10T01:11:38.413+0000] {dag.py:4180} INFO - Setting next_dagrun for example_bash_operator to 2025-01-09 00:00:00+00:00, run_after=2025-01-10 00:00:00+00:00
[2025-01-10T01:11:38.433+0000] {processor.py:208} INFO - Processing /home/airflow/.local/lib/python3.12/site-packages/airflow/example_dags/example_bash_operator.py took 0.087 seconds
[2025-01-10T01:12:08.672+0000] {processor.py:186} INFO - Started process (PID=1331) to work on /home/airflow/.local/lib/python3.12/site-packages/airflow/example_dags/example_bash_operator.py
[2025-01-10T01:12:08.673+0000] {processor.py:914} INFO - Processing file /home/airflow/.local/lib/python3.12/site-packages/airflow/example_dags/example_bash_operator.py for tasks to queue
[2025-01-10T01:12:08.676+0000] {logging_mixin.py:190} INFO - [2025-01-10T01:12:08.676+0000] {dagbag.py:588} INFO - Filling up the DagBag from /home/airflow/.local/lib/python3.12/site-packages/airflow/example_dags/example_bash_operator.py
[2025-01-10T01:12:08.694+0000] {processor.py:925} INFO - DAG(s) 'example_bash_operator' retrieved from /home/airflow/.local/lib/python3.12/site-packages/airflow/example_dags/example_bash_operator.py
[2025-01-10T01:12:08.726+0000] {logging_mixin.py:190} INFO - [2025-01-10T01:12:08.725+0000] {dag.py:3239} INFO - Sync 1 DAGs
[2025-01-10T01:12:08.752+0000] {logging_mixin.py:190} INFO - [2025-01-10T01:12:08.752+0000] {dag.py:4180} INFO - Setting next_dagrun for example_bash_operator to 2025-01-09 00:00:00+00:00, run_after=2025-01-10 00:00:00+00:00
[2025-01-10T01:12:08.778+0000] {processor.py:208} INFO - Processing /home/airflow/.local/lib/python3.12/site-packages/airflow/example_dags/example_bash_operator.py took 0.116 seconds
[2025-01-10T01:12:39.108+0000] {processor.py:186} INFO - Started process (PID=1394) to work on /home/airflow/.local/lib/python3.12/site-packages/airflow/example_dags/example_bash_operator.py
[2025-01-10T01:12:39.109+0000] {processor.py:914} INFO - Processing file /home/airflow/.local/lib/python3.12/site-packages/airflow/example_dags/example_bash_operator.py for tasks to queue
[2025-01-10T01:12:39.111+0000] {logging_mixin.py:190} INFO - [2025-01-10T01:12:39.110+0000] {dagbag.py:588} INFO - Filling up the DagBag from /home/airflow/.local/lib/python3.12/site-packages/airflow/example_dags/example_bash_operator.py
[2025-01-10T01:12:39.127+0000] {processor.py:925} INFO - DAG(s) 'example_bash_operator' retrieved from /home/airflow/.local/lib/python3.12/site-packages/airflow/example_dags/example_bash_operator.py
[2025-01-10T01:12:39.154+0000] {logging_mixin.py:190} INFO - [2025-01-10T01:12:39.154+0000] {dag.py:3239} INFO - Sync 1 DAGs
[2025-01-10T01:12:39.182+0000] {logging_mixin.py:190} INFO - [2025-01-10T01:12:39.182+0000] {dag.py:4180} INFO - Setting next_dagrun for example_bash_operator to 2025-01-09 00:00:00+00:00, run_after=2025-01-10 00:00:00+00:00
[2025-01-10T01:12:39.202+0000] {processor.py:208} INFO - Processing /home/airflow/.local/lib/python3.12/site-packages/airflow/example_dags/example_bash_operator.py took 0.099 seconds
[2025-01-10T01:13:09.860+0000] {processor.py:186} INFO - Started process (PID=1457) to work on /home/airflow/.local/lib/python3.12/site-packages/airflow/example_dags/example_bash_operator.py
[2025-01-10T01:13:09.861+0000] {processor.py:914} INFO - Processing file /home/airflow/.local/lib/python3.12/site-packages/airflow/example_dags/example_bash_operator.py for tasks to queue
[2025-01-10T01:13:09.863+0000] {logging_mixin.py:190} INFO - [2025-01-10T01:13:09.863+0000] {dagbag.py:588} INFO - Filling up the DagBag from /home/airflow/.local/lib/python3.12/site-packages/airflow/example_dags/example_bash_operator.py
[2025-01-10T01:13:09.876+0000] {processor.py:925} INFO - DAG(s) 'example_bash_operator' retrieved from /home/airflow/.local/lib/python3.12/site-packages/airflow/example_dags/example_bash_operator.py
[2025-01-10T01:13:09.900+0000] {logging_mixin.py:190} INFO - [2025-01-10T01:13:09.900+0000] {dag.py:3239} INFO - Sync 1 DAGs
[2025-01-10T01:13:09.925+0000] {logging_mixin.py:190} INFO - [2025-01-10T01:13:09.925+0000] {dag.py:4180} INFO - Setting next_dagrun for example_bash_operator to 2025-01-09 00:00:00+00:00, run_after=2025-01-10 00:00:00+00:00
[2025-01-10T01:13:09.945+0000] {processor.py:208} INFO - Processing /home/airflow/.local/lib/python3.12/site-packages/airflow/example_dags/example_bash_operator.py took 0.090 seconds
[2025-01-10T01:13:40.140+0000] {processor.py:186} INFO - Started process (PID=1520) to work on /home/airflow/.local/lib/python3.12/site-packages/airflow/example_dags/example_bash_operator.py
[2025-01-10T01:13:40.141+0000] {processor.py:914} INFO - Processing file /home/airflow/.local/lib/python3.12/site-packages/airflow/example_dags/example_bash_operator.py for tasks to queue
[2025-01-10T01:13:40.143+0000] {logging_mixin.py:190} INFO - [2025-01-10T01:13:40.143+0000] {dagbag.py:588} INFO - Filling up the DagBag from /home/airflow/.local/lib/python3.12/site-packages/airflow/example_dags/example_bash_operator.py
[2025-01-10T01:13:40.158+0000] {processor.py:925} INFO - DAG(s) 'example_bash_operator' retrieved from /home/airflow/.local/lib/python3.12/site-packages/airflow/example_dags/example_bash_operator.py
[2025-01-10T01:13:40.183+0000] {logging_mixin.py:190} INFO - [2025-01-10T01:13:40.183+0000] {dag.py:3239} INFO - Sync 1 DAGs
[2025-01-10T01:13:40.210+0000] {logging_mixin.py:190} INFO - [2025-01-10T01:13:40.210+0000] {dag.py:4180} INFO - Setting next_dagrun for example_bash_operator to 2025-01-09 00:00:00+00:00, run_after=2025-01-10 00:00:00+00:00
[2025-01-10T01:13:40.233+0000] {processor.py:208} INFO - Processing /home/airflow/.local/lib/python3.12/site-packages/airflow/example_dags/example_bash_operator.py took 0.100 seconds
[2025-01-10T01:14:10.271+0000] {processor.py:186} INFO - Started process (PID=1583) to work on /home/airflow/.local/lib/python3.12/site-packages/airflow/example_dags/example_bash_operator.py
[2025-01-10T01:14:10.272+0000] {processor.py:914} INFO - Processing file /home/airflow/.local/lib/python3.12/site-packages/airflow/example_dags/example_bash_operator.py for tasks to queue
[2025-01-10T01:14:10.276+0000] {logging_mixin.py:190} INFO - [2025-01-10T01:14:10.275+0000] {dagbag.py:588} INFO - Filling up the DagBag from /home/airflow/.local/lib/python3.12/site-packages/airflow/example_dags/example_bash_operator.py
[2025-01-10T01:14:10.292+0000] {processor.py:925} INFO - DAG(s) 'example_bash_operator' retrieved from /home/airflow/.local/lib/python3.12/site-packages/airflow/example_dags/example_bash_operator.py
[2025-01-10T01:14:10.321+0000] {logging_mixin.py:190} INFO - [2025-01-10T01:14:10.320+0000] {dag.py:3239} INFO - Sync 1 DAGs
[2025-01-10T01:14:10.349+0000] {logging_mixin.py:190} INFO - [2025-01-10T01:14:10.348+0000] {dag.py:4180} INFO - Setting next_dagrun for example_bash_operator to 2025-01-09 00:00:00+00:00, run_after=2025-01-10 00:00:00+00:00
[2025-01-10T01:14:10.376+0000] {processor.py:208} INFO - Processing /home/airflow/.local/lib/python3.12/site-packages/airflow/example_dags/example_bash_operator.py took 0.111 seconds
