[2025-01-10T00:43:56.505+0000] {processor.py:186} INFO - Started process (PID=117) to work on /home/airflow/.local/lib/python3.12/site-packages/airflow/example_dags/example_python_operator.py
[2025-01-10T00:43:56.506+0000] {processor.py:914} INFO - Processing file /home/airflow/.local/lib/python3.12/site-packages/airflow/example_dags/example_python_operator.py for tasks to queue
[2025-01-10T00:43:56.509+0000] {logging_mixin.py:190} INFO - [2025-01-10T00:43:56.508+0000] {dagbag.py:588} INFO - Filling up the DagBag from /home/airflow/.local/lib/python3.12/site-packages/airflow/example_dags/example_python_operator.py
[2025-01-10T00:43:56.529+0000] {processor.py:925} INFO - DAG(s) 'example_python_operator' retrieved from /home/airflow/.local/lib/python3.12/site-packages/airflow/example_dags/example_python_operator.py
[2025-01-10T00:43:56.654+0000] {logging_mixin.py:190} INFO - [2025-01-10T00:43:56.653+0000] {override.py:1911} INFO - Created Permission View: can delete on DAG:example_python_operator
[2025-01-10T00:43:56.668+0000] {logging_mixin.py:190} INFO - [2025-01-10T00:43:56.667+0000] {override.py:1911} INFO - Created Permission View: can read on DAG:example_python_operator
[2025-01-10T00:43:56.679+0000] {logging_mixin.py:190} INFO - [2025-01-10T00:43:56.679+0000] {override.py:1911} INFO - Created Permission View: can edit on DAG:example_python_operator
[2025-01-10T00:43:56.700+0000] {logging_mixin.py:190} INFO - [2025-01-10T00:43:56.699+0000] {override.py:1911} INFO - Created Permission View: can delete on DAG Run:example_python_operator
[2025-01-10T00:43:56.718+0000] {logging_mixin.py:190} INFO - [2025-01-10T00:43:56.717+0000] {override.py:1911} INFO - Created Permission View: can read on DAG Run:example_python_operator
[2025-01-10T00:43:56.736+0000] {logging_mixin.py:190} INFO - [2025-01-10T00:43:56.736+0000] {override.py:1911} INFO - Created Permission View: can create on DAG Run:example_python_operator
[2025-01-10T00:43:56.756+0000] {logging_mixin.py:190} INFO - [2025-01-10T00:43:56.755+0000] {override.py:1911} INFO - Created Permission View: menu access on DAG Run:example_python_operator
[2025-01-10T00:43:56.760+0000] {logging_mixin.py:190} INFO - [2025-01-10T00:43:56.760+0000] {dag.py:3239} INFO - Sync 1 DAGs
[2025-01-10T00:43:56.798+0000] {logging_mixin.py:190} INFO - [2025-01-10T00:43:56.798+0000] {dag.py:3262} INFO - Creating ORM DAG for example_python_operator
[2025-01-10T00:43:56.800+0000] {logging_mixin.py:190} INFO - [2025-01-10T00:43:56.800+0000] {dag.py:4180} INFO - Setting next_dagrun for example_python_operator to None, run_after=None
[2025-01-10T00:43:56.845+0000] {processor.py:208} INFO - Processing /home/airflow/.local/lib/python3.12/site-packages/airflow/example_dags/example_python_operator.py took 0.350 seconds
[2025-01-10T00:44:27.039+0000] {processor.py:186} INFO - Started process (PID=180) to work on /home/airflow/.local/lib/python3.12/site-packages/airflow/example_dags/example_python_operator.py
[2025-01-10T00:44:27.041+0000] {processor.py:914} INFO - Processing file /home/airflow/.local/lib/python3.12/site-packages/airflow/example_dags/example_python_operator.py for tasks to queue
[2025-01-10T00:44:27.044+0000] {logging_mixin.py:190} INFO - [2025-01-10T00:44:27.043+0000] {dagbag.py:588} INFO - Filling up the DagBag from /home/airflow/.local/lib/python3.12/site-packages/airflow/example_dags/example_python_operator.py
[2025-01-10T00:44:27.060+0000] {processor.py:925} INFO - DAG(s) 'example_python_operator' retrieved from /home/airflow/.local/lib/python3.12/site-packages/airflow/example_dags/example_python_operator.py
[2025-01-10T00:44:27.088+0000] {logging_mixin.py:190} INFO - [2025-01-10T00:44:27.087+0000] {dag.py:3239} INFO - Sync 1 DAGs
[2025-01-10T00:44:27.113+0000] {logging_mixin.py:190} INFO - [2025-01-10T00:44:27.112+0000] {dag.py:4180} INFO - Setting next_dagrun for example_python_operator to None, run_after=None
[2025-01-10T00:44:27.150+0000] {processor.py:208} INFO - Processing /home/airflow/.local/lib/python3.12/site-packages/airflow/example_dags/example_python_operator.py took 0.117 seconds
[2025-01-10T00:44:58.897+0000] {processor.py:186} INFO - Started process (PID=243) to work on /home/airflow/.local/lib/python3.12/site-packages/airflow/example_dags/example_python_operator.py
[2025-01-10T00:44:58.900+0000] {processor.py:914} INFO - Processing file /home/airflow/.local/lib/python3.12/site-packages/airflow/example_dags/example_python_operator.py for tasks to queue
[2025-01-10T00:44:58.906+0000] {logging_mixin.py:190} INFO - [2025-01-10T00:44:58.905+0000] {dagbag.py:588} INFO - Filling up the DagBag from /home/airflow/.local/lib/python3.12/site-packages/airflow/example_dags/example_python_operator.py
[2025-01-10T00:44:58.962+0000] {processor.py:925} INFO - DAG(s) 'example_python_operator' retrieved from /home/airflow/.local/lib/python3.12/site-packages/airflow/example_dags/example_python_operator.py
[2025-01-10T00:44:59.047+0000] {logging_mixin.py:190} INFO - [2025-01-10T00:44:59.046+0000] {dag.py:3239} INFO - Sync 1 DAGs
[2025-01-10T00:44:59.084+0000] {logging_mixin.py:190} INFO - [2025-01-10T00:44:59.084+0000] {dag.py:4180} INFO - Setting next_dagrun for example_python_operator to None, run_after=None
[2025-01-10T00:44:59.130+0000] {processor.py:208} INFO - Processing /home/airflow/.local/lib/python3.12/site-packages/airflow/example_dags/example_python_operator.py took 0.251 seconds
[2025-01-10T00:45:29.951+0000] {processor.py:186} INFO - Started process (PID=306) to work on /home/airflow/.local/lib/python3.12/site-packages/airflow/example_dags/example_python_operator.py
[2025-01-10T00:45:29.952+0000] {processor.py:914} INFO - Processing file /home/airflow/.local/lib/python3.12/site-packages/airflow/example_dags/example_python_operator.py for tasks to queue
[2025-01-10T00:45:29.954+0000] {logging_mixin.py:190} INFO - [2025-01-10T00:45:29.954+0000] {dagbag.py:588} INFO - Filling up the DagBag from /home/airflow/.local/lib/python3.12/site-packages/airflow/example_dags/example_python_operator.py
[2025-01-10T00:45:29.967+0000] {processor.py:925} INFO - DAG(s) 'example_python_operator' retrieved from /home/airflow/.local/lib/python3.12/site-packages/airflow/example_dags/example_python_operator.py
[2025-01-10T00:45:29.989+0000] {logging_mixin.py:190} INFO - [2025-01-10T00:45:29.988+0000] {dag.py:3239} INFO - Sync 1 DAGs
[2025-01-10T00:45:30.002+0000] {logging_mixin.py:190} INFO - [2025-01-10T00:45:30.002+0000] {dag.py:4180} INFO - Setting next_dagrun for example_python_operator to None, run_after=None
[2025-01-10T00:45:30.025+0000] {processor.py:208} INFO - Processing /home/airflow/.local/lib/python3.12/site-packages/airflow/example_dags/example_python_operator.py took 0.080 seconds
[2025-01-10T00:46:00.673+0000] {processor.py:186} INFO - Started process (PID=369) to work on /home/airflow/.local/lib/python3.12/site-packages/airflow/example_dags/example_python_operator.py
[2025-01-10T00:46:00.675+0000] {processor.py:914} INFO - Processing file /home/airflow/.local/lib/python3.12/site-packages/airflow/example_dags/example_python_operator.py for tasks to queue
[2025-01-10T00:46:00.680+0000] {logging_mixin.py:190} INFO - [2025-01-10T00:46:00.679+0000] {dagbag.py:588} INFO - Filling up the DagBag from /home/airflow/.local/lib/python3.12/site-packages/airflow/example_dags/example_python_operator.py
[2025-01-10T00:46:00.701+0000] {processor.py:925} INFO - DAG(s) 'example_python_operator' retrieved from /home/airflow/.local/lib/python3.12/site-packages/airflow/example_dags/example_python_operator.py
[2025-01-10T00:46:00.744+0000] {logging_mixin.py:190} INFO - [2025-01-10T00:46:00.743+0000] {dag.py:3239} INFO - Sync 1 DAGs
[2025-01-10T00:46:00.772+0000] {logging_mixin.py:190} INFO - [2025-01-10T00:46:00.771+0000] {dag.py:4180} INFO - Setting next_dagrun for example_python_operator to None, run_after=None
[2025-01-10T00:46:00.807+0000] {processor.py:208} INFO - Processing /home/airflow/.local/lib/python3.12/site-packages/airflow/example_dags/example_python_operator.py took 0.146 seconds
[2025-01-10T00:46:30.878+0000] {processor.py:186} INFO - Started process (PID=431) to work on /home/airflow/.local/lib/python3.12/site-packages/airflow/example_dags/example_python_operator.py
[2025-01-10T00:46:30.879+0000] {processor.py:914} INFO - Processing file /home/airflow/.local/lib/python3.12/site-packages/airflow/example_dags/example_python_operator.py for tasks to queue
[2025-01-10T00:46:30.882+0000] {logging_mixin.py:190} INFO - [2025-01-10T00:46:30.882+0000] {dagbag.py:588} INFO - Filling up the DagBag from /home/airflow/.local/lib/python3.12/site-packages/airflow/example_dags/example_python_operator.py
[2025-01-10T00:46:30.901+0000] {processor.py:925} INFO - DAG(s) 'example_python_operator' retrieved from /home/airflow/.local/lib/python3.12/site-packages/airflow/example_dags/example_python_operator.py
[2025-01-10T00:46:30.923+0000] {logging_mixin.py:190} INFO - [2025-01-10T00:46:30.922+0000] {dag.py:3239} INFO - Sync 1 DAGs
[2025-01-10T00:46:30.938+0000] {logging_mixin.py:190} INFO - [2025-01-10T00:46:30.938+0000] {dag.py:4180} INFO - Setting next_dagrun for example_python_operator to None, run_after=None
[2025-01-10T00:46:31.001+0000] {processor.py:208} INFO - Processing /home/airflow/.local/lib/python3.12/site-packages/airflow/example_dags/example_python_operator.py took 0.132 seconds
[2025-01-10T00:47:01.172+0000] {processor.py:186} INFO - Started process (PID=494) to work on /home/airflow/.local/lib/python3.12/site-packages/airflow/example_dags/example_python_operator.py
[2025-01-10T00:47:01.174+0000] {processor.py:914} INFO - Processing file /home/airflow/.local/lib/python3.12/site-packages/airflow/example_dags/example_python_operator.py for tasks to queue
[2025-01-10T00:47:01.177+0000] {logging_mixin.py:190} INFO - [2025-01-10T00:47:01.177+0000] {dagbag.py:588} INFO - Filling up the DagBag from /home/airflow/.local/lib/python3.12/site-packages/airflow/example_dags/example_python_operator.py
[2025-01-10T00:47:01.192+0000] {processor.py:925} INFO - DAG(s) 'example_python_operator' retrieved from /home/airflow/.local/lib/python3.12/site-packages/airflow/example_dags/example_python_operator.py
[2025-01-10T00:47:01.215+0000] {logging_mixin.py:190} INFO - [2025-01-10T00:47:01.215+0000] {dag.py:3239} INFO - Sync 1 DAGs
[2025-01-10T00:47:01.229+0000] {logging_mixin.py:190} INFO - [2025-01-10T00:47:01.229+0000] {dag.py:4180} INFO - Setting next_dagrun for example_python_operator to None, run_after=None
[2025-01-10T00:47:01.249+0000] {processor.py:208} INFO - Processing /home/airflow/.local/lib/python3.12/site-packages/airflow/example_dags/example_python_operator.py took 0.083 seconds
[2025-01-10T00:47:32.300+0000] {processor.py:186} INFO - Started process (PID=557) to work on /home/airflow/.local/lib/python3.12/site-packages/airflow/example_dags/example_python_operator.py
[2025-01-10T00:47:32.301+0000] {processor.py:914} INFO - Processing file /home/airflow/.local/lib/python3.12/site-packages/airflow/example_dags/example_python_operator.py for tasks to queue
[2025-01-10T00:47:32.304+0000] {logging_mixin.py:190} INFO - [2025-01-10T00:47:32.304+0000] {dagbag.py:588} INFO - Filling up the DagBag from /home/airflow/.local/lib/python3.12/site-packages/airflow/example_dags/example_python_operator.py
[2025-01-10T00:47:32.317+0000] {processor.py:925} INFO - DAG(s) 'example_python_operator' retrieved from /home/airflow/.local/lib/python3.12/site-packages/airflow/example_dags/example_python_operator.py
[2025-01-10T00:47:32.343+0000] {logging_mixin.py:190} INFO - [2025-01-10T00:47:32.342+0000] {dag.py:3239} INFO - Sync 1 DAGs
[2025-01-10T00:47:32.360+0000] {logging_mixin.py:190} INFO - [2025-01-10T00:47:32.359+0000] {dag.py:4180} INFO - Setting next_dagrun for example_python_operator to None, run_after=None
[2025-01-10T00:47:32.384+0000] {processor.py:208} INFO - Processing /home/airflow/.local/lib/python3.12/site-packages/airflow/example_dags/example_python_operator.py took 0.090 seconds
[2025-01-10T00:48:03.164+0000] {processor.py:186} INFO - Started process (PID=620) to work on /home/airflow/.local/lib/python3.12/site-packages/airflow/example_dags/example_python_operator.py
[2025-01-10T00:48:03.166+0000] {processor.py:914} INFO - Processing file /home/airflow/.local/lib/python3.12/site-packages/airflow/example_dags/example_python_operator.py for tasks to queue
[2025-01-10T00:48:03.169+0000] {logging_mixin.py:190} INFO - [2025-01-10T00:48:03.168+0000] {dagbag.py:588} INFO - Filling up the DagBag from /home/airflow/.local/lib/python3.12/site-packages/airflow/example_dags/example_python_operator.py
[2025-01-10T00:48:03.185+0000] {processor.py:925} INFO - DAG(s) 'example_python_operator' retrieved from /home/airflow/.local/lib/python3.12/site-packages/airflow/example_dags/example_python_operator.py
[2025-01-10T00:48:03.210+0000] {logging_mixin.py:190} INFO - [2025-01-10T00:48:03.210+0000] {dag.py:3239} INFO - Sync 1 DAGs
[2025-01-10T00:48:03.226+0000] {logging_mixin.py:190} INFO - [2025-01-10T00:48:03.226+0000] {dag.py:4180} INFO - Setting next_dagrun for example_python_operator to None, run_after=None
[2025-01-10T00:48:03.245+0000] {processor.py:208} INFO - Processing /home/airflow/.local/lib/python3.12/site-packages/airflow/example_dags/example_python_operator.py took 0.087 seconds
[2025-01-10T00:48:34.249+0000] {processor.py:186} INFO - Started process (PID=683) to work on /home/airflow/.local/lib/python3.12/site-packages/airflow/example_dags/example_python_operator.py
[2025-01-10T00:48:34.250+0000] {processor.py:914} INFO - Processing file /home/airflow/.local/lib/python3.12/site-packages/airflow/example_dags/example_python_operator.py for tasks to queue
[2025-01-10T00:48:34.252+0000] {logging_mixin.py:190} INFO - [2025-01-10T00:48:34.252+0000] {dagbag.py:588} INFO - Filling up the DagBag from /home/airflow/.local/lib/python3.12/site-packages/airflow/example_dags/example_python_operator.py
[2025-01-10T00:48:34.266+0000] {processor.py:925} INFO - DAG(s) 'example_python_operator' retrieved from /home/airflow/.local/lib/python3.12/site-packages/airflow/example_dags/example_python_operator.py
[2025-01-10T00:48:34.286+0000] {logging_mixin.py:190} INFO - [2025-01-10T00:48:34.286+0000] {dag.py:3239} INFO - Sync 1 DAGs
[2025-01-10T00:48:34.300+0000] {logging_mixin.py:190} INFO - [2025-01-10T00:48:34.299+0000] {dag.py:4180} INFO - Setting next_dagrun for example_python_operator to None, run_after=None
[2025-01-10T00:48:34.319+0000] {processor.py:208} INFO - Processing /home/airflow/.local/lib/python3.12/site-packages/airflow/example_dags/example_python_operator.py took 0.075 seconds
[2025-01-10T00:49:05.536+0000] {processor.py:186} INFO - Started process (PID=746) to work on /home/airflow/.local/lib/python3.12/site-packages/airflow/example_dags/example_python_operator.py
[2025-01-10T00:49:05.537+0000] {processor.py:914} INFO - Processing file /home/airflow/.local/lib/python3.12/site-packages/airflow/example_dags/example_python_operator.py for tasks to queue
[2025-01-10T00:49:05.539+0000] {logging_mixin.py:190} INFO - [2025-01-10T00:49:05.539+0000] {dagbag.py:588} INFO - Filling up the DagBag from /home/airflow/.local/lib/python3.12/site-packages/airflow/example_dags/example_python_operator.py
[2025-01-10T00:49:05.551+0000] {processor.py:925} INFO - DAG(s) 'example_python_operator' retrieved from /home/airflow/.local/lib/python3.12/site-packages/airflow/example_dags/example_python_operator.py
[2025-01-10T00:49:05.572+0000] {logging_mixin.py:190} INFO - [2025-01-10T00:49:05.572+0000] {dag.py:3239} INFO - Sync 1 DAGs
[2025-01-10T00:49:05.587+0000] {logging_mixin.py:190} INFO - [2025-01-10T00:49:05.586+0000] {dag.py:4180} INFO - Setting next_dagrun for example_python_operator to None, run_after=None
[2025-01-10T00:49:05.605+0000] {processor.py:208} INFO - Processing /home/airflow/.local/lib/python3.12/site-packages/airflow/example_dags/example_python_operator.py took 0.074 seconds
[2025-01-10T00:49:36.459+0000] {processor.py:186} INFO - Started process (PID=809) to work on /home/airflow/.local/lib/python3.12/site-packages/airflow/example_dags/example_python_operator.py
[2025-01-10T00:49:36.461+0000] {processor.py:914} INFO - Processing file /home/airflow/.local/lib/python3.12/site-packages/airflow/example_dags/example_python_operator.py for tasks to queue
[2025-01-10T00:49:36.464+0000] {logging_mixin.py:190} INFO - [2025-01-10T00:49:36.463+0000] {dagbag.py:588} INFO - Filling up the DagBag from /home/airflow/.local/lib/python3.12/site-packages/airflow/example_dags/example_python_operator.py
[2025-01-10T00:49:36.480+0000] {processor.py:925} INFO - DAG(s) 'example_python_operator' retrieved from /home/airflow/.local/lib/python3.12/site-packages/airflow/example_dags/example_python_operator.py
[2025-01-10T00:49:36.506+0000] {logging_mixin.py:190} INFO - [2025-01-10T00:49:36.505+0000] {dag.py:3239} INFO - Sync 1 DAGs
[2025-01-10T00:49:36.529+0000] {logging_mixin.py:190} INFO - [2025-01-10T00:49:36.529+0000] {dag.py:4180} INFO - Setting next_dagrun for example_python_operator to None, run_after=None
[2025-01-10T00:49:36.548+0000] {processor.py:208} INFO - Processing /home/airflow/.local/lib/python3.12/site-packages/airflow/example_dags/example_python_operator.py took 0.097 seconds
[2025-01-10T00:50:08.117+0000] {processor.py:186} INFO - Started process (PID=872) to work on /home/airflow/.local/lib/python3.12/site-packages/airflow/example_dags/example_python_operator.py
[2025-01-10T00:50:08.118+0000] {processor.py:914} INFO - Processing file /home/airflow/.local/lib/python3.12/site-packages/airflow/example_dags/example_python_operator.py for tasks to queue
[2025-01-10T00:50:08.120+0000] {logging_mixin.py:190} INFO - [2025-01-10T00:50:08.120+0000] {dagbag.py:588} INFO - Filling up the DagBag from /home/airflow/.local/lib/python3.12/site-packages/airflow/example_dags/example_python_operator.py
[2025-01-10T00:50:08.132+0000] {processor.py:925} INFO - DAG(s) 'example_python_operator' retrieved from /home/airflow/.local/lib/python3.12/site-packages/airflow/example_dags/example_python_operator.py
[2025-01-10T00:50:08.152+0000] {logging_mixin.py:190} INFO - [2025-01-10T00:50:08.152+0000] {dag.py:3239} INFO - Sync 1 DAGs
[2025-01-10T00:50:08.165+0000] {logging_mixin.py:190} INFO - [2025-01-10T00:50:08.165+0000] {dag.py:4180} INFO - Setting next_dagrun for example_python_operator to None, run_after=None
[2025-01-10T00:50:08.186+0000] {processor.py:208} INFO - Processing /home/airflow/.local/lib/python3.12/site-packages/airflow/example_dags/example_python_operator.py took 0.074 seconds
[2025-01-10T00:50:39.322+0000] {processor.py:186} INFO - Started process (PID=935) to work on /home/airflow/.local/lib/python3.12/site-packages/airflow/example_dags/example_python_operator.py
[2025-01-10T00:50:39.323+0000] {processor.py:914} INFO - Processing file /home/airflow/.local/lib/python3.12/site-packages/airflow/example_dags/example_python_operator.py for tasks to queue
[2025-01-10T00:50:39.327+0000] {logging_mixin.py:190} INFO - [2025-01-10T00:50:39.326+0000] {dagbag.py:588} INFO - Filling up the DagBag from /home/airflow/.local/lib/python3.12/site-packages/airflow/example_dags/example_python_operator.py
[2025-01-10T00:50:39.347+0000] {processor.py:925} INFO - DAG(s) 'example_python_operator' retrieved from /home/airflow/.local/lib/python3.12/site-packages/airflow/example_dags/example_python_operator.py
[2025-01-10T00:50:39.377+0000] {logging_mixin.py:190} INFO - [2025-01-10T00:50:39.376+0000] {dag.py:3239} INFO - Sync 1 DAGs
[2025-01-10T00:50:39.409+0000] {logging_mixin.py:190} INFO - [2025-01-10T00:50:39.409+0000] {dag.py:4180} INFO - Setting next_dagrun for example_python_operator to None, run_after=None
[2025-01-10T00:50:39.438+0000] {processor.py:208} INFO - Processing /home/airflow/.local/lib/python3.12/site-packages/airflow/example_dags/example_python_operator.py took 0.125 seconds
[2025-01-10T00:51:10.593+0000] {processor.py:186} INFO - Started process (PID=998) to work on /home/airflow/.local/lib/python3.12/site-packages/airflow/example_dags/example_python_operator.py
[2025-01-10T00:51:10.594+0000] {processor.py:914} INFO - Processing file /home/airflow/.local/lib/python3.12/site-packages/airflow/example_dags/example_python_operator.py for tasks to queue
[2025-01-10T00:51:10.597+0000] {logging_mixin.py:190} INFO - [2025-01-10T00:51:10.596+0000] {dagbag.py:588} INFO - Filling up the DagBag from /home/airflow/.local/lib/python3.12/site-packages/airflow/example_dags/example_python_operator.py
[2025-01-10T00:51:10.608+0000] {processor.py:925} INFO - DAG(s) 'example_python_operator' retrieved from /home/airflow/.local/lib/python3.12/site-packages/airflow/example_dags/example_python_operator.py
[2025-01-10T00:51:10.628+0000] {logging_mixin.py:190} INFO - [2025-01-10T00:51:10.627+0000] {dag.py:3239} INFO - Sync 1 DAGs
[2025-01-10T00:51:10.641+0000] {logging_mixin.py:190} INFO - [2025-01-10T00:51:10.641+0000] {dag.py:4180} INFO - Setting next_dagrun for example_python_operator to None, run_after=None
[2025-01-10T00:51:10.660+0000] {processor.py:208} INFO - Processing /home/airflow/.local/lib/python3.12/site-packages/airflow/example_dags/example_python_operator.py took 0.074 seconds
[2025-01-10T00:51:41.728+0000] {processor.py:186} INFO - Started process (PID=1062) to work on /home/airflow/.local/lib/python3.12/site-packages/airflow/example_dags/example_python_operator.py
[2025-01-10T00:51:41.729+0000] {processor.py:914} INFO - Processing file /home/airflow/.local/lib/python3.12/site-packages/airflow/example_dags/example_python_operator.py for tasks to queue
[2025-01-10T00:51:41.731+0000] {logging_mixin.py:190} INFO - [2025-01-10T00:51:41.731+0000] {dagbag.py:588} INFO - Filling up the DagBag from /home/airflow/.local/lib/python3.12/site-packages/airflow/example_dags/example_python_operator.py
[2025-01-10T00:51:41.742+0000] {processor.py:925} INFO - DAG(s) 'example_python_operator' retrieved from /home/airflow/.local/lib/python3.12/site-packages/airflow/example_dags/example_python_operator.py
[2025-01-10T00:51:41.763+0000] {logging_mixin.py:190} INFO - [2025-01-10T00:51:41.763+0000] {dag.py:3239} INFO - Sync 1 DAGs
[2025-01-10T00:51:41.777+0000] {logging_mixin.py:190} INFO - [2025-01-10T00:51:41.776+0000] {dag.py:4180} INFO - Setting next_dagrun for example_python_operator to None, run_after=None
[2025-01-10T00:51:41.796+0000] {processor.py:208} INFO - Processing /home/airflow/.local/lib/python3.12/site-packages/airflow/example_dags/example_python_operator.py took 0.074 seconds
[2025-01-10T00:52:13.112+0000] {processor.py:186} INFO - Started process (PID=1131) to work on /home/airflow/.local/lib/python3.12/site-packages/airflow/example_dags/example_python_operator.py
[2025-01-10T00:52:13.113+0000] {processor.py:914} INFO - Processing file /home/airflow/.local/lib/python3.12/site-packages/airflow/example_dags/example_python_operator.py for tasks to queue
[2025-01-10T00:52:13.115+0000] {logging_mixin.py:190} INFO - [2025-01-10T00:52:13.114+0000] {dagbag.py:588} INFO - Filling up the DagBag from /home/airflow/.local/lib/python3.12/site-packages/airflow/example_dags/example_python_operator.py
[2025-01-10T00:52:13.126+0000] {processor.py:925} INFO - DAG(s) 'example_python_operator' retrieved from /home/airflow/.local/lib/python3.12/site-packages/airflow/example_dags/example_python_operator.py
[2025-01-10T00:52:13.145+0000] {logging_mixin.py:190} INFO - [2025-01-10T00:52:13.145+0000] {dag.py:3239} INFO - Sync 1 DAGs
[2025-01-10T00:52:13.159+0000] {logging_mixin.py:190} INFO - [2025-01-10T00:52:13.158+0000] {dag.py:4180} INFO - Setting next_dagrun for example_python_operator to None, run_after=None
[2025-01-10T00:52:13.178+0000] {processor.py:208} INFO - Processing /home/airflow/.local/lib/python3.12/site-packages/airflow/example_dags/example_python_operator.py took 0.072 seconds
[2025-01-10T00:52:44.741+0000] {processor.py:186} INFO - Started process (PID=1194) to work on /home/airflow/.local/lib/python3.12/site-packages/airflow/example_dags/example_python_operator.py
[2025-01-10T00:52:44.741+0000] {processor.py:914} INFO - Processing file /home/airflow/.local/lib/python3.12/site-packages/airflow/example_dags/example_python_operator.py for tasks to queue
[2025-01-10T00:52:44.744+0000] {logging_mixin.py:190} INFO - [2025-01-10T00:52:44.743+0000] {dagbag.py:588} INFO - Filling up the DagBag from /home/airflow/.local/lib/python3.12/site-packages/airflow/example_dags/example_python_operator.py
[2025-01-10T00:52:44.755+0000] {processor.py:925} INFO - DAG(s) 'example_python_operator' retrieved from /home/airflow/.local/lib/python3.12/site-packages/airflow/example_dags/example_python_operator.py
[2025-01-10T00:52:44.776+0000] {logging_mixin.py:190} INFO - [2025-01-10T00:52:44.776+0000] {dag.py:3239} INFO - Sync 1 DAGs
[2025-01-10T00:52:44.790+0000] {logging_mixin.py:190} INFO - [2025-01-10T00:52:44.789+0000] {dag.py:4180} INFO - Setting next_dagrun for example_python_operator to None, run_after=None
[2025-01-10T00:52:44.808+0000] {processor.py:208} INFO - Processing /home/airflow/.local/lib/python3.12/site-packages/airflow/example_dags/example_python_operator.py took 0.073 seconds
[2025-01-10T00:53:16.470+0000] {processor.py:186} INFO - Started process (PID=1257) to work on /home/airflow/.local/lib/python3.12/site-packages/airflow/example_dags/example_python_operator.py
[2025-01-10T00:53:16.471+0000] {processor.py:914} INFO - Processing file /home/airflow/.local/lib/python3.12/site-packages/airflow/example_dags/example_python_operator.py for tasks to queue
[2025-01-10T00:53:16.473+0000] {logging_mixin.py:190} INFO - [2025-01-10T00:53:16.473+0000] {dagbag.py:588} INFO - Filling up the DagBag from /home/airflow/.local/lib/python3.12/site-packages/airflow/example_dags/example_python_operator.py
[2025-01-10T00:53:16.487+0000] {processor.py:925} INFO - DAG(s) 'example_python_operator' retrieved from /home/airflow/.local/lib/python3.12/site-packages/airflow/example_dags/example_python_operator.py
[2025-01-10T00:53:16.509+0000] {logging_mixin.py:190} INFO - [2025-01-10T00:53:16.509+0000] {dag.py:3239} INFO - Sync 1 DAGs
[2025-01-10T00:53:16.528+0000] {logging_mixin.py:190} INFO - [2025-01-10T00:53:16.527+0000] {dag.py:4180} INFO - Setting next_dagrun for example_python_operator to None, run_after=None
[2025-01-10T00:53:16.551+0000] {processor.py:208} INFO - Processing /home/airflow/.local/lib/python3.12/site-packages/airflow/example_dags/example_python_operator.py took 0.087 seconds
[2025-01-10T00:53:48.234+0000] {processor.py:186} INFO - Started process (PID=1321) to work on /home/airflow/.local/lib/python3.12/site-packages/airflow/example_dags/example_python_operator.py
[2025-01-10T00:53:48.235+0000] {processor.py:914} INFO - Processing file /home/airflow/.local/lib/python3.12/site-packages/airflow/example_dags/example_python_operator.py for tasks to queue
[2025-01-10T00:53:48.239+0000] {logging_mixin.py:190} INFO - [2025-01-10T00:53:48.238+0000] {dagbag.py:588} INFO - Filling up the DagBag from /home/airflow/.local/lib/python3.12/site-packages/airflow/example_dags/example_python_operator.py
[2025-01-10T00:53:48.260+0000] {processor.py:925} INFO - DAG(s) 'example_python_operator' retrieved from /home/airflow/.local/lib/python3.12/site-packages/airflow/example_dags/example_python_operator.py
[2025-01-10T00:53:48.290+0000] {logging_mixin.py:190} INFO - [2025-01-10T00:53:48.290+0000] {dag.py:3239} INFO - Sync 1 DAGs
[2025-01-10T00:53:48.314+0000] {logging_mixin.py:190} INFO - [2025-01-10T00:53:48.314+0000] {dag.py:4180} INFO - Setting next_dagrun for example_python_operator to None, run_after=None
[2025-01-10T00:53:48.348+0000] {processor.py:208} INFO - Processing /home/airflow/.local/lib/python3.12/site-packages/airflow/example_dags/example_python_operator.py took 0.121 seconds
[2025-01-10T00:54:18.430+0000] {processor.py:186} INFO - Started process (PID=1384) to work on /home/airflow/.local/lib/python3.12/site-packages/airflow/example_dags/example_python_operator.py
[2025-01-10T00:54:18.431+0000] {processor.py:914} INFO - Processing file /home/airflow/.local/lib/python3.12/site-packages/airflow/example_dags/example_python_operator.py for tasks to queue
[2025-01-10T00:54:18.433+0000] {logging_mixin.py:190} INFO - [2025-01-10T00:54:18.433+0000] {dagbag.py:588} INFO - Filling up the DagBag from /home/airflow/.local/lib/python3.12/site-packages/airflow/example_dags/example_python_operator.py
[2025-01-10T00:54:18.445+0000] {processor.py:925} INFO - DAG(s) 'example_python_operator' retrieved from /home/airflow/.local/lib/python3.12/site-packages/airflow/example_dags/example_python_operator.py
[2025-01-10T00:54:18.463+0000] {logging_mixin.py:190} INFO - [2025-01-10T00:54:18.463+0000] {dag.py:3239} INFO - Sync 1 DAGs
[2025-01-10T00:54:18.477+0000] {logging_mixin.py:190} INFO - [2025-01-10T00:54:18.476+0000] {dag.py:4180} INFO - Setting next_dagrun for example_python_operator to None, run_after=None
[2025-01-10T00:54:18.497+0000] {processor.py:208} INFO - Processing /home/airflow/.local/lib/python3.12/site-packages/airflow/example_dags/example_python_operator.py took 0.072 seconds
[2025-01-10T00:54:49.448+0000] {processor.py:186} INFO - Started process (PID=1447) to work on /home/airflow/.local/lib/python3.12/site-packages/airflow/example_dags/example_python_operator.py
[2025-01-10T00:54:49.449+0000] {processor.py:914} INFO - Processing file /home/airflow/.local/lib/python3.12/site-packages/airflow/example_dags/example_python_operator.py for tasks to queue
[2025-01-10T00:54:49.451+0000] {logging_mixin.py:190} INFO - [2025-01-10T00:54:49.451+0000] {dagbag.py:588} INFO - Filling up the DagBag from /home/airflow/.local/lib/python3.12/site-packages/airflow/example_dags/example_python_operator.py
[2025-01-10T00:54:49.467+0000] {processor.py:925} INFO - DAG(s) 'example_python_operator' retrieved from /home/airflow/.local/lib/python3.12/site-packages/airflow/example_dags/example_python_operator.py
[2025-01-10T00:54:49.491+0000] {logging_mixin.py:190} INFO - [2025-01-10T00:54:49.491+0000] {dag.py:3239} INFO - Sync 1 DAGs
[2025-01-10T00:54:49.508+0000] {logging_mixin.py:190} INFO - [2025-01-10T00:54:49.507+0000] {dag.py:4180} INFO - Setting next_dagrun for example_python_operator to None, run_after=None
[2025-01-10T00:54:49.543+0000] {processor.py:208} INFO - Processing /home/airflow/.local/lib/python3.12/site-packages/airflow/example_dags/example_python_operator.py took 0.101 seconds
[2025-01-10T00:55:20.588+0000] {processor.py:186} INFO - Started process (PID=1510) to work on /home/airflow/.local/lib/python3.12/site-packages/airflow/example_dags/example_python_operator.py
[2025-01-10T00:55:20.589+0000] {processor.py:914} INFO - Processing file /home/airflow/.local/lib/python3.12/site-packages/airflow/example_dags/example_python_operator.py for tasks to queue
[2025-01-10T00:55:20.592+0000] {logging_mixin.py:190} INFO - [2025-01-10T00:55:20.592+0000] {dagbag.py:588} INFO - Filling up the DagBag from /home/airflow/.local/lib/python3.12/site-packages/airflow/example_dags/example_python_operator.py
[2025-01-10T00:55:20.604+0000] {processor.py:925} INFO - DAG(s) 'example_python_operator' retrieved from /home/airflow/.local/lib/python3.12/site-packages/airflow/example_dags/example_python_operator.py
[2025-01-10T00:55:20.623+0000] {logging_mixin.py:190} INFO - [2025-01-10T00:55:20.623+0000] {dag.py:3239} INFO - Sync 1 DAGs
[2025-01-10T00:55:20.637+0000] {logging_mixin.py:190} INFO - [2025-01-10T00:55:20.637+0000] {dag.py:4180} INFO - Setting next_dagrun for example_python_operator to None, run_after=None
[2025-01-10T00:55:20.655+0000] {processor.py:208} INFO - Processing /home/airflow/.local/lib/python3.12/site-packages/airflow/example_dags/example_python_operator.py took 0.072 seconds
[2025-01-10T00:55:51.641+0000] {processor.py:186} INFO - Started process (PID=1573) to work on /home/airflow/.local/lib/python3.12/site-packages/airflow/example_dags/example_python_operator.py
[2025-01-10T00:55:51.642+0000] {processor.py:914} INFO - Processing file /home/airflow/.local/lib/python3.12/site-packages/airflow/example_dags/example_python_operator.py for tasks to queue
[2025-01-10T00:55:51.644+0000] {logging_mixin.py:190} INFO - [2025-01-10T00:55:51.644+0000] {dagbag.py:588} INFO - Filling up the DagBag from /home/airflow/.local/lib/python3.12/site-packages/airflow/example_dags/example_python_operator.py
[2025-01-10T00:55:51.656+0000] {processor.py:925} INFO - DAG(s) 'example_python_operator' retrieved from /home/airflow/.local/lib/python3.12/site-packages/airflow/example_dags/example_python_operator.py
[2025-01-10T00:55:51.677+0000] {logging_mixin.py:190} INFO - [2025-01-10T00:55:51.676+0000] {dag.py:3239} INFO - Sync 1 DAGs
[2025-01-10T00:55:51.690+0000] {logging_mixin.py:190} INFO - [2025-01-10T00:55:51.690+0000] {dag.py:4180} INFO - Setting next_dagrun for example_python_operator to None, run_after=None
[2025-01-10T00:55:51.708+0000] {processor.py:208} INFO - Processing /home/airflow/.local/lib/python3.12/site-packages/airflow/example_dags/example_python_operator.py took 0.073 seconds
[2025-01-10T00:56:22.604+0000] {processor.py:186} INFO - Started process (PID=1636) to work on /home/airflow/.local/lib/python3.12/site-packages/airflow/example_dags/example_python_operator.py
[2025-01-10T00:56:22.605+0000] {processor.py:914} INFO - Processing file /home/airflow/.local/lib/python3.12/site-packages/airflow/example_dags/example_python_operator.py for tasks to queue
[2025-01-10T00:56:22.608+0000] {logging_mixin.py:190} INFO - [2025-01-10T00:56:22.607+0000] {dagbag.py:588} INFO - Filling up the DagBag from /home/airflow/.local/lib/python3.12/site-packages/airflow/example_dags/example_python_operator.py
[2025-01-10T00:56:22.620+0000] {processor.py:925} INFO - DAG(s) 'example_python_operator' retrieved from /home/airflow/.local/lib/python3.12/site-packages/airflow/example_dags/example_python_operator.py
[2025-01-10T00:56:22.641+0000] {logging_mixin.py:190} INFO - [2025-01-10T00:56:22.641+0000] {dag.py:3239} INFO - Sync 1 DAGs
[2025-01-10T00:56:22.654+0000] {logging_mixin.py:190} INFO - [2025-01-10T00:56:22.654+0000] {dag.py:4180} INFO - Setting next_dagrun for example_python_operator to None, run_after=None
[2025-01-10T00:56:22.674+0000] {processor.py:208} INFO - Processing /home/airflow/.local/lib/python3.12/site-packages/airflow/example_dags/example_python_operator.py took 0.075 seconds
[2025-01-10T00:56:54.215+0000] {processor.py:186} INFO - Started process (PID=1699) to work on /home/airflow/.local/lib/python3.12/site-packages/airflow/example_dags/example_python_operator.py
[2025-01-10T00:56:54.215+0000] {processor.py:914} INFO - Processing file /home/airflow/.local/lib/python3.12/site-packages/airflow/example_dags/example_python_operator.py for tasks to queue
[2025-01-10T00:56:54.218+0000] {logging_mixin.py:190} INFO - [2025-01-10T00:56:54.217+0000] {dagbag.py:588} INFO - Filling up the DagBag from /home/airflow/.local/lib/python3.12/site-packages/airflow/example_dags/example_python_operator.py
[2025-01-10T00:56:54.229+0000] {processor.py:925} INFO - DAG(s) 'example_python_operator' retrieved from /home/airflow/.local/lib/python3.12/site-packages/airflow/example_dags/example_python_operator.py
[2025-01-10T00:56:54.251+0000] {logging_mixin.py:190} INFO - [2025-01-10T00:56:54.251+0000] {dag.py:3239} INFO - Sync 1 DAGs
[2025-01-10T00:56:54.266+0000] {logging_mixin.py:190} INFO - [2025-01-10T00:56:54.265+0000] {dag.py:4180} INFO - Setting next_dagrun for example_python_operator to None, run_after=None
[2025-01-10T00:56:54.284+0000] {processor.py:208} INFO - Processing /home/airflow/.local/lib/python3.12/site-packages/airflow/example_dags/example_python_operator.py took 0.075 seconds
[2025-01-10T00:57:25.448+0000] {processor.py:186} INFO - Started process (PID=1762) to work on /home/airflow/.local/lib/python3.12/site-packages/airflow/example_dags/example_python_operator.py
[2025-01-10T00:57:25.449+0000] {processor.py:914} INFO - Processing file /home/airflow/.local/lib/python3.12/site-packages/airflow/example_dags/example_python_operator.py for tasks to queue
[2025-01-10T00:57:25.452+0000] {logging_mixin.py:190} INFO - [2025-01-10T00:57:25.451+0000] {dagbag.py:588} INFO - Filling up the DagBag from /home/airflow/.local/lib/python3.12/site-packages/airflow/example_dags/example_python_operator.py
[2025-01-10T00:57:25.465+0000] {processor.py:925} INFO - DAG(s) 'example_python_operator' retrieved from /home/airflow/.local/lib/python3.12/site-packages/airflow/example_dags/example_python_operator.py
[2025-01-10T00:57:25.489+0000] {logging_mixin.py:190} INFO - [2025-01-10T00:57:25.488+0000] {dag.py:3239} INFO - Sync 1 DAGs
[2025-01-10T00:57:25.503+0000] {logging_mixin.py:190} INFO - [2025-01-10T00:57:25.503+0000] {dag.py:4180} INFO - Setting next_dagrun for example_python_operator to None, run_after=None
[2025-01-10T00:57:25.523+0000] {processor.py:208} INFO - Processing /home/airflow/.local/lib/python3.12/site-packages/airflow/example_dags/example_python_operator.py took 0.081 seconds
[2025-01-10T00:57:57.206+0000] {processor.py:186} INFO - Started process (PID=1828) to work on /home/airflow/.local/lib/python3.12/site-packages/airflow/example_dags/example_python_operator.py
[2025-01-10T00:57:57.209+0000] {processor.py:914} INFO - Processing file /home/airflow/.local/lib/python3.12/site-packages/airflow/example_dags/example_python_operator.py for tasks to queue
[2025-01-10T00:57:57.213+0000] {logging_mixin.py:190} INFO - [2025-01-10T00:57:57.213+0000] {dagbag.py:588} INFO - Filling up the DagBag from /home/airflow/.local/lib/python3.12/site-packages/airflow/example_dags/example_python_operator.py
[2025-01-10T00:57:57.241+0000] {processor.py:925} INFO - DAG(s) 'example_python_operator' retrieved from /home/airflow/.local/lib/python3.12/site-packages/airflow/example_dags/example_python_operator.py
[2025-01-10T00:57:57.285+0000] {logging_mixin.py:190} INFO - [2025-01-10T00:57:57.284+0000] {dag.py:3239} INFO - Sync 1 DAGs
[2025-01-10T00:57:57.316+0000] {logging_mixin.py:190} INFO - [2025-01-10T00:57:57.316+0000] {dag.py:4180} INFO - Setting next_dagrun for example_python_operator to None, run_after=None
[2025-01-10T00:57:57.362+0000] {processor.py:208} INFO - Processing /home/airflow/.local/lib/python3.12/site-packages/airflow/example_dags/example_python_operator.py took 0.168 seconds
[2025-01-10T00:58:28.115+0000] {processor.py:186} INFO - Started process (PID=1891) to work on /home/airflow/.local/lib/python3.12/site-packages/airflow/example_dags/example_python_operator.py
[2025-01-10T00:58:28.116+0000] {processor.py:914} INFO - Processing file /home/airflow/.local/lib/python3.12/site-packages/airflow/example_dags/example_python_operator.py for tasks to queue
[2025-01-10T00:58:28.119+0000] {logging_mixin.py:190} INFO - [2025-01-10T00:58:28.119+0000] {dagbag.py:588} INFO - Filling up the DagBag from /home/airflow/.local/lib/python3.12/site-packages/airflow/example_dags/example_python_operator.py
[2025-01-10T00:58:28.130+0000] {processor.py:925} INFO - DAG(s) 'example_python_operator' retrieved from /home/airflow/.local/lib/python3.12/site-packages/airflow/example_dags/example_python_operator.py
[2025-01-10T00:58:28.152+0000] {logging_mixin.py:190} INFO - [2025-01-10T00:58:28.152+0000] {dag.py:3239} INFO - Sync 1 DAGs
[2025-01-10T00:58:28.171+0000] {logging_mixin.py:190} INFO - [2025-01-10T00:58:28.171+0000] {dag.py:4180} INFO - Setting next_dagrun for example_python_operator to None, run_after=None
[2025-01-10T00:58:28.198+0000] {processor.py:208} INFO - Processing /home/airflow/.local/lib/python3.12/site-packages/airflow/example_dags/example_python_operator.py took 0.089 seconds
[2025-01-10T01:02:06.714+0000] {processor.py:186} INFO - Started process (PID=111) to work on /home/airflow/.local/lib/python3.12/site-packages/airflow/example_dags/example_python_operator.py
[2025-01-10T01:02:06.716+0000] {processor.py:914} INFO - Processing file /home/airflow/.local/lib/python3.12/site-packages/airflow/example_dags/example_python_operator.py for tasks to queue
[2025-01-10T01:02:06.726+0000] {logging_mixin.py:190} INFO - [2025-01-10T01:02:06.720+0000] {dagbag.py:588} INFO - Filling up the DagBag from /home/airflow/.local/lib/python3.12/site-packages/airflow/example_dags/example_python_operator.py
[2025-01-10T01:02:06.776+0000] {processor.py:925} INFO - DAG(s) 'example_python_operator' retrieved from /home/airflow/.local/lib/python3.12/site-packages/airflow/example_dags/example_python_operator.py
[2025-01-10T01:02:07.097+0000] {logging_mixin.py:190} INFO - [2025-01-10T01:02:07.097+0000] {dag.py:3239} INFO - Sync 1 DAGs
[2025-01-10T01:02:07.132+0000] {logging_mixin.py:190} INFO - [2025-01-10T01:02:07.131+0000] {dag.py:4180} INFO - Setting next_dagrun for example_python_operator to None, run_after=None
[2025-01-10T01:02:07.181+0000] {processor.py:208} INFO - Processing /home/airflow/.local/lib/python3.12/site-packages/airflow/example_dags/example_python_operator.py took 0.516 seconds
[2025-01-10T01:02:37.307+0000] {processor.py:186} INFO - Started process (PID=174) to work on /home/airflow/.local/lib/python3.12/site-packages/airflow/example_dags/example_python_operator.py
[2025-01-10T01:02:37.307+0000] {processor.py:914} INFO - Processing file /home/airflow/.local/lib/python3.12/site-packages/airflow/example_dags/example_python_operator.py for tasks to queue
[2025-01-10T01:02:37.310+0000] {logging_mixin.py:190} INFO - [2025-01-10T01:02:37.310+0000] {dagbag.py:588} INFO - Filling up the DagBag from /home/airflow/.local/lib/python3.12/site-packages/airflow/example_dags/example_python_operator.py
[2025-01-10T01:02:37.321+0000] {processor.py:925} INFO - DAG(s) 'example_python_operator' retrieved from /home/airflow/.local/lib/python3.12/site-packages/airflow/example_dags/example_python_operator.py
[2025-01-10T01:02:37.341+0000] {logging_mixin.py:190} INFO - [2025-01-10T01:02:37.341+0000] {dag.py:3239} INFO - Sync 1 DAGs
[2025-01-10T01:02:37.354+0000] {logging_mixin.py:190} INFO - [2025-01-10T01:02:37.354+0000] {dag.py:4180} INFO - Setting next_dagrun for example_python_operator to None, run_after=None
[2025-01-10T01:02:37.376+0000] {processor.py:208} INFO - Processing /home/airflow/.local/lib/python3.12/site-packages/airflow/example_dags/example_python_operator.py took 0.074 seconds
[2025-01-10T01:03:08.216+0000] {processor.py:186} INFO - Started process (PID=237) to work on /home/airflow/.local/lib/python3.12/site-packages/airflow/example_dags/example_python_operator.py
[2025-01-10T01:03:08.217+0000] {processor.py:914} INFO - Processing file /home/airflow/.local/lib/python3.12/site-packages/airflow/example_dags/example_python_operator.py for tasks to queue
[2025-01-10T01:03:08.220+0000] {logging_mixin.py:190} INFO - [2025-01-10T01:03:08.219+0000] {dagbag.py:588} INFO - Filling up the DagBag from /home/airflow/.local/lib/python3.12/site-packages/airflow/example_dags/example_python_operator.py
[2025-01-10T01:03:08.232+0000] {processor.py:925} INFO - DAG(s) 'example_python_operator' retrieved from /home/airflow/.local/lib/python3.12/site-packages/airflow/example_dags/example_python_operator.py
[2025-01-10T01:03:08.253+0000] {logging_mixin.py:190} INFO - [2025-01-10T01:03:08.253+0000] {dag.py:3239} INFO - Sync 1 DAGs
[2025-01-10T01:03:08.267+0000] {logging_mixin.py:190} INFO - [2025-01-10T01:03:08.267+0000] {dag.py:4180} INFO - Setting next_dagrun for example_python_operator to None, run_after=None
[2025-01-10T01:03:08.288+0000] {processor.py:208} INFO - Processing /home/airflow/.local/lib/python3.12/site-packages/airflow/example_dags/example_python_operator.py took 0.078 seconds
[2025-01-10T01:03:38.747+0000] {processor.py:186} INFO - Started process (PID=300) to work on /home/airflow/.local/lib/python3.12/site-packages/airflow/example_dags/example_python_operator.py
[2025-01-10T01:03:38.748+0000] {processor.py:914} INFO - Processing file /home/airflow/.local/lib/python3.12/site-packages/airflow/example_dags/example_python_operator.py for tasks to queue
[2025-01-10T01:03:38.750+0000] {logging_mixin.py:190} INFO - [2025-01-10T01:03:38.750+0000] {dagbag.py:588} INFO - Filling up the DagBag from /home/airflow/.local/lib/python3.12/site-packages/airflow/example_dags/example_python_operator.py
[2025-01-10T01:03:38.761+0000] {processor.py:925} INFO - DAG(s) 'example_python_operator' retrieved from /home/airflow/.local/lib/python3.12/site-packages/airflow/example_dags/example_python_operator.py
[2025-01-10T01:03:38.782+0000] {logging_mixin.py:190} INFO - [2025-01-10T01:03:38.781+0000] {dag.py:3239} INFO - Sync 1 DAGs
[2025-01-10T01:03:38.795+0000] {logging_mixin.py:190} INFO - [2025-01-10T01:03:38.795+0000] {dag.py:4180} INFO - Setting next_dagrun for example_python_operator to None, run_after=None
[2025-01-10T01:03:38.817+0000] {processor.py:208} INFO - Processing /home/airflow/.local/lib/python3.12/site-packages/airflow/example_dags/example_python_operator.py took 0.075 seconds
[2025-01-10T01:04:09.004+0000] {processor.py:186} INFO - Started process (PID=363) to work on /home/airflow/.local/lib/python3.12/site-packages/airflow/example_dags/example_python_operator.py
[2025-01-10T01:04:09.005+0000] {processor.py:914} INFO - Processing file /home/airflow/.local/lib/python3.12/site-packages/airflow/example_dags/example_python_operator.py for tasks to queue
[2025-01-10T01:04:09.008+0000] {logging_mixin.py:190} INFO - [2025-01-10T01:04:09.008+0000] {dagbag.py:588} INFO - Filling up the DagBag from /home/airflow/.local/lib/python3.12/site-packages/airflow/example_dags/example_python_operator.py
[2025-01-10T01:04:09.025+0000] {processor.py:925} INFO - DAG(s) 'example_python_operator' retrieved from /home/airflow/.local/lib/python3.12/site-packages/airflow/example_dags/example_python_operator.py
[2025-01-10T01:04:09.054+0000] {logging_mixin.py:190} INFO - [2025-01-10T01:04:09.054+0000] {dag.py:3239} INFO - Sync 1 DAGs
[2025-01-10T01:04:09.074+0000] {logging_mixin.py:190} INFO - [2025-01-10T01:04:09.074+0000] {dag.py:4180} INFO - Setting next_dagrun for example_python_operator to None, run_after=None
[2025-01-10T01:04:09.101+0000] {processor.py:208} INFO - Processing /home/airflow/.local/lib/python3.12/site-packages/airflow/example_dags/example_python_operator.py took 0.105 seconds
[2025-01-10T01:04:39.767+0000] {processor.py:186} INFO - Started process (PID=426) to work on /home/airflow/.local/lib/python3.12/site-packages/airflow/example_dags/example_python_operator.py
[2025-01-10T01:04:39.768+0000] {processor.py:914} INFO - Processing file /home/airflow/.local/lib/python3.12/site-packages/airflow/example_dags/example_python_operator.py for tasks to queue
[2025-01-10T01:04:39.771+0000] {logging_mixin.py:190} INFO - [2025-01-10T01:04:39.771+0000] {dagbag.py:588} INFO - Filling up the DagBag from /home/airflow/.local/lib/python3.12/site-packages/airflow/example_dags/example_python_operator.py
[2025-01-10T01:04:39.783+0000] {processor.py:925} INFO - DAG(s) 'example_python_operator' retrieved from /home/airflow/.local/lib/python3.12/site-packages/airflow/example_dags/example_python_operator.py
[2025-01-10T01:04:39.811+0000] {logging_mixin.py:190} INFO - [2025-01-10T01:04:39.810+0000] {dag.py:3239} INFO - Sync 1 DAGs
[2025-01-10T01:04:39.829+0000] {logging_mixin.py:190} INFO - [2025-01-10T01:04:39.829+0000] {dag.py:4180} INFO - Setting next_dagrun for example_python_operator to None, run_after=None
[2025-01-10T01:04:39.856+0000] {processor.py:208} INFO - Processing /home/airflow/.local/lib/python3.12/site-packages/airflow/example_dags/example_python_operator.py took 0.094 seconds
[2025-01-10T01:05:09.896+0000] {processor.py:186} INFO - Started process (PID=488) to work on /home/airflow/.local/lib/python3.12/site-packages/airflow/example_dags/example_python_operator.py
[2025-01-10T01:05:09.897+0000] {processor.py:914} INFO - Processing file /home/airflow/.local/lib/python3.12/site-packages/airflow/example_dags/example_python_operator.py for tasks to queue
[2025-01-10T01:05:09.899+0000] {logging_mixin.py:190} INFO - [2025-01-10T01:05:09.899+0000] {dagbag.py:588} INFO - Filling up the DagBag from /home/airflow/.local/lib/python3.12/site-packages/airflow/example_dags/example_python_operator.py
[2025-01-10T01:05:09.911+0000] {processor.py:925} INFO - DAG(s) 'example_python_operator' retrieved from /home/airflow/.local/lib/python3.12/site-packages/airflow/example_dags/example_python_operator.py
[2025-01-10T01:05:09.931+0000] {logging_mixin.py:190} INFO - [2025-01-10T01:05:09.931+0000] {dag.py:3239} INFO - Sync 1 DAGs
[2025-01-10T01:05:09.945+0000] {logging_mixin.py:190} INFO - [2025-01-10T01:05:09.945+0000] {dag.py:4180} INFO - Setting next_dagrun for example_python_operator to None, run_after=None
[2025-01-10T01:05:09.965+0000] {processor.py:208} INFO - Processing /home/airflow/.local/lib/python3.12/site-packages/airflow/example_dags/example_python_operator.py took 0.074 seconds
[2025-01-10T01:05:40.106+0000] {processor.py:186} INFO - Started process (PID=551) to work on /home/airflow/.local/lib/python3.12/site-packages/airflow/example_dags/example_python_operator.py
[2025-01-10T01:05:40.107+0000] {processor.py:914} INFO - Processing file /home/airflow/.local/lib/python3.12/site-packages/airflow/example_dags/example_python_operator.py for tasks to queue
[2025-01-10T01:05:40.109+0000] {logging_mixin.py:190} INFO - [2025-01-10T01:05:40.109+0000] {dagbag.py:588} INFO - Filling up the DagBag from /home/airflow/.local/lib/python3.12/site-packages/airflow/example_dags/example_python_operator.py
[2025-01-10T01:05:40.120+0000] {processor.py:925} INFO - DAG(s) 'example_python_operator' retrieved from /home/airflow/.local/lib/python3.12/site-packages/airflow/example_dags/example_python_operator.py
[2025-01-10T01:05:40.140+0000] {logging_mixin.py:190} INFO - [2025-01-10T01:05:40.140+0000] {dag.py:3239} INFO - Sync 1 DAGs
[2025-01-10T01:05:40.155+0000] {logging_mixin.py:190} INFO - [2025-01-10T01:05:40.155+0000] {dag.py:4180} INFO - Setting next_dagrun for example_python_operator to None, run_after=None
[2025-01-10T01:05:40.177+0000] {processor.py:208} INFO - Processing /home/airflow/.local/lib/python3.12/site-packages/airflow/example_dags/example_python_operator.py took 0.079 seconds
[2025-01-10T01:06:10.514+0000] {processor.py:186} INFO - Started process (PID=614) to work on /home/airflow/.local/lib/python3.12/site-packages/airflow/example_dags/example_python_operator.py
[2025-01-10T01:06:10.515+0000] {processor.py:914} INFO - Processing file /home/airflow/.local/lib/python3.12/site-packages/airflow/example_dags/example_python_operator.py for tasks to queue
[2025-01-10T01:06:10.517+0000] {logging_mixin.py:190} INFO - [2025-01-10T01:06:10.517+0000] {dagbag.py:588} INFO - Filling up the DagBag from /home/airflow/.local/lib/python3.12/site-packages/airflow/example_dags/example_python_operator.py
[2025-01-10T01:06:10.528+0000] {processor.py:925} INFO - DAG(s) 'example_python_operator' retrieved from /home/airflow/.local/lib/python3.12/site-packages/airflow/example_dags/example_python_operator.py
[2025-01-10T01:06:10.548+0000] {logging_mixin.py:190} INFO - [2025-01-10T01:06:10.548+0000] {dag.py:3239} INFO - Sync 1 DAGs
[2025-01-10T01:06:10.561+0000] {logging_mixin.py:190} INFO - [2025-01-10T01:06:10.561+0000] {dag.py:4180} INFO - Setting next_dagrun for example_python_operator to None, run_after=None
[2025-01-10T01:06:10.581+0000] {processor.py:208} INFO - Processing /home/airflow/.local/lib/python3.12/site-packages/airflow/example_dags/example_python_operator.py took 0.072 seconds
[2025-01-10T01:06:40.877+0000] {processor.py:186} INFO - Started process (PID=677) to work on /home/airflow/.local/lib/python3.12/site-packages/airflow/example_dags/example_python_operator.py
[2025-01-10T01:06:40.878+0000] {processor.py:914} INFO - Processing file /home/airflow/.local/lib/python3.12/site-packages/airflow/example_dags/example_python_operator.py for tasks to queue
[2025-01-10T01:06:40.881+0000] {logging_mixin.py:190} INFO - [2025-01-10T01:06:40.881+0000] {dagbag.py:588} INFO - Filling up the DagBag from /home/airflow/.local/lib/python3.12/site-packages/airflow/example_dags/example_python_operator.py
[2025-01-10T01:06:40.895+0000] {processor.py:925} INFO - DAG(s) 'example_python_operator' retrieved from /home/airflow/.local/lib/python3.12/site-packages/airflow/example_dags/example_python_operator.py
[2025-01-10T01:06:40.920+0000] {logging_mixin.py:190} INFO - [2025-01-10T01:06:40.919+0000] {dag.py:3239} INFO - Sync 1 DAGs
[2025-01-10T01:06:40.937+0000] {logging_mixin.py:190} INFO - [2025-01-10T01:06:40.936+0000] {dag.py:4180} INFO - Setting next_dagrun for example_python_operator to None, run_after=None
[2025-01-10T01:06:40.961+0000] {processor.py:208} INFO - Processing /home/airflow/.local/lib/python3.12/site-packages/airflow/example_dags/example_python_operator.py took 0.090 seconds
[2025-01-10T01:07:11.003+0000] {processor.py:186} INFO - Started process (PID=740) to work on /home/airflow/.local/lib/python3.12/site-packages/airflow/example_dags/example_python_operator.py
[2025-01-10T01:07:11.004+0000] {processor.py:914} INFO - Processing file /home/airflow/.local/lib/python3.12/site-packages/airflow/example_dags/example_python_operator.py for tasks to queue
[2025-01-10T01:07:11.006+0000] {logging_mixin.py:190} INFO - [2025-01-10T01:07:11.006+0000] {dagbag.py:588} INFO - Filling up the DagBag from /home/airflow/.local/lib/python3.12/site-packages/airflow/example_dags/example_python_operator.py
[2025-01-10T01:07:11.017+0000] {processor.py:925} INFO - DAG(s) 'example_python_operator' retrieved from /home/airflow/.local/lib/python3.12/site-packages/airflow/example_dags/example_python_operator.py
[2025-01-10T01:07:11.037+0000] {logging_mixin.py:190} INFO - [2025-01-10T01:07:11.037+0000] {dag.py:3239} INFO - Sync 1 DAGs
[2025-01-10T01:07:11.051+0000] {logging_mixin.py:190} INFO - [2025-01-10T01:07:11.050+0000] {dag.py:4180} INFO - Setting next_dagrun for example_python_operator to None, run_after=None
[2025-01-10T01:07:11.071+0000] {processor.py:208} INFO - Processing /home/airflow/.local/lib/python3.12/site-packages/airflow/example_dags/example_python_operator.py took 0.073 seconds
[2025-01-10T01:07:41.483+0000] {processor.py:186} INFO - Started process (PID=802) to work on /home/airflow/.local/lib/python3.12/site-packages/airflow/example_dags/example_python_operator.py
[2025-01-10T01:07:41.484+0000] {processor.py:914} INFO - Processing file /home/airflow/.local/lib/python3.12/site-packages/airflow/example_dags/example_python_operator.py for tasks to queue
[2025-01-10T01:07:41.486+0000] {logging_mixin.py:190} INFO - [2025-01-10T01:07:41.486+0000] {dagbag.py:588} INFO - Filling up the DagBag from /home/airflow/.local/lib/python3.12/site-packages/airflow/example_dags/example_python_operator.py
[2025-01-10T01:07:41.497+0000] {processor.py:925} INFO - DAG(s) 'example_python_operator' retrieved from /home/airflow/.local/lib/python3.12/site-packages/airflow/example_dags/example_python_operator.py
[2025-01-10T01:07:41.517+0000] {logging_mixin.py:190} INFO - [2025-01-10T01:07:41.517+0000] {dag.py:3239} INFO - Sync 1 DAGs
[2025-01-10T01:07:41.531+0000] {logging_mixin.py:190} INFO - [2025-01-10T01:07:41.531+0000] {dag.py:4180} INFO - Setting next_dagrun for example_python_operator to None, run_after=None
[2025-01-10T01:07:41.549+0000] {processor.py:208} INFO - Processing /home/airflow/.local/lib/python3.12/site-packages/airflow/example_dags/example_python_operator.py took 0.072 seconds
[2025-01-10T01:08:12.012+0000] {processor.py:186} INFO - Started process (PID=865) to work on /home/airflow/.local/lib/python3.12/site-packages/airflow/example_dags/example_python_operator.py
[2025-01-10T01:08:12.014+0000] {processor.py:914} INFO - Processing file /home/airflow/.local/lib/python3.12/site-packages/airflow/example_dags/example_python_operator.py for tasks to queue
[2025-01-10T01:08:12.017+0000] {logging_mixin.py:190} INFO - [2025-01-10T01:08:12.016+0000] {dagbag.py:588} INFO - Filling up the DagBag from /home/airflow/.local/lib/python3.12/site-packages/airflow/example_dags/example_python_operator.py
[2025-01-10T01:08:12.030+0000] {processor.py:925} INFO - DAG(s) 'example_python_operator' retrieved from /home/airflow/.local/lib/python3.12/site-packages/airflow/example_dags/example_python_operator.py
[2025-01-10T01:08:12.051+0000] {logging_mixin.py:190} INFO - [2025-01-10T01:08:12.051+0000] {dag.py:3239} INFO - Sync 1 DAGs
[2025-01-10T01:08:12.076+0000] {logging_mixin.py:190} INFO - [2025-01-10T01:08:12.075+0000] {dag.py:4180} INFO - Setting next_dagrun for example_python_operator to None, run_after=None
[2025-01-10T01:08:12.097+0000] {processor.py:208} INFO - Processing /home/airflow/.local/lib/python3.12/site-packages/airflow/example_dags/example_python_operator.py took 0.094 seconds
[2025-01-10T01:08:43.081+0000] {processor.py:186} INFO - Started process (PID=928) to work on /home/airflow/.local/lib/python3.12/site-packages/airflow/example_dags/example_python_operator.py
[2025-01-10T01:08:43.082+0000] {processor.py:914} INFO - Processing file /home/airflow/.local/lib/python3.12/site-packages/airflow/example_dags/example_python_operator.py for tasks to queue
[2025-01-10T01:08:43.084+0000] {logging_mixin.py:190} INFO - [2025-01-10T01:08:43.084+0000] {dagbag.py:588} INFO - Filling up the DagBag from /home/airflow/.local/lib/python3.12/site-packages/airflow/example_dags/example_python_operator.py
[2025-01-10T01:08:43.095+0000] {processor.py:925} INFO - DAG(s) 'example_python_operator' retrieved from /home/airflow/.local/lib/python3.12/site-packages/airflow/example_dags/example_python_operator.py
[2025-01-10T01:08:43.115+0000] {logging_mixin.py:190} INFO - [2025-01-10T01:08:43.115+0000] {dag.py:3239} INFO - Sync 1 DAGs
[2025-01-10T01:08:43.129+0000] {logging_mixin.py:190} INFO - [2025-01-10T01:08:43.129+0000] {dag.py:4180} INFO - Setting next_dagrun for example_python_operator to None, run_after=None
[2025-01-10T01:08:43.150+0000] {processor.py:208} INFO - Processing /home/airflow/.local/lib/python3.12/site-packages/airflow/example_dags/example_python_operator.py took 0.074 seconds
[2025-01-10T01:09:13.318+0000] {processor.py:186} INFO - Started process (PID=992) to work on /home/airflow/.local/lib/python3.12/site-packages/airflow/example_dags/example_python_operator.py
[2025-01-10T01:09:13.319+0000] {processor.py:914} INFO - Processing file /home/airflow/.local/lib/python3.12/site-packages/airflow/example_dags/example_python_operator.py for tasks to queue
[2025-01-10T01:09:13.322+0000] {logging_mixin.py:190} INFO - [2025-01-10T01:09:13.322+0000] {dagbag.py:588} INFO - Filling up the DagBag from /home/airflow/.local/lib/python3.12/site-packages/airflow/example_dags/example_python_operator.py
[2025-01-10T01:09:13.340+0000] {processor.py:925} INFO - DAG(s) 'example_python_operator' retrieved from /home/airflow/.local/lib/python3.12/site-packages/airflow/example_dags/example_python_operator.py
[2025-01-10T01:09:13.377+0000] {logging_mixin.py:190} INFO - [2025-01-10T01:09:13.376+0000] {dag.py:3239} INFO - Sync 1 DAGs
[2025-01-10T01:09:13.396+0000] {logging_mixin.py:190} INFO - [2025-01-10T01:09:13.395+0000] {dag.py:4180} INFO - Setting next_dagrun for example_python_operator to None, run_after=None
[2025-01-10T01:09:13.422+0000] {processor.py:208} INFO - Processing /home/airflow/.local/lib/python3.12/site-packages/airflow/example_dags/example_python_operator.py took 0.110 seconds
[2025-01-10T01:09:43.893+0000] {processor.py:186} INFO - Started process (PID=1054) to work on /home/airflow/.local/lib/python3.12/site-packages/airflow/example_dags/example_python_operator.py
[2025-01-10T01:09:43.895+0000] {processor.py:914} INFO - Processing file /home/airflow/.local/lib/python3.12/site-packages/airflow/example_dags/example_python_operator.py for tasks to queue
[2025-01-10T01:09:43.898+0000] {logging_mixin.py:190} INFO - [2025-01-10T01:09:43.897+0000] {dagbag.py:588} INFO - Filling up the DagBag from /home/airflow/.local/lib/python3.12/site-packages/airflow/example_dags/example_python_operator.py
[2025-01-10T01:09:43.916+0000] {processor.py:925} INFO - DAG(s) 'example_python_operator' retrieved from /home/airflow/.local/lib/python3.12/site-packages/airflow/example_dags/example_python_operator.py
[2025-01-10T01:09:43.951+0000] {logging_mixin.py:190} INFO - [2025-01-10T01:09:43.951+0000] {dag.py:3239} INFO - Sync 1 DAGs
[2025-01-10T01:09:43.977+0000] {logging_mixin.py:190} INFO - [2025-01-10T01:09:43.977+0000] {dag.py:4180} INFO - Setting next_dagrun for example_python_operator to None, run_after=None
[2025-01-10T01:09:44.000+0000] {processor.py:208} INFO - Processing /home/airflow/.local/lib/python3.12/site-packages/airflow/example_dags/example_python_operator.py took 0.116 seconds
[2025-01-10T01:10:14.807+0000] {processor.py:186} INFO - Started process (PID=1117) to work on /home/airflow/.local/lib/python3.12/site-packages/airflow/example_dags/example_python_operator.py
[2025-01-10T01:10:14.808+0000] {processor.py:914} INFO - Processing file /home/airflow/.local/lib/python3.12/site-packages/airflow/example_dags/example_python_operator.py for tasks to queue
[2025-01-10T01:10:14.810+0000] {logging_mixin.py:190} INFO - [2025-01-10T01:10:14.810+0000] {dagbag.py:588} INFO - Filling up the DagBag from /home/airflow/.local/lib/python3.12/site-packages/airflow/example_dags/example_python_operator.py
[2025-01-10T01:10:14.824+0000] {processor.py:925} INFO - DAG(s) 'example_python_operator' retrieved from /home/airflow/.local/lib/python3.12/site-packages/airflow/example_dags/example_python_operator.py
[2025-01-10T01:10:14.844+0000] {logging_mixin.py:190} INFO - [2025-01-10T01:10:14.844+0000] {dag.py:3239} INFO - Sync 1 DAGs
[2025-01-10T01:10:14.858+0000] {logging_mixin.py:190} INFO - [2025-01-10T01:10:14.858+0000] {dag.py:4180} INFO - Setting next_dagrun for example_python_operator to None, run_after=None
[2025-01-10T01:10:14.878+0000] {processor.py:208} INFO - Processing /home/airflow/.local/lib/python3.12/site-packages/airflow/example_dags/example_python_operator.py took 0.076 seconds
[2025-01-10T01:10:44.952+0000] {processor.py:186} INFO - Started process (PID=1180) to work on /home/airflow/.local/lib/python3.12/site-packages/airflow/example_dags/example_python_operator.py
[2025-01-10T01:10:44.953+0000] {processor.py:914} INFO - Processing file /home/airflow/.local/lib/python3.12/site-packages/airflow/example_dags/example_python_operator.py for tasks to queue
[2025-01-10T01:10:44.956+0000] {logging_mixin.py:190} INFO - [2025-01-10T01:10:44.955+0000] {dagbag.py:588} INFO - Filling up the DagBag from /home/airflow/.local/lib/python3.12/site-packages/airflow/example_dags/example_python_operator.py
[2025-01-10T01:10:44.967+0000] {processor.py:925} INFO - DAG(s) 'example_python_operator' retrieved from /home/airflow/.local/lib/python3.12/site-packages/airflow/example_dags/example_python_operator.py
[2025-01-10T01:10:44.987+0000] {logging_mixin.py:190} INFO - [2025-01-10T01:10:44.987+0000] {dag.py:3239} INFO - Sync 1 DAGs
[2025-01-10T01:10:45.004+0000] {logging_mixin.py:190} INFO - [2025-01-10T01:10:45.004+0000] {dag.py:4180} INFO - Setting next_dagrun for example_python_operator to None, run_after=None
[2025-01-10T01:10:45.025+0000] {processor.py:208} INFO - Processing /home/airflow/.local/lib/python3.12/site-packages/airflow/example_dags/example_python_operator.py took 0.077 seconds
[2025-01-10T01:11:16.695+0000] {processor.py:186} INFO - Started process (PID=1242) to work on /home/airflow/.local/lib/python3.12/site-packages/airflow/example_dags/example_python_operator.py
[2025-01-10T01:11:16.696+0000] {processor.py:914} INFO - Processing file /home/airflow/.local/lib/python3.12/site-packages/airflow/example_dags/example_python_operator.py for tasks to queue
[2025-01-10T01:11:16.698+0000] {logging_mixin.py:190} INFO - [2025-01-10T01:11:16.698+0000] {dagbag.py:588} INFO - Filling up the DagBag from /home/airflow/.local/lib/python3.12/site-packages/airflow/example_dags/example_python_operator.py
[2025-01-10T01:11:16.710+0000] {processor.py:925} INFO - DAG(s) 'example_python_operator' retrieved from /home/airflow/.local/lib/python3.12/site-packages/airflow/example_dags/example_python_operator.py
[2025-01-10T01:11:16.731+0000] {logging_mixin.py:190} INFO - [2025-01-10T01:11:16.730+0000] {dag.py:3239} INFO - Sync 1 DAGs
[2025-01-10T01:11:16.748+0000] {logging_mixin.py:190} INFO - [2025-01-10T01:11:16.748+0000] {dag.py:4180} INFO - Setting next_dagrun for example_python_operator to None, run_after=None
[2025-01-10T01:11:16.773+0000] {processor.py:208} INFO - Processing /home/airflow/.local/lib/python3.12/site-packages/airflow/example_dags/example_python_operator.py took 0.083 seconds
