[2025-01-10T00:43:53.820+0000] {processor.py:186} INFO - Started process (PID=107) to work on /home/airflow/.local/lib/python3.12/site-packages/airflow/example_dags/example_external_task_marker_dag.py
[2025-01-10T00:43:53.822+0000] {processor.py:914} INFO - Processing file /home/airflow/.local/lib/python3.12/site-packages/airflow/example_dags/example_external_task_marker_dag.py for tasks to queue
[2025-01-10T00:43:53.827+0000] {logging_mixin.py:190} INFO - [2025-01-10T00:43:53.826+0000] {dagbag.py:588} INFO - Filling up the DagBag from /home/airflow/.local/lib/python3.12/site-packages/airflow/example_dags/example_external_task_marker_dag.py
[2025-01-10T00:43:53.839+0000] {processor.py:925} INFO - DAG(s) 'example_external_task_marker_child', 'example_external_task_marker_parent' retrieved from /home/airflow/.local/lib/python3.12/site-packages/airflow/example_dags/example_external_task_marker_dag.py
[2025-01-10T00:43:53.984+0000] {logging_mixin.py:190} INFO - [2025-01-10T00:43:53.983+0000] {override.py:1911} INFO - Created Permission View: can delete on DAG:example_external_task_marker_child
[2025-01-10T00:43:54.001+0000] {logging_mixin.py:190} INFO - [2025-01-10T00:43:54.000+0000] {override.py:1911} INFO - Created Permission View: can read on DAG:example_external_task_marker_child
[2025-01-10T00:43:54.013+0000] {logging_mixin.py:190} INFO - [2025-01-10T00:43:54.012+0000] {override.py:1911} INFO - Created Permission View: can edit on DAG:example_external_task_marker_child
[2025-01-10T00:43:54.027+0000] {logging_mixin.py:190} INFO - [2025-01-10T00:43:54.027+0000] {override.py:1911} INFO - Created Permission View: can delete on DAG Run:example_external_task_marker_child
[2025-01-10T00:43:54.039+0000] {logging_mixin.py:190} INFO - [2025-01-10T00:43:54.039+0000] {override.py:1911} INFO - Created Permission View: can read on DAG Run:example_external_task_marker_child
[2025-01-10T00:43:54.050+0000] {logging_mixin.py:190} INFO - [2025-01-10T00:43:54.049+0000] {override.py:1911} INFO - Created Permission View: can create on DAG Run:example_external_task_marker_child
[2025-01-10T00:43:54.062+0000] {logging_mixin.py:190} INFO - [2025-01-10T00:43:54.062+0000] {override.py:1911} INFO - Created Permission View: menu access on DAG Run:example_external_task_marker_child
[2025-01-10T00:43:54.084+0000] {logging_mixin.py:190} INFO - [2025-01-10T00:43:54.083+0000] {override.py:1911} INFO - Created Permission View: can delete on DAG:example_external_task_marker_parent
[2025-01-10T00:43:54.099+0000] {logging_mixin.py:190} INFO - [2025-01-10T00:43:54.099+0000] {override.py:1911} INFO - Created Permission View: can read on DAG:example_external_task_marker_parent
[2025-01-10T00:43:54.113+0000] {logging_mixin.py:190} INFO - [2025-01-10T00:43:54.113+0000] {override.py:1911} INFO - Created Permission View: can edit on DAG:example_external_task_marker_parent
[2025-01-10T00:43:54.140+0000] {logging_mixin.py:190} INFO - [2025-01-10T00:43:54.139+0000] {override.py:1911} INFO - Created Permission View: can delete on DAG Run:example_external_task_marker_parent
[2025-01-10T00:43:54.150+0000] {logging_mixin.py:190} INFO - [2025-01-10T00:43:54.150+0000] {override.py:1911} INFO - Created Permission View: can read on DAG Run:example_external_task_marker_parent
[2025-01-10T00:43:54.176+0000] {logging_mixin.py:190} INFO - [2025-01-10T00:43:54.176+0000] {override.py:1911} INFO - Created Permission View: can create on DAG Run:example_external_task_marker_parent
[2025-01-10T00:43:54.193+0000] {logging_mixin.py:190} INFO - [2025-01-10T00:43:54.193+0000] {override.py:1911} INFO - Created Permission View: menu access on DAG Run:example_external_task_marker_parent
[2025-01-10T00:43:54.196+0000] {logging_mixin.py:190} INFO - [2025-01-10T00:43:54.195+0000] {dag.py:3239} INFO - Sync 2 DAGs
[2025-01-10T00:43:54.240+0000] {logging_mixin.py:190} INFO - [2025-01-10T00:43:54.240+0000] {dag.py:3262} INFO - Creating ORM DAG for example_external_task_marker_parent
[2025-01-10T00:43:54.241+0000] {logging_mixin.py:190} INFO - [2025-01-10T00:43:54.241+0000] {dag.py:3262} INFO - Creating ORM DAG for example_external_task_marker_child
[2025-01-10T00:43:54.243+0000] {logging_mixin.py:190} INFO - [2025-01-10T00:43:54.242+0000] {dag.py:4180} INFO - Setting next_dagrun for example_external_task_marker_child to None, run_after=None
[2025-01-10T00:43:54.244+0000] {logging_mixin.py:190} INFO - [2025-01-10T00:43:54.244+0000] {dag.py:4180} INFO - Setting next_dagrun for example_external_task_marker_parent to None, run_after=None
[2025-01-10T00:43:54.274+0000] {processor.py:208} INFO - Processing /home/airflow/.local/lib/python3.12/site-packages/airflow/example_dags/example_external_task_marker_dag.py took 0.462 seconds
[2025-01-10T00:44:24.727+0000] {processor.py:186} INFO - Started process (PID=170) to work on /home/airflow/.local/lib/python3.12/site-packages/airflow/example_dags/example_external_task_marker_dag.py
[2025-01-10T00:44:24.728+0000] {processor.py:914} INFO - Processing file /home/airflow/.local/lib/python3.12/site-packages/airflow/example_dags/example_external_task_marker_dag.py for tasks to queue
[2025-01-10T00:44:24.732+0000] {logging_mixin.py:190} INFO - [2025-01-10T00:44:24.732+0000] {dagbag.py:588} INFO - Filling up the DagBag from /home/airflow/.local/lib/python3.12/site-packages/airflow/example_dags/example_external_task_marker_dag.py
[2025-01-10T00:44:24.741+0000] {processor.py:925} INFO - DAG(s) 'example_external_task_marker_child', 'example_external_task_marker_parent' retrieved from /home/airflow/.local/lib/python3.12/site-packages/airflow/example_dags/example_external_task_marker_dag.py
[2025-01-10T00:44:24.775+0000] {logging_mixin.py:190} INFO - [2025-01-10T00:44:24.775+0000] {dag.py:3239} INFO - Sync 2 DAGs
[2025-01-10T00:44:24.802+0000] {logging_mixin.py:190} INFO - [2025-01-10T00:44:24.802+0000] {dag.py:4180} INFO - Setting next_dagrun for example_external_task_marker_child to None, run_after=None
[2025-01-10T00:44:24.809+0000] {logging_mixin.py:190} INFO - [2025-01-10T00:44:24.808+0000] {dag.py:4180} INFO - Setting next_dagrun for example_external_task_marker_parent to None, run_after=None
[2025-01-10T00:44:24.839+0000] {processor.py:208} INFO - Processing /home/airflow/.local/lib/python3.12/site-packages/airflow/example_dags/example_external_task_marker_dag.py took 0.124 seconds
[2025-01-10T00:44:55.510+0000] {processor.py:186} INFO - Started process (PID=232) to work on /home/airflow/.local/lib/python3.12/site-packages/airflow/example_dags/example_external_task_marker_dag.py
[2025-01-10T00:44:55.512+0000] {processor.py:914} INFO - Processing file /home/airflow/.local/lib/python3.12/site-packages/airflow/example_dags/example_external_task_marker_dag.py for tasks to queue
[2025-01-10T00:44:55.517+0000] {logging_mixin.py:190} INFO - [2025-01-10T00:44:55.517+0000] {dagbag.py:588} INFO - Filling up the DagBag from /home/airflow/.local/lib/python3.12/site-packages/airflow/example_dags/example_external_task_marker_dag.py
[2025-01-10T00:44:55.532+0000] {processor.py:925} INFO - DAG(s) 'example_external_task_marker_child', 'example_external_task_marker_parent' retrieved from /home/airflow/.local/lib/python3.12/site-packages/airflow/example_dags/example_external_task_marker_dag.py
[2025-01-10T00:44:55.570+0000] {logging_mixin.py:190} INFO - [2025-01-10T00:44:55.570+0000] {dag.py:3239} INFO - Sync 2 DAGs
[2025-01-10T00:44:55.590+0000] {logging_mixin.py:190} INFO - [2025-01-10T00:44:55.590+0000] {dag.py:4180} INFO - Setting next_dagrun for example_external_task_marker_child to None, run_after=None
[2025-01-10T00:44:55.596+0000] {logging_mixin.py:190} INFO - [2025-01-10T00:44:55.595+0000] {dag.py:4180} INFO - Setting next_dagrun for example_external_task_marker_parent to None, run_after=None
[2025-01-10T00:44:55.618+0000] {processor.py:208} INFO - Processing /home/airflow/.local/lib/python3.12/site-packages/airflow/example_dags/example_external_task_marker_dag.py took 0.117 seconds
[2025-01-10T00:45:26.060+0000] {processor.py:186} INFO - Started process (PID=295) to work on /home/airflow/.local/lib/python3.12/site-packages/airflow/example_dags/example_external_task_marker_dag.py
[2025-01-10T00:45:26.061+0000] {processor.py:914} INFO - Processing file /home/airflow/.local/lib/python3.12/site-packages/airflow/example_dags/example_external_task_marker_dag.py for tasks to queue
[2025-01-10T00:45:26.068+0000] {logging_mixin.py:190} INFO - [2025-01-10T00:45:26.067+0000] {dagbag.py:588} INFO - Filling up the DagBag from /home/airflow/.local/lib/python3.12/site-packages/airflow/example_dags/example_external_task_marker_dag.py
[2025-01-10T00:45:26.084+0000] {processor.py:925} INFO - DAG(s) 'example_external_task_marker_child', 'example_external_task_marker_parent' retrieved from /home/airflow/.local/lib/python3.12/site-packages/airflow/example_dags/example_external_task_marker_dag.py
[2025-01-10T00:45:26.136+0000] {logging_mixin.py:190} INFO - [2025-01-10T00:45:26.136+0000] {dag.py:3239} INFO - Sync 2 DAGs
[2025-01-10T00:45:26.170+0000] {logging_mixin.py:190} INFO - [2025-01-10T00:45:26.170+0000] {dag.py:4180} INFO - Setting next_dagrun for example_external_task_marker_child to None, run_after=None
[2025-01-10T00:45:26.178+0000] {logging_mixin.py:190} INFO - [2025-01-10T00:45:26.177+0000] {dag.py:4180} INFO - Setting next_dagrun for example_external_task_marker_parent to None, run_after=None
[2025-01-10T00:45:26.218+0000] {processor.py:208} INFO - Processing /home/airflow/.local/lib/python3.12/site-packages/airflow/example_dags/example_external_task_marker_dag.py took 0.168 seconds
[2025-01-10T00:45:57.689+0000] {processor.py:186} INFO - Started process (PID=358) to work on /home/airflow/.local/lib/python3.12/site-packages/airflow/example_dags/example_external_task_marker_dag.py
[2025-01-10T00:45:57.690+0000] {processor.py:914} INFO - Processing file /home/airflow/.local/lib/python3.12/site-packages/airflow/example_dags/example_external_task_marker_dag.py for tasks to queue
[2025-01-10T00:45:57.694+0000] {logging_mixin.py:190} INFO - [2025-01-10T00:45:57.694+0000] {dagbag.py:588} INFO - Filling up the DagBag from /home/airflow/.local/lib/python3.12/site-packages/airflow/example_dags/example_external_task_marker_dag.py
[2025-01-10T00:45:57.709+0000] {processor.py:925} INFO - DAG(s) 'example_external_task_marker_child', 'example_external_task_marker_parent' retrieved from /home/airflow/.local/lib/python3.12/site-packages/airflow/example_dags/example_external_task_marker_dag.py
[2025-01-10T00:45:57.746+0000] {logging_mixin.py:190} INFO - [2025-01-10T00:45:57.745+0000] {dag.py:3239} INFO - Sync 2 DAGs
[2025-01-10T00:45:57.781+0000] {logging_mixin.py:190} INFO - [2025-01-10T00:45:57.781+0000] {dag.py:4180} INFO - Setting next_dagrun for example_external_task_marker_child to None, run_after=None
[2025-01-10T00:45:57.790+0000] {logging_mixin.py:190} INFO - [2025-01-10T00:45:57.790+0000] {dag.py:4180} INFO - Setting next_dagrun for example_external_task_marker_parent to None, run_after=None
[2025-01-10T00:45:57.824+0000] {processor.py:208} INFO - Processing /home/airflow/.local/lib/python3.12/site-packages/airflow/example_dags/example_external_task_marker_dag.py took 0.145 seconds
[2025-01-10T00:46:29.144+0000] {processor.py:186} INFO - Started process (PID=421) to work on /home/airflow/.local/lib/python3.12/site-packages/airflow/example_dags/example_external_task_marker_dag.py
[2025-01-10T00:46:29.145+0000] {processor.py:914} INFO - Processing file /home/airflow/.local/lib/python3.12/site-packages/airflow/example_dags/example_external_task_marker_dag.py for tasks to queue
[2025-01-10T00:46:29.148+0000] {logging_mixin.py:190} INFO - [2025-01-10T00:46:29.148+0000] {dagbag.py:588} INFO - Filling up the DagBag from /home/airflow/.local/lib/python3.12/site-packages/airflow/example_dags/example_external_task_marker_dag.py
[2025-01-10T00:46:29.158+0000] {processor.py:925} INFO - DAG(s) 'example_external_task_marker_parent', 'example_external_task_marker_child' retrieved from /home/airflow/.local/lib/python3.12/site-packages/airflow/example_dags/example_external_task_marker_dag.py
[2025-01-10T00:46:29.184+0000] {logging_mixin.py:190} INFO - [2025-01-10T00:46:29.184+0000] {dag.py:3239} INFO - Sync 2 DAGs
[2025-01-10T00:46:29.203+0000] {logging_mixin.py:190} INFO - [2025-01-10T00:46:29.202+0000] {dag.py:4180} INFO - Setting next_dagrun for example_external_task_marker_child to None, run_after=None
[2025-01-10T00:46:29.207+0000] {logging_mixin.py:190} INFO - [2025-01-10T00:46:29.207+0000] {dag.py:4180} INFO - Setting next_dagrun for example_external_task_marker_parent to None, run_after=None
[2025-01-10T00:46:29.236+0000] {processor.py:208} INFO - Processing /home/airflow/.local/lib/python3.12/site-packages/airflow/example_dags/example_external_task_marker_dag.py took 0.101 seconds
[2025-01-10T00:47:00.557+0000] {processor.py:186} INFO - Started process (PID=484) to work on /home/airflow/.local/lib/python3.12/site-packages/airflow/example_dags/example_external_task_marker_dag.py
[2025-01-10T00:47:00.558+0000] {processor.py:914} INFO - Processing file /home/airflow/.local/lib/python3.12/site-packages/airflow/example_dags/example_external_task_marker_dag.py for tasks to queue
[2025-01-10T00:47:00.561+0000] {logging_mixin.py:190} INFO - [2025-01-10T00:47:00.560+0000] {dagbag.py:588} INFO - Filling up the DagBag from /home/airflow/.local/lib/python3.12/site-packages/airflow/example_dags/example_external_task_marker_dag.py
[2025-01-10T00:47:00.570+0000] {processor.py:925} INFO - DAG(s) 'example_external_task_marker_child', 'example_external_task_marker_parent' retrieved from /home/airflow/.local/lib/python3.12/site-packages/airflow/example_dags/example_external_task_marker_dag.py
[2025-01-10T00:47:00.593+0000] {logging_mixin.py:190} INFO - [2025-01-10T00:47:00.593+0000] {dag.py:3239} INFO - Sync 2 DAGs
[2025-01-10T00:47:00.607+0000] {logging_mixin.py:190} INFO - [2025-01-10T00:47:00.607+0000] {dag.py:4180} INFO - Setting next_dagrun for example_external_task_marker_child to None, run_after=None
[2025-01-10T00:47:00.611+0000] {logging_mixin.py:190} INFO - [2025-01-10T00:47:00.611+0000] {dag.py:4180} INFO - Setting next_dagrun for example_external_task_marker_parent to None, run_after=None
[2025-01-10T00:47:00.629+0000] {processor.py:208} INFO - Processing /home/airflow/.local/lib/python3.12/site-packages/airflow/example_dags/example_external_task_marker_dag.py took 0.079 seconds
[2025-01-10T00:47:31.719+0000] {processor.py:186} INFO - Started process (PID=547) to work on /home/airflow/.local/lib/python3.12/site-packages/airflow/example_dags/example_external_task_marker_dag.py
[2025-01-10T00:47:31.720+0000] {processor.py:914} INFO - Processing file /home/airflow/.local/lib/python3.12/site-packages/airflow/example_dags/example_external_task_marker_dag.py for tasks to queue
[2025-01-10T00:47:31.723+0000] {logging_mixin.py:190} INFO - [2025-01-10T00:47:31.722+0000] {dagbag.py:588} INFO - Filling up the DagBag from /home/airflow/.local/lib/python3.12/site-packages/airflow/example_dags/example_external_task_marker_dag.py
[2025-01-10T00:47:31.730+0000] {processor.py:925} INFO - DAG(s) 'example_external_task_marker_child', 'example_external_task_marker_parent' retrieved from /home/airflow/.local/lib/python3.12/site-packages/airflow/example_dags/example_external_task_marker_dag.py
[2025-01-10T00:47:31.751+0000] {logging_mixin.py:190} INFO - [2025-01-10T00:47:31.751+0000] {dag.py:3239} INFO - Sync 2 DAGs
[2025-01-10T00:47:31.768+0000] {logging_mixin.py:190} INFO - [2025-01-10T00:47:31.767+0000] {dag.py:4180} INFO - Setting next_dagrun for example_external_task_marker_child to None, run_after=None
[2025-01-10T00:47:31.773+0000] {logging_mixin.py:190} INFO - [2025-01-10T00:47:31.772+0000] {dag.py:4180} INFO - Setting next_dagrun for example_external_task_marker_parent to None, run_after=None
[2025-01-10T00:47:31.797+0000] {processor.py:208} INFO - Processing /home/airflow/.local/lib/python3.12/site-packages/airflow/example_dags/example_external_task_marker_dag.py took 0.083 seconds
[2025-01-10T00:48:02.622+0000] {processor.py:186} INFO - Started process (PID=610) to work on /home/airflow/.local/lib/python3.12/site-packages/airflow/example_dags/example_external_task_marker_dag.py
[2025-01-10T00:48:02.623+0000] {processor.py:914} INFO - Processing file /home/airflow/.local/lib/python3.12/site-packages/airflow/example_dags/example_external_task_marker_dag.py for tasks to queue
[2025-01-10T00:48:02.625+0000] {logging_mixin.py:190} INFO - [2025-01-10T00:48:02.625+0000] {dagbag.py:588} INFO - Filling up the DagBag from /home/airflow/.local/lib/python3.12/site-packages/airflow/example_dags/example_external_task_marker_dag.py
[2025-01-10T00:48:02.633+0000] {processor.py:925} INFO - DAG(s) 'example_external_task_marker_child', 'example_external_task_marker_parent' retrieved from /home/airflow/.local/lib/python3.12/site-packages/airflow/example_dags/example_external_task_marker_dag.py
[2025-01-10T00:48:02.657+0000] {logging_mixin.py:190} INFO - [2025-01-10T00:48:02.657+0000] {dag.py:3239} INFO - Sync 2 DAGs
[2025-01-10T00:48:02.671+0000] {logging_mixin.py:190} INFO - [2025-01-10T00:48:02.671+0000] {dag.py:4180} INFO - Setting next_dagrun for example_external_task_marker_child to None, run_after=None
[2025-01-10T00:48:02.675+0000] {logging_mixin.py:190} INFO - [2025-01-10T00:48:02.675+0000] {dag.py:4180} INFO - Setting next_dagrun for example_external_task_marker_parent to None, run_after=None
[2025-01-10T00:48:02.692+0000] {processor.py:208} INFO - Processing /home/airflow/.local/lib/python3.12/site-packages/airflow/example_dags/example_external_task_marker_dag.py took 0.075 seconds
[2025-01-10T00:48:33.699+0000] {processor.py:186} INFO - Started process (PID=673) to work on /home/airflow/.local/lib/python3.12/site-packages/airflow/example_dags/example_external_task_marker_dag.py
[2025-01-10T00:48:33.701+0000] {processor.py:914} INFO - Processing file /home/airflow/.local/lib/python3.12/site-packages/airflow/example_dags/example_external_task_marker_dag.py for tasks to queue
[2025-01-10T00:48:33.703+0000] {logging_mixin.py:190} INFO - [2025-01-10T00:48:33.703+0000] {dagbag.py:588} INFO - Filling up the DagBag from /home/airflow/.local/lib/python3.12/site-packages/airflow/example_dags/example_external_task_marker_dag.py
[2025-01-10T00:48:33.715+0000] {processor.py:925} INFO - DAG(s) 'example_external_task_marker_parent', 'example_external_task_marker_child' retrieved from /home/airflow/.local/lib/python3.12/site-packages/airflow/example_dags/example_external_task_marker_dag.py
[2025-01-10T00:48:33.741+0000] {logging_mixin.py:190} INFO - [2025-01-10T00:48:33.741+0000] {dag.py:3239} INFO - Sync 2 DAGs
[2025-01-10T00:48:33.756+0000] {logging_mixin.py:190} INFO - [2025-01-10T00:48:33.755+0000] {dag.py:4180} INFO - Setting next_dagrun for example_external_task_marker_child to None, run_after=None
[2025-01-10T00:48:33.759+0000] {logging_mixin.py:190} INFO - [2025-01-10T00:48:33.759+0000] {dag.py:4180} INFO - Setting next_dagrun for example_external_task_marker_parent to None, run_after=None
[2025-01-10T00:48:33.776+0000] {processor.py:208} INFO - Processing /home/airflow/.local/lib/python3.12/site-packages/airflow/example_dags/example_external_task_marker_dag.py took 0.085 seconds
[2025-01-10T00:49:04.943+0000] {processor.py:186} INFO - Started process (PID=736) to work on /home/airflow/.local/lib/python3.12/site-packages/airflow/example_dags/example_external_task_marker_dag.py
[2025-01-10T00:49:04.944+0000] {processor.py:914} INFO - Processing file /home/airflow/.local/lib/python3.12/site-packages/airflow/example_dags/example_external_task_marker_dag.py for tasks to queue
[2025-01-10T00:49:04.946+0000] {logging_mixin.py:190} INFO - [2025-01-10T00:49:04.946+0000] {dagbag.py:588} INFO - Filling up the DagBag from /home/airflow/.local/lib/python3.12/site-packages/airflow/example_dags/example_external_task_marker_dag.py
[2025-01-10T00:49:04.953+0000] {processor.py:925} INFO - DAG(s) 'example_external_task_marker_parent', 'example_external_task_marker_child' retrieved from /home/airflow/.local/lib/python3.12/site-packages/airflow/example_dags/example_external_task_marker_dag.py
[2025-01-10T00:49:04.978+0000] {logging_mixin.py:190} INFO - [2025-01-10T00:49:04.978+0000] {dag.py:3239} INFO - Sync 2 DAGs
[2025-01-10T00:49:04.994+0000] {logging_mixin.py:190} INFO - [2025-01-10T00:49:04.994+0000] {dag.py:4180} INFO - Setting next_dagrun for example_external_task_marker_child to None, run_after=None
[2025-01-10T00:49:05.000+0000] {logging_mixin.py:190} INFO - [2025-01-10T00:49:04.999+0000] {dag.py:4180} INFO - Setting next_dagrun for example_external_task_marker_parent to None, run_after=None
[2025-01-10T00:49:05.024+0000] {processor.py:208} INFO - Processing /home/airflow/.local/lib/python3.12/site-packages/airflow/example_dags/example_external_task_marker_dag.py took 0.087 seconds
[2025-01-10T00:49:35.918+0000] {processor.py:186} INFO - Started process (PID=799) to work on /home/airflow/.local/lib/python3.12/site-packages/airflow/example_dags/example_external_task_marker_dag.py
[2025-01-10T00:49:35.919+0000] {processor.py:914} INFO - Processing file /home/airflow/.local/lib/python3.12/site-packages/airflow/example_dags/example_external_task_marker_dag.py for tasks to queue
[2025-01-10T00:49:35.921+0000] {logging_mixin.py:190} INFO - [2025-01-10T00:49:35.921+0000] {dagbag.py:588} INFO - Filling up the DagBag from /home/airflow/.local/lib/python3.12/site-packages/airflow/example_dags/example_external_task_marker_dag.py
[2025-01-10T00:49:35.929+0000] {processor.py:925} INFO - DAG(s) 'example_external_task_marker_child', 'example_external_task_marker_parent' retrieved from /home/airflow/.local/lib/python3.12/site-packages/airflow/example_dags/example_external_task_marker_dag.py
[2025-01-10T00:49:35.951+0000] {logging_mixin.py:190} INFO - [2025-01-10T00:49:35.950+0000] {dag.py:3239} INFO - Sync 2 DAGs
[2025-01-10T00:49:35.965+0000] {logging_mixin.py:190} INFO - [2025-01-10T00:49:35.965+0000] {dag.py:4180} INFO - Setting next_dagrun for example_external_task_marker_child to None, run_after=None
[2025-01-10T00:49:35.969+0000] {logging_mixin.py:190} INFO - [2025-01-10T00:49:35.969+0000] {dag.py:4180} INFO - Setting next_dagrun for example_external_task_marker_parent to None, run_after=None
[2025-01-10T00:49:35.986+0000] {processor.py:208} INFO - Processing /home/airflow/.local/lib/python3.12/site-packages/airflow/example_dags/example_external_task_marker_dag.py took 0.074 seconds
[2025-01-10T00:50:07.466+0000] {processor.py:186} INFO - Started process (PID=862) to work on /home/airflow/.local/lib/python3.12/site-packages/airflow/example_dags/example_external_task_marker_dag.py
[2025-01-10T00:50:07.467+0000] {processor.py:914} INFO - Processing file /home/airflow/.local/lib/python3.12/site-packages/airflow/example_dags/example_external_task_marker_dag.py for tasks to queue
[2025-01-10T00:50:07.469+0000] {logging_mixin.py:190} INFO - [2025-01-10T00:50:07.468+0000] {dagbag.py:588} INFO - Filling up the DagBag from /home/airflow/.local/lib/python3.12/site-packages/airflow/example_dags/example_external_task_marker_dag.py
[2025-01-10T00:50:07.476+0000] {processor.py:925} INFO - DAG(s) 'example_external_task_marker_child', 'example_external_task_marker_parent' retrieved from /home/airflow/.local/lib/python3.12/site-packages/airflow/example_dags/example_external_task_marker_dag.py
[2025-01-10T00:50:07.497+0000] {logging_mixin.py:190} INFO - [2025-01-10T00:50:07.497+0000] {dag.py:3239} INFO - Sync 2 DAGs
[2025-01-10T00:50:07.511+0000] {logging_mixin.py:190} INFO - [2025-01-10T00:50:07.510+0000] {dag.py:4180} INFO - Setting next_dagrun for example_external_task_marker_child to None, run_after=None
[2025-01-10T00:50:07.514+0000] {logging_mixin.py:190} INFO - [2025-01-10T00:50:07.514+0000] {dag.py:4180} INFO - Setting next_dagrun for example_external_task_marker_parent to None, run_after=None
[2025-01-10T00:50:07.531+0000] {processor.py:208} INFO - Processing /home/airflow/.local/lib/python3.12/site-packages/airflow/example_dags/example_external_task_marker_dag.py took 0.072 seconds
[2025-01-10T00:50:38.778+0000] {processor.py:186} INFO - Started process (PID=925) to work on /home/airflow/.local/lib/python3.12/site-packages/airflow/example_dags/example_external_task_marker_dag.py
[2025-01-10T00:50:38.779+0000] {processor.py:914} INFO - Processing file /home/airflow/.local/lib/python3.12/site-packages/airflow/example_dags/example_external_task_marker_dag.py for tasks to queue
[2025-01-10T00:50:38.782+0000] {logging_mixin.py:190} INFO - [2025-01-10T00:50:38.782+0000] {dagbag.py:588} INFO - Filling up the DagBag from /home/airflow/.local/lib/python3.12/site-packages/airflow/example_dags/example_external_task_marker_dag.py
[2025-01-10T00:50:38.798+0000] {processor.py:925} INFO - DAG(s) 'example_external_task_marker_child', 'example_external_task_marker_parent' retrieved from /home/airflow/.local/lib/python3.12/site-packages/airflow/example_dags/example_external_task_marker_dag.py
[2025-01-10T00:50:38.820+0000] {logging_mixin.py:190} INFO - [2025-01-10T00:50:38.820+0000] {dag.py:3239} INFO - Sync 2 DAGs
[2025-01-10T00:50:38.834+0000] {logging_mixin.py:190} INFO - [2025-01-10T00:50:38.833+0000] {dag.py:4180} INFO - Setting next_dagrun for example_external_task_marker_child to None, run_after=None
[2025-01-10T00:50:38.838+0000] {logging_mixin.py:190} INFO - [2025-01-10T00:50:38.837+0000] {dag.py:4180} INFO - Setting next_dagrun for example_external_task_marker_parent to None, run_after=None
[2025-01-10T00:50:38.854+0000] {processor.py:208} INFO - Processing /home/airflow/.local/lib/python3.12/site-packages/airflow/example_dags/example_external_task_marker_dag.py took 0.081 seconds
[2025-01-10T00:51:10.065+0000] {processor.py:186} INFO - Started process (PID=988) to work on /home/airflow/.local/lib/python3.12/site-packages/airflow/example_dags/example_external_task_marker_dag.py
[2025-01-10T00:51:10.066+0000] {processor.py:914} INFO - Processing file /home/airflow/.local/lib/python3.12/site-packages/airflow/example_dags/example_external_task_marker_dag.py for tasks to queue
[2025-01-10T00:51:10.069+0000] {logging_mixin.py:190} INFO - [2025-01-10T00:51:10.069+0000] {dagbag.py:588} INFO - Filling up the DagBag from /home/airflow/.local/lib/python3.12/site-packages/airflow/example_dags/example_external_task_marker_dag.py
[2025-01-10T00:51:10.076+0000] {processor.py:925} INFO - DAG(s) 'example_external_task_marker_parent', 'example_external_task_marker_child' retrieved from /home/airflow/.local/lib/python3.12/site-packages/airflow/example_dags/example_external_task_marker_dag.py
[2025-01-10T00:51:10.096+0000] {logging_mixin.py:190} INFO - [2025-01-10T00:51:10.096+0000] {dag.py:3239} INFO - Sync 2 DAGs
[2025-01-10T00:51:10.110+0000] {logging_mixin.py:190} INFO - [2025-01-10T00:51:10.109+0000] {dag.py:4180} INFO - Setting next_dagrun for example_external_task_marker_child to None, run_after=None
[2025-01-10T00:51:10.114+0000] {logging_mixin.py:190} INFO - [2025-01-10T00:51:10.113+0000] {dag.py:4180} INFO - Setting next_dagrun for example_external_task_marker_parent to None, run_after=None
[2025-01-10T00:51:10.131+0000] {processor.py:208} INFO - Processing /home/airflow/.local/lib/python3.12/site-packages/airflow/example_dags/example_external_task_marker_dag.py took 0.071 seconds
[2025-01-10T00:51:41.203+0000] {processor.py:186} INFO - Started process (PID=1052) to work on /home/airflow/.local/lib/python3.12/site-packages/airflow/example_dags/example_external_task_marker_dag.py
[2025-01-10T00:51:41.204+0000] {processor.py:914} INFO - Processing file /home/airflow/.local/lib/python3.12/site-packages/airflow/example_dags/example_external_task_marker_dag.py for tasks to queue
[2025-01-10T00:51:41.206+0000] {logging_mixin.py:190} INFO - [2025-01-10T00:51:41.206+0000] {dagbag.py:588} INFO - Filling up the DagBag from /home/airflow/.local/lib/python3.12/site-packages/airflow/example_dags/example_external_task_marker_dag.py
[2025-01-10T00:51:41.213+0000] {processor.py:925} INFO - DAG(s) 'example_external_task_marker_parent', 'example_external_task_marker_child' retrieved from /home/airflow/.local/lib/python3.12/site-packages/airflow/example_dags/example_external_task_marker_dag.py
[2025-01-10T00:51:41.234+0000] {logging_mixin.py:190} INFO - [2025-01-10T00:51:41.234+0000] {dag.py:3239} INFO - Sync 2 DAGs
[2025-01-10T00:51:41.248+0000] {logging_mixin.py:190} INFO - [2025-01-10T00:51:41.248+0000] {dag.py:4180} INFO - Setting next_dagrun for example_external_task_marker_child to None, run_after=None
[2025-01-10T00:51:41.252+0000] {logging_mixin.py:190} INFO - [2025-01-10T00:51:41.252+0000] {dag.py:4180} INFO - Setting next_dagrun for example_external_task_marker_parent to None, run_after=None
[2025-01-10T00:51:41.269+0000] {processor.py:208} INFO - Processing /home/airflow/.local/lib/python3.12/site-packages/airflow/example_dags/example_external_task_marker_dag.py took 0.071 seconds
[2025-01-10T00:52:12.591+0000] {processor.py:186} INFO - Started process (PID=1121) to work on /home/airflow/.local/lib/python3.12/site-packages/airflow/example_dags/example_external_task_marker_dag.py
[2025-01-10T00:52:12.593+0000] {processor.py:914} INFO - Processing file /home/airflow/.local/lib/python3.12/site-packages/airflow/example_dags/example_external_task_marker_dag.py for tasks to queue
[2025-01-10T00:52:12.595+0000] {logging_mixin.py:190} INFO - [2025-01-10T00:52:12.595+0000] {dagbag.py:588} INFO - Filling up the DagBag from /home/airflow/.local/lib/python3.12/site-packages/airflow/example_dags/example_external_task_marker_dag.py
[2025-01-10T00:52:12.605+0000] {processor.py:925} INFO - DAG(s) 'example_external_task_marker_parent', 'example_external_task_marker_child' retrieved from /home/airflow/.local/lib/python3.12/site-packages/airflow/example_dags/example_external_task_marker_dag.py
[2025-01-10T00:52:12.630+0000] {logging_mixin.py:190} INFO - [2025-01-10T00:52:12.630+0000] {dag.py:3239} INFO - Sync 2 DAGs
[2025-01-10T00:52:12.646+0000] {logging_mixin.py:190} INFO - [2025-01-10T00:52:12.646+0000] {dag.py:4180} INFO - Setting next_dagrun for example_external_task_marker_child to None, run_after=None
[2025-01-10T00:52:12.650+0000] {logging_mixin.py:190} INFO - [2025-01-10T00:52:12.650+0000] {dag.py:4180} INFO - Setting next_dagrun for example_external_task_marker_parent to None, run_after=None
[2025-01-10T00:52:12.669+0000] {processor.py:208} INFO - Processing /home/airflow/.local/lib/python3.12/site-packages/airflow/example_dags/example_external_task_marker_dag.py took 0.085 seconds
[2025-01-10T00:52:44.107+0000] {processor.py:186} INFO - Started process (PID=1184) to work on /home/airflow/.local/lib/python3.12/site-packages/airflow/example_dags/example_external_task_marker_dag.py
[2025-01-10T00:52:44.108+0000] {processor.py:914} INFO - Processing file /home/airflow/.local/lib/python3.12/site-packages/airflow/example_dags/example_external_task_marker_dag.py for tasks to queue
[2025-01-10T00:52:44.110+0000] {logging_mixin.py:190} INFO - [2025-01-10T00:52:44.109+0000] {dagbag.py:588} INFO - Filling up the DagBag from /home/airflow/.local/lib/python3.12/site-packages/airflow/example_dags/example_external_task_marker_dag.py
[2025-01-10T00:52:44.118+0000] {processor.py:925} INFO - DAG(s) 'example_external_task_marker_parent', 'example_external_task_marker_child' retrieved from /home/airflow/.local/lib/python3.12/site-packages/airflow/example_dags/example_external_task_marker_dag.py
[2025-01-10T00:52:44.137+0000] {logging_mixin.py:190} INFO - [2025-01-10T00:52:44.137+0000] {dag.py:3239} INFO - Sync 2 DAGs
[2025-01-10T00:52:44.151+0000] {logging_mixin.py:190} INFO - [2025-01-10T00:52:44.151+0000] {dag.py:4180} INFO - Setting next_dagrun for example_external_task_marker_child to None, run_after=None
[2025-01-10T00:52:44.155+0000] {logging_mixin.py:190} INFO - [2025-01-10T00:52:44.155+0000] {dag.py:4180} INFO - Setting next_dagrun for example_external_task_marker_parent to None, run_after=None
[2025-01-10T00:52:44.172+0000] {processor.py:208} INFO - Processing /home/airflow/.local/lib/python3.12/site-packages/airflow/example_dags/example_external_task_marker_dag.py took 0.070 seconds
[2025-01-10T00:53:15.816+0000] {processor.py:186} INFO - Started process (PID=1247) to work on /home/airflow/.local/lib/python3.12/site-packages/airflow/example_dags/example_external_task_marker_dag.py
[2025-01-10T00:53:15.818+0000] {processor.py:914} INFO - Processing file /home/airflow/.local/lib/python3.12/site-packages/airflow/example_dags/example_external_task_marker_dag.py for tasks to queue
[2025-01-10T00:53:15.821+0000] {logging_mixin.py:190} INFO - [2025-01-10T00:53:15.820+0000] {dagbag.py:588} INFO - Filling up the DagBag from /home/airflow/.local/lib/python3.12/site-packages/airflow/example_dags/example_external_task_marker_dag.py
[2025-01-10T00:53:15.829+0000] {processor.py:925} INFO - DAG(s) 'example_external_task_marker_child', 'example_external_task_marker_parent' retrieved from /home/airflow/.local/lib/python3.12/site-packages/airflow/example_dags/example_external_task_marker_dag.py
[2025-01-10T00:53:15.853+0000] {logging_mixin.py:190} INFO - [2025-01-10T00:53:15.853+0000] {dag.py:3239} INFO - Sync 2 DAGs
[2025-01-10T00:53:15.869+0000] {logging_mixin.py:190} INFO - [2025-01-10T00:53:15.869+0000] {dag.py:4180} INFO - Setting next_dagrun for example_external_task_marker_child to None, run_after=None
[2025-01-10T00:53:15.875+0000] {logging_mixin.py:190} INFO - [2025-01-10T00:53:15.875+0000] {dag.py:4180} INFO - Setting next_dagrun for example_external_task_marker_parent to None, run_after=None
[2025-01-10T00:53:15.900+0000] {processor.py:208} INFO - Processing /home/airflow/.local/lib/python3.12/site-packages/airflow/example_dags/example_external_task_marker_dag.py took 0.092 seconds
[2025-01-10T00:53:47.375+0000] {processor.py:186} INFO - Started process (PID=1311) to work on /home/airflow/.local/lib/python3.12/site-packages/airflow/example_dags/example_external_task_marker_dag.py
[2025-01-10T00:53:47.377+0000] {processor.py:914} INFO - Processing file /home/airflow/.local/lib/python3.12/site-packages/airflow/example_dags/example_external_task_marker_dag.py for tasks to queue
[2025-01-10T00:53:47.381+0000] {logging_mixin.py:190} INFO - [2025-01-10T00:53:47.380+0000] {dagbag.py:588} INFO - Filling up the DagBag from /home/airflow/.local/lib/python3.12/site-packages/airflow/example_dags/example_external_task_marker_dag.py
[2025-01-10T00:53:47.392+0000] {processor.py:925} INFO - DAG(s) 'example_external_task_marker_parent', 'example_external_task_marker_child' retrieved from /home/airflow/.local/lib/python3.12/site-packages/airflow/example_dags/example_external_task_marker_dag.py
[2025-01-10T00:53:47.429+0000] {logging_mixin.py:190} INFO - [2025-01-10T00:53:47.429+0000] {dag.py:3239} INFO - Sync 2 DAGs
[2025-01-10T00:53:47.452+0000] {logging_mixin.py:190} INFO - [2025-01-10T00:53:47.452+0000] {dag.py:4180} INFO - Setting next_dagrun for example_external_task_marker_child to None, run_after=None
[2025-01-10T00:53:47.457+0000] {logging_mixin.py:190} INFO - [2025-01-10T00:53:47.456+0000] {dag.py:4180} INFO - Setting next_dagrun for example_external_task_marker_parent to None, run_after=None
[2025-01-10T00:53:47.481+0000] {processor.py:208} INFO - Processing /home/airflow/.local/lib/python3.12/site-packages/airflow/example_dags/example_external_task_marker_dag.py took 0.114 seconds
[2025-01-10T00:54:17.915+0000] {processor.py:186} INFO - Started process (PID=1374) to work on /home/airflow/.local/lib/python3.12/site-packages/airflow/example_dags/example_external_task_marker_dag.py
[2025-01-10T00:54:17.916+0000] {processor.py:914} INFO - Processing file /home/airflow/.local/lib/python3.12/site-packages/airflow/example_dags/example_external_task_marker_dag.py for tasks to queue
[2025-01-10T00:54:17.919+0000] {logging_mixin.py:190} INFO - [2025-01-10T00:54:17.918+0000] {dagbag.py:588} INFO - Filling up the DagBag from /home/airflow/.local/lib/python3.12/site-packages/airflow/example_dags/example_external_task_marker_dag.py
[2025-01-10T00:54:17.927+0000] {processor.py:925} INFO - DAG(s) 'example_external_task_marker_child', 'example_external_task_marker_parent' retrieved from /home/airflow/.local/lib/python3.12/site-packages/airflow/example_dags/example_external_task_marker_dag.py
[2025-01-10T00:54:17.948+0000] {logging_mixin.py:190} INFO - [2025-01-10T00:54:17.948+0000] {dag.py:3239} INFO - Sync 2 DAGs
[2025-01-10T00:54:17.965+0000] {logging_mixin.py:190} INFO - [2025-01-10T00:54:17.965+0000] {dag.py:4180} INFO - Setting next_dagrun for example_external_task_marker_child to None, run_after=None
[2025-01-10T00:54:17.969+0000] {logging_mixin.py:190} INFO - [2025-01-10T00:54:17.969+0000] {dag.py:4180} INFO - Setting next_dagrun for example_external_task_marker_parent to None, run_after=None
[2025-01-10T00:54:17.985+0000] {processor.py:208} INFO - Processing /home/airflow/.local/lib/python3.12/site-packages/airflow/example_dags/example_external_task_marker_dag.py took 0.075 seconds
[2025-01-10T00:54:48.894+0000] {processor.py:186} INFO - Started process (PID=1437) to work on /home/airflow/.local/lib/python3.12/site-packages/airflow/example_dags/example_external_task_marker_dag.py
[2025-01-10T00:54:48.895+0000] {processor.py:914} INFO - Processing file /home/airflow/.local/lib/python3.12/site-packages/airflow/example_dags/example_external_task_marker_dag.py for tasks to queue
[2025-01-10T00:54:48.897+0000] {logging_mixin.py:190} INFO - [2025-01-10T00:54:48.897+0000] {dagbag.py:588} INFO - Filling up the DagBag from /home/airflow/.local/lib/python3.12/site-packages/airflow/example_dags/example_external_task_marker_dag.py
[2025-01-10T00:54:48.907+0000] {processor.py:925} INFO - DAG(s) 'example_external_task_marker_parent', 'example_external_task_marker_child' retrieved from /home/airflow/.local/lib/python3.12/site-packages/airflow/example_dags/example_external_task_marker_dag.py
[2025-01-10T00:54:48.928+0000] {logging_mixin.py:190} INFO - [2025-01-10T00:54:48.928+0000] {dag.py:3239} INFO - Sync 2 DAGs
[2025-01-10T00:54:48.942+0000] {logging_mixin.py:190} INFO - [2025-01-10T00:54:48.942+0000] {dag.py:4180} INFO - Setting next_dagrun for example_external_task_marker_child to None, run_after=None
[2025-01-10T00:54:48.946+0000] {logging_mixin.py:190} INFO - [2025-01-10T00:54:48.946+0000] {dag.py:4180} INFO - Setting next_dagrun for example_external_task_marker_parent to None, run_after=None
[2025-01-10T00:54:48.964+0000] {processor.py:208} INFO - Processing /home/airflow/.local/lib/python3.12/site-packages/airflow/example_dags/example_external_task_marker_dag.py took 0.076 seconds
[2025-01-10T00:55:20.052+0000] {processor.py:186} INFO - Started process (PID=1500) to work on /home/airflow/.local/lib/python3.12/site-packages/airflow/example_dags/example_external_task_marker_dag.py
[2025-01-10T00:55:20.053+0000] {processor.py:914} INFO - Processing file /home/airflow/.local/lib/python3.12/site-packages/airflow/example_dags/example_external_task_marker_dag.py for tasks to queue
[2025-01-10T00:55:20.055+0000] {logging_mixin.py:190} INFO - [2025-01-10T00:55:20.055+0000] {dagbag.py:588} INFO - Filling up the DagBag from /home/airflow/.local/lib/python3.12/site-packages/airflow/example_dags/example_external_task_marker_dag.py
[2025-01-10T00:55:20.063+0000] {processor.py:925} INFO - DAG(s) 'example_external_task_marker_parent', 'example_external_task_marker_child' retrieved from /home/airflow/.local/lib/python3.12/site-packages/airflow/example_dags/example_external_task_marker_dag.py
[2025-01-10T00:55:20.084+0000] {logging_mixin.py:190} INFO - [2025-01-10T00:55:20.083+0000] {dag.py:3239} INFO - Sync 2 DAGs
[2025-01-10T00:55:20.098+0000] {logging_mixin.py:190} INFO - [2025-01-10T00:55:20.097+0000] {dag.py:4180} INFO - Setting next_dagrun for example_external_task_marker_child to None, run_after=None
[2025-01-10T00:55:20.102+0000] {logging_mixin.py:190} INFO - [2025-01-10T00:55:20.102+0000] {dag.py:4180} INFO - Setting next_dagrun for example_external_task_marker_parent to None, run_after=None
[2025-01-10T00:55:20.120+0000] {processor.py:208} INFO - Processing /home/airflow/.local/lib/python3.12/site-packages/airflow/example_dags/example_external_task_marker_dag.py took 0.074 seconds
[2025-01-10T00:55:51.081+0000] {processor.py:186} INFO - Started process (PID=1563) to work on /home/airflow/.local/lib/python3.12/site-packages/airflow/example_dags/example_external_task_marker_dag.py
[2025-01-10T00:55:51.082+0000] {processor.py:914} INFO - Processing file /home/airflow/.local/lib/python3.12/site-packages/airflow/example_dags/example_external_task_marker_dag.py for tasks to queue
[2025-01-10T00:55:51.085+0000] {logging_mixin.py:190} INFO - [2025-01-10T00:55:51.085+0000] {dagbag.py:588} INFO - Filling up the DagBag from /home/airflow/.local/lib/python3.12/site-packages/airflow/example_dags/example_external_task_marker_dag.py
[2025-01-10T00:55:51.098+0000] {processor.py:925} INFO - DAG(s) 'example_external_task_marker_child', 'example_external_task_marker_parent' retrieved from /home/airflow/.local/lib/python3.12/site-packages/airflow/example_dags/example_external_task_marker_dag.py
[2025-01-10T00:55:51.119+0000] {logging_mixin.py:190} INFO - [2025-01-10T00:55:51.119+0000] {dag.py:3239} INFO - Sync 2 DAGs
[2025-01-10T00:55:51.134+0000] {logging_mixin.py:190} INFO - [2025-01-10T00:55:51.134+0000] {dag.py:4180} INFO - Setting next_dagrun for example_external_task_marker_child to None, run_after=None
[2025-01-10T00:55:51.138+0000] {logging_mixin.py:190} INFO - [2025-01-10T00:55:51.138+0000] {dag.py:4180} INFO - Setting next_dagrun for example_external_task_marker_parent to None, run_after=None
[2025-01-10T00:55:51.155+0000] {processor.py:208} INFO - Processing /home/airflow/.local/lib/python3.12/site-packages/airflow/example_dags/example_external_task_marker_dag.py took 0.079 seconds
[2025-01-10T00:56:22.080+0000] {processor.py:186} INFO - Started process (PID=1626) to work on /home/airflow/.local/lib/python3.12/site-packages/airflow/example_dags/example_external_task_marker_dag.py
[2025-01-10T00:56:22.080+0000] {processor.py:914} INFO - Processing file /home/airflow/.local/lib/python3.12/site-packages/airflow/example_dags/example_external_task_marker_dag.py for tasks to queue
[2025-01-10T00:56:22.083+0000] {logging_mixin.py:190} INFO - [2025-01-10T00:56:22.082+0000] {dagbag.py:588} INFO - Filling up the DagBag from /home/airflow/.local/lib/python3.12/site-packages/airflow/example_dags/example_external_task_marker_dag.py
[2025-01-10T00:56:22.090+0000] {processor.py:925} INFO - DAG(s) 'example_external_task_marker_child', 'example_external_task_marker_parent' retrieved from /home/airflow/.local/lib/python3.12/site-packages/airflow/example_dags/example_external_task_marker_dag.py
[2025-01-10T00:56:22.112+0000] {logging_mixin.py:190} INFO - [2025-01-10T00:56:22.111+0000] {dag.py:3239} INFO - Sync 2 DAGs
[2025-01-10T00:56:22.126+0000] {logging_mixin.py:190} INFO - [2025-01-10T00:56:22.126+0000] {dag.py:4180} INFO - Setting next_dagrun for example_external_task_marker_child to None, run_after=None
[2025-01-10T00:56:22.130+0000] {logging_mixin.py:190} INFO - [2025-01-10T00:56:22.130+0000] {dag.py:4180} INFO - Setting next_dagrun for example_external_task_marker_parent to None, run_after=None
[2025-01-10T00:56:22.147+0000] {processor.py:208} INFO - Processing /home/airflow/.local/lib/python3.12/site-packages/airflow/example_dags/example_external_task_marker_dag.py took 0.073 seconds
[2025-01-10T00:56:53.684+0000] {processor.py:186} INFO - Started process (PID=1689) to work on /home/airflow/.local/lib/python3.12/site-packages/airflow/example_dags/example_external_task_marker_dag.py
[2025-01-10T00:56:53.685+0000] {processor.py:914} INFO - Processing file /home/airflow/.local/lib/python3.12/site-packages/airflow/example_dags/example_external_task_marker_dag.py for tasks to queue
[2025-01-10T00:56:53.687+0000] {logging_mixin.py:190} INFO - [2025-01-10T00:56:53.687+0000] {dagbag.py:588} INFO - Filling up the DagBag from /home/airflow/.local/lib/python3.12/site-packages/airflow/example_dags/example_external_task_marker_dag.py
[2025-01-10T00:56:53.695+0000] {processor.py:925} INFO - DAG(s) 'example_external_task_marker_parent', 'example_external_task_marker_child' retrieved from /home/airflow/.local/lib/python3.12/site-packages/airflow/example_dags/example_external_task_marker_dag.py
[2025-01-10T00:56:53.716+0000] {logging_mixin.py:190} INFO - [2025-01-10T00:56:53.716+0000] {dag.py:3239} INFO - Sync 2 DAGs
[2025-01-10T00:56:53.729+0000] {logging_mixin.py:190} INFO - [2025-01-10T00:56:53.729+0000] {dag.py:4180} INFO - Setting next_dagrun for example_external_task_marker_child to None, run_after=None
[2025-01-10T00:56:53.734+0000] {logging_mixin.py:190} INFO - [2025-01-10T00:56:53.733+0000] {dag.py:4180} INFO - Setting next_dagrun for example_external_task_marker_parent to None, run_after=None
[2025-01-10T00:56:53.752+0000] {processor.py:208} INFO - Processing /home/airflow/.local/lib/python3.12/site-packages/airflow/example_dags/example_external_task_marker_dag.py took 0.073 seconds
[2025-01-10T00:57:24.852+0000] {processor.py:186} INFO - Started process (PID=1752) to work on /home/airflow/.local/lib/python3.12/site-packages/airflow/example_dags/example_external_task_marker_dag.py
[2025-01-10T00:57:24.853+0000] {processor.py:914} INFO - Processing file /home/airflow/.local/lib/python3.12/site-packages/airflow/example_dags/example_external_task_marker_dag.py for tasks to queue
[2025-01-10T00:57:24.855+0000] {logging_mixin.py:190} INFO - [2025-01-10T00:57:24.855+0000] {dagbag.py:588} INFO - Filling up the DagBag from /home/airflow/.local/lib/python3.12/site-packages/airflow/example_dags/example_external_task_marker_dag.py
[2025-01-10T00:57:24.865+0000] {processor.py:925} INFO - DAG(s) 'example_external_task_marker_parent', 'example_external_task_marker_child' retrieved from /home/airflow/.local/lib/python3.12/site-packages/airflow/example_dags/example_external_task_marker_dag.py
[2025-01-10T00:57:24.887+0000] {logging_mixin.py:190} INFO - [2025-01-10T00:57:24.887+0000] {dag.py:3239} INFO - Sync 2 DAGs
[2025-01-10T00:57:24.901+0000] {logging_mixin.py:190} INFO - [2025-01-10T00:57:24.901+0000] {dag.py:4180} INFO - Setting next_dagrun for example_external_task_marker_child to None, run_after=None
[2025-01-10T00:57:24.905+0000] {logging_mixin.py:190} INFO - [2025-01-10T00:57:24.905+0000] {dag.py:4180} INFO - Setting next_dagrun for example_external_task_marker_parent to None, run_after=None
[2025-01-10T00:57:24.924+0000] {processor.py:208} INFO - Processing /home/airflow/.local/lib/python3.12/site-packages/airflow/example_dags/example_external_task_marker_dag.py took 0.077 seconds
[2025-01-10T00:57:56.243+0000] {processor.py:186} INFO - Started process (PID=1816) to work on /home/airflow/.local/lib/python3.12/site-packages/airflow/example_dags/example_external_task_marker_dag.py
[2025-01-10T00:57:56.245+0000] {processor.py:914} INFO - Processing file /home/airflow/.local/lib/python3.12/site-packages/airflow/example_dags/example_external_task_marker_dag.py for tasks to queue
[2025-01-10T00:57:56.249+0000] {logging_mixin.py:190} INFO - [2025-01-10T00:57:56.248+0000] {dagbag.py:588} INFO - Filling up the DagBag from /home/airflow/.local/lib/python3.12/site-packages/airflow/example_dags/example_external_task_marker_dag.py
[2025-01-10T00:57:56.268+0000] {processor.py:925} INFO - DAG(s) 'example_external_task_marker_child', 'example_external_task_marker_parent' retrieved from /home/airflow/.local/lib/python3.12/site-packages/airflow/example_dags/example_external_task_marker_dag.py
[2025-01-10T00:57:56.309+0000] {logging_mixin.py:190} INFO - [2025-01-10T00:57:56.309+0000] {dag.py:3239} INFO - Sync 2 DAGs
[2025-01-10T00:57:56.341+0000] {logging_mixin.py:190} INFO - [2025-01-10T00:57:56.341+0000] {dag.py:4180} INFO - Setting next_dagrun for example_external_task_marker_child to None, run_after=None
[2025-01-10T00:57:56.347+0000] {logging_mixin.py:190} INFO - [2025-01-10T00:57:56.347+0000] {dag.py:4180} INFO - Setting next_dagrun for example_external_task_marker_parent to None, run_after=None
[2025-01-10T00:57:56.372+0000] {processor.py:208} INFO - Processing /home/airflow/.local/lib/python3.12/site-packages/airflow/example_dags/example_external_task_marker_dag.py took 0.141 seconds
[2025-01-10T00:58:27.518+0000] {processor.py:186} INFO - Started process (PID=1881) to work on /home/airflow/.local/lib/python3.12/site-packages/airflow/example_dags/example_external_task_marker_dag.py
[2025-01-10T00:58:27.519+0000] {processor.py:914} INFO - Processing file /home/airflow/.local/lib/python3.12/site-packages/airflow/example_dags/example_external_task_marker_dag.py for tasks to queue
[2025-01-10T00:58:27.521+0000] {logging_mixin.py:190} INFO - [2025-01-10T00:58:27.521+0000] {dagbag.py:588} INFO - Filling up the DagBag from /home/airflow/.local/lib/python3.12/site-packages/airflow/example_dags/example_external_task_marker_dag.py
[2025-01-10T00:58:27.529+0000] {processor.py:925} INFO - DAG(s) 'example_external_task_marker_child', 'example_external_task_marker_parent' retrieved from /home/airflow/.local/lib/python3.12/site-packages/airflow/example_dags/example_external_task_marker_dag.py
[2025-01-10T00:58:27.557+0000] {logging_mixin.py:190} INFO - [2025-01-10T00:58:27.557+0000] {dag.py:3239} INFO - Sync 2 DAGs
[2025-01-10T00:58:27.575+0000] {logging_mixin.py:190} INFO - [2025-01-10T00:58:27.575+0000] {dag.py:4180} INFO - Setting next_dagrun for example_external_task_marker_child to None, run_after=None
[2025-01-10T00:58:27.580+0000] {logging_mixin.py:190} INFO - [2025-01-10T00:58:27.580+0000] {dag.py:4180} INFO - Setting next_dagrun for example_external_task_marker_parent to None, run_after=None
[2025-01-10T00:58:27.602+0000] {processor.py:208} INFO - Processing /home/airflow/.local/lib/python3.12/site-packages/airflow/example_dags/example_external_task_marker_dag.py took 0.090 seconds
[2025-01-10T01:02:03.139+0000] {processor.py:186} INFO - Started process (PID=101) to work on /home/airflow/.local/lib/python3.12/site-packages/airflow/example_dags/example_external_task_marker_dag.py
[2025-01-10T01:02:03.145+0000] {processor.py:914} INFO - Processing file /home/airflow/.local/lib/python3.12/site-packages/airflow/example_dags/example_external_task_marker_dag.py for tasks to queue
[2025-01-10T01:02:03.151+0000] {logging_mixin.py:190} INFO - [2025-01-10T01:02:03.151+0000] {dagbag.py:588} INFO - Filling up the DagBag from /home/airflow/.local/lib/python3.12/site-packages/airflow/example_dags/example_external_task_marker_dag.py
[2025-01-10T01:02:03.181+0000] {processor.py:925} INFO - DAG(s) 'example_external_task_marker_parent', 'example_external_task_marker_child' retrieved from /home/airflow/.local/lib/python3.12/site-packages/airflow/example_dags/example_external_task_marker_dag.py
[2025-01-10T01:02:03.269+0000] {logging_mixin.py:190} INFO - [2025-01-10T01:02:03.269+0000] {dag.py:3239} INFO - Sync 2 DAGs
[2025-01-10T01:02:03.306+0000] {logging_mixin.py:190} INFO - [2025-01-10T01:02:03.305+0000] {dag.py:4180} INFO - Setting next_dagrun for example_external_task_marker_child to None, run_after=None
[2025-01-10T01:02:03.423+0000] {logging_mixin.py:190} INFO - [2025-01-10T01:02:03.423+0000] {dag.py:4180} INFO - Setting next_dagrun for example_external_task_marker_parent to None, run_after=None
[2025-01-10T01:02:03.506+0000] {processor.py:208} INFO - Processing /home/airflow/.local/lib/python3.12/site-packages/airflow/example_dags/example_external_task_marker_dag.py took 0.379 seconds
[2025-01-10T01:02:34.223+0000] {processor.py:186} INFO - Started process (PID=163) to work on /home/airflow/.local/lib/python3.12/site-packages/airflow/example_dags/example_external_task_marker_dag.py
[2025-01-10T01:02:34.224+0000] {processor.py:914} INFO - Processing file /home/airflow/.local/lib/python3.12/site-packages/airflow/example_dags/example_external_task_marker_dag.py for tasks to queue
[2025-01-10T01:02:34.226+0000] {logging_mixin.py:190} INFO - [2025-01-10T01:02:34.226+0000] {dagbag.py:588} INFO - Filling up the DagBag from /home/airflow/.local/lib/python3.12/site-packages/airflow/example_dags/example_external_task_marker_dag.py
[2025-01-10T01:02:34.234+0000] {processor.py:925} INFO - DAG(s) 'example_external_task_marker_parent', 'example_external_task_marker_child' retrieved from /home/airflow/.local/lib/python3.12/site-packages/airflow/example_dags/example_external_task_marker_dag.py
[2025-01-10T01:02:34.256+0000] {logging_mixin.py:190} INFO - [2025-01-10T01:02:34.256+0000] {dag.py:3239} INFO - Sync 2 DAGs
[2025-01-10T01:02:34.274+0000] {logging_mixin.py:190} INFO - [2025-01-10T01:02:34.274+0000] {dag.py:4180} INFO - Setting next_dagrun for example_external_task_marker_child to None, run_after=None
[2025-01-10T01:02:34.278+0000] {logging_mixin.py:190} INFO - [2025-01-10T01:02:34.278+0000] {dag.py:4180} INFO - Setting next_dagrun for example_external_task_marker_parent to None, run_after=None
[2025-01-10T01:02:34.299+0000] {processor.py:208} INFO - Processing /home/airflow/.local/lib/python3.12/site-packages/airflow/example_dags/example_external_task_marker_dag.py took 0.081 seconds
[2025-01-10T01:03:05.180+0000] {processor.py:186} INFO - Started process (PID=226) to work on /home/airflow/.local/lib/python3.12/site-packages/airflow/example_dags/example_external_task_marker_dag.py
[2025-01-10T01:03:05.181+0000] {processor.py:914} INFO - Processing file /home/airflow/.local/lib/python3.12/site-packages/airflow/example_dags/example_external_task_marker_dag.py for tasks to queue
[2025-01-10T01:03:05.184+0000] {logging_mixin.py:190} INFO - [2025-01-10T01:03:05.183+0000] {dagbag.py:588} INFO - Filling up the DagBag from /home/airflow/.local/lib/python3.12/site-packages/airflow/example_dags/example_external_task_marker_dag.py
[2025-01-10T01:03:05.191+0000] {processor.py:925} INFO - DAG(s) 'example_external_task_marker_child', 'example_external_task_marker_parent' retrieved from /home/airflow/.local/lib/python3.12/site-packages/airflow/example_dags/example_external_task_marker_dag.py
[2025-01-10T01:03:05.213+0000] {logging_mixin.py:190} INFO - [2025-01-10T01:03:05.213+0000] {dag.py:3239} INFO - Sync 2 DAGs
[2025-01-10T01:03:05.227+0000] {logging_mixin.py:190} INFO - [2025-01-10T01:03:05.227+0000] {dag.py:4180} INFO - Setting next_dagrun for example_external_task_marker_child to None, run_after=None
[2025-01-10T01:03:05.231+0000] {logging_mixin.py:190} INFO - [2025-01-10T01:03:05.231+0000] {dag.py:4180} INFO - Setting next_dagrun for example_external_task_marker_parent to None, run_after=None
[2025-01-10T01:03:05.249+0000] {processor.py:208} INFO - Processing /home/airflow/.local/lib/python3.12/site-packages/airflow/example_dags/example_external_task_marker_dag.py took 0.075 seconds
[2025-01-10T01:03:35.893+0000] {processor.py:186} INFO - Started process (PID=289) to work on /home/airflow/.local/lib/python3.12/site-packages/airflow/example_dags/example_external_task_marker_dag.py
[2025-01-10T01:03:35.895+0000] {processor.py:914} INFO - Processing file /home/airflow/.local/lib/python3.12/site-packages/airflow/example_dags/example_external_task_marker_dag.py for tasks to queue
[2025-01-10T01:03:35.899+0000] {logging_mixin.py:190} INFO - [2025-01-10T01:03:35.899+0000] {dagbag.py:588} INFO - Filling up the DagBag from /home/airflow/.local/lib/python3.12/site-packages/airflow/example_dags/example_external_task_marker_dag.py
[2025-01-10T01:03:35.910+0000] {processor.py:925} INFO - DAG(s) 'example_external_task_marker_child', 'example_external_task_marker_parent' retrieved from /home/airflow/.local/lib/python3.12/site-packages/airflow/example_dags/example_external_task_marker_dag.py
[2025-01-10T01:03:35.941+0000] {logging_mixin.py:190} INFO - [2025-01-10T01:03:35.941+0000] {dag.py:3239} INFO - Sync 2 DAGs
[2025-01-10T01:03:35.961+0000] {logging_mixin.py:190} INFO - [2025-01-10T01:03:35.961+0000] {dag.py:4180} INFO - Setting next_dagrun for example_external_task_marker_child to None, run_after=None
[2025-01-10T01:03:35.966+0000] {logging_mixin.py:190} INFO - [2025-01-10T01:03:35.966+0000] {dag.py:4180} INFO - Setting next_dagrun for example_external_task_marker_parent to None, run_after=None
[2025-01-10T01:03:35.992+0000] {processor.py:208} INFO - Processing /home/airflow/.local/lib/python3.12/site-packages/airflow/example_dags/example_external_task_marker_dag.py took 0.106 seconds
[2025-01-10T01:04:06.181+0000] {processor.py:186} INFO - Started process (PID=352) to work on /home/airflow/.local/lib/python3.12/site-packages/airflow/example_dags/example_external_task_marker_dag.py
[2025-01-10T01:04:06.182+0000] {processor.py:914} INFO - Processing file /home/airflow/.local/lib/python3.12/site-packages/airflow/example_dags/example_external_task_marker_dag.py for tasks to queue
[2025-01-10T01:04:06.186+0000] {logging_mixin.py:190} INFO - [2025-01-10T01:04:06.185+0000] {dagbag.py:588} INFO - Filling up the DagBag from /home/airflow/.local/lib/python3.12/site-packages/airflow/example_dags/example_external_task_marker_dag.py
[2025-01-10T01:04:06.194+0000] {processor.py:925} INFO - DAG(s) 'example_external_task_marker_parent', 'example_external_task_marker_child' retrieved from /home/airflow/.local/lib/python3.12/site-packages/airflow/example_dags/example_external_task_marker_dag.py
[2025-01-10T01:04:06.219+0000] {logging_mixin.py:190} INFO - [2025-01-10T01:04:06.219+0000] {dag.py:3239} INFO - Sync 2 DAGs
[2025-01-10T01:04:06.234+0000] {logging_mixin.py:190} INFO - [2025-01-10T01:04:06.234+0000] {dag.py:4180} INFO - Setting next_dagrun for example_external_task_marker_child to None, run_after=None
[2025-01-10T01:04:06.239+0000] {logging_mixin.py:190} INFO - [2025-01-10T01:04:06.239+0000] {dag.py:4180} INFO - Setting next_dagrun for example_external_task_marker_parent to None, run_after=None
[2025-01-10T01:04:06.259+0000] {processor.py:208} INFO - Processing /home/airflow/.local/lib/python3.12/site-packages/airflow/example_dags/example_external_task_marker_dag.py took 0.084 seconds
[2025-01-10T01:04:36.876+0000] {processor.py:186} INFO - Started process (PID=415) to work on /home/airflow/.local/lib/python3.12/site-packages/airflow/example_dags/example_external_task_marker_dag.py
[2025-01-10T01:04:36.880+0000] {processor.py:914} INFO - Processing file /home/airflow/.local/lib/python3.12/site-packages/airflow/example_dags/example_external_task_marker_dag.py for tasks to queue
[2025-01-10T01:04:36.883+0000] {logging_mixin.py:190} INFO - [2025-01-10T01:04:36.883+0000] {dagbag.py:588} INFO - Filling up the DagBag from /home/airflow/.local/lib/python3.12/site-packages/airflow/example_dags/example_external_task_marker_dag.py
[2025-01-10T01:04:36.899+0000] {processor.py:925} INFO - DAG(s) 'example_external_task_marker_parent', 'example_external_task_marker_child' retrieved from /home/airflow/.local/lib/python3.12/site-packages/airflow/example_dags/example_external_task_marker_dag.py
[2025-01-10T01:04:36.941+0000] {logging_mixin.py:190} INFO - [2025-01-10T01:04:36.940+0000] {dag.py:3239} INFO - Sync 2 DAGs
[2025-01-10T01:04:36.962+0000] {logging_mixin.py:190} INFO - [2025-01-10T01:04:36.962+0000] {dag.py:4180} INFO - Setting next_dagrun for example_external_task_marker_child to None, run_after=None
[2025-01-10T01:04:36.969+0000] {logging_mixin.py:190} INFO - [2025-01-10T01:04:36.968+0000] {dag.py:4180} INFO - Setting next_dagrun for example_external_task_marker_parent to None, run_after=None
[2025-01-10T01:04:36.991+0000] {processor.py:208} INFO - Processing /home/airflow/.local/lib/python3.12/site-packages/airflow/example_dags/example_external_task_marker_dag.py took 0.123 seconds
[2025-01-10T01:05:07.627+0000] {processor.py:186} INFO - Started process (PID=478) to work on /home/airflow/.local/lib/python3.12/site-packages/airflow/example_dags/example_external_task_marker_dag.py
[2025-01-10T01:05:07.628+0000] {processor.py:914} INFO - Processing file /home/airflow/.local/lib/python3.12/site-packages/airflow/example_dags/example_external_task_marker_dag.py for tasks to queue
[2025-01-10T01:05:07.630+0000] {logging_mixin.py:190} INFO - [2025-01-10T01:05:07.630+0000] {dagbag.py:588} INFO - Filling up the DagBag from /home/airflow/.local/lib/python3.12/site-packages/airflow/example_dags/example_external_task_marker_dag.py
[2025-01-10T01:05:07.637+0000] {processor.py:925} INFO - DAG(s) 'example_external_task_marker_child', 'example_external_task_marker_parent' retrieved from /home/airflow/.local/lib/python3.12/site-packages/airflow/example_dags/example_external_task_marker_dag.py
[2025-01-10T01:05:07.660+0000] {logging_mixin.py:190} INFO - [2025-01-10T01:05:07.659+0000] {dag.py:3239} INFO - Sync 2 DAGs
[2025-01-10T01:05:07.676+0000] {logging_mixin.py:190} INFO - [2025-01-10T01:05:07.675+0000] {dag.py:4180} INFO - Setting next_dagrun for example_external_task_marker_child to None, run_after=None
[2025-01-10T01:05:07.680+0000] {logging_mixin.py:190} INFO - [2025-01-10T01:05:07.679+0000] {dag.py:4180} INFO - Setting next_dagrun for example_external_task_marker_parent to None, run_after=None
[2025-01-10T01:05:07.699+0000] {processor.py:208} INFO - Processing /home/airflow/.local/lib/python3.12/site-packages/airflow/example_dags/example_external_task_marker_dag.py took 0.077 seconds
[2025-01-10T01:05:38.017+0000] {processor.py:186} INFO - Started process (PID=540) to work on /home/airflow/.local/lib/python3.12/site-packages/airflow/example_dags/example_external_task_marker_dag.py
[2025-01-10T01:05:38.018+0000] {processor.py:914} INFO - Processing file /home/airflow/.local/lib/python3.12/site-packages/airflow/example_dags/example_external_task_marker_dag.py for tasks to queue
[2025-01-10T01:05:38.021+0000] {logging_mixin.py:190} INFO - [2025-01-10T01:05:38.020+0000] {dagbag.py:588} INFO - Filling up the DagBag from /home/airflow/.local/lib/python3.12/site-packages/airflow/example_dags/example_external_task_marker_dag.py
[2025-01-10T01:05:38.029+0000] {processor.py:925} INFO - DAG(s) 'example_external_task_marker_parent', 'example_external_task_marker_child' retrieved from /home/airflow/.local/lib/python3.12/site-packages/airflow/example_dags/example_external_task_marker_dag.py
[2025-01-10T01:05:38.059+0000] {logging_mixin.py:190} INFO - [2025-01-10T01:05:38.059+0000] {dag.py:3239} INFO - Sync 2 DAGs
[2025-01-10T01:05:38.073+0000] {logging_mixin.py:190} INFO - [2025-01-10T01:05:38.073+0000] {dag.py:4180} INFO - Setting next_dagrun for example_external_task_marker_child to None, run_after=None
[2025-01-10T01:05:38.081+0000] {logging_mixin.py:190} INFO - [2025-01-10T01:05:38.077+0000] {dag.py:4180} INFO - Setting next_dagrun for example_external_task_marker_parent to None, run_after=None
[2025-01-10T01:05:38.099+0000] {processor.py:208} INFO - Processing /home/airflow/.local/lib/python3.12/site-packages/airflow/example_dags/example_external_task_marker_dag.py took 0.087 seconds
[2025-01-10T01:06:08.673+0000] {processor.py:186} INFO - Started process (PID=603) to work on /home/airflow/.local/lib/python3.12/site-packages/airflow/example_dags/example_external_task_marker_dag.py
[2025-01-10T01:06:08.674+0000] {processor.py:914} INFO - Processing file /home/airflow/.local/lib/python3.12/site-packages/airflow/example_dags/example_external_task_marker_dag.py for tasks to queue
[2025-01-10T01:06:08.677+0000] {logging_mixin.py:190} INFO - [2025-01-10T01:06:08.676+0000] {dagbag.py:588} INFO - Filling up the DagBag from /home/airflow/.local/lib/python3.12/site-packages/airflow/example_dags/example_external_task_marker_dag.py
[2025-01-10T01:06:08.695+0000] {processor.py:925} INFO - DAG(s) 'example_external_task_marker_parent', 'example_external_task_marker_child' retrieved from /home/airflow/.local/lib/python3.12/site-packages/airflow/example_dags/example_external_task_marker_dag.py
[2025-01-10T01:06:08.720+0000] {logging_mixin.py:190} INFO - [2025-01-10T01:06:08.720+0000] {dag.py:3239} INFO - Sync 2 DAGs
[2025-01-10T01:06:08.736+0000] {logging_mixin.py:190} INFO - [2025-01-10T01:06:08.735+0000] {dag.py:4180} INFO - Setting next_dagrun for example_external_task_marker_child to None, run_after=None
[2025-01-10T01:06:08.740+0000] {logging_mixin.py:190} INFO - [2025-01-10T01:06:08.740+0000] {dag.py:4180} INFO - Setting next_dagrun for example_external_task_marker_parent to None, run_after=None
[2025-01-10T01:06:08.763+0000] {processor.py:208} INFO - Processing /home/airflow/.local/lib/python3.12/site-packages/airflow/example_dags/example_external_task_marker_dag.py took 0.096 seconds
[2025-01-10T01:06:38.895+0000] {processor.py:186} INFO - Started process (PID=666) to work on /home/airflow/.local/lib/python3.12/site-packages/airflow/example_dags/example_external_task_marker_dag.py
[2025-01-10T01:06:38.896+0000] {processor.py:914} INFO - Processing file /home/airflow/.local/lib/python3.12/site-packages/airflow/example_dags/example_external_task_marker_dag.py for tasks to queue
[2025-01-10T01:06:38.898+0000] {logging_mixin.py:190} INFO - [2025-01-10T01:06:38.898+0000] {dagbag.py:588} INFO - Filling up the DagBag from /home/airflow/.local/lib/python3.12/site-packages/airflow/example_dags/example_external_task_marker_dag.py
[2025-01-10T01:06:38.905+0000] {processor.py:925} INFO - DAG(s) 'example_external_task_marker_child', 'example_external_task_marker_parent' retrieved from /home/airflow/.local/lib/python3.12/site-packages/airflow/example_dags/example_external_task_marker_dag.py
[2025-01-10T01:06:38.929+0000] {logging_mixin.py:190} INFO - [2025-01-10T01:06:38.928+0000] {dag.py:3239} INFO - Sync 2 DAGs
[2025-01-10T01:06:38.943+0000] {logging_mixin.py:190} INFO - [2025-01-10T01:06:38.942+0000] {dag.py:4180} INFO - Setting next_dagrun for example_external_task_marker_child to None, run_after=None
[2025-01-10T01:06:38.946+0000] {logging_mixin.py:190} INFO - [2025-01-10T01:06:38.946+0000] {dag.py:4180} INFO - Setting next_dagrun for example_external_task_marker_parent to None, run_after=None
[2025-01-10T01:06:38.964+0000] {processor.py:208} INFO - Processing /home/airflow/.local/lib/python3.12/site-packages/airflow/example_dags/example_external_task_marker_dag.py took 0.074 seconds
[2025-01-10T01:07:09.186+0000] {processor.py:186} INFO - Started process (PID=728) to work on /home/airflow/.local/lib/python3.12/site-packages/airflow/example_dags/example_external_task_marker_dag.py
[2025-01-10T01:07:09.187+0000] {processor.py:914} INFO - Processing file /home/airflow/.local/lib/python3.12/site-packages/airflow/example_dags/example_external_task_marker_dag.py for tasks to queue
[2025-01-10T01:07:09.189+0000] {logging_mixin.py:190} INFO - [2025-01-10T01:07:09.189+0000] {dagbag.py:588} INFO - Filling up the DagBag from /home/airflow/.local/lib/python3.12/site-packages/airflow/example_dags/example_external_task_marker_dag.py
[2025-01-10T01:07:09.197+0000] {processor.py:925} INFO - DAG(s) 'example_external_task_marker_parent', 'example_external_task_marker_child' retrieved from /home/airflow/.local/lib/python3.12/site-packages/airflow/example_dags/example_external_task_marker_dag.py
[2025-01-10T01:07:09.219+0000] {logging_mixin.py:190} INFO - [2025-01-10T01:07:09.219+0000] {dag.py:3239} INFO - Sync 2 DAGs
[2025-01-10T01:07:09.233+0000] {logging_mixin.py:190} INFO - [2025-01-10T01:07:09.233+0000] {dag.py:4180} INFO - Setting next_dagrun for example_external_task_marker_child to None, run_after=None
[2025-01-10T01:07:09.237+0000] {logging_mixin.py:190} INFO - [2025-01-10T01:07:09.237+0000] {dag.py:4180} INFO - Setting next_dagrun for example_external_task_marker_parent to None, run_after=None
[2025-01-10T01:07:09.289+0000] {processor.py:208} INFO - Processing /home/airflow/.local/lib/python3.12/site-packages/airflow/example_dags/example_external_task_marker_dag.py took 0.108 seconds
[2025-01-10T01:07:39.593+0000] {processor.py:186} INFO - Started process (PID=791) to work on /home/airflow/.local/lib/python3.12/site-packages/airflow/example_dags/example_external_task_marker_dag.py
[2025-01-10T01:07:39.596+0000] {processor.py:914} INFO - Processing file /home/airflow/.local/lib/python3.12/site-packages/airflow/example_dags/example_external_task_marker_dag.py for tasks to queue
[2025-01-10T01:07:39.604+0000] {logging_mixin.py:190} INFO - [2025-01-10T01:07:39.603+0000] {dagbag.py:588} INFO - Filling up the DagBag from /home/airflow/.local/lib/python3.12/site-packages/airflow/example_dags/example_external_task_marker_dag.py
[2025-01-10T01:07:39.619+0000] {processor.py:925} INFO - DAG(s) 'example_external_task_marker_parent', 'example_external_task_marker_child' retrieved from /home/airflow/.local/lib/python3.12/site-packages/airflow/example_dags/example_external_task_marker_dag.py
[2025-01-10T01:07:39.659+0000] {logging_mixin.py:190} INFO - [2025-01-10T01:07:39.659+0000] {dag.py:3239} INFO - Sync 2 DAGs
[2025-01-10T01:07:39.688+0000] {logging_mixin.py:190} INFO - [2025-01-10T01:07:39.688+0000] {dag.py:4180} INFO - Setting next_dagrun for example_external_task_marker_child to None, run_after=None
[2025-01-10T01:07:39.697+0000] {logging_mixin.py:190} INFO - [2025-01-10T01:07:39.697+0000] {dag.py:4180} INFO - Setting next_dagrun for example_external_task_marker_parent to None, run_after=None
[2025-01-10T01:07:39.721+0000] {processor.py:208} INFO - Processing /home/airflow/.local/lib/python3.12/site-packages/airflow/example_dags/example_external_task_marker_dag.py took 0.140 seconds
[2025-01-10T01:08:11.132+0000] {processor.py:186} INFO - Started process (PID=854) to work on /home/airflow/.local/lib/python3.12/site-packages/airflow/example_dags/example_external_task_marker_dag.py
[2025-01-10T01:08:11.133+0000] {processor.py:914} INFO - Processing file /home/airflow/.local/lib/python3.12/site-packages/airflow/example_dags/example_external_task_marker_dag.py for tasks to queue
[2025-01-10T01:08:11.135+0000] {logging_mixin.py:190} INFO - [2025-01-10T01:08:11.135+0000] {dagbag.py:588} INFO - Filling up the DagBag from /home/airflow/.local/lib/python3.12/site-packages/airflow/example_dags/example_external_task_marker_dag.py
[2025-01-10T01:08:11.143+0000] {processor.py:925} INFO - DAG(s) 'example_external_task_marker_child', 'example_external_task_marker_parent' retrieved from /home/airflow/.local/lib/python3.12/site-packages/airflow/example_dags/example_external_task_marker_dag.py
[2025-01-10T01:08:11.173+0000] {logging_mixin.py:190} INFO - [2025-01-10T01:08:11.172+0000] {dag.py:3239} INFO - Sync 2 DAGs
[2025-01-10T01:08:11.208+0000] {logging_mixin.py:190} INFO - [2025-01-10T01:08:11.208+0000] {dag.py:4180} INFO - Setting next_dagrun for example_external_task_marker_child to None, run_after=None
[2025-01-10T01:08:11.218+0000] {logging_mixin.py:190} INFO - [2025-01-10T01:08:11.217+0000] {dag.py:4180} INFO - Setting next_dagrun for example_external_task_marker_parent to None, run_after=None
[2025-01-10T01:08:11.240+0000] {processor.py:208} INFO - Processing /home/airflow/.local/lib/python3.12/site-packages/airflow/example_dags/example_external_task_marker_dag.py took 0.113 seconds
[2025-01-10T01:08:42.054+0000] {processor.py:186} INFO - Started process (PID=917) to work on /home/airflow/.local/lib/python3.12/site-packages/airflow/example_dags/example_external_task_marker_dag.py
[2025-01-10T01:08:42.055+0000] {processor.py:914} INFO - Processing file /home/airflow/.local/lib/python3.12/site-packages/airflow/example_dags/example_external_task_marker_dag.py for tasks to queue
[2025-01-10T01:08:42.058+0000] {logging_mixin.py:190} INFO - [2025-01-10T01:08:42.057+0000] {dagbag.py:588} INFO - Filling up the DagBag from /home/airflow/.local/lib/python3.12/site-packages/airflow/example_dags/example_external_task_marker_dag.py
[2025-01-10T01:08:42.065+0000] {processor.py:925} INFO - DAG(s) 'example_external_task_marker_child', 'example_external_task_marker_parent' retrieved from /home/airflow/.local/lib/python3.12/site-packages/airflow/example_dags/example_external_task_marker_dag.py
[2025-01-10T01:08:42.087+0000] {logging_mixin.py:190} INFO - [2025-01-10T01:08:42.086+0000] {dag.py:3239} INFO - Sync 2 DAGs
[2025-01-10T01:08:42.102+0000] {logging_mixin.py:190} INFO - [2025-01-10T01:08:42.102+0000] {dag.py:4180} INFO - Setting next_dagrun for example_external_task_marker_child to None, run_after=None
[2025-01-10T01:08:42.107+0000] {logging_mixin.py:190} INFO - [2025-01-10T01:08:42.107+0000] {dag.py:4180} INFO - Setting next_dagrun for example_external_task_marker_parent to None, run_after=None
[2025-01-10T01:08:42.126+0000] {processor.py:208} INFO - Processing /home/airflow/.local/lib/python3.12/site-packages/airflow/example_dags/example_external_task_marker_dag.py took 0.077 seconds
[2025-01-10T01:09:12.155+0000] {processor.py:186} INFO - Started process (PID=980) to work on /home/airflow/.local/lib/python3.12/site-packages/airflow/example_dags/example_external_task_marker_dag.py
[2025-01-10T01:09:12.155+0000] {processor.py:914} INFO - Processing file /home/airflow/.local/lib/python3.12/site-packages/airflow/example_dags/example_external_task_marker_dag.py for tasks to queue
[2025-01-10T01:09:12.158+0000] {logging_mixin.py:190} INFO - [2025-01-10T01:09:12.158+0000] {dagbag.py:588} INFO - Filling up the DagBag from /home/airflow/.local/lib/python3.12/site-packages/airflow/example_dags/example_external_task_marker_dag.py
[2025-01-10T01:09:12.165+0000] {processor.py:925} INFO - DAG(s) 'example_external_task_marker_parent', 'example_external_task_marker_child' retrieved from /home/airflow/.local/lib/python3.12/site-packages/airflow/example_dags/example_external_task_marker_dag.py
[2025-01-10T01:09:12.192+0000] {logging_mixin.py:190} INFO - [2025-01-10T01:09:12.191+0000] {dag.py:3239} INFO - Sync 2 DAGs
[2025-01-10T01:09:12.208+0000] {logging_mixin.py:190} INFO - [2025-01-10T01:09:12.207+0000] {dag.py:4180} INFO - Setting next_dagrun for example_external_task_marker_child to None, run_after=None
[2025-01-10T01:09:12.213+0000] {logging_mixin.py:190} INFO - [2025-01-10T01:09:12.212+0000] {dag.py:4180} INFO - Setting next_dagrun for example_external_task_marker_parent to None, run_after=None
[2025-01-10T01:09:12.235+0000] {processor.py:208} INFO - Processing /home/airflow/.local/lib/python3.12/site-packages/airflow/example_dags/example_external_task_marker_dag.py took 0.086 seconds
[2025-01-10T01:09:42.775+0000] {processor.py:186} INFO - Started process (PID=1043) to work on /home/airflow/.local/lib/python3.12/site-packages/airflow/example_dags/example_external_task_marker_dag.py
[2025-01-10T01:09:42.776+0000] {processor.py:914} INFO - Processing file /home/airflow/.local/lib/python3.12/site-packages/airflow/example_dags/example_external_task_marker_dag.py for tasks to queue
[2025-01-10T01:09:42.815+0000] {logging_mixin.py:190} INFO - [2025-01-10T01:09:42.815+0000] {dagbag.py:588} INFO - Filling up the DagBag from /home/airflow/.local/lib/python3.12/site-packages/airflow/example_dags/example_external_task_marker_dag.py
[2025-01-10T01:09:42.835+0000] {processor.py:925} INFO - DAG(s) 'example_external_task_marker_parent', 'example_external_task_marker_child' retrieved from /home/airflow/.local/lib/python3.12/site-packages/airflow/example_dags/example_external_task_marker_dag.py
[2025-01-10T01:09:42.870+0000] {logging_mixin.py:190} INFO - [2025-01-10T01:09:42.869+0000] {dag.py:3239} INFO - Sync 2 DAGs
[2025-01-10T01:09:42.895+0000] {logging_mixin.py:190} INFO - [2025-01-10T01:09:42.894+0000] {dag.py:4180} INFO - Setting next_dagrun for example_external_task_marker_child to None, run_after=None
[2025-01-10T01:09:42.899+0000] {logging_mixin.py:190} INFO - [2025-01-10T01:09:42.899+0000] {dag.py:4180} INFO - Setting next_dagrun for example_external_task_marker_parent to None, run_after=None
[2025-01-10T01:09:42.924+0000] {processor.py:208} INFO - Processing /home/airflow/.local/lib/python3.12/site-packages/airflow/example_dags/example_external_task_marker_dag.py took 0.157 seconds
[2025-01-10T01:10:13.787+0000] {processor.py:186} INFO - Started process (PID=1106) to work on /home/airflow/.local/lib/python3.12/site-packages/airflow/example_dags/example_external_task_marker_dag.py
[2025-01-10T01:10:13.788+0000] {processor.py:914} INFO - Processing file /home/airflow/.local/lib/python3.12/site-packages/airflow/example_dags/example_external_task_marker_dag.py for tasks to queue
[2025-01-10T01:10:13.791+0000] {logging_mixin.py:190} INFO - [2025-01-10T01:10:13.790+0000] {dagbag.py:588} INFO - Filling up the DagBag from /home/airflow/.local/lib/python3.12/site-packages/airflow/example_dags/example_external_task_marker_dag.py
[2025-01-10T01:10:13.798+0000] {processor.py:925} INFO - DAG(s) 'example_external_task_marker_child', 'example_external_task_marker_parent' retrieved from /home/airflow/.local/lib/python3.12/site-packages/airflow/example_dags/example_external_task_marker_dag.py
[2025-01-10T01:10:13.822+0000] {logging_mixin.py:190} INFO - [2025-01-10T01:10:13.822+0000] {dag.py:3239} INFO - Sync 2 DAGs
[2025-01-10T01:10:13.839+0000] {logging_mixin.py:190} INFO - [2025-01-10T01:10:13.838+0000] {dag.py:4180} INFO - Setting next_dagrun for example_external_task_marker_child to None, run_after=None
[2025-01-10T01:10:13.843+0000] {logging_mixin.py:190} INFO - [2025-01-10T01:10:13.843+0000] {dag.py:4180} INFO - Setting next_dagrun for example_external_task_marker_parent to None, run_after=None
[2025-01-10T01:10:13.862+0000] {processor.py:208} INFO - Processing /home/airflow/.local/lib/python3.12/site-packages/airflow/example_dags/example_external_task_marker_dag.py took 0.080 seconds
[2025-01-10T01:10:43.998+0000] {processor.py:186} INFO - Started process (PID=1169) to work on /home/airflow/.local/lib/python3.12/site-packages/airflow/example_dags/example_external_task_marker_dag.py
[2025-01-10T01:10:43.999+0000] {processor.py:914} INFO - Processing file /home/airflow/.local/lib/python3.12/site-packages/airflow/example_dags/example_external_task_marker_dag.py for tasks to queue
[2025-01-10T01:10:44.002+0000] {logging_mixin.py:190} INFO - [2025-01-10T01:10:44.002+0000] {dagbag.py:588} INFO - Filling up the DagBag from /home/airflow/.local/lib/python3.12/site-packages/airflow/example_dags/example_external_task_marker_dag.py
[2025-01-10T01:10:44.012+0000] {processor.py:925} INFO - DAG(s) 'example_external_task_marker_child', 'example_external_task_marker_parent' retrieved from /home/airflow/.local/lib/python3.12/site-packages/airflow/example_dags/example_external_task_marker_dag.py
[2025-01-10T01:10:44.034+0000] {logging_mixin.py:190} INFO - [2025-01-10T01:10:44.034+0000] {dag.py:3239} INFO - Sync 2 DAGs
[2025-01-10T01:10:44.048+0000] {logging_mixin.py:190} INFO - [2025-01-10T01:10:44.048+0000] {dag.py:4180} INFO - Setting next_dagrun for example_external_task_marker_child to None, run_after=None
[2025-01-10T01:10:44.052+0000] {logging_mixin.py:190} INFO - [2025-01-10T01:10:44.052+0000] {dag.py:4180} INFO - Setting next_dagrun for example_external_task_marker_parent to None, run_after=None
[2025-01-10T01:10:44.072+0000] {processor.py:208} INFO - Processing /home/airflow/.local/lib/python3.12/site-packages/airflow/example_dags/example_external_task_marker_dag.py took 0.080 seconds
[2025-01-10T01:11:14.249+0000] {processor.py:186} INFO - Started process (PID=1231) to work on /home/airflow/.local/lib/python3.12/site-packages/airflow/example_dags/example_external_task_marker_dag.py
[2025-01-10T01:11:14.250+0000] {processor.py:914} INFO - Processing file /home/airflow/.local/lib/python3.12/site-packages/airflow/example_dags/example_external_task_marker_dag.py for tasks to queue
[2025-01-10T01:11:14.254+0000] {logging_mixin.py:190} INFO - [2025-01-10T01:11:14.253+0000] {dagbag.py:588} INFO - Filling up the DagBag from /home/airflow/.local/lib/python3.12/site-packages/airflow/example_dags/example_external_task_marker_dag.py
[2025-01-10T01:11:14.264+0000] {processor.py:925} INFO - DAG(s) 'example_external_task_marker_child', 'example_external_task_marker_parent' retrieved from /home/airflow/.local/lib/python3.12/site-packages/airflow/example_dags/example_external_task_marker_dag.py
[2025-01-10T01:11:14.284+0000] {logging_mixin.py:190} INFO - [2025-01-10T01:11:14.284+0000] {dag.py:3239} INFO - Sync 2 DAGs
[2025-01-10T01:11:14.300+0000] {logging_mixin.py:190} INFO - [2025-01-10T01:11:14.300+0000] {dag.py:4180} INFO - Setting next_dagrun for example_external_task_marker_child to None, run_after=None
[2025-01-10T01:11:14.304+0000] {logging_mixin.py:190} INFO - [2025-01-10T01:11:14.304+0000] {dag.py:4180} INFO - Setting next_dagrun for example_external_task_marker_parent to None, run_after=None
[2025-01-10T01:11:14.323+0000] {processor.py:208} INFO - Processing /home/airflow/.local/lib/python3.12/site-packages/airflow/example_dags/example_external_task_marker_dag.py took 0.080 seconds
[2025-01-10T01:11:45.183+0000] {processor.py:186} INFO - Started process (PID=1294) to work on /home/airflow/.local/lib/python3.12/site-packages/airflow/example_dags/example_external_task_marker_dag.py
[2025-01-10T01:11:45.202+0000] {processor.py:914} INFO - Processing file /home/airflow/.local/lib/python3.12/site-packages/airflow/example_dags/example_external_task_marker_dag.py for tasks to queue
[2025-01-10T01:11:45.211+0000] {logging_mixin.py:190} INFO - [2025-01-10T01:11:45.211+0000] {dagbag.py:588} INFO - Filling up the DagBag from /home/airflow/.local/lib/python3.12/site-packages/airflow/example_dags/example_external_task_marker_dag.py
[2025-01-10T01:11:45.224+0000] {processor.py:925} INFO - DAG(s) 'example_external_task_marker_parent', 'example_external_task_marker_child' retrieved from /home/airflow/.local/lib/python3.12/site-packages/airflow/example_dags/example_external_task_marker_dag.py
[2025-01-10T01:11:45.249+0000] {logging_mixin.py:190} INFO - [2025-01-10T01:11:45.248+0000] {dag.py:3239} INFO - Sync 2 DAGs
[2025-01-10T01:11:45.263+0000] {logging_mixin.py:190} INFO - [2025-01-10T01:11:45.263+0000] {dag.py:4180} INFO - Setting next_dagrun for example_external_task_marker_child to None, run_after=None
[2025-01-10T01:11:45.267+0000] {logging_mixin.py:190} INFO - [2025-01-10T01:11:45.267+0000] {dag.py:4180} INFO - Setting next_dagrun for example_external_task_marker_parent to None, run_after=None
[2025-01-10T01:11:45.285+0000] {processor.py:208} INFO - Processing /home/airflow/.local/lib/python3.12/site-packages/airflow/example_dags/example_external_task_marker_dag.py took 0.110 seconds
[2025-01-10T01:12:16.248+0000] {processor.py:186} INFO - Started process (PID=1357) to work on /home/airflow/.local/lib/python3.12/site-packages/airflow/example_dags/example_external_task_marker_dag.py
[2025-01-10T01:12:16.250+0000] {processor.py:914} INFO - Processing file /home/airflow/.local/lib/python3.12/site-packages/airflow/example_dags/example_external_task_marker_dag.py for tasks to queue
[2025-01-10T01:12:16.253+0000] {logging_mixin.py:190} INFO - [2025-01-10T01:12:16.253+0000] {dagbag.py:588} INFO - Filling up the DagBag from /home/airflow/.local/lib/python3.12/site-packages/airflow/example_dags/example_external_task_marker_dag.py
[2025-01-10T01:12:16.262+0000] {processor.py:925} INFO - DAG(s) 'example_external_task_marker_child', 'example_external_task_marker_parent' retrieved from /home/airflow/.local/lib/python3.12/site-packages/airflow/example_dags/example_external_task_marker_dag.py
[2025-01-10T01:12:16.296+0000] {logging_mixin.py:190} INFO - [2025-01-10T01:12:16.295+0000] {dag.py:3239} INFO - Sync 2 DAGs
[2025-01-10T01:12:16.320+0000] {logging_mixin.py:190} INFO - [2025-01-10T01:12:16.319+0000] {dag.py:4180} INFO - Setting next_dagrun for example_external_task_marker_child to None, run_after=None
[2025-01-10T01:12:16.324+0000] {logging_mixin.py:190} INFO - [2025-01-10T01:12:16.324+0000] {dag.py:4180} INFO - Setting next_dagrun for example_external_task_marker_parent to None, run_after=None
[2025-01-10T01:12:16.345+0000] {processor.py:208} INFO - Processing /home/airflow/.local/lib/python3.12/site-packages/airflow/example_dags/example_external_task_marker_dag.py took 0.103 seconds
[2025-01-10T01:12:46.811+0000] {processor.py:186} INFO - Started process (PID=1420) to work on /home/airflow/.local/lib/python3.12/site-packages/airflow/example_dags/example_external_task_marker_dag.py
[2025-01-10T01:12:46.812+0000] {processor.py:914} INFO - Processing file /home/airflow/.local/lib/python3.12/site-packages/airflow/example_dags/example_external_task_marker_dag.py for tasks to queue
[2025-01-10T01:12:46.815+0000] {logging_mixin.py:190} INFO - [2025-01-10T01:12:46.814+0000] {dagbag.py:588} INFO - Filling up the DagBag from /home/airflow/.local/lib/python3.12/site-packages/airflow/example_dags/example_external_task_marker_dag.py
[2025-01-10T01:12:46.823+0000] {processor.py:925} INFO - DAG(s) 'example_external_task_marker_child', 'example_external_task_marker_parent' retrieved from /home/airflow/.local/lib/python3.12/site-packages/airflow/example_dags/example_external_task_marker_dag.py
[2025-01-10T01:12:46.841+0000] {logging_mixin.py:190} INFO - [2025-01-10T01:12:46.841+0000] {dag.py:3239} INFO - Sync 2 DAGs
[2025-01-10T01:12:46.855+0000] {logging_mixin.py:190} INFO - [2025-01-10T01:12:46.855+0000] {dag.py:4180} INFO - Setting next_dagrun for example_external_task_marker_child to None, run_after=None
[2025-01-10T01:12:46.859+0000] {logging_mixin.py:190} INFO - [2025-01-10T01:12:46.859+0000] {dag.py:4180} INFO - Setting next_dagrun for example_external_task_marker_parent to None, run_after=None
[2025-01-10T01:12:46.876+0000] {processor.py:208} INFO - Processing /home/airflow/.local/lib/python3.12/site-packages/airflow/example_dags/example_external_task_marker_dag.py took 0.070 seconds
[2025-01-10T01:13:17.665+0000] {processor.py:186} INFO - Started process (PID=1483) to work on /home/airflow/.local/lib/python3.12/site-packages/airflow/example_dags/example_external_task_marker_dag.py
[2025-01-10T01:13:17.666+0000] {processor.py:914} INFO - Processing file /home/airflow/.local/lib/python3.12/site-packages/airflow/example_dags/example_external_task_marker_dag.py for tasks to queue
[2025-01-10T01:13:17.669+0000] {logging_mixin.py:190} INFO - [2025-01-10T01:13:17.669+0000] {dagbag.py:588} INFO - Filling up the DagBag from /home/airflow/.local/lib/python3.12/site-packages/airflow/example_dags/example_external_task_marker_dag.py
[2025-01-10T01:13:17.679+0000] {processor.py:925} INFO - DAG(s) 'example_external_task_marker_parent', 'example_external_task_marker_child' retrieved from /home/airflow/.local/lib/python3.12/site-packages/airflow/example_dags/example_external_task_marker_dag.py
[2025-01-10T01:13:17.705+0000] {logging_mixin.py:190} INFO - [2025-01-10T01:13:17.705+0000] {dag.py:3239} INFO - Sync 2 DAGs
[2025-01-10T01:13:17.720+0000] {logging_mixin.py:190} INFO - [2025-01-10T01:13:17.720+0000] {dag.py:4180} INFO - Setting next_dagrun for example_external_task_marker_child to None, run_after=None
[2025-01-10T01:13:17.725+0000] {logging_mixin.py:190} INFO - [2025-01-10T01:13:17.724+0000] {dag.py:4180} INFO - Setting next_dagrun for example_external_task_marker_parent to None, run_after=None
[2025-01-10T01:13:17.743+0000] {processor.py:208} INFO - Processing /home/airflow/.local/lib/python3.12/site-packages/airflow/example_dags/example_external_task_marker_dag.py took 0.084 seconds
[2025-01-10T01:13:47.844+0000] {processor.py:186} INFO - Started process (PID=1546) to work on /home/airflow/.local/lib/python3.12/site-packages/airflow/example_dags/example_external_task_marker_dag.py
[2025-01-10T01:13:47.844+0000] {processor.py:914} INFO - Processing file /home/airflow/.local/lib/python3.12/site-packages/airflow/example_dags/example_external_task_marker_dag.py for tasks to queue
[2025-01-10T01:13:47.847+0000] {logging_mixin.py:190} INFO - [2025-01-10T01:13:47.846+0000] {dagbag.py:588} INFO - Filling up the DagBag from /home/airflow/.local/lib/python3.12/site-packages/airflow/example_dags/example_external_task_marker_dag.py
[2025-01-10T01:13:47.854+0000] {processor.py:925} INFO - DAG(s) 'example_external_task_marker_parent', 'example_external_task_marker_child' retrieved from /home/airflow/.local/lib/python3.12/site-packages/airflow/example_dags/example_external_task_marker_dag.py
[2025-01-10T01:13:47.873+0000] {logging_mixin.py:190} INFO - [2025-01-10T01:13:47.873+0000] {dag.py:3239} INFO - Sync 2 DAGs
[2025-01-10T01:13:47.888+0000] {logging_mixin.py:190} INFO - [2025-01-10T01:13:47.888+0000] {dag.py:4180} INFO - Setting next_dagrun for example_external_task_marker_child to None, run_after=None
[2025-01-10T01:13:47.892+0000] {logging_mixin.py:190} INFO - [2025-01-10T01:13:47.891+0000] {dag.py:4180} INFO - Setting next_dagrun for example_external_task_marker_parent to None, run_after=None
[2025-01-10T01:13:47.909+0000] {processor.py:208} INFO - Processing /home/airflow/.local/lib/python3.12/site-packages/airflow/example_dags/example_external_task_marker_dag.py took 0.071 seconds
