[2025-01-10T00:43:50.228+0000] {processor.py:186} INFO - Started process (PID=91) to work on /home/airflow/.local/lib/python3.12/site-packages/airflow/example_dags/example_sensors.py
[2025-01-10T00:43:50.229+0000] {processor.py:914} INFO - Processing file /home/airflow/.local/lib/python3.12/site-packages/airflow/example_dags/example_sensors.py for tasks to queue
[2025-01-10T00:43:50.232+0000] {logging_mixin.py:190} INFO - [2025-01-10T00:43:50.232+0000] {dagbag.py:588} INFO - Filling up the DagBag from /home/airflow/.local/lib/python3.12/site-packages/airflow/example_dags/example_sensors.py
[2025-01-10T00:43:50.249+0000] {processor.py:925} INFO - DAG(s) 'example_sensors' retrieved from /home/airflow/.local/lib/python3.12/site-packages/airflow/example_dags/example_sensors.py
[2025-01-10T00:43:50.411+0000] {logging_mixin.py:190} INFO - [2025-01-10T00:43:50.410+0000] {override.py:1911} INFO - Created Permission View: can delete on DAG:example_sensors
[2025-01-10T00:43:50.425+0000] {logging_mixin.py:190} INFO - [2025-01-10T00:43:50.425+0000] {override.py:1911} INFO - Created Permission View: can read on DAG:example_sensors
[2025-01-10T00:43:50.434+0000] {logging_mixin.py:190} INFO - [2025-01-10T00:43:50.434+0000] {override.py:1911} INFO - Created Permission View: can edit on DAG:example_sensors
[2025-01-10T00:43:50.448+0000] {logging_mixin.py:190} INFO - [2025-01-10T00:43:50.448+0000] {override.py:1911} INFO - Created Permission View: can delete on DAG Run:example_sensors
[2025-01-10T00:43:50.460+0000] {logging_mixin.py:190} INFO - [2025-01-10T00:43:50.460+0000] {override.py:1911} INFO - Created Permission View: can read on DAG Run:example_sensors
[2025-01-10T00:43:50.471+0000] {logging_mixin.py:190} INFO - [2025-01-10T00:43:50.471+0000] {override.py:1911} INFO - Created Permission View: can create on DAG Run:example_sensors
[2025-01-10T00:43:50.481+0000] {logging_mixin.py:190} INFO - [2025-01-10T00:43:50.481+0000] {override.py:1911} INFO - Created Permission View: menu access on DAG Run:example_sensors
[2025-01-10T00:43:50.482+0000] {logging_mixin.py:190} INFO - [2025-01-10T00:43:50.482+0000] {dag.py:3239} INFO - Sync 1 DAGs
[2025-01-10T00:43:50.498+0000] {logging_mixin.py:190} INFO - [2025-01-10T00:43:50.498+0000] {dag.py:3262} INFO - Creating ORM DAG for example_sensors
[2025-01-10T00:43:50.499+0000] {logging_mixin.py:190} INFO - [2025-01-10T00:43:50.499+0000] {dag.py:4180} INFO - Setting next_dagrun for example_sensors to None, run_after=None
[2025-01-10T00:43:50.524+0000] {processor.py:208} INFO - Processing /home/airflow/.local/lib/python3.12/site-packages/airflow/example_dags/example_sensors.py took 0.303 seconds
[2025-01-10T00:44:21.374+0000] {processor.py:186} INFO - Started process (PID=154) to work on /home/airflow/.local/lib/python3.12/site-packages/airflow/example_dags/example_sensors.py
[2025-01-10T00:44:21.376+0000] {processor.py:914} INFO - Processing file /home/airflow/.local/lib/python3.12/site-packages/airflow/example_dags/example_sensors.py for tasks to queue
[2025-01-10T00:44:21.379+0000] {logging_mixin.py:190} INFO - [2025-01-10T00:44:21.378+0000] {dagbag.py:588} INFO - Filling up the DagBag from /home/airflow/.local/lib/python3.12/site-packages/airflow/example_dags/example_sensors.py
[2025-01-10T00:44:21.391+0000] {processor.py:925} INFO - DAG(s) 'example_sensors' retrieved from /home/airflow/.local/lib/python3.12/site-packages/airflow/example_dags/example_sensors.py
[2025-01-10T00:44:21.421+0000] {logging_mixin.py:190} INFO - [2025-01-10T00:44:21.420+0000] {dag.py:3239} INFO - Sync 1 DAGs
[2025-01-10T00:44:21.438+0000] {logging_mixin.py:190} INFO - [2025-01-10T00:44:21.438+0000] {dag.py:4180} INFO - Setting next_dagrun for example_sensors to None, run_after=None
[2025-01-10T00:44:21.467+0000] {processor.py:208} INFO - Processing /home/airflow/.local/lib/python3.12/site-packages/airflow/example_dags/example_sensors.py took 0.100 seconds
[2025-01-10T00:44:52.484+0000] {processor.py:186} INFO - Started process (PID=217) to work on /home/airflow/.local/lib/python3.12/site-packages/airflow/example_dags/example_sensors.py
[2025-01-10T00:44:52.494+0000] {processor.py:914} INFO - Processing file /home/airflow/.local/lib/python3.12/site-packages/airflow/example_dags/example_sensors.py for tasks to queue
[2025-01-10T00:44:52.501+0000] {logging_mixin.py:190} INFO - [2025-01-10T00:44:52.501+0000] {dagbag.py:588} INFO - Filling up the DagBag from /home/airflow/.local/lib/python3.12/site-packages/airflow/example_dags/example_sensors.py
[2025-01-10T00:44:52.527+0000] {processor.py:925} INFO - DAG(s) 'example_sensors' retrieved from /home/airflow/.local/lib/python3.12/site-packages/airflow/example_dags/example_sensors.py
[2025-01-10T00:44:52.622+0000] {logging_mixin.py:190} INFO - [2025-01-10T00:44:52.621+0000] {dag.py:3239} INFO - Sync 1 DAGs
[2025-01-10T00:44:52.657+0000] {logging_mixin.py:190} INFO - [2025-01-10T00:44:52.657+0000] {dag.py:4180} INFO - Setting next_dagrun for example_sensors to None, run_after=None
[2025-01-10T00:44:52.692+0000] {processor.py:208} INFO - Processing /home/airflow/.local/lib/python3.12/site-packages/airflow/example_dags/example_sensors.py took 0.218 seconds
[2025-01-10T00:45:23.161+0000] {processor.py:186} INFO - Started process (PID=279) to work on /home/airflow/.local/lib/python3.12/site-packages/airflow/example_dags/example_sensors.py
[2025-01-10T00:45:23.162+0000] {processor.py:914} INFO - Processing file /home/airflow/.local/lib/python3.12/site-packages/airflow/example_dags/example_sensors.py for tasks to queue
[2025-01-10T00:45:23.166+0000] {logging_mixin.py:190} INFO - [2025-01-10T00:45:23.165+0000] {dagbag.py:588} INFO - Filling up the DagBag from /home/airflow/.local/lib/python3.12/site-packages/airflow/example_dags/example_sensors.py
[2025-01-10T00:45:23.186+0000] {processor.py:925} INFO - DAG(s) 'example_sensors' retrieved from /home/airflow/.local/lib/python3.12/site-packages/airflow/example_dags/example_sensors.py
[2025-01-10T00:45:23.227+0000] {logging_mixin.py:190} INFO - [2025-01-10T00:45:23.227+0000] {dag.py:3239} INFO - Sync 1 DAGs
[2025-01-10T00:45:23.251+0000] {logging_mixin.py:190} INFO - [2025-01-10T00:45:23.251+0000] {dag.py:4180} INFO - Setting next_dagrun for example_sensors to None, run_after=None
[2025-01-10T00:45:23.283+0000] {processor.py:208} INFO - Processing /home/airflow/.local/lib/python3.12/site-packages/airflow/example_dags/example_sensors.py took 0.132 seconds
[2025-01-10T00:45:53.700+0000] {processor.py:186} INFO - Started process (PID=342) to work on /home/airflow/.local/lib/python3.12/site-packages/airflow/example_dags/example_sensors.py
[2025-01-10T00:45:53.701+0000] {processor.py:914} INFO - Processing file /home/airflow/.local/lib/python3.12/site-packages/airflow/example_dags/example_sensors.py for tasks to queue
[2025-01-10T00:45:53.705+0000] {logging_mixin.py:190} INFO - [2025-01-10T00:45:53.704+0000] {dagbag.py:588} INFO - Filling up the DagBag from /home/airflow/.local/lib/python3.12/site-packages/airflow/example_dags/example_sensors.py
[2025-01-10T00:45:53.725+0000] {processor.py:925} INFO - DAG(s) 'example_sensors' retrieved from /home/airflow/.local/lib/python3.12/site-packages/airflow/example_dags/example_sensors.py
[2025-01-10T00:45:53.771+0000] {logging_mixin.py:190} INFO - [2025-01-10T00:45:53.770+0000] {dag.py:3239} INFO - Sync 1 DAGs
[2025-01-10T00:45:53.800+0000] {logging_mixin.py:190} INFO - [2025-01-10T00:45:53.800+0000] {dag.py:4180} INFO - Setting next_dagrun for example_sensors to None, run_after=None
[2025-01-10T00:45:53.866+0000] {processor.py:208} INFO - Processing /home/airflow/.local/lib/python3.12/site-packages/airflow/example_dags/example_sensors.py took 0.176 seconds
[2025-01-10T00:46:24.356+0000] {processor.py:186} INFO - Started process (PID=405) to work on /home/airflow/.local/lib/python3.12/site-packages/airflow/example_dags/example_sensors.py
[2025-01-10T00:46:24.357+0000] {processor.py:914} INFO - Processing file /home/airflow/.local/lib/python3.12/site-packages/airflow/example_dags/example_sensors.py for tasks to queue
[2025-01-10T00:46:24.361+0000] {logging_mixin.py:190} INFO - [2025-01-10T00:46:24.360+0000] {dagbag.py:588} INFO - Filling up the DagBag from /home/airflow/.local/lib/python3.12/site-packages/airflow/example_dags/example_sensors.py
[2025-01-10T00:46:24.375+0000] {processor.py:925} INFO - DAG(s) 'example_sensors' retrieved from /home/airflow/.local/lib/python3.12/site-packages/airflow/example_dags/example_sensors.py
[2025-01-10T00:46:24.402+0000] {logging_mixin.py:190} INFO - [2025-01-10T00:46:24.402+0000] {dag.py:3239} INFO - Sync 1 DAGs
[2025-01-10T00:46:24.416+0000] {logging_mixin.py:190} INFO - [2025-01-10T00:46:24.416+0000] {dag.py:4180} INFO - Setting next_dagrun for example_sensors to None, run_after=None
[2025-01-10T00:46:24.438+0000] {processor.py:208} INFO - Processing /home/airflow/.local/lib/python3.12/site-packages/airflow/example_dags/example_sensors.py took 0.087 seconds
[2025-01-10T00:46:54.634+0000] {processor.py:186} INFO - Started process (PID=468) to work on /home/airflow/.local/lib/python3.12/site-packages/airflow/example_dags/example_sensors.py
[2025-01-10T00:46:54.635+0000] {processor.py:914} INFO - Processing file /home/airflow/.local/lib/python3.12/site-packages/airflow/example_dags/example_sensors.py for tasks to queue
[2025-01-10T00:46:54.637+0000] {logging_mixin.py:190} INFO - [2025-01-10T00:46:54.637+0000] {dagbag.py:588} INFO - Filling up the DagBag from /home/airflow/.local/lib/python3.12/site-packages/airflow/example_dags/example_sensors.py
[2025-01-10T00:46:54.649+0000] {processor.py:925} INFO - DAG(s) 'example_sensors' retrieved from /home/airflow/.local/lib/python3.12/site-packages/airflow/example_dags/example_sensors.py
[2025-01-10T00:46:54.675+0000] {logging_mixin.py:190} INFO - [2025-01-10T00:46:54.675+0000] {dag.py:3239} INFO - Sync 1 DAGs
[2025-01-10T00:46:54.692+0000] {logging_mixin.py:190} INFO - [2025-01-10T00:46:54.692+0000] {dag.py:4180} INFO - Setting next_dagrun for example_sensors to None, run_after=None
[2025-01-10T00:46:54.748+0000] {processor.py:208} INFO - Processing /home/airflow/.local/lib/python3.12/site-packages/airflow/example_dags/example_sensors.py took 0.120 seconds
[2025-01-10T00:47:25.173+0000] {processor.py:186} INFO - Started process (PID=531) to work on /home/airflow/.local/lib/python3.12/site-packages/airflow/example_dags/example_sensors.py
[2025-01-10T00:47:25.174+0000] {processor.py:914} INFO - Processing file /home/airflow/.local/lib/python3.12/site-packages/airflow/example_dags/example_sensors.py for tasks to queue
[2025-01-10T00:47:25.176+0000] {logging_mixin.py:190} INFO - [2025-01-10T00:47:25.176+0000] {dagbag.py:588} INFO - Filling up the DagBag from /home/airflow/.local/lib/python3.12/site-packages/airflow/example_dags/example_sensors.py
[2025-01-10T00:47:25.188+0000] {processor.py:925} INFO - DAG(s) 'example_sensors' retrieved from /home/airflow/.local/lib/python3.12/site-packages/airflow/example_dags/example_sensors.py
[2025-01-10T00:47:25.217+0000] {logging_mixin.py:190} INFO - [2025-01-10T00:47:25.217+0000] {dag.py:3239} INFO - Sync 1 DAGs
[2025-01-10T00:47:25.231+0000] {logging_mixin.py:190} INFO - [2025-01-10T00:47:25.230+0000] {dag.py:4180} INFO - Setting next_dagrun for example_sensors to None, run_after=None
[2025-01-10T00:47:25.250+0000] {processor.py:208} INFO - Processing /home/airflow/.local/lib/python3.12/site-packages/airflow/example_dags/example_sensors.py took 0.083 seconds
[2025-01-10T00:47:56.126+0000] {processor.py:186} INFO - Started process (PID=594) to work on /home/airflow/.local/lib/python3.12/site-packages/airflow/example_dags/example_sensors.py
[2025-01-10T00:47:56.127+0000] {processor.py:914} INFO - Processing file /home/airflow/.local/lib/python3.12/site-packages/airflow/example_dags/example_sensors.py for tasks to queue
[2025-01-10T00:47:56.129+0000] {logging_mixin.py:190} INFO - [2025-01-10T00:47:56.129+0000] {dagbag.py:588} INFO - Filling up the DagBag from /home/airflow/.local/lib/python3.12/site-packages/airflow/example_dags/example_sensors.py
[2025-01-10T00:47:56.139+0000] {processor.py:925} INFO - DAG(s) 'example_sensors' retrieved from /home/airflow/.local/lib/python3.12/site-packages/airflow/example_dags/example_sensors.py
[2025-01-10T00:47:56.164+0000] {logging_mixin.py:190} INFO - [2025-01-10T00:47:56.164+0000] {dag.py:3239} INFO - Sync 1 DAGs
[2025-01-10T00:47:56.180+0000] {logging_mixin.py:190} INFO - [2025-01-10T00:47:56.180+0000] {dag.py:4180} INFO - Setting next_dagrun for example_sensors to None, run_after=None
[2025-01-10T00:47:56.199+0000] {processor.py:208} INFO - Processing /home/airflow/.local/lib/python3.12/site-packages/airflow/example_dags/example_sensors.py took 0.078 seconds
[2025-01-10T00:48:27.033+0000] {processor.py:186} INFO - Started process (PID=657) to work on /home/airflow/.local/lib/python3.12/site-packages/airflow/example_dags/example_sensors.py
[2025-01-10T00:48:27.034+0000] {processor.py:914} INFO - Processing file /home/airflow/.local/lib/python3.12/site-packages/airflow/example_dags/example_sensors.py for tasks to queue
[2025-01-10T00:48:27.037+0000] {logging_mixin.py:190} INFO - [2025-01-10T00:48:27.036+0000] {dagbag.py:588} INFO - Filling up the DagBag from /home/airflow/.local/lib/python3.12/site-packages/airflow/example_dags/example_sensors.py
[2025-01-10T00:48:27.049+0000] {processor.py:925} INFO - DAG(s) 'example_sensors' retrieved from /home/airflow/.local/lib/python3.12/site-packages/airflow/example_dags/example_sensors.py
[2025-01-10T00:48:27.073+0000] {logging_mixin.py:190} INFO - [2025-01-10T00:48:27.073+0000] {dag.py:3239} INFO - Sync 1 DAGs
[2025-01-10T00:48:27.087+0000] {logging_mixin.py:190} INFO - [2025-01-10T00:48:27.087+0000] {dag.py:4180} INFO - Setting next_dagrun for example_sensors to None, run_after=None
[2025-01-10T00:48:27.106+0000] {processor.py:208} INFO - Processing /home/airflow/.local/lib/python3.12/site-packages/airflow/example_dags/example_sensors.py took 0.079 seconds
[2025-01-10T00:48:58.301+0000] {processor.py:186} INFO - Started process (PID=720) to work on /home/airflow/.local/lib/python3.12/site-packages/airflow/example_dags/example_sensors.py
[2025-01-10T00:48:58.302+0000] {processor.py:914} INFO - Processing file /home/airflow/.local/lib/python3.12/site-packages/airflow/example_dags/example_sensors.py for tasks to queue
[2025-01-10T00:48:58.304+0000] {logging_mixin.py:190} INFO - [2025-01-10T00:48:58.304+0000] {dagbag.py:588} INFO - Filling up the DagBag from /home/airflow/.local/lib/python3.12/site-packages/airflow/example_dags/example_sensors.py
[2025-01-10T00:48:58.314+0000] {processor.py:925} INFO - DAG(s) 'example_sensors' retrieved from /home/airflow/.local/lib/python3.12/site-packages/airflow/example_dags/example_sensors.py
[2025-01-10T00:48:58.337+0000] {logging_mixin.py:190} INFO - [2025-01-10T00:48:58.337+0000] {dag.py:3239} INFO - Sync 1 DAGs
[2025-01-10T00:48:58.350+0000] {logging_mixin.py:190} INFO - [2025-01-10T00:48:58.350+0000] {dag.py:4180} INFO - Setting next_dagrun for example_sensors to None, run_after=None
[2025-01-10T00:48:58.371+0000] {processor.py:208} INFO - Processing /home/airflow/.local/lib/python3.12/site-packages/airflow/example_dags/example_sensors.py took 0.075 seconds
[2025-01-10T00:49:29.475+0000] {processor.py:186} INFO - Started process (PID=783) to work on /home/airflow/.local/lib/python3.12/site-packages/airflow/example_dags/example_sensors.py
[2025-01-10T00:49:29.476+0000] {processor.py:914} INFO - Processing file /home/airflow/.local/lib/python3.12/site-packages/airflow/example_dags/example_sensors.py for tasks to queue
[2025-01-10T00:49:29.480+0000] {logging_mixin.py:190} INFO - [2025-01-10T00:49:29.479+0000] {dagbag.py:588} INFO - Filling up the DagBag from /home/airflow/.local/lib/python3.12/site-packages/airflow/example_dags/example_sensors.py
[2025-01-10T00:49:29.496+0000] {processor.py:925} INFO - DAG(s) 'example_sensors' retrieved from /home/airflow/.local/lib/python3.12/site-packages/airflow/example_dags/example_sensors.py
[2025-01-10T00:49:29.521+0000] {logging_mixin.py:190} INFO - [2025-01-10T00:49:29.521+0000] {dag.py:3239} INFO - Sync 1 DAGs
[2025-01-10T00:49:29.535+0000] {logging_mixin.py:190} INFO - [2025-01-10T00:49:29.535+0000] {dag.py:4180} INFO - Setting next_dagrun for example_sensors to None, run_after=None
[2025-01-10T00:49:29.555+0000] {processor.py:208} INFO - Processing /home/airflow/.local/lib/python3.12/site-packages/airflow/example_dags/example_sensors.py took 0.086 seconds
[2025-01-10T00:50:00.792+0000] {processor.py:186} INFO - Started process (PID=846) to work on /home/airflow/.local/lib/python3.12/site-packages/airflow/example_dags/example_sensors.py
[2025-01-10T00:50:00.793+0000] {processor.py:914} INFO - Processing file /home/airflow/.local/lib/python3.12/site-packages/airflow/example_dags/example_sensors.py for tasks to queue
[2025-01-10T00:50:00.795+0000] {logging_mixin.py:190} INFO - [2025-01-10T00:50:00.795+0000] {dagbag.py:588} INFO - Filling up the DagBag from /home/airflow/.local/lib/python3.12/site-packages/airflow/example_dags/example_sensors.py
[2025-01-10T00:50:00.809+0000] {processor.py:925} INFO - DAG(s) 'example_sensors' retrieved from /home/airflow/.local/lib/python3.12/site-packages/airflow/example_dags/example_sensors.py
[2025-01-10T00:50:00.833+0000] {logging_mixin.py:190} INFO - [2025-01-10T00:50:00.833+0000] {dag.py:3239} INFO - Sync 1 DAGs
[2025-01-10T00:50:00.848+0000] {logging_mixin.py:190} INFO - [2025-01-10T00:50:00.848+0000] {dag.py:4180} INFO - Setting next_dagrun for example_sensors to None, run_after=None
[2025-01-10T00:50:00.871+0000] {processor.py:208} INFO - Processing /home/airflow/.local/lib/python3.12/site-packages/airflow/example_dags/example_sensors.py took 0.084 seconds
[2025-01-10T00:50:32.169+0000] {processor.py:186} INFO - Started process (PID=909) to work on /home/airflow/.local/lib/python3.12/site-packages/airflow/example_dags/example_sensors.py
[2025-01-10T00:50:32.170+0000] {processor.py:914} INFO - Processing file /home/airflow/.local/lib/python3.12/site-packages/airflow/example_dags/example_sensors.py for tasks to queue
[2025-01-10T00:50:32.173+0000] {logging_mixin.py:190} INFO - [2025-01-10T00:50:32.172+0000] {dagbag.py:588} INFO - Filling up the DagBag from /home/airflow/.local/lib/python3.12/site-packages/airflow/example_dags/example_sensors.py
[2025-01-10T00:50:32.183+0000] {processor.py:925} INFO - DAG(s) 'example_sensors' retrieved from /home/airflow/.local/lib/python3.12/site-packages/airflow/example_dags/example_sensors.py
[2025-01-10T00:50:32.207+0000] {logging_mixin.py:190} INFO - [2025-01-10T00:50:32.207+0000] {dag.py:3239} INFO - Sync 1 DAGs
[2025-01-10T00:50:32.222+0000] {logging_mixin.py:190} INFO - [2025-01-10T00:50:32.222+0000] {dag.py:4180} INFO - Setting next_dagrun for example_sensors to None, run_after=None
[2025-01-10T00:50:32.241+0000] {processor.py:208} INFO - Processing /home/airflow/.local/lib/python3.12/site-packages/airflow/example_dags/example_sensors.py took 0.077 seconds
[2025-01-10T00:51:03.438+0000] {processor.py:186} INFO - Started process (PID=972) to work on /home/airflow/.local/lib/python3.12/site-packages/airflow/example_dags/example_sensors.py
[2025-01-10T00:51:03.438+0000] {processor.py:914} INFO - Processing file /home/airflow/.local/lib/python3.12/site-packages/airflow/example_dags/example_sensors.py for tasks to queue
[2025-01-10T00:51:03.441+0000] {logging_mixin.py:190} INFO - [2025-01-10T00:51:03.440+0000] {dagbag.py:588} INFO - Filling up the DagBag from /home/airflow/.local/lib/python3.12/site-packages/airflow/example_dags/example_sensors.py
[2025-01-10T00:51:03.451+0000] {processor.py:925} INFO - DAG(s) 'example_sensors' retrieved from /home/airflow/.local/lib/python3.12/site-packages/airflow/example_dags/example_sensors.py
[2025-01-10T00:51:03.478+0000] {logging_mixin.py:190} INFO - [2025-01-10T00:51:03.478+0000] {dag.py:3239} INFO - Sync 1 DAGs
[2025-01-10T00:51:03.495+0000] {logging_mixin.py:190} INFO - [2025-01-10T00:51:03.495+0000] {dag.py:4180} INFO - Setting next_dagrun for example_sensors to None, run_after=None
[2025-01-10T00:51:03.513+0000] {processor.py:208} INFO - Processing /home/airflow/.local/lib/python3.12/site-packages/airflow/example_dags/example_sensors.py took 0.080 seconds
[2025-01-10T00:51:34.717+0000] {processor.py:186} INFO - Started process (PID=1036) to work on /home/airflow/.local/lib/python3.12/site-packages/airflow/example_dags/example_sensors.py
[2025-01-10T00:51:34.718+0000] {processor.py:914} INFO - Processing file /home/airflow/.local/lib/python3.12/site-packages/airflow/example_dags/example_sensors.py for tasks to queue
[2025-01-10T00:51:34.720+0000] {logging_mixin.py:190} INFO - [2025-01-10T00:51:34.719+0000] {dagbag.py:588} INFO - Filling up the DagBag from /home/airflow/.local/lib/python3.12/site-packages/airflow/example_dags/example_sensors.py
[2025-01-10T00:51:34.730+0000] {processor.py:925} INFO - DAG(s) 'example_sensors' retrieved from /home/airflow/.local/lib/python3.12/site-packages/airflow/example_dags/example_sensors.py
[2025-01-10T00:51:34.753+0000] {logging_mixin.py:190} INFO - [2025-01-10T00:51:34.753+0000] {dag.py:3239} INFO - Sync 1 DAGs
[2025-01-10T00:51:34.766+0000] {logging_mixin.py:190} INFO - [2025-01-10T00:51:34.766+0000] {dag.py:4180} INFO - Setting next_dagrun for example_sensors to None, run_after=None
[2025-01-10T00:51:34.785+0000] {processor.py:208} INFO - Processing /home/airflow/.local/lib/python3.12/site-packages/airflow/example_dags/example_sensors.py took 0.074 seconds
[2025-01-10T00:52:06.044+0000] {processor.py:186} INFO - Started process (PID=1099) to work on /home/airflow/.local/lib/python3.12/site-packages/airflow/example_dags/example_sensors.py
[2025-01-10T00:52:06.045+0000] {processor.py:914} INFO - Processing file /home/airflow/.local/lib/python3.12/site-packages/airflow/example_dags/example_sensors.py for tasks to queue
[2025-01-10T00:52:06.047+0000] {logging_mixin.py:190} INFO - [2025-01-10T00:52:06.047+0000] {dagbag.py:588} INFO - Filling up the DagBag from /home/airflow/.local/lib/python3.12/site-packages/airflow/example_dags/example_sensors.py
[2025-01-10T00:52:06.058+0000] {processor.py:925} INFO - DAG(s) 'example_sensors' retrieved from /home/airflow/.local/lib/python3.12/site-packages/airflow/example_dags/example_sensors.py
[2025-01-10T00:52:06.082+0000] {logging_mixin.py:190} INFO - [2025-01-10T00:52:06.082+0000] {dag.py:3239} INFO - Sync 1 DAGs
[2025-01-10T00:52:06.096+0000] {logging_mixin.py:190} INFO - [2025-01-10T00:52:06.096+0000] {dag.py:4180} INFO - Setting next_dagrun for example_sensors to None, run_after=None
[2025-01-10T00:52:06.115+0000] {processor.py:208} INFO - Processing /home/airflow/.local/lib/python3.12/site-packages/airflow/example_dags/example_sensors.py took 0.076 seconds
[2025-01-10T00:52:37.555+0000] {processor.py:186} INFO - Started process (PID=1162) to work on /home/airflow/.local/lib/python3.12/site-packages/airflow/example_dags/example_sensors.py
[2025-01-10T00:52:37.556+0000] {processor.py:914} INFO - Processing file /home/airflow/.local/lib/python3.12/site-packages/airflow/example_dags/example_sensors.py for tasks to queue
[2025-01-10T00:52:37.558+0000] {logging_mixin.py:190} INFO - [2025-01-10T00:52:37.558+0000] {dagbag.py:588} INFO - Filling up the DagBag from /home/airflow/.local/lib/python3.12/site-packages/airflow/example_dags/example_sensors.py
[2025-01-10T00:52:37.570+0000] {processor.py:925} INFO - DAG(s) 'example_sensors' retrieved from /home/airflow/.local/lib/python3.12/site-packages/airflow/example_dags/example_sensors.py
[2025-01-10T00:52:37.594+0000] {logging_mixin.py:190} INFO - [2025-01-10T00:52:37.594+0000] {dag.py:3239} INFO - Sync 1 DAGs
[2025-01-10T00:52:37.607+0000] {logging_mixin.py:190} INFO - [2025-01-10T00:52:37.607+0000] {dag.py:4180} INFO - Setting next_dagrun for example_sensors to None, run_after=None
[2025-01-10T00:52:37.626+0000] {processor.py:208} INFO - Processing /home/airflow/.local/lib/python3.12/site-packages/airflow/example_dags/example_sensors.py took 0.077 seconds
[2025-01-10T00:53:08.797+0000] {processor.py:186} INFO - Started process (PID=1225) to work on /home/airflow/.local/lib/python3.12/site-packages/airflow/example_dags/example_sensors.py
[2025-01-10T00:53:08.798+0000] {processor.py:914} INFO - Processing file /home/airflow/.local/lib/python3.12/site-packages/airflow/example_dags/example_sensors.py for tasks to queue
[2025-01-10T00:53:08.800+0000] {logging_mixin.py:190} INFO - [2025-01-10T00:53:08.800+0000] {dagbag.py:588} INFO - Filling up the DagBag from /home/airflow/.local/lib/python3.12/site-packages/airflow/example_dags/example_sensors.py
[2025-01-10T00:53:08.811+0000] {processor.py:925} INFO - DAG(s) 'example_sensors' retrieved from /home/airflow/.local/lib/python3.12/site-packages/airflow/example_dags/example_sensors.py
[2025-01-10T00:53:08.836+0000] {logging_mixin.py:190} INFO - [2025-01-10T00:53:08.836+0000] {dag.py:3239} INFO - Sync 1 DAGs
[2025-01-10T00:53:08.850+0000] {logging_mixin.py:190} INFO - [2025-01-10T00:53:08.850+0000] {dag.py:4180} INFO - Setting next_dagrun for example_sensors to None, run_after=None
[2025-01-10T00:53:08.870+0000] {processor.py:208} INFO - Processing /home/airflow/.local/lib/python3.12/site-packages/airflow/example_dags/example_sensors.py took 0.078 seconds
[2025-01-10T00:53:39.982+0000] {processor.py:186} INFO - Started process (PID=1288) to work on /home/airflow/.local/lib/python3.12/site-packages/airflow/example_dags/example_sensors.py
[2025-01-10T00:53:39.983+0000] {processor.py:914} INFO - Processing file /home/airflow/.local/lib/python3.12/site-packages/airflow/example_dags/example_sensors.py for tasks to queue
[2025-01-10T00:53:39.985+0000] {logging_mixin.py:190} INFO - [2025-01-10T00:53:39.985+0000] {dagbag.py:588} INFO - Filling up the DagBag from /home/airflow/.local/lib/python3.12/site-packages/airflow/example_dags/example_sensors.py
[2025-01-10T00:53:39.999+0000] {processor.py:925} INFO - DAG(s) 'example_sensors' retrieved from /home/airflow/.local/lib/python3.12/site-packages/airflow/example_dags/example_sensors.py
[2025-01-10T00:53:40.032+0000] {logging_mixin.py:190} INFO - [2025-01-10T00:53:40.032+0000] {dag.py:3239} INFO - Sync 1 DAGs
[2025-01-10T00:53:40.060+0000] {logging_mixin.py:190} INFO - [2025-01-10T00:53:40.060+0000] {dag.py:4180} INFO - Setting next_dagrun for example_sensors to None, run_after=None
[2025-01-10T00:53:40.091+0000] {processor.py:208} INFO - Processing /home/airflow/.local/lib/python3.12/site-packages/airflow/example_dags/example_sensors.py took 0.116 seconds
[2025-01-10T00:54:11.121+0000] {processor.py:186} INFO - Started process (PID=1352) to work on /home/airflow/.local/lib/python3.12/site-packages/airflow/example_dags/example_sensors.py
[2025-01-10T00:54:11.122+0000] {processor.py:914} INFO - Processing file /home/airflow/.local/lib/python3.12/site-packages/airflow/example_dags/example_sensors.py for tasks to queue
[2025-01-10T00:54:11.124+0000] {logging_mixin.py:190} INFO - [2025-01-10T00:54:11.124+0000] {dagbag.py:588} INFO - Filling up the DagBag from /home/airflow/.local/lib/python3.12/site-packages/airflow/example_dags/example_sensors.py
[2025-01-10T00:54:11.140+0000] {processor.py:925} INFO - DAG(s) 'example_sensors' retrieved from /home/airflow/.local/lib/python3.12/site-packages/airflow/example_dags/example_sensors.py
[2025-01-10T00:54:11.170+0000] {logging_mixin.py:190} INFO - [2025-01-10T00:54:11.170+0000] {dag.py:3239} INFO - Sync 1 DAGs
[2025-01-10T00:54:11.187+0000] {logging_mixin.py:190} INFO - [2025-01-10T00:54:11.186+0000] {dag.py:4180} INFO - Setting next_dagrun for example_sensors to None, run_after=None
[2025-01-10T00:54:11.212+0000] {processor.py:208} INFO - Processing /home/airflow/.local/lib/python3.12/site-packages/airflow/example_dags/example_sensors.py took 0.098 seconds
[2025-01-10T00:54:42.362+0000] {processor.py:186} INFO - Started process (PID=1421) to work on /home/airflow/.local/lib/python3.12/site-packages/airflow/example_dags/example_sensors.py
[2025-01-10T00:54:42.363+0000] {processor.py:914} INFO - Processing file /home/airflow/.local/lib/python3.12/site-packages/airflow/example_dags/example_sensors.py for tasks to queue
[2025-01-10T00:54:42.365+0000] {logging_mixin.py:190} INFO - [2025-01-10T00:54:42.364+0000] {dagbag.py:588} INFO - Filling up the DagBag from /home/airflow/.local/lib/python3.12/site-packages/airflow/example_dags/example_sensors.py
[2025-01-10T00:54:42.375+0000] {processor.py:925} INFO - DAG(s) 'example_sensors' retrieved from /home/airflow/.local/lib/python3.12/site-packages/airflow/example_dags/example_sensors.py
[2025-01-10T00:54:42.401+0000] {logging_mixin.py:190} INFO - [2025-01-10T00:54:42.401+0000] {dag.py:3239} INFO - Sync 1 DAGs
[2025-01-10T00:54:42.414+0000] {logging_mixin.py:190} INFO - [2025-01-10T00:54:42.414+0000] {dag.py:4180} INFO - Setting next_dagrun for example_sensors to None, run_after=None
[2025-01-10T00:54:42.433+0000] {processor.py:208} INFO - Processing /home/airflow/.local/lib/python3.12/site-packages/airflow/example_dags/example_sensors.py took 0.077 seconds
[2025-01-10T00:55:13.508+0000] {processor.py:186} INFO - Started process (PID=1484) to work on /home/airflow/.local/lib/python3.12/site-packages/airflow/example_dags/example_sensors.py
[2025-01-10T00:55:13.509+0000] {processor.py:914} INFO - Processing file /home/airflow/.local/lib/python3.12/site-packages/airflow/example_dags/example_sensors.py for tasks to queue
[2025-01-10T00:55:13.511+0000] {logging_mixin.py:190} INFO - [2025-01-10T00:55:13.511+0000] {dagbag.py:588} INFO - Filling up the DagBag from /home/airflow/.local/lib/python3.12/site-packages/airflow/example_dags/example_sensors.py
[2025-01-10T00:55:13.529+0000] {processor.py:925} INFO - DAG(s) 'example_sensors' retrieved from /home/airflow/.local/lib/python3.12/site-packages/airflow/example_dags/example_sensors.py
[2025-01-10T00:55:13.557+0000] {logging_mixin.py:190} INFO - [2025-01-10T00:55:13.556+0000] {dag.py:3239} INFO - Sync 1 DAGs
[2025-01-10T00:55:13.573+0000] {logging_mixin.py:190} INFO - [2025-01-10T00:55:13.573+0000] {dag.py:4180} INFO - Setting next_dagrun for example_sensors to None, run_after=None
[2025-01-10T00:55:13.593+0000] {processor.py:208} INFO - Processing /home/airflow/.local/lib/python3.12/site-packages/airflow/example_dags/example_sensors.py took 0.091 seconds
[2025-01-10T00:55:44.692+0000] {processor.py:186} INFO - Started process (PID=1547) to work on /home/airflow/.local/lib/python3.12/site-packages/airflow/example_dags/example_sensors.py
[2025-01-10T00:55:44.693+0000] {processor.py:914} INFO - Processing file /home/airflow/.local/lib/python3.12/site-packages/airflow/example_dags/example_sensors.py for tasks to queue
[2025-01-10T00:55:44.695+0000] {logging_mixin.py:190} INFO - [2025-01-10T00:55:44.695+0000] {dagbag.py:588} INFO - Filling up the DagBag from /home/airflow/.local/lib/python3.12/site-packages/airflow/example_dags/example_sensors.py
[2025-01-10T00:55:44.706+0000] {processor.py:925} INFO - DAG(s) 'example_sensors' retrieved from /home/airflow/.local/lib/python3.12/site-packages/airflow/example_dags/example_sensors.py
[2025-01-10T00:55:44.733+0000] {logging_mixin.py:190} INFO - [2025-01-10T00:55:44.733+0000] {dag.py:3239} INFO - Sync 1 DAGs
[2025-01-10T00:55:44.748+0000] {logging_mixin.py:190} INFO - [2025-01-10T00:55:44.747+0000] {dag.py:4180} INFO - Setting next_dagrun for example_sensors to None, run_after=None
[2025-01-10T00:55:44.766+0000] {processor.py:208} INFO - Processing /home/airflow/.local/lib/python3.12/site-packages/airflow/example_dags/example_sensors.py took 0.080 seconds
[2025-01-10T00:56:15.617+0000] {processor.py:186} INFO - Started process (PID=1610) to work on /home/airflow/.local/lib/python3.12/site-packages/airflow/example_dags/example_sensors.py
[2025-01-10T00:56:15.618+0000] {processor.py:914} INFO - Processing file /home/airflow/.local/lib/python3.12/site-packages/airflow/example_dags/example_sensors.py for tasks to queue
[2025-01-10T00:56:15.621+0000] {logging_mixin.py:190} INFO - [2025-01-10T00:56:15.620+0000] {dagbag.py:588} INFO - Filling up the DagBag from /home/airflow/.local/lib/python3.12/site-packages/airflow/example_dags/example_sensors.py
[2025-01-10T00:56:15.631+0000] {processor.py:925} INFO - DAG(s) 'example_sensors' retrieved from /home/airflow/.local/lib/python3.12/site-packages/airflow/example_dags/example_sensors.py
[2025-01-10T00:56:15.657+0000] {logging_mixin.py:190} INFO - [2025-01-10T00:56:15.657+0000] {dag.py:3239} INFO - Sync 1 DAGs
[2025-01-10T00:56:15.673+0000] {logging_mixin.py:190} INFO - [2025-01-10T00:56:15.672+0000] {dag.py:4180} INFO - Setting next_dagrun for example_sensors to None, run_after=None
[2025-01-10T00:56:15.694+0000] {processor.py:208} INFO - Processing /home/airflow/.local/lib/python3.12/site-packages/airflow/example_dags/example_sensors.py took 0.082 seconds
[2025-01-10T00:56:47.075+0000] {processor.py:186} INFO - Started process (PID=1673) to work on /home/airflow/.local/lib/python3.12/site-packages/airflow/example_dags/example_sensors.py
[2025-01-10T00:56:47.076+0000] {processor.py:914} INFO - Processing file /home/airflow/.local/lib/python3.12/site-packages/airflow/example_dags/example_sensors.py for tasks to queue
[2025-01-10T00:56:47.080+0000] {logging_mixin.py:190} INFO - [2025-01-10T00:56:47.079+0000] {dagbag.py:588} INFO - Filling up the DagBag from /home/airflow/.local/lib/python3.12/site-packages/airflow/example_dags/example_sensors.py
[2025-01-10T00:56:47.094+0000] {processor.py:925} INFO - DAG(s) 'example_sensors' retrieved from /home/airflow/.local/lib/python3.12/site-packages/airflow/example_dags/example_sensors.py
[2025-01-10T00:56:47.131+0000] {logging_mixin.py:190} INFO - [2025-01-10T00:56:47.131+0000] {dag.py:3239} INFO - Sync 1 DAGs
[2025-01-10T00:56:47.150+0000] {logging_mixin.py:190} INFO - [2025-01-10T00:56:47.150+0000] {dag.py:4180} INFO - Setting next_dagrun for example_sensors to None, run_after=None
[2025-01-10T00:56:47.175+0000] {processor.py:208} INFO - Processing /home/airflow/.local/lib/python3.12/site-packages/airflow/example_dags/example_sensors.py took 0.107 seconds
[2025-01-10T00:57:18.287+0000] {processor.py:186} INFO - Started process (PID=1736) to work on /home/airflow/.local/lib/python3.12/site-packages/airflow/example_dags/example_sensors.py
[2025-01-10T00:57:18.288+0000] {processor.py:914} INFO - Processing file /home/airflow/.local/lib/python3.12/site-packages/airflow/example_dags/example_sensors.py for tasks to queue
[2025-01-10T00:57:18.290+0000] {logging_mixin.py:190} INFO - [2025-01-10T00:57:18.290+0000] {dagbag.py:588} INFO - Filling up the DagBag from /home/airflow/.local/lib/python3.12/site-packages/airflow/example_dags/example_sensors.py
[2025-01-10T00:57:18.302+0000] {processor.py:925} INFO - DAG(s) 'example_sensors' retrieved from /home/airflow/.local/lib/python3.12/site-packages/airflow/example_dags/example_sensors.py
[2025-01-10T00:57:18.329+0000] {logging_mixin.py:190} INFO - [2025-01-10T00:57:18.329+0000] {dag.py:3239} INFO - Sync 1 DAGs
[2025-01-10T00:57:18.344+0000] {logging_mixin.py:190} INFO - [2025-01-10T00:57:18.344+0000] {dag.py:4180} INFO - Setting next_dagrun for example_sensors to None, run_after=None
[2025-01-10T00:57:18.364+0000] {processor.py:208} INFO - Processing /home/airflow/.local/lib/python3.12/site-packages/airflow/example_dags/example_sensors.py took 0.082 seconds
[2025-01-10T00:57:49.344+0000] {processor.py:186} INFO - Started process (PID=1800) to work on /home/airflow/.local/lib/python3.12/site-packages/airflow/example_dags/example_sensors.py
[2025-01-10T00:57:49.345+0000] {processor.py:914} INFO - Processing file /home/airflow/.local/lib/python3.12/site-packages/airflow/example_dags/example_sensors.py for tasks to queue
[2025-01-10T00:57:49.348+0000] {logging_mixin.py:190} INFO - [2025-01-10T00:57:49.347+0000] {dagbag.py:588} INFO - Filling up the DagBag from /home/airflow/.local/lib/python3.12/site-packages/airflow/example_dags/example_sensors.py
[2025-01-10T00:57:49.359+0000] {processor.py:925} INFO - DAG(s) 'example_sensors' retrieved from /home/airflow/.local/lib/python3.12/site-packages/airflow/example_dags/example_sensors.py
[2025-01-10T00:57:49.385+0000] {logging_mixin.py:190} INFO - [2025-01-10T00:57:49.385+0000] {dag.py:3239} INFO - Sync 1 DAGs
[2025-01-10T00:57:49.400+0000] {logging_mixin.py:190} INFO - [2025-01-10T00:57:49.400+0000] {dag.py:4180} INFO - Setting next_dagrun for example_sensors to None, run_after=None
[2025-01-10T00:57:49.421+0000] {processor.py:208} INFO - Processing /home/airflow/.local/lib/python3.12/site-packages/airflow/example_dags/example_sensors.py took 0.083 seconds
[2025-01-10T00:58:20.581+0000] {processor.py:186} INFO - Started process (PID=1863) to work on /home/airflow/.local/lib/python3.12/site-packages/airflow/example_dags/example_sensors.py
[2025-01-10T00:58:20.582+0000] {processor.py:914} INFO - Processing file /home/airflow/.local/lib/python3.12/site-packages/airflow/example_dags/example_sensors.py for tasks to queue
[2025-01-10T00:58:20.584+0000] {logging_mixin.py:190} INFO - [2025-01-10T00:58:20.584+0000] {dagbag.py:588} INFO - Filling up the DagBag from /home/airflow/.local/lib/python3.12/site-packages/airflow/example_dags/example_sensors.py
[2025-01-10T00:58:20.595+0000] {processor.py:925} INFO - DAG(s) 'example_sensors' retrieved from /home/airflow/.local/lib/python3.12/site-packages/airflow/example_dags/example_sensors.py
[2025-01-10T00:58:20.621+0000] {logging_mixin.py:190} INFO - [2025-01-10T00:58:20.621+0000] {dag.py:3239} INFO - Sync 1 DAGs
[2025-01-10T00:58:20.635+0000] {logging_mixin.py:190} INFO - [2025-01-10T00:58:20.635+0000] {dag.py:4180} INFO - Setting next_dagrun for example_sensors to None, run_after=None
[2025-01-10T00:58:20.658+0000] {processor.py:208} INFO - Processing /home/airflow/.local/lib/python3.12/site-packages/airflow/example_dags/example_sensors.py took 0.083 seconds
[2025-01-10T01:02:00.093+0000] {processor.py:186} INFO - Started process (PID=85) to work on /home/airflow/.local/lib/python3.12/site-packages/airflow/example_dags/example_sensors.py
[2025-01-10T01:02:00.098+0000] {processor.py:914} INFO - Processing file /home/airflow/.local/lib/python3.12/site-packages/airflow/example_dags/example_sensors.py for tasks to queue
[2025-01-10T01:02:00.116+0000] {logging_mixin.py:190} INFO - [2025-01-10T01:02:00.115+0000] {dagbag.py:588} INFO - Filling up the DagBag from /home/airflow/.local/lib/python3.12/site-packages/airflow/example_dags/example_sensors.py
[2025-01-10T01:02:00.157+0000] {processor.py:925} INFO - DAG(s) 'example_sensors' retrieved from /home/airflow/.local/lib/python3.12/site-packages/airflow/example_dags/example_sensors.py
[2025-01-10T01:02:00.243+0000] {logging_mixin.py:190} INFO - [2025-01-10T01:02:00.242+0000] {dag.py:3239} INFO - Sync 1 DAGs
[2025-01-10T01:02:00.292+0000] {logging_mixin.py:190} INFO - [2025-01-10T01:02:00.286+0000] {dag.py:4180} INFO - Setting next_dagrun for example_sensors to None, run_after=None
[2025-01-10T01:02:00.344+0000] {processor.py:208} INFO - Processing /home/airflow/.local/lib/python3.12/site-packages/airflow/example_dags/example_sensors.py took 0.267 seconds
[2025-01-10T01:02:30.843+0000] {processor.py:186} INFO - Started process (PID=148) to work on /home/airflow/.local/lib/python3.12/site-packages/airflow/example_dags/example_sensors.py
[2025-01-10T01:02:30.844+0000] {processor.py:914} INFO - Processing file /home/airflow/.local/lib/python3.12/site-packages/airflow/example_dags/example_sensors.py for tasks to queue
[2025-01-10T01:02:30.846+0000] {logging_mixin.py:190} INFO - [2025-01-10T01:02:30.846+0000] {dagbag.py:588} INFO - Filling up the DagBag from /home/airflow/.local/lib/python3.12/site-packages/airflow/example_dags/example_sensors.py
[2025-01-10T01:02:30.859+0000] {processor.py:925} INFO - DAG(s) 'example_sensors' retrieved from /home/airflow/.local/lib/python3.12/site-packages/airflow/example_dags/example_sensors.py
[2025-01-10T01:02:30.887+0000] {logging_mixin.py:190} INFO - [2025-01-10T01:02:30.887+0000] {dag.py:3239} INFO - Sync 1 DAGs
[2025-01-10T01:02:30.900+0000] {logging_mixin.py:190} INFO - [2025-01-10T01:02:30.900+0000] {dag.py:4180} INFO - Setting next_dagrun for example_sensors to None, run_after=None
[2025-01-10T01:02:30.921+0000] {processor.py:208} INFO - Processing /home/airflow/.local/lib/python3.12/site-packages/airflow/example_dags/example_sensors.py took 0.084 seconds
[2025-01-10T01:03:01.328+0000] {processor.py:186} INFO - Started process (PID=211) to work on /home/airflow/.local/lib/python3.12/site-packages/airflow/example_dags/example_sensors.py
[2025-01-10T01:03:01.333+0000] {processor.py:914} INFO - Processing file /home/airflow/.local/lib/python3.12/site-packages/airflow/example_dags/example_sensors.py for tasks to queue
[2025-01-10T01:03:01.337+0000] {logging_mixin.py:190} INFO - [2025-01-10T01:03:01.337+0000] {dagbag.py:588} INFO - Filling up the DagBag from /home/airflow/.local/lib/python3.12/site-packages/airflow/example_dags/example_sensors.py
[2025-01-10T01:03:01.357+0000] {processor.py:925} INFO - DAG(s) 'example_sensors' retrieved from /home/airflow/.local/lib/python3.12/site-packages/airflow/example_dags/example_sensors.py
[2025-01-10T01:03:01.397+0000] {logging_mixin.py:190} INFO - [2025-01-10T01:03:01.397+0000] {dag.py:3239} INFO - Sync 1 DAGs
[2025-01-10T01:03:01.417+0000] {logging_mixin.py:190} INFO - [2025-01-10T01:03:01.416+0000] {dag.py:4180} INFO - Setting next_dagrun for example_sensors to None, run_after=None
[2025-01-10T01:03:01.441+0000] {processor.py:208} INFO - Processing /home/airflow/.local/lib/python3.12/site-packages/airflow/example_dags/example_sensors.py took 0.121 seconds
[2025-01-10T01:03:32.650+0000] {processor.py:186} INFO - Started process (PID=274) to work on /home/airflow/.local/lib/python3.12/site-packages/airflow/example_dags/example_sensors.py
[2025-01-10T01:03:32.651+0000] {processor.py:914} INFO - Processing file /home/airflow/.local/lib/python3.12/site-packages/airflow/example_dags/example_sensors.py for tasks to queue
[2025-01-10T01:03:32.654+0000] {logging_mixin.py:190} INFO - [2025-01-10T01:03:32.654+0000] {dagbag.py:588} INFO - Filling up the DagBag from /home/airflow/.local/lib/python3.12/site-packages/airflow/example_dags/example_sensors.py
[2025-01-10T01:03:32.668+0000] {processor.py:925} INFO - DAG(s) 'example_sensors' retrieved from /home/airflow/.local/lib/python3.12/site-packages/airflow/example_dags/example_sensors.py
[2025-01-10T01:03:32.695+0000] {logging_mixin.py:190} INFO - [2025-01-10T01:03:32.695+0000] {dag.py:3239} INFO - Sync 1 DAGs
[2025-01-10T01:03:32.711+0000] {logging_mixin.py:190} INFO - [2025-01-10T01:03:32.711+0000] {dag.py:4180} INFO - Setting next_dagrun for example_sensors to None, run_after=None
[2025-01-10T01:03:32.736+0000] {processor.py:208} INFO - Processing /home/airflow/.local/lib/python3.12/site-packages/airflow/example_dags/example_sensors.py took 0.091 seconds
[2025-01-10T01:04:02.770+0000] {processor.py:186} INFO - Started process (PID=336) to work on /home/airflow/.local/lib/python3.12/site-packages/airflow/example_dags/example_sensors.py
[2025-01-10T01:04:02.771+0000] {processor.py:914} INFO - Processing file /home/airflow/.local/lib/python3.12/site-packages/airflow/example_dags/example_sensors.py for tasks to queue
[2025-01-10T01:04:02.773+0000] {logging_mixin.py:190} INFO - [2025-01-10T01:04:02.773+0000] {dagbag.py:588} INFO - Filling up the DagBag from /home/airflow/.local/lib/python3.12/site-packages/airflow/example_dags/example_sensors.py
[2025-01-10T01:04:02.784+0000] {processor.py:925} INFO - DAG(s) 'example_sensors' retrieved from /home/airflow/.local/lib/python3.12/site-packages/airflow/example_dags/example_sensors.py
[2025-01-10T01:04:02.808+0000] {logging_mixin.py:190} INFO - [2025-01-10T01:04:02.808+0000] {dag.py:3239} INFO - Sync 1 DAGs
[2025-01-10T01:04:02.821+0000] {logging_mixin.py:190} INFO - [2025-01-10T01:04:02.821+0000] {dag.py:4180} INFO - Setting next_dagrun for example_sensors to None, run_after=None
[2025-01-10T01:04:02.840+0000] {processor.py:208} INFO - Processing /home/airflow/.local/lib/python3.12/site-packages/airflow/example_dags/example_sensors.py took 0.075 seconds
[2025-01-10T01:04:33.540+0000] {processor.py:186} INFO - Started process (PID=399) to work on /home/airflow/.local/lib/python3.12/site-packages/airflow/example_dags/example_sensors.py
[2025-01-10T01:04:33.541+0000] {processor.py:914} INFO - Processing file /home/airflow/.local/lib/python3.12/site-packages/airflow/example_dags/example_sensors.py for tasks to queue
[2025-01-10T01:04:33.543+0000] {logging_mixin.py:190} INFO - [2025-01-10T01:04:33.542+0000] {dagbag.py:588} INFO - Filling up the DagBag from /home/airflow/.local/lib/python3.12/site-packages/airflow/example_dags/example_sensors.py
[2025-01-10T01:04:33.553+0000] {processor.py:925} INFO - DAG(s) 'example_sensors' retrieved from /home/airflow/.local/lib/python3.12/site-packages/airflow/example_dags/example_sensors.py
[2025-01-10T01:04:33.578+0000] {logging_mixin.py:190} INFO - [2025-01-10T01:04:33.578+0000] {dag.py:3239} INFO - Sync 1 DAGs
[2025-01-10T01:04:33.591+0000] {logging_mixin.py:190} INFO - [2025-01-10T01:04:33.591+0000] {dag.py:4180} INFO - Setting next_dagrun for example_sensors to None, run_after=None
[2025-01-10T01:04:33.621+0000] {processor.py:208} INFO - Processing /home/airflow/.local/lib/python3.12/site-packages/airflow/example_dags/example_sensors.py took 0.087 seconds
[2025-01-10T01:05:04.110+0000] {processor.py:186} INFO - Started process (PID=462) to work on /home/airflow/.local/lib/python3.12/site-packages/airflow/example_dags/example_sensors.py
[2025-01-10T01:05:04.111+0000] {processor.py:914} INFO - Processing file /home/airflow/.local/lib/python3.12/site-packages/airflow/example_dags/example_sensors.py for tasks to queue
[2025-01-10T01:05:04.114+0000] {logging_mixin.py:190} INFO - [2025-01-10T01:05:04.113+0000] {dagbag.py:588} INFO - Filling up the DagBag from /home/airflow/.local/lib/python3.12/site-packages/airflow/example_dags/example_sensors.py
[2025-01-10T01:05:04.124+0000] {processor.py:925} INFO - DAG(s) 'example_sensors' retrieved from /home/airflow/.local/lib/python3.12/site-packages/airflow/example_dags/example_sensors.py
[2025-01-10T01:05:04.146+0000] {logging_mixin.py:190} INFO - [2025-01-10T01:05:04.146+0000] {dag.py:3239} INFO - Sync 1 DAGs
[2025-01-10T01:05:04.160+0000] {logging_mixin.py:190} INFO - [2025-01-10T01:05:04.160+0000] {dag.py:4180} INFO - Setting next_dagrun for example_sensors to None, run_after=None
[2025-01-10T01:05:04.180+0000] {processor.py:208} INFO - Processing /home/airflow/.local/lib/python3.12/site-packages/airflow/example_dags/example_sensors.py took 0.075 seconds
[2025-01-10T01:05:34.512+0000] {processor.py:186} INFO - Started process (PID=524) to work on /home/airflow/.local/lib/python3.12/site-packages/airflow/example_dags/example_sensors.py
[2025-01-10T01:05:34.512+0000] {processor.py:914} INFO - Processing file /home/airflow/.local/lib/python3.12/site-packages/airflow/example_dags/example_sensors.py for tasks to queue
[2025-01-10T01:05:34.515+0000] {logging_mixin.py:190} INFO - [2025-01-10T01:05:34.514+0000] {dagbag.py:588} INFO - Filling up the DagBag from /home/airflow/.local/lib/python3.12/site-packages/airflow/example_dags/example_sensors.py
[2025-01-10T01:05:34.525+0000] {processor.py:925} INFO - DAG(s) 'example_sensors' retrieved from /home/airflow/.local/lib/python3.12/site-packages/airflow/example_dags/example_sensors.py
[2025-01-10T01:05:34.548+0000] {logging_mixin.py:190} INFO - [2025-01-10T01:05:34.548+0000] {dag.py:3239} INFO - Sync 1 DAGs
[2025-01-10T01:05:34.560+0000] {logging_mixin.py:190} INFO - [2025-01-10T01:05:34.560+0000] {dag.py:4180} INFO - Setting next_dagrun for example_sensors to None, run_after=None
[2025-01-10T01:05:34.579+0000] {processor.py:208} INFO - Processing /home/airflow/.local/lib/python3.12/site-packages/airflow/example_dags/example_sensors.py took 0.073 seconds
[2025-01-10T01:06:05.754+0000] {processor.py:186} INFO - Started process (PID=587) to work on /home/airflow/.local/lib/python3.12/site-packages/airflow/example_dags/example_sensors.py
[2025-01-10T01:06:05.755+0000] {processor.py:914} INFO - Processing file /home/airflow/.local/lib/python3.12/site-packages/airflow/example_dags/example_sensors.py for tasks to queue
[2025-01-10T01:06:05.757+0000] {logging_mixin.py:190} INFO - [2025-01-10T01:06:05.757+0000] {dagbag.py:588} INFO - Filling up the DagBag from /home/airflow/.local/lib/python3.12/site-packages/airflow/example_dags/example_sensors.py
[2025-01-10T01:06:05.770+0000] {processor.py:925} INFO - DAG(s) 'example_sensors' retrieved from /home/airflow/.local/lib/python3.12/site-packages/airflow/example_dags/example_sensors.py
[2025-01-10T01:06:05.793+0000] {logging_mixin.py:190} INFO - [2025-01-10T01:06:05.793+0000] {dag.py:3239} INFO - Sync 1 DAGs
[2025-01-10T01:06:05.807+0000] {logging_mixin.py:190} INFO - [2025-01-10T01:06:05.806+0000] {dag.py:4180} INFO - Setting next_dagrun for example_sensors to None, run_after=None
[2025-01-10T01:06:05.828+0000] {processor.py:208} INFO - Processing /home/airflow/.local/lib/python3.12/site-packages/airflow/example_dags/example_sensors.py took 0.079 seconds
[2025-01-10T01:06:36.741+0000] {processor.py:186} INFO - Started process (PID=650) to work on /home/airflow/.local/lib/python3.12/site-packages/airflow/example_dags/example_sensors.py
[2025-01-10T01:06:36.742+0000] {processor.py:914} INFO - Processing file /home/airflow/.local/lib/python3.12/site-packages/airflow/example_dags/example_sensors.py for tasks to queue
[2025-01-10T01:06:36.744+0000] {logging_mixin.py:190} INFO - [2025-01-10T01:06:36.744+0000] {dagbag.py:588} INFO - Filling up the DagBag from /home/airflow/.local/lib/python3.12/site-packages/airflow/example_dags/example_sensors.py
[2025-01-10T01:06:36.754+0000] {processor.py:925} INFO - DAG(s) 'example_sensors' retrieved from /home/airflow/.local/lib/python3.12/site-packages/airflow/example_dags/example_sensors.py
[2025-01-10T01:06:36.780+0000] {logging_mixin.py:190} INFO - [2025-01-10T01:06:36.780+0000] {dag.py:3239} INFO - Sync 1 DAGs
[2025-01-10T01:06:36.794+0000] {logging_mixin.py:190} INFO - [2025-01-10T01:06:36.794+0000] {dag.py:4180} INFO - Setting next_dagrun for example_sensors to None, run_after=None
[2025-01-10T01:06:36.812+0000] {processor.py:208} INFO - Processing /home/airflow/.local/lib/python3.12/site-packages/airflow/example_dags/example_sensors.py took 0.076 seconds
[2025-01-10T01:07:06.986+0000] {processor.py:186} INFO - Started process (PID=713) to work on /home/airflow/.local/lib/python3.12/site-packages/airflow/example_dags/example_sensors.py
[2025-01-10T01:07:06.986+0000] {processor.py:914} INFO - Processing file /home/airflow/.local/lib/python3.12/site-packages/airflow/example_dags/example_sensors.py for tasks to queue
[2025-01-10T01:07:06.989+0000] {logging_mixin.py:190} INFO - [2025-01-10T01:07:06.988+0000] {dagbag.py:588} INFO - Filling up the DagBag from /home/airflow/.local/lib/python3.12/site-packages/airflow/example_dags/example_sensors.py
[2025-01-10T01:07:06.998+0000] {processor.py:925} INFO - DAG(s) 'example_sensors' retrieved from /home/airflow/.local/lib/python3.12/site-packages/airflow/example_dags/example_sensors.py
[2025-01-10T01:07:07.022+0000] {logging_mixin.py:190} INFO - [2025-01-10T01:07:07.021+0000] {dag.py:3239} INFO - Sync 1 DAGs
[2025-01-10T01:07:07.035+0000] {logging_mixin.py:190} INFO - [2025-01-10T01:07:07.034+0000] {dag.py:4180} INFO - Setting next_dagrun for example_sensors to None, run_after=None
[2025-01-10T01:07:07.055+0000] {processor.py:208} INFO - Processing /home/airflow/.local/lib/python3.12/site-packages/airflow/example_dags/example_sensors.py took 0.075 seconds
[2025-01-10T01:07:38.108+0000] {processor.py:186} INFO - Started process (PID=776) to work on /home/airflow/.local/lib/python3.12/site-packages/airflow/example_dags/example_sensors.py
[2025-01-10T01:07:38.109+0000] {processor.py:914} INFO - Processing file /home/airflow/.local/lib/python3.12/site-packages/airflow/example_dags/example_sensors.py for tasks to queue
[2025-01-10T01:07:38.111+0000] {logging_mixin.py:190} INFO - [2025-01-10T01:07:38.111+0000] {dagbag.py:588} INFO - Filling up the DagBag from /home/airflow/.local/lib/python3.12/site-packages/airflow/example_dags/example_sensors.py
[2025-01-10T01:07:38.121+0000] {processor.py:925} INFO - DAG(s) 'example_sensors' retrieved from /home/airflow/.local/lib/python3.12/site-packages/airflow/example_dags/example_sensors.py
[2025-01-10T01:07:38.146+0000] {logging_mixin.py:190} INFO - [2025-01-10T01:07:38.146+0000] {dag.py:3239} INFO - Sync 1 DAGs
[2025-01-10T01:07:38.159+0000] {logging_mixin.py:190} INFO - [2025-01-10T01:07:38.159+0000] {dag.py:4180} INFO - Setting next_dagrun for example_sensors to None, run_after=None
[2025-01-10T01:07:38.180+0000] {processor.py:208} INFO - Processing /home/airflow/.local/lib/python3.12/site-packages/airflow/example_dags/example_sensors.py took 0.077 seconds
[2025-01-10T01:08:09.183+0000] {processor.py:186} INFO - Started process (PID=839) to work on /home/airflow/.local/lib/python3.12/site-packages/airflow/example_dags/example_sensors.py
[2025-01-10T01:08:09.185+0000] {processor.py:914} INFO - Processing file /home/airflow/.local/lib/python3.12/site-packages/airflow/example_dags/example_sensors.py for tasks to queue
[2025-01-10T01:08:09.188+0000] {logging_mixin.py:190} INFO - [2025-01-10T01:08:09.187+0000] {dagbag.py:588} INFO - Filling up the DagBag from /home/airflow/.local/lib/python3.12/site-packages/airflow/example_dags/example_sensors.py
[2025-01-10T01:08:09.206+0000] {processor.py:925} INFO - DAG(s) 'example_sensors' retrieved from /home/airflow/.local/lib/python3.12/site-packages/airflow/example_dags/example_sensors.py
[2025-01-10T01:08:09.244+0000] {logging_mixin.py:190} INFO - [2025-01-10T01:08:09.243+0000] {dag.py:3239} INFO - Sync 1 DAGs
[2025-01-10T01:08:09.267+0000] {logging_mixin.py:190} INFO - [2025-01-10T01:08:09.266+0000] {dag.py:4180} INFO - Setting next_dagrun for example_sensors to None, run_after=None
[2025-01-10T01:08:09.300+0000] {processor.py:208} INFO - Processing /home/airflow/.local/lib/python3.12/site-packages/airflow/example_dags/example_sensors.py took 0.126 seconds
[2025-01-10T01:08:39.522+0000] {processor.py:186} INFO - Started process (PID=901) to work on /home/airflow/.local/lib/python3.12/site-packages/airflow/example_dags/example_sensors.py
[2025-01-10T01:08:39.522+0000] {processor.py:914} INFO - Processing file /home/airflow/.local/lib/python3.12/site-packages/airflow/example_dags/example_sensors.py for tasks to queue
[2025-01-10T01:08:39.524+0000] {logging_mixin.py:190} INFO - [2025-01-10T01:08:39.524+0000] {dagbag.py:588} INFO - Filling up the DagBag from /home/airflow/.local/lib/python3.12/site-packages/airflow/example_dags/example_sensors.py
[2025-01-10T01:08:39.534+0000] {processor.py:925} INFO - DAG(s) 'example_sensors' retrieved from /home/airflow/.local/lib/python3.12/site-packages/airflow/example_dags/example_sensors.py
[2025-01-10T01:08:39.558+0000] {logging_mixin.py:190} INFO - [2025-01-10T01:08:39.558+0000] {dag.py:3239} INFO - Sync 1 DAGs
[2025-01-10T01:08:39.571+0000] {logging_mixin.py:190} INFO - [2025-01-10T01:08:39.571+0000] {dag.py:4180} INFO - Setting next_dagrun for example_sensors to None, run_after=None
[2025-01-10T01:08:39.591+0000] {processor.py:208} INFO - Processing /home/airflow/.local/lib/python3.12/site-packages/airflow/example_dags/example_sensors.py took 0.074 seconds
[2025-01-10T01:09:09.764+0000] {processor.py:186} INFO - Started process (PID=965) to work on /home/airflow/.local/lib/python3.12/site-packages/airflow/example_dags/example_sensors.py
[2025-01-10T01:09:09.765+0000] {processor.py:914} INFO - Processing file /home/airflow/.local/lib/python3.12/site-packages/airflow/example_dags/example_sensors.py for tasks to queue
[2025-01-10T01:09:09.767+0000] {logging_mixin.py:190} INFO - [2025-01-10T01:09:09.767+0000] {dagbag.py:588} INFO - Filling up the DagBag from /home/airflow/.local/lib/python3.12/site-packages/airflow/example_dags/example_sensors.py
[2025-01-10T01:09:09.778+0000] {processor.py:925} INFO - DAG(s) 'example_sensors' retrieved from /home/airflow/.local/lib/python3.12/site-packages/airflow/example_dags/example_sensors.py
[2025-01-10T01:09:09.805+0000] {logging_mixin.py:190} INFO - [2025-01-10T01:09:09.805+0000] {dag.py:3239} INFO - Sync 1 DAGs
[2025-01-10T01:09:09.819+0000] {logging_mixin.py:190} INFO - [2025-01-10T01:09:09.818+0000] {dag.py:4180} INFO - Setting next_dagrun for example_sensors to None, run_after=None
[2025-01-10T01:09:09.864+0000] {processor.py:208} INFO - Processing /home/airflow/.local/lib/python3.12/site-packages/airflow/example_dags/example_sensors.py took 0.106 seconds
[2025-01-10T01:09:40.363+0000] {processor.py:186} INFO - Started process (PID=1028) to work on /home/airflow/.local/lib/python3.12/site-packages/airflow/example_dags/example_sensors.py
[2025-01-10T01:09:40.365+0000] {processor.py:914} INFO - Processing file /home/airflow/.local/lib/python3.12/site-packages/airflow/example_dags/example_sensors.py for tasks to queue
[2025-01-10T01:09:40.368+0000] {logging_mixin.py:190} INFO - [2025-01-10T01:09:40.367+0000] {dagbag.py:588} INFO - Filling up the DagBag from /home/airflow/.local/lib/python3.12/site-packages/airflow/example_dags/example_sensors.py
[2025-01-10T01:09:40.380+0000] {processor.py:925} INFO - DAG(s) 'example_sensors' retrieved from /home/airflow/.local/lib/python3.12/site-packages/airflow/example_dags/example_sensors.py
[2025-01-10T01:09:40.409+0000] {logging_mixin.py:190} INFO - [2025-01-10T01:09:40.409+0000] {dag.py:3239} INFO - Sync 1 DAGs
[2025-01-10T01:09:40.430+0000] {logging_mixin.py:190} INFO - [2025-01-10T01:09:40.430+0000] {dag.py:4180} INFO - Setting next_dagrun for example_sensors to None, run_after=None
[2025-01-10T01:09:40.486+0000] {processor.py:208} INFO - Processing /home/airflow/.local/lib/python3.12/site-packages/airflow/example_dags/example_sensors.py took 0.128 seconds
[2025-01-10T01:10:10.604+0000] {processor.py:186} INFO - Started process (PID=1091) to work on /home/airflow/.local/lib/python3.12/site-packages/airflow/example_dags/example_sensors.py
[2025-01-10T01:10:10.604+0000] {processor.py:914} INFO - Processing file /home/airflow/.local/lib/python3.12/site-packages/airflow/example_dags/example_sensors.py for tasks to queue
[2025-01-10T01:10:10.607+0000] {logging_mixin.py:190} INFO - [2025-01-10T01:10:10.606+0000] {dagbag.py:588} INFO - Filling up the DagBag from /home/airflow/.local/lib/python3.12/site-packages/airflow/example_dags/example_sensors.py
[2025-01-10T01:10:10.619+0000] {processor.py:925} INFO - DAG(s) 'example_sensors' retrieved from /home/airflow/.local/lib/python3.12/site-packages/airflow/example_dags/example_sensors.py
[2025-01-10T01:10:10.646+0000] {logging_mixin.py:190} INFO - [2025-01-10T01:10:10.645+0000] {dag.py:3239} INFO - Sync 1 DAGs
[2025-01-10T01:10:10.663+0000] {logging_mixin.py:190} INFO - [2025-01-10T01:10:10.662+0000] {dag.py:4180} INFO - Setting next_dagrun for example_sensors to None, run_after=None
[2025-01-10T01:10:10.720+0000] {processor.py:208} INFO - Processing /home/airflow/.local/lib/python3.12/site-packages/airflow/example_dags/example_sensors.py took 0.121 seconds
[2025-01-10T01:10:40.913+0000] {processor.py:186} INFO - Started process (PID=1154) to work on /home/airflow/.local/lib/python3.12/site-packages/airflow/example_dags/example_sensors.py
[2025-01-10T01:10:40.915+0000] {processor.py:914} INFO - Processing file /home/airflow/.local/lib/python3.12/site-packages/airflow/example_dags/example_sensors.py for tasks to queue
[2025-01-10T01:10:40.919+0000] {logging_mixin.py:190} INFO - [2025-01-10T01:10:40.918+0000] {dagbag.py:588} INFO - Filling up the DagBag from /home/airflow/.local/lib/python3.12/site-packages/airflow/example_dags/example_sensors.py
[2025-01-10T01:10:40.932+0000] {processor.py:925} INFO - DAG(s) 'example_sensors' retrieved from /home/airflow/.local/lib/python3.12/site-packages/airflow/example_dags/example_sensors.py
[2025-01-10T01:10:40.958+0000] {logging_mixin.py:190} INFO - [2025-01-10T01:10:40.958+0000] {dag.py:3239} INFO - Sync 1 DAGs
[2025-01-10T01:10:40.971+0000] {logging_mixin.py:190} INFO - [2025-01-10T01:10:40.971+0000] {dag.py:4180} INFO - Setting next_dagrun for example_sensors to None, run_after=None
[2025-01-10T01:10:41.046+0000] {processor.py:208} INFO - Processing /home/airflow/.local/lib/python3.12/site-packages/airflow/example_dags/example_sensors.py took 0.138 seconds
[2025-01-10T01:11:11.154+0000] {processor.py:186} INFO - Started process (PID=1217) to work on /home/airflow/.local/lib/python3.12/site-packages/airflow/example_dags/example_sensors.py
[2025-01-10T01:11:11.155+0000] {processor.py:914} INFO - Processing file /home/airflow/.local/lib/python3.12/site-packages/airflow/example_dags/example_sensors.py for tasks to queue
[2025-01-10T01:11:11.157+0000] {logging_mixin.py:190} INFO - [2025-01-10T01:11:11.157+0000] {dagbag.py:588} INFO - Filling up the DagBag from /home/airflow/.local/lib/python3.12/site-packages/airflow/example_dags/example_sensors.py
[2025-01-10T01:11:11.169+0000] {processor.py:925} INFO - DAG(s) 'example_sensors' retrieved from /home/airflow/.local/lib/python3.12/site-packages/airflow/example_dags/example_sensors.py
[2025-01-10T01:11:11.193+0000] {logging_mixin.py:190} INFO - [2025-01-10T01:11:11.192+0000] {dag.py:3239} INFO - Sync 1 DAGs
[2025-01-10T01:11:11.205+0000] {logging_mixin.py:190} INFO - [2025-01-10T01:11:11.205+0000] {dag.py:4180} INFO - Setting next_dagrun for example_sensors to None, run_after=None
[2025-01-10T01:11:11.226+0000] {processor.py:208} INFO - Processing /home/airflow/.local/lib/python3.12/site-packages/airflow/example_dags/example_sensors.py took 0.079 seconds
[2025-01-10T01:11:42.027+0000] {processor.py:186} INFO - Started process (PID=1280) to work on /home/airflow/.local/lib/python3.12/site-packages/airflow/example_dags/example_sensors.py
[2025-01-10T01:11:42.029+0000] {processor.py:914} INFO - Processing file /home/airflow/.local/lib/python3.12/site-packages/airflow/example_dags/example_sensors.py for tasks to queue
[2025-01-10T01:11:42.037+0000] {logging_mixin.py:190} INFO - [2025-01-10T01:11:42.033+0000] {dagbag.py:588} INFO - Filling up the DagBag from /home/airflow/.local/lib/python3.12/site-packages/airflow/example_dags/example_sensors.py
[2025-01-10T01:11:42.071+0000] {processor.py:925} INFO - DAG(s) 'example_sensors' retrieved from /home/airflow/.local/lib/python3.12/site-packages/airflow/example_dags/example_sensors.py
[2025-01-10T01:11:42.113+0000] {logging_mixin.py:190} INFO - [2025-01-10T01:11:42.113+0000] {dag.py:3239} INFO - Sync 1 DAGs
[2025-01-10T01:11:42.137+0000] {logging_mixin.py:190} INFO - [2025-01-10T01:11:42.136+0000] {dag.py:4180} INFO - Setting next_dagrun for example_sensors to None, run_after=None
[2025-01-10T01:11:42.166+0000] {processor.py:208} INFO - Processing /home/airflow/.local/lib/python3.12/site-packages/airflow/example_dags/example_sensors.py took 0.150 seconds
[2025-01-10T01:12:12.285+0000] {processor.py:186} INFO - Started process (PID=1343) to work on /home/airflow/.local/lib/python3.12/site-packages/airflow/example_dags/example_sensors.py
[2025-01-10T01:12:12.287+0000] {processor.py:914} INFO - Processing file /home/airflow/.local/lib/python3.12/site-packages/airflow/example_dags/example_sensors.py for tasks to queue
[2025-01-10T01:12:12.289+0000] {logging_mixin.py:190} INFO - [2025-01-10T01:12:12.289+0000] {dagbag.py:588} INFO - Filling up the DagBag from /home/airflow/.local/lib/python3.12/site-packages/airflow/example_dags/example_sensors.py
[2025-01-10T01:12:12.300+0000] {processor.py:925} INFO - DAG(s) 'example_sensors' retrieved from /home/airflow/.local/lib/python3.12/site-packages/airflow/example_dags/example_sensors.py
[2025-01-10T01:12:12.329+0000] {logging_mixin.py:190} INFO - [2025-01-10T01:12:12.329+0000] {dag.py:3239} INFO - Sync 1 DAGs
[2025-01-10T01:12:12.349+0000] {logging_mixin.py:190} INFO - [2025-01-10T01:12:12.349+0000] {dag.py:4180} INFO - Setting next_dagrun for example_sensors to None, run_after=None
[2025-01-10T01:12:12.405+0000] {processor.py:208} INFO - Processing /home/airflow/.local/lib/python3.12/site-packages/airflow/example_dags/example_sensors.py took 0.125 seconds
[2025-01-10T01:12:42.926+0000] {processor.py:186} INFO - Started process (PID=1406) to work on /home/airflow/.local/lib/python3.12/site-packages/airflow/example_dags/example_sensors.py
[2025-01-10T01:12:42.927+0000] {processor.py:914} INFO - Processing file /home/airflow/.local/lib/python3.12/site-packages/airflow/example_dags/example_sensors.py for tasks to queue
[2025-01-10T01:12:42.931+0000] {logging_mixin.py:190} INFO - [2025-01-10T01:12:42.930+0000] {dagbag.py:588} INFO - Filling up the DagBag from /home/airflow/.local/lib/python3.12/site-packages/airflow/example_dags/example_sensors.py
[2025-01-10T01:12:42.946+0000] {processor.py:925} INFO - DAG(s) 'example_sensors' retrieved from /home/airflow/.local/lib/python3.12/site-packages/airflow/example_dags/example_sensors.py
[2025-01-10T01:12:42.977+0000] {logging_mixin.py:190} INFO - [2025-01-10T01:12:42.977+0000] {dag.py:3239} INFO - Sync 1 DAGs
[2025-01-10T01:12:42.995+0000] {logging_mixin.py:190} INFO - [2025-01-10T01:12:42.995+0000] {dag.py:4180} INFO - Setting next_dagrun for example_sensors to None, run_after=None
[2025-01-10T01:12:43.048+0000] {processor.py:208} INFO - Processing /home/airflow/.local/lib/python3.12/site-packages/airflow/example_dags/example_sensors.py took 0.130 seconds
[2025-01-10T01:13:13.656+0000] {processor.py:186} INFO - Started process (PID=1469) to work on /home/airflow/.local/lib/python3.12/site-packages/airflow/example_dags/example_sensors.py
[2025-01-10T01:13:13.657+0000] {processor.py:914} INFO - Processing file /home/airflow/.local/lib/python3.12/site-packages/airflow/example_dags/example_sensors.py for tasks to queue
[2025-01-10T01:13:13.661+0000] {logging_mixin.py:190} INFO - [2025-01-10T01:13:13.661+0000] {dagbag.py:588} INFO - Filling up the DagBag from /home/airflow/.local/lib/python3.12/site-packages/airflow/example_dags/example_sensors.py
[2025-01-10T01:13:13.671+0000] {processor.py:925} INFO - DAG(s) 'example_sensors' retrieved from /home/airflow/.local/lib/python3.12/site-packages/airflow/example_dags/example_sensors.py
[2025-01-10T01:13:13.696+0000] {logging_mixin.py:190} INFO - [2025-01-10T01:13:13.696+0000] {dag.py:3239} INFO - Sync 1 DAGs
[2025-01-10T01:13:13.715+0000] {logging_mixin.py:190} INFO - [2025-01-10T01:13:13.715+0000] {dag.py:4180} INFO - Setting next_dagrun for example_sensors to None, run_after=None
[2025-01-10T01:13:13.766+0000] {processor.py:208} INFO - Processing /home/airflow/.local/lib/python3.12/site-packages/airflow/example_dags/example_sensors.py took 0.117 seconds
[2025-01-10T01:13:43.836+0000] {processor.py:186} INFO - Started process (PID=1532) to work on /home/airflow/.local/lib/python3.12/site-packages/airflow/example_dags/example_sensors.py
[2025-01-10T01:13:43.838+0000] {processor.py:914} INFO - Processing file /home/airflow/.local/lib/python3.12/site-packages/airflow/example_dags/example_sensors.py for tasks to queue
[2025-01-10T01:13:43.842+0000] {logging_mixin.py:190} INFO - [2025-01-10T01:13:43.842+0000] {dagbag.py:588} INFO - Filling up the DagBag from /home/airflow/.local/lib/python3.12/site-packages/airflow/example_dags/example_sensors.py
[2025-01-10T01:13:43.858+0000] {processor.py:925} INFO - DAG(s) 'example_sensors' retrieved from /home/airflow/.local/lib/python3.12/site-packages/airflow/example_dags/example_sensors.py
[2025-01-10T01:13:43.894+0000] {logging_mixin.py:190} INFO - [2025-01-10T01:13:43.894+0000] {dag.py:3239} INFO - Sync 1 DAGs
[2025-01-10T01:13:43.916+0000] {logging_mixin.py:190} INFO - [2025-01-10T01:13:43.915+0000] {dag.py:4180} INFO - Setting next_dagrun for example_sensors to None, run_after=None
[2025-01-10T01:13:43.950+0000] {processor.py:208} INFO - Processing /home/airflow/.local/lib/python3.12/site-packages/airflow/example_dags/example_sensors.py took 0.121 seconds
[2025-01-10T01:14:14.162+0000] {processor.py:186} INFO - Started process (PID=1595) to work on /home/airflow/.local/lib/python3.12/site-packages/airflow/example_dags/example_sensors.py
[2025-01-10T01:14:14.163+0000] {processor.py:914} INFO - Processing file /home/airflow/.local/lib/python3.12/site-packages/airflow/example_dags/example_sensors.py for tasks to queue
[2025-01-10T01:14:14.167+0000] {logging_mixin.py:190} INFO - [2025-01-10T01:14:14.166+0000] {dagbag.py:588} INFO - Filling up the DagBag from /home/airflow/.local/lib/python3.12/site-packages/airflow/example_dags/example_sensors.py
[2025-01-10T01:14:14.183+0000] {processor.py:925} INFO - DAG(s) 'example_sensors' retrieved from /home/airflow/.local/lib/python3.12/site-packages/airflow/example_dags/example_sensors.py
[2025-01-10T01:14:14.232+0000] {logging_mixin.py:190} INFO - [2025-01-10T01:14:14.232+0000] {dag.py:3239} INFO - Sync 1 DAGs
[2025-01-10T01:14:14.264+0000] {logging_mixin.py:190} INFO - [2025-01-10T01:14:14.264+0000] {dag.py:4180} INFO - Setting next_dagrun for example_sensors to None, run_after=None
[2025-01-10T01:14:14.300+0000] {processor.py:208} INFO - Processing /home/airflow/.local/lib/python3.12/site-packages/airflow/example_dags/example_sensors.py took 0.146 seconds
[2025-01-10T01:14:44.899+0000] {processor.py:186} INFO - Started process (PID=1658) to work on /home/airflow/.local/lib/python3.12/site-packages/airflow/example_dags/example_sensors.py
[2025-01-10T01:14:44.900+0000] {processor.py:914} INFO - Processing file /home/airflow/.local/lib/python3.12/site-packages/airflow/example_dags/example_sensors.py for tasks to queue
[2025-01-10T01:14:44.902+0000] {logging_mixin.py:190} INFO - [2025-01-10T01:14:44.901+0000] {dagbag.py:588} INFO - Filling up the DagBag from /home/airflow/.local/lib/python3.12/site-packages/airflow/example_dags/example_sensors.py
[2025-01-10T01:14:44.912+0000] {processor.py:925} INFO - DAG(s) 'example_sensors' retrieved from /home/airflow/.local/lib/python3.12/site-packages/airflow/example_dags/example_sensors.py
[2025-01-10T01:14:44.936+0000] {logging_mixin.py:190} INFO - [2025-01-10T01:14:44.936+0000] {dag.py:3239} INFO - Sync 1 DAGs
[2025-01-10T01:14:44.952+0000] {logging_mixin.py:190} INFO - [2025-01-10T01:14:44.951+0000] {dag.py:4180} INFO - Setting next_dagrun for example_sensors to None, run_after=None
[2025-01-10T01:14:44.971+0000] {processor.py:208} INFO - Processing /home/airflow/.local/lib/python3.12/site-packages/airflow/example_dags/example_sensors.py took 0.077 seconds
[2025-01-10T01:15:15.689+0000] {processor.py:186} INFO - Started process (PID=1721) to work on /home/airflow/.local/lib/python3.12/site-packages/airflow/example_dags/example_sensors.py
[2025-01-10T01:15:15.691+0000] {processor.py:914} INFO - Processing file /home/airflow/.local/lib/python3.12/site-packages/airflow/example_dags/example_sensors.py for tasks to queue
[2025-01-10T01:15:15.696+0000] {logging_mixin.py:190} INFO - [2025-01-10T01:15:15.695+0000] {dagbag.py:588} INFO - Filling up the DagBag from /home/airflow/.local/lib/python3.12/site-packages/airflow/example_dags/example_sensors.py
[2025-01-10T01:15:15.714+0000] {processor.py:925} INFO - DAG(s) 'example_sensors' retrieved from /home/airflow/.local/lib/python3.12/site-packages/airflow/example_dags/example_sensors.py
[2025-01-10T01:15:15.752+0000] {logging_mixin.py:190} INFO - [2025-01-10T01:15:15.751+0000] {dag.py:3239} INFO - Sync 1 DAGs
[2025-01-10T01:15:15.773+0000] {logging_mixin.py:190} INFO - [2025-01-10T01:15:15.772+0000] {dag.py:4180} INFO - Setting next_dagrun for example_sensors to None, run_after=None
[2025-01-10T01:15:15.802+0000] {processor.py:208} INFO - Processing /home/airflow/.local/lib/python3.12/site-packages/airflow/example_dags/example_sensors.py took 0.122 seconds
[2025-01-10T01:15:46.398+0000] {processor.py:186} INFO - Started process (PID=1784) to work on /home/airflow/.local/lib/python3.12/site-packages/airflow/example_dags/example_sensors.py
[2025-01-10T01:15:46.399+0000] {processor.py:914} INFO - Processing file /home/airflow/.local/lib/python3.12/site-packages/airflow/example_dags/example_sensors.py for tasks to queue
[2025-01-10T01:15:46.402+0000] {logging_mixin.py:190} INFO - [2025-01-10T01:15:46.402+0000] {dagbag.py:588} INFO - Filling up the DagBag from /home/airflow/.local/lib/python3.12/site-packages/airflow/example_dags/example_sensors.py
[2025-01-10T01:15:46.418+0000] {processor.py:925} INFO - DAG(s) 'example_sensors' retrieved from /home/airflow/.local/lib/python3.12/site-packages/airflow/example_dags/example_sensors.py
[2025-01-10T01:15:46.453+0000] {logging_mixin.py:190} INFO - [2025-01-10T01:15:46.452+0000] {dag.py:3239} INFO - Sync 1 DAGs
[2025-01-10T01:15:46.472+0000] {logging_mixin.py:190} INFO - [2025-01-10T01:15:46.471+0000] {dag.py:4180} INFO - Setting next_dagrun for example_sensors to None, run_after=None
[2025-01-10T01:15:46.498+0000] {processor.py:208} INFO - Processing /home/airflow/.local/lib/python3.12/site-packages/airflow/example_dags/example_sensors.py took 0.108 seconds
[2025-01-10T01:16:17.314+0000] {processor.py:186} INFO - Started process (PID=1847) to work on /home/airflow/.local/lib/python3.12/site-packages/airflow/example_dags/example_sensors.py
[2025-01-10T01:16:17.315+0000] {processor.py:914} INFO - Processing file /home/airflow/.local/lib/python3.12/site-packages/airflow/example_dags/example_sensors.py for tasks to queue
[2025-01-10T01:16:17.318+0000] {logging_mixin.py:190} INFO - [2025-01-10T01:16:17.317+0000] {dagbag.py:588} INFO - Filling up the DagBag from /home/airflow/.local/lib/python3.12/site-packages/airflow/example_dags/example_sensors.py
[2025-01-10T01:16:17.337+0000] {processor.py:925} INFO - DAG(s) 'example_sensors' retrieved from /home/airflow/.local/lib/python3.12/site-packages/airflow/example_dags/example_sensors.py
[2025-01-10T01:16:17.365+0000] {logging_mixin.py:190} INFO - [2025-01-10T01:16:17.365+0000] {dag.py:3239} INFO - Sync 1 DAGs
[2025-01-10T01:16:17.381+0000] {logging_mixin.py:190} INFO - [2025-01-10T01:16:17.381+0000] {dag.py:4180} INFO - Setting next_dagrun for example_sensors to None, run_after=None
[2025-01-10T01:16:17.406+0000] {processor.py:208} INFO - Processing /home/airflow/.local/lib/python3.12/site-packages/airflow/example_dags/example_sensors.py took 0.097 seconds
[2025-01-10T01:16:47.639+0000] {processor.py:186} INFO - Started process (PID=1910) to work on /home/airflow/.local/lib/python3.12/site-packages/airflow/example_dags/example_sensors.py
[2025-01-10T01:16:47.640+0000] {processor.py:914} INFO - Processing file /home/airflow/.local/lib/python3.12/site-packages/airflow/example_dags/example_sensors.py for tasks to queue
[2025-01-10T01:16:47.642+0000] {logging_mixin.py:190} INFO - [2025-01-10T01:16:47.642+0000] {dagbag.py:588} INFO - Filling up the DagBag from /home/airflow/.local/lib/python3.12/site-packages/airflow/example_dags/example_sensors.py
[2025-01-10T01:16:47.653+0000] {processor.py:925} INFO - DAG(s) 'example_sensors' retrieved from /home/airflow/.local/lib/python3.12/site-packages/airflow/example_dags/example_sensors.py
[2025-01-10T01:16:47.680+0000] {logging_mixin.py:190} INFO - [2025-01-10T01:16:47.680+0000] {dag.py:3239} INFO - Sync 1 DAGs
[2025-01-10T01:16:47.694+0000] {logging_mixin.py:190} INFO - [2025-01-10T01:16:47.694+0000] {dag.py:4180} INFO - Setting next_dagrun for example_sensors to None, run_after=None
[2025-01-10T01:16:47.715+0000] {processor.py:208} INFO - Processing /home/airflow/.local/lib/python3.12/site-packages/airflow/example_dags/example_sensors.py took 0.083 seconds
