[2025-01-10T00:43:54.741+0000] {processor.py:186} INFO - Started process (PID=110) to work on /home/airflow/.local/lib/python3.12/site-packages/airflow/example_dags/example_sla_dag.py
[2025-01-10T00:43:54.745+0000] {processor.py:914} INFO - Processing file /home/airflow/.local/lib/python3.12/site-packages/airflow/example_dags/example_sla_dag.py for tasks to queue
[2025-01-10T00:43:54.749+0000] {logging_mixin.py:190} INFO - [2025-01-10T00:43:54.749+0000] {dagbag.py:588} INFO - Filling up the DagBag from /home/airflow/.local/lib/python3.12/site-packages/airflow/example_dags/example_sla_dag.py
[2025-01-10T00:43:54.770+0000] {processor.py:925} INFO - DAG(s) 'example_sla_dag' retrieved from /home/airflow/.local/lib/python3.12/site-packages/airflow/example_dags/example_sla_dag.py
[2025-01-10T00:43:54.891+0000] {logging_mixin.py:190} INFO - [2025-01-10T00:43:54.891+0000] {override.py:1911} INFO - Created Permission View: can delete on DAG:example_sla_dag
[2025-01-10T00:43:54.906+0000] {logging_mixin.py:190} INFO - [2025-01-10T00:43:54.905+0000] {override.py:1911} INFO - Created Permission View: can read on DAG:example_sla_dag
[2025-01-10T00:43:54.915+0000] {logging_mixin.py:190} INFO - [2025-01-10T00:43:54.915+0000] {override.py:1911} INFO - Created Permission View: can edit on DAG:example_sla_dag
[2025-01-10T00:43:54.929+0000] {logging_mixin.py:190} INFO - [2025-01-10T00:43:54.929+0000] {override.py:1911} INFO - Created Permission View: can delete on DAG Run:example_sla_dag
[2025-01-10T00:43:54.941+0000] {logging_mixin.py:190} INFO - [2025-01-10T00:43:54.941+0000] {override.py:1911} INFO - Created Permission View: can read on DAG Run:example_sla_dag
[2025-01-10T00:43:54.951+0000] {logging_mixin.py:190} INFO - [2025-01-10T00:43:54.951+0000] {override.py:1911} INFO - Created Permission View: can create on DAG Run:example_sla_dag
[2025-01-10T00:43:54.961+0000] {logging_mixin.py:190} INFO - [2025-01-10T00:43:54.961+0000] {override.py:1911} INFO - Created Permission View: menu access on DAG Run:example_sla_dag
[2025-01-10T00:43:54.962+0000] {logging_mixin.py:190} INFO - [2025-01-10T00:43:54.962+0000] {dag.py:3239} INFO - Sync 1 DAGs
[2025-01-10T00:43:54.976+0000] {logging_mixin.py:190} INFO - [2025-01-10T00:43:54.976+0000] {dag.py:3262} INFO - Creating ORM DAG for example_sla_dag
[2025-01-10T00:43:54.996+0000] {logging_mixin.py:190} INFO - [2025-01-10T00:43:54.996+0000] {dag.py:4180} INFO - Setting next_dagrun for example_sla_dag to 2025-01-10 00:40:00+00:00, run_after=2025-01-10 00:42:00+00:00
[2025-01-10T00:43:55.021+0000] {processor.py:208} INFO - Processing /home/airflow/.local/lib/python3.12/site-packages/airflow/example_dags/example_sla_dag.py took 0.292 seconds
[2025-01-10T00:44:25.217+0000] {processor.py:186} INFO - Started process (PID=173) to work on /home/airflow/.local/lib/python3.12/site-packages/airflow/example_dags/example_sla_dag.py
[2025-01-10T00:44:25.218+0000] {processor.py:914} INFO - Processing file /home/airflow/.local/lib/python3.12/site-packages/airflow/example_dags/example_sla_dag.py for tasks to queue
[2025-01-10T00:44:25.221+0000] {logging_mixin.py:190} INFO - [2025-01-10T00:44:25.221+0000] {dagbag.py:588} INFO - Filling up the DagBag from /home/airflow/.local/lib/python3.12/site-packages/airflow/example_dags/example_sla_dag.py
[2025-01-10T00:44:25.238+0000] {processor.py:925} INFO - DAG(s) 'example_sla_dag' retrieved from /home/airflow/.local/lib/python3.12/site-packages/airflow/example_dags/example_sla_dag.py
[2025-01-10T00:44:25.262+0000] {logging_mixin.py:190} INFO - [2025-01-10T00:44:25.262+0000] {dag.py:3239} INFO - Sync 1 DAGs
[2025-01-10T00:44:25.304+0000] {logging_mixin.py:190} INFO - [2025-01-10T00:44:25.304+0000] {dag.py:4180} INFO - Setting next_dagrun for example_sla_dag to 2025-01-10 00:42:00+00:00, run_after=2025-01-10 00:44:00+00:00
[2025-01-10T00:44:25.335+0000] {processor.py:208} INFO - Processing /home/airflow/.local/lib/python3.12/site-packages/airflow/example_dags/example_sla_dag.py took 0.129 seconds
[2025-01-10T00:44:55.769+0000] {processor.py:186} INFO - Started process (PID=235) to work on /home/airflow/.local/lib/python3.12/site-packages/airflow/example_dags/example_sla_dag.py
[2025-01-10T00:44:55.770+0000] {processor.py:914} INFO - Processing file /home/airflow/.local/lib/python3.12/site-packages/airflow/example_dags/example_sla_dag.py for tasks to queue
[2025-01-10T00:44:55.772+0000] {logging_mixin.py:190} INFO - [2025-01-10T00:44:55.772+0000] {dagbag.py:588} INFO - Filling up the DagBag from /home/airflow/.local/lib/python3.12/site-packages/airflow/example_dags/example_sla_dag.py
[2025-01-10T00:44:55.783+0000] {processor.py:925} INFO - DAG(s) 'example_sla_dag' retrieved from /home/airflow/.local/lib/python3.12/site-packages/airflow/example_dags/example_sla_dag.py
[2025-01-10T00:44:55.803+0000] {logging_mixin.py:190} INFO - [2025-01-10T00:44:55.802+0000] {dag.py:3239} INFO - Sync 1 DAGs
[2025-01-10T00:44:55.831+0000] {logging_mixin.py:190} INFO - [2025-01-10T00:44:55.830+0000] {dag.py:4180} INFO - Setting next_dagrun for example_sla_dag to 2025-01-10 00:42:00+00:00, run_after=2025-01-10 00:44:00+00:00
[2025-01-10T00:44:55.852+0000] {processor.py:208} INFO - Processing /home/airflow/.local/lib/python3.12/site-packages/airflow/example_dags/example_sla_dag.py took 0.089 seconds
[2025-01-10T00:45:26.539+0000] {processor.py:186} INFO - Started process (PID=298) to work on /home/airflow/.local/lib/python3.12/site-packages/airflow/example_dags/example_sla_dag.py
[2025-01-10T00:45:26.540+0000] {processor.py:914} INFO - Processing file /home/airflow/.local/lib/python3.12/site-packages/airflow/example_dags/example_sla_dag.py for tasks to queue
[2025-01-10T00:45:26.548+0000] {logging_mixin.py:190} INFO - [2025-01-10T00:45:26.546+0000] {dagbag.py:588} INFO - Filling up the DagBag from /home/airflow/.local/lib/python3.12/site-packages/airflow/example_dags/example_sla_dag.py
[2025-01-10T00:45:26.565+0000] {processor.py:925} INFO - DAG(s) 'example_sla_dag' retrieved from /home/airflow/.local/lib/python3.12/site-packages/airflow/example_dags/example_sla_dag.py
[2025-01-10T00:45:26.601+0000] {logging_mixin.py:190} INFO - [2025-01-10T00:45:26.600+0000] {dag.py:3239} INFO - Sync 1 DAGs
[2025-01-10T00:45:26.653+0000] {logging_mixin.py:190} INFO - [2025-01-10T00:45:26.652+0000] {dag.py:4180} INFO - Setting next_dagrun for example_sla_dag to 2025-01-10 00:42:00+00:00, run_after=2025-01-10 00:44:00+00:00
[2025-01-10T00:45:26.695+0000] {processor.py:208} INFO - Processing /home/airflow/.local/lib/python3.12/site-packages/airflow/example_dags/example_sla_dag.py took 0.176 seconds
[2025-01-10T00:45:57.979+0000] {processor.py:186} INFO - Started process (PID=361) to work on /home/airflow/.local/lib/python3.12/site-packages/airflow/example_dags/example_sla_dag.py
[2025-01-10T00:45:57.981+0000] {processor.py:914} INFO - Processing file /home/airflow/.local/lib/python3.12/site-packages/airflow/example_dags/example_sla_dag.py for tasks to queue
[2025-01-10T00:45:57.985+0000] {logging_mixin.py:190} INFO - [2025-01-10T00:45:57.984+0000] {dagbag.py:588} INFO - Filling up the DagBag from /home/airflow/.local/lib/python3.12/site-packages/airflow/example_dags/example_sla_dag.py
[2025-01-10T00:45:58.003+0000] {processor.py:925} INFO - DAG(s) 'example_sla_dag' retrieved from /home/airflow/.local/lib/python3.12/site-packages/airflow/example_dags/example_sla_dag.py
[2025-01-10T00:45:58.034+0000] {logging_mixin.py:190} INFO - [2025-01-10T00:45:58.034+0000] {dag.py:3239} INFO - Sync 1 DAGs
[2025-01-10T00:45:58.096+0000] {logging_mixin.py:190} INFO - [2025-01-10T00:45:58.096+0000] {dag.py:4180} INFO - Setting next_dagrun for example_sla_dag to 2025-01-10 00:42:00+00:00, run_after=2025-01-10 00:44:00+00:00
[2025-01-10T00:45:58.124+0000] {processor.py:208} INFO - Processing /home/airflow/.local/lib/python3.12/site-packages/airflow/example_dags/example_sla_dag.py took 0.156 seconds
[2025-01-10T00:46:29.382+0000] {processor.py:186} INFO - Started process (PID=424) to work on /home/airflow/.local/lib/python3.12/site-packages/airflow/example_dags/example_sla_dag.py
[2025-01-10T00:46:29.383+0000] {processor.py:914} INFO - Processing file /home/airflow/.local/lib/python3.12/site-packages/airflow/example_dags/example_sla_dag.py for tasks to queue
[2025-01-10T00:46:29.386+0000] {logging_mixin.py:190} INFO - [2025-01-10T00:46:29.386+0000] {dagbag.py:588} INFO - Filling up the DagBag from /home/airflow/.local/lib/python3.12/site-packages/airflow/example_dags/example_sla_dag.py
[2025-01-10T00:46:29.396+0000] {processor.py:925} INFO - DAG(s) 'example_sla_dag' retrieved from /home/airflow/.local/lib/python3.12/site-packages/airflow/example_dags/example_sla_dag.py
[2025-01-10T00:46:29.414+0000] {logging_mixin.py:190} INFO - [2025-01-10T00:46:29.414+0000] {dag.py:3239} INFO - Sync 1 DAGs
[2025-01-10T00:46:29.437+0000] {logging_mixin.py:190} INFO - [2025-01-10T00:46:29.437+0000] {dag.py:4180} INFO - Setting next_dagrun for example_sla_dag to 2025-01-10 00:44:00+00:00, run_after=2025-01-10 00:46:00+00:00
[2025-01-10T00:46:29.458+0000] {processor.py:208} INFO - Processing /home/airflow/.local/lib/python3.12/site-packages/airflow/example_dags/example_sla_dag.py took 0.081 seconds
[2025-01-10T00:47:00.683+0000] {processor.py:186} INFO - Started process (PID=487) to work on /home/airflow/.local/lib/python3.12/site-packages/airflow/example_dags/example_sla_dag.py
[2025-01-10T00:47:00.684+0000] {processor.py:914} INFO - Processing file /home/airflow/.local/lib/python3.12/site-packages/airflow/example_dags/example_sla_dag.py for tasks to queue
[2025-01-10T00:47:00.686+0000] {logging_mixin.py:190} INFO - [2025-01-10T00:47:00.686+0000] {dagbag.py:588} INFO - Filling up the DagBag from /home/airflow/.local/lib/python3.12/site-packages/airflow/example_dags/example_sla_dag.py
[2025-01-10T00:47:00.697+0000] {processor.py:925} INFO - DAG(s) 'example_sla_dag' retrieved from /home/airflow/.local/lib/python3.12/site-packages/airflow/example_dags/example_sla_dag.py
[2025-01-10T00:47:00.715+0000] {logging_mixin.py:190} INFO - [2025-01-10T00:47:00.715+0000] {dag.py:3239} INFO - Sync 1 DAGs
[2025-01-10T00:47:00.745+0000] {logging_mixin.py:190} INFO - [2025-01-10T00:47:00.744+0000] {dag.py:4180} INFO - Setting next_dagrun for example_sla_dag to 2025-01-10 00:44:00+00:00, run_after=2025-01-10 00:46:00+00:00
[2025-01-10T00:47:00.770+0000] {processor.py:208} INFO - Processing /home/airflow/.local/lib/python3.12/site-packages/airflow/example_dags/example_sla_dag.py took 0.093 seconds
[2025-01-10T00:47:31.900+0000] {processor.py:186} INFO - Started process (PID=550) to work on /home/airflow/.local/lib/python3.12/site-packages/airflow/example_dags/example_sla_dag.py
[2025-01-10T00:47:31.902+0000] {processor.py:914} INFO - Processing file /home/airflow/.local/lib/python3.12/site-packages/airflow/example_dags/example_sla_dag.py for tasks to queue
[2025-01-10T00:47:31.905+0000] {logging_mixin.py:190} INFO - [2025-01-10T00:47:31.904+0000] {dagbag.py:588} INFO - Filling up the DagBag from /home/airflow/.local/lib/python3.12/site-packages/airflow/example_dags/example_sla_dag.py
[2025-01-10T00:47:31.918+0000] {processor.py:925} INFO - DAG(s) 'example_sla_dag' retrieved from /home/airflow/.local/lib/python3.12/site-packages/airflow/example_dags/example_sla_dag.py
[2025-01-10T00:47:31.939+0000] {logging_mixin.py:190} INFO - [2025-01-10T00:47:31.939+0000] {dag.py:3239} INFO - Sync 1 DAGs
[2025-01-10T00:47:31.967+0000] {logging_mixin.py:190} INFO - [2025-01-10T00:47:31.966+0000] {dag.py:4180} INFO - Setting next_dagrun for example_sla_dag to 2025-01-10 00:44:00+00:00, run_after=2025-01-10 00:46:00+00:00
[2025-01-10T00:47:31.986+0000] {processor.py:208} INFO - Processing /home/airflow/.local/lib/python3.12/site-packages/airflow/example_dags/example_sla_dag.py took 0.093 seconds
[2025-01-10T00:48:02.782+0000] {processor.py:186} INFO - Started process (PID=613) to work on /home/airflow/.local/lib/python3.12/site-packages/airflow/example_dags/example_sla_dag.py
[2025-01-10T00:48:02.783+0000] {processor.py:914} INFO - Processing file /home/airflow/.local/lib/python3.12/site-packages/airflow/example_dags/example_sla_dag.py for tasks to queue
[2025-01-10T00:48:02.785+0000] {logging_mixin.py:190} INFO - [2025-01-10T00:48:02.785+0000] {dagbag.py:588} INFO - Filling up the DagBag from /home/airflow/.local/lib/python3.12/site-packages/airflow/example_dags/example_sla_dag.py
[2025-01-10T00:48:02.793+0000] {processor.py:925} INFO - DAG(s) 'example_sla_dag' retrieved from /home/airflow/.local/lib/python3.12/site-packages/airflow/example_dags/example_sla_dag.py
[2025-01-10T00:48:02.812+0000] {logging_mixin.py:190} INFO - [2025-01-10T00:48:02.812+0000] {dag.py:3239} INFO - Sync 1 DAGs
[2025-01-10T00:48:02.835+0000] {logging_mixin.py:190} INFO - [2025-01-10T00:48:02.835+0000] {dag.py:4180} INFO - Setting next_dagrun for example_sla_dag to 2025-01-10 00:46:00+00:00, run_after=2025-01-10 00:48:00+00:00
[2025-01-10T00:48:02.854+0000] {processor.py:208} INFO - Processing /home/airflow/.local/lib/python3.12/site-packages/airflow/example_dags/example_sla_dag.py took 0.080 seconds
[2025-01-10T00:48:33.818+0000] {processor.py:186} INFO - Started process (PID=676) to work on /home/airflow/.local/lib/python3.12/site-packages/airflow/example_dags/example_sla_dag.py
[2025-01-10T00:48:33.819+0000] {processor.py:914} INFO - Processing file /home/airflow/.local/lib/python3.12/site-packages/airflow/example_dags/example_sla_dag.py for tasks to queue
[2025-01-10T00:48:33.821+0000] {logging_mixin.py:190} INFO - [2025-01-10T00:48:33.821+0000] {dagbag.py:588} INFO - Filling up the DagBag from /home/airflow/.local/lib/python3.12/site-packages/airflow/example_dags/example_sla_dag.py
[2025-01-10T00:48:33.831+0000] {processor.py:925} INFO - DAG(s) 'example_sla_dag' retrieved from /home/airflow/.local/lib/python3.12/site-packages/airflow/example_dags/example_sla_dag.py
[2025-01-10T00:48:33.848+0000] {logging_mixin.py:190} INFO - [2025-01-10T00:48:33.848+0000] {dag.py:3239} INFO - Sync 1 DAGs
[2025-01-10T00:48:33.871+0000] {logging_mixin.py:190} INFO - [2025-01-10T00:48:33.871+0000] {dag.py:4180} INFO - Setting next_dagrun for example_sla_dag to 2025-01-10 00:46:00+00:00, run_after=2025-01-10 00:48:00+00:00
[2025-01-10T00:48:33.890+0000] {processor.py:208} INFO - Processing /home/airflow/.local/lib/python3.12/site-packages/airflow/example_dags/example_sla_dag.py took 0.078 seconds
[2025-01-10T00:49:05.167+0000] {processor.py:186} INFO - Started process (PID=739) to work on /home/airflow/.local/lib/python3.12/site-packages/airflow/example_dags/example_sla_dag.py
[2025-01-10T00:49:05.168+0000] {processor.py:914} INFO - Processing file /home/airflow/.local/lib/python3.12/site-packages/airflow/example_dags/example_sla_dag.py for tasks to queue
[2025-01-10T00:49:05.171+0000] {logging_mixin.py:190} INFO - [2025-01-10T00:49:05.171+0000] {dagbag.py:588} INFO - Filling up the DagBag from /home/airflow/.local/lib/python3.12/site-packages/airflow/example_dags/example_sla_dag.py
[2025-01-10T00:49:05.186+0000] {processor.py:925} INFO - DAG(s) 'example_sla_dag' retrieved from /home/airflow/.local/lib/python3.12/site-packages/airflow/example_dags/example_sla_dag.py
[2025-01-10T00:49:05.207+0000] {logging_mixin.py:190} INFO - [2025-01-10T00:49:05.207+0000] {dag.py:3239} INFO - Sync 1 DAGs
[2025-01-10T00:49:05.233+0000] {logging_mixin.py:190} INFO - [2025-01-10T00:49:05.233+0000] {dag.py:4180} INFO - Setting next_dagrun for example_sla_dag to 2025-01-10 00:46:00+00:00, run_after=2025-01-10 00:48:00+00:00
[2025-01-10T00:49:05.251+0000] {processor.py:208} INFO - Processing /home/airflow/.local/lib/python3.12/site-packages/airflow/example_dags/example_sla_dag.py took 0.091 seconds
[2025-01-10T00:49:36.084+0000] {processor.py:186} INFO - Started process (PID=802) to work on /home/airflow/.local/lib/python3.12/site-packages/airflow/example_dags/example_sla_dag.py
[2025-01-10T00:49:36.085+0000] {processor.py:914} INFO - Processing file /home/airflow/.local/lib/python3.12/site-packages/airflow/example_dags/example_sla_dag.py for tasks to queue
[2025-01-10T00:49:36.087+0000] {logging_mixin.py:190} INFO - [2025-01-10T00:49:36.087+0000] {dagbag.py:588} INFO - Filling up the DagBag from /home/airflow/.local/lib/python3.12/site-packages/airflow/example_dags/example_sla_dag.py
[2025-01-10T00:49:36.097+0000] {processor.py:925} INFO - DAG(s) 'example_sla_dag' retrieved from /home/airflow/.local/lib/python3.12/site-packages/airflow/example_dags/example_sla_dag.py
[2025-01-10T00:49:36.114+0000] {logging_mixin.py:190} INFO - [2025-01-10T00:49:36.114+0000] {dag.py:3239} INFO - Sync 1 DAGs
[2025-01-10T00:49:36.137+0000] {logging_mixin.py:190} INFO - [2025-01-10T00:49:36.137+0000] {dag.py:4180} INFO - Setting next_dagrun for example_sla_dag to 2025-01-10 00:46:00+00:00, run_after=2025-01-10 00:48:00+00:00
[2025-01-10T00:49:36.157+0000] {processor.py:208} INFO - Processing /home/airflow/.local/lib/python3.12/site-packages/airflow/example_dags/example_sla_dag.py took 0.079 seconds
[2025-01-10T00:50:07.668+0000] {processor.py:186} INFO - Started process (PID=865) to work on /home/airflow/.local/lib/python3.12/site-packages/airflow/example_dags/example_sla_dag.py
[2025-01-10T00:50:07.669+0000] {processor.py:914} INFO - Processing file /home/airflow/.local/lib/python3.12/site-packages/airflow/example_dags/example_sla_dag.py for tasks to queue
[2025-01-10T00:50:07.671+0000] {logging_mixin.py:190} INFO - [2025-01-10T00:50:07.671+0000] {dagbag.py:588} INFO - Filling up the DagBag from /home/airflow/.local/lib/python3.12/site-packages/airflow/example_dags/example_sla_dag.py
[2025-01-10T00:50:07.680+0000] {processor.py:925} INFO - DAG(s) 'example_sla_dag' retrieved from /home/airflow/.local/lib/python3.12/site-packages/airflow/example_dags/example_sla_dag.py
[2025-01-10T00:50:07.699+0000] {logging_mixin.py:190} INFO - [2025-01-10T00:50:07.698+0000] {dag.py:3239} INFO - Sync 1 DAGs
[2025-01-10T00:50:07.721+0000] {logging_mixin.py:190} INFO - [2025-01-10T00:50:07.721+0000] {dag.py:4180} INFO - Setting next_dagrun for example_sla_dag to 2025-01-10 00:48:00+00:00, run_after=2025-01-10 00:50:00+00:00
[2025-01-10T00:50:07.740+0000] {processor.py:208} INFO - Processing /home/airflow/.local/lib/python3.12/site-packages/airflow/example_dags/example_sla_dag.py took 0.078 seconds
[2025-01-10T00:50:38.899+0000] {processor.py:186} INFO - Started process (PID=928) to work on /home/airflow/.local/lib/python3.12/site-packages/airflow/example_dags/example_sla_dag.py
[2025-01-10T00:50:38.900+0000] {processor.py:914} INFO - Processing file /home/airflow/.local/lib/python3.12/site-packages/airflow/example_dags/example_sla_dag.py for tasks to queue
[2025-01-10T00:50:38.902+0000] {logging_mixin.py:190} INFO - [2025-01-10T00:50:38.902+0000] {dagbag.py:588} INFO - Filling up the DagBag from /home/airflow/.local/lib/python3.12/site-packages/airflow/example_dags/example_sla_dag.py
[2025-01-10T00:50:38.913+0000] {processor.py:925} INFO - DAG(s) 'example_sla_dag' retrieved from /home/airflow/.local/lib/python3.12/site-packages/airflow/example_dags/example_sla_dag.py
[2025-01-10T00:50:38.931+0000] {logging_mixin.py:190} INFO - [2025-01-10T00:50:38.930+0000] {dag.py:3239} INFO - Sync 1 DAGs
[2025-01-10T00:50:38.955+0000] {logging_mixin.py:190} INFO - [2025-01-10T00:50:38.954+0000] {dag.py:4180} INFO - Setting next_dagrun for example_sla_dag to 2025-01-10 00:48:00+00:00, run_after=2025-01-10 00:50:00+00:00
[2025-01-10T00:50:38.974+0000] {processor.py:208} INFO - Processing /home/airflow/.local/lib/python3.12/site-packages/airflow/example_dags/example_sla_dag.py took 0.081 seconds
[2025-01-10T00:51:10.175+0000] {processor.py:186} INFO - Started process (PID=991) to work on /home/airflow/.local/lib/python3.12/site-packages/airflow/example_dags/example_sla_dag.py
[2025-01-10T00:51:10.176+0000] {processor.py:914} INFO - Processing file /home/airflow/.local/lib/python3.12/site-packages/airflow/example_dags/example_sla_dag.py for tasks to queue
[2025-01-10T00:51:10.179+0000] {logging_mixin.py:190} INFO - [2025-01-10T00:51:10.179+0000] {dagbag.py:588} INFO - Filling up the DagBag from /home/airflow/.local/lib/python3.12/site-packages/airflow/example_dags/example_sla_dag.py
[2025-01-10T00:51:10.188+0000] {processor.py:925} INFO - DAG(s) 'example_sla_dag' retrieved from /home/airflow/.local/lib/python3.12/site-packages/airflow/example_dags/example_sla_dag.py
[2025-01-10T00:51:10.205+0000] {logging_mixin.py:190} INFO - [2025-01-10T00:51:10.205+0000] {dag.py:3239} INFO - Sync 1 DAGs
[2025-01-10T00:51:10.233+0000] {logging_mixin.py:190} INFO - [2025-01-10T00:51:10.233+0000] {dag.py:4180} INFO - Setting next_dagrun for example_sla_dag to 2025-01-10 00:48:00+00:00, run_after=2025-01-10 00:50:00+00:00
[2025-01-10T00:51:10.252+0000] {processor.py:208} INFO - Processing /home/airflow/.local/lib/python3.12/site-packages/airflow/example_dags/example_sla_dag.py took 0.082 seconds
[2025-01-10T00:51:41.355+0000] {processor.py:186} INFO - Started process (PID=1055) to work on /home/airflow/.local/lib/python3.12/site-packages/airflow/example_dags/example_sla_dag.py
[2025-01-10T00:51:41.356+0000] {processor.py:914} INFO - Processing file /home/airflow/.local/lib/python3.12/site-packages/airflow/example_dags/example_sla_dag.py for tasks to queue
[2025-01-10T00:51:41.359+0000] {logging_mixin.py:190} INFO - [2025-01-10T00:51:41.358+0000] {dagbag.py:588} INFO - Filling up the DagBag from /home/airflow/.local/lib/python3.12/site-packages/airflow/example_dags/example_sla_dag.py
[2025-01-10T00:51:41.369+0000] {processor.py:925} INFO - DAG(s) 'example_sla_dag' retrieved from /home/airflow/.local/lib/python3.12/site-packages/airflow/example_dags/example_sla_dag.py
[2025-01-10T00:51:41.387+0000] {logging_mixin.py:190} INFO - [2025-01-10T00:51:41.387+0000] {dag.py:3239} INFO - Sync 1 DAGs
[2025-01-10T00:51:41.413+0000] {logging_mixin.py:190} INFO - [2025-01-10T00:51:41.412+0000] {dag.py:4180} INFO - Setting next_dagrun for example_sla_dag to 2025-01-10 00:48:00+00:00, run_after=2025-01-10 00:50:00+00:00
[2025-01-10T00:51:41.434+0000] {processor.py:208} INFO - Processing /home/airflow/.local/lib/python3.12/site-packages/airflow/example_dags/example_sla_dag.py took 0.084 seconds
[2025-01-10T00:52:12.716+0000] {processor.py:186} INFO - Started process (PID=1124) to work on /home/airflow/.local/lib/python3.12/site-packages/airflow/example_dags/example_sla_dag.py
[2025-01-10T00:52:12.717+0000] {processor.py:914} INFO - Processing file /home/airflow/.local/lib/python3.12/site-packages/airflow/example_dags/example_sla_dag.py for tasks to queue
[2025-01-10T00:52:12.719+0000] {logging_mixin.py:190} INFO - [2025-01-10T00:52:12.719+0000] {dagbag.py:588} INFO - Filling up the DagBag from /home/airflow/.local/lib/python3.12/site-packages/airflow/example_dags/example_sla_dag.py
[2025-01-10T00:52:12.728+0000] {processor.py:925} INFO - DAG(s) 'example_sla_dag' retrieved from /home/airflow/.local/lib/python3.12/site-packages/airflow/example_dags/example_sla_dag.py
[2025-01-10T00:52:12.747+0000] {logging_mixin.py:190} INFO - [2025-01-10T00:52:12.747+0000] {dag.py:3239} INFO - Sync 1 DAGs
[2025-01-10T00:52:12.771+0000] {logging_mixin.py:190} INFO - [2025-01-10T00:52:12.770+0000] {dag.py:4180} INFO - Setting next_dagrun for example_sla_dag to 2025-01-10 00:50:00+00:00, run_after=2025-01-10 00:52:00+00:00
[2025-01-10T00:52:12.788+0000] {processor.py:208} INFO - Processing /home/airflow/.local/lib/python3.12/site-packages/airflow/example_dags/example_sla_dag.py took 0.078 seconds
[2025-01-10T00:52:44.306+0000] {processor.py:186} INFO - Started process (PID=1187) to work on /home/airflow/.local/lib/python3.12/site-packages/airflow/example_dags/example_sla_dag.py
[2025-01-10T00:52:44.307+0000] {processor.py:914} INFO - Processing file /home/airflow/.local/lib/python3.12/site-packages/airflow/example_dags/example_sla_dag.py for tasks to queue
[2025-01-10T00:52:44.309+0000] {logging_mixin.py:190} INFO - [2025-01-10T00:52:44.309+0000] {dagbag.py:588} INFO - Filling up the DagBag from /home/airflow/.local/lib/python3.12/site-packages/airflow/example_dags/example_sla_dag.py
[2025-01-10T00:52:44.319+0000] {processor.py:925} INFO - DAG(s) 'example_sla_dag' retrieved from /home/airflow/.local/lib/python3.12/site-packages/airflow/example_dags/example_sla_dag.py
[2025-01-10T00:52:44.337+0000] {logging_mixin.py:190} INFO - [2025-01-10T00:52:44.337+0000] {dag.py:3239} INFO - Sync 1 DAGs
[2025-01-10T00:52:44.361+0000] {logging_mixin.py:190} INFO - [2025-01-10T00:52:44.361+0000] {dag.py:4180} INFO - Setting next_dagrun for example_sla_dag to 2025-01-10 00:50:00+00:00, run_after=2025-01-10 00:52:00+00:00
[2025-01-10T00:52:44.381+0000] {processor.py:208} INFO - Processing /home/airflow/.local/lib/python3.12/site-packages/airflow/example_dags/example_sla_dag.py took 0.080 seconds
[2025-01-10T00:53:16.036+0000] {processor.py:186} INFO - Started process (PID=1250) to work on /home/airflow/.local/lib/python3.12/site-packages/airflow/example_dags/example_sla_dag.py
[2025-01-10T00:53:16.037+0000] {processor.py:914} INFO - Processing file /home/airflow/.local/lib/python3.12/site-packages/airflow/example_dags/example_sla_dag.py for tasks to queue
[2025-01-10T00:53:16.040+0000] {logging_mixin.py:190} INFO - [2025-01-10T00:53:16.040+0000] {dagbag.py:588} INFO - Filling up the DagBag from /home/airflow/.local/lib/python3.12/site-packages/airflow/example_dags/example_sla_dag.py
[2025-01-10T00:53:16.054+0000] {processor.py:925} INFO - DAG(s) 'example_sla_dag' retrieved from /home/airflow/.local/lib/python3.12/site-packages/airflow/example_dags/example_sla_dag.py
[2025-01-10T00:53:16.075+0000] {logging_mixin.py:190} INFO - [2025-01-10T00:53:16.074+0000] {dag.py:3239} INFO - Sync 1 DAGs
[2025-01-10T00:53:16.104+0000] {logging_mixin.py:190} INFO - [2025-01-10T00:53:16.103+0000] {dag.py:4180} INFO - Setting next_dagrun for example_sla_dag to 2025-01-10 00:50:00+00:00, run_after=2025-01-10 00:52:00+00:00
[2025-01-10T00:53:16.129+0000] {processor.py:208} INFO - Processing /home/airflow/.local/lib/python3.12/site-packages/airflow/example_dags/example_sla_dag.py took 0.100 seconds
[2025-01-10T00:53:47.556+0000] {processor.py:186} INFO - Started process (PID=1314) to work on /home/airflow/.local/lib/python3.12/site-packages/airflow/example_dags/example_sla_dag.py
[2025-01-10T00:53:47.557+0000] {processor.py:914} INFO - Processing file /home/airflow/.local/lib/python3.12/site-packages/airflow/example_dags/example_sla_dag.py for tasks to queue
[2025-01-10T00:53:47.561+0000] {logging_mixin.py:190} INFO - [2025-01-10T00:53:47.560+0000] {dagbag.py:588} INFO - Filling up the DagBag from /home/airflow/.local/lib/python3.12/site-packages/airflow/example_dags/example_sla_dag.py
[2025-01-10T00:53:47.575+0000] {processor.py:925} INFO - DAG(s) 'example_sla_dag' retrieved from /home/airflow/.local/lib/python3.12/site-packages/airflow/example_dags/example_sla_dag.py
[2025-01-10T00:53:47.599+0000] {logging_mixin.py:190} INFO - [2025-01-10T00:53:47.599+0000] {dag.py:3239} INFO - Sync 1 DAGs
[2025-01-10T00:53:47.640+0000] {logging_mixin.py:190} INFO - [2025-01-10T00:53:47.640+0000] {dag.py:4180} INFO - Setting next_dagrun for example_sla_dag to 2025-01-10 00:50:00+00:00, run_after=2025-01-10 00:52:00+00:00
[2025-01-10T00:53:47.670+0000] {processor.py:208} INFO - Processing /home/airflow/.local/lib/python3.12/site-packages/airflow/example_dags/example_sla_dag.py took 0.123 seconds
[2025-01-10T00:54:18.028+0000] {processor.py:186} INFO - Started process (PID=1377) to work on /home/airflow/.local/lib/python3.12/site-packages/airflow/example_dags/example_sla_dag.py
[2025-01-10T00:54:18.028+0000] {processor.py:914} INFO - Processing file /home/airflow/.local/lib/python3.12/site-packages/airflow/example_dags/example_sla_dag.py for tasks to queue
[2025-01-10T00:54:18.031+0000] {logging_mixin.py:190} INFO - [2025-01-10T00:54:18.031+0000] {dagbag.py:588} INFO - Filling up the DagBag from /home/airflow/.local/lib/python3.12/site-packages/airflow/example_dags/example_sla_dag.py
[2025-01-10T00:54:18.040+0000] {processor.py:925} INFO - DAG(s) 'example_sla_dag' retrieved from /home/airflow/.local/lib/python3.12/site-packages/airflow/example_dags/example_sla_dag.py
[2025-01-10T00:54:18.058+0000] {logging_mixin.py:190} INFO - [2025-01-10T00:54:18.058+0000] {dag.py:3239} INFO - Sync 1 DAGs
[2025-01-10T00:54:18.082+0000] {logging_mixin.py:190} INFO - [2025-01-10T00:54:18.082+0000] {dag.py:4180} INFO - Setting next_dagrun for example_sla_dag to 2025-01-10 00:52:00+00:00, run_after=2025-01-10 00:54:00+00:00
[2025-01-10T00:54:18.105+0000] {processor.py:208} INFO - Processing /home/airflow/.local/lib/python3.12/site-packages/airflow/example_dags/example_sla_dag.py took 0.083 seconds
[2025-01-10T00:54:49.106+0000] {processor.py:186} INFO - Started process (PID=1440) to work on /home/airflow/.local/lib/python3.12/site-packages/airflow/example_dags/example_sla_dag.py
[2025-01-10T00:54:49.107+0000] {processor.py:914} INFO - Processing file /home/airflow/.local/lib/python3.12/site-packages/airflow/example_dags/example_sla_dag.py for tasks to queue
[2025-01-10T00:54:49.109+0000] {logging_mixin.py:190} INFO - [2025-01-10T00:54:49.109+0000] {dagbag.py:588} INFO - Filling up the DagBag from /home/airflow/.local/lib/python3.12/site-packages/airflow/example_dags/example_sla_dag.py
[2025-01-10T00:54:49.119+0000] {processor.py:925} INFO - DAG(s) 'example_sla_dag' retrieved from /home/airflow/.local/lib/python3.12/site-packages/airflow/example_dags/example_sla_dag.py
[2025-01-10T00:54:49.137+0000] {logging_mixin.py:190} INFO - [2025-01-10T00:54:49.137+0000] {dag.py:3239} INFO - Sync 1 DAGs
[2025-01-10T00:54:49.161+0000] {logging_mixin.py:190} INFO - [2025-01-10T00:54:49.161+0000] {dag.py:4180} INFO - Setting next_dagrun for example_sla_dag to 2025-01-10 00:52:00+00:00, run_after=2025-01-10 00:54:00+00:00
[2025-01-10T00:54:49.180+0000] {processor.py:208} INFO - Processing /home/airflow/.local/lib/python3.12/site-packages/airflow/example_dags/example_sla_dag.py took 0.080 seconds
[2025-01-10T00:55:20.217+0000] {processor.py:186} INFO - Started process (PID=1503) to work on /home/airflow/.local/lib/python3.12/site-packages/airflow/example_dags/example_sla_dag.py
[2025-01-10T00:55:20.218+0000] {processor.py:914} INFO - Processing file /home/airflow/.local/lib/python3.12/site-packages/airflow/example_dags/example_sla_dag.py for tasks to queue
[2025-01-10T00:55:20.220+0000] {logging_mixin.py:190} INFO - [2025-01-10T00:55:20.220+0000] {dagbag.py:588} INFO - Filling up the DagBag from /home/airflow/.local/lib/python3.12/site-packages/airflow/example_dags/example_sla_dag.py
[2025-01-10T00:55:20.230+0000] {processor.py:925} INFO - DAG(s) 'example_sla_dag' retrieved from /home/airflow/.local/lib/python3.12/site-packages/airflow/example_dags/example_sla_dag.py
[2025-01-10T00:55:20.248+0000] {logging_mixin.py:190} INFO - [2025-01-10T00:55:20.248+0000] {dag.py:3239} INFO - Sync 1 DAGs
[2025-01-10T00:55:20.273+0000] {logging_mixin.py:190} INFO - [2025-01-10T00:55:20.273+0000] {dag.py:4180} INFO - Setting next_dagrun for example_sla_dag to 2025-01-10 00:52:00+00:00, run_after=2025-01-10 00:54:00+00:00
[2025-01-10T00:55:20.290+0000] {processor.py:208} INFO - Processing /home/airflow/.local/lib/python3.12/site-packages/airflow/example_dags/example_sla_dag.py took 0.079 seconds
[2025-01-10T00:55:51.240+0000] {processor.py:186} INFO - Started process (PID=1566) to work on /home/airflow/.local/lib/python3.12/site-packages/airflow/example_dags/example_sla_dag.py
[2025-01-10T00:55:51.241+0000] {processor.py:914} INFO - Processing file /home/airflow/.local/lib/python3.12/site-packages/airflow/example_dags/example_sla_dag.py for tasks to queue
[2025-01-10T00:55:51.243+0000] {logging_mixin.py:190} INFO - [2025-01-10T00:55:51.243+0000] {dagbag.py:588} INFO - Filling up the DagBag from /home/airflow/.local/lib/python3.12/site-packages/airflow/example_dags/example_sla_dag.py
[2025-01-10T00:55:51.254+0000] {processor.py:925} INFO - DAG(s) 'example_sla_dag' retrieved from /home/airflow/.local/lib/python3.12/site-packages/airflow/example_dags/example_sla_dag.py
[2025-01-10T00:55:51.273+0000] {logging_mixin.py:190} INFO - [2025-01-10T00:55:51.273+0000] {dag.py:3239} INFO - Sync 1 DAGs
[2025-01-10T00:55:51.297+0000] {logging_mixin.py:190} INFO - [2025-01-10T00:55:51.297+0000] {dag.py:4180} INFO - Setting next_dagrun for example_sla_dag to 2025-01-10 00:52:00+00:00, run_after=2025-01-10 00:54:00+00:00
[2025-01-10T00:55:51.316+0000] {processor.py:208} INFO - Processing /home/airflow/.local/lib/python3.12/site-packages/airflow/example_dags/example_sla_dag.py took 0.081 seconds
[2025-01-10T00:56:22.222+0000] {processor.py:186} INFO - Started process (PID=1629) to work on /home/airflow/.local/lib/python3.12/site-packages/airflow/example_dags/example_sla_dag.py
[2025-01-10T00:56:22.223+0000] {processor.py:914} INFO - Processing file /home/airflow/.local/lib/python3.12/site-packages/airflow/example_dags/example_sla_dag.py for tasks to queue
[2025-01-10T00:56:22.226+0000] {logging_mixin.py:190} INFO - [2025-01-10T00:56:22.225+0000] {dagbag.py:588} INFO - Filling up the DagBag from /home/airflow/.local/lib/python3.12/site-packages/airflow/example_dags/example_sla_dag.py
[2025-01-10T00:56:22.235+0000] {processor.py:925} INFO - DAG(s) 'example_sla_dag' retrieved from /home/airflow/.local/lib/python3.12/site-packages/airflow/example_dags/example_sla_dag.py
[2025-01-10T00:56:22.253+0000] {logging_mixin.py:190} INFO - [2025-01-10T00:56:22.253+0000] {dag.py:3239} INFO - Sync 1 DAGs
[2025-01-10T00:56:22.278+0000] {logging_mixin.py:190} INFO - [2025-01-10T00:56:22.277+0000] {dag.py:4180} INFO - Setting next_dagrun for example_sla_dag to 2025-01-10 00:54:00+00:00, run_after=2025-01-10 00:56:00+00:00
[2025-01-10T00:56:22.296+0000] {processor.py:208} INFO - Processing /home/airflow/.local/lib/python3.12/site-packages/airflow/example_dags/example_sla_dag.py took 0.079 seconds
[2025-01-10T00:56:53.848+0000] {processor.py:186} INFO - Started process (PID=1692) to work on /home/airflow/.local/lib/python3.12/site-packages/airflow/example_dags/example_sla_dag.py
[2025-01-10T00:56:53.849+0000] {processor.py:914} INFO - Processing file /home/airflow/.local/lib/python3.12/site-packages/airflow/example_dags/example_sla_dag.py for tasks to queue
[2025-01-10T00:56:53.851+0000] {logging_mixin.py:190} INFO - [2025-01-10T00:56:53.851+0000] {dagbag.py:588} INFO - Filling up the DagBag from /home/airflow/.local/lib/python3.12/site-packages/airflow/example_dags/example_sla_dag.py
[2025-01-10T00:56:53.861+0000] {processor.py:925} INFO - DAG(s) 'example_sla_dag' retrieved from /home/airflow/.local/lib/python3.12/site-packages/airflow/example_dags/example_sla_dag.py
[2025-01-10T00:56:53.878+0000] {logging_mixin.py:190} INFO - [2025-01-10T00:56:53.878+0000] {dag.py:3239} INFO - Sync 1 DAGs
[2025-01-10T00:56:53.901+0000] {logging_mixin.py:190} INFO - [2025-01-10T00:56:53.901+0000] {dag.py:4180} INFO - Setting next_dagrun for example_sla_dag to 2025-01-10 00:54:00+00:00, run_after=2025-01-10 00:56:00+00:00
[2025-01-10T00:56:53.919+0000] {processor.py:208} INFO - Processing /home/airflow/.local/lib/python3.12/site-packages/airflow/example_dags/example_sla_dag.py took 0.077 seconds
[2025-01-10T00:57:24.975+0000] {processor.py:186} INFO - Started process (PID=1755) to work on /home/airflow/.local/lib/python3.12/site-packages/airflow/example_dags/example_sla_dag.py
[2025-01-10T00:57:24.975+0000] {processor.py:914} INFO - Processing file /home/airflow/.local/lib/python3.12/site-packages/airflow/example_dags/example_sla_dag.py for tasks to queue
[2025-01-10T00:57:24.978+0000] {logging_mixin.py:190} INFO - [2025-01-10T00:57:24.978+0000] {dagbag.py:588} INFO - Filling up the DagBag from /home/airflow/.local/lib/python3.12/site-packages/airflow/example_dags/example_sla_dag.py
[2025-01-10T00:57:24.987+0000] {processor.py:925} INFO - DAG(s) 'example_sla_dag' retrieved from /home/airflow/.local/lib/python3.12/site-packages/airflow/example_dags/example_sla_dag.py
[2025-01-10T00:57:25.005+0000] {logging_mixin.py:190} INFO - [2025-01-10T00:57:25.005+0000] {dag.py:3239} INFO - Sync 1 DAGs
[2025-01-10T00:57:25.029+0000] {logging_mixin.py:190} INFO - [2025-01-10T00:57:25.029+0000] {dag.py:4180} INFO - Setting next_dagrun for example_sla_dag to 2025-01-10 00:54:00+00:00, run_after=2025-01-10 00:56:00+00:00
[2025-01-10T00:57:25.049+0000] {processor.py:208} INFO - Processing /home/airflow/.local/lib/python3.12/site-packages/airflow/example_dags/example_sla_dag.py took 0.080 seconds
[2025-01-10T00:57:56.619+0000] {processor.py:186} INFO - Started process (PID=1821) to work on /home/airflow/.local/lib/python3.12/site-packages/airflow/example_dags/example_sla_dag.py
[2025-01-10T00:57:56.620+0000] {processor.py:914} INFO - Processing file /home/airflow/.local/lib/python3.12/site-packages/airflow/example_dags/example_sla_dag.py for tasks to queue
[2025-01-10T00:57:56.622+0000] {logging_mixin.py:190} INFO - [2025-01-10T00:57:56.622+0000] {dagbag.py:588} INFO - Filling up the DagBag from /home/airflow/.local/lib/python3.12/site-packages/airflow/example_dags/example_sla_dag.py
[2025-01-10T00:57:56.632+0000] {processor.py:925} INFO - DAG(s) 'example_sla_dag' retrieved from /home/airflow/.local/lib/python3.12/site-packages/airflow/example_dags/example_sla_dag.py
[2025-01-10T00:57:56.654+0000] {logging_mixin.py:190} INFO - [2025-01-10T00:57:56.654+0000] {dag.py:3239} INFO - Sync 1 DAGs
[2025-01-10T00:57:56.687+0000] {logging_mixin.py:190} INFO - [2025-01-10T00:57:56.687+0000] {dag.py:4180} INFO - Setting next_dagrun for example_sla_dag to 2025-01-10 00:54:00+00:00, run_after=2025-01-10 00:56:00+00:00
[2025-01-10T00:57:56.710+0000] {processor.py:208} INFO - Processing /home/airflow/.local/lib/python3.12/site-packages/airflow/example_dags/example_sla_dag.py took 0.098 seconds
[2025-01-10T00:58:27.730+0000] {processor.py:186} INFO - Started process (PID=1884) to work on /home/airflow/.local/lib/python3.12/site-packages/airflow/example_dags/example_sla_dag.py
[2025-01-10T00:58:27.731+0000] {processor.py:914} INFO - Processing file /home/airflow/.local/lib/python3.12/site-packages/airflow/example_dags/example_sla_dag.py for tasks to queue
[2025-01-10T00:58:27.734+0000] {logging_mixin.py:190} INFO - [2025-01-10T00:58:27.733+0000] {dagbag.py:588} INFO - Filling up the DagBag from /home/airflow/.local/lib/python3.12/site-packages/airflow/example_dags/example_sla_dag.py
[2025-01-10T00:58:27.744+0000] {processor.py:925} INFO - DAG(s) 'example_sla_dag' retrieved from /home/airflow/.local/lib/python3.12/site-packages/airflow/example_dags/example_sla_dag.py
[2025-01-10T00:58:27.763+0000] {logging_mixin.py:190} INFO - [2025-01-10T00:58:27.763+0000] {dag.py:3239} INFO - Sync 1 DAGs
[2025-01-10T00:58:27.787+0000] {logging_mixin.py:190} INFO - [2025-01-10T00:58:27.786+0000] {dag.py:4180} INFO - Setting next_dagrun for example_sla_dag to 2025-01-10 00:56:00+00:00, run_after=2025-01-10 00:58:00+00:00
[2025-01-10T00:58:27.806+0000] {processor.py:208} INFO - Processing /home/airflow/.local/lib/python3.12/site-packages/airflow/example_dags/example_sla_dag.py took 0.082 seconds
[2025-01-10T01:02:04.488+0000] {processor.py:186} INFO - Started process (PID=104) to work on /home/airflow/.local/lib/python3.12/site-packages/airflow/example_dags/example_sla_dag.py
[2025-01-10T01:02:04.495+0000] {processor.py:914} INFO - Processing file /home/airflow/.local/lib/python3.12/site-packages/airflow/example_dags/example_sla_dag.py for tasks to queue
[2025-01-10T01:02:04.504+0000] {logging_mixin.py:190} INFO - [2025-01-10T01:02:04.500+0000] {dagbag.py:588} INFO - Filling up the DagBag from /home/airflow/.local/lib/python3.12/site-packages/airflow/example_dags/example_sla_dag.py
[2025-01-10T01:02:04.586+0000] {processor.py:925} INFO - DAG(s) 'example_sla_dag' retrieved from /home/airflow/.local/lib/python3.12/site-packages/airflow/example_dags/example_sla_dag.py
[2025-01-10T01:02:04.678+0000] {logging_mixin.py:190} INFO - [2025-01-10T01:02:04.677+0000] {dag.py:3239} INFO - Sync 1 DAGs
[2025-01-10T01:02:04.755+0000] {logging_mixin.py:190} INFO - [2025-01-10T01:02:04.755+0000] {dag.py:4180} INFO - Setting next_dagrun for example_sla_dag to 2025-01-10 01:00:00+00:00, run_after=2025-01-10 01:02:00+00:00
[2025-01-10T01:02:04.914+0000] {processor.py:208} INFO - Processing /home/airflow/.local/lib/python3.12/site-packages/airflow/example_dags/example_sla_dag.py took 0.446 seconds
[2025-01-10T01:02:35.437+0000] {processor.py:186} INFO - Started process (PID=167) to work on /home/airflow/.local/lib/python3.12/site-packages/airflow/example_dags/example_sla_dag.py
[2025-01-10T01:02:35.438+0000] {processor.py:914} INFO - Processing file /home/airflow/.local/lib/python3.12/site-packages/airflow/example_dags/example_sla_dag.py for tasks to queue
[2025-01-10T01:02:35.441+0000] {logging_mixin.py:190} INFO - [2025-01-10T01:02:35.440+0000] {dagbag.py:588} INFO - Filling up the DagBag from /home/airflow/.local/lib/python3.12/site-packages/airflow/example_dags/example_sla_dag.py
[2025-01-10T01:02:35.450+0000] {processor.py:925} INFO - DAG(s) 'example_sla_dag' retrieved from /home/airflow/.local/lib/python3.12/site-packages/airflow/example_dags/example_sla_dag.py
[2025-01-10T01:02:35.471+0000] {logging_mixin.py:190} INFO - [2025-01-10T01:02:35.471+0000] {dag.py:3239} INFO - Sync 1 DAGs
[2025-01-10T01:02:35.499+0000] {logging_mixin.py:190} INFO - [2025-01-10T01:02:35.499+0000] {dag.py:4180} INFO - Setting next_dagrun for example_sla_dag to 2025-01-10 01:00:00+00:00, run_after=2025-01-10 01:02:00+00:00
[2025-01-10T01:02:35.523+0000] {processor.py:208} INFO - Processing /home/airflow/.local/lib/python3.12/site-packages/airflow/example_dags/example_sla_dag.py took 0.091 seconds
[2025-01-10T01:03:06.484+0000] {processor.py:186} INFO - Started process (PID=230) to work on /home/airflow/.local/lib/python3.12/site-packages/airflow/example_dags/example_sla_dag.py
[2025-01-10T01:03:06.485+0000] {processor.py:914} INFO - Processing file /home/airflow/.local/lib/python3.12/site-packages/airflow/example_dags/example_sla_dag.py for tasks to queue
[2025-01-10T01:03:06.488+0000] {logging_mixin.py:190} INFO - [2025-01-10T01:03:06.488+0000] {dagbag.py:588} INFO - Filling up the DagBag from /home/airflow/.local/lib/python3.12/site-packages/airflow/example_dags/example_sla_dag.py
[2025-01-10T01:03:06.504+0000] {processor.py:925} INFO - DAG(s) 'example_sla_dag' retrieved from /home/airflow/.local/lib/python3.12/site-packages/airflow/example_dags/example_sla_dag.py
[2025-01-10T01:03:06.530+0000] {logging_mixin.py:190} INFO - [2025-01-10T01:03:06.529+0000] {dag.py:3239} INFO - Sync 1 DAGs
[2025-01-10T01:03:06.558+0000] {logging_mixin.py:190} INFO - [2025-01-10T01:03:06.558+0000] {dag.py:4180} INFO - Setting next_dagrun for example_sla_dag to 2025-01-10 01:00:00+00:00, run_after=2025-01-10 01:02:00+00:00
[2025-01-10T01:03:06.577+0000] {processor.py:208} INFO - Processing /home/airflow/.local/lib/python3.12/site-packages/airflow/example_dags/example_sla_dag.py took 0.102 seconds
[2025-01-10T01:03:36.913+0000] {processor.py:186} INFO - Started process (PID=292) to work on /home/airflow/.local/lib/python3.12/site-packages/airflow/example_dags/example_sla_dag.py
[2025-01-10T01:03:36.914+0000] {processor.py:914} INFO - Processing file /home/airflow/.local/lib/python3.12/site-packages/airflow/example_dags/example_sla_dag.py for tasks to queue
[2025-01-10T01:03:36.916+0000] {logging_mixin.py:190} INFO - [2025-01-10T01:03:36.915+0000] {dagbag.py:588} INFO - Filling up the DagBag from /home/airflow/.local/lib/python3.12/site-packages/airflow/example_dags/example_sla_dag.py
[2025-01-10T01:03:36.925+0000] {processor.py:925} INFO - DAG(s) 'example_sla_dag' retrieved from /home/airflow/.local/lib/python3.12/site-packages/airflow/example_dags/example_sla_dag.py
[2025-01-10T01:03:36.942+0000] {logging_mixin.py:190} INFO - [2025-01-10T01:03:36.942+0000] {dag.py:3239} INFO - Sync 1 DAGs
[2025-01-10T01:03:36.966+0000] {logging_mixin.py:190} INFO - [2025-01-10T01:03:36.966+0000] {dag.py:4180} INFO - Setting next_dagrun for example_sla_dag to 2025-01-10 01:00:00+00:00, run_after=2025-01-10 01:02:00+00:00
[2025-01-10T01:03:37.012+0000] {processor.py:208} INFO - Processing /home/airflow/.local/lib/python3.12/site-packages/airflow/example_dags/example_sla_dag.py took 0.104 seconds
[2025-01-10T01:04:07.210+0000] {processor.py:186} INFO - Started process (PID=355) to work on /home/airflow/.local/lib/python3.12/site-packages/airflow/example_dags/example_sla_dag.py
[2025-01-10T01:04:07.211+0000] {processor.py:914} INFO - Processing file /home/airflow/.local/lib/python3.12/site-packages/airflow/example_dags/example_sla_dag.py for tasks to queue
[2025-01-10T01:04:07.214+0000] {logging_mixin.py:190} INFO - [2025-01-10T01:04:07.214+0000] {dagbag.py:588} INFO - Filling up the DagBag from /home/airflow/.local/lib/python3.12/site-packages/airflow/example_dags/example_sla_dag.py
[2025-01-10T01:04:07.229+0000] {processor.py:925} INFO - DAG(s) 'example_sla_dag' retrieved from /home/airflow/.local/lib/python3.12/site-packages/airflow/example_dags/example_sla_dag.py
[2025-01-10T01:04:07.251+0000] {logging_mixin.py:190} INFO - [2025-01-10T01:04:07.251+0000] {dag.py:3239} INFO - Sync 1 DAGs
[2025-01-10T01:04:07.279+0000] {logging_mixin.py:190} INFO - [2025-01-10T01:04:07.279+0000] {dag.py:4180} INFO - Setting next_dagrun for example_sla_dag to 2025-01-10 01:02:00+00:00, run_after=2025-01-10 01:04:00+00:00
[2025-01-10T01:04:07.324+0000] {processor.py:208} INFO - Processing /home/airflow/.local/lib/python3.12/site-packages/airflow/example_dags/example_sla_dag.py took 0.121 seconds
[2025-01-10T01:04:38.027+0000] {processor.py:186} INFO - Started process (PID=418) to work on /home/airflow/.local/lib/python3.12/site-packages/airflow/example_dags/example_sla_dag.py
[2025-01-10T01:04:38.028+0000] {processor.py:914} INFO - Processing file /home/airflow/.local/lib/python3.12/site-packages/airflow/example_dags/example_sla_dag.py for tasks to queue
[2025-01-10T01:04:38.030+0000] {logging_mixin.py:190} INFO - [2025-01-10T01:04:38.029+0000] {dagbag.py:588} INFO - Filling up the DagBag from /home/airflow/.local/lib/python3.12/site-packages/airflow/example_dags/example_sla_dag.py
[2025-01-10T01:04:38.039+0000] {processor.py:925} INFO - DAG(s) 'example_sla_dag' retrieved from /home/airflow/.local/lib/python3.12/site-packages/airflow/example_dags/example_sla_dag.py
[2025-01-10T01:04:38.057+0000] {logging_mixin.py:190} INFO - [2025-01-10T01:04:38.056+0000] {dag.py:3239} INFO - Sync 1 DAGs
[2025-01-10T01:04:38.081+0000] {logging_mixin.py:190} INFO - [2025-01-10T01:04:38.081+0000] {dag.py:4180} INFO - Setting next_dagrun for example_sla_dag to 2025-01-10 01:02:00+00:00, run_after=2025-01-10 01:04:00+00:00
[2025-01-10T01:04:38.100+0000] {processor.py:208} INFO - Processing /home/airflow/.local/lib/python3.12/site-packages/airflow/example_dags/example_sla_dag.py took 0.078 seconds
[2025-01-10T01:05:08.391+0000] {processor.py:186} INFO - Started process (PID=481) to work on /home/airflow/.local/lib/python3.12/site-packages/airflow/example_dags/example_sla_dag.py
[2025-01-10T01:05:08.392+0000] {processor.py:914} INFO - Processing file /home/airflow/.local/lib/python3.12/site-packages/airflow/example_dags/example_sla_dag.py for tasks to queue
[2025-01-10T01:05:08.394+0000] {logging_mixin.py:190} INFO - [2025-01-10T01:05:08.394+0000] {dagbag.py:588} INFO - Filling up the DagBag from /home/airflow/.local/lib/python3.12/site-packages/airflow/example_dags/example_sla_dag.py
[2025-01-10T01:05:08.404+0000] {processor.py:925} INFO - DAG(s) 'example_sla_dag' retrieved from /home/airflow/.local/lib/python3.12/site-packages/airflow/example_dags/example_sla_dag.py
[2025-01-10T01:05:08.421+0000] {logging_mixin.py:190} INFO - [2025-01-10T01:05:08.421+0000] {dag.py:3239} INFO - Sync 1 DAGs
[2025-01-10T01:05:08.446+0000] {logging_mixin.py:190} INFO - [2025-01-10T01:05:08.446+0000] {dag.py:4180} INFO - Setting next_dagrun for example_sla_dag to 2025-01-10 01:02:00+00:00, run_after=2025-01-10 01:04:00+00:00
[2025-01-10T01:05:08.469+0000] {processor.py:208} INFO - Processing /home/airflow/.local/lib/python3.12/site-packages/airflow/example_dags/example_sla_dag.py took 0.083 seconds
[2025-01-10T01:05:39.665+0000] {processor.py:186} INFO - Started process (PID=544) to work on /home/airflow/.local/lib/python3.12/site-packages/airflow/example_dags/example_sla_dag.py
[2025-01-10T01:05:39.666+0000] {processor.py:914} INFO - Processing file /home/airflow/.local/lib/python3.12/site-packages/airflow/example_dags/example_sla_dag.py for tasks to queue
[2025-01-10T01:05:39.668+0000] {logging_mixin.py:190} INFO - [2025-01-10T01:05:39.667+0000] {dagbag.py:588} INFO - Filling up the DagBag from /home/airflow/.local/lib/python3.12/site-packages/airflow/example_dags/example_sla_dag.py
[2025-01-10T01:05:39.677+0000] {processor.py:925} INFO - DAG(s) 'example_sla_dag' retrieved from /home/airflow/.local/lib/python3.12/site-packages/airflow/example_dags/example_sla_dag.py
[2025-01-10T01:05:39.698+0000] {logging_mixin.py:190} INFO - [2025-01-10T01:05:39.698+0000] {dag.py:3239} INFO - Sync 1 DAGs
[2025-01-10T01:05:39.723+0000] {logging_mixin.py:190} INFO - [2025-01-10T01:05:39.723+0000] {dag.py:4180} INFO - Setting next_dagrun for example_sla_dag to 2025-01-10 01:02:00+00:00, run_after=2025-01-10 01:04:00+00:00
[2025-01-10T01:05:39.743+0000] {processor.py:208} INFO - Processing /home/airflow/.local/lib/python3.12/site-packages/airflow/example_dags/example_sla_dag.py took 0.084 seconds
[2025-01-10T01:06:09.837+0000] {processor.py:186} INFO - Started process (PID=607) to work on /home/airflow/.local/lib/python3.12/site-packages/airflow/example_dags/example_sla_dag.py
[2025-01-10T01:06:09.838+0000] {processor.py:914} INFO - Processing file /home/airflow/.local/lib/python3.12/site-packages/airflow/example_dags/example_sla_dag.py for tasks to queue
[2025-01-10T01:06:09.840+0000] {logging_mixin.py:190} INFO - [2025-01-10T01:06:09.840+0000] {dagbag.py:588} INFO - Filling up the DagBag from /home/airflow/.local/lib/python3.12/site-packages/airflow/example_dags/example_sla_dag.py
[2025-01-10T01:06:09.849+0000] {processor.py:925} INFO - DAG(s) 'example_sla_dag' retrieved from /home/airflow/.local/lib/python3.12/site-packages/airflow/example_dags/example_sla_dag.py
[2025-01-10T01:06:09.868+0000] {logging_mixin.py:190} INFO - [2025-01-10T01:06:09.868+0000] {dag.py:3239} INFO - Sync 1 DAGs
[2025-01-10T01:06:09.893+0000] {logging_mixin.py:190} INFO - [2025-01-10T01:06:09.893+0000] {dag.py:4180} INFO - Setting next_dagrun for example_sla_dag to 2025-01-10 01:04:00+00:00, run_after=2025-01-10 01:06:00+00:00
[2025-01-10T01:06:09.912+0000] {processor.py:208} INFO - Processing /home/airflow/.local/lib/python3.12/site-packages/airflow/example_dags/example_sla_dag.py took 0.081 seconds
[2025-01-10T01:06:40.106+0000] {processor.py:186} INFO - Started process (PID=669) to work on /home/airflow/.local/lib/python3.12/site-packages/airflow/example_dags/example_sla_dag.py
[2025-01-10T01:06:40.107+0000] {processor.py:914} INFO - Processing file /home/airflow/.local/lib/python3.12/site-packages/airflow/example_dags/example_sla_dag.py for tasks to queue
[2025-01-10T01:06:40.109+0000] {logging_mixin.py:190} INFO - [2025-01-10T01:06:40.109+0000] {dagbag.py:588} INFO - Filling up the DagBag from /home/airflow/.local/lib/python3.12/site-packages/airflow/example_dags/example_sla_dag.py
[2025-01-10T01:06:40.118+0000] {processor.py:925} INFO - DAG(s) 'example_sla_dag' retrieved from /home/airflow/.local/lib/python3.12/site-packages/airflow/example_dags/example_sla_dag.py
[2025-01-10T01:06:40.137+0000] {logging_mixin.py:190} INFO - [2025-01-10T01:06:40.136+0000] {dag.py:3239} INFO - Sync 1 DAGs
[2025-01-10T01:06:40.160+0000] {logging_mixin.py:190} INFO - [2025-01-10T01:06:40.160+0000] {dag.py:4180} INFO - Setting next_dagrun for example_sla_dag to 2025-01-10 01:04:00+00:00, run_after=2025-01-10 01:06:00+00:00
[2025-01-10T01:06:40.178+0000] {processor.py:208} INFO - Processing /home/airflow/.local/lib/python3.12/site-packages/airflow/example_dags/example_sla_dag.py took 0.077 seconds
[2025-01-10T01:07:10.438+0000] {processor.py:186} INFO - Started process (PID=732) to work on /home/airflow/.local/lib/python3.12/site-packages/airflow/example_dags/example_sla_dag.py
[2025-01-10T01:07:10.439+0000] {processor.py:914} INFO - Processing file /home/airflow/.local/lib/python3.12/site-packages/airflow/example_dags/example_sla_dag.py for tasks to queue
[2025-01-10T01:07:10.441+0000] {logging_mixin.py:190} INFO - [2025-01-10T01:07:10.441+0000] {dagbag.py:588} INFO - Filling up the DagBag from /home/airflow/.local/lib/python3.12/site-packages/airflow/example_dags/example_sla_dag.py
[2025-01-10T01:07:10.450+0000] {processor.py:925} INFO - DAG(s) 'example_sla_dag' retrieved from /home/airflow/.local/lib/python3.12/site-packages/airflow/example_dags/example_sla_dag.py
[2025-01-10T01:07:10.468+0000] {logging_mixin.py:190} INFO - [2025-01-10T01:07:10.467+0000] {dag.py:3239} INFO - Sync 1 DAGs
[2025-01-10T01:07:10.491+0000] {logging_mixin.py:190} INFO - [2025-01-10T01:07:10.491+0000] {dag.py:4180} INFO - Setting next_dagrun for example_sla_dag to 2025-01-10 01:04:00+00:00, run_after=2025-01-10 01:06:00+00:00
[2025-01-10T01:07:10.544+0000] {processor.py:208} INFO - Processing /home/airflow/.local/lib/python3.12/site-packages/airflow/example_dags/example_sla_dag.py took 0.111 seconds
[2025-01-10T01:07:40.906+0000] {processor.py:186} INFO - Started process (PID=795) to work on /home/airflow/.local/lib/python3.12/site-packages/airflow/example_dags/example_sla_dag.py
[2025-01-10T01:07:40.907+0000] {processor.py:914} INFO - Processing file /home/airflow/.local/lib/python3.12/site-packages/airflow/example_dags/example_sla_dag.py for tasks to queue
[2025-01-10T01:07:40.909+0000] {logging_mixin.py:190} INFO - [2025-01-10T01:07:40.909+0000] {dagbag.py:588} INFO - Filling up the DagBag from /home/airflow/.local/lib/python3.12/site-packages/airflow/example_dags/example_sla_dag.py
[2025-01-10T01:07:40.918+0000] {processor.py:925} INFO - DAG(s) 'example_sla_dag' retrieved from /home/airflow/.local/lib/python3.12/site-packages/airflow/example_dags/example_sla_dag.py
[2025-01-10T01:07:40.936+0000] {logging_mixin.py:190} INFO - [2025-01-10T01:07:40.936+0000] {dag.py:3239} INFO - Sync 1 DAGs
[2025-01-10T01:07:40.959+0000] {logging_mixin.py:190} INFO - [2025-01-10T01:07:40.959+0000] {dag.py:4180} INFO - Setting next_dagrun for example_sla_dag to 2025-01-10 01:04:00+00:00, run_after=2025-01-10 01:06:00+00:00
[2025-01-10T01:07:40.978+0000] {processor.py:208} INFO - Processing /home/airflow/.local/lib/python3.12/site-packages/airflow/example_dags/example_sla_dag.py took 0.077 seconds
[2025-01-10T01:08:11.319+0000] {processor.py:186} INFO - Started process (PID=857) to work on /home/airflow/.local/lib/python3.12/site-packages/airflow/example_dags/example_sla_dag.py
[2025-01-10T01:08:11.320+0000] {processor.py:914} INFO - Processing file /home/airflow/.local/lib/python3.12/site-packages/airflow/example_dags/example_sla_dag.py for tasks to queue
[2025-01-10T01:08:11.323+0000] {logging_mixin.py:190} INFO - [2025-01-10T01:08:11.323+0000] {dagbag.py:588} INFO - Filling up the DagBag from /home/airflow/.local/lib/python3.12/site-packages/airflow/example_dags/example_sla_dag.py
[2025-01-10T01:08:11.337+0000] {processor.py:925} INFO - DAG(s) 'example_sla_dag' retrieved from /home/airflow/.local/lib/python3.12/site-packages/airflow/example_dags/example_sla_dag.py
[2025-01-10T01:08:11.358+0000] {logging_mixin.py:190} INFO - [2025-01-10T01:08:11.358+0000] {dag.py:3239} INFO - Sync 1 DAGs
[2025-01-10T01:08:11.383+0000] {logging_mixin.py:190} INFO - [2025-01-10T01:08:11.383+0000] {dag.py:4180} INFO - Setting next_dagrun for example_sla_dag to 2025-01-10 01:06:00+00:00, run_after=2025-01-10 01:08:00+00:00
[2025-01-10T01:08:11.402+0000] {processor.py:208} INFO - Processing /home/airflow/.local/lib/python3.12/site-packages/airflow/example_dags/example_sla_dag.py took 0.090 seconds
[2025-01-10T01:08:42.262+0000] {processor.py:186} INFO - Started process (PID=920) to work on /home/airflow/.local/lib/python3.12/site-packages/airflow/example_dags/example_sla_dag.py
[2025-01-10T01:08:42.263+0000] {processor.py:914} INFO - Processing file /home/airflow/.local/lib/python3.12/site-packages/airflow/example_dags/example_sla_dag.py for tasks to queue
[2025-01-10T01:08:42.266+0000] {logging_mixin.py:190} INFO - [2025-01-10T01:08:42.266+0000] {dagbag.py:588} INFO - Filling up the DagBag from /home/airflow/.local/lib/python3.12/site-packages/airflow/example_dags/example_sla_dag.py
[2025-01-10T01:08:42.279+0000] {processor.py:925} INFO - DAG(s) 'example_sla_dag' retrieved from /home/airflow/.local/lib/python3.12/site-packages/airflow/example_dags/example_sla_dag.py
[2025-01-10T01:08:42.303+0000] {logging_mixin.py:190} INFO - [2025-01-10T01:08:42.303+0000] {dag.py:3239} INFO - Sync 1 DAGs
[2025-01-10T01:08:42.343+0000] {logging_mixin.py:190} INFO - [2025-01-10T01:08:42.342+0000] {dag.py:4180} INFO - Setting next_dagrun for example_sla_dag to 2025-01-10 01:06:00+00:00, run_after=2025-01-10 01:08:00+00:00
[2025-01-10T01:08:42.368+0000] {processor.py:208} INFO - Processing /home/airflow/.local/lib/python3.12/site-packages/airflow/example_dags/example_sla_dag.py took 0.112 seconds
[2025-01-10T01:09:12.477+0000] {processor.py:186} INFO - Started process (PID=984) to work on /home/airflow/.local/lib/python3.12/site-packages/airflow/example_dags/example_sla_dag.py
[2025-01-10T01:09:12.478+0000] {processor.py:914} INFO - Processing file /home/airflow/.local/lib/python3.12/site-packages/airflow/example_dags/example_sla_dag.py for tasks to queue
[2025-01-10T01:09:12.480+0000] {logging_mixin.py:190} INFO - [2025-01-10T01:09:12.480+0000] {dagbag.py:588} INFO - Filling up the DagBag from /home/airflow/.local/lib/python3.12/site-packages/airflow/example_dags/example_sla_dag.py
[2025-01-10T01:09:12.490+0000] {processor.py:925} INFO - DAG(s) 'example_sla_dag' retrieved from /home/airflow/.local/lib/python3.12/site-packages/airflow/example_dags/example_sla_dag.py
[2025-01-10T01:09:12.509+0000] {logging_mixin.py:190} INFO - [2025-01-10T01:09:12.509+0000] {dag.py:3239} INFO - Sync 1 DAGs
[2025-01-10T01:09:12.537+0000] {logging_mixin.py:190} INFO - [2025-01-10T01:09:12.536+0000] {dag.py:4180} INFO - Setting next_dagrun for example_sla_dag to 2025-01-10 01:06:00+00:00, run_after=2025-01-10 01:08:00+00:00
[2025-01-10T01:09:12.562+0000] {processor.py:208} INFO - Processing /home/airflow/.local/lib/python3.12/site-packages/airflow/example_dags/example_sla_dag.py took 0.091 seconds
[2025-01-10T01:09:43.119+0000] {processor.py:186} INFO - Started process (PID=1047) to work on /home/airflow/.local/lib/python3.12/site-packages/airflow/example_dags/example_sla_dag.py
[2025-01-10T01:09:43.120+0000] {processor.py:914} INFO - Processing file /home/airflow/.local/lib/python3.12/site-packages/airflow/example_dags/example_sla_dag.py for tasks to queue
[2025-01-10T01:09:43.122+0000] {logging_mixin.py:190} INFO - [2025-01-10T01:09:43.122+0000] {dagbag.py:588} INFO - Filling up the DagBag from /home/airflow/.local/lib/python3.12/site-packages/airflow/example_dags/example_sla_dag.py
[2025-01-10T01:09:43.132+0000] {processor.py:925} INFO - DAG(s) 'example_sla_dag' retrieved from /home/airflow/.local/lib/python3.12/site-packages/airflow/example_dags/example_sla_dag.py
[2025-01-10T01:09:43.150+0000] {logging_mixin.py:190} INFO - [2025-01-10T01:09:43.150+0000] {dag.py:3239} INFO - Sync 1 DAGs
[2025-01-10T01:09:43.176+0000] {logging_mixin.py:190} INFO - [2025-01-10T01:09:43.176+0000] {dag.py:4180} INFO - Setting next_dagrun for example_sla_dag to 2025-01-10 01:06:00+00:00, run_after=2025-01-10 01:08:00+00:00
[2025-01-10T01:09:43.197+0000] {processor.py:208} INFO - Processing /home/airflow/.local/lib/python3.12/site-packages/airflow/example_dags/example_sla_dag.py took 0.083 seconds
[2025-01-10T01:10:13.992+0000] {processor.py:186} INFO - Started process (PID=1109) to work on /home/airflow/.local/lib/python3.12/site-packages/airflow/example_dags/example_sla_dag.py
[2025-01-10T01:10:13.993+0000] {processor.py:914} INFO - Processing file /home/airflow/.local/lib/python3.12/site-packages/airflow/example_dags/example_sla_dag.py for tasks to queue
[2025-01-10T01:10:13.995+0000] {logging_mixin.py:190} INFO - [2025-01-10T01:10:13.995+0000] {dagbag.py:588} INFO - Filling up the DagBag from /home/airflow/.local/lib/python3.12/site-packages/airflow/example_dags/example_sla_dag.py
[2025-01-10T01:10:14.005+0000] {processor.py:925} INFO - DAG(s) 'example_sla_dag' retrieved from /home/airflow/.local/lib/python3.12/site-packages/airflow/example_dags/example_sla_dag.py
[2025-01-10T01:10:14.023+0000] {logging_mixin.py:190} INFO - [2025-01-10T01:10:14.023+0000] {dag.py:3239} INFO - Sync 1 DAGs
[2025-01-10T01:10:14.048+0000] {logging_mixin.py:190} INFO - [2025-01-10T01:10:14.048+0000] {dag.py:4180} INFO - Setting next_dagrun for example_sla_dag to 2025-01-10 01:08:00+00:00, run_after=2025-01-10 01:10:00+00:00
[2025-01-10T01:10:14.069+0000] {processor.py:208} INFO - Processing /home/airflow/.local/lib/python3.12/site-packages/airflow/example_dags/example_sla_dag.py took 0.084 seconds
[2025-01-10T01:10:44.316+0000] {processor.py:186} INFO - Started process (PID=1172) to work on /home/airflow/.local/lib/python3.12/site-packages/airflow/example_dags/example_sla_dag.py
[2025-01-10T01:10:44.318+0000] {processor.py:914} INFO - Processing file /home/airflow/.local/lib/python3.12/site-packages/airflow/example_dags/example_sla_dag.py for tasks to queue
[2025-01-10T01:10:44.321+0000] {logging_mixin.py:190} INFO - [2025-01-10T01:10:44.320+0000] {dagbag.py:588} INFO - Filling up the DagBag from /home/airflow/.local/lib/python3.12/site-packages/airflow/example_dags/example_sla_dag.py
[2025-01-10T01:10:44.332+0000] {processor.py:925} INFO - DAG(s) 'example_sla_dag' retrieved from /home/airflow/.local/lib/python3.12/site-packages/airflow/example_dags/example_sla_dag.py
[2025-01-10T01:10:44.352+0000] {logging_mixin.py:190} INFO - [2025-01-10T01:10:44.352+0000] {dag.py:3239} INFO - Sync 1 DAGs
[2025-01-10T01:10:44.376+0000] {logging_mixin.py:190} INFO - [2025-01-10T01:10:44.375+0000] {dag.py:4180} INFO - Setting next_dagrun for example_sla_dag to 2025-01-10 01:08:00+00:00, run_after=2025-01-10 01:10:00+00:00
[2025-01-10T01:10:44.394+0000] {processor.py:208} INFO - Processing /home/airflow/.local/lib/python3.12/site-packages/airflow/example_dags/example_sla_dag.py took 0.085 seconds
[2025-01-10T01:11:14.454+0000] {processor.py:186} INFO - Started process (PID=1234) to work on /home/airflow/.local/lib/python3.12/site-packages/airflow/example_dags/example_sla_dag.py
[2025-01-10T01:11:14.455+0000] {processor.py:914} INFO - Processing file /home/airflow/.local/lib/python3.12/site-packages/airflow/example_dags/example_sla_dag.py for tasks to queue
[2025-01-10T01:11:14.457+0000] {logging_mixin.py:190} INFO - [2025-01-10T01:11:14.457+0000] {dagbag.py:588} INFO - Filling up the DagBag from /home/airflow/.local/lib/python3.12/site-packages/airflow/example_dags/example_sla_dag.py
[2025-01-10T01:11:14.468+0000] {processor.py:925} INFO - DAG(s) 'example_sla_dag' retrieved from /home/airflow/.local/lib/python3.12/site-packages/airflow/example_dags/example_sla_dag.py
[2025-01-10T01:11:14.489+0000] {logging_mixin.py:190} INFO - [2025-01-10T01:11:14.488+0000] {dag.py:3239} INFO - Sync 1 DAGs
[2025-01-10T01:11:14.514+0000] {logging_mixin.py:190} INFO - [2025-01-10T01:11:14.513+0000] {dag.py:4180} INFO - Setting next_dagrun for example_sla_dag to 2025-01-10 01:08:00+00:00, run_after=2025-01-10 01:10:00+00:00
[2025-01-10T01:11:14.536+0000] {processor.py:208} INFO - Processing /home/airflow/.local/lib/python3.12/site-packages/airflow/example_dags/example_sla_dag.py took 0.087 seconds
[2025-01-10T01:11:45.338+0000] {processor.py:186} INFO - Started process (PID=1297) to work on /home/airflow/.local/lib/python3.12/site-packages/airflow/example_dags/example_sla_dag.py
[2025-01-10T01:11:45.338+0000] {processor.py:914} INFO - Processing file /home/airflow/.local/lib/python3.12/site-packages/airflow/example_dags/example_sla_dag.py for tasks to queue
[2025-01-10T01:11:45.341+0000] {logging_mixin.py:190} INFO - [2025-01-10T01:11:45.340+0000] {dagbag.py:588} INFO - Filling up the DagBag from /home/airflow/.local/lib/python3.12/site-packages/airflow/example_dags/example_sla_dag.py
[2025-01-10T01:11:45.350+0000] {processor.py:925} INFO - DAG(s) 'example_sla_dag' retrieved from /home/airflow/.local/lib/python3.12/site-packages/airflow/example_dags/example_sla_dag.py
[2025-01-10T01:11:45.368+0000] {logging_mixin.py:190} INFO - [2025-01-10T01:11:45.368+0000] {dag.py:3239} INFO - Sync 1 DAGs
[2025-01-10T01:11:45.392+0000] {logging_mixin.py:190} INFO - [2025-01-10T01:11:45.392+0000] {dag.py:4180} INFO - Setting next_dagrun for example_sla_dag to 2025-01-10 01:08:00+00:00, run_after=2025-01-10 01:10:00+00:00
[2025-01-10T01:11:45.410+0000] {processor.py:208} INFO - Processing /home/airflow/.local/lib/python3.12/site-packages/airflow/example_dags/example_sla_dag.py took 0.079 seconds
[2025-01-10T01:12:16.476+0000] {processor.py:186} INFO - Started process (PID=1360) to work on /home/airflow/.local/lib/python3.12/site-packages/airflow/example_dags/example_sla_dag.py
[2025-01-10T01:12:16.477+0000] {processor.py:914} INFO - Processing file /home/airflow/.local/lib/python3.12/site-packages/airflow/example_dags/example_sla_dag.py for tasks to queue
[2025-01-10T01:12:16.479+0000] {logging_mixin.py:190} INFO - [2025-01-10T01:12:16.479+0000] {dagbag.py:588} INFO - Filling up the DagBag from /home/airflow/.local/lib/python3.12/site-packages/airflow/example_dags/example_sla_dag.py
[2025-01-10T01:12:16.488+0000] {processor.py:925} INFO - DAG(s) 'example_sla_dag' retrieved from /home/airflow/.local/lib/python3.12/site-packages/airflow/example_dags/example_sla_dag.py
[2025-01-10T01:12:16.506+0000] {logging_mixin.py:190} INFO - [2025-01-10T01:12:16.506+0000] {dag.py:3239} INFO - Sync 1 DAGs
[2025-01-10T01:12:16.530+0000] {logging_mixin.py:190} INFO - [2025-01-10T01:12:16.530+0000] {dag.py:4180} INFO - Setting next_dagrun for example_sla_dag to 2025-01-10 01:10:00+00:00, run_after=2025-01-10 01:12:00+00:00
[2025-01-10T01:12:16.548+0000] {processor.py:208} INFO - Processing /home/airflow/.local/lib/python3.12/site-packages/airflow/example_dags/example_sla_dag.py took 0.077 seconds
[2025-01-10T01:12:46.924+0000] {processor.py:186} INFO - Started process (PID=1423) to work on /home/airflow/.local/lib/python3.12/site-packages/airflow/example_dags/example_sla_dag.py
[2025-01-10T01:12:46.925+0000] {processor.py:914} INFO - Processing file /home/airflow/.local/lib/python3.12/site-packages/airflow/example_dags/example_sla_dag.py for tasks to queue
[2025-01-10T01:12:46.927+0000] {logging_mixin.py:190} INFO - [2025-01-10T01:12:46.927+0000] {dagbag.py:588} INFO - Filling up the DagBag from /home/airflow/.local/lib/python3.12/site-packages/airflow/example_dags/example_sla_dag.py
[2025-01-10T01:12:46.936+0000] {processor.py:925} INFO - DAG(s) 'example_sla_dag' retrieved from /home/airflow/.local/lib/python3.12/site-packages/airflow/example_dags/example_sla_dag.py
[2025-01-10T01:12:46.954+0000] {logging_mixin.py:190} INFO - [2025-01-10T01:12:46.954+0000] {dag.py:3239} INFO - Sync 1 DAGs
[2025-01-10T01:12:46.978+0000] {logging_mixin.py:190} INFO - [2025-01-10T01:12:46.978+0000] {dag.py:4180} INFO - Setting next_dagrun for example_sla_dag to 2025-01-10 01:10:00+00:00, run_after=2025-01-10 01:12:00+00:00
[2025-01-10T01:12:46.998+0000] {processor.py:208} INFO - Processing /home/airflow/.local/lib/python3.12/site-packages/airflow/example_dags/example_sla_dag.py took 0.079 seconds
[2025-01-10T01:13:17.810+0000] {processor.py:186} INFO - Started process (PID=1486) to work on /home/airflow/.local/lib/python3.12/site-packages/airflow/example_dags/example_sla_dag.py
[2025-01-10T01:13:17.811+0000] {processor.py:914} INFO - Processing file /home/airflow/.local/lib/python3.12/site-packages/airflow/example_dags/example_sla_dag.py for tasks to queue
[2025-01-10T01:13:17.814+0000] {logging_mixin.py:190} INFO - [2025-01-10T01:13:17.814+0000] {dagbag.py:588} INFO - Filling up the DagBag from /home/airflow/.local/lib/python3.12/site-packages/airflow/example_dags/example_sla_dag.py
[2025-01-10T01:13:17.826+0000] {processor.py:925} INFO - DAG(s) 'example_sla_dag' retrieved from /home/airflow/.local/lib/python3.12/site-packages/airflow/example_dags/example_sla_dag.py
[2025-01-10T01:13:17.844+0000] {logging_mixin.py:190} INFO - [2025-01-10T01:13:17.844+0000] {dag.py:3239} INFO - Sync 1 DAGs
[2025-01-10T01:13:17.869+0000] {logging_mixin.py:190} INFO - [2025-01-10T01:13:17.869+0000] {dag.py:4180} INFO - Setting next_dagrun for example_sla_dag to 2025-01-10 01:10:00+00:00, run_after=2025-01-10 01:12:00+00:00
[2025-01-10T01:13:17.887+0000] {processor.py:208} INFO - Processing /home/airflow/.local/lib/python3.12/site-packages/airflow/example_dags/example_sla_dag.py took 0.083 seconds
[2025-01-10T01:13:47.954+0000] {processor.py:186} INFO - Started process (PID=1549) to work on /home/airflow/.local/lib/python3.12/site-packages/airflow/example_dags/example_sla_dag.py
[2025-01-10T01:13:47.955+0000] {processor.py:914} INFO - Processing file /home/airflow/.local/lib/python3.12/site-packages/airflow/example_dags/example_sla_dag.py for tasks to queue
[2025-01-10T01:13:47.957+0000] {logging_mixin.py:190} INFO - [2025-01-10T01:13:47.957+0000] {dagbag.py:588} INFO - Filling up the DagBag from /home/airflow/.local/lib/python3.12/site-packages/airflow/example_dags/example_sla_dag.py
[2025-01-10T01:13:47.966+0000] {processor.py:925} INFO - DAG(s) 'example_sla_dag' retrieved from /home/airflow/.local/lib/python3.12/site-packages/airflow/example_dags/example_sla_dag.py
[2025-01-10T01:13:47.984+0000] {logging_mixin.py:190} INFO - [2025-01-10T01:13:47.983+0000] {dag.py:3239} INFO - Sync 1 DAGs
[2025-01-10T01:13:48.007+0000] {logging_mixin.py:190} INFO - [2025-01-10T01:13:48.007+0000] {dag.py:4180} INFO - Setting next_dagrun for example_sla_dag to 2025-01-10 01:10:00+00:00, run_after=2025-01-10 01:12:00+00:00
[2025-01-10T01:13:48.027+0000] {processor.py:208} INFO - Processing /home/airflow/.local/lib/python3.12/site-packages/airflow/example_dags/example_sla_dag.py took 0.078 seconds
[2025-01-10T01:14:18.231+0000] {processor.py:186} INFO - Started process (PID=1612) to work on /home/airflow/.local/lib/python3.12/site-packages/airflow/example_dags/example_sla_dag.py
[2025-01-10T01:14:18.232+0000] {processor.py:914} INFO - Processing file /home/airflow/.local/lib/python3.12/site-packages/airflow/example_dags/example_sla_dag.py for tasks to queue
[2025-01-10T01:14:18.234+0000] {logging_mixin.py:190} INFO - [2025-01-10T01:14:18.234+0000] {dagbag.py:588} INFO - Filling up the DagBag from /home/airflow/.local/lib/python3.12/site-packages/airflow/example_dags/example_sla_dag.py
[2025-01-10T01:14:18.249+0000] {processor.py:925} INFO - DAG(s) 'example_sla_dag' retrieved from /home/airflow/.local/lib/python3.12/site-packages/airflow/example_dags/example_sla_dag.py
[2025-01-10T01:14:18.272+0000] {logging_mixin.py:190} INFO - [2025-01-10T01:14:18.271+0000] {dag.py:3239} INFO - Sync 1 DAGs
[2025-01-10T01:14:18.303+0000] {logging_mixin.py:190} INFO - [2025-01-10T01:14:18.303+0000] {dag.py:4180} INFO - Setting next_dagrun for example_sla_dag to 2025-01-10 01:12:00+00:00, run_after=2025-01-10 01:14:00+00:00
[2025-01-10T01:14:18.327+0000] {processor.py:208} INFO - Processing /home/airflow/.local/lib/python3.12/site-packages/airflow/example_dags/example_sla_dag.py took 0.105 seconds
[2025-01-10T01:14:49.051+0000] {processor.py:186} INFO - Started process (PID=1675) to work on /home/airflow/.local/lib/python3.12/site-packages/airflow/example_dags/example_sla_dag.py
[2025-01-10T01:14:49.052+0000] {processor.py:914} INFO - Processing file /home/airflow/.local/lib/python3.12/site-packages/airflow/example_dags/example_sla_dag.py for tasks to queue
[2025-01-10T01:14:49.054+0000] {logging_mixin.py:190} INFO - [2025-01-10T01:14:49.053+0000] {dagbag.py:588} INFO - Filling up the DagBag from /home/airflow/.local/lib/python3.12/site-packages/airflow/example_dags/example_sla_dag.py
[2025-01-10T01:14:49.063+0000] {processor.py:925} INFO - DAG(s) 'example_sla_dag' retrieved from /home/airflow/.local/lib/python3.12/site-packages/airflow/example_dags/example_sla_dag.py
[2025-01-10T01:14:49.079+0000] {logging_mixin.py:190} INFO - [2025-01-10T01:14:49.079+0000] {dag.py:3239} INFO - Sync 1 DAGs
[2025-01-10T01:14:49.102+0000] {logging_mixin.py:190} INFO - [2025-01-10T01:14:49.102+0000] {dag.py:4180} INFO - Setting next_dagrun for example_sla_dag to 2025-01-10 01:12:00+00:00, run_after=2025-01-10 01:14:00+00:00
[2025-01-10T01:14:49.119+0000] {processor.py:208} INFO - Processing /home/airflow/.local/lib/python3.12/site-packages/airflow/example_dags/example_sla_dag.py took 0.073 seconds
