[2025-01-10T00:43:46.458+0000] {processor.py:186} INFO - Started process (PID=77) to work on /home/airflow/.local/lib/python3.12/site-packages/airflow/example_dags/example_bash_decorator.py
[2025-01-10T00:43:46.459+0000] {processor.py:914} INFO - Processing file /home/airflow/.local/lib/python3.12/site-packages/airflow/example_dags/example_bash_decorator.py for tasks to queue
[2025-01-10T00:43:46.463+0000] {logging_mixin.py:190} INFO - [2025-01-10T00:43:46.462+0000] {dagbag.py:588} INFO - Filling up the DagBag from /home/airflow/.local/lib/python3.12/site-packages/airflow/example_dags/example_bash_decorator.py
[2025-01-10T00:43:46.494+0000] {processor.py:925} INFO - DAG(s) 'example_bash_decorator' retrieved from /home/airflow/.local/lib/python3.12/site-packages/airflow/example_dags/example_bash_decorator.py
[2025-01-10T00:43:46.638+0000] {logging_mixin.py:190} INFO - [2025-01-10T00:43:46.637+0000] {override.py:1911} INFO - Created Permission View: can delete on DAG:example_bash_decorator
[2025-01-10T00:43:46.666+0000] {logging_mixin.py:190} INFO - [2025-01-10T00:43:46.666+0000] {override.py:1911} INFO - Created Permission View: can read on DAG:example_bash_decorator
[2025-01-10T00:43:46.684+0000] {logging_mixin.py:190} INFO - [2025-01-10T00:43:46.683+0000] {override.py:1911} INFO - Created Permission View: can edit on DAG:example_bash_decorator
[2025-01-10T00:43:46.699+0000] {logging_mixin.py:190} INFO - [2025-01-10T00:43:46.699+0000] {override.py:1911} INFO - Created Permission View: can delete on DAG Run:example_bash_decorator
[2025-01-10T00:43:46.710+0000] {logging_mixin.py:190} INFO - [2025-01-10T00:43:46.709+0000] {override.py:1911} INFO - Created Permission View: can read on DAG Run:example_bash_decorator
[2025-01-10T00:43:46.721+0000] {logging_mixin.py:190} INFO - [2025-01-10T00:43:46.720+0000] {override.py:1911} INFO - Created Permission View: can create on DAG Run:example_bash_decorator
[2025-01-10T00:43:46.731+0000] {logging_mixin.py:190} INFO - [2025-01-10T00:43:46.731+0000] {override.py:1911} INFO - Created Permission View: menu access on DAG Run:example_bash_decorator
[2025-01-10T00:43:46.732+0000] {logging_mixin.py:190} INFO - [2025-01-10T00:43:46.732+0000] {dag.py:3239} INFO - Sync 1 DAGs
[2025-01-10T00:43:46.755+0000] {logging_mixin.py:190} INFO - [2025-01-10T00:43:46.754+0000] {dag.py:3262} INFO - Creating ORM DAG for example_bash_decorator
[2025-01-10T00:43:46.756+0000] {logging_mixin.py:190} INFO - [2025-01-10T00:43:46.756+0000] {dag.py:4180} INFO - Setting next_dagrun for example_bash_decorator to None, run_after=None
[2025-01-10T00:43:46.784+0000] {processor.py:208} INFO - Processing /home/airflow/.local/lib/python3.12/site-packages/airflow/example_dags/example_bash_decorator.py took 0.333 seconds
[2025-01-10T00:44:16.959+0000] {processor.py:186} INFO - Started process (PID=140) to work on /home/airflow/.local/lib/python3.12/site-packages/airflow/example_dags/example_bash_decorator.py
[2025-01-10T00:44:16.960+0000] {processor.py:914} INFO - Processing file /home/airflow/.local/lib/python3.12/site-packages/airflow/example_dags/example_bash_decorator.py for tasks to queue
[2025-01-10T00:44:16.964+0000] {logging_mixin.py:190} INFO - [2025-01-10T00:44:16.964+0000] {dagbag.py:588} INFO - Filling up the DagBag from /home/airflow/.local/lib/python3.12/site-packages/airflow/example_dags/example_bash_decorator.py
[2025-01-10T00:44:16.983+0000] {processor.py:925} INFO - DAG(s) 'example_bash_decorator' retrieved from /home/airflow/.local/lib/python3.12/site-packages/airflow/example_dags/example_bash_decorator.py
[2025-01-10T00:44:17.009+0000] {logging_mixin.py:190} INFO - [2025-01-10T00:44:17.008+0000] {dag.py:3239} INFO - Sync 1 DAGs
[2025-01-10T00:44:17.025+0000] {logging_mixin.py:190} INFO - [2025-01-10T00:44:17.024+0000] {dag.py:4180} INFO - Setting next_dagrun for example_bash_decorator to None, run_after=None
[2025-01-10T00:44:17.047+0000] {processor.py:208} INFO - Processing /home/airflow/.local/lib/python3.12/site-packages/airflow/example_dags/example_bash_decorator.py took 0.097 seconds
[2025-01-10T00:44:47.427+0000] {processor.py:186} INFO - Started process (PID=202) to work on /home/airflow/.local/lib/python3.12/site-packages/airflow/example_dags/example_bash_decorator.py
[2025-01-10T00:44:47.428+0000] {processor.py:914} INFO - Processing file /home/airflow/.local/lib/python3.12/site-packages/airflow/example_dags/example_bash_decorator.py for tasks to queue
[2025-01-10T00:44:47.431+0000] {logging_mixin.py:190} INFO - [2025-01-10T00:44:47.430+0000] {dagbag.py:588} INFO - Filling up the DagBag from /home/airflow/.local/lib/python3.12/site-packages/airflow/example_dags/example_bash_decorator.py
[2025-01-10T00:44:47.450+0000] {processor.py:925} INFO - DAG(s) 'example_bash_decorator' retrieved from /home/airflow/.local/lib/python3.12/site-packages/airflow/example_dags/example_bash_decorator.py
[2025-01-10T00:44:47.477+0000] {logging_mixin.py:190} INFO - [2025-01-10T00:44:47.476+0000] {dag.py:3239} INFO - Sync 1 DAGs
[2025-01-10T00:44:47.492+0000] {logging_mixin.py:190} INFO - [2025-01-10T00:44:47.492+0000] {dag.py:4180} INFO - Setting next_dagrun for example_bash_decorator to None, run_after=None
[2025-01-10T00:44:47.519+0000] {processor.py:208} INFO - Processing /home/airflow/.local/lib/python3.12/site-packages/airflow/example_dags/example_bash_decorator.py took 0.099 seconds
[2025-01-10T00:45:17.594+0000] {processor.py:186} INFO - Started process (PID=264) to work on /home/airflow/.local/lib/python3.12/site-packages/airflow/example_dags/example_bash_decorator.py
[2025-01-10T00:45:17.595+0000] {processor.py:914} INFO - Processing file /home/airflow/.local/lib/python3.12/site-packages/airflow/example_dags/example_bash_decorator.py for tasks to queue
[2025-01-10T00:45:17.598+0000] {logging_mixin.py:190} INFO - [2025-01-10T00:45:17.597+0000] {dagbag.py:588} INFO - Filling up the DagBag from /home/airflow/.local/lib/python3.12/site-packages/airflow/example_dags/example_bash_decorator.py
[2025-01-10T00:45:17.616+0000] {processor.py:925} INFO - DAG(s) 'example_bash_decorator' retrieved from /home/airflow/.local/lib/python3.12/site-packages/airflow/example_dags/example_bash_decorator.py
[2025-01-10T00:45:17.641+0000] {logging_mixin.py:190} INFO - [2025-01-10T00:45:17.640+0000] {dag.py:3239} INFO - Sync 1 DAGs
[2025-01-10T00:45:17.655+0000] {logging_mixin.py:190} INFO - [2025-01-10T00:45:17.655+0000] {dag.py:4180} INFO - Setting next_dagrun for example_bash_decorator to None, run_after=None
[2025-01-10T00:45:17.678+0000] {processor.py:208} INFO - Processing /home/airflow/.local/lib/python3.12/site-packages/airflow/example_dags/example_bash_decorator.py took 0.092 seconds
[2025-01-10T00:45:48.390+0000] {processor.py:186} INFO - Started process (PID=327) to work on /home/airflow/.local/lib/python3.12/site-packages/airflow/example_dags/example_bash_decorator.py
[2025-01-10T00:45:48.392+0000] {processor.py:914} INFO - Processing file /home/airflow/.local/lib/python3.12/site-packages/airflow/example_dags/example_bash_decorator.py for tasks to queue
[2025-01-10T00:45:48.395+0000] {logging_mixin.py:190} INFO - [2025-01-10T00:45:48.395+0000] {dagbag.py:588} INFO - Filling up the DagBag from /home/airflow/.local/lib/python3.12/site-packages/airflow/example_dags/example_bash_decorator.py
[2025-01-10T00:45:48.427+0000] {processor.py:925} INFO - DAG(s) 'example_bash_decorator' retrieved from /home/airflow/.local/lib/python3.12/site-packages/airflow/example_dags/example_bash_decorator.py
[2025-01-10T00:45:48.477+0000] {logging_mixin.py:190} INFO - [2025-01-10T00:45:48.477+0000] {dag.py:3239} INFO - Sync 1 DAGs
[2025-01-10T00:45:48.506+0000] {logging_mixin.py:190} INFO - [2025-01-10T00:45:48.506+0000] {dag.py:4180} INFO - Setting next_dagrun for example_bash_decorator to None, run_after=None
[2025-01-10T00:45:48.544+0000] {processor.py:208} INFO - Processing /home/airflow/.local/lib/python3.12/site-packages/airflow/example_dags/example_bash_decorator.py took 0.164 seconds
[2025-01-10T00:46:19.412+0000] {processor.py:186} INFO - Started process (PID=390) to work on /home/airflow/.local/lib/python3.12/site-packages/airflow/example_dags/example_bash_decorator.py
[2025-01-10T00:46:19.413+0000] {processor.py:914} INFO - Processing file /home/airflow/.local/lib/python3.12/site-packages/airflow/example_dags/example_bash_decorator.py for tasks to queue
[2025-01-10T00:46:19.415+0000] {logging_mixin.py:190} INFO - [2025-01-10T00:46:19.415+0000] {dagbag.py:588} INFO - Filling up the DagBag from /home/airflow/.local/lib/python3.12/site-packages/airflow/example_dags/example_bash_decorator.py
[2025-01-10T00:46:19.429+0000] {processor.py:925} INFO - DAG(s) 'example_bash_decorator' retrieved from /home/airflow/.local/lib/python3.12/site-packages/airflow/example_dags/example_bash_decorator.py
[2025-01-10T00:46:19.451+0000] {logging_mixin.py:190} INFO - [2025-01-10T00:46:19.451+0000] {dag.py:3239} INFO - Sync 1 DAGs
[2025-01-10T00:46:19.464+0000] {logging_mixin.py:190} INFO - [2025-01-10T00:46:19.464+0000] {dag.py:4180} INFO - Setting next_dagrun for example_bash_decorator to None, run_after=None
[2025-01-10T00:46:19.483+0000] {processor.py:208} INFO - Processing /home/airflow/.local/lib/python3.12/site-packages/airflow/example_dags/example_bash_decorator.py took 0.077 seconds
[2025-01-10T00:46:50.134+0000] {processor.py:186} INFO - Started process (PID=453) to work on /home/airflow/.local/lib/python3.12/site-packages/airflow/example_dags/example_bash_decorator.py
[2025-01-10T00:46:50.135+0000] {processor.py:914} INFO - Processing file /home/airflow/.local/lib/python3.12/site-packages/airflow/example_dags/example_bash_decorator.py for tasks to queue
[2025-01-10T00:46:50.138+0000] {logging_mixin.py:190} INFO - [2025-01-10T00:46:50.138+0000] {dagbag.py:588} INFO - Filling up the DagBag from /home/airflow/.local/lib/python3.12/site-packages/airflow/example_dags/example_bash_decorator.py
[2025-01-10T00:46:50.154+0000] {processor.py:925} INFO - DAG(s) 'example_bash_decorator' retrieved from /home/airflow/.local/lib/python3.12/site-packages/airflow/example_dags/example_bash_decorator.py
[2025-01-10T00:46:50.177+0000] {logging_mixin.py:190} INFO - [2025-01-10T00:46:50.177+0000] {dag.py:3239} INFO - Sync 1 DAGs
[2025-01-10T00:46:50.190+0000] {logging_mixin.py:190} INFO - [2025-01-10T00:46:50.190+0000] {dag.py:4180} INFO - Setting next_dagrun for example_bash_decorator to None, run_after=None
[2025-01-10T00:46:50.211+0000] {processor.py:208} INFO - Processing /home/airflow/.local/lib/python3.12/site-packages/airflow/example_dags/example_bash_decorator.py took 0.083 seconds
[2025-01-10T00:47:20.565+0000] {processor.py:186} INFO - Started process (PID=516) to work on /home/airflow/.local/lib/python3.12/site-packages/airflow/example_dags/example_bash_decorator.py
[2025-01-10T00:47:20.566+0000] {processor.py:914} INFO - Processing file /home/airflow/.local/lib/python3.12/site-packages/airflow/example_dags/example_bash_decorator.py for tasks to queue
[2025-01-10T00:47:20.568+0000] {logging_mixin.py:190} INFO - [2025-01-10T00:47:20.568+0000] {dagbag.py:588} INFO - Filling up the DagBag from /home/airflow/.local/lib/python3.12/site-packages/airflow/example_dags/example_bash_decorator.py
[2025-01-10T00:47:20.583+0000] {processor.py:925} INFO - DAG(s) 'example_bash_decorator' retrieved from /home/airflow/.local/lib/python3.12/site-packages/airflow/example_dags/example_bash_decorator.py
[2025-01-10T00:47:20.605+0000] {logging_mixin.py:190} INFO - [2025-01-10T00:47:20.605+0000] {dag.py:3239} INFO - Sync 1 DAGs
[2025-01-10T00:47:20.618+0000] {logging_mixin.py:190} INFO - [2025-01-10T00:47:20.618+0000] {dag.py:4180} INFO - Setting next_dagrun for example_bash_decorator to None, run_after=None
[2025-01-10T00:47:20.639+0000] {processor.py:208} INFO - Processing /home/airflow/.local/lib/python3.12/site-packages/airflow/example_dags/example_bash_decorator.py took 0.081 seconds
[2025-01-10T00:47:50.804+0000] {processor.py:186} INFO - Started process (PID=579) to work on /home/airflow/.local/lib/python3.12/site-packages/airflow/example_dags/example_bash_decorator.py
[2025-01-10T00:47:50.805+0000] {processor.py:914} INFO - Processing file /home/airflow/.local/lib/python3.12/site-packages/airflow/example_dags/example_bash_decorator.py for tasks to queue
[2025-01-10T00:47:50.807+0000] {logging_mixin.py:190} INFO - [2025-01-10T00:47:50.807+0000] {dagbag.py:588} INFO - Filling up the DagBag from /home/airflow/.local/lib/python3.12/site-packages/airflow/example_dags/example_bash_decorator.py
[2025-01-10T00:47:50.821+0000] {processor.py:925} INFO - DAG(s) 'example_bash_decorator' retrieved from /home/airflow/.local/lib/python3.12/site-packages/airflow/example_dags/example_bash_decorator.py
[2025-01-10T00:47:50.842+0000] {logging_mixin.py:190} INFO - [2025-01-10T00:47:50.842+0000] {dag.py:3239} INFO - Sync 1 DAGs
[2025-01-10T00:47:50.856+0000] {logging_mixin.py:190} INFO - [2025-01-10T00:47:50.855+0000] {dag.py:4180} INFO - Setting next_dagrun for example_bash_decorator to None, run_after=None
[2025-01-10T00:47:50.876+0000] {processor.py:208} INFO - Processing /home/airflow/.local/lib/python3.12/site-packages/airflow/example_dags/example_bash_decorator.py took 0.077 seconds
[2025-01-10T00:48:21.560+0000] {processor.py:186} INFO - Started process (PID=642) to work on /home/airflow/.local/lib/python3.12/site-packages/airflow/example_dags/example_bash_decorator.py
[2025-01-10T00:48:21.562+0000] {processor.py:914} INFO - Processing file /home/airflow/.local/lib/python3.12/site-packages/airflow/example_dags/example_bash_decorator.py for tasks to queue
[2025-01-10T00:48:21.565+0000] {logging_mixin.py:190} INFO - [2025-01-10T00:48:21.565+0000] {dagbag.py:588} INFO - Filling up the DagBag from /home/airflow/.local/lib/python3.12/site-packages/airflow/example_dags/example_bash_decorator.py
[2025-01-10T00:48:21.580+0000] {processor.py:925} INFO - DAG(s) 'example_bash_decorator' retrieved from /home/airflow/.local/lib/python3.12/site-packages/airflow/example_dags/example_bash_decorator.py
[2025-01-10T00:48:21.601+0000] {logging_mixin.py:190} INFO - [2025-01-10T00:48:21.601+0000] {dag.py:3239} INFO - Sync 1 DAGs
[2025-01-10T00:48:21.614+0000] {logging_mixin.py:190} INFO - [2025-01-10T00:48:21.614+0000] {dag.py:4180} INFO - Setting next_dagrun for example_bash_decorator to None, run_after=None
[2025-01-10T00:48:21.633+0000] {processor.py:208} INFO - Processing /home/airflow/.local/lib/python3.12/site-packages/airflow/example_dags/example_bash_decorator.py took 0.079 seconds
[2025-01-10T00:48:51.751+0000] {processor.py:186} INFO - Started process (PID=705) to work on /home/airflow/.local/lib/python3.12/site-packages/airflow/example_dags/example_bash_decorator.py
[2025-01-10T00:48:51.752+0000] {processor.py:914} INFO - Processing file /home/airflow/.local/lib/python3.12/site-packages/airflow/example_dags/example_bash_decorator.py for tasks to queue
[2025-01-10T00:48:51.754+0000] {logging_mixin.py:190} INFO - [2025-01-10T00:48:51.754+0000] {dagbag.py:588} INFO - Filling up the DagBag from /home/airflow/.local/lib/python3.12/site-packages/airflow/example_dags/example_bash_decorator.py
[2025-01-10T00:48:51.768+0000] {processor.py:925} INFO - DAG(s) 'example_bash_decorator' retrieved from /home/airflow/.local/lib/python3.12/site-packages/airflow/example_dags/example_bash_decorator.py
[2025-01-10T00:48:51.789+0000] {logging_mixin.py:190} INFO - [2025-01-10T00:48:51.789+0000] {dag.py:3239} INFO - Sync 1 DAGs
[2025-01-10T00:48:51.803+0000] {logging_mixin.py:190} INFO - [2025-01-10T00:48:51.802+0000] {dag.py:4180} INFO - Setting next_dagrun for example_bash_decorator to None, run_after=None
[2025-01-10T00:48:51.822+0000] {processor.py:208} INFO - Processing /home/airflow/.local/lib/python3.12/site-packages/airflow/example_dags/example_bash_decorator.py took 0.077 seconds
[2025-01-10T00:49:21.920+0000] {processor.py:186} INFO - Started process (PID=768) to work on /home/airflow/.local/lib/python3.12/site-packages/airflow/example_dags/example_bash_decorator.py
[2025-01-10T00:49:21.921+0000] {processor.py:914} INFO - Processing file /home/airflow/.local/lib/python3.12/site-packages/airflow/example_dags/example_bash_decorator.py for tasks to queue
[2025-01-10T00:49:21.923+0000] {logging_mixin.py:190} INFO - [2025-01-10T00:49:21.923+0000] {dagbag.py:588} INFO - Filling up the DagBag from /home/airflow/.local/lib/python3.12/site-packages/airflow/example_dags/example_bash_decorator.py
[2025-01-10T00:49:21.937+0000] {processor.py:925} INFO - DAG(s) 'example_bash_decorator' retrieved from /home/airflow/.local/lib/python3.12/site-packages/airflow/example_dags/example_bash_decorator.py
[2025-01-10T00:49:21.958+0000] {logging_mixin.py:190} INFO - [2025-01-10T00:49:21.958+0000] {dag.py:3239} INFO - Sync 1 DAGs
[2025-01-10T00:49:21.971+0000] {logging_mixin.py:190} INFO - [2025-01-10T00:49:21.971+0000] {dag.py:4180} INFO - Setting next_dagrun for example_bash_decorator to None, run_after=None
[2025-01-10T00:49:21.990+0000] {processor.py:208} INFO - Processing /home/airflow/.local/lib/python3.12/site-packages/airflow/example_dags/example_bash_decorator.py took 0.075 seconds
[2025-01-10T00:49:52.393+0000] {processor.py:186} INFO - Started process (PID=831) to work on /home/airflow/.local/lib/python3.12/site-packages/airflow/example_dags/example_bash_decorator.py
[2025-01-10T00:49:52.394+0000] {processor.py:914} INFO - Processing file /home/airflow/.local/lib/python3.12/site-packages/airflow/example_dags/example_bash_decorator.py for tasks to queue
[2025-01-10T00:49:52.397+0000] {logging_mixin.py:190} INFO - [2025-01-10T00:49:52.396+0000] {dagbag.py:588} INFO - Filling up the DagBag from /home/airflow/.local/lib/python3.12/site-packages/airflow/example_dags/example_bash_decorator.py
[2025-01-10T00:49:52.410+0000] {processor.py:925} INFO - DAG(s) 'example_bash_decorator' retrieved from /home/airflow/.local/lib/python3.12/site-packages/airflow/example_dags/example_bash_decorator.py
[2025-01-10T00:49:52.431+0000] {logging_mixin.py:190} INFO - [2025-01-10T00:49:52.431+0000] {dag.py:3239} INFO - Sync 1 DAGs
[2025-01-10T00:49:52.444+0000] {logging_mixin.py:190} INFO - [2025-01-10T00:49:52.444+0000] {dag.py:4180} INFO - Setting next_dagrun for example_bash_decorator to None, run_after=None
[2025-01-10T00:49:52.463+0000] {processor.py:208} INFO - Processing /home/airflow/.local/lib/python3.12/site-packages/airflow/example_dags/example_bash_decorator.py took 0.075 seconds
[2025-01-10T00:50:22.674+0000] {processor.py:186} INFO - Started process (PID=894) to work on /home/airflow/.local/lib/python3.12/site-packages/airflow/example_dags/example_bash_decorator.py
[2025-01-10T00:50:22.675+0000] {processor.py:914} INFO - Processing file /home/airflow/.local/lib/python3.12/site-packages/airflow/example_dags/example_bash_decorator.py for tasks to queue
[2025-01-10T00:50:22.677+0000] {logging_mixin.py:190} INFO - [2025-01-10T00:50:22.677+0000] {dagbag.py:588} INFO - Filling up the DagBag from /home/airflow/.local/lib/python3.12/site-packages/airflow/example_dags/example_bash_decorator.py
[2025-01-10T00:50:22.691+0000] {processor.py:925} INFO - DAG(s) 'example_bash_decorator' retrieved from /home/airflow/.local/lib/python3.12/site-packages/airflow/example_dags/example_bash_decorator.py
[2025-01-10T00:50:22.711+0000] {logging_mixin.py:190} INFO - [2025-01-10T00:50:22.711+0000] {dag.py:3239} INFO - Sync 1 DAGs
[2025-01-10T00:50:22.724+0000] {logging_mixin.py:190} INFO - [2025-01-10T00:50:22.724+0000] {dag.py:4180} INFO - Setting next_dagrun for example_bash_decorator to None, run_after=None
[2025-01-10T00:50:22.744+0000] {processor.py:208} INFO - Processing /home/airflow/.local/lib/python3.12/site-packages/airflow/example_dags/example_bash_decorator.py took 0.075 seconds
[2025-01-10T00:50:52.823+0000] {processor.py:186} INFO - Started process (PID=957) to work on /home/airflow/.local/lib/python3.12/site-packages/airflow/example_dags/example_bash_decorator.py
[2025-01-10T00:50:52.824+0000] {processor.py:914} INFO - Processing file /home/airflow/.local/lib/python3.12/site-packages/airflow/example_dags/example_bash_decorator.py for tasks to queue
[2025-01-10T00:50:52.826+0000] {logging_mixin.py:190} INFO - [2025-01-10T00:50:52.826+0000] {dagbag.py:588} INFO - Filling up the DagBag from /home/airflow/.local/lib/python3.12/site-packages/airflow/example_dags/example_bash_decorator.py
[2025-01-10T00:50:52.840+0000] {processor.py:925} INFO - DAG(s) 'example_bash_decorator' retrieved from /home/airflow/.local/lib/python3.12/site-packages/airflow/example_dags/example_bash_decorator.py
[2025-01-10T00:50:52.862+0000] {logging_mixin.py:190} INFO - [2025-01-10T00:50:52.861+0000] {dag.py:3239} INFO - Sync 1 DAGs
[2025-01-10T00:50:52.875+0000] {logging_mixin.py:190} INFO - [2025-01-10T00:50:52.875+0000] {dag.py:4180} INFO - Setting next_dagrun for example_bash_decorator to None, run_after=None
[2025-01-10T00:50:52.896+0000] {processor.py:208} INFO - Processing /home/airflow/.local/lib/python3.12/site-packages/airflow/example_dags/example_bash_decorator.py took 0.079 seconds
[2025-01-10T00:51:23.028+0000] {processor.py:186} INFO - Started process (PID=1021) to work on /home/airflow/.local/lib/python3.12/site-packages/airflow/example_dags/example_bash_decorator.py
[2025-01-10T00:51:23.029+0000] {processor.py:914} INFO - Processing file /home/airflow/.local/lib/python3.12/site-packages/airflow/example_dags/example_bash_decorator.py for tasks to queue
[2025-01-10T00:51:23.032+0000] {logging_mixin.py:190} INFO - [2025-01-10T00:51:23.032+0000] {dagbag.py:588} INFO - Filling up the DagBag from /home/airflow/.local/lib/python3.12/site-packages/airflow/example_dags/example_bash_decorator.py
[2025-01-10T00:51:23.049+0000] {processor.py:925} INFO - DAG(s) 'example_bash_decorator' retrieved from /home/airflow/.local/lib/python3.12/site-packages/airflow/example_dags/example_bash_decorator.py
[2025-01-10T00:51:23.070+0000] {logging_mixin.py:190} INFO - [2025-01-10T00:51:23.070+0000] {dag.py:3239} INFO - Sync 1 DAGs
[2025-01-10T00:51:23.083+0000] {logging_mixin.py:190} INFO - [2025-01-10T00:51:23.083+0000] {dag.py:4180} INFO - Setting next_dagrun for example_bash_decorator to None, run_after=None
[2025-01-10T00:51:23.103+0000] {processor.py:208} INFO - Processing /home/airflow/.local/lib/python3.12/site-packages/airflow/example_dags/example_bash_decorator.py took 0.082 seconds
[2025-01-10T00:51:53.457+0000] {processor.py:186} INFO - Started process (PID=1084) to work on /home/airflow/.local/lib/python3.12/site-packages/airflow/example_dags/example_bash_decorator.py
[2025-01-10T00:51:53.458+0000] {processor.py:914} INFO - Processing file /home/airflow/.local/lib/python3.12/site-packages/airflow/example_dags/example_bash_decorator.py for tasks to queue
[2025-01-10T00:51:53.460+0000] {logging_mixin.py:190} INFO - [2025-01-10T00:51:53.460+0000] {dagbag.py:588} INFO - Filling up the DagBag from /home/airflow/.local/lib/python3.12/site-packages/airflow/example_dags/example_bash_decorator.py
[2025-01-10T00:51:53.475+0000] {processor.py:925} INFO - DAG(s) 'example_bash_decorator' retrieved from /home/airflow/.local/lib/python3.12/site-packages/airflow/example_dags/example_bash_decorator.py
[2025-01-10T00:51:53.496+0000] {logging_mixin.py:190} INFO - [2025-01-10T00:51:53.496+0000] {dag.py:3239} INFO - Sync 1 DAGs
[2025-01-10T00:51:53.509+0000] {logging_mixin.py:190} INFO - [2025-01-10T00:51:53.509+0000] {dag.py:4180} INFO - Setting next_dagrun for example_bash_decorator to None, run_after=None
[2025-01-10T00:51:53.529+0000] {processor.py:208} INFO - Processing /home/airflow/.local/lib/python3.12/site-packages/airflow/example_dags/example_bash_decorator.py took 0.078 seconds
[2025-01-10T00:52:23.944+0000] {processor.py:186} INFO - Started process (PID=1147) to work on /home/airflow/.local/lib/python3.12/site-packages/airflow/example_dags/example_bash_decorator.py
[2025-01-10T00:52:23.945+0000] {processor.py:914} INFO - Processing file /home/airflow/.local/lib/python3.12/site-packages/airflow/example_dags/example_bash_decorator.py for tasks to queue
[2025-01-10T00:52:23.947+0000] {logging_mixin.py:190} INFO - [2025-01-10T00:52:23.946+0000] {dagbag.py:588} INFO - Filling up the DagBag from /home/airflow/.local/lib/python3.12/site-packages/airflow/example_dags/example_bash_decorator.py
[2025-01-10T00:52:23.961+0000] {processor.py:925} INFO - DAG(s) 'example_bash_decorator' retrieved from /home/airflow/.local/lib/python3.12/site-packages/airflow/example_dags/example_bash_decorator.py
[2025-01-10T00:52:23.986+0000] {logging_mixin.py:190} INFO - [2025-01-10T00:52:23.985+0000] {dag.py:3239} INFO - Sync 1 DAGs
[2025-01-10T00:52:23.999+0000] {logging_mixin.py:190} INFO - [2025-01-10T00:52:23.999+0000] {dag.py:4180} INFO - Setting next_dagrun for example_bash_decorator to None, run_after=None
[2025-01-10T00:52:24.021+0000] {processor.py:208} INFO - Processing /home/airflow/.local/lib/python3.12/site-packages/airflow/example_dags/example_bash_decorator.py took 0.083 seconds
[2025-01-10T00:52:54.270+0000] {processor.py:186} INFO - Started process (PID=1210) to work on /home/airflow/.local/lib/python3.12/site-packages/airflow/example_dags/example_bash_decorator.py
[2025-01-10T00:52:54.271+0000] {processor.py:914} INFO - Processing file /home/airflow/.local/lib/python3.12/site-packages/airflow/example_dags/example_bash_decorator.py for tasks to queue
[2025-01-10T00:52:54.273+0000] {logging_mixin.py:190} INFO - [2025-01-10T00:52:54.273+0000] {dagbag.py:588} INFO - Filling up the DagBag from /home/airflow/.local/lib/python3.12/site-packages/airflow/example_dags/example_bash_decorator.py
[2025-01-10T00:52:54.287+0000] {processor.py:925} INFO - DAG(s) 'example_bash_decorator' retrieved from /home/airflow/.local/lib/python3.12/site-packages/airflow/example_dags/example_bash_decorator.py
[2025-01-10T00:52:54.306+0000] {logging_mixin.py:190} INFO - [2025-01-10T00:52:54.306+0000] {dag.py:3239} INFO - Sync 1 DAGs
[2025-01-10T00:52:54.319+0000] {logging_mixin.py:190} INFO - [2025-01-10T00:52:54.319+0000] {dag.py:4180} INFO - Setting next_dagrun for example_bash_decorator to None, run_after=None
[2025-01-10T00:52:54.338+0000] {processor.py:208} INFO - Processing /home/airflow/.local/lib/python3.12/site-packages/airflow/example_dags/example_bash_decorator.py took 0.073 seconds
[2025-01-10T00:53:24.977+0000] {processor.py:186} INFO - Started process (PID=1273) to work on /home/airflow/.local/lib/python3.12/site-packages/airflow/example_dags/example_bash_decorator.py
[2025-01-10T00:53:24.978+0000] {processor.py:914} INFO - Processing file /home/airflow/.local/lib/python3.12/site-packages/airflow/example_dags/example_bash_decorator.py for tasks to queue
[2025-01-10T00:53:24.982+0000] {logging_mixin.py:190} INFO - [2025-01-10T00:53:24.981+0000] {dagbag.py:588} INFO - Filling up the DagBag from /home/airflow/.local/lib/python3.12/site-packages/airflow/example_dags/example_bash_decorator.py
[2025-01-10T00:53:25.002+0000] {processor.py:925} INFO - DAG(s) 'example_bash_decorator' retrieved from /home/airflow/.local/lib/python3.12/site-packages/airflow/example_dags/example_bash_decorator.py
[2025-01-10T00:53:25.028+0000] {logging_mixin.py:190} INFO - [2025-01-10T00:53:25.028+0000] {dag.py:3239} INFO - Sync 1 DAGs
[2025-01-10T00:53:25.047+0000] {logging_mixin.py:190} INFO - [2025-01-10T00:53:25.047+0000] {dag.py:4180} INFO - Setting next_dagrun for example_bash_decorator to None, run_after=None
[2025-01-10T00:53:25.071+0000] {processor.py:208} INFO - Processing /home/airflow/.local/lib/python3.12/site-packages/airflow/example_dags/example_bash_decorator.py took 0.101 seconds
[2025-01-10T00:53:55.278+0000] {processor.py:186} INFO - Started process (PID=1337) to work on /home/airflow/.local/lib/python3.12/site-packages/airflow/example_dags/example_bash_decorator.py
[2025-01-10T00:53:55.280+0000] {processor.py:914} INFO - Processing file /home/airflow/.local/lib/python3.12/site-packages/airflow/example_dags/example_bash_decorator.py for tasks to queue
[2025-01-10T00:53:55.283+0000] {logging_mixin.py:190} INFO - [2025-01-10T00:53:55.282+0000] {dagbag.py:588} INFO - Filling up the DagBag from /home/airflow/.local/lib/python3.12/site-packages/airflow/example_dags/example_bash_decorator.py
[2025-01-10T00:53:55.307+0000] {processor.py:925} INFO - DAG(s) 'example_bash_decorator' retrieved from /home/airflow/.local/lib/python3.12/site-packages/airflow/example_dags/example_bash_decorator.py
[2025-01-10T00:53:55.342+0000] {logging_mixin.py:190} INFO - [2025-01-10T00:53:55.342+0000] {dag.py:3239} INFO - Sync 1 DAGs
[2025-01-10T00:53:55.361+0000] {logging_mixin.py:190} INFO - [2025-01-10T00:53:55.360+0000] {dag.py:4180} INFO - Setting next_dagrun for example_bash_decorator to None, run_after=None
[2025-01-10T00:53:55.385+0000] {processor.py:208} INFO - Processing /home/airflow/.local/lib/python3.12/site-packages/airflow/example_dags/example_bash_decorator.py took 0.118 seconds
[2025-01-10T00:54:25.809+0000] {processor.py:186} INFO - Started process (PID=1400) to work on /home/airflow/.local/lib/python3.12/site-packages/airflow/example_dags/example_bash_decorator.py
[2025-01-10T00:54:25.810+0000] {processor.py:914} INFO - Processing file /home/airflow/.local/lib/python3.12/site-packages/airflow/example_dags/example_bash_decorator.py for tasks to queue
[2025-01-10T00:54:25.812+0000] {logging_mixin.py:190} INFO - [2025-01-10T00:54:25.812+0000] {dagbag.py:588} INFO - Filling up the DagBag from /home/airflow/.local/lib/python3.12/site-packages/airflow/example_dags/example_bash_decorator.py
[2025-01-10T00:54:25.829+0000] {processor.py:925} INFO - DAG(s) 'example_bash_decorator' retrieved from /home/airflow/.local/lib/python3.12/site-packages/airflow/example_dags/example_bash_decorator.py
[2025-01-10T00:54:25.851+0000] {logging_mixin.py:190} INFO - [2025-01-10T00:54:25.850+0000] {dag.py:3239} INFO - Sync 1 DAGs
[2025-01-10T00:54:25.864+0000] {logging_mixin.py:190} INFO - [2025-01-10T00:54:25.864+0000] {dag.py:4180} INFO - Setting next_dagrun for example_bash_decorator to None, run_after=None
[2025-01-10T00:54:25.885+0000] {processor.py:208} INFO - Processing /home/airflow/.local/lib/python3.12/site-packages/airflow/example_dags/example_bash_decorator.py took 0.083 seconds
[2025-01-10T00:54:55.932+0000] {processor.py:186} INFO - Started process (PID=1463) to work on /home/airflow/.local/lib/python3.12/site-packages/airflow/example_dags/example_bash_decorator.py
[2025-01-10T00:54:55.934+0000] {processor.py:914} INFO - Processing file /home/airflow/.local/lib/python3.12/site-packages/airflow/example_dags/example_bash_decorator.py for tasks to queue
[2025-01-10T00:54:55.936+0000] {logging_mixin.py:190} INFO - [2025-01-10T00:54:55.936+0000] {dagbag.py:588} INFO - Filling up the DagBag from /home/airflow/.local/lib/python3.12/site-packages/airflow/example_dags/example_bash_decorator.py
[2025-01-10T00:54:55.952+0000] {processor.py:925} INFO - DAG(s) 'example_bash_decorator' retrieved from /home/airflow/.local/lib/python3.12/site-packages/airflow/example_dags/example_bash_decorator.py
[2025-01-10T00:54:55.975+0000] {logging_mixin.py:190} INFO - [2025-01-10T00:54:55.975+0000] {dag.py:3239} INFO - Sync 1 DAGs
[2025-01-10T00:54:55.990+0000] {logging_mixin.py:190} INFO - [2025-01-10T00:54:55.990+0000] {dag.py:4180} INFO - Setting next_dagrun for example_bash_decorator to None, run_after=None
[2025-01-10T00:54:56.009+0000] {processor.py:208} INFO - Processing /home/airflow/.local/lib/python3.12/site-packages/airflow/example_dags/example_bash_decorator.py took 0.082 seconds
[2025-01-10T00:55:26.279+0000] {processor.py:186} INFO - Started process (PID=1526) to work on /home/airflow/.local/lib/python3.12/site-packages/airflow/example_dags/example_bash_decorator.py
[2025-01-10T00:55:26.280+0000] {processor.py:914} INFO - Processing file /home/airflow/.local/lib/python3.12/site-packages/airflow/example_dags/example_bash_decorator.py for tasks to queue
[2025-01-10T00:55:26.282+0000] {logging_mixin.py:190} INFO - [2025-01-10T00:55:26.282+0000] {dagbag.py:588} INFO - Filling up the DagBag from /home/airflow/.local/lib/python3.12/site-packages/airflow/example_dags/example_bash_decorator.py
[2025-01-10T00:55:26.297+0000] {processor.py:925} INFO - DAG(s) 'example_bash_decorator' retrieved from /home/airflow/.local/lib/python3.12/site-packages/airflow/example_dags/example_bash_decorator.py
[2025-01-10T00:55:26.318+0000] {logging_mixin.py:190} INFO - [2025-01-10T00:55:26.317+0000] {dag.py:3239} INFO - Sync 1 DAGs
[2025-01-10T00:55:26.332+0000] {logging_mixin.py:190} INFO - [2025-01-10T00:55:26.332+0000] {dag.py:4180} INFO - Setting next_dagrun for example_bash_decorator to None, run_after=None
[2025-01-10T00:55:26.350+0000] {processor.py:208} INFO - Processing /home/airflow/.local/lib/python3.12/site-packages/airflow/example_dags/example_bash_decorator.py took 0.078 seconds
[2025-01-10T00:55:56.957+0000] {processor.py:186} INFO - Started process (PID=1589) to work on /home/airflow/.local/lib/python3.12/site-packages/airflow/example_dags/example_bash_decorator.py
[2025-01-10T00:55:56.958+0000] {processor.py:914} INFO - Processing file /home/airflow/.local/lib/python3.12/site-packages/airflow/example_dags/example_bash_decorator.py for tasks to queue
[2025-01-10T00:55:56.962+0000] {logging_mixin.py:190} INFO - [2025-01-10T00:55:56.961+0000] {dagbag.py:588} INFO - Filling up the DagBag from /home/airflow/.local/lib/python3.12/site-packages/airflow/example_dags/example_bash_decorator.py
[2025-01-10T00:55:56.986+0000] {processor.py:925} INFO - DAG(s) 'example_bash_decorator' retrieved from /home/airflow/.local/lib/python3.12/site-packages/airflow/example_dags/example_bash_decorator.py
[2025-01-10T00:55:57.017+0000] {logging_mixin.py:190} INFO - [2025-01-10T00:55:57.016+0000] {dag.py:3239} INFO - Sync 1 DAGs
[2025-01-10T00:55:57.035+0000] {logging_mixin.py:190} INFO - [2025-01-10T00:55:57.034+0000] {dag.py:4180} INFO - Setting next_dagrun for example_bash_decorator to None, run_after=None
[2025-01-10T00:55:57.061+0000] {processor.py:208} INFO - Processing /home/airflow/.local/lib/python3.12/site-packages/airflow/example_dags/example_bash_decorator.py took 0.114 seconds
[2025-01-10T00:56:27.381+0000] {processor.py:186} INFO - Started process (PID=1652) to work on /home/airflow/.local/lib/python3.12/site-packages/airflow/example_dags/example_bash_decorator.py
[2025-01-10T00:56:27.382+0000] {processor.py:914} INFO - Processing file /home/airflow/.local/lib/python3.12/site-packages/airflow/example_dags/example_bash_decorator.py for tasks to queue
[2025-01-10T00:56:27.384+0000] {logging_mixin.py:190} INFO - [2025-01-10T00:56:27.384+0000] {dagbag.py:588} INFO - Filling up the DagBag from /home/airflow/.local/lib/python3.12/site-packages/airflow/example_dags/example_bash_decorator.py
[2025-01-10T00:56:27.398+0000] {processor.py:925} INFO - DAG(s) 'example_bash_decorator' retrieved from /home/airflow/.local/lib/python3.12/site-packages/airflow/example_dags/example_bash_decorator.py
[2025-01-10T00:56:27.418+0000] {logging_mixin.py:190} INFO - [2025-01-10T00:56:27.418+0000] {dag.py:3239} INFO - Sync 1 DAGs
[2025-01-10T00:56:27.431+0000] {logging_mixin.py:190} INFO - [2025-01-10T00:56:27.431+0000] {dag.py:4180} INFO - Setting next_dagrun for example_bash_decorator to None, run_after=None
[2025-01-10T00:56:27.450+0000] {processor.py:208} INFO - Processing /home/airflow/.local/lib/python3.12/site-packages/airflow/example_dags/example_bash_decorator.py took 0.074 seconds
[2025-01-10T00:56:57.500+0000] {processor.py:186} INFO - Started process (PID=1715) to work on /home/airflow/.local/lib/python3.12/site-packages/airflow/example_dags/example_bash_decorator.py
[2025-01-10T00:56:57.500+0000] {processor.py:914} INFO - Processing file /home/airflow/.local/lib/python3.12/site-packages/airflow/example_dags/example_bash_decorator.py for tasks to queue
[2025-01-10T00:56:57.503+0000] {logging_mixin.py:190} INFO - [2025-01-10T00:56:57.502+0000] {dagbag.py:588} INFO - Filling up the DagBag from /home/airflow/.local/lib/python3.12/site-packages/airflow/example_dags/example_bash_decorator.py
[2025-01-10T00:56:57.516+0000] {processor.py:925} INFO - DAG(s) 'example_bash_decorator' retrieved from /home/airflow/.local/lib/python3.12/site-packages/airflow/example_dags/example_bash_decorator.py
[2025-01-10T00:56:57.536+0000] {logging_mixin.py:190} INFO - [2025-01-10T00:56:57.536+0000] {dag.py:3239} INFO - Sync 1 DAGs
[2025-01-10T00:56:57.549+0000] {logging_mixin.py:190} INFO - [2025-01-10T00:56:57.549+0000] {dag.py:4180} INFO - Setting next_dagrun for example_bash_decorator to None, run_after=None
[2025-01-10T00:56:57.568+0000] {processor.py:208} INFO - Processing /home/airflow/.local/lib/python3.12/site-packages/airflow/example_dags/example_bash_decorator.py took 0.074 seconds
[2025-01-10T00:57:28.173+0000] {processor.py:186} INFO - Started process (PID=1777) to work on /home/airflow/.local/lib/python3.12/site-packages/airflow/example_dags/example_bash_decorator.py
[2025-01-10T00:57:28.174+0000] {processor.py:914} INFO - Processing file /home/airflow/.local/lib/python3.12/site-packages/airflow/example_dags/example_bash_decorator.py for tasks to queue
[2025-01-10T00:57:28.177+0000] {logging_mixin.py:190} INFO - [2025-01-10T00:57:28.176+0000] {dagbag.py:588} INFO - Filling up the DagBag from /home/airflow/.local/lib/python3.12/site-packages/airflow/example_dags/example_bash_decorator.py
[2025-01-10T00:57:28.194+0000] {processor.py:925} INFO - DAG(s) 'example_bash_decorator' retrieved from /home/airflow/.local/lib/python3.12/site-packages/airflow/example_dags/example_bash_decorator.py
[2025-01-10T00:57:28.214+0000] {logging_mixin.py:190} INFO - [2025-01-10T00:57:28.214+0000] {dag.py:3239} INFO - Sync 1 DAGs
[2025-01-10T00:57:28.228+0000] {logging_mixin.py:190} INFO - [2025-01-10T00:57:28.228+0000] {dag.py:4180} INFO - Setting next_dagrun for example_bash_decorator to None, run_after=None
[2025-01-10T00:57:28.247+0000] {processor.py:208} INFO - Processing /home/airflow/.local/lib/python3.12/site-packages/airflow/example_dags/example_bash_decorator.py took 0.081 seconds
[2025-01-10T00:57:59.103+0000] {processor.py:186} INFO - Started process (PID=1841) to work on /home/airflow/.local/lib/python3.12/site-packages/airflow/example_dags/example_bash_decorator.py
[2025-01-10T00:57:59.104+0000] {processor.py:914} INFO - Processing file /home/airflow/.local/lib/python3.12/site-packages/airflow/example_dags/example_bash_decorator.py for tasks to queue
[2025-01-10T00:57:59.108+0000] {logging_mixin.py:190} INFO - [2025-01-10T00:57:59.108+0000] {dagbag.py:588} INFO - Filling up the DagBag from /home/airflow/.local/lib/python3.12/site-packages/airflow/example_dags/example_bash_decorator.py
[2025-01-10T00:57:59.132+0000] {processor.py:925} INFO - DAG(s) 'example_bash_decorator' retrieved from /home/airflow/.local/lib/python3.12/site-packages/airflow/example_dags/example_bash_decorator.py
[2025-01-10T00:57:59.163+0000] {logging_mixin.py:190} INFO - [2025-01-10T00:57:59.162+0000] {dag.py:3239} INFO - Sync 1 DAGs
[2025-01-10T00:57:59.189+0000] {logging_mixin.py:190} INFO - [2025-01-10T00:57:59.189+0000] {dag.py:4180} INFO - Setting next_dagrun for example_bash_decorator to None, run_after=None
[2025-01-10T00:57:59.219+0000] {processor.py:208} INFO - Processing /home/airflow/.local/lib/python3.12/site-packages/airflow/example_dags/example_bash_decorator.py took 0.126 seconds
[2025-01-10T00:58:29.867+0000] {processor.py:186} INFO - Started process (PID=1904) to work on /home/airflow/.local/lib/python3.12/site-packages/airflow/example_dags/example_bash_decorator.py
[2025-01-10T00:58:29.868+0000] {processor.py:914} INFO - Processing file /home/airflow/.local/lib/python3.12/site-packages/airflow/example_dags/example_bash_decorator.py for tasks to queue
[2025-01-10T00:58:29.871+0000] {logging_mixin.py:190} INFO - [2025-01-10T00:58:29.871+0000] {dagbag.py:588} INFO - Filling up the DagBag from /home/airflow/.local/lib/python3.12/site-packages/airflow/example_dags/example_bash_decorator.py
[2025-01-10T00:58:29.894+0000] {processor.py:925} INFO - DAG(s) 'example_bash_decorator' retrieved from /home/airflow/.local/lib/python3.12/site-packages/airflow/example_dags/example_bash_decorator.py
[2025-01-10T00:58:29.925+0000] {logging_mixin.py:190} INFO - [2025-01-10T00:58:29.925+0000] {dag.py:3239} INFO - Sync 1 DAGs
[2025-01-10T00:58:29.940+0000] {logging_mixin.py:190} INFO - [2025-01-10T00:58:29.940+0000] {dag.py:4180} INFO - Setting next_dagrun for example_bash_decorator to None, run_after=None
[2025-01-10T00:58:29.961+0000] {processor.py:208} INFO - Processing /home/airflow/.local/lib/python3.12/site-packages/airflow/example_dags/example_bash_decorator.py took 0.105 seconds
[2025-01-10T01:01:57.276+0000] {processor.py:186} INFO - Started process (PID=65) to work on /home/airflow/.local/lib/python3.12/site-packages/airflow/example_dags/example_bash_decorator.py
[2025-01-10T01:01:57.278+0000] {processor.py:914} INFO - Processing file /home/airflow/.local/lib/python3.12/site-packages/airflow/example_dags/example_bash_decorator.py for tasks to queue
[2025-01-10T01:01:57.282+0000] {logging_mixin.py:190} INFO - [2025-01-10T01:01:57.282+0000] {dagbag.py:588} INFO - Filling up the DagBag from /home/airflow/.local/lib/python3.12/site-packages/airflow/example_dags/example_bash_decorator.py
[2025-01-10T01:01:57.317+0000] {processor.py:925} INFO - DAG(s) 'example_bash_decorator' retrieved from /home/airflow/.local/lib/python3.12/site-packages/airflow/example_dags/example_bash_decorator.py
[2025-01-10T01:01:57.497+0000] {logging_mixin.py:190} INFO - [2025-01-10T01:01:57.497+0000] {dag.py:3239} INFO - Sync 1 DAGs
[2025-01-10T01:01:57.514+0000] {logging_mixin.py:190} INFO - [2025-01-10T01:01:57.514+0000] {dag.py:4180} INFO - Setting next_dagrun for example_bash_decorator to None, run_after=None
[2025-01-10T01:01:57.539+0000] {processor.py:208} INFO - Processing /home/airflow/.local/lib/python3.12/site-packages/airflow/example_dags/example_bash_decorator.py took 0.275 seconds
[2025-01-10T01:02:28.957+0000] {processor.py:186} INFO - Started process (PID=128) to work on /home/airflow/.local/lib/python3.12/site-packages/airflow/example_dags/example_bash_decorator.py
[2025-01-10T01:02:28.958+0000] {processor.py:914} INFO - Processing file /home/airflow/.local/lib/python3.12/site-packages/airflow/example_dags/example_bash_decorator.py for tasks to queue
[2025-01-10T01:02:28.964+0000] {logging_mixin.py:190} INFO - [2025-01-10T01:02:28.964+0000] {dagbag.py:588} INFO - Filling up the DagBag from /home/airflow/.local/lib/python3.12/site-packages/airflow/example_dags/example_bash_decorator.py
[2025-01-10T01:02:28.992+0000] {processor.py:925} INFO - DAG(s) 'example_bash_decorator' retrieved from /home/airflow/.local/lib/python3.12/site-packages/airflow/example_dags/example_bash_decorator.py
[2025-01-10T01:02:29.036+0000] {logging_mixin.py:190} INFO - [2025-01-10T01:02:29.036+0000] {dag.py:3239} INFO - Sync 1 DAGs
[2025-01-10T01:02:29.062+0000] {logging_mixin.py:190} INFO - [2025-01-10T01:02:29.061+0000] {dag.py:4180} INFO - Setting next_dagrun for example_bash_decorator to None, run_after=None
[2025-01-10T01:02:29.091+0000] {processor.py:208} INFO - Processing /home/airflow/.local/lib/python3.12/site-packages/airflow/example_dags/example_bash_decorator.py took 0.144 seconds
[2025-01-10T01:03:00.204+0000] {processor.py:186} INFO - Started process (PID=197) to work on /home/airflow/.local/lib/python3.12/site-packages/airflow/example_dags/example_bash_decorator.py
[2025-01-10T01:03:00.205+0000] {processor.py:914} INFO - Processing file /home/airflow/.local/lib/python3.12/site-packages/airflow/example_dags/example_bash_decorator.py for tasks to queue
[2025-01-10T01:03:00.207+0000] {logging_mixin.py:190} INFO - [2025-01-10T01:03:00.207+0000] {dagbag.py:588} INFO - Filling up the DagBag from /home/airflow/.local/lib/python3.12/site-packages/airflow/example_dags/example_bash_decorator.py
[2025-01-10T01:03:00.222+0000] {processor.py:925} INFO - DAG(s) 'example_bash_decorator' retrieved from /home/airflow/.local/lib/python3.12/site-packages/airflow/example_dags/example_bash_decorator.py
[2025-01-10T01:03:00.246+0000] {logging_mixin.py:190} INFO - [2025-01-10T01:03:00.246+0000] {dag.py:3239} INFO - Sync 1 DAGs
[2025-01-10T01:03:00.260+0000] {logging_mixin.py:190} INFO - [2025-01-10T01:03:00.259+0000] {dag.py:4180} INFO - Setting next_dagrun for example_bash_decorator to None, run_after=None
[2025-01-10T01:03:00.279+0000] {processor.py:208} INFO - Processing /home/airflow/.local/lib/python3.12/site-packages/airflow/example_dags/example_bash_decorator.py took 0.080 seconds
[2025-01-10T01:03:31.091+0000] {processor.py:186} INFO - Started process (PID=260) to work on /home/airflow/.local/lib/python3.12/site-packages/airflow/example_dags/example_bash_decorator.py
[2025-01-10T01:03:31.092+0000] {processor.py:914} INFO - Processing file /home/airflow/.local/lib/python3.12/site-packages/airflow/example_dags/example_bash_decorator.py for tasks to queue
[2025-01-10T01:03:31.094+0000] {logging_mixin.py:190} INFO - [2025-01-10T01:03:31.094+0000] {dagbag.py:588} INFO - Filling up the DagBag from /home/airflow/.local/lib/python3.12/site-packages/airflow/example_dags/example_bash_decorator.py
[2025-01-10T01:03:31.111+0000] {processor.py:925} INFO - DAG(s) 'example_bash_decorator' retrieved from /home/airflow/.local/lib/python3.12/site-packages/airflow/example_dags/example_bash_decorator.py
[2025-01-10T01:03:31.132+0000] {logging_mixin.py:190} INFO - [2025-01-10T01:03:31.132+0000] {dag.py:3239} INFO - Sync 1 DAGs
[2025-01-10T01:03:31.146+0000] {logging_mixin.py:190} INFO - [2025-01-10T01:03:31.145+0000] {dag.py:4180} INFO - Setting next_dagrun for example_bash_decorator to None, run_after=None
[2025-01-10T01:03:31.166+0000] {processor.py:208} INFO - Processing /home/airflow/.local/lib/python3.12/site-packages/airflow/example_dags/example_bash_decorator.py took 0.081 seconds
[2025-01-10T01:04:01.705+0000] {processor.py:186} INFO - Started process (PID=322) to work on /home/airflow/.local/lib/python3.12/site-packages/airflow/example_dags/example_bash_decorator.py
[2025-01-10T01:04:01.706+0000] {processor.py:914} INFO - Processing file /home/airflow/.local/lib/python3.12/site-packages/airflow/example_dags/example_bash_decorator.py for tasks to queue
[2025-01-10T01:04:01.708+0000] {logging_mixin.py:190} INFO - [2025-01-10T01:04:01.708+0000] {dagbag.py:588} INFO - Filling up the DagBag from /home/airflow/.local/lib/python3.12/site-packages/airflow/example_dags/example_bash_decorator.py
[2025-01-10T01:04:01.722+0000] {processor.py:925} INFO - DAG(s) 'example_bash_decorator' retrieved from /home/airflow/.local/lib/python3.12/site-packages/airflow/example_dags/example_bash_decorator.py
[2025-01-10T01:04:01.743+0000] {logging_mixin.py:190} INFO - [2025-01-10T01:04:01.742+0000] {dag.py:3239} INFO - Sync 1 DAGs
[2025-01-10T01:04:01.758+0000] {logging_mixin.py:190} INFO - [2025-01-10T01:04:01.758+0000] {dag.py:4180} INFO - Setting next_dagrun for example_bash_decorator to None, run_after=None
[2025-01-10T01:04:01.777+0000] {processor.py:208} INFO - Processing /home/airflow/.local/lib/python3.12/site-packages/airflow/example_dags/example_bash_decorator.py took 0.077 seconds
[2025-01-10T01:04:32.192+0000] {processor.py:186} INFO - Started process (PID=385) to work on /home/airflow/.local/lib/python3.12/site-packages/airflow/example_dags/example_bash_decorator.py
[2025-01-10T01:04:32.193+0000] {processor.py:914} INFO - Processing file /home/airflow/.local/lib/python3.12/site-packages/airflow/example_dags/example_bash_decorator.py for tasks to queue
[2025-01-10T01:04:32.195+0000] {logging_mixin.py:190} INFO - [2025-01-10T01:04:32.195+0000] {dagbag.py:588} INFO - Filling up the DagBag from /home/airflow/.local/lib/python3.12/site-packages/airflow/example_dags/example_bash_decorator.py
[2025-01-10T01:04:32.209+0000] {processor.py:925} INFO - DAG(s) 'example_bash_decorator' retrieved from /home/airflow/.local/lib/python3.12/site-packages/airflow/example_dags/example_bash_decorator.py
[2025-01-10T01:04:32.232+0000] {logging_mixin.py:190} INFO - [2025-01-10T01:04:32.232+0000] {dag.py:3239} INFO - Sync 1 DAGs
[2025-01-10T01:04:32.247+0000] {logging_mixin.py:190} INFO - [2025-01-10T01:04:32.247+0000] {dag.py:4180} INFO - Setting next_dagrun for example_bash_decorator to None, run_after=None
[2025-01-10T01:04:32.267+0000] {processor.py:208} INFO - Processing /home/airflow/.local/lib/python3.12/site-packages/airflow/example_dags/example_bash_decorator.py took 0.081 seconds
[2025-01-10T01:05:02.954+0000] {processor.py:186} INFO - Started process (PID=448) to work on /home/airflow/.local/lib/python3.12/site-packages/airflow/example_dags/example_bash_decorator.py
[2025-01-10T01:05:02.955+0000] {processor.py:914} INFO - Processing file /home/airflow/.local/lib/python3.12/site-packages/airflow/example_dags/example_bash_decorator.py for tasks to queue
[2025-01-10T01:05:02.957+0000] {logging_mixin.py:190} INFO - [2025-01-10T01:05:02.957+0000] {dagbag.py:588} INFO - Filling up the DagBag from /home/airflow/.local/lib/python3.12/site-packages/airflow/example_dags/example_bash_decorator.py
[2025-01-10T01:05:02.971+0000] {processor.py:925} INFO - DAG(s) 'example_bash_decorator' retrieved from /home/airflow/.local/lib/python3.12/site-packages/airflow/example_dags/example_bash_decorator.py
[2025-01-10T01:05:02.995+0000] {logging_mixin.py:190} INFO - [2025-01-10T01:05:02.995+0000] {dag.py:3239} INFO - Sync 1 DAGs
[2025-01-10T01:05:03.008+0000] {logging_mixin.py:190} INFO - [2025-01-10T01:05:03.007+0000] {dag.py:4180} INFO - Setting next_dagrun for example_bash_decorator to None, run_after=None
[2025-01-10T01:05:03.027+0000] {processor.py:208} INFO - Processing /home/airflow/.local/lib/python3.12/site-packages/airflow/example_dags/example_bash_decorator.py took 0.079 seconds
[2025-01-10T01:05:33.510+0000] {processor.py:186} INFO - Started process (PID=510) to work on /home/airflow/.local/lib/python3.12/site-packages/airflow/example_dags/example_bash_decorator.py
[2025-01-10T01:05:33.511+0000] {processor.py:914} INFO - Processing file /home/airflow/.local/lib/python3.12/site-packages/airflow/example_dags/example_bash_decorator.py for tasks to queue
[2025-01-10T01:05:33.514+0000] {logging_mixin.py:190} INFO - [2025-01-10T01:05:33.514+0000] {dagbag.py:588} INFO - Filling up the DagBag from /home/airflow/.local/lib/python3.12/site-packages/airflow/example_dags/example_bash_decorator.py
[2025-01-10T01:05:33.527+0000] {processor.py:925} INFO - DAG(s) 'example_bash_decorator' retrieved from /home/airflow/.local/lib/python3.12/site-packages/airflow/example_dags/example_bash_decorator.py
[2025-01-10T01:05:33.547+0000] {logging_mixin.py:190} INFO - [2025-01-10T01:05:33.546+0000] {dag.py:3239} INFO - Sync 1 DAGs
[2025-01-10T01:05:33.559+0000] {logging_mixin.py:190} INFO - [2025-01-10T01:05:33.559+0000] {dag.py:4180} INFO - Setting next_dagrun for example_bash_decorator to None, run_after=None
[2025-01-10T01:05:33.578+0000] {processor.py:208} INFO - Processing /home/airflow/.local/lib/python3.12/site-packages/airflow/example_dags/example_bash_decorator.py took 0.073 seconds
[2025-01-10T01:06:04.413+0000] {processor.py:186} INFO - Started process (PID=573) to work on /home/airflow/.local/lib/python3.12/site-packages/airflow/example_dags/example_bash_decorator.py
[2025-01-10T01:06:04.414+0000] {processor.py:914} INFO - Processing file /home/airflow/.local/lib/python3.12/site-packages/airflow/example_dags/example_bash_decorator.py for tasks to queue
[2025-01-10T01:06:04.416+0000] {logging_mixin.py:190} INFO - [2025-01-10T01:06:04.416+0000] {dagbag.py:588} INFO - Filling up the DagBag from /home/airflow/.local/lib/python3.12/site-packages/airflow/example_dags/example_bash_decorator.py
[2025-01-10T01:06:04.430+0000] {processor.py:925} INFO - DAG(s) 'example_bash_decorator' retrieved from /home/airflow/.local/lib/python3.12/site-packages/airflow/example_dags/example_bash_decorator.py
[2025-01-10T01:06:04.451+0000] {logging_mixin.py:190} INFO - [2025-01-10T01:06:04.451+0000] {dag.py:3239} INFO - Sync 1 DAGs
[2025-01-10T01:06:04.464+0000] {logging_mixin.py:190} INFO - [2025-01-10T01:06:04.463+0000] {dag.py:4180} INFO - Setting next_dagrun for example_bash_decorator to None, run_after=None
[2025-01-10T01:06:04.485+0000] {processor.py:208} INFO - Processing /home/airflow/.local/lib/python3.12/site-packages/airflow/example_dags/example_bash_decorator.py took 0.076 seconds
[2025-01-10T01:06:34.551+0000] {processor.py:186} INFO - Started process (PID=636) to work on /home/airflow/.local/lib/python3.12/site-packages/airflow/example_dags/example_bash_decorator.py
[2025-01-10T01:06:34.552+0000] {processor.py:914} INFO - Processing file /home/airflow/.local/lib/python3.12/site-packages/airflow/example_dags/example_bash_decorator.py for tasks to queue
[2025-01-10T01:06:34.554+0000] {logging_mixin.py:190} INFO - [2025-01-10T01:06:34.554+0000] {dagbag.py:588} INFO - Filling up the DagBag from /home/airflow/.local/lib/python3.12/site-packages/airflow/example_dags/example_bash_decorator.py
[2025-01-10T01:06:34.570+0000] {processor.py:925} INFO - DAG(s) 'example_bash_decorator' retrieved from /home/airflow/.local/lib/python3.12/site-packages/airflow/example_dags/example_bash_decorator.py
[2025-01-10T01:06:34.590+0000] {logging_mixin.py:190} INFO - [2025-01-10T01:06:34.590+0000] {dag.py:3239} INFO - Sync 1 DAGs
[2025-01-10T01:06:34.606+0000] {logging_mixin.py:190} INFO - [2025-01-10T01:06:34.605+0000] {dag.py:4180} INFO - Setting next_dagrun for example_bash_decorator to None, run_after=None
[2025-01-10T01:06:34.627+0000] {processor.py:208} INFO - Processing /home/airflow/.local/lib/python3.12/site-packages/airflow/example_dags/example_bash_decorator.py took 0.083 seconds
[2025-01-10T01:07:04.739+0000] {processor.py:186} INFO - Started process (PID=699) to work on /home/airflow/.local/lib/python3.12/site-packages/airflow/example_dags/example_bash_decorator.py
[2025-01-10T01:07:04.740+0000] {processor.py:914} INFO - Processing file /home/airflow/.local/lib/python3.12/site-packages/airflow/example_dags/example_bash_decorator.py for tasks to queue
[2025-01-10T01:07:04.742+0000] {logging_mixin.py:190} INFO - [2025-01-10T01:07:04.742+0000] {dagbag.py:588} INFO - Filling up the DagBag from /home/airflow/.local/lib/python3.12/site-packages/airflow/example_dags/example_bash_decorator.py
[2025-01-10T01:07:04.755+0000] {processor.py:925} INFO - DAG(s) 'example_bash_decorator' retrieved from /home/airflow/.local/lib/python3.12/site-packages/airflow/example_dags/example_bash_decorator.py
[2025-01-10T01:07:04.776+0000] {logging_mixin.py:190} INFO - [2025-01-10T01:07:04.776+0000] {dag.py:3239} INFO - Sync 1 DAGs
[2025-01-10T01:07:04.790+0000] {logging_mixin.py:190} INFO - [2025-01-10T01:07:04.790+0000] {dag.py:4180} INFO - Setting next_dagrun for example_bash_decorator to None, run_after=None
[2025-01-10T01:07:04.808+0000] {processor.py:208} INFO - Processing /home/airflow/.local/lib/python3.12/site-packages/airflow/example_dags/example_bash_decorator.py took 0.074 seconds
[2025-01-10T01:07:34.888+0000] {processor.py:186} INFO - Started process (PID=762) to work on /home/airflow/.local/lib/python3.12/site-packages/airflow/example_dags/example_bash_decorator.py
[2025-01-10T01:07:34.889+0000] {processor.py:914} INFO - Processing file /home/airflow/.local/lib/python3.12/site-packages/airflow/example_dags/example_bash_decorator.py for tasks to queue
[2025-01-10T01:07:34.891+0000] {logging_mixin.py:190} INFO - [2025-01-10T01:07:34.891+0000] {dagbag.py:588} INFO - Filling up the DagBag from /home/airflow/.local/lib/python3.12/site-packages/airflow/example_dags/example_bash_decorator.py
[2025-01-10T01:07:34.905+0000] {processor.py:925} INFO - DAG(s) 'example_bash_decorator' retrieved from /home/airflow/.local/lib/python3.12/site-packages/airflow/example_dags/example_bash_decorator.py
[2025-01-10T01:07:34.925+0000] {logging_mixin.py:190} INFO - [2025-01-10T01:07:34.924+0000] {dag.py:3239} INFO - Sync 1 DAGs
[2025-01-10T01:07:34.938+0000] {logging_mixin.py:190} INFO - [2025-01-10T01:07:34.938+0000] {dag.py:4180} INFO - Setting next_dagrun for example_bash_decorator to None, run_after=None
[2025-01-10T01:07:34.959+0000] {processor.py:208} INFO - Processing /home/airflow/.local/lib/python3.12/site-packages/airflow/example_dags/example_bash_decorator.py took 0.076 seconds
[2025-01-10T01:08:05.087+0000] {processor.py:186} INFO - Started process (PID=825) to work on /home/airflow/.local/lib/python3.12/site-packages/airflow/example_dags/example_bash_decorator.py
[2025-01-10T01:08:05.088+0000] {processor.py:914} INFO - Processing file /home/airflow/.local/lib/python3.12/site-packages/airflow/example_dags/example_bash_decorator.py for tasks to queue
[2025-01-10T01:08:05.090+0000] {logging_mixin.py:190} INFO - [2025-01-10T01:08:05.090+0000] {dagbag.py:588} INFO - Filling up the DagBag from /home/airflow/.local/lib/python3.12/site-packages/airflow/example_dags/example_bash_decorator.py
[2025-01-10T01:08:05.104+0000] {processor.py:925} INFO - DAG(s) 'example_bash_decorator' retrieved from /home/airflow/.local/lib/python3.12/site-packages/airflow/example_dags/example_bash_decorator.py
[2025-01-10T01:08:05.124+0000] {logging_mixin.py:190} INFO - [2025-01-10T01:08:05.123+0000] {dag.py:3239} INFO - Sync 1 DAGs
[2025-01-10T01:08:05.136+0000] {logging_mixin.py:190} INFO - [2025-01-10T01:08:05.136+0000] {dag.py:4180} INFO - Setting next_dagrun for example_bash_decorator to None, run_after=None
[2025-01-10T01:08:05.156+0000] {processor.py:208} INFO - Processing /home/airflow/.local/lib/python3.12/site-packages/airflow/example_dags/example_bash_decorator.py took 0.074 seconds
[2025-01-10T01:08:35.568+0000] {processor.py:186} INFO - Started process (PID=888) to work on /home/airflow/.local/lib/python3.12/site-packages/airflow/example_dags/example_bash_decorator.py
[2025-01-10T01:08:35.569+0000] {processor.py:914} INFO - Processing file /home/airflow/.local/lib/python3.12/site-packages/airflow/example_dags/example_bash_decorator.py for tasks to queue
[2025-01-10T01:08:35.574+0000] {logging_mixin.py:190} INFO - [2025-01-10T01:08:35.573+0000] {dagbag.py:588} INFO - Filling up the DagBag from /home/airflow/.local/lib/python3.12/site-packages/airflow/example_dags/example_bash_decorator.py
[2025-01-10T01:08:35.597+0000] {processor.py:925} INFO - DAG(s) 'example_bash_decorator' retrieved from /home/airflow/.local/lib/python3.12/site-packages/airflow/example_dags/example_bash_decorator.py
[2025-01-10T01:08:35.630+0000] {logging_mixin.py:190} INFO - [2025-01-10T01:08:35.630+0000] {dag.py:3239} INFO - Sync 1 DAGs
[2025-01-10T01:08:35.662+0000] {logging_mixin.py:190} INFO - [2025-01-10T01:08:35.662+0000] {dag.py:4180} INFO - Setting next_dagrun for example_bash_decorator to None, run_after=None
[2025-01-10T01:08:35.750+0000] {processor.py:208} INFO - Processing /home/airflow/.local/lib/python3.12/site-packages/airflow/example_dags/example_bash_decorator.py took 0.192 seconds
[2025-01-10T01:09:05.843+0000] {processor.py:186} INFO - Started process (PID=952) to work on /home/airflow/.local/lib/python3.12/site-packages/airflow/example_dags/example_bash_decorator.py
[2025-01-10T01:09:05.844+0000] {processor.py:914} INFO - Processing file /home/airflow/.local/lib/python3.12/site-packages/airflow/example_dags/example_bash_decorator.py for tasks to queue
[2025-01-10T01:09:05.846+0000] {logging_mixin.py:190} INFO - [2025-01-10T01:09:05.846+0000] {dagbag.py:588} INFO - Filling up the DagBag from /home/airflow/.local/lib/python3.12/site-packages/airflow/example_dags/example_bash_decorator.py
[2025-01-10T01:09:05.860+0000] {processor.py:925} INFO - DAG(s) 'example_bash_decorator' retrieved from /home/airflow/.local/lib/python3.12/site-packages/airflow/example_dags/example_bash_decorator.py
[2025-01-10T01:09:05.880+0000] {logging_mixin.py:190} INFO - [2025-01-10T01:09:05.880+0000] {dag.py:3239} INFO - Sync 1 DAGs
[2025-01-10T01:09:05.894+0000] {logging_mixin.py:190} INFO - [2025-01-10T01:09:05.894+0000] {dag.py:4180} INFO - Setting next_dagrun for example_bash_decorator to None, run_after=None
[2025-01-10T01:09:05.913+0000] {processor.py:208} INFO - Processing /home/airflow/.local/lib/python3.12/site-packages/airflow/example_dags/example_bash_decorator.py took 0.075 seconds
[2025-01-10T01:09:36.516+0000] {processor.py:186} INFO - Started process (PID=1015) to work on /home/airflow/.local/lib/python3.12/site-packages/airflow/example_dags/example_bash_decorator.py
[2025-01-10T01:09:36.516+0000] {processor.py:914} INFO - Processing file /home/airflow/.local/lib/python3.12/site-packages/airflow/example_dags/example_bash_decorator.py for tasks to queue
[2025-01-10T01:09:36.519+0000] {logging_mixin.py:190} INFO - [2025-01-10T01:09:36.518+0000] {dagbag.py:588} INFO - Filling up the DagBag from /home/airflow/.local/lib/python3.12/site-packages/airflow/example_dags/example_bash_decorator.py
[2025-01-10T01:09:36.532+0000] {processor.py:925} INFO - DAG(s) 'example_bash_decorator' retrieved from /home/airflow/.local/lib/python3.12/site-packages/airflow/example_dags/example_bash_decorator.py
[2025-01-10T01:09:36.555+0000] {logging_mixin.py:190} INFO - [2025-01-10T01:09:36.554+0000] {dag.py:3239} INFO - Sync 1 DAGs
[2025-01-10T01:09:36.574+0000] {logging_mixin.py:190} INFO - [2025-01-10T01:09:36.574+0000] {dag.py:4180} INFO - Setting next_dagrun for example_bash_decorator to None, run_after=None
[2025-01-10T01:09:36.598+0000] {processor.py:208} INFO - Processing /home/airflow/.local/lib/python3.12/site-packages/airflow/example_dags/example_bash_decorator.py took 0.088 seconds
[2025-01-10T01:10:06.730+0000] {processor.py:186} INFO - Started process (PID=1078) to work on /home/airflow/.local/lib/python3.12/site-packages/airflow/example_dags/example_bash_decorator.py
[2025-01-10T01:10:06.731+0000] {processor.py:914} INFO - Processing file /home/airflow/.local/lib/python3.12/site-packages/airflow/example_dags/example_bash_decorator.py for tasks to queue
[2025-01-10T01:10:06.733+0000] {logging_mixin.py:190} INFO - [2025-01-10T01:10:06.732+0000] {dagbag.py:588} INFO - Filling up the DagBag from /home/airflow/.local/lib/python3.12/site-packages/airflow/example_dags/example_bash_decorator.py
[2025-01-10T01:10:06.746+0000] {processor.py:925} INFO - DAG(s) 'example_bash_decorator' retrieved from /home/airflow/.local/lib/python3.12/site-packages/airflow/example_dags/example_bash_decorator.py
[2025-01-10T01:10:06.766+0000] {logging_mixin.py:190} INFO - [2025-01-10T01:10:06.766+0000] {dag.py:3239} INFO - Sync 1 DAGs
[2025-01-10T01:10:06.779+0000] {logging_mixin.py:190} INFO - [2025-01-10T01:10:06.779+0000] {dag.py:4180} INFO - Setting next_dagrun for example_bash_decorator to None, run_after=None
[2025-01-10T01:10:06.797+0000] {processor.py:208} INFO - Processing /home/airflow/.local/lib/python3.12/site-packages/airflow/example_dags/example_bash_decorator.py took 0.072 seconds
[2025-01-10T01:10:37.109+0000] {processor.py:186} INFO - Started process (PID=1141) to work on /home/airflow/.local/lib/python3.12/site-packages/airflow/example_dags/example_bash_decorator.py
[2025-01-10T01:10:37.110+0000] {processor.py:914} INFO - Processing file /home/airflow/.local/lib/python3.12/site-packages/airflow/example_dags/example_bash_decorator.py for tasks to queue
[2025-01-10T01:10:37.112+0000] {logging_mixin.py:190} INFO - [2025-01-10T01:10:37.112+0000] {dagbag.py:588} INFO - Filling up the DagBag from /home/airflow/.local/lib/python3.12/site-packages/airflow/example_dags/example_bash_decorator.py
[2025-01-10T01:10:37.125+0000] {processor.py:925} INFO - DAG(s) 'example_bash_decorator' retrieved from /home/airflow/.local/lib/python3.12/site-packages/airflow/example_dags/example_bash_decorator.py
[2025-01-10T01:10:37.146+0000] {logging_mixin.py:190} INFO - [2025-01-10T01:10:37.146+0000] {dag.py:3239} INFO - Sync 1 DAGs
[2025-01-10T01:10:37.159+0000] {logging_mixin.py:190} INFO - [2025-01-10T01:10:37.159+0000] {dag.py:4180} INFO - Setting next_dagrun for example_bash_decorator to None, run_after=None
[2025-01-10T01:10:37.177+0000] {processor.py:208} INFO - Processing /home/airflow/.local/lib/python3.12/site-packages/airflow/example_dags/example_bash_decorator.py took 0.073 seconds
[2025-01-10T01:11:07.474+0000] {processor.py:186} INFO - Started process (PID=1204) to work on /home/airflow/.local/lib/python3.12/site-packages/airflow/example_dags/example_bash_decorator.py
[2025-01-10T01:11:07.475+0000] {processor.py:914} INFO - Processing file /home/airflow/.local/lib/python3.12/site-packages/airflow/example_dags/example_bash_decorator.py for tasks to queue
[2025-01-10T01:11:07.478+0000] {logging_mixin.py:190} INFO - [2025-01-10T01:11:07.477+0000] {dagbag.py:588} INFO - Filling up the DagBag from /home/airflow/.local/lib/python3.12/site-packages/airflow/example_dags/example_bash_decorator.py
[2025-01-10T01:11:07.492+0000] {processor.py:925} INFO - DAG(s) 'example_bash_decorator' retrieved from /home/airflow/.local/lib/python3.12/site-packages/airflow/example_dags/example_bash_decorator.py
[2025-01-10T01:11:07.513+0000] {logging_mixin.py:190} INFO - [2025-01-10T01:11:07.512+0000] {dag.py:3239} INFO - Sync 1 DAGs
[2025-01-10T01:11:07.526+0000] {logging_mixin.py:190} INFO - [2025-01-10T01:11:07.525+0000] {dag.py:4180} INFO - Setting next_dagrun for example_bash_decorator to None, run_after=None
[2025-01-10T01:11:07.546+0000] {processor.py:208} INFO - Processing /home/airflow/.local/lib/python3.12/site-packages/airflow/example_dags/example_bash_decorator.py took 0.078 seconds
[2025-01-10T01:11:38.340+0000] {processor.py:186} INFO - Started process (PID=1267) to work on /home/airflow/.local/lib/python3.12/site-packages/airflow/example_dags/example_bash_decorator.py
[2025-01-10T01:11:38.341+0000] {processor.py:914} INFO - Processing file /home/airflow/.local/lib/python3.12/site-packages/airflow/example_dags/example_bash_decorator.py for tasks to queue
[2025-01-10T01:11:38.343+0000] {logging_mixin.py:190} INFO - [2025-01-10T01:11:38.343+0000] {dagbag.py:588} INFO - Filling up the DagBag from /home/airflow/.local/lib/python3.12/site-packages/airflow/example_dags/example_bash_decorator.py
[2025-01-10T01:11:38.357+0000] {processor.py:925} INFO - DAG(s) 'example_bash_decorator' retrieved from /home/airflow/.local/lib/python3.12/site-packages/airflow/example_dags/example_bash_decorator.py
[2025-01-10T01:11:38.377+0000] {logging_mixin.py:190} INFO - [2025-01-10T01:11:38.377+0000] {dag.py:3239} INFO - Sync 1 DAGs
[2025-01-10T01:11:38.390+0000] {logging_mixin.py:190} INFO - [2025-01-10T01:11:38.390+0000] {dag.py:4180} INFO - Setting next_dagrun for example_bash_decorator to None, run_after=None
[2025-01-10T01:11:38.409+0000] {processor.py:208} INFO - Processing /home/airflow/.local/lib/python3.12/site-packages/airflow/example_dags/example_bash_decorator.py took 0.074 seconds
[2025-01-10T01:12:08.551+0000] {processor.py:186} INFO - Started process (PID=1330) to work on /home/airflow/.local/lib/python3.12/site-packages/airflow/example_dags/example_bash_decorator.py
[2025-01-10T01:12:08.552+0000] {processor.py:914} INFO - Processing file /home/airflow/.local/lib/python3.12/site-packages/airflow/example_dags/example_bash_decorator.py for tasks to queue
[2025-01-10T01:12:08.555+0000] {logging_mixin.py:190} INFO - [2025-01-10T01:12:08.554+0000] {dagbag.py:588} INFO - Filling up the DagBag from /home/airflow/.local/lib/python3.12/site-packages/airflow/example_dags/example_bash_decorator.py
[2025-01-10T01:12:08.570+0000] {processor.py:925} INFO - DAG(s) 'example_bash_decorator' retrieved from /home/airflow/.local/lib/python3.12/site-packages/airflow/example_dags/example_bash_decorator.py
[2025-01-10T01:12:08.593+0000] {logging_mixin.py:190} INFO - [2025-01-10T01:12:08.592+0000] {dag.py:3239} INFO - Sync 1 DAGs
[2025-01-10T01:12:08.607+0000] {logging_mixin.py:190} INFO - [2025-01-10T01:12:08.607+0000] {dag.py:4180} INFO - Setting next_dagrun for example_bash_decorator to None, run_after=None
[2025-01-10T01:12:08.629+0000] {processor.py:208} INFO - Processing /home/airflow/.local/lib/python3.12/site-packages/airflow/example_dags/example_bash_decorator.py took 0.083 seconds
[2025-01-10T01:12:39.091+0000] {processor.py:186} INFO - Started process (PID=1393) to work on /home/airflow/.local/lib/python3.12/site-packages/airflow/example_dags/example_bash_decorator.py
[2025-01-10T01:12:39.092+0000] {processor.py:914} INFO - Processing file /home/airflow/.local/lib/python3.12/site-packages/airflow/example_dags/example_bash_decorator.py for tasks to queue
[2025-01-10T01:12:39.095+0000] {logging_mixin.py:190} INFO - [2025-01-10T01:12:39.094+0000] {dagbag.py:588} INFO - Filling up the DagBag from /home/airflow/.local/lib/python3.12/site-packages/airflow/example_dags/example_bash_decorator.py
[2025-01-10T01:12:39.109+0000] {processor.py:925} INFO - DAG(s) 'example_bash_decorator' retrieved from /home/airflow/.local/lib/python3.12/site-packages/airflow/example_dags/example_bash_decorator.py
[2025-01-10T01:12:39.132+0000] {logging_mixin.py:190} INFO - [2025-01-10T01:12:39.132+0000] {dag.py:3239} INFO - Sync 1 DAGs
[2025-01-10T01:12:39.148+0000] {logging_mixin.py:190} INFO - [2025-01-10T01:12:39.148+0000] {dag.py:4180} INFO - Setting next_dagrun for example_bash_decorator to None, run_after=None
[2025-01-10T01:12:39.171+0000] {processor.py:208} INFO - Processing /home/airflow/.local/lib/python3.12/site-packages/airflow/example_dags/example_bash_decorator.py took 0.085 seconds
[2025-01-10T01:13:09.861+0000] {processor.py:186} INFO - Started process (PID=1456) to work on /home/airflow/.local/lib/python3.12/site-packages/airflow/example_dags/example_bash_decorator.py
[2025-01-10T01:13:09.862+0000] {processor.py:914} INFO - Processing file /home/airflow/.local/lib/python3.12/site-packages/airflow/example_dags/example_bash_decorator.py for tasks to queue
[2025-01-10T01:13:09.864+0000] {logging_mixin.py:190} INFO - [2025-01-10T01:13:09.864+0000] {dagbag.py:588} INFO - Filling up the DagBag from /home/airflow/.local/lib/python3.12/site-packages/airflow/example_dags/example_bash_decorator.py
[2025-01-10T01:13:09.878+0000] {processor.py:925} INFO - DAG(s) 'example_bash_decorator' retrieved from /home/airflow/.local/lib/python3.12/site-packages/airflow/example_dags/example_bash_decorator.py
[2025-01-10T01:13:09.898+0000] {logging_mixin.py:190} INFO - [2025-01-10T01:13:09.898+0000] {dag.py:3239} INFO - Sync 1 DAGs
[2025-01-10T01:13:09.916+0000] {logging_mixin.py:190} INFO - [2025-01-10T01:13:09.916+0000] {dag.py:4180} INFO - Setting next_dagrun for example_bash_decorator to None, run_after=None
[2025-01-10T01:13:09.936+0000] {processor.py:208} INFO - Processing /home/airflow/.local/lib/python3.12/site-packages/airflow/example_dags/example_bash_decorator.py took 0.081 seconds
[2025-01-10T01:13:40.120+0000] {processor.py:186} INFO - Started process (PID=1519) to work on /home/airflow/.local/lib/python3.12/site-packages/airflow/example_dags/example_bash_decorator.py
[2025-01-10T01:13:40.121+0000] {processor.py:914} INFO - Processing file /home/airflow/.local/lib/python3.12/site-packages/airflow/example_dags/example_bash_decorator.py for tasks to queue
[2025-01-10T01:13:40.124+0000] {logging_mixin.py:190} INFO - [2025-01-10T01:13:40.124+0000] {dagbag.py:588} INFO - Filling up the DagBag from /home/airflow/.local/lib/python3.12/site-packages/airflow/example_dags/example_bash_decorator.py
[2025-01-10T01:13:40.142+0000] {processor.py:925} INFO - DAG(s) 'example_bash_decorator' retrieved from /home/airflow/.local/lib/python3.12/site-packages/airflow/example_dags/example_bash_decorator.py
[2025-01-10T01:13:40.164+0000] {logging_mixin.py:190} INFO - [2025-01-10T01:13:40.164+0000] {dag.py:3239} INFO - Sync 1 DAGs
[2025-01-10T01:13:40.178+0000] {logging_mixin.py:190} INFO - [2025-01-10T01:13:40.178+0000] {dag.py:4180} INFO - Setting next_dagrun for example_bash_decorator to None, run_after=None
[2025-01-10T01:13:40.199+0000] {processor.py:208} INFO - Processing /home/airflow/.local/lib/python3.12/site-packages/airflow/example_dags/example_bash_decorator.py took 0.086 seconds
[2025-01-10T01:14:10.251+0000] {processor.py:186} INFO - Started process (PID=1582) to work on /home/airflow/.local/lib/python3.12/site-packages/airflow/example_dags/example_bash_decorator.py
[2025-01-10T01:14:10.252+0000] {processor.py:914} INFO - Processing file /home/airflow/.local/lib/python3.12/site-packages/airflow/example_dags/example_bash_decorator.py for tasks to queue
[2025-01-10T01:14:10.256+0000] {logging_mixin.py:190} INFO - [2025-01-10T01:14:10.255+0000] {dagbag.py:588} INFO - Filling up the DagBag from /home/airflow/.local/lib/python3.12/site-packages/airflow/example_dags/example_bash_decorator.py
[2025-01-10T01:14:10.269+0000] {processor.py:925} INFO - DAG(s) 'example_bash_decorator' retrieved from /home/airflow/.local/lib/python3.12/site-packages/airflow/example_dags/example_bash_decorator.py
[2025-01-10T01:14:10.293+0000] {logging_mixin.py:190} INFO - [2025-01-10T01:14:10.292+0000] {dag.py:3239} INFO - Sync 1 DAGs
[2025-01-10T01:14:10.307+0000] {logging_mixin.py:190} INFO - [2025-01-10T01:14:10.307+0000] {dag.py:4180} INFO - Setting next_dagrun for example_bash_decorator to None, run_after=None
[2025-01-10T01:14:10.330+0000] {processor.py:208} INFO - Processing /home/airflow/.local/lib/python3.12/site-packages/airflow/example_dags/example_bash_decorator.py took 0.085 seconds
[2025-01-10T01:14:41.198+0000] {processor.py:186} INFO - Started process (PID=1645) to work on /home/airflow/.local/lib/python3.12/site-packages/airflow/example_dags/example_bash_decorator.py
[2025-01-10T01:14:41.199+0000] {processor.py:914} INFO - Processing file /home/airflow/.local/lib/python3.12/site-packages/airflow/example_dags/example_bash_decorator.py for tasks to queue
[2025-01-10T01:14:41.201+0000] {logging_mixin.py:190} INFO - [2025-01-10T01:14:41.201+0000] {dagbag.py:588} INFO - Filling up the DagBag from /home/airflow/.local/lib/python3.12/site-packages/airflow/example_dags/example_bash_decorator.py
[2025-01-10T01:14:41.215+0000] {processor.py:925} INFO - DAG(s) 'example_bash_decorator' retrieved from /home/airflow/.local/lib/python3.12/site-packages/airflow/example_dags/example_bash_decorator.py
[2025-01-10T01:14:41.236+0000] {logging_mixin.py:190} INFO - [2025-01-10T01:14:41.236+0000] {dag.py:3239} INFO - Sync 1 DAGs
[2025-01-10T01:14:41.251+0000] {logging_mixin.py:190} INFO - [2025-01-10T01:14:41.251+0000] {dag.py:4180} INFO - Setting next_dagrun for example_bash_decorator to None, run_after=None
[2025-01-10T01:14:41.270+0000] {processor.py:208} INFO - Processing /home/airflow/.local/lib/python3.12/site-packages/airflow/example_dags/example_bash_decorator.py took 0.076 seconds
[2025-01-10T01:15:11.979+0000] {processor.py:186} INFO - Started process (PID=1708) to work on /home/airflow/.local/lib/python3.12/site-packages/airflow/example_dags/example_bash_decorator.py
[2025-01-10T01:15:11.981+0000] {processor.py:914} INFO - Processing file /home/airflow/.local/lib/python3.12/site-packages/airflow/example_dags/example_bash_decorator.py for tasks to queue
[2025-01-10T01:15:11.986+0000] {logging_mixin.py:190} INFO - [2025-01-10T01:15:11.985+0000] {dagbag.py:588} INFO - Filling up the DagBag from /home/airflow/.local/lib/python3.12/site-packages/airflow/example_dags/example_bash_decorator.py
[2025-01-10T01:15:12.009+0000] {processor.py:925} INFO - DAG(s) 'example_bash_decorator' retrieved from /home/airflow/.local/lib/python3.12/site-packages/airflow/example_dags/example_bash_decorator.py
[2025-01-10T01:15:12.046+0000] {logging_mixin.py:190} INFO - [2025-01-10T01:15:12.045+0000] {dag.py:3239} INFO - Sync 1 DAGs
[2025-01-10T01:15:12.071+0000] {logging_mixin.py:190} INFO - [2025-01-10T01:15:12.070+0000] {dag.py:4180} INFO - Setting next_dagrun for example_bash_decorator to None, run_after=None
[2025-01-10T01:15:12.105+0000] {processor.py:208} INFO - Processing /home/airflow/.local/lib/python3.12/site-packages/airflow/example_dags/example_bash_decorator.py took 0.136 seconds
[2025-01-10T01:15:42.460+0000] {processor.py:186} INFO - Started process (PID=1771) to work on /home/airflow/.local/lib/python3.12/site-packages/airflow/example_dags/example_bash_decorator.py
[2025-01-10T01:15:42.461+0000] {processor.py:914} INFO - Processing file /home/airflow/.local/lib/python3.12/site-packages/airflow/example_dags/example_bash_decorator.py for tasks to queue
[2025-01-10T01:15:42.463+0000] {logging_mixin.py:190} INFO - [2025-01-10T01:15:42.463+0000] {dagbag.py:588} INFO - Filling up the DagBag from /home/airflow/.local/lib/python3.12/site-packages/airflow/example_dags/example_bash_decorator.py
[2025-01-10T01:15:42.478+0000] {processor.py:925} INFO - DAG(s) 'example_bash_decorator' retrieved from /home/airflow/.local/lib/python3.12/site-packages/airflow/example_dags/example_bash_decorator.py
[2025-01-10T01:15:42.497+0000] {logging_mixin.py:190} INFO - [2025-01-10T01:15:42.497+0000] {dag.py:3239} INFO - Sync 1 DAGs
[2025-01-10T01:15:42.510+0000] {logging_mixin.py:190} INFO - [2025-01-10T01:15:42.510+0000] {dag.py:4180} INFO - Setting next_dagrun for example_bash_decorator to None, run_after=None
[2025-01-10T01:15:42.529+0000] {processor.py:208} INFO - Processing /home/airflow/.local/lib/python3.12/site-packages/airflow/example_dags/example_bash_decorator.py took 0.074 seconds
[2025-01-10T01:16:13.487+0000] {processor.py:186} INFO - Started process (PID=1834) to work on /home/airflow/.local/lib/python3.12/site-packages/airflow/example_dags/example_bash_decorator.py
[2025-01-10T01:16:13.489+0000] {processor.py:914} INFO - Processing file /home/airflow/.local/lib/python3.12/site-packages/airflow/example_dags/example_bash_decorator.py for tasks to queue
[2025-01-10T01:16:13.491+0000] {logging_mixin.py:190} INFO - [2025-01-10T01:16:13.491+0000] {dagbag.py:588} INFO - Filling up the DagBag from /home/airflow/.local/lib/python3.12/site-packages/airflow/example_dags/example_bash_decorator.py
[2025-01-10T01:16:13.506+0000] {processor.py:925} INFO - DAG(s) 'example_bash_decorator' retrieved from /home/airflow/.local/lib/python3.12/site-packages/airflow/example_dags/example_bash_decorator.py
[2025-01-10T01:16:13.529+0000] {logging_mixin.py:190} INFO - [2025-01-10T01:16:13.528+0000] {dag.py:3239} INFO - Sync 1 DAGs
[2025-01-10T01:16:13.544+0000] {logging_mixin.py:190} INFO - [2025-01-10T01:16:13.544+0000] {dag.py:4180} INFO - Setting next_dagrun for example_bash_decorator to None, run_after=None
[2025-01-10T01:16:13.565+0000] {processor.py:208} INFO - Processing /home/airflow/.local/lib/python3.12/site-packages/airflow/example_dags/example_bash_decorator.py took 0.083 seconds
[2025-01-10T01:16:43.633+0000] {processor.py:186} INFO - Started process (PID=1897) to work on /home/airflow/.local/lib/python3.12/site-packages/airflow/example_dags/example_bash_decorator.py
[2025-01-10T01:16:43.634+0000] {processor.py:914} INFO - Processing file /home/airflow/.local/lib/python3.12/site-packages/airflow/example_dags/example_bash_decorator.py for tasks to queue
[2025-01-10T01:16:43.636+0000] {logging_mixin.py:190} INFO - [2025-01-10T01:16:43.636+0000] {dagbag.py:588} INFO - Filling up the DagBag from /home/airflow/.local/lib/python3.12/site-packages/airflow/example_dags/example_bash_decorator.py
[2025-01-10T01:16:43.649+0000] {processor.py:925} INFO - DAG(s) 'example_bash_decorator' retrieved from /home/airflow/.local/lib/python3.12/site-packages/airflow/example_dags/example_bash_decorator.py
[2025-01-10T01:16:43.670+0000] {logging_mixin.py:190} INFO - [2025-01-10T01:16:43.670+0000] {dag.py:3239} INFO - Sync 1 DAGs
[2025-01-10T01:16:43.683+0000] {logging_mixin.py:190} INFO - [2025-01-10T01:16:43.683+0000] {dag.py:4180} INFO - Setting next_dagrun for example_bash_decorator to None, run_after=None
[2025-01-10T01:16:43.703+0000] {processor.py:208} INFO - Processing /home/airflow/.local/lib/python3.12/site-packages/airflow/example_dags/example_bash_decorator.py took 0.075 seconds
