[2025-01-10T00:43:52.789+0000] {processor.py:186} INFO - Started process (PID=103) to work on /home/airflow/.local/lib/python3.12/site-packages/airflow/example_dags/example_skip_dag.py
[2025-01-10T00:43:52.794+0000] {processor.py:914} INFO - Processing file /home/airflow/.local/lib/python3.12/site-packages/airflow/example_dags/example_skip_dag.py for tasks to queue
[2025-01-10T00:43:52.798+0000] {logging_mixin.py:190} INFO - [2025-01-10T00:43:52.798+0000] {dagbag.py:588} INFO - Filling up the DagBag from /home/airflow/.local/lib/python3.12/site-packages/airflow/example_dags/example_skip_dag.py
[2025-01-10T00:43:52.824+0000] {processor.py:925} INFO - DAG(s) 'example_skip_dag' retrieved from /home/airflow/.local/lib/python3.12/site-packages/airflow/example_dags/example_skip_dag.py
[2025-01-10T00:43:52.977+0000] {logging_mixin.py:190} INFO - [2025-01-10T00:43:52.977+0000] {override.py:1911} INFO - Created Permission View: can delete on DAG:example_skip_dag
[2025-01-10T00:43:52.994+0000] {logging_mixin.py:190} INFO - [2025-01-10T00:43:52.993+0000] {override.py:1911} INFO - Created Permission View: can read on DAG:example_skip_dag
[2025-01-10T00:43:53.003+0000] {logging_mixin.py:190} INFO - [2025-01-10T00:43:53.003+0000] {override.py:1911} INFO - Created Permission View: can edit on DAG:example_skip_dag
[2025-01-10T00:43:53.017+0000] {logging_mixin.py:190} INFO - [2025-01-10T00:43:53.017+0000] {override.py:1911} INFO - Created Permission View: can delete on DAG Run:example_skip_dag
[2025-01-10T00:43:53.027+0000] {logging_mixin.py:190} INFO - [2025-01-10T00:43:53.027+0000] {override.py:1911} INFO - Created Permission View: can read on DAG Run:example_skip_dag
[2025-01-10T00:43:53.037+0000] {logging_mixin.py:190} INFO - [2025-01-10T00:43:53.036+0000] {override.py:1911} INFO - Created Permission View: can create on DAG Run:example_skip_dag
[2025-01-10T00:43:53.047+0000] {logging_mixin.py:190} INFO - [2025-01-10T00:43:53.047+0000] {override.py:1911} INFO - Created Permission View: menu access on DAG Run:example_skip_dag
[2025-01-10T00:43:53.048+0000] {logging_mixin.py:190} INFO - [2025-01-10T00:43:53.047+0000] {dag.py:3239} INFO - Sync 1 DAGs
[2025-01-10T00:43:53.065+0000] {logging_mixin.py:190} INFO - [2025-01-10T00:43:53.065+0000] {dag.py:3262} INFO - Creating ORM DAG for example_skip_dag
[2025-01-10T00:43:53.086+0000] {logging_mixin.py:190} INFO - [2025-01-10T00:43:53.086+0000] {dag.py:4180} INFO - Setting next_dagrun for example_skip_dag to 2025-01-09 00:00:00+00:00, run_after=2025-01-10 00:00:00+00:00
[2025-01-10T00:43:53.111+0000] {processor.py:208} INFO - Processing /home/airflow/.local/lib/python3.12/site-packages/airflow/example_dags/example_skip_dag.py took 0.333 seconds
[2025-01-10T00:44:24.059+0000] {processor.py:186} INFO - Started process (PID=166) to work on /home/airflow/.local/lib/python3.12/site-packages/airflow/example_dags/example_skip_dag.py
[2025-01-10T00:44:24.061+0000] {processor.py:914} INFO - Processing file /home/airflow/.local/lib/python3.12/site-packages/airflow/example_dags/example_skip_dag.py for tasks to queue
[2025-01-10T00:44:24.065+0000] {logging_mixin.py:190} INFO - [2025-01-10T00:44:24.064+0000] {dagbag.py:588} INFO - Filling up the DagBag from /home/airflow/.local/lib/python3.12/site-packages/airflow/example_dags/example_skip_dag.py
[2025-01-10T00:44:24.078+0000] {processor.py:925} INFO - DAG(s) 'example_skip_dag' retrieved from /home/airflow/.local/lib/python3.12/site-packages/airflow/example_dags/example_skip_dag.py
[2025-01-10T00:44:24.112+0000] {logging_mixin.py:190} INFO - [2025-01-10T00:44:24.111+0000] {dag.py:3239} INFO - Sync 1 DAGs
[2025-01-10T00:44:24.147+0000] {logging_mixin.py:190} INFO - [2025-01-10T00:44:24.147+0000] {dag.py:4180} INFO - Setting next_dagrun for example_skip_dag to 2025-01-09 00:00:00+00:00, run_after=2025-01-10 00:00:00+00:00
[2025-01-10T00:44:24.211+0000] {processor.py:208} INFO - Processing /home/airflow/.local/lib/python3.12/site-packages/airflow/example_dags/example_skip_dag.py took 0.163 seconds
[2025-01-10T00:44:54.324+0000] {processor.py:186} INFO - Started process (PID=229) to work on /home/airflow/.local/lib/python3.12/site-packages/airflow/example_dags/example_skip_dag.py
[2025-01-10T00:44:54.325+0000] {processor.py:914} INFO - Processing file /home/airflow/.local/lib/python3.12/site-packages/airflow/example_dags/example_skip_dag.py for tasks to queue
[2025-01-10T00:44:54.328+0000] {logging_mixin.py:190} INFO - [2025-01-10T00:44:54.328+0000] {dagbag.py:588} INFO - Filling up the DagBag from /home/airflow/.local/lib/python3.12/site-packages/airflow/example_dags/example_skip_dag.py
[2025-01-10T00:44:54.336+0000] {processor.py:925} INFO - DAG(s) 'example_skip_dag' retrieved from /home/airflow/.local/lib/python3.12/site-packages/airflow/example_dags/example_skip_dag.py
[2025-01-10T00:44:54.360+0000] {logging_mixin.py:190} INFO - [2025-01-10T00:44:54.360+0000] {dag.py:3239} INFO - Sync 1 DAGs
[2025-01-10T00:44:54.394+0000] {logging_mixin.py:190} INFO - [2025-01-10T00:44:54.394+0000] {dag.py:4180} INFO - Setting next_dagrun for example_skip_dag to 2025-01-09 00:00:00+00:00, run_after=2025-01-10 00:00:00+00:00
[2025-01-10T00:44:54.423+0000] {processor.py:208} INFO - Processing /home/airflow/.local/lib/python3.12/site-packages/airflow/example_dags/example_skip_dag.py took 0.105 seconds
[2025-01-10T00:45:25.793+0000] {processor.py:186} INFO - Started process (PID=292) to work on /home/airflow/.local/lib/python3.12/site-packages/airflow/example_dags/example_skip_dag.py
[2025-01-10T00:45:25.794+0000] {processor.py:914} INFO - Processing file /home/airflow/.local/lib/python3.12/site-packages/airflow/example_dags/example_skip_dag.py for tasks to queue
[2025-01-10T00:45:25.799+0000] {logging_mixin.py:190} INFO - [2025-01-10T00:45:25.799+0000] {dagbag.py:588} INFO - Filling up the DagBag from /home/airflow/.local/lib/python3.12/site-packages/airflow/example_dags/example_skip_dag.py
[2025-01-10T00:45:25.810+0000] {processor.py:925} INFO - DAG(s) 'example_skip_dag' retrieved from /home/airflow/.local/lib/python3.12/site-packages/airflow/example_dags/example_skip_dag.py
[2025-01-10T00:45:25.841+0000] {logging_mixin.py:190} INFO - [2025-01-10T00:45:25.841+0000] {dag.py:3239} INFO - Sync 1 DAGs
[2025-01-10T00:45:25.879+0000] {logging_mixin.py:190} INFO - [2025-01-10T00:45:25.878+0000] {dag.py:4180} INFO - Setting next_dagrun for example_skip_dag to 2025-01-09 00:00:00+00:00, run_after=2025-01-10 00:00:00+00:00
[2025-01-10T00:45:25.912+0000] {processor.py:208} INFO - Processing /home/airflow/.local/lib/python3.12/site-packages/airflow/example_dags/example_skip_dag.py took 0.129 seconds
[2025-01-10T00:45:57.401+0000] {processor.py:186} INFO - Started process (PID=355) to work on /home/airflow/.local/lib/python3.12/site-packages/airflow/example_dags/example_skip_dag.py
[2025-01-10T00:45:57.403+0000] {processor.py:914} INFO - Processing file /home/airflow/.local/lib/python3.12/site-packages/airflow/example_dags/example_skip_dag.py for tasks to queue
[2025-01-10T00:45:57.406+0000] {logging_mixin.py:190} INFO - [2025-01-10T00:45:57.406+0000] {dagbag.py:588} INFO - Filling up the DagBag from /home/airflow/.local/lib/python3.12/site-packages/airflow/example_dags/example_skip_dag.py
[2025-01-10T00:45:57.419+0000] {processor.py:925} INFO - DAG(s) 'example_skip_dag' retrieved from /home/airflow/.local/lib/python3.12/site-packages/airflow/example_dags/example_skip_dag.py
[2025-01-10T00:45:57.452+0000] {logging_mixin.py:190} INFO - [2025-01-10T00:45:57.452+0000] {dag.py:3239} INFO - Sync 1 DAGs
[2025-01-10T00:45:57.496+0000] {logging_mixin.py:190} INFO - [2025-01-10T00:45:57.496+0000] {dag.py:4180} INFO - Setting next_dagrun for example_skip_dag to 2025-01-09 00:00:00+00:00, run_after=2025-01-10 00:00:00+00:00
[2025-01-10T00:45:57.530+0000] {processor.py:208} INFO - Processing /home/airflow/.local/lib/python3.12/site-packages/airflow/example_dags/example_skip_dag.py took 0.139 seconds
[2025-01-10T00:46:28.844+0000] {processor.py:186} INFO - Started process (PID=418) to work on /home/airflow/.local/lib/python3.12/site-packages/airflow/example_dags/example_skip_dag.py
[2025-01-10T00:46:28.845+0000] {processor.py:914} INFO - Processing file /home/airflow/.local/lib/python3.12/site-packages/airflow/example_dags/example_skip_dag.py for tasks to queue
[2025-01-10T00:46:28.848+0000] {logging_mixin.py:190} INFO - [2025-01-10T00:46:28.847+0000] {dagbag.py:588} INFO - Filling up the DagBag from /home/airflow/.local/lib/python3.12/site-packages/airflow/example_dags/example_skip_dag.py
[2025-01-10T00:46:28.856+0000] {processor.py:925} INFO - DAG(s) 'example_skip_dag' retrieved from /home/airflow/.local/lib/python3.12/site-packages/airflow/example_dags/example_skip_dag.py
[2025-01-10T00:46:28.877+0000] {logging_mixin.py:190} INFO - [2025-01-10T00:46:28.877+0000] {dag.py:3239} INFO - Sync 1 DAGs
[2025-01-10T00:46:28.903+0000] {logging_mixin.py:190} INFO - [2025-01-10T00:46:28.903+0000] {dag.py:4180} INFO - Setting next_dagrun for example_skip_dag to 2025-01-09 00:00:00+00:00, run_after=2025-01-10 00:00:00+00:00
[2025-01-10T00:46:28.932+0000] {processor.py:208} INFO - Processing /home/airflow/.local/lib/python3.12/site-packages/airflow/example_dags/example_skip_dag.py took 0.093 seconds
[2025-01-10T00:47:00.340+0000] {processor.py:186} INFO - Started process (PID=481) to work on /home/airflow/.local/lib/python3.12/site-packages/airflow/example_dags/example_skip_dag.py
[2025-01-10T00:47:00.341+0000] {processor.py:914} INFO - Processing file /home/airflow/.local/lib/python3.12/site-packages/airflow/example_dags/example_skip_dag.py for tasks to queue
[2025-01-10T00:47:00.343+0000] {logging_mixin.py:190} INFO - [2025-01-10T00:47:00.343+0000] {dagbag.py:588} INFO - Filling up the DagBag from /home/airflow/.local/lib/python3.12/site-packages/airflow/example_dags/example_skip_dag.py
[2025-01-10T00:47:00.350+0000] {processor.py:925} INFO - DAG(s) 'example_skip_dag' retrieved from /home/airflow/.local/lib/python3.12/site-packages/airflow/example_dags/example_skip_dag.py
[2025-01-10T00:47:00.372+0000] {logging_mixin.py:190} INFO - [2025-01-10T00:47:00.371+0000] {dag.py:3239} INFO - Sync 1 DAGs
[2025-01-10T00:47:00.394+0000] {logging_mixin.py:190} INFO - [2025-01-10T00:47:00.393+0000] {dag.py:4180} INFO - Setting next_dagrun for example_skip_dag to 2025-01-09 00:00:00+00:00, run_after=2025-01-10 00:00:00+00:00
[2025-01-10T00:47:00.415+0000] {processor.py:208} INFO - Processing /home/airflow/.local/lib/python3.12/site-packages/airflow/example_dags/example_skip_dag.py took 0.080 seconds
[2025-01-10T00:47:31.558+0000] {processor.py:186} INFO - Started process (PID=544) to work on /home/airflow/.local/lib/python3.12/site-packages/airflow/example_dags/example_skip_dag.py
[2025-01-10T00:47:31.558+0000] {processor.py:914} INFO - Processing file /home/airflow/.local/lib/python3.12/site-packages/airflow/example_dags/example_skip_dag.py for tasks to queue
[2025-01-10T00:47:31.561+0000] {logging_mixin.py:190} INFO - [2025-01-10T00:47:31.560+0000] {dagbag.py:588} INFO - Filling up the DagBag from /home/airflow/.local/lib/python3.12/site-packages/airflow/example_dags/example_skip_dag.py
[2025-01-10T00:47:31.568+0000] {processor.py:925} INFO - DAG(s) 'example_skip_dag' retrieved from /home/airflow/.local/lib/python3.12/site-packages/airflow/example_dags/example_skip_dag.py
[2025-01-10T00:47:31.591+0000] {logging_mixin.py:190} INFO - [2025-01-10T00:47:31.591+0000] {dag.py:3239} INFO - Sync 1 DAGs
[2025-01-10T00:47:31.617+0000] {logging_mixin.py:190} INFO - [2025-01-10T00:47:31.617+0000] {dag.py:4180} INFO - Setting next_dagrun for example_skip_dag to 2025-01-09 00:00:00+00:00, run_after=2025-01-10 00:00:00+00:00
[2025-01-10T00:47:31.638+0000] {processor.py:208} INFO - Processing /home/airflow/.local/lib/python3.12/site-packages/airflow/example_dags/example_skip_dag.py took 0.086 seconds
[2025-01-10T00:48:02.465+0000] {processor.py:186} INFO - Started process (PID=607) to work on /home/airflow/.local/lib/python3.12/site-packages/airflow/example_dags/example_skip_dag.py
[2025-01-10T00:48:02.466+0000] {processor.py:914} INFO - Processing file /home/airflow/.local/lib/python3.12/site-packages/airflow/example_dags/example_skip_dag.py for tasks to queue
[2025-01-10T00:48:02.469+0000] {logging_mixin.py:190} INFO - [2025-01-10T00:48:02.469+0000] {dagbag.py:588} INFO - Filling up the DagBag from /home/airflow/.local/lib/python3.12/site-packages/airflow/example_dags/example_skip_dag.py
[2025-01-10T00:48:02.478+0000] {processor.py:925} INFO - DAG(s) 'example_skip_dag' retrieved from /home/airflow/.local/lib/python3.12/site-packages/airflow/example_dags/example_skip_dag.py
[2025-01-10T00:48:02.499+0000] {logging_mixin.py:190} INFO - [2025-01-10T00:48:02.499+0000] {dag.py:3239} INFO - Sync 1 DAGs
[2025-01-10T00:48:02.522+0000] {logging_mixin.py:190} INFO - [2025-01-10T00:48:02.521+0000] {dag.py:4180} INFO - Setting next_dagrun for example_skip_dag to 2025-01-09 00:00:00+00:00, run_after=2025-01-10 00:00:00+00:00
[2025-01-10T00:48:02.545+0000] {processor.py:208} INFO - Processing /home/airflow/.local/lib/python3.12/site-packages/airflow/example_dags/example_skip_dag.py took 0.086 seconds
[2025-01-10T00:48:33.447+0000] {processor.py:186} INFO - Started process (PID=670) to work on /home/airflow/.local/lib/python3.12/site-packages/airflow/example_dags/example_skip_dag.py
[2025-01-10T00:48:33.448+0000] {processor.py:914} INFO - Processing file /home/airflow/.local/lib/python3.12/site-packages/airflow/example_dags/example_skip_dag.py for tasks to queue
[2025-01-10T00:48:33.450+0000] {logging_mixin.py:190} INFO - [2025-01-10T00:48:33.449+0000] {dagbag.py:588} INFO - Filling up the DagBag from /home/airflow/.local/lib/python3.12/site-packages/airflow/example_dags/example_skip_dag.py
[2025-01-10T00:48:33.457+0000] {processor.py:925} INFO - DAG(s) 'example_skip_dag' retrieved from /home/airflow/.local/lib/python3.12/site-packages/airflow/example_dags/example_skip_dag.py
[2025-01-10T00:48:33.480+0000] {logging_mixin.py:190} INFO - [2025-01-10T00:48:33.480+0000] {dag.py:3239} INFO - Sync 1 DAGs
[2025-01-10T00:48:33.504+0000] {logging_mixin.py:190} INFO - [2025-01-10T00:48:33.503+0000] {dag.py:4180} INFO - Setting next_dagrun for example_skip_dag to 2025-01-09 00:00:00+00:00, run_after=2025-01-10 00:00:00+00:00
[2025-01-10T00:48:33.525+0000] {processor.py:208} INFO - Processing /home/airflow/.local/lib/python3.12/site-packages/airflow/example_dags/example_skip_dag.py took 0.084 seconds
[2025-01-10T00:49:04.821+0000] {processor.py:186} INFO - Started process (PID=733) to work on /home/airflow/.local/lib/python3.12/site-packages/airflow/example_dags/example_skip_dag.py
[2025-01-10T00:49:04.821+0000] {processor.py:914} INFO - Processing file /home/airflow/.local/lib/python3.12/site-packages/airflow/example_dags/example_skip_dag.py for tasks to queue
[2025-01-10T00:49:04.824+0000] {logging_mixin.py:190} INFO - [2025-01-10T00:49:04.823+0000] {dagbag.py:588} INFO - Filling up the DagBag from /home/airflow/.local/lib/python3.12/site-packages/airflow/example_dags/example_skip_dag.py
[2025-01-10T00:49:04.831+0000] {processor.py:925} INFO - DAG(s) 'example_skip_dag' retrieved from /home/airflow/.local/lib/python3.12/site-packages/airflow/example_dags/example_skip_dag.py
[2025-01-10T00:49:04.851+0000] {logging_mixin.py:190} INFO - [2025-01-10T00:49:04.851+0000] {dag.py:3239} INFO - Sync 1 DAGs
[2025-01-10T00:49:04.873+0000] {logging_mixin.py:190} INFO - [2025-01-10T00:49:04.873+0000] {dag.py:4180} INFO - Setting next_dagrun for example_skip_dag to 2025-01-09 00:00:00+00:00, run_after=2025-01-10 00:00:00+00:00
[2025-01-10T00:49:04.893+0000] {processor.py:208} INFO - Processing /home/airflow/.local/lib/python3.12/site-packages/airflow/example_dags/example_skip_dag.py took 0.077 seconds
[2025-01-10T00:49:35.782+0000] {processor.py:186} INFO - Started process (PID=796) to work on /home/airflow/.local/lib/python3.12/site-packages/airflow/example_dags/example_skip_dag.py
[2025-01-10T00:49:35.783+0000] {processor.py:914} INFO - Processing file /home/airflow/.local/lib/python3.12/site-packages/airflow/example_dags/example_skip_dag.py for tasks to queue
[2025-01-10T00:49:35.785+0000] {logging_mixin.py:190} INFO - [2025-01-10T00:49:35.785+0000] {dagbag.py:588} INFO - Filling up the DagBag from /home/airflow/.local/lib/python3.12/site-packages/airflow/example_dags/example_skip_dag.py
[2025-01-10T00:49:35.793+0000] {processor.py:925} INFO - DAG(s) 'example_skip_dag' retrieved from /home/airflow/.local/lib/python3.12/site-packages/airflow/example_dags/example_skip_dag.py
[2025-01-10T00:49:35.813+0000] {logging_mixin.py:190} INFO - [2025-01-10T00:49:35.813+0000] {dag.py:3239} INFO - Sync 1 DAGs
[2025-01-10T00:49:35.834+0000] {logging_mixin.py:190} INFO - [2025-01-10T00:49:35.834+0000] {dag.py:4180} INFO - Setting next_dagrun for example_skip_dag to 2025-01-09 00:00:00+00:00, run_after=2025-01-10 00:00:00+00:00
[2025-01-10T00:49:35.854+0000] {processor.py:208} INFO - Processing /home/airflow/.local/lib/python3.12/site-packages/airflow/example_dags/example_skip_dag.py took 0.078 seconds
[2025-01-10T00:50:07.256+0000] {processor.py:186} INFO - Started process (PID=859) to work on /home/airflow/.local/lib/python3.12/site-packages/airflow/example_dags/example_skip_dag.py
[2025-01-10T00:50:07.257+0000] {processor.py:914} INFO - Processing file /home/airflow/.local/lib/python3.12/site-packages/airflow/example_dags/example_skip_dag.py for tasks to queue
[2025-01-10T00:50:07.260+0000] {logging_mixin.py:190} INFO - [2025-01-10T00:50:07.260+0000] {dagbag.py:588} INFO - Filling up the DagBag from /home/airflow/.local/lib/python3.12/site-packages/airflow/example_dags/example_skip_dag.py
[2025-01-10T00:50:07.269+0000] {processor.py:925} INFO - DAG(s) 'example_skip_dag' retrieved from /home/airflow/.local/lib/python3.12/site-packages/airflow/example_dags/example_skip_dag.py
[2025-01-10T00:50:07.287+0000] {logging_mixin.py:190} INFO - [2025-01-10T00:50:07.287+0000] {dag.py:3239} INFO - Sync 1 DAGs
[2025-01-10T00:50:07.309+0000] {logging_mixin.py:190} INFO - [2025-01-10T00:50:07.309+0000] {dag.py:4180} INFO - Setting next_dagrun for example_skip_dag to 2025-01-09 00:00:00+00:00, run_after=2025-01-10 00:00:00+00:00
[2025-01-10T00:50:07.329+0000] {processor.py:208} INFO - Processing /home/airflow/.local/lib/python3.12/site-packages/airflow/example_dags/example_skip_dag.py took 0.079 seconds
[2025-01-10T00:50:38.576+0000] {processor.py:186} INFO - Started process (PID=922) to work on /home/airflow/.local/lib/python3.12/site-packages/airflow/example_dags/example_skip_dag.py
[2025-01-10T00:50:38.577+0000] {processor.py:914} INFO - Processing file /home/airflow/.local/lib/python3.12/site-packages/airflow/example_dags/example_skip_dag.py for tasks to queue
[2025-01-10T00:50:38.580+0000] {logging_mixin.py:190} INFO - [2025-01-10T00:50:38.579+0000] {dagbag.py:588} INFO - Filling up the DagBag from /home/airflow/.local/lib/python3.12/site-packages/airflow/example_dags/example_skip_dag.py
[2025-01-10T00:50:38.587+0000] {processor.py:925} INFO - DAG(s) 'example_skip_dag' retrieved from /home/airflow/.local/lib/python3.12/site-packages/airflow/example_dags/example_skip_dag.py
[2025-01-10T00:50:38.607+0000] {logging_mixin.py:190} INFO - [2025-01-10T00:50:38.606+0000] {dag.py:3239} INFO - Sync 1 DAGs
[2025-01-10T00:50:38.628+0000] {logging_mixin.py:190} INFO - [2025-01-10T00:50:38.628+0000] {dag.py:4180} INFO - Setting next_dagrun for example_skip_dag to 2025-01-09 00:00:00+00:00, run_after=2025-01-10 00:00:00+00:00
[2025-01-10T00:50:38.647+0000] {processor.py:208} INFO - Processing /home/airflow/.local/lib/python3.12/site-packages/airflow/example_dags/example_skip_dag.py took 0.076 seconds
[2025-01-10T00:51:09.854+0000] {processor.py:186} INFO - Started process (PID=985) to work on /home/airflow/.local/lib/python3.12/site-packages/airflow/example_dags/example_skip_dag.py
[2025-01-10T00:51:09.855+0000] {processor.py:914} INFO - Processing file /home/airflow/.local/lib/python3.12/site-packages/airflow/example_dags/example_skip_dag.py for tasks to queue
[2025-01-10T00:51:09.858+0000] {logging_mixin.py:190} INFO - [2025-01-10T00:51:09.858+0000] {dagbag.py:588} INFO - Filling up the DagBag from /home/airflow/.local/lib/python3.12/site-packages/airflow/example_dags/example_skip_dag.py
[2025-01-10T00:51:09.867+0000] {processor.py:925} INFO - DAG(s) 'example_skip_dag' retrieved from /home/airflow/.local/lib/python3.12/site-packages/airflow/example_dags/example_skip_dag.py
[2025-01-10T00:51:09.893+0000] {logging_mixin.py:190} INFO - [2025-01-10T00:51:09.893+0000] {dag.py:3239} INFO - Sync 1 DAGs
[2025-01-10T00:51:09.918+0000] {logging_mixin.py:190} INFO - [2025-01-10T00:51:09.918+0000] {dag.py:4180} INFO - Setting next_dagrun for example_skip_dag to 2025-01-09 00:00:00+00:00, run_after=2025-01-10 00:00:00+00:00
[2025-01-10T00:51:09.938+0000] {processor.py:208} INFO - Processing /home/airflow/.local/lib/python3.12/site-packages/airflow/example_dags/example_skip_dag.py took 0.089 seconds
[2025-01-10T00:51:41.061+0000] {processor.py:186} INFO - Started process (PID=1049) to work on /home/airflow/.local/lib/python3.12/site-packages/airflow/example_dags/example_skip_dag.py
[2025-01-10T00:51:41.062+0000] {processor.py:914} INFO - Processing file /home/airflow/.local/lib/python3.12/site-packages/airflow/example_dags/example_skip_dag.py for tasks to queue
[2025-01-10T00:51:41.064+0000] {logging_mixin.py:190} INFO - [2025-01-10T00:51:41.064+0000] {dagbag.py:588} INFO - Filling up the DagBag from /home/airflow/.local/lib/python3.12/site-packages/airflow/example_dags/example_skip_dag.py
[2025-01-10T00:51:41.072+0000] {processor.py:925} INFO - DAG(s) 'example_skip_dag' retrieved from /home/airflow/.local/lib/python3.12/site-packages/airflow/example_dags/example_skip_dag.py
[2025-01-10T00:51:41.093+0000] {logging_mixin.py:190} INFO - [2025-01-10T00:51:41.093+0000] {dag.py:3239} INFO - Sync 1 DAGs
[2025-01-10T00:51:41.114+0000] {logging_mixin.py:190} INFO - [2025-01-10T00:51:41.114+0000] {dag.py:4180} INFO - Setting next_dagrun for example_skip_dag to 2025-01-09 00:00:00+00:00, run_after=2025-01-10 00:00:00+00:00
[2025-01-10T00:51:41.133+0000] {processor.py:208} INFO - Processing /home/airflow/.local/lib/python3.12/site-packages/airflow/example_dags/example_skip_dag.py took 0.077 seconds
[2025-01-10T00:52:12.384+0000] {processor.py:186} INFO - Started process (PID=1118) to work on /home/airflow/.local/lib/python3.12/site-packages/airflow/example_dags/example_skip_dag.py
[2025-01-10T00:52:12.385+0000] {processor.py:914} INFO - Processing file /home/airflow/.local/lib/python3.12/site-packages/airflow/example_dags/example_skip_dag.py for tasks to queue
[2025-01-10T00:52:12.387+0000] {logging_mixin.py:190} INFO - [2025-01-10T00:52:12.387+0000] {dagbag.py:588} INFO - Filling up the DagBag from /home/airflow/.local/lib/python3.12/site-packages/airflow/example_dags/example_skip_dag.py
[2025-01-10T00:52:12.394+0000] {processor.py:925} INFO - DAG(s) 'example_skip_dag' retrieved from /home/airflow/.local/lib/python3.12/site-packages/airflow/example_dags/example_skip_dag.py
[2025-01-10T00:52:12.414+0000] {logging_mixin.py:190} INFO - [2025-01-10T00:52:12.414+0000] {dag.py:3239} INFO - Sync 1 DAGs
[2025-01-10T00:52:12.435+0000] {logging_mixin.py:190} INFO - [2025-01-10T00:52:12.435+0000] {dag.py:4180} INFO - Setting next_dagrun for example_skip_dag to 2025-01-09 00:00:00+00:00, run_after=2025-01-10 00:00:00+00:00
[2025-01-10T00:52:12.454+0000] {processor.py:208} INFO - Processing /home/airflow/.local/lib/python3.12/site-packages/airflow/example_dags/example_skip_dag.py took 0.075 seconds
[2025-01-10T00:52:43.899+0000] {processor.py:186} INFO - Started process (PID=1181) to work on /home/airflow/.local/lib/python3.12/site-packages/airflow/example_dags/example_skip_dag.py
[2025-01-10T00:52:43.900+0000] {processor.py:914} INFO - Processing file /home/airflow/.local/lib/python3.12/site-packages/airflow/example_dags/example_skip_dag.py for tasks to queue
[2025-01-10T00:52:43.902+0000] {logging_mixin.py:190} INFO - [2025-01-10T00:52:43.902+0000] {dagbag.py:588} INFO - Filling up the DagBag from /home/airflow/.local/lib/python3.12/site-packages/airflow/example_dags/example_skip_dag.py
[2025-01-10T00:52:43.910+0000] {processor.py:925} INFO - DAG(s) 'example_skip_dag' retrieved from /home/airflow/.local/lib/python3.12/site-packages/airflow/example_dags/example_skip_dag.py
[2025-01-10T00:52:43.931+0000] {logging_mixin.py:190} INFO - [2025-01-10T00:52:43.930+0000] {dag.py:3239} INFO - Sync 1 DAGs
[2025-01-10T00:52:43.952+0000] {logging_mixin.py:190} INFO - [2025-01-10T00:52:43.951+0000] {dag.py:4180} INFO - Setting next_dagrun for example_skip_dag to 2025-01-09 00:00:00+00:00, run_after=2025-01-10 00:00:00+00:00
[2025-01-10T00:52:43.973+0000] {processor.py:208} INFO - Processing /home/airflow/.local/lib/python3.12/site-packages/airflow/example_dags/example_skip_dag.py took 0.079 seconds
[2025-01-10T00:53:15.647+0000] {processor.py:186} INFO - Started process (PID=1244) to work on /home/airflow/.local/lib/python3.12/site-packages/airflow/example_dags/example_skip_dag.py
[2025-01-10T00:53:15.648+0000] {processor.py:914} INFO - Processing file /home/airflow/.local/lib/python3.12/site-packages/airflow/example_dags/example_skip_dag.py for tasks to queue
[2025-01-10T00:53:15.651+0000] {logging_mixin.py:190} INFO - [2025-01-10T00:53:15.651+0000] {dagbag.py:588} INFO - Filling up the DagBag from /home/airflow/.local/lib/python3.12/site-packages/airflow/example_dags/example_skip_dag.py
[2025-01-10T00:53:15.661+0000] {processor.py:925} INFO - DAG(s) 'example_skip_dag' retrieved from /home/airflow/.local/lib/python3.12/site-packages/airflow/example_dags/example_skip_dag.py
[2025-01-10T00:53:15.686+0000] {logging_mixin.py:190} INFO - [2025-01-10T00:53:15.685+0000] {dag.py:3239} INFO - Sync 1 DAGs
[2025-01-10T00:53:15.712+0000] {logging_mixin.py:190} INFO - [2025-01-10T00:53:15.712+0000] {dag.py:4180} INFO - Setting next_dagrun for example_skip_dag to 2025-01-09 00:00:00+00:00, run_after=2025-01-10 00:00:00+00:00
[2025-01-10T00:53:15.736+0000] {processor.py:208} INFO - Processing /home/airflow/.local/lib/python3.12/site-packages/airflow/example_dags/example_skip_dag.py took 0.095 seconds
[2025-01-10T00:53:46.994+0000] {processor.py:186} INFO - Started process (PID=1308) to work on /home/airflow/.local/lib/python3.12/site-packages/airflow/example_dags/example_skip_dag.py
[2025-01-10T00:53:46.995+0000] {processor.py:914} INFO - Processing file /home/airflow/.local/lib/python3.12/site-packages/airflow/example_dags/example_skip_dag.py for tasks to queue
[2025-01-10T00:53:47.001+0000] {logging_mixin.py:190} INFO - [2025-01-10T00:53:47.000+0000] {dagbag.py:588} INFO - Filling up the DagBag from /home/airflow/.local/lib/python3.12/site-packages/airflow/example_dags/example_skip_dag.py
[2025-01-10T00:53:47.015+0000] {processor.py:925} INFO - DAG(s) 'example_skip_dag' retrieved from /home/airflow/.local/lib/python3.12/site-packages/airflow/example_dags/example_skip_dag.py
[2025-01-10T00:53:47.059+0000] {logging_mixin.py:190} INFO - [2025-01-10T00:53:47.059+0000] {dag.py:3239} INFO - Sync 1 DAGs
[2025-01-10T00:53:47.113+0000] {logging_mixin.py:190} INFO - [2025-01-10T00:53:47.113+0000] {dag.py:4180} INFO - Setting next_dagrun for example_skip_dag to 2025-01-09 00:00:00+00:00, run_after=2025-01-10 00:00:00+00:00
[2025-01-10T00:53:47.172+0000] {processor.py:208} INFO - Processing /home/airflow/.local/lib/python3.12/site-packages/airflow/example_dags/example_skip_dag.py took 0.191 seconds
[2025-01-10T00:54:17.714+0000] {processor.py:186} INFO - Started process (PID=1371) to work on /home/airflow/.local/lib/python3.12/site-packages/airflow/example_dags/example_skip_dag.py
[2025-01-10T00:54:17.715+0000] {processor.py:914} INFO - Processing file /home/airflow/.local/lib/python3.12/site-packages/airflow/example_dags/example_skip_dag.py for tasks to queue
[2025-01-10T00:54:17.717+0000] {logging_mixin.py:190} INFO - [2025-01-10T00:54:17.717+0000] {dagbag.py:588} INFO - Filling up the DagBag from /home/airflow/.local/lib/python3.12/site-packages/airflow/example_dags/example_skip_dag.py
[2025-01-10T00:54:17.725+0000] {processor.py:925} INFO - DAG(s) 'example_skip_dag' retrieved from /home/airflow/.local/lib/python3.12/site-packages/airflow/example_dags/example_skip_dag.py
[2025-01-10T00:54:17.744+0000] {logging_mixin.py:190} INFO - [2025-01-10T00:54:17.744+0000] {dag.py:3239} INFO - Sync 1 DAGs
[2025-01-10T00:54:17.767+0000] {logging_mixin.py:190} INFO - [2025-01-10T00:54:17.767+0000] {dag.py:4180} INFO - Setting next_dagrun for example_skip_dag to 2025-01-09 00:00:00+00:00, run_after=2025-01-10 00:00:00+00:00
[2025-01-10T00:54:17.786+0000] {processor.py:208} INFO - Processing /home/airflow/.local/lib/python3.12/site-packages/airflow/example_dags/example_skip_dag.py took 0.077 seconds
[2025-01-10T00:54:48.659+0000] {processor.py:186} INFO - Started process (PID=1434) to work on /home/airflow/.local/lib/python3.12/site-packages/airflow/example_dags/example_skip_dag.py
[2025-01-10T00:54:48.660+0000] {processor.py:914} INFO - Processing file /home/airflow/.local/lib/python3.12/site-packages/airflow/example_dags/example_skip_dag.py for tasks to queue
[2025-01-10T00:54:48.662+0000] {logging_mixin.py:190} INFO - [2025-01-10T00:54:48.662+0000] {dagbag.py:588} INFO - Filling up the DagBag from /home/airflow/.local/lib/python3.12/site-packages/airflow/example_dags/example_skip_dag.py
[2025-01-10T00:54:48.670+0000] {processor.py:925} INFO - DAG(s) 'example_skip_dag' retrieved from /home/airflow/.local/lib/python3.12/site-packages/airflow/example_dags/example_skip_dag.py
[2025-01-10T00:54:48.690+0000] {logging_mixin.py:190} INFO - [2025-01-10T00:54:48.690+0000] {dag.py:3239} INFO - Sync 1 DAGs
[2025-01-10T00:54:48.712+0000] {logging_mixin.py:190} INFO - [2025-01-10T00:54:48.711+0000] {dag.py:4180} INFO - Setting next_dagrun for example_skip_dag to 2025-01-09 00:00:00+00:00, run_after=2025-01-10 00:00:00+00:00
[2025-01-10T00:54:48.732+0000] {processor.py:208} INFO - Processing /home/airflow/.local/lib/python3.12/site-packages/airflow/example_dags/example_skip_dag.py took 0.078 seconds
[2025-01-10T00:55:19.914+0000] {processor.py:186} INFO - Started process (PID=1497) to work on /home/airflow/.local/lib/python3.12/site-packages/airflow/example_dags/example_skip_dag.py
[2025-01-10T00:55:19.915+0000] {processor.py:914} INFO - Processing file /home/airflow/.local/lib/python3.12/site-packages/airflow/example_dags/example_skip_dag.py for tasks to queue
[2025-01-10T00:55:19.918+0000] {logging_mixin.py:190} INFO - [2025-01-10T00:55:19.918+0000] {dagbag.py:588} INFO - Filling up the DagBag from /home/airflow/.local/lib/python3.12/site-packages/airflow/example_dags/example_skip_dag.py
[2025-01-10T00:55:19.928+0000] {processor.py:925} INFO - DAG(s) 'example_skip_dag' retrieved from /home/airflow/.local/lib/python3.12/site-packages/airflow/example_dags/example_skip_dag.py
[2025-01-10T00:55:19.949+0000] {logging_mixin.py:190} INFO - [2025-01-10T00:55:19.949+0000] {dag.py:3239} INFO - Sync 1 DAGs
[2025-01-10T00:55:19.972+0000] {logging_mixin.py:190} INFO - [2025-01-10T00:55:19.972+0000] {dag.py:4180} INFO - Setting next_dagrun for example_skip_dag to 2025-01-09 00:00:00+00:00, run_after=2025-01-10 00:00:00+00:00
[2025-01-10T00:55:19.991+0000] {processor.py:208} INFO - Processing /home/airflow/.local/lib/python3.12/site-packages/airflow/example_dags/example_skip_dag.py took 0.084 seconds
[2025-01-10T00:55:50.942+0000] {processor.py:186} INFO - Started process (PID=1560) to work on /home/airflow/.local/lib/python3.12/site-packages/airflow/example_dags/example_skip_dag.py
[2025-01-10T00:55:50.943+0000] {processor.py:914} INFO - Processing file /home/airflow/.local/lib/python3.12/site-packages/airflow/example_dags/example_skip_dag.py for tasks to queue
[2025-01-10T00:55:50.945+0000] {logging_mixin.py:190} INFO - [2025-01-10T00:55:50.944+0000] {dagbag.py:588} INFO - Filling up the DagBag from /home/airflow/.local/lib/python3.12/site-packages/airflow/example_dags/example_skip_dag.py
[2025-01-10T00:55:50.952+0000] {processor.py:925} INFO - DAG(s) 'example_skip_dag' retrieved from /home/airflow/.local/lib/python3.12/site-packages/airflow/example_dags/example_skip_dag.py
[2025-01-10T00:55:50.973+0000] {logging_mixin.py:190} INFO - [2025-01-10T00:55:50.973+0000] {dag.py:3239} INFO - Sync 1 DAGs
[2025-01-10T00:55:50.994+0000] {logging_mixin.py:190} INFO - [2025-01-10T00:55:50.994+0000] {dag.py:4180} INFO - Setting next_dagrun for example_skip_dag to 2025-01-09 00:00:00+00:00, run_after=2025-01-10 00:00:00+00:00
[2025-01-10T00:55:51.013+0000] {processor.py:208} INFO - Processing /home/airflow/.local/lib/python3.12/site-packages/airflow/example_dags/example_skip_dag.py took 0.077 seconds
[2025-01-10T00:56:21.917+0000] {processor.py:186} INFO - Started process (PID=1623) to work on /home/airflow/.local/lib/python3.12/site-packages/airflow/example_dags/example_skip_dag.py
[2025-01-10T00:56:21.918+0000] {processor.py:914} INFO - Processing file /home/airflow/.local/lib/python3.12/site-packages/airflow/example_dags/example_skip_dag.py for tasks to queue
[2025-01-10T00:56:21.920+0000] {logging_mixin.py:190} INFO - [2025-01-10T00:56:21.919+0000] {dagbag.py:588} INFO - Filling up the DagBag from /home/airflow/.local/lib/python3.12/site-packages/airflow/example_dags/example_skip_dag.py
[2025-01-10T00:56:21.927+0000] {processor.py:925} INFO - DAG(s) 'example_skip_dag' retrieved from /home/airflow/.local/lib/python3.12/site-packages/airflow/example_dags/example_skip_dag.py
[2025-01-10T00:56:21.946+0000] {logging_mixin.py:190} INFO - [2025-01-10T00:56:21.946+0000] {dag.py:3239} INFO - Sync 1 DAGs
[2025-01-10T00:56:21.969+0000] {logging_mixin.py:190} INFO - [2025-01-10T00:56:21.968+0000] {dag.py:4180} INFO - Setting next_dagrun for example_skip_dag to 2025-01-09 00:00:00+00:00, run_after=2025-01-10 00:00:00+00:00
[2025-01-10T00:56:21.987+0000] {processor.py:208} INFO - Processing /home/airflow/.local/lib/python3.12/site-packages/airflow/example_dags/example_skip_dag.py took 0.076 seconds
[2025-01-10T00:56:53.528+0000] {processor.py:186} INFO - Started process (PID=1686) to work on /home/airflow/.local/lib/python3.12/site-packages/airflow/example_dags/example_skip_dag.py
[2025-01-10T00:56:53.529+0000] {processor.py:914} INFO - Processing file /home/airflow/.local/lib/python3.12/site-packages/airflow/example_dags/example_skip_dag.py for tasks to queue
[2025-01-10T00:56:53.532+0000] {logging_mixin.py:190} INFO - [2025-01-10T00:56:53.531+0000] {dagbag.py:588} INFO - Filling up the DagBag from /home/airflow/.local/lib/python3.12/site-packages/airflow/example_dags/example_skip_dag.py
[2025-01-10T00:56:53.541+0000] {processor.py:925} INFO - DAG(s) 'example_skip_dag' retrieved from /home/airflow/.local/lib/python3.12/site-packages/airflow/example_dags/example_skip_dag.py
[2025-01-10T00:56:53.565+0000] {logging_mixin.py:190} INFO - [2025-01-10T00:56:53.564+0000] {dag.py:3239} INFO - Sync 1 DAGs
[2025-01-10T00:56:53.598+0000] {logging_mixin.py:190} INFO - [2025-01-10T00:56:53.598+0000] {dag.py:4180} INFO - Setting next_dagrun for example_skip_dag to 2025-01-09 00:00:00+00:00, run_after=2025-01-10 00:00:00+00:00
[2025-01-10T00:56:53.619+0000] {processor.py:208} INFO - Processing /home/airflow/.local/lib/python3.12/site-packages/airflow/example_dags/example_skip_dag.py took 0.098 seconds
[2025-01-10T00:57:24.656+0000] {processor.py:186} INFO - Started process (PID=1749) to work on /home/airflow/.local/lib/python3.12/site-packages/airflow/example_dags/example_skip_dag.py
[2025-01-10T00:57:24.657+0000] {processor.py:914} INFO - Processing file /home/airflow/.local/lib/python3.12/site-packages/airflow/example_dags/example_skip_dag.py for tasks to queue
[2025-01-10T00:57:24.660+0000] {logging_mixin.py:190} INFO - [2025-01-10T00:57:24.659+0000] {dagbag.py:588} INFO - Filling up the DagBag from /home/airflow/.local/lib/python3.12/site-packages/airflow/example_dags/example_skip_dag.py
[2025-01-10T00:57:24.667+0000] {processor.py:925} INFO - DAG(s) 'example_skip_dag' retrieved from /home/airflow/.local/lib/python3.12/site-packages/airflow/example_dags/example_skip_dag.py
[2025-01-10T00:57:24.687+0000] {logging_mixin.py:190} INFO - [2025-01-10T00:57:24.686+0000] {dag.py:3239} INFO - Sync 1 DAGs
[2025-01-10T00:57:24.713+0000] {logging_mixin.py:190} INFO - [2025-01-10T00:57:24.713+0000] {dag.py:4180} INFO - Setting next_dagrun for example_skip_dag to 2025-01-09 00:00:00+00:00, run_after=2025-01-10 00:00:00+00:00
[2025-01-10T00:57:24.735+0000] {processor.py:208} INFO - Processing /home/airflow/.local/lib/python3.12/site-packages/airflow/example_dags/example_skip_dag.py took 0.085 seconds
[2025-01-10T00:57:55.905+0000] {processor.py:186} INFO - Started process (PID=1813) to work on /home/airflow/.local/lib/python3.12/site-packages/airflow/example_dags/example_skip_dag.py
[2025-01-10T00:57:55.906+0000] {processor.py:914} INFO - Processing file /home/airflow/.local/lib/python3.12/site-packages/airflow/example_dags/example_skip_dag.py for tasks to queue
[2025-01-10T00:57:55.909+0000] {logging_mixin.py:190} INFO - [2025-01-10T00:57:55.909+0000] {dagbag.py:588} INFO - Filling up the DagBag from /home/airflow/.local/lib/python3.12/site-packages/airflow/example_dags/example_skip_dag.py
[2025-01-10T00:57:55.920+0000] {processor.py:925} INFO - DAG(s) 'example_skip_dag' retrieved from /home/airflow/.local/lib/python3.12/site-packages/airflow/example_dags/example_skip_dag.py
[2025-01-10T00:57:55.951+0000] {logging_mixin.py:190} INFO - [2025-01-10T00:57:55.950+0000] {dag.py:3239} INFO - Sync 1 DAGs
[2025-01-10T00:57:55.979+0000] {logging_mixin.py:190} INFO - [2025-01-10T00:57:55.979+0000] {dag.py:4180} INFO - Setting next_dagrun for example_skip_dag to 2025-01-09 00:00:00+00:00, run_after=2025-01-10 00:00:00+00:00
[2025-01-10T00:57:56.009+0000] {processor.py:208} INFO - Processing /home/airflow/.local/lib/python3.12/site-packages/airflow/example_dags/example_skip_dag.py took 0.111 seconds
[2025-01-10T00:58:27.241+0000] {processor.py:186} INFO - Started process (PID=1876) to work on /home/airflow/.local/lib/python3.12/site-packages/airflow/example_dags/example_skip_dag.py
[2025-01-10T00:58:27.242+0000] {processor.py:914} INFO - Processing file /home/airflow/.local/lib/python3.12/site-packages/airflow/example_dags/example_skip_dag.py for tasks to queue
[2025-01-10T00:58:27.245+0000] {logging_mixin.py:190} INFO - [2025-01-10T00:58:27.245+0000] {dagbag.py:588} INFO - Filling up the DagBag from /home/airflow/.local/lib/python3.12/site-packages/airflow/example_dags/example_skip_dag.py
[2025-01-10T00:58:27.256+0000] {processor.py:925} INFO - DAG(s) 'example_skip_dag' retrieved from /home/airflow/.local/lib/python3.12/site-packages/airflow/example_dags/example_skip_dag.py
[2025-01-10T00:58:27.291+0000] {logging_mixin.py:190} INFO - [2025-01-10T00:58:27.291+0000] {dag.py:3239} INFO - Sync 1 DAGs
[2025-01-10T00:58:27.320+0000] {logging_mixin.py:190} INFO - [2025-01-10T00:58:27.320+0000] {dag.py:4180} INFO - Setting next_dagrun for example_skip_dag to 2025-01-09 00:00:00+00:00, run_after=2025-01-10 00:00:00+00:00
[2025-01-10T00:58:27.339+0000] {processor.py:208} INFO - Processing /home/airflow/.local/lib/python3.12/site-packages/airflow/example_dags/example_skip_dag.py took 0.107 seconds
[2025-01-10T01:02:02.317+0000] {processor.py:186} INFO - Started process (PID=97) to work on /home/airflow/.local/lib/python3.12/site-packages/airflow/example_dags/example_skip_dag.py
[2025-01-10T01:02:02.319+0000] {processor.py:914} INFO - Processing file /home/airflow/.local/lib/python3.12/site-packages/airflow/example_dags/example_skip_dag.py for tasks to queue
[2025-01-10T01:02:02.325+0000] {logging_mixin.py:190} INFO - [2025-01-10T01:02:02.325+0000] {dagbag.py:588} INFO - Filling up the DagBag from /home/airflow/.local/lib/python3.12/site-packages/airflow/example_dags/example_skip_dag.py
[2025-01-10T01:02:02.339+0000] {processor.py:925} INFO - DAG(s) 'example_skip_dag' retrieved from /home/airflow/.local/lib/python3.12/site-packages/airflow/example_dags/example_skip_dag.py
[2025-01-10T01:02:02.381+0000] {logging_mixin.py:190} INFO - [2025-01-10T01:02:02.381+0000] {dag.py:3239} INFO - Sync 1 DAGs
[2025-01-10T01:02:02.435+0000] {logging_mixin.py:190} INFO - [2025-01-10T01:02:02.434+0000] {dag.py:4180} INFO - Setting next_dagrun for example_skip_dag to 2025-01-09 00:00:00+00:00, run_after=2025-01-10 00:00:00+00:00
[2025-01-10T01:02:02.521+0000] {processor.py:208} INFO - Processing /home/airflow/.local/lib/python3.12/site-packages/airflow/example_dags/example_skip_dag.py took 0.213 seconds
[2025-01-10T01:02:32.982+0000] {processor.py:186} INFO - Started process (PID=160) to work on /home/airflow/.local/lib/python3.12/site-packages/airflow/example_dags/example_skip_dag.py
[2025-01-10T01:02:32.984+0000] {processor.py:914} INFO - Processing file /home/airflow/.local/lib/python3.12/site-packages/airflow/example_dags/example_skip_dag.py for tasks to queue
[2025-01-10T01:02:32.987+0000] {logging_mixin.py:190} INFO - [2025-01-10T01:02:32.987+0000] {dagbag.py:588} INFO - Filling up the DagBag from /home/airflow/.local/lib/python3.12/site-packages/airflow/example_dags/example_skip_dag.py
[2025-01-10T01:02:32.999+0000] {processor.py:925} INFO - DAG(s) 'example_skip_dag' retrieved from /home/airflow/.local/lib/python3.12/site-packages/airflow/example_dags/example_skip_dag.py
[2025-01-10T01:02:33.030+0000] {logging_mixin.py:190} INFO - [2025-01-10T01:02:33.029+0000] {dag.py:3239} INFO - Sync 1 DAGs
[2025-01-10T01:02:33.058+0000] {logging_mixin.py:190} INFO - [2025-01-10T01:02:33.058+0000] {dag.py:4180} INFO - Setting next_dagrun for example_skip_dag to 2025-01-09 00:00:00+00:00, run_after=2025-01-10 00:00:00+00:00
[2025-01-10T01:02:33.092+0000] {processor.py:208} INFO - Processing /home/airflow/.local/lib/python3.12/site-packages/airflow/example_dags/example_skip_dag.py took 0.118 seconds
[2025-01-10T01:03:03.570+0000] {processor.py:186} INFO - Started process (PID=223) to work on /home/airflow/.local/lib/python3.12/site-packages/airflow/example_dags/example_skip_dag.py
[2025-01-10T01:03:03.571+0000] {processor.py:914} INFO - Processing file /home/airflow/.local/lib/python3.12/site-packages/airflow/example_dags/example_skip_dag.py for tasks to queue
[2025-01-10T01:03:03.576+0000] {logging_mixin.py:190} INFO - [2025-01-10T01:03:03.575+0000] {dagbag.py:588} INFO - Filling up the DagBag from /home/airflow/.local/lib/python3.12/site-packages/airflow/example_dags/example_skip_dag.py
[2025-01-10T01:03:03.594+0000] {processor.py:925} INFO - DAG(s) 'example_skip_dag' retrieved from /home/airflow/.local/lib/python3.12/site-packages/airflow/example_dags/example_skip_dag.py
[2025-01-10T01:03:03.643+0000] {logging_mixin.py:190} INFO - [2025-01-10T01:03:03.642+0000] {dag.py:3239} INFO - Sync 1 DAGs
[2025-01-10T01:03:03.683+0000] {logging_mixin.py:190} INFO - [2025-01-10T01:03:03.682+0000] {dag.py:4180} INFO - Setting next_dagrun for example_skip_dag to 2025-01-09 00:00:00+00:00, run_after=2025-01-10 00:00:00+00:00
[2025-01-10T01:03:03.717+0000] {processor.py:208} INFO - Processing /home/airflow/.local/lib/python3.12/site-packages/airflow/example_dags/example_skip_dag.py took 0.163 seconds
[2025-01-10T01:03:34.537+0000] {processor.py:186} INFO - Started process (PID=286) to work on /home/airflow/.local/lib/python3.12/site-packages/airflow/example_dags/example_skip_dag.py
[2025-01-10T01:03:34.538+0000] {processor.py:914} INFO - Processing file /home/airflow/.local/lib/python3.12/site-packages/airflow/example_dags/example_skip_dag.py for tasks to queue
[2025-01-10T01:03:34.540+0000] {logging_mixin.py:190} INFO - [2025-01-10T01:03:34.540+0000] {dagbag.py:588} INFO - Filling up the DagBag from /home/airflow/.local/lib/python3.12/site-packages/airflow/example_dags/example_skip_dag.py
[2025-01-10T01:03:34.547+0000] {processor.py:925} INFO - DAG(s) 'example_skip_dag' retrieved from /home/airflow/.local/lib/python3.12/site-packages/airflow/example_dags/example_skip_dag.py
[2025-01-10T01:03:34.568+0000] {logging_mixin.py:190} INFO - [2025-01-10T01:03:34.567+0000] {dag.py:3239} INFO - Sync 1 DAGs
[2025-01-10T01:03:34.593+0000] {logging_mixin.py:190} INFO - [2025-01-10T01:03:34.593+0000] {dag.py:4180} INFO - Setting next_dagrun for example_skip_dag to 2025-01-09 00:00:00+00:00, run_after=2025-01-10 00:00:00+00:00
[2025-01-10T01:03:34.614+0000] {processor.py:208} INFO - Processing /home/airflow/.local/lib/python3.12/site-packages/airflow/example_dags/example_skip_dag.py took 0.083 seconds
[2025-01-10T01:04:04.917+0000] {processor.py:186} INFO - Started process (PID=348) to work on /home/airflow/.local/lib/python3.12/site-packages/airflow/example_dags/example_skip_dag.py
[2025-01-10T01:04:04.919+0000] {processor.py:914} INFO - Processing file /home/airflow/.local/lib/python3.12/site-packages/airflow/example_dags/example_skip_dag.py for tasks to queue
[2025-01-10T01:04:04.922+0000] {logging_mixin.py:190} INFO - [2025-01-10T01:04:04.922+0000] {dagbag.py:588} INFO - Filling up the DagBag from /home/airflow/.local/lib/python3.12/site-packages/airflow/example_dags/example_skip_dag.py
[2025-01-10T01:04:04.932+0000] {processor.py:925} INFO - DAG(s) 'example_skip_dag' retrieved from /home/airflow/.local/lib/python3.12/site-packages/airflow/example_dags/example_skip_dag.py
[2025-01-10T01:04:04.957+0000] {logging_mixin.py:190} INFO - [2025-01-10T01:04:04.957+0000] {dag.py:3239} INFO - Sync 1 DAGs
[2025-01-10T01:04:04.983+0000] {logging_mixin.py:190} INFO - [2025-01-10T01:04:04.982+0000] {dag.py:4180} INFO - Setting next_dagrun for example_skip_dag to 2025-01-09 00:00:00+00:00, run_after=2025-01-10 00:00:00+00:00
[2025-01-10T01:04:05.005+0000] {processor.py:208} INFO - Processing /home/airflow/.local/lib/python3.12/site-packages/airflow/example_dags/example_skip_dag.py took 0.094 seconds
[2025-01-10T01:04:35.741+0000] {processor.py:186} INFO - Started process (PID=411) to work on /home/airflow/.local/lib/python3.12/site-packages/airflow/example_dags/example_skip_dag.py
[2025-01-10T01:04:35.742+0000] {processor.py:914} INFO - Processing file /home/airflow/.local/lib/python3.12/site-packages/airflow/example_dags/example_skip_dag.py for tasks to queue
[2025-01-10T01:04:35.744+0000] {logging_mixin.py:190} INFO - [2025-01-10T01:04:35.744+0000] {dagbag.py:588} INFO - Filling up the DagBag from /home/airflow/.local/lib/python3.12/site-packages/airflow/example_dags/example_skip_dag.py
[2025-01-10T01:04:35.754+0000] {processor.py:925} INFO - DAG(s) 'example_skip_dag' retrieved from /home/airflow/.local/lib/python3.12/site-packages/airflow/example_dags/example_skip_dag.py
[2025-01-10T01:04:35.785+0000] {logging_mixin.py:190} INFO - [2025-01-10T01:04:35.785+0000] {dag.py:3239} INFO - Sync 1 DAGs
[2025-01-10T01:04:35.827+0000] {logging_mixin.py:190} INFO - [2025-01-10T01:04:35.826+0000] {dag.py:4180} INFO - Setting next_dagrun for example_skip_dag to 2025-01-09 00:00:00+00:00, run_after=2025-01-10 00:00:00+00:00
[2025-01-10T01:04:35.861+0000] {processor.py:208} INFO - Processing /home/airflow/.local/lib/python3.12/site-packages/airflow/example_dags/example_skip_dag.py took 0.125 seconds
[2025-01-10T01:05:06.083+0000] {processor.py:186} INFO - Started process (PID=474) to work on /home/airflow/.local/lib/python3.12/site-packages/airflow/example_dags/example_skip_dag.py
[2025-01-10T01:05:06.084+0000] {processor.py:914} INFO - Processing file /home/airflow/.local/lib/python3.12/site-packages/airflow/example_dags/example_skip_dag.py for tasks to queue
[2025-01-10T01:05:06.086+0000] {logging_mixin.py:190} INFO - [2025-01-10T01:05:06.086+0000] {dagbag.py:588} INFO - Filling up the DagBag from /home/airflow/.local/lib/python3.12/site-packages/airflow/example_dags/example_skip_dag.py
[2025-01-10T01:05:06.097+0000] {processor.py:925} INFO - DAG(s) 'example_skip_dag' retrieved from /home/airflow/.local/lib/python3.12/site-packages/airflow/example_dags/example_skip_dag.py
[2025-01-10T01:05:06.128+0000] {logging_mixin.py:190} INFO - [2025-01-10T01:05:06.127+0000] {dag.py:3239} INFO - Sync 1 DAGs
[2025-01-10T01:05:06.154+0000] {logging_mixin.py:190} INFO - [2025-01-10T01:05:06.153+0000] {dag.py:4180} INFO - Setting next_dagrun for example_skip_dag to 2025-01-09 00:00:00+00:00, run_after=2025-01-10 00:00:00+00:00
[2025-01-10T01:05:06.177+0000] {processor.py:208} INFO - Processing /home/airflow/.local/lib/python3.12/site-packages/airflow/example_dags/example_skip_dag.py took 0.100 seconds
[2025-01-10T01:05:36.245+0000] {processor.py:186} INFO - Started process (PID=536) to work on /home/airflow/.local/lib/python3.12/site-packages/airflow/example_dags/example_skip_dag.py
[2025-01-10T01:05:36.245+0000] {processor.py:914} INFO - Processing file /home/airflow/.local/lib/python3.12/site-packages/airflow/example_dags/example_skip_dag.py for tasks to queue
[2025-01-10T01:05:36.248+0000] {logging_mixin.py:190} INFO - [2025-01-10T01:05:36.247+0000] {dagbag.py:588} INFO - Filling up the DagBag from /home/airflow/.local/lib/python3.12/site-packages/airflow/example_dags/example_skip_dag.py
[2025-01-10T01:05:36.255+0000] {processor.py:925} INFO - DAG(s) 'example_skip_dag' retrieved from /home/airflow/.local/lib/python3.12/site-packages/airflow/example_dags/example_skip_dag.py
[2025-01-10T01:05:36.274+0000] {logging_mixin.py:190} INFO - [2025-01-10T01:05:36.273+0000] {dag.py:3239} INFO - Sync 1 DAGs
[2025-01-10T01:05:36.296+0000] {logging_mixin.py:190} INFO - [2025-01-10T01:05:36.296+0000] {dag.py:4180} INFO - Setting next_dagrun for example_skip_dag to 2025-01-09 00:00:00+00:00, run_after=2025-01-10 00:00:00+00:00
[2025-01-10T01:05:36.317+0000] {processor.py:208} INFO - Processing /home/airflow/.local/lib/python3.12/site-packages/airflow/example_dags/example_skip_dag.py took 0.077 seconds
[2025-01-10T01:06:06.760+0000] {processor.py:186} INFO - Started process (PID=599) to work on /home/airflow/.local/lib/python3.12/site-packages/airflow/example_dags/example_skip_dag.py
[2025-01-10T01:06:06.761+0000] {processor.py:914} INFO - Processing file /home/airflow/.local/lib/python3.12/site-packages/airflow/example_dags/example_skip_dag.py for tasks to queue
[2025-01-10T01:06:06.763+0000] {logging_mixin.py:190} INFO - [2025-01-10T01:06:06.763+0000] {dagbag.py:588} INFO - Filling up the DagBag from /home/airflow/.local/lib/python3.12/site-packages/airflow/example_dags/example_skip_dag.py
[2025-01-10T01:06:06.770+0000] {processor.py:925} INFO - DAG(s) 'example_skip_dag' retrieved from /home/airflow/.local/lib/python3.12/site-packages/airflow/example_dags/example_skip_dag.py
[2025-01-10T01:06:06.789+0000] {logging_mixin.py:190} INFO - [2025-01-10T01:06:06.789+0000] {dag.py:3239} INFO - Sync 1 DAGs
[2025-01-10T01:06:06.811+0000] {logging_mixin.py:190} INFO - [2025-01-10T01:06:06.811+0000] {dag.py:4180} INFO - Setting next_dagrun for example_skip_dag to 2025-01-09 00:00:00+00:00, run_after=2025-01-10 00:00:00+00:00
[2025-01-10T01:06:06.830+0000] {processor.py:208} INFO - Processing /home/airflow/.local/lib/python3.12/site-packages/airflow/example_dags/example_skip_dag.py took 0.076 seconds
[2025-01-10T01:06:37.638+0000] {processor.py:186} INFO - Started process (PID=662) to work on /home/airflow/.local/lib/python3.12/site-packages/airflow/example_dags/example_skip_dag.py
[2025-01-10T01:06:37.639+0000] {processor.py:914} INFO - Processing file /home/airflow/.local/lib/python3.12/site-packages/airflow/example_dags/example_skip_dag.py for tasks to queue
[2025-01-10T01:06:37.642+0000] {logging_mixin.py:190} INFO - [2025-01-10T01:06:37.642+0000] {dagbag.py:588} INFO - Filling up the DagBag from /home/airflow/.local/lib/python3.12/site-packages/airflow/example_dags/example_skip_dag.py
[2025-01-10T01:06:37.651+0000] {processor.py:925} INFO - DAG(s) 'example_skip_dag' retrieved from /home/airflow/.local/lib/python3.12/site-packages/airflow/example_dags/example_skip_dag.py
[2025-01-10T01:06:37.672+0000] {logging_mixin.py:190} INFO - [2025-01-10T01:06:37.672+0000] {dag.py:3239} INFO - Sync 1 DAGs
[2025-01-10T01:06:37.694+0000] {logging_mixin.py:190} INFO - [2025-01-10T01:06:37.694+0000] {dag.py:4180} INFO - Setting next_dagrun for example_skip_dag to 2025-01-09 00:00:00+00:00, run_after=2025-01-10 00:00:00+00:00
[2025-01-10T01:06:37.713+0000] {processor.py:208} INFO - Processing /home/airflow/.local/lib/python3.12/site-packages/airflow/example_dags/example_skip_dag.py took 0.080 seconds
[2025-01-10T01:07:08.064+0000] {processor.py:186} INFO - Started process (PID=725) to work on /home/airflow/.local/lib/python3.12/site-packages/airflow/example_dags/example_skip_dag.py
[2025-01-10T01:07:08.065+0000] {processor.py:914} INFO - Processing file /home/airflow/.local/lib/python3.12/site-packages/airflow/example_dags/example_skip_dag.py for tasks to queue
[2025-01-10T01:07:08.067+0000] {logging_mixin.py:190} INFO - [2025-01-10T01:07:08.067+0000] {dagbag.py:588} INFO - Filling up the DagBag from /home/airflow/.local/lib/python3.12/site-packages/airflow/example_dags/example_skip_dag.py
[2025-01-10T01:07:08.082+0000] {processor.py:925} INFO - DAG(s) 'example_skip_dag' retrieved from /home/airflow/.local/lib/python3.12/site-packages/airflow/example_dags/example_skip_dag.py
[2025-01-10T01:07:08.102+0000] {logging_mixin.py:190} INFO - [2025-01-10T01:07:08.102+0000] {dag.py:3239} INFO - Sync 1 DAGs
[2025-01-10T01:07:08.123+0000] {logging_mixin.py:190} INFO - [2025-01-10T01:07:08.123+0000] {dag.py:4180} INFO - Setting next_dagrun for example_skip_dag to 2025-01-09 00:00:00+00:00, run_after=2025-01-10 00:00:00+00:00
[2025-01-10T01:07:08.145+0000] {processor.py:208} INFO - Processing /home/airflow/.local/lib/python3.12/site-packages/airflow/example_dags/example_skip_dag.py took 0.086 seconds
[2025-01-10T01:07:39.308+0000] {processor.py:186} INFO - Started process (PID=788) to work on /home/airflow/.local/lib/python3.12/site-packages/airflow/example_dags/example_skip_dag.py
[2025-01-10T01:07:39.309+0000] {processor.py:914} INFO - Processing file /home/airflow/.local/lib/python3.12/site-packages/airflow/example_dags/example_skip_dag.py for tasks to queue
[2025-01-10T01:07:39.312+0000] {logging_mixin.py:190} INFO - [2025-01-10T01:07:39.312+0000] {dagbag.py:588} INFO - Filling up the DagBag from /home/airflow/.local/lib/python3.12/site-packages/airflow/example_dags/example_skip_dag.py
[2025-01-10T01:07:39.322+0000] {processor.py:925} INFO - DAG(s) 'example_skip_dag' retrieved from /home/airflow/.local/lib/python3.12/site-packages/airflow/example_dags/example_skip_dag.py
[2025-01-10T01:07:39.345+0000] {logging_mixin.py:190} INFO - [2025-01-10T01:07:39.345+0000] {dag.py:3239} INFO - Sync 1 DAGs
[2025-01-10T01:07:39.381+0000] {logging_mixin.py:190} INFO - [2025-01-10T01:07:39.380+0000] {dag.py:4180} INFO - Setting next_dagrun for example_skip_dag to 2025-01-09 00:00:00+00:00, run_after=2025-01-10 00:00:00+00:00
[2025-01-10T01:07:39.423+0000] {processor.py:208} INFO - Processing /home/airflow/.local/lib/python3.12/site-packages/airflow/example_dags/example_skip_dag.py took 0.123 seconds
[2025-01-10T01:08:10.828+0000] {processor.py:186} INFO - Started process (PID=851) to work on /home/airflow/.local/lib/python3.12/site-packages/airflow/example_dags/example_skip_dag.py
[2025-01-10T01:08:10.830+0000] {processor.py:914} INFO - Processing file /home/airflow/.local/lib/python3.12/site-packages/airflow/example_dags/example_skip_dag.py for tasks to queue
[2025-01-10T01:08:10.834+0000] {logging_mixin.py:190} INFO - [2025-01-10T01:08:10.834+0000] {dagbag.py:588} INFO - Filling up the DagBag from /home/airflow/.local/lib/python3.12/site-packages/airflow/example_dags/example_skip_dag.py
[2025-01-10T01:08:10.844+0000] {processor.py:925} INFO - DAG(s) 'example_skip_dag' retrieved from /home/airflow/.local/lib/python3.12/site-packages/airflow/example_dags/example_skip_dag.py
[2025-01-10T01:08:10.868+0000] {logging_mixin.py:190} INFO - [2025-01-10T01:08:10.867+0000] {dag.py:3239} INFO - Sync 1 DAGs
[2025-01-10T01:08:10.893+0000] {logging_mixin.py:190} INFO - [2025-01-10T01:08:10.892+0000] {dag.py:4180} INFO - Setting next_dagrun for example_skip_dag to 2025-01-09 00:00:00+00:00, run_after=2025-01-10 00:00:00+00:00
[2025-01-10T01:08:10.912+0000] {processor.py:208} INFO - Processing /home/airflow/.local/lib/python3.12/site-packages/airflow/example_dags/example_skip_dag.py took 0.090 seconds
[2025-01-10T01:08:41.710+0000] {processor.py:186} INFO - Started process (PID=914) to work on /home/airflow/.local/lib/python3.12/site-packages/airflow/example_dags/example_skip_dag.py
[2025-01-10T01:08:41.711+0000] {processor.py:914} INFO - Processing file /home/airflow/.local/lib/python3.12/site-packages/airflow/example_dags/example_skip_dag.py for tasks to queue
[2025-01-10T01:08:41.714+0000] {logging_mixin.py:190} INFO - [2025-01-10T01:08:41.713+0000] {dagbag.py:588} INFO - Filling up the DagBag from /home/airflow/.local/lib/python3.12/site-packages/airflow/example_dags/example_skip_dag.py
[2025-01-10T01:08:41.722+0000] {processor.py:925} INFO - DAG(s) 'example_skip_dag' retrieved from /home/airflow/.local/lib/python3.12/site-packages/airflow/example_dags/example_skip_dag.py
[2025-01-10T01:08:41.744+0000] {logging_mixin.py:190} INFO - [2025-01-10T01:08:41.744+0000] {dag.py:3239} INFO - Sync 1 DAGs
[2025-01-10T01:08:41.771+0000] {logging_mixin.py:190} INFO - [2025-01-10T01:08:41.771+0000] {dag.py:4180} INFO - Setting next_dagrun for example_skip_dag to 2025-01-09 00:00:00+00:00, run_after=2025-01-10 00:00:00+00:00
[2025-01-10T01:08:41.796+0000] {processor.py:208} INFO - Processing /home/airflow/.local/lib/python3.12/site-packages/airflow/example_dags/example_skip_dag.py took 0.092 seconds
[2025-01-10T01:09:11.952+0000] {processor.py:186} INFO - Started process (PID=977) to work on /home/airflow/.local/lib/python3.12/site-packages/airflow/example_dags/example_skip_dag.py
[2025-01-10T01:09:11.953+0000] {processor.py:914} INFO - Processing file /home/airflow/.local/lib/python3.12/site-packages/airflow/example_dags/example_skip_dag.py for tasks to queue
[2025-01-10T01:09:11.955+0000] {logging_mixin.py:190} INFO - [2025-01-10T01:09:11.955+0000] {dagbag.py:588} INFO - Filling up the DagBag from /home/airflow/.local/lib/python3.12/site-packages/airflow/example_dags/example_skip_dag.py
[2025-01-10T01:09:11.962+0000] {processor.py:925} INFO - DAG(s) 'example_skip_dag' retrieved from /home/airflow/.local/lib/python3.12/site-packages/airflow/example_dags/example_skip_dag.py
[2025-01-10T01:09:11.981+0000] {logging_mixin.py:190} INFO - [2025-01-10T01:09:11.981+0000] {dag.py:3239} INFO - Sync 1 DAGs
[2025-01-10T01:09:12.002+0000] {logging_mixin.py:190} INFO - [2025-01-10T01:09:12.002+0000] {dag.py:4180} INFO - Setting next_dagrun for example_skip_dag to 2025-01-09 00:00:00+00:00, run_after=2025-01-10 00:00:00+00:00
[2025-01-10T01:09:12.021+0000] {processor.py:208} INFO - Processing /home/airflow/.local/lib/python3.12/site-packages/airflow/example_dags/example_skip_dag.py took 0.074 seconds
[2025-01-10T01:09:42.387+0000] {processor.py:186} INFO - Started process (PID=1040) to work on /home/airflow/.local/lib/python3.12/site-packages/airflow/example_dags/example_skip_dag.py
[2025-01-10T01:09:42.388+0000] {processor.py:914} INFO - Processing file /home/airflow/.local/lib/python3.12/site-packages/airflow/example_dags/example_skip_dag.py for tasks to queue
[2025-01-10T01:09:42.392+0000] {logging_mixin.py:190} INFO - [2025-01-10T01:09:42.392+0000] {dagbag.py:588} INFO - Filling up the DagBag from /home/airflow/.local/lib/python3.12/site-packages/airflow/example_dags/example_skip_dag.py
[2025-01-10T01:09:42.401+0000] {processor.py:925} INFO - DAG(s) 'example_skip_dag' retrieved from /home/airflow/.local/lib/python3.12/site-packages/airflow/example_dags/example_skip_dag.py
[2025-01-10T01:09:42.429+0000] {logging_mixin.py:190} INFO - [2025-01-10T01:09:42.429+0000] {dag.py:3239} INFO - Sync 1 DAGs
[2025-01-10T01:09:42.465+0000] {logging_mixin.py:190} INFO - [2025-01-10T01:09:42.465+0000] {dag.py:4180} INFO - Setting next_dagrun for example_skip_dag to 2025-01-09 00:00:00+00:00, run_after=2025-01-10 00:00:00+00:00
[2025-01-10T01:09:42.489+0000] {processor.py:208} INFO - Processing /home/airflow/.local/lib/python3.12/site-packages/airflow/example_dags/example_skip_dag.py took 0.109 seconds
[2025-01-10T01:10:13.448+0000] {processor.py:186} INFO - Started process (PID=1103) to work on /home/airflow/.local/lib/python3.12/site-packages/airflow/example_dags/example_skip_dag.py
[2025-01-10T01:10:13.449+0000] {processor.py:914} INFO - Processing file /home/airflow/.local/lib/python3.12/site-packages/airflow/example_dags/example_skip_dag.py for tasks to queue
[2025-01-10T01:10:13.451+0000] {logging_mixin.py:190} INFO - [2025-01-10T01:10:13.451+0000] {dagbag.py:588} INFO - Filling up the DagBag from /home/airflow/.local/lib/python3.12/site-packages/airflow/example_dags/example_skip_dag.py
[2025-01-10T01:10:13.459+0000] {processor.py:925} INFO - DAG(s) 'example_skip_dag' retrieved from /home/airflow/.local/lib/python3.12/site-packages/airflow/example_dags/example_skip_dag.py
[2025-01-10T01:10:13.479+0000] {logging_mixin.py:190} INFO - [2025-01-10T01:10:13.479+0000] {dag.py:3239} INFO - Sync 1 DAGs
[2025-01-10T01:10:13.501+0000] {logging_mixin.py:190} INFO - [2025-01-10T01:10:13.501+0000] {dag.py:4180} INFO - Setting next_dagrun for example_skip_dag to 2025-01-09 00:00:00+00:00, run_after=2025-01-10 00:00:00+00:00
[2025-01-10T01:10:13.523+0000] {processor.py:208} INFO - Processing /home/airflow/.local/lib/python3.12/site-packages/airflow/example_dags/example_skip_dag.py took 0.082 seconds
[2025-01-10T01:10:43.600+0000] {processor.py:186} INFO - Started process (PID=1165) to work on /home/airflow/.local/lib/python3.12/site-packages/airflow/example_dags/example_skip_dag.py
[2025-01-10T01:10:43.601+0000] {processor.py:914} INFO - Processing file /home/airflow/.local/lib/python3.12/site-packages/airflow/example_dags/example_skip_dag.py for tasks to queue
[2025-01-10T01:10:43.603+0000] {logging_mixin.py:190} INFO - [2025-01-10T01:10:43.603+0000] {dagbag.py:588} INFO - Filling up the DagBag from /home/airflow/.local/lib/python3.12/site-packages/airflow/example_dags/example_skip_dag.py
[2025-01-10T01:10:43.610+0000] {processor.py:925} INFO - DAG(s) 'example_skip_dag' retrieved from /home/airflow/.local/lib/python3.12/site-packages/airflow/example_dags/example_skip_dag.py
[2025-01-10T01:10:43.630+0000] {logging_mixin.py:190} INFO - [2025-01-10T01:10:43.630+0000] {dag.py:3239} INFO - Sync 1 DAGs
[2025-01-10T01:10:43.655+0000] {logging_mixin.py:190} INFO - [2025-01-10T01:10:43.654+0000] {dag.py:4180} INFO - Setting next_dagrun for example_skip_dag to 2025-01-09 00:00:00+00:00, run_after=2025-01-10 00:00:00+00:00
[2025-01-10T01:10:43.722+0000] {processor.py:208} INFO - Processing /home/airflow/.local/lib/python3.12/site-packages/airflow/example_dags/example_skip_dag.py took 0.126 seconds
[2025-01-10T01:11:13.937+0000] {processor.py:186} INFO - Started process (PID=1228) to work on /home/airflow/.local/lib/python3.12/site-packages/airflow/example_dags/example_skip_dag.py
[2025-01-10T01:11:13.938+0000] {processor.py:914} INFO - Processing file /home/airflow/.local/lib/python3.12/site-packages/airflow/example_dags/example_skip_dag.py for tasks to queue
[2025-01-10T01:11:13.941+0000] {logging_mixin.py:190} INFO - [2025-01-10T01:11:13.941+0000] {dagbag.py:588} INFO - Filling up the DagBag from /home/airflow/.local/lib/python3.12/site-packages/airflow/example_dags/example_skip_dag.py
[2025-01-10T01:11:13.952+0000] {processor.py:925} INFO - DAG(s) 'example_skip_dag' retrieved from /home/airflow/.local/lib/python3.12/site-packages/airflow/example_dags/example_skip_dag.py
[2025-01-10T01:11:13.976+0000] {logging_mixin.py:190} INFO - [2025-01-10T01:11:13.976+0000] {dag.py:3239} INFO - Sync 1 DAGs
[2025-01-10T01:11:14.009+0000] {logging_mixin.py:190} INFO - [2025-01-10T01:11:14.008+0000] {dag.py:4180} INFO - Setting next_dagrun for example_skip_dag to 2025-01-09 00:00:00+00:00, run_after=2025-01-10 00:00:00+00:00
[2025-01-10T01:11:14.071+0000] {processor.py:208} INFO - Processing /home/airflow/.local/lib/python3.12/site-packages/airflow/example_dags/example_skip_dag.py took 0.141 seconds
[2025-01-10T01:11:44.967+0000] {processor.py:186} INFO - Started process (PID=1291) to work on /home/airflow/.local/lib/python3.12/site-packages/airflow/example_dags/example_skip_dag.py
[2025-01-10T01:11:44.969+0000] {processor.py:914} INFO - Processing file /home/airflow/.local/lib/python3.12/site-packages/airflow/example_dags/example_skip_dag.py for tasks to queue
[2025-01-10T01:11:44.972+0000] {logging_mixin.py:190} INFO - [2025-01-10T01:11:44.972+0000] {dagbag.py:588} INFO - Filling up the DagBag from /home/airflow/.local/lib/python3.12/site-packages/airflow/example_dags/example_skip_dag.py
[2025-01-10T01:11:44.981+0000] {processor.py:925} INFO - DAG(s) 'example_skip_dag' retrieved from /home/airflow/.local/lib/python3.12/site-packages/airflow/example_dags/example_skip_dag.py
[2025-01-10T01:11:45.002+0000] {logging_mixin.py:190} INFO - [2025-01-10T01:11:45.002+0000] {dag.py:3239} INFO - Sync 1 DAGs
[2025-01-10T01:11:45.026+0000] {logging_mixin.py:190} INFO - [2025-01-10T01:11:45.026+0000] {dag.py:4180} INFO - Setting next_dagrun for example_skip_dag to 2025-01-09 00:00:00+00:00, run_after=2025-01-10 00:00:00+00:00
[2025-01-10T01:11:45.044+0000] {processor.py:208} INFO - Processing /home/airflow/.local/lib/python3.12/site-packages/airflow/example_dags/example_skip_dag.py took 0.085 seconds
[2025-01-10T01:12:15.973+0000] {processor.py:186} INFO - Started process (PID=1354) to work on /home/airflow/.local/lib/python3.12/site-packages/airflow/example_dags/example_skip_dag.py
[2025-01-10T01:12:15.974+0000] {processor.py:914} INFO - Processing file /home/airflow/.local/lib/python3.12/site-packages/airflow/example_dags/example_skip_dag.py for tasks to queue
[2025-01-10T01:12:15.977+0000] {logging_mixin.py:190} INFO - [2025-01-10T01:12:15.977+0000] {dagbag.py:588} INFO - Filling up the DagBag from /home/airflow/.local/lib/python3.12/site-packages/airflow/example_dags/example_skip_dag.py
[2025-01-10T01:12:15.984+0000] {processor.py:925} INFO - DAG(s) 'example_skip_dag' retrieved from /home/airflow/.local/lib/python3.12/site-packages/airflow/example_dags/example_skip_dag.py
[2025-01-10T01:12:16.003+0000] {logging_mixin.py:190} INFO - [2025-01-10T01:12:16.003+0000] {dag.py:3239} INFO - Sync 1 DAGs
[2025-01-10T01:12:16.026+0000] {logging_mixin.py:190} INFO - [2025-01-10T01:12:16.026+0000] {dag.py:4180} INFO - Setting next_dagrun for example_skip_dag to 2025-01-09 00:00:00+00:00, run_after=2025-01-10 00:00:00+00:00
[2025-01-10T01:12:16.046+0000] {processor.py:208} INFO - Processing /home/airflow/.local/lib/python3.12/site-packages/airflow/example_dags/example_skip_dag.py took 0.077 seconds
[2025-01-10T01:12:46.598+0000] {processor.py:186} INFO - Started process (PID=1417) to work on /home/airflow/.local/lib/python3.12/site-packages/airflow/example_dags/example_skip_dag.py
[2025-01-10T01:12:46.599+0000] {processor.py:914} INFO - Processing file /home/airflow/.local/lib/python3.12/site-packages/airflow/example_dags/example_skip_dag.py for tasks to queue
[2025-01-10T01:12:46.601+0000] {logging_mixin.py:190} INFO - [2025-01-10T01:12:46.600+0000] {dagbag.py:588} INFO - Filling up the DagBag from /home/airflow/.local/lib/python3.12/site-packages/airflow/example_dags/example_skip_dag.py
[2025-01-10T01:12:46.608+0000] {processor.py:925} INFO - DAG(s) 'example_skip_dag' retrieved from /home/airflow/.local/lib/python3.12/site-packages/airflow/example_dags/example_skip_dag.py
[2025-01-10T01:12:46.628+0000] {logging_mixin.py:190} INFO - [2025-01-10T01:12:46.628+0000] {dag.py:3239} INFO - Sync 1 DAGs
[2025-01-10T01:12:46.650+0000] {logging_mixin.py:190} INFO - [2025-01-10T01:12:46.649+0000] {dag.py:4180} INFO - Setting next_dagrun for example_skip_dag to 2025-01-09 00:00:00+00:00, run_after=2025-01-10 00:00:00+00:00
[2025-01-10T01:12:46.671+0000] {processor.py:208} INFO - Processing /home/airflow/.local/lib/python3.12/site-packages/airflow/example_dags/example_skip_dag.py took 0.078 seconds
[2025-01-10T01:13:17.364+0000] {processor.py:186} INFO - Started process (PID=1480) to work on /home/airflow/.local/lib/python3.12/site-packages/airflow/example_dags/example_skip_dag.py
[2025-01-10T01:13:17.368+0000] {processor.py:914} INFO - Processing file /home/airflow/.local/lib/python3.12/site-packages/airflow/example_dags/example_skip_dag.py for tasks to queue
[2025-01-10T01:13:17.380+0000] {logging_mixin.py:190} INFO - [2025-01-10T01:13:17.380+0000] {dagbag.py:588} INFO - Filling up the DagBag from /home/airflow/.local/lib/python3.12/site-packages/airflow/example_dags/example_skip_dag.py
[2025-01-10T01:13:17.395+0000] {processor.py:925} INFO - DAG(s) 'example_skip_dag' retrieved from /home/airflow/.local/lib/python3.12/site-packages/airflow/example_dags/example_skip_dag.py
[2025-01-10T01:13:17.432+0000] {logging_mixin.py:190} INFO - [2025-01-10T01:13:17.432+0000] {dag.py:3239} INFO - Sync 1 DAGs
[2025-01-10T01:13:17.476+0000] {logging_mixin.py:190} INFO - [2025-01-10T01:13:17.475+0000] {dag.py:4180} INFO - Setting next_dagrun for example_skip_dag to 2025-01-09 00:00:00+00:00, run_after=2025-01-10 00:00:00+00:00
[2025-01-10T01:13:17.505+0000] {processor.py:208} INFO - Processing /home/airflow/.local/lib/python3.12/site-packages/airflow/example_dags/example_skip_dag.py took 0.160 seconds
[2025-01-10T01:13:47.638+0000] {processor.py:186} INFO - Started process (PID=1543) to work on /home/airflow/.local/lib/python3.12/site-packages/airflow/example_dags/example_skip_dag.py
[2025-01-10T01:13:47.639+0000] {processor.py:914} INFO - Processing file /home/airflow/.local/lib/python3.12/site-packages/airflow/example_dags/example_skip_dag.py for tasks to queue
[2025-01-10T01:13:47.641+0000] {logging_mixin.py:190} INFO - [2025-01-10T01:13:47.641+0000] {dagbag.py:588} INFO - Filling up the DagBag from /home/airflow/.local/lib/python3.12/site-packages/airflow/example_dags/example_skip_dag.py
[2025-01-10T01:13:47.649+0000] {processor.py:925} INFO - DAG(s) 'example_skip_dag' retrieved from /home/airflow/.local/lib/python3.12/site-packages/airflow/example_dags/example_skip_dag.py
[2025-01-10T01:13:47.671+0000] {logging_mixin.py:190} INFO - [2025-01-10T01:13:47.670+0000] {dag.py:3239} INFO - Sync 1 DAGs
[2025-01-10T01:13:47.694+0000] {logging_mixin.py:190} INFO - [2025-01-10T01:13:47.693+0000] {dag.py:4180} INFO - Setting next_dagrun for example_skip_dag to 2025-01-09 00:00:00+00:00, run_after=2025-01-10 00:00:00+00:00
[2025-01-10T01:13:47.712+0000] {processor.py:208} INFO - Processing /home/airflow/.local/lib/python3.12/site-packages/airflow/example_dags/example_skip_dag.py took 0.080 seconds
[2025-01-10T01:14:17.863+0000] {processor.py:186} INFO - Started process (PID=1606) to work on /home/airflow/.local/lib/python3.12/site-packages/airflow/example_dags/example_skip_dag.py
[2025-01-10T01:14:17.864+0000] {processor.py:914} INFO - Processing file /home/airflow/.local/lib/python3.12/site-packages/airflow/example_dags/example_skip_dag.py for tasks to queue
[2025-01-10T01:14:17.866+0000] {logging_mixin.py:190} INFO - [2025-01-10T01:14:17.866+0000] {dagbag.py:588} INFO - Filling up the DagBag from /home/airflow/.local/lib/python3.12/site-packages/airflow/example_dags/example_skip_dag.py
[2025-01-10T01:14:17.875+0000] {processor.py:925} INFO - DAG(s) 'example_skip_dag' retrieved from /home/airflow/.local/lib/python3.12/site-packages/airflow/example_dags/example_skip_dag.py
[2025-01-10T01:14:17.898+0000] {logging_mixin.py:190} INFO - [2025-01-10T01:14:17.898+0000] {dag.py:3239} INFO - Sync 1 DAGs
[2025-01-10T01:14:17.923+0000] {logging_mixin.py:190} INFO - [2025-01-10T01:14:17.922+0000] {dag.py:4180} INFO - Setting next_dagrun for example_skip_dag to 2025-01-09 00:00:00+00:00, run_after=2025-01-10 00:00:00+00:00
[2025-01-10T01:14:17.943+0000] {processor.py:208} INFO - Processing /home/airflow/.local/lib/python3.12/site-packages/airflow/example_dags/example_skip_dag.py took 0.085 seconds
[2025-01-10T01:14:48.472+0000] {processor.py:186} INFO - Started process (PID=1669) to work on /home/airflow/.local/lib/python3.12/site-packages/airflow/example_dags/example_skip_dag.py
[2025-01-10T01:14:48.472+0000] {processor.py:914} INFO - Processing file /home/airflow/.local/lib/python3.12/site-packages/airflow/example_dags/example_skip_dag.py for tasks to queue
[2025-01-10T01:14:48.475+0000] {logging_mixin.py:190} INFO - [2025-01-10T01:14:48.475+0000] {dagbag.py:588} INFO - Filling up the DagBag from /home/airflow/.local/lib/python3.12/site-packages/airflow/example_dags/example_skip_dag.py
[2025-01-10T01:14:48.483+0000] {processor.py:925} INFO - DAG(s) 'example_skip_dag' retrieved from /home/airflow/.local/lib/python3.12/site-packages/airflow/example_dags/example_skip_dag.py
[2025-01-10T01:14:48.515+0000] {logging_mixin.py:190} INFO - [2025-01-10T01:14:48.514+0000] {dag.py:3239} INFO - Sync 1 DAGs
[2025-01-10T01:14:48.544+0000] {logging_mixin.py:190} INFO - [2025-01-10T01:14:48.544+0000] {dag.py:4180} INFO - Setting next_dagrun for example_skip_dag to 2025-01-09 00:00:00+00:00, run_after=2025-01-10 00:00:00+00:00
[2025-01-10T01:14:48.573+0000] {processor.py:208} INFO - Processing /home/airflow/.local/lib/python3.12/site-packages/airflow/example_dags/example_skip_dag.py took 0.108 seconds
[2025-01-10T01:15:19.218+0000] {processor.py:186} INFO - Started process (PID=1732) to work on /home/airflow/.local/lib/python3.12/site-packages/airflow/example_dags/example_skip_dag.py
[2025-01-10T01:15:19.219+0000] {processor.py:914} INFO - Processing file /home/airflow/.local/lib/python3.12/site-packages/airflow/example_dags/example_skip_dag.py for tasks to queue
[2025-01-10T01:15:19.221+0000] {logging_mixin.py:190} INFO - [2025-01-10T01:15:19.220+0000] {dagbag.py:588} INFO - Filling up the DagBag from /home/airflow/.local/lib/python3.12/site-packages/airflow/example_dags/example_skip_dag.py
[2025-01-10T01:15:19.227+0000] {processor.py:925} INFO - DAG(s) 'example_skip_dag' retrieved from /home/airflow/.local/lib/python3.12/site-packages/airflow/example_dags/example_skip_dag.py
[2025-01-10T01:15:19.248+0000] {logging_mixin.py:190} INFO - [2025-01-10T01:15:19.247+0000] {dag.py:3239} INFO - Sync 1 DAGs
[2025-01-10T01:15:19.270+0000] {logging_mixin.py:190} INFO - [2025-01-10T01:15:19.270+0000] {dag.py:4180} INFO - Setting next_dagrun for example_skip_dag to 2025-01-09 00:00:00+00:00, run_after=2025-01-10 00:00:00+00:00
[2025-01-10T01:15:19.325+0000] {processor.py:208} INFO - Processing /home/airflow/.local/lib/python3.12/site-packages/airflow/example_dags/example_skip_dag.py took 0.113 seconds
[2025-01-10T01:15:50.012+0000] {processor.py:186} INFO - Started process (PID=1795) to work on /home/airflow/.local/lib/python3.12/site-packages/airflow/example_dags/example_skip_dag.py
[2025-01-10T01:15:50.013+0000] {processor.py:914} INFO - Processing file /home/airflow/.local/lib/python3.12/site-packages/airflow/example_dags/example_skip_dag.py for tasks to queue
[2025-01-10T01:15:50.015+0000] {logging_mixin.py:190} INFO - [2025-01-10T01:15:50.015+0000] {dagbag.py:588} INFO - Filling up the DagBag from /home/airflow/.local/lib/python3.12/site-packages/airflow/example_dags/example_skip_dag.py
[2025-01-10T01:15:50.022+0000] {processor.py:925} INFO - DAG(s) 'example_skip_dag' retrieved from /home/airflow/.local/lib/python3.12/site-packages/airflow/example_dags/example_skip_dag.py
[2025-01-10T01:15:50.042+0000] {logging_mixin.py:190} INFO - [2025-01-10T01:15:50.041+0000] {dag.py:3239} INFO - Sync 1 DAGs
[2025-01-10T01:15:50.063+0000] {logging_mixin.py:190} INFO - [2025-01-10T01:15:50.063+0000] {dag.py:4180} INFO - Setting next_dagrun for example_skip_dag to 2025-01-09 00:00:00+00:00, run_after=2025-01-10 00:00:00+00:00
[2025-01-10T01:15:50.115+0000] {processor.py:208} INFO - Processing /home/airflow/.local/lib/python3.12/site-packages/airflow/example_dags/example_skip_dag.py took 0.109 seconds
[2025-01-10T01:16:20.913+0000] {processor.py:186} INFO - Started process (PID=1858) to work on /home/airflow/.local/lib/python3.12/site-packages/airflow/example_dags/example_skip_dag.py
[2025-01-10T01:16:20.915+0000] {processor.py:914} INFO - Processing file /home/airflow/.local/lib/python3.12/site-packages/airflow/example_dags/example_skip_dag.py for tasks to queue
[2025-01-10T01:16:20.917+0000] {logging_mixin.py:190} INFO - [2025-01-10T01:16:20.917+0000] {dagbag.py:588} INFO - Filling up the DagBag from /home/airflow/.local/lib/python3.12/site-packages/airflow/example_dags/example_skip_dag.py
[2025-01-10T01:16:20.925+0000] {processor.py:925} INFO - DAG(s) 'example_skip_dag' retrieved from /home/airflow/.local/lib/python3.12/site-packages/airflow/example_dags/example_skip_dag.py
[2025-01-10T01:16:20.945+0000] {logging_mixin.py:190} INFO - [2025-01-10T01:16:20.945+0000] {dag.py:3239} INFO - Sync 1 DAGs
[2025-01-10T01:16:20.966+0000] {logging_mixin.py:190} INFO - [2025-01-10T01:16:20.966+0000] {dag.py:4180} INFO - Setting next_dagrun for example_skip_dag to 2025-01-09 00:00:00+00:00, run_after=2025-01-10 00:00:00+00:00
[2025-01-10T01:16:20.988+0000] {processor.py:208} INFO - Processing /home/airflow/.local/lib/python3.12/site-packages/airflow/example_dags/example_skip_dag.py took 0.080 seconds
[2025-01-10T01:16:51.152+0000] {processor.py:186} INFO - Started process (PID=1921) to work on /home/airflow/.local/lib/python3.12/site-packages/airflow/example_dags/example_skip_dag.py
[2025-01-10T01:16:51.153+0000] {processor.py:914} INFO - Processing file /home/airflow/.local/lib/python3.12/site-packages/airflow/example_dags/example_skip_dag.py for tasks to queue
[2025-01-10T01:16:51.155+0000] {logging_mixin.py:190} INFO - [2025-01-10T01:16:51.155+0000] {dagbag.py:588} INFO - Filling up the DagBag from /home/airflow/.local/lib/python3.12/site-packages/airflow/example_dags/example_skip_dag.py
[2025-01-10T01:16:51.163+0000] {processor.py:925} INFO - DAG(s) 'example_skip_dag' retrieved from /home/airflow/.local/lib/python3.12/site-packages/airflow/example_dags/example_skip_dag.py
[2025-01-10T01:16:51.183+0000] {logging_mixin.py:190} INFO - [2025-01-10T01:16:51.183+0000] {dag.py:3239} INFO - Sync 1 DAGs
[2025-01-10T01:16:51.208+0000] {logging_mixin.py:190} INFO - [2025-01-10T01:16:51.208+0000] {dag.py:4180} INFO - Setting next_dagrun for example_skip_dag to 2025-01-09 00:00:00+00:00, run_after=2025-01-10 00:00:00+00:00
[2025-01-10T01:16:51.231+0000] {processor.py:208} INFO - Processing /home/airflow/.local/lib/python3.12/site-packages/airflow/example_dags/example_skip_dag.py took 0.084 seconds
[2025-01-10T01:17:21.424+0000] {processor.py:186} INFO - Started process (PID=1984) to work on /home/airflow/.local/lib/python3.12/site-packages/airflow/example_dags/example_skip_dag.py
[2025-01-10T01:17:21.426+0000] {processor.py:914} INFO - Processing file /home/airflow/.local/lib/python3.12/site-packages/airflow/example_dags/example_skip_dag.py for tasks to queue
[2025-01-10T01:17:21.430+0000] {logging_mixin.py:190} INFO - [2025-01-10T01:17:21.429+0000] {dagbag.py:588} INFO - Filling up the DagBag from /home/airflow/.local/lib/python3.12/site-packages/airflow/example_dags/example_skip_dag.py
[2025-01-10T01:17:21.442+0000] {processor.py:925} INFO - DAG(s) 'example_skip_dag' retrieved from /home/airflow/.local/lib/python3.12/site-packages/airflow/example_dags/example_skip_dag.py
[2025-01-10T01:17:21.472+0000] {logging_mixin.py:190} INFO - [2025-01-10T01:17:21.471+0000] {dag.py:3239} INFO - Sync 1 DAGs
[2025-01-10T01:17:21.503+0000] {logging_mixin.py:190} INFO - [2025-01-10T01:17:21.503+0000] {dag.py:4180} INFO - Setting next_dagrun for example_skip_dag to 2025-01-09 00:00:00+00:00, run_after=2025-01-10 00:00:00+00:00
[2025-01-10T01:17:21.528+0000] {processor.py:208} INFO - Processing /home/airflow/.local/lib/python3.12/site-packages/airflow/example_dags/example_skip_dag.py took 0.109 seconds
[2025-01-10T01:17:51.991+0000] {processor.py:186} INFO - Started process (PID=2047) to work on /home/airflow/.local/lib/python3.12/site-packages/airflow/example_dags/example_skip_dag.py
[2025-01-10T01:17:51.992+0000] {processor.py:914} INFO - Processing file /home/airflow/.local/lib/python3.12/site-packages/airflow/example_dags/example_skip_dag.py for tasks to queue
[2025-01-10T01:17:51.995+0000] {logging_mixin.py:190} INFO - [2025-01-10T01:17:51.995+0000] {dagbag.py:588} INFO - Filling up the DagBag from /home/airflow/.local/lib/python3.12/site-packages/airflow/example_dags/example_skip_dag.py
[2025-01-10T01:17:52.006+0000] {processor.py:925} INFO - DAG(s) 'example_skip_dag' retrieved from /home/airflow/.local/lib/python3.12/site-packages/airflow/example_dags/example_skip_dag.py
[2025-01-10T01:17:52.031+0000] {logging_mixin.py:190} INFO - [2025-01-10T01:17:52.031+0000] {dag.py:3239} INFO - Sync 1 DAGs
[2025-01-10T01:17:52.060+0000] {logging_mixin.py:190} INFO - [2025-01-10T01:17:52.060+0000] {dag.py:4180} INFO - Setting next_dagrun for example_skip_dag to 2025-01-09 00:00:00+00:00, run_after=2025-01-10 00:00:00+00:00
[2025-01-10T01:17:52.139+0000] {processor.py:208} INFO - Processing /home/airflow/.local/lib/python3.12/site-packages/airflow/example_dags/example_skip_dag.py took 0.156 seconds
