[2025-01-10T00:43:50.565+0000] {processor.py:186} INFO - Started process (PID=93) to work on /home/airflow/.local/lib/python3.12/site-packages/airflow/example_dags/example_xcomargs.py
[2025-01-10T00:43:50.566+0000] {processor.py:914} INFO - Processing file /home/airflow/.local/lib/python3.12/site-packages/airflow/example_dags/example_xcomargs.py for tasks to queue
[2025-01-10T00:43:50.571+0000] {logging_mixin.py:190} INFO - [2025-01-10T00:43:50.570+0000] {dagbag.py:588} INFO - Filling up the DagBag from /home/airflow/.local/lib/python3.12/site-packages/airflow/example_dags/example_xcomargs.py
[2025-01-10T00:43:50.593+0000] {processor.py:925} INFO - DAG(s) 'example_xcom_args', 'example_xcom_args_with_operators' retrieved from /home/airflow/.local/lib/python3.12/site-packages/airflow/example_dags/example_xcomargs.py
[2025-01-10T00:43:50.758+0000] {logging_mixin.py:190} INFO - [2025-01-10T00:43:50.757+0000] {override.py:1911} INFO - Created Permission View: can delete on DAG:example_xcom_args
[2025-01-10T00:43:50.772+0000] {logging_mixin.py:190} INFO - [2025-01-10T00:43:50.772+0000] {override.py:1911} INFO - Created Permission View: can read on DAG:example_xcom_args
[2025-01-10T00:43:50.782+0000] {logging_mixin.py:190} INFO - [2025-01-10T00:43:50.781+0000] {override.py:1911} INFO - Created Permission View: can edit on DAG:example_xcom_args
[2025-01-10T00:43:50.796+0000] {logging_mixin.py:190} INFO - [2025-01-10T00:43:50.796+0000] {override.py:1911} INFO - Created Permission View: can delete on DAG Run:example_xcom_args
[2025-01-10T00:43:50.813+0000] {logging_mixin.py:190} INFO - [2025-01-10T00:43:50.812+0000] {override.py:1911} INFO - Created Permission View: can read on DAG Run:example_xcom_args
[2025-01-10T00:43:50.822+0000] {logging_mixin.py:190} INFO - [2025-01-10T00:43:50.822+0000] {override.py:1911} INFO - Created Permission View: can create on DAG Run:example_xcom_args
[2025-01-10T00:43:50.831+0000] {logging_mixin.py:190} INFO - [2025-01-10T00:43:50.831+0000] {override.py:1911} INFO - Created Permission View: menu access on DAG Run:example_xcom_args
[2025-01-10T00:43:50.852+0000] {logging_mixin.py:190} INFO - [2025-01-10T00:43:50.852+0000] {override.py:1911} INFO - Created Permission View: can delete on DAG:example_xcom_args_with_operators
[2025-01-10T00:43:50.862+0000] {logging_mixin.py:190} INFO - [2025-01-10T00:43:50.861+0000] {override.py:1911} INFO - Created Permission View: can read on DAG:example_xcom_args_with_operators
[2025-01-10T00:43:50.873+0000] {logging_mixin.py:190} INFO - [2025-01-10T00:43:50.873+0000] {override.py:1911} INFO - Created Permission View: can edit on DAG:example_xcom_args_with_operators
[2025-01-10T00:43:50.885+0000] {logging_mixin.py:190} INFO - [2025-01-10T00:43:50.884+0000] {override.py:1911} INFO - Created Permission View: can delete on DAG Run:example_xcom_args_with_operators
[2025-01-10T00:43:50.895+0000] {logging_mixin.py:190} INFO - [2025-01-10T00:43:50.894+0000] {override.py:1911} INFO - Created Permission View: can read on DAG Run:example_xcom_args_with_operators
[2025-01-10T00:43:50.904+0000] {logging_mixin.py:190} INFO - [2025-01-10T00:43:50.903+0000] {override.py:1911} INFO - Created Permission View: can create on DAG Run:example_xcom_args_with_operators
[2025-01-10T00:43:50.911+0000] {logging_mixin.py:190} INFO - [2025-01-10T00:43:50.911+0000] {override.py:1911} INFO - Created Permission View: menu access on DAG Run:example_xcom_args_with_operators
[2025-01-10T00:43:50.912+0000] {logging_mixin.py:190} INFO - [2025-01-10T00:43:50.912+0000] {dag.py:3239} INFO - Sync 2 DAGs
[2025-01-10T00:43:50.927+0000] {logging_mixin.py:190} INFO - [2025-01-10T00:43:50.927+0000] {dag.py:3262} INFO - Creating ORM DAG for example_xcom_args_with_operators
[2025-01-10T00:43:50.928+0000] {logging_mixin.py:190} INFO - [2025-01-10T00:43:50.928+0000] {dag.py:3262} INFO - Creating ORM DAG for example_xcom_args
[2025-01-10T00:43:50.929+0000] {logging_mixin.py:190} INFO - [2025-01-10T00:43:50.929+0000] {dag.py:4180} INFO - Setting next_dagrun for example_xcom_args to None, run_after=None
[2025-01-10T00:43:50.929+0000] {logging_mixin.py:190} INFO - [2025-01-10T00:43:50.929+0000] {dag.py:4180} INFO - Setting next_dagrun for example_xcom_args_with_operators to None, run_after=None
[2025-01-10T00:43:50.960+0000] {processor.py:208} INFO - Processing /home/airflow/.local/lib/python3.12/site-packages/airflow/example_dags/example_xcomargs.py took 0.401 seconds
[2025-01-10T00:44:21.507+0000] {processor.py:186} INFO - Started process (PID=156) to work on /home/airflow/.local/lib/python3.12/site-packages/airflow/example_dags/example_xcomargs.py
[2025-01-10T00:44:21.508+0000] {processor.py:914} INFO - Processing file /home/airflow/.local/lib/python3.12/site-packages/airflow/example_dags/example_xcomargs.py for tasks to queue
[2025-01-10T00:44:21.512+0000] {logging_mixin.py:190} INFO - [2025-01-10T00:44:21.511+0000] {dagbag.py:588} INFO - Filling up the DagBag from /home/airflow/.local/lib/python3.12/site-packages/airflow/example_dags/example_xcomargs.py
[2025-01-10T00:44:21.524+0000] {processor.py:925} INFO - DAG(s) 'example_xcom_args', 'example_xcom_args_with_operators' retrieved from /home/airflow/.local/lib/python3.12/site-packages/airflow/example_dags/example_xcomargs.py
[2025-01-10T00:44:21.555+0000] {logging_mixin.py:190} INFO - [2025-01-10T00:44:21.554+0000] {dag.py:3239} INFO - Sync 2 DAGs
[2025-01-10T00:44:21.573+0000] {logging_mixin.py:190} INFO - [2025-01-10T00:44:21.573+0000] {dag.py:4180} INFO - Setting next_dagrun for example_xcom_args to None, run_after=None
[2025-01-10T00:44:21.578+0000] {logging_mixin.py:190} INFO - [2025-01-10T00:44:21.578+0000] {dag.py:4180} INFO - Setting next_dagrun for example_xcom_args_with_operators to None, run_after=None
[2025-01-10T00:44:21.602+0000] {processor.py:208} INFO - Processing /home/airflow/.local/lib/python3.12/site-packages/airflow/example_dags/example_xcomargs.py took 0.102 seconds
[2025-01-10T00:44:52.851+0000] {processor.py:186} INFO - Started process (PID=219) to work on /home/airflow/.local/lib/python3.12/site-packages/airflow/example_dags/example_xcomargs.py
[2025-01-10T00:44:52.852+0000] {processor.py:914} INFO - Processing file /home/airflow/.local/lib/python3.12/site-packages/airflow/example_dags/example_xcomargs.py for tasks to queue
[2025-01-10T00:44:52.856+0000] {logging_mixin.py:190} INFO - [2025-01-10T00:44:52.855+0000] {dagbag.py:588} INFO - Filling up the DagBag from /home/airflow/.local/lib/python3.12/site-packages/airflow/example_dags/example_xcomargs.py
[2025-01-10T00:44:52.871+0000] {processor.py:925} INFO - DAG(s) 'example_xcom_args_with_operators', 'example_xcom_args' retrieved from /home/airflow/.local/lib/python3.12/site-packages/airflow/example_dags/example_xcomargs.py
[2025-01-10T00:44:52.903+0000] {logging_mixin.py:190} INFO - [2025-01-10T00:44:52.902+0000] {dag.py:3239} INFO - Sync 2 DAGs
[2025-01-10T00:44:52.930+0000] {logging_mixin.py:190} INFO - [2025-01-10T00:44:52.929+0000] {dag.py:4180} INFO - Setting next_dagrun for example_xcom_args to None, run_after=None
[2025-01-10T00:44:52.937+0000] {logging_mixin.py:190} INFO - [2025-01-10T00:44:52.937+0000] {dag.py:4180} INFO - Setting next_dagrun for example_xcom_args_with_operators to None, run_after=None
[2025-01-10T00:44:52.987+0000] {processor.py:208} INFO - Processing /home/airflow/.local/lib/python3.12/site-packages/airflow/example_dags/example_xcomargs.py took 0.143 seconds
[2025-01-10T00:45:23.376+0000] {processor.py:186} INFO - Started process (PID=281) to work on /home/airflow/.local/lib/python3.12/site-packages/airflow/example_dags/example_xcomargs.py
[2025-01-10T00:45:23.378+0000] {processor.py:914} INFO - Processing file /home/airflow/.local/lib/python3.12/site-packages/airflow/example_dags/example_xcomargs.py for tasks to queue
[2025-01-10T00:45:23.384+0000] {logging_mixin.py:190} INFO - [2025-01-10T00:45:23.383+0000] {dagbag.py:588} INFO - Filling up the DagBag from /home/airflow/.local/lib/python3.12/site-packages/airflow/example_dags/example_xcomargs.py
[2025-01-10T00:45:23.401+0000] {processor.py:925} INFO - DAG(s) 'example_xcom_args_with_operators', 'example_xcom_args' retrieved from /home/airflow/.local/lib/python3.12/site-packages/airflow/example_dags/example_xcomargs.py
[2025-01-10T00:45:23.440+0000] {logging_mixin.py:190} INFO - [2025-01-10T00:45:23.440+0000] {dag.py:3239} INFO - Sync 2 DAGs
[2025-01-10T00:45:23.465+0000] {logging_mixin.py:190} INFO - [2025-01-10T00:45:23.465+0000] {dag.py:4180} INFO - Setting next_dagrun for example_xcom_args to None, run_after=None
[2025-01-10T00:45:23.474+0000] {logging_mixin.py:190} INFO - [2025-01-10T00:45:23.474+0000] {dag.py:4180} INFO - Setting next_dagrun for example_xcom_args_with_operators to None, run_after=None
[2025-01-10T00:45:23.502+0000] {processor.py:208} INFO - Processing /home/airflow/.local/lib/python3.12/site-packages/airflow/example_dags/example_xcomargs.py took 0.134 seconds
[2025-01-10T00:45:54.019+0000] {processor.py:186} INFO - Started process (PID=344) to work on /home/airflow/.local/lib/python3.12/site-packages/airflow/example_dags/example_xcomargs.py
[2025-01-10T00:45:54.021+0000] {processor.py:914} INFO - Processing file /home/airflow/.local/lib/python3.12/site-packages/airflow/example_dags/example_xcomargs.py for tasks to queue
[2025-01-10T00:45:54.027+0000] {logging_mixin.py:190} INFO - [2025-01-10T00:45:54.027+0000] {dagbag.py:588} INFO - Filling up the DagBag from /home/airflow/.local/lib/python3.12/site-packages/airflow/example_dags/example_xcomargs.py
[2025-01-10T00:45:54.049+0000] {processor.py:925} INFO - DAG(s) 'example_xcom_args', 'example_xcom_args_with_operators' retrieved from /home/airflow/.local/lib/python3.12/site-packages/airflow/example_dags/example_xcomargs.py
[2025-01-10T00:45:54.110+0000] {logging_mixin.py:190} INFO - [2025-01-10T00:45:54.109+0000] {dag.py:3239} INFO - Sync 2 DAGs
[2025-01-10T00:45:54.141+0000] {logging_mixin.py:190} INFO - [2025-01-10T00:45:54.141+0000] {dag.py:4180} INFO - Setting next_dagrun for example_xcom_args to None, run_after=None
[2025-01-10T00:45:54.156+0000] {logging_mixin.py:190} INFO - [2025-01-10T00:45:54.155+0000] {dag.py:4180} INFO - Setting next_dagrun for example_xcom_args_with_operators to None, run_after=None
[2025-01-10T00:45:54.194+0000] {processor.py:208} INFO - Processing /home/airflow/.local/lib/python3.12/site-packages/airflow/example_dags/example_xcomargs.py took 0.195 seconds
[2025-01-10T00:46:24.488+0000] {processor.py:186} INFO - Started process (PID=407) to work on /home/airflow/.local/lib/python3.12/site-packages/airflow/example_dags/example_xcomargs.py
[2025-01-10T00:46:24.489+0000] {processor.py:914} INFO - Processing file /home/airflow/.local/lib/python3.12/site-packages/airflow/example_dags/example_xcomargs.py for tasks to queue
[2025-01-10T00:46:24.492+0000] {logging_mixin.py:190} INFO - [2025-01-10T00:46:24.492+0000] {dagbag.py:588} INFO - Filling up the DagBag from /home/airflow/.local/lib/python3.12/site-packages/airflow/example_dags/example_xcomargs.py
[2025-01-10T00:46:24.502+0000] {processor.py:925} INFO - DAG(s) 'example_xcom_args', 'example_xcom_args_with_operators' retrieved from /home/airflow/.local/lib/python3.12/site-packages/airflow/example_dags/example_xcomargs.py
[2025-01-10T00:46:24.524+0000] {logging_mixin.py:190} INFO - [2025-01-10T00:46:24.524+0000] {dag.py:3239} INFO - Sync 2 DAGs
[2025-01-10T00:46:24.539+0000] {logging_mixin.py:190} INFO - [2025-01-10T00:46:24.539+0000] {dag.py:4180} INFO - Setting next_dagrun for example_xcom_args to None, run_after=None
[2025-01-10T00:46:24.543+0000] {logging_mixin.py:190} INFO - [2025-01-10T00:46:24.543+0000] {dag.py:4180} INFO - Setting next_dagrun for example_xcom_args_with_operators to None, run_after=None
[2025-01-10T00:46:24.562+0000] {processor.py:208} INFO - Processing /home/airflow/.local/lib/python3.12/site-packages/airflow/example_dags/example_xcomargs.py took 0.080 seconds
[2025-01-10T00:46:54.889+0000] {processor.py:186} INFO - Started process (PID=470) to work on /home/airflow/.local/lib/python3.12/site-packages/airflow/example_dags/example_xcomargs.py
[2025-01-10T00:46:54.890+0000] {processor.py:914} INFO - Processing file /home/airflow/.local/lib/python3.12/site-packages/airflow/example_dags/example_xcomargs.py for tasks to queue
[2025-01-10T00:46:54.892+0000] {logging_mixin.py:190} INFO - [2025-01-10T00:46:54.892+0000] {dagbag.py:588} INFO - Filling up the DagBag from /home/airflow/.local/lib/python3.12/site-packages/airflow/example_dags/example_xcomargs.py
[2025-01-10T00:46:54.902+0000] {processor.py:925} INFO - DAG(s) 'example_xcom_args', 'example_xcom_args_with_operators' retrieved from /home/airflow/.local/lib/python3.12/site-packages/airflow/example_dags/example_xcomargs.py
[2025-01-10T00:46:54.929+0000] {logging_mixin.py:190} INFO - [2025-01-10T00:46:54.929+0000] {dag.py:3239} INFO - Sync 2 DAGs
[2025-01-10T00:46:54.947+0000] {logging_mixin.py:190} INFO - [2025-01-10T00:46:54.947+0000] {dag.py:4180} INFO - Setting next_dagrun for example_xcom_args to None, run_after=None
[2025-01-10T00:46:54.951+0000] {logging_mixin.py:190} INFO - [2025-01-10T00:46:54.951+0000] {dag.py:4180} INFO - Setting next_dagrun for example_xcom_args_with_operators to None, run_after=None
[2025-01-10T00:46:54.993+0000] {processor.py:208} INFO - Processing /home/airflow/.local/lib/python3.12/site-packages/airflow/example_dags/example_xcomargs.py took 0.110 seconds
[2025-01-10T00:47:25.282+0000] {processor.py:186} INFO - Started process (PID=533) to work on /home/airflow/.local/lib/python3.12/site-packages/airflow/example_dags/example_xcomargs.py
[2025-01-10T00:47:25.284+0000] {processor.py:914} INFO - Processing file /home/airflow/.local/lib/python3.12/site-packages/airflow/example_dags/example_xcomargs.py for tasks to queue
[2025-01-10T00:47:25.287+0000] {logging_mixin.py:190} INFO - [2025-01-10T00:47:25.286+0000] {dagbag.py:588} INFO - Filling up the DagBag from /home/airflow/.local/lib/python3.12/site-packages/airflow/example_dags/example_xcomargs.py
[2025-01-10T00:47:25.298+0000] {processor.py:925} INFO - DAG(s) 'example_xcom_args', 'example_xcom_args_with_operators' retrieved from /home/airflow/.local/lib/python3.12/site-packages/airflow/example_dags/example_xcomargs.py
[2025-01-10T00:47:25.325+0000] {logging_mixin.py:190} INFO - [2025-01-10T00:47:25.325+0000] {dag.py:3239} INFO - Sync 2 DAGs
[2025-01-10T00:47:25.341+0000] {logging_mixin.py:190} INFO - [2025-01-10T00:47:25.340+0000] {dag.py:4180} INFO - Setting next_dagrun for example_xcom_args to None, run_after=None
[2025-01-10T00:47:25.344+0000] {logging_mixin.py:190} INFO - [2025-01-10T00:47:25.344+0000] {dag.py:4180} INFO - Setting next_dagrun for example_xcom_args_with_operators to None, run_after=None
[2025-01-10T00:47:25.362+0000] {processor.py:208} INFO - Processing /home/airflow/.local/lib/python3.12/site-packages/airflow/example_dags/example_xcomargs.py took 0.085 seconds
[2025-01-10T00:47:56.229+0000] {processor.py:186} INFO - Started process (PID=596) to work on /home/airflow/.local/lib/python3.12/site-packages/airflow/example_dags/example_xcomargs.py
[2025-01-10T00:47:56.230+0000] {processor.py:914} INFO - Processing file /home/airflow/.local/lib/python3.12/site-packages/airflow/example_dags/example_xcomargs.py for tasks to queue
[2025-01-10T00:47:56.233+0000] {logging_mixin.py:190} INFO - [2025-01-10T00:47:56.232+0000] {dagbag.py:588} INFO - Filling up the DagBag from /home/airflow/.local/lib/python3.12/site-packages/airflow/example_dags/example_xcomargs.py
[2025-01-10T00:47:56.243+0000] {processor.py:925} INFO - DAG(s) 'example_xcom_args', 'example_xcom_args_with_operators' retrieved from /home/airflow/.local/lib/python3.12/site-packages/airflow/example_dags/example_xcomargs.py
[2025-01-10T00:47:56.265+0000] {logging_mixin.py:190} INFO - [2025-01-10T00:47:56.265+0000] {dag.py:3239} INFO - Sync 2 DAGs
[2025-01-10T00:47:56.279+0000] {logging_mixin.py:190} INFO - [2025-01-10T00:47:56.278+0000] {dag.py:4180} INFO - Setting next_dagrun for example_xcom_args to None, run_after=None
[2025-01-10T00:47:56.283+0000] {logging_mixin.py:190} INFO - [2025-01-10T00:47:56.282+0000] {dag.py:4180} INFO - Setting next_dagrun for example_xcom_args_with_operators to None, run_after=None
[2025-01-10T00:47:56.300+0000] {processor.py:208} INFO - Processing /home/airflow/.local/lib/python3.12/site-packages/airflow/example_dags/example_xcomargs.py took 0.076 seconds
[2025-01-10T00:48:27.135+0000] {processor.py:186} INFO - Started process (PID=659) to work on /home/airflow/.local/lib/python3.12/site-packages/airflow/example_dags/example_xcomargs.py
[2025-01-10T00:48:27.136+0000] {processor.py:914} INFO - Processing file /home/airflow/.local/lib/python3.12/site-packages/airflow/example_dags/example_xcomargs.py for tasks to queue
[2025-01-10T00:48:27.138+0000] {logging_mixin.py:190} INFO - [2025-01-10T00:48:27.138+0000] {dagbag.py:588} INFO - Filling up the DagBag from /home/airflow/.local/lib/python3.12/site-packages/airflow/example_dags/example_xcomargs.py
[2025-01-10T00:48:27.148+0000] {processor.py:925} INFO - DAG(s) 'example_xcom_args_with_operators', 'example_xcom_args' retrieved from /home/airflow/.local/lib/python3.12/site-packages/airflow/example_dags/example_xcomargs.py
[2025-01-10T00:48:27.169+0000] {logging_mixin.py:190} INFO - [2025-01-10T00:48:27.168+0000] {dag.py:3239} INFO - Sync 2 DAGs
[2025-01-10T00:48:27.184+0000] {logging_mixin.py:190} INFO - [2025-01-10T00:48:27.184+0000] {dag.py:4180} INFO - Setting next_dagrun for example_xcom_args to None, run_after=None
[2025-01-10T00:48:27.187+0000] {logging_mixin.py:190} INFO - [2025-01-10T00:48:27.187+0000] {dag.py:4180} INFO - Setting next_dagrun for example_xcom_args_with_operators to None, run_after=None
[2025-01-10T00:48:27.204+0000] {processor.py:208} INFO - Processing /home/airflow/.local/lib/python3.12/site-packages/airflow/example_dags/example_xcomargs.py took 0.075 seconds
[2025-01-10T00:48:58.421+0000] {processor.py:186} INFO - Started process (PID=722) to work on /home/airflow/.local/lib/python3.12/site-packages/airflow/example_dags/example_xcomargs.py
[2025-01-10T00:48:58.422+0000] {processor.py:914} INFO - Processing file /home/airflow/.local/lib/python3.12/site-packages/airflow/example_dags/example_xcomargs.py for tasks to queue
[2025-01-10T00:48:58.424+0000] {logging_mixin.py:190} INFO - [2025-01-10T00:48:58.424+0000] {dagbag.py:588} INFO - Filling up the DagBag from /home/airflow/.local/lib/python3.12/site-packages/airflow/example_dags/example_xcomargs.py
[2025-01-10T00:48:58.433+0000] {processor.py:925} INFO - DAG(s) 'example_xcom_args', 'example_xcom_args_with_operators' retrieved from /home/airflow/.local/lib/python3.12/site-packages/airflow/example_dags/example_xcomargs.py
[2025-01-10T00:48:58.455+0000] {logging_mixin.py:190} INFO - [2025-01-10T00:48:58.454+0000] {dag.py:3239} INFO - Sync 2 DAGs
[2025-01-10T00:48:58.472+0000] {logging_mixin.py:190} INFO - [2025-01-10T00:48:58.471+0000] {dag.py:4180} INFO - Setting next_dagrun for example_xcom_args to None, run_after=None
[2025-01-10T00:48:58.476+0000] {logging_mixin.py:190} INFO - [2025-01-10T00:48:58.476+0000] {dag.py:4180} INFO - Setting next_dagrun for example_xcom_args_with_operators to None, run_after=None
[2025-01-10T00:48:58.496+0000] {processor.py:208} INFO - Processing /home/airflow/.local/lib/python3.12/site-packages/airflow/example_dags/example_xcomargs.py took 0.081 seconds
[2025-01-10T00:49:29.584+0000] {processor.py:186} INFO - Started process (PID=785) to work on /home/airflow/.local/lib/python3.12/site-packages/airflow/example_dags/example_xcomargs.py
[2025-01-10T00:49:29.585+0000] {processor.py:914} INFO - Processing file /home/airflow/.local/lib/python3.12/site-packages/airflow/example_dags/example_xcomargs.py for tasks to queue
[2025-01-10T00:49:29.587+0000] {logging_mixin.py:190} INFO - [2025-01-10T00:49:29.587+0000] {dagbag.py:588} INFO - Filling up the DagBag from /home/airflow/.local/lib/python3.12/site-packages/airflow/example_dags/example_xcomargs.py
[2025-01-10T00:49:29.597+0000] {processor.py:925} INFO - DAG(s) 'example_xcom_args_with_operators', 'example_xcom_args' retrieved from /home/airflow/.local/lib/python3.12/site-packages/airflow/example_dags/example_xcomargs.py
[2025-01-10T00:49:29.618+0000] {logging_mixin.py:190} INFO - [2025-01-10T00:49:29.617+0000] {dag.py:3239} INFO - Sync 2 DAGs
[2025-01-10T00:49:29.632+0000] {logging_mixin.py:190} INFO - [2025-01-10T00:49:29.631+0000] {dag.py:4180} INFO - Setting next_dagrun for example_xcom_args to None, run_after=None
[2025-01-10T00:49:29.636+0000] {logging_mixin.py:190} INFO - [2025-01-10T00:49:29.635+0000] {dag.py:4180} INFO - Setting next_dagrun for example_xcom_args_with_operators to None, run_after=None
[2025-01-10T00:49:29.652+0000] {processor.py:208} INFO - Processing /home/airflow/.local/lib/python3.12/site-packages/airflow/example_dags/example_xcomargs.py took 0.074 seconds
[2025-01-10T00:50:00.901+0000] {processor.py:186} INFO - Started process (PID=848) to work on /home/airflow/.local/lib/python3.12/site-packages/airflow/example_dags/example_xcomargs.py
[2025-01-10T00:50:00.902+0000] {processor.py:914} INFO - Processing file /home/airflow/.local/lib/python3.12/site-packages/airflow/example_dags/example_xcomargs.py for tasks to queue
[2025-01-10T00:50:00.904+0000] {logging_mixin.py:190} INFO - [2025-01-10T00:50:00.904+0000] {dagbag.py:588} INFO - Filling up the DagBag from /home/airflow/.local/lib/python3.12/site-packages/airflow/example_dags/example_xcomargs.py
[2025-01-10T00:50:00.915+0000] {processor.py:925} INFO - DAG(s) 'example_xcom_args_with_operators', 'example_xcom_args' retrieved from /home/airflow/.local/lib/python3.12/site-packages/airflow/example_dags/example_xcomargs.py
[2025-01-10T00:50:00.936+0000] {logging_mixin.py:190} INFO - [2025-01-10T00:50:00.936+0000] {dag.py:3239} INFO - Sync 2 DAGs
[2025-01-10T00:50:00.951+0000] {logging_mixin.py:190} INFO - [2025-01-10T00:50:00.951+0000] {dag.py:4180} INFO - Setting next_dagrun for example_xcom_args to None, run_after=None
[2025-01-10T00:50:00.956+0000] {logging_mixin.py:190} INFO - [2025-01-10T00:50:00.955+0000] {dag.py:4180} INFO - Setting next_dagrun for example_xcom_args_with_operators to None, run_after=None
[2025-01-10T00:50:00.973+0000] {processor.py:208} INFO - Processing /home/airflow/.local/lib/python3.12/site-packages/airflow/example_dags/example_xcomargs.py took 0.078 seconds
[2025-01-10T00:50:32.272+0000] {processor.py:186} INFO - Started process (PID=911) to work on /home/airflow/.local/lib/python3.12/site-packages/airflow/example_dags/example_xcomargs.py
[2025-01-10T00:50:32.274+0000] {processor.py:914} INFO - Processing file /home/airflow/.local/lib/python3.12/site-packages/airflow/example_dags/example_xcomargs.py for tasks to queue
[2025-01-10T00:50:32.276+0000] {logging_mixin.py:190} INFO - [2025-01-10T00:50:32.276+0000] {dagbag.py:588} INFO - Filling up the DagBag from /home/airflow/.local/lib/python3.12/site-packages/airflow/example_dags/example_xcomargs.py
[2025-01-10T00:50:32.286+0000] {processor.py:925} INFO - DAG(s) 'example_xcom_args', 'example_xcom_args_with_operators' retrieved from /home/airflow/.local/lib/python3.12/site-packages/airflow/example_dags/example_xcomargs.py
[2025-01-10T00:50:32.307+0000] {logging_mixin.py:190} INFO - [2025-01-10T00:50:32.307+0000] {dag.py:3239} INFO - Sync 2 DAGs
[2025-01-10T00:50:32.322+0000] {logging_mixin.py:190} INFO - [2025-01-10T00:50:32.322+0000] {dag.py:4180} INFO - Setting next_dagrun for example_xcom_args to None, run_after=None
[2025-01-10T00:50:32.326+0000] {logging_mixin.py:190} INFO - [2025-01-10T00:50:32.325+0000] {dag.py:4180} INFO - Setting next_dagrun for example_xcom_args_with_operators to None, run_after=None
[2025-01-10T00:50:32.344+0000] {processor.py:208} INFO - Processing /home/airflow/.local/lib/python3.12/site-packages/airflow/example_dags/example_xcomargs.py took 0.078 seconds
[2025-01-10T00:51:03.541+0000] {processor.py:186} INFO - Started process (PID=974) to work on /home/airflow/.local/lib/python3.12/site-packages/airflow/example_dags/example_xcomargs.py
[2025-01-10T00:51:03.542+0000] {processor.py:914} INFO - Processing file /home/airflow/.local/lib/python3.12/site-packages/airflow/example_dags/example_xcomargs.py for tasks to queue
[2025-01-10T00:51:03.544+0000] {logging_mixin.py:190} INFO - [2025-01-10T00:51:03.544+0000] {dagbag.py:588} INFO - Filling up the DagBag from /home/airflow/.local/lib/python3.12/site-packages/airflow/example_dags/example_xcomargs.py
[2025-01-10T00:51:03.554+0000] {processor.py:925} INFO - DAG(s) 'example_xcom_args', 'example_xcom_args_with_operators' retrieved from /home/airflow/.local/lib/python3.12/site-packages/airflow/example_dags/example_xcomargs.py
[2025-01-10T00:51:03.576+0000] {logging_mixin.py:190} INFO - [2025-01-10T00:51:03.576+0000] {dag.py:3239} INFO - Sync 2 DAGs
[2025-01-10T00:51:03.590+0000] {logging_mixin.py:190} INFO - [2025-01-10T00:51:03.590+0000] {dag.py:4180} INFO - Setting next_dagrun for example_xcom_args to None, run_after=None
[2025-01-10T00:51:03.594+0000] {logging_mixin.py:190} INFO - [2025-01-10T00:51:03.594+0000] {dag.py:4180} INFO - Setting next_dagrun for example_xcom_args_with_operators to None, run_after=None
[2025-01-10T00:51:03.611+0000] {processor.py:208} INFO - Processing /home/airflow/.local/lib/python3.12/site-packages/airflow/example_dags/example_xcomargs.py took 0.075 seconds
[2025-01-10T00:51:34.831+0000] {processor.py:186} INFO - Started process (PID=1038) to work on /home/airflow/.local/lib/python3.12/site-packages/airflow/example_dags/example_xcomargs.py
[2025-01-10T00:51:34.832+0000] {processor.py:914} INFO - Processing file /home/airflow/.local/lib/python3.12/site-packages/airflow/example_dags/example_xcomargs.py for tasks to queue
[2025-01-10T00:51:34.835+0000] {logging_mixin.py:190} INFO - [2025-01-10T00:51:34.834+0000] {dagbag.py:588} INFO - Filling up the DagBag from /home/airflow/.local/lib/python3.12/site-packages/airflow/example_dags/example_xcomargs.py
[2025-01-10T00:51:34.844+0000] {processor.py:925} INFO - DAG(s) 'example_xcom_args', 'example_xcom_args_with_operators' retrieved from /home/airflow/.local/lib/python3.12/site-packages/airflow/example_dags/example_xcomargs.py
[2025-01-10T00:51:34.866+0000] {logging_mixin.py:190} INFO - [2025-01-10T00:51:34.866+0000] {dag.py:3239} INFO - Sync 2 DAGs
[2025-01-10T00:51:34.880+0000] {logging_mixin.py:190} INFO - [2025-01-10T00:51:34.880+0000] {dag.py:4180} INFO - Setting next_dagrun for example_xcom_args to None, run_after=None
[2025-01-10T00:51:34.884+0000] {logging_mixin.py:190} INFO - [2025-01-10T00:51:34.884+0000] {dag.py:4180} INFO - Setting next_dagrun for example_xcom_args_with_operators to None, run_after=None
[2025-01-10T00:51:34.902+0000] {processor.py:208} INFO - Processing /home/airflow/.local/lib/python3.12/site-packages/airflow/example_dags/example_xcomargs.py took 0.077 seconds
[2025-01-10T00:52:06.143+0000] {processor.py:186} INFO - Started process (PID=1101) to work on /home/airflow/.local/lib/python3.12/site-packages/airflow/example_dags/example_xcomargs.py
[2025-01-10T00:52:06.144+0000] {processor.py:914} INFO - Processing file /home/airflow/.local/lib/python3.12/site-packages/airflow/example_dags/example_xcomargs.py for tasks to queue
[2025-01-10T00:52:06.146+0000] {logging_mixin.py:190} INFO - [2025-01-10T00:52:06.146+0000] {dagbag.py:588} INFO - Filling up the DagBag from /home/airflow/.local/lib/python3.12/site-packages/airflow/example_dags/example_xcomargs.py
[2025-01-10T00:52:06.156+0000] {processor.py:925} INFO - DAG(s) 'example_xcom_args', 'example_xcom_args_with_operators' retrieved from /home/airflow/.local/lib/python3.12/site-packages/airflow/example_dags/example_xcomargs.py
[2025-01-10T00:52:06.178+0000] {logging_mixin.py:190} INFO - [2025-01-10T00:52:06.178+0000] {dag.py:3239} INFO - Sync 2 DAGs
[2025-01-10T00:52:06.193+0000] {logging_mixin.py:190} INFO - [2025-01-10T00:52:06.193+0000] {dag.py:4180} INFO - Setting next_dagrun for example_xcom_args to None, run_after=None
[2025-01-10T00:52:06.197+0000] {logging_mixin.py:190} INFO - [2025-01-10T00:52:06.197+0000] {dag.py:4180} INFO - Setting next_dagrun for example_xcom_args_with_operators to None, run_after=None
[2025-01-10T00:52:06.214+0000] {processor.py:208} INFO - Processing /home/airflow/.local/lib/python3.12/site-packages/airflow/example_dags/example_xcomargs.py took 0.077 seconds
[2025-01-10T00:52:37.655+0000] {processor.py:186} INFO - Started process (PID=1164) to work on /home/airflow/.local/lib/python3.12/site-packages/airflow/example_dags/example_xcomargs.py
[2025-01-10T00:52:37.656+0000] {processor.py:914} INFO - Processing file /home/airflow/.local/lib/python3.12/site-packages/airflow/example_dags/example_xcomargs.py for tasks to queue
[2025-01-10T00:52:37.659+0000] {logging_mixin.py:190} INFO - [2025-01-10T00:52:37.659+0000] {dagbag.py:588} INFO - Filling up the DagBag from /home/airflow/.local/lib/python3.12/site-packages/airflow/example_dags/example_xcomargs.py
[2025-01-10T00:52:37.671+0000] {processor.py:925} INFO - DAG(s) 'example_xcom_args_with_operators', 'example_xcom_args' retrieved from /home/airflow/.local/lib/python3.12/site-packages/airflow/example_dags/example_xcomargs.py
[2025-01-10T00:52:37.694+0000] {logging_mixin.py:190} INFO - [2025-01-10T00:52:37.694+0000] {dag.py:3239} INFO - Sync 2 DAGs
[2025-01-10T00:52:37.709+0000] {logging_mixin.py:190} INFO - [2025-01-10T00:52:37.708+0000] {dag.py:4180} INFO - Setting next_dagrun for example_xcom_args to None, run_after=None
[2025-01-10T00:52:37.720+0000] {logging_mixin.py:190} INFO - [2025-01-10T00:52:37.720+0000] {dag.py:4180} INFO - Setting next_dagrun for example_xcom_args_with_operators to None, run_after=None
[2025-01-10T00:52:37.740+0000] {processor.py:208} INFO - Processing /home/airflow/.local/lib/python3.12/site-packages/airflow/example_dags/example_xcomargs.py took 0.091 seconds
[2025-01-10T00:53:08.904+0000] {processor.py:186} INFO - Started process (PID=1227) to work on /home/airflow/.local/lib/python3.12/site-packages/airflow/example_dags/example_xcomargs.py
[2025-01-10T00:53:08.905+0000] {processor.py:914} INFO - Processing file /home/airflow/.local/lib/python3.12/site-packages/airflow/example_dags/example_xcomargs.py for tasks to queue
[2025-01-10T00:53:08.907+0000] {logging_mixin.py:190} INFO - [2025-01-10T00:53:08.907+0000] {dagbag.py:588} INFO - Filling up the DagBag from /home/airflow/.local/lib/python3.12/site-packages/airflow/example_dags/example_xcomargs.py
[2025-01-10T00:53:08.917+0000] {processor.py:925} INFO - DAG(s) 'example_xcom_args_with_operators', 'example_xcom_args' retrieved from /home/airflow/.local/lib/python3.12/site-packages/airflow/example_dags/example_xcomargs.py
[2025-01-10T00:53:08.939+0000] {logging_mixin.py:190} INFO - [2025-01-10T00:53:08.938+0000] {dag.py:3239} INFO - Sync 2 DAGs
[2025-01-10T00:53:08.952+0000] {logging_mixin.py:190} INFO - [2025-01-10T00:53:08.952+0000] {dag.py:4180} INFO - Setting next_dagrun for example_xcom_args to None, run_after=None
[2025-01-10T00:53:08.956+0000] {logging_mixin.py:190} INFO - [2025-01-10T00:53:08.956+0000] {dag.py:4180} INFO - Setting next_dagrun for example_xcom_args_with_operators to None, run_after=None
[2025-01-10T00:53:08.974+0000] {processor.py:208} INFO - Processing /home/airflow/.local/lib/python3.12/site-packages/airflow/example_dags/example_xcomargs.py took 0.076 seconds
[2025-01-10T00:53:40.129+0000] {processor.py:186} INFO - Started process (PID=1290) to work on /home/airflow/.local/lib/python3.12/site-packages/airflow/example_dags/example_xcomargs.py
[2025-01-10T00:53:40.130+0000] {processor.py:914} INFO - Processing file /home/airflow/.local/lib/python3.12/site-packages/airflow/example_dags/example_xcomargs.py for tasks to queue
[2025-01-10T00:53:40.133+0000] {logging_mixin.py:190} INFO - [2025-01-10T00:53:40.133+0000] {dagbag.py:588} INFO - Filling up the DagBag from /home/airflow/.local/lib/python3.12/site-packages/airflow/example_dags/example_xcomargs.py
[2025-01-10T00:53:40.148+0000] {processor.py:925} INFO - DAG(s) 'example_xcom_args', 'example_xcom_args_with_operators' retrieved from /home/airflow/.local/lib/python3.12/site-packages/airflow/example_dags/example_xcomargs.py
[2025-01-10T00:53:40.182+0000] {logging_mixin.py:190} INFO - [2025-01-10T00:53:40.182+0000] {dag.py:3239} INFO - Sync 2 DAGs
[2025-01-10T00:53:40.203+0000] {logging_mixin.py:190} INFO - [2025-01-10T00:53:40.202+0000] {dag.py:4180} INFO - Setting next_dagrun for example_xcom_args to None, run_after=None
[2025-01-10T00:53:40.208+0000] {logging_mixin.py:190} INFO - [2025-01-10T00:53:40.208+0000] {dag.py:4180} INFO - Setting next_dagrun for example_xcom_args_with_operators to None, run_after=None
[2025-01-10T00:53:40.234+0000] {processor.py:208} INFO - Processing /home/airflow/.local/lib/python3.12/site-packages/airflow/example_dags/example_xcomargs.py took 0.113 seconds
[2025-01-10T00:54:11.372+0000] {processor.py:186} INFO - Started process (PID=1354) to work on /home/airflow/.local/lib/python3.12/site-packages/airflow/example_dags/example_xcomargs.py
[2025-01-10T00:54:11.373+0000] {processor.py:914} INFO - Processing file /home/airflow/.local/lib/python3.12/site-packages/airflow/example_dags/example_xcomargs.py for tasks to queue
[2025-01-10T00:54:11.375+0000] {logging_mixin.py:190} INFO - [2025-01-10T00:54:11.375+0000] {dagbag.py:588} INFO - Filling up the DagBag from /home/airflow/.local/lib/python3.12/site-packages/airflow/example_dags/example_xcomargs.py
[2025-01-10T00:54:11.389+0000] {processor.py:925} INFO - DAG(s) 'example_xcom_args', 'example_xcom_args_with_operators' retrieved from /home/airflow/.local/lib/python3.12/site-packages/airflow/example_dags/example_xcomargs.py
[2025-01-10T00:54:11.417+0000] {logging_mixin.py:190} INFO - [2025-01-10T00:54:11.417+0000] {dag.py:3239} INFO - Sync 2 DAGs
[2025-01-10T00:54:11.439+0000] {logging_mixin.py:190} INFO - [2025-01-10T00:54:11.439+0000] {dag.py:4180} INFO - Setting next_dagrun for example_xcom_args to None, run_after=None
[2025-01-10T00:54:11.445+0000] {logging_mixin.py:190} INFO - [2025-01-10T00:54:11.444+0000] {dag.py:4180} INFO - Setting next_dagrun for example_xcom_args_with_operators to None, run_after=None
[2025-01-10T00:54:11.467+0000] {processor.py:208} INFO - Processing /home/airflow/.local/lib/python3.12/site-packages/airflow/example_dags/example_xcomargs.py took 0.102 seconds
[2025-01-10T00:54:42.464+0000] {processor.py:186} INFO - Started process (PID=1423) to work on /home/airflow/.local/lib/python3.12/site-packages/airflow/example_dags/example_xcomargs.py
[2025-01-10T00:54:42.465+0000] {processor.py:914} INFO - Processing file /home/airflow/.local/lib/python3.12/site-packages/airflow/example_dags/example_xcomargs.py for tasks to queue
[2025-01-10T00:54:42.468+0000] {logging_mixin.py:190} INFO - [2025-01-10T00:54:42.467+0000] {dagbag.py:588} INFO - Filling up the DagBag from /home/airflow/.local/lib/python3.12/site-packages/airflow/example_dags/example_xcomargs.py
[2025-01-10T00:54:42.481+0000] {processor.py:925} INFO - DAG(s) 'example_xcom_args', 'example_xcom_args_with_operators' retrieved from /home/airflow/.local/lib/python3.12/site-packages/airflow/example_dags/example_xcomargs.py
[2025-01-10T00:54:42.504+0000] {logging_mixin.py:190} INFO - [2025-01-10T00:54:42.504+0000] {dag.py:3239} INFO - Sync 2 DAGs
[2025-01-10T00:54:42.519+0000] {logging_mixin.py:190} INFO - [2025-01-10T00:54:42.519+0000] {dag.py:4180} INFO - Setting next_dagrun for example_xcom_args to None, run_after=None
[2025-01-10T00:54:42.523+0000] {logging_mixin.py:190} INFO - [2025-01-10T00:54:42.523+0000] {dag.py:4180} INFO - Setting next_dagrun for example_xcom_args_with_operators to None, run_after=None
[2025-01-10T00:54:42.541+0000] {processor.py:208} INFO - Processing /home/airflow/.local/lib/python3.12/site-packages/airflow/example_dags/example_xcomargs.py took 0.084 seconds
[2025-01-10T00:55:13.624+0000] {processor.py:186} INFO - Started process (PID=1486) to work on /home/airflow/.local/lib/python3.12/site-packages/airflow/example_dags/example_xcomargs.py
[2025-01-10T00:55:13.625+0000] {processor.py:914} INFO - Processing file /home/airflow/.local/lib/python3.12/site-packages/airflow/example_dags/example_xcomargs.py for tasks to queue
[2025-01-10T00:55:13.628+0000] {logging_mixin.py:190} INFO - [2025-01-10T00:55:13.627+0000] {dagbag.py:588} INFO - Filling up the DagBag from /home/airflow/.local/lib/python3.12/site-packages/airflow/example_dags/example_xcomargs.py
[2025-01-10T00:55:13.637+0000] {processor.py:925} INFO - DAG(s) 'example_xcom_args', 'example_xcom_args_with_operators' retrieved from /home/airflow/.local/lib/python3.12/site-packages/airflow/example_dags/example_xcomargs.py
[2025-01-10T00:55:13.660+0000] {logging_mixin.py:190} INFO - [2025-01-10T00:55:13.660+0000] {dag.py:3239} INFO - Sync 2 DAGs
[2025-01-10T00:55:13.676+0000] {logging_mixin.py:190} INFO - [2025-01-10T00:55:13.676+0000] {dag.py:4180} INFO - Setting next_dagrun for example_xcom_args to None, run_after=None
[2025-01-10T00:55:13.680+0000] {logging_mixin.py:190} INFO - [2025-01-10T00:55:13.680+0000] {dag.py:4180} INFO - Setting next_dagrun for example_xcom_args_with_operators to None, run_after=None
[2025-01-10T00:55:13.698+0000] {processor.py:208} INFO - Processing /home/airflow/.local/lib/python3.12/site-packages/airflow/example_dags/example_xcomargs.py took 0.079 seconds
[2025-01-10T00:55:44.797+0000] {processor.py:186} INFO - Started process (PID=1549) to work on /home/airflow/.local/lib/python3.12/site-packages/airflow/example_dags/example_xcomargs.py
[2025-01-10T00:55:44.798+0000] {processor.py:914} INFO - Processing file /home/airflow/.local/lib/python3.12/site-packages/airflow/example_dags/example_xcomargs.py for tasks to queue
[2025-01-10T00:55:44.800+0000] {logging_mixin.py:190} INFO - [2025-01-10T00:55:44.800+0000] {dagbag.py:588} INFO - Filling up the DagBag from /home/airflow/.local/lib/python3.12/site-packages/airflow/example_dags/example_xcomargs.py
[2025-01-10T00:55:44.810+0000] {processor.py:925} INFO - DAG(s) 'example_xcom_args', 'example_xcom_args_with_operators' retrieved from /home/airflow/.local/lib/python3.12/site-packages/airflow/example_dags/example_xcomargs.py
[2025-01-10T00:55:44.836+0000] {logging_mixin.py:190} INFO - [2025-01-10T00:55:44.835+0000] {dag.py:3239} INFO - Sync 2 DAGs
[2025-01-10T00:55:44.851+0000] {logging_mixin.py:190} INFO - [2025-01-10T00:55:44.851+0000] {dag.py:4180} INFO - Setting next_dagrun for example_xcom_args to None, run_after=None
[2025-01-10T00:55:44.855+0000] {logging_mixin.py:190} INFO - [2025-01-10T00:55:44.855+0000] {dag.py:4180} INFO - Setting next_dagrun for example_xcom_args_with_operators to None, run_after=None
[2025-01-10T00:55:44.873+0000] {processor.py:208} INFO - Processing /home/airflow/.local/lib/python3.12/site-packages/airflow/example_dags/example_xcomargs.py took 0.081 seconds
[2025-01-10T00:56:15.725+0000] {processor.py:186} INFO - Started process (PID=1612) to work on /home/airflow/.local/lib/python3.12/site-packages/airflow/example_dags/example_xcomargs.py
[2025-01-10T00:56:15.726+0000] {processor.py:914} INFO - Processing file /home/airflow/.local/lib/python3.12/site-packages/airflow/example_dags/example_xcomargs.py for tasks to queue
[2025-01-10T00:56:15.728+0000] {logging_mixin.py:190} INFO - [2025-01-10T00:56:15.728+0000] {dagbag.py:588} INFO - Filling up the DagBag from /home/airflow/.local/lib/python3.12/site-packages/airflow/example_dags/example_xcomargs.py
[2025-01-10T00:56:15.740+0000] {processor.py:925} INFO - DAG(s) 'example_xcom_args_with_operators', 'example_xcom_args' retrieved from /home/airflow/.local/lib/python3.12/site-packages/airflow/example_dags/example_xcomargs.py
[2025-01-10T00:56:15.762+0000] {logging_mixin.py:190} INFO - [2025-01-10T00:56:15.762+0000] {dag.py:3239} INFO - Sync 2 DAGs
[2025-01-10T00:56:15.778+0000] {logging_mixin.py:190} INFO - [2025-01-10T00:56:15.778+0000] {dag.py:4180} INFO - Setting next_dagrun for example_xcom_args to None, run_after=None
[2025-01-10T00:56:15.782+0000] {logging_mixin.py:190} INFO - [2025-01-10T00:56:15.782+0000] {dag.py:4180} INFO - Setting next_dagrun for example_xcom_args_with_operators to None, run_after=None
[2025-01-10T00:56:15.799+0000] {processor.py:208} INFO - Processing /home/airflow/.local/lib/python3.12/site-packages/airflow/example_dags/example_xcomargs.py took 0.080 seconds
[2025-01-10T00:56:47.206+0000] {processor.py:186} INFO - Started process (PID=1675) to work on /home/airflow/.local/lib/python3.12/site-packages/airflow/example_dags/example_xcomargs.py
[2025-01-10T00:56:47.207+0000] {processor.py:914} INFO - Processing file /home/airflow/.local/lib/python3.12/site-packages/airflow/example_dags/example_xcomargs.py for tasks to queue
[2025-01-10T00:56:47.209+0000] {logging_mixin.py:190} INFO - [2025-01-10T00:56:47.209+0000] {dagbag.py:588} INFO - Filling up the DagBag from /home/airflow/.local/lib/python3.12/site-packages/airflow/example_dags/example_xcomargs.py
[2025-01-10T00:56:47.222+0000] {processor.py:925} INFO - DAG(s) 'example_xcom_args', 'example_xcom_args_with_operators' retrieved from /home/airflow/.local/lib/python3.12/site-packages/airflow/example_dags/example_xcomargs.py
[2025-01-10T00:56:47.244+0000] {logging_mixin.py:190} INFO - [2025-01-10T00:56:47.244+0000] {dag.py:3239} INFO - Sync 2 DAGs
[2025-01-10T00:56:47.258+0000] {logging_mixin.py:190} INFO - [2025-01-10T00:56:47.258+0000] {dag.py:4180} INFO - Setting next_dagrun for example_xcom_args to None, run_after=None
[2025-01-10T00:56:47.262+0000] {logging_mixin.py:190} INFO - [2025-01-10T00:56:47.262+0000] {dag.py:4180} INFO - Setting next_dagrun for example_xcom_args_with_operators to None, run_after=None
[2025-01-10T00:56:47.279+0000] {processor.py:208} INFO - Processing /home/airflow/.local/lib/python3.12/site-packages/airflow/example_dags/example_xcomargs.py took 0.079 seconds
[2025-01-10T00:57:18.409+0000] {processor.py:186} INFO - Started process (PID=1738) to work on /home/airflow/.local/lib/python3.12/site-packages/airflow/example_dags/example_xcomargs.py
[2025-01-10T00:57:18.410+0000] {processor.py:914} INFO - Processing file /home/airflow/.local/lib/python3.12/site-packages/airflow/example_dags/example_xcomargs.py for tasks to queue
[2025-01-10T00:57:18.412+0000] {logging_mixin.py:190} INFO - [2025-01-10T00:57:18.412+0000] {dagbag.py:588} INFO - Filling up the DagBag from /home/airflow/.local/lib/python3.12/site-packages/airflow/example_dags/example_xcomargs.py
[2025-01-10T00:57:18.422+0000] {processor.py:925} INFO - DAG(s) 'example_xcom_args_with_operators', 'example_xcom_args' retrieved from /home/airflow/.local/lib/python3.12/site-packages/airflow/example_dags/example_xcomargs.py
[2025-01-10T00:57:18.442+0000] {logging_mixin.py:190} INFO - [2025-01-10T00:57:18.441+0000] {dag.py:3239} INFO - Sync 2 DAGs
[2025-01-10T00:57:18.455+0000] {logging_mixin.py:190} INFO - [2025-01-10T00:57:18.455+0000] {dag.py:4180} INFO - Setting next_dagrun for example_xcom_args to None, run_after=None
[2025-01-10T00:57:18.459+0000] {logging_mixin.py:190} INFO - [2025-01-10T00:57:18.459+0000] {dag.py:4180} INFO - Setting next_dagrun for example_xcom_args_with_operators to None, run_after=None
[2025-01-10T00:57:18.476+0000] {processor.py:208} INFO - Processing /home/airflow/.local/lib/python3.12/site-packages/airflow/example_dags/example_xcomargs.py took 0.073 seconds
[2025-01-10T00:57:49.453+0000] {processor.py:186} INFO - Started process (PID=1802) to work on /home/airflow/.local/lib/python3.12/site-packages/airflow/example_dags/example_xcomargs.py
[2025-01-10T00:57:49.454+0000] {processor.py:914} INFO - Processing file /home/airflow/.local/lib/python3.12/site-packages/airflow/example_dags/example_xcomargs.py for tasks to queue
[2025-01-10T00:57:49.456+0000] {logging_mixin.py:190} INFO - [2025-01-10T00:57:49.456+0000] {dagbag.py:588} INFO - Filling up the DagBag from /home/airflow/.local/lib/python3.12/site-packages/airflow/example_dags/example_xcomargs.py
[2025-01-10T00:57:49.466+0000] {processor.py:925} INFO - DAG(s) 'example_xcom_args_with_operators', 'example_xcom_args' retrieved from /home/airflow/.local/lib/python3.12/site-packages/airflow/example_dags/example_xcomargs.py
[2025-01-10T00:57:49.491+0000] {logging_mixin.py:190} INFO - [2025-01-10T00:57:49.491+0000] {dag.py:3239} INFO - Sync 2 DAGs
[2025-01-10T00:57:49.507+0000] {logging_mixin.py:190} INFO - [2025-01-10T00:57:49.507+0000] {dag.py:4180} INFO - Setting next_dagrun for example_xcom_args to None, run_after=None
[2025-01-10T00:57:49.511+0000] {logging_mixin.py:190} INFO - [2025-01-10T00:57:49.511+0000] {dag.py:4180} INFO - Setting next_dagrun for example_xcom_args_with_operators to None, run_after=None
[2025-01-10T00:57:49.530+0000] {processor.py:208} INFO - Processing /home/airflow/.local/lib/python3.12/site-packages/airflow/example_dags/example_xcomargs.py took 0.083 seconds
[2025-01-10T00:58:20.715+0000] {processor.py:186} INFO - Started process (PID=1865) to work on /home/airflow/.local/lib/python3.12/site-packages/airflow/example_dags/example_xcomargs.py
[2025-01-10T00:58:20.716+0000] {processor.py:914} INFO - Processing file /home/airflow/.local/lib/python3.12/site-packages/airflow/example_dags/example_xcomargs.py for tasks to queue
[2025-01-10T00:58:20.719+0000] {logging_mixin.py:190} INFO - [2025-01-10T00:58:20.719+0000] {dagbag.py:588} INFO - Filling up the DagBag from /home/airflow/.local/lib/python3.12/site-packages/airflow/example_dags/example_xcomargs.py
[2025-01-10T00:58:20.731+0000] {processor.py:925} INFO - DAG(s) 'example_xcom_args_with_operators', 'example_xcom_args' retrieved from /home/airflow/.local/lib/python3.12/site-packages/airflow/example_dags/example_xcomargs.py
[2025-01-10T00:58:20.752+0000] {logging_mixin.py:190} INFO - [2025-01-10T00:58:20.752+0000] {dag.py:3239} INFO - Sync 2 DAGs
[2025-01-10T00:58:20.769+0000] {logging_mixin.py:190} INFO - [2025-01-10T00:58:20.769+0000] {dag.py:4180} INFO - Setting next_dagrun for example_xcom_args to None, run_after=None
[2025-01-10T00:58:20.773+0000] {logging_mixin.py:190} INFO - [2025-01-10T00:58:20.773+0000] {dag.py:4180} INFO - Setting next_dagrun for example_xcom_args_with_operators to None, run_after=None
[2025-01-10T00:58:20.790+0000] {processor.py:208} INFO - Processing /home/airflow/.local/lib/python3.12/site-packages/airflow/example_dags/example_xcomargs.py took 0.081 seconds
[2025-01-10T01:02:00.377+0000] {processor.py:186} INFO - Started process (PID=87) to work on /home/airflow/.local/lib/python3.12/site-packages/airflow/example_dags/example_xcomargs.py
[2025-01-10T01:02:00.379+0000] {processor.py:914} INFO - Processing file /home/airflow/.local/lib/python3.12/site-packages/airflow/example_dags/example_xcomargs.py for tasks to queue
[2025-01-10T01:02:00.386+0000] {logging_mixin.py:190} INFO - [2025-01-10T01:02:00.385+0000] {dagbag.py:588} INFO - Filling up the DagBag from /home/airflow/.local/lib/python3.12/site-packages/airflow/example_dags/example_xcomargs.py
[2025-01-10T01:02:00.415+0000] {processor.py:925} INFO - DAG(s) 'example_xcom_args_with_operators', 'example_xcom_args' retrieved from /home/airflow/.local/lib/python3.12/site-packages/airflow/example_dags/example_xcomargs.py
[2025-01-10T01:02:00.464+0000] {logging_mixin.py:190} INFO - [2025-01-10T01:02:00.463+0000] {dag.py:3239} INFO - Sync 2 DAGs
[2025-01-10T01:02:00.492+0000] {logging_mixin.py:190} INFO - [2025-01-10T01:02:00.492+0000] {dag.py:4180} INFO - Setting next_dagrun for example_xcom_args to None, run_after=None
[2025-01-10T01:02:00.499+0000] {logging_mixin.py:190} INFO - [2025-01-10T01:02:00.499+0000] {dag.py:4180} INFO - Setting next_dagrun for example_xcom_args_with_operators to None, run_after=None
[2025-01-10T01:02:00.529+0000] {processor.py:208} INFO - Processing /home/airflow/.local/lib/python3.12/site-packages/airflow/example_dags/example_xcomargs.py took 0.164 seconds
[2025-01-10T01:02:30.962+0000] {processor.py:186} INFO - Started process (PID=150) to work on /home/airflow/.local/lib/python3.12/site-packages/airflow/example_dags/example_xcomargs.py
[2025-01-10T01:02:30.963+0000] {processor.py:914} INFO - Processing file /home/airflow/.local/lib/python3.12/site-packages/airflow/example_dags/example_xcomargs.py for tasks to queue
[2025-01-10T01:02:30.967+0000] {logging_mixin.py:190} INFO - [2025-01-10T01:02:30.966+0000] {dagbag.py:588} INFO - Filling up the DagBag from /home/airflow/.local/lib/python3.12/site-packages/airflow/example_dags/example_xcomargs.py
[2025-01-10T01:02:30.982+0000] {processor.py:925} INFO - DAG(s) 'example_xcom_args_with_operators', 'example_xcom_args' retrieved from /home/airflow/.local/lib/python3.12/site-packages/airflow/example_dags/example_xcomargs.py
[2025-01-10T01:02:31.016+0000] {logging_mixin.py:190} INFO - [2025-01-10T01:02:31.015+0000] {dag.py:3239} INFO - Sync 2 DAGs
[2025-01-10T01:02:31.036+0000] {logging_mixin.py:190} INFO - [2025-01-10T01:02:31.036+0000] {dag.py:4180} INFO - Setting next_dagrun for example_xcom_args to None, run_after=None
[2025-01-10T01:02:31.042+0000] {logging_mixin.py:190} INFO - [2025-01-10T01:02:31.042+0000] {dag.py:4180} INFO - Setting next_dagrun for example_xcom_args_with_operators to None, run_after=None
[2025-01-10T01:02:31.075+0000] {processor.py:208} INFO - Processing /home/airflow/.local/lib/python3.12/site-packages/airflow/example_dags/example_xcomargs.py took 0.121 seconds
[2025-01-10T01:03:01.576+0000] {processor.py:186} INFO - Started process (PID=213) to work on /home/airflow/.local/lib/python3.12/site-packages/airflow/example_dags/example_xcomargs.py
[2025-01-10T01:03:01.578+0000] {processor.py:914} INFO - Processing file /home/airflow/.local/lib/python3.12/site-packages/airflow/example_dags/example_xcomargs.py for tasks to queue
[2025-01-10T01:03:01.580+0000] {logging_mixin.py:190} INFO - [2025-01-10T01:03:01.580+0000] {dagbag.py:588} INFO - Filling up the DagBag from /home/airflow/.local/lib/python3.12/site-packages/airflow/example_dags/example_xcomargs.py
[2025-01-10T01:03:01.591+0000] {processor.py:925} INFO - DAG(s) 'example_xcom_args_with_operators', 'example_xcom_args' retrieved from /home/airflow/.local/lib/python3.12/site-packages/airflow/example_dags/example_xcomargs.py
[2025-01-10T01:03:01.620+0000] {logging_mixin.py:190} INFO - [2025-01-10T01:03:01.620+0000] {dag.py:3239} INFO - Sync 2 DAGs
[2025-01-10T01:03:01.636+0000] {logging_mixin.py:190} INFO - [2025-01-10T01:03:01.636+0000] {dag.py:4180} INFO - Setting next_dagrun for example_xcom_args to None, run_after=None
[2025-01-10T01:03:01.641+0000] {logging_mixin.py:190} INFO - [2025-01-10T01:03:01.641+0000] {dag.py:4180} INFO - Setting next_dagrun for example_xcom_args_with_operators to None, run_after=None
[2025-01-10T01:03:01.666+0000] {processor.py:208} INFO - Processing /home/airflow/.local/lib/python3.12/site-packages/airflow/example_dags/example_xcomargs.py took 0.096 seconds
[2025-01-10T01:03:32.886+0000] {processor.py:186} INFO - Started process (PID=276) to work on /home/airflow/.local/lib/python3.12/site-packages/airflow/example_dags/example_xcomargs.py
[2025-01-10T01:03:32.887+0000] {processor.py:914} INFO - Processing file /home/airflow/.local/lib/python3.12/site-packages/airflow/example_dags/example_xcomargs.py for tasks to queue
[2025-01-10T01:03:32.889+0000] {logging_mixin.py:190} INFO - [2025-01-10T01:03:32.889+0000] {dagbag.py:588} INFO - Filling up the DagBag from /home/airflow/.local/lib/python3.12/site-packages/airflow/example_dags/example_xcomargs.py
[2025-01-10T01:03:32.898+0000] {processor.py:925} INFO - DAG(s) 'example_xcom_args_with_operators', 'example_xcom_args' retrieved from /home/airflow/.local/lib/python3.12/site-packages/airflow/example_dags/example_xcomargs.py
[2025-01-10T01:03:32.921+0000] {logging_mixin.py:190} INFO - [2025-01-10T01:03:32.920+0000] {dag.py:3239} INFO - Sync 2 DAGs
[2025-01-10T01:03:32.937+0000] {logging_mixin.py:190} INFO - [2025-01-10T01:03:32.937+0000] {dag.py:4180} INFO - Setting next_dagrun for example_xcom_args to None, run_after=None
[2025-01-10T01:03:32.941+0000] {logging_mixin.py:190} INFO - [2025-01-10T01:03:32.941+0000] {dag.py:4180} INFO - Setting next_dagrun for example_xcom_args_with_operators to None, run_after=None
[2025-01-10T01:03:32.962+0000] {processor.py:208} INFO - Processing /home/airflow/.local/lib/python3.12/site-packages/airflow/example_dags/example_xcomargs.py took 0.081 seconds
[2025-01-10T01:04:04.021+0000] {processor.py:186} INFO - Started process (PID=339) to work on /home/airflow/.local/lib/python3.12/site-packages/airflow/example_dags/example_xcomargs.py
[2025-01-10T01:04:04.022+0000] {processor.py:914} INFO - Processing file /home/airflow/.local/lib/python3.12/site-packages/airflow/example_dags/example_xcomargs.py for tasks to queue
[2025-01-10T01:04:04.025+0000] {logging_mixin.py:190} INFO - [2025-01-10T01:04:04.025+0000] {dagbag.py:588} INFO - Filling up the DagBag from /home/airflow/.local/lib/python3.12/site-packages/airflow/example_dags/example_xcomargs.py
[2025-01-10T01:04:04.036+0000] {processor.py:925} INFO - DAG(s) 'example_xcom_args_with_operators', 'example_xcom_args' retrieved from /home/airflow/.local/lib/python3.12/site-packages/airflow/example_dags/example_xcomargs.py
[2025-01-10T01:04:04.061+0000] {logging_mixin.py:190} INFO - [2025-01-10T01:04:04.060+0000] {dag.py:3239} INFO - Sync 2 DAGs
[2025-01-10T01:04:04.076+0000] {logging_mixin.py:190} INFO - [2025-01-10T01:04:04.076+0000] {dag.py:4180} INFO - Setting next_dagrun for example_xcom_args to None, run_after=None
[2025-01-10T01:04:04.080+0000] {logging_mixin.py:190} INFO - [2025-01-10T01:04:04.080+0000] {dag.py:4180} INFO - Setting next_dagrun for example_xcom_args_with_operators to None, run_after=None
[2025-01-10T01:04:04.099+0000] {processor.py:208} INFO - Processing /home/airflow/.local/lib/python3.12/site-packages/airflow/example_dags/example_xcomargs.py took 0.084 seconds
[2025-01-10T01:04:34.663+0000] {processor.py:186} INFO - Started process (PID=401) to work on /home/airflow/.local/lib/python3.12/site-packages/airflow/example_dags/example_xcomargs.py
[2025-01-10T01:04:34.664+0000] {processor.py:914} INFO - Processing file /home/airflow/.local/lib/python3.12/site-packages/airflow/example_dags/example_xcomargs.py for tasks to queue
[2025-01-10T01:04:34.667+0000] {logging_mixin.py:190} INFO - [2025-01-10T01:04:34.666+0000] {dagbag.py:588} INFO - Filling up the DagBag from /home/airflow/.local/lib/python3.12/site-packages/airflow/example_dags/example_xcomargs.py
[2025-01-10T01:04:34.676+0000] {processor.py:925} INFO - DAG(s) 'example_xcom_args_with_operators', 'example_xcom_args' retrieved from /home/airflow/.local/lib/python3.12/site-packages/airflow/example_dags/example_xcomargs.py
[2025-01-10T01:04:34.698+0000] {logging_mixin.py:190} INFO - [2025-01-10T01:04:34.698+0000] {dag.py:3239} INFO - Sync 2 DAGs
[2025-01-10T01:04:34.713+0000] {logging_mixin.py:190} INFO - [2025-01-10T01:04:34.713+0000] {dag.py:4180} INFO - Setting next_dagrun for example_xcom_args to None, run_after=None
[2025-01-10T01:04:34.717+0000] {logging_mixin.py:190} INFO - [2025-01-10T01:04:34.717+0000] {dag.py:4180} INFO - Setting next_dagrun for example_xcom_args_with_operators to None, run_after=None
[2025-01-10T01:04:34.783+0000] {processor.py:208} INFO - Processing /home/airflow/.local/lib/python3.12/site-packages/airflow/example_dags/example_xcomargs.py took 0.124 seconds
[2025-01-10T01:05:05.220+0000] {processor.py:186} INFO - Started process (PID=464) to work on /home/airflow/.local/lib/python3.12/site-packages/airflow/example_dags/example_xcomargs.py
[2025-01-10T01:05:05.220+0000] {processor.py:914} INFO - Processing file /home/airflow/.local/lib/python3.12/site-packages/airflow/example_dags/example_xcomargs.py for tasks to queue
[2025-01-10T01:05:05.223+0000] {logging_mixin.py:190} INFO - [2025-01-10T01:05:05.222+0000] {dagbag.py:588} INFO - Filling up the DagBag from /home/airflow/.local/lib/python3.12/site-packages/airflow/example_dags/example_xcomargs.py
[2025-01-10T01:05:05.233+0000] {processor.py:925} INFO - DAG(s) 'example_xcom_args', 'example_xcom_args_with_operators' retrieved from /home/airflow/.local/lib/python3.12/site-packages/airflow/example_dags/example_xcomargs.py
[2025-01-10T01:05:05.253+0000] {logging_mixin.py:190} INFO - [2025-01-10T01:05:05.253+0000] {dag.py:3239} INFO - Sync 2 DAGs
[2025-01-10T01:05:05.268+0000] {logging_mixin.py:190} INFO - [2025-01-10T01:05:05.267+0000] {dag.py:4180} INFO - Setting next_dagrun for example_xcom_args to None, run_after=None
[2025-01-10T01:05:05.273+0000] {logging_mixin.py:190} INFO - [2025-01-10T01:05:05.273+0000] {dag.py:4180} INFO - Setting next_dagrun for example_xcom_args_with_operators to None, run_after=None
[2025-01-10T01:05:05.293+0000] {processor.py:208} INFO - Processing /home/airflow/.local/lib/python3.12/site-packages/airflow/example_dags/example_xcomargs.py took 0.078 seconds
[2025-01-10T01:05:35.624+0000] {processor.py:186} INFO - Started process (PID=527) to work on /home/airflow/.local/lib/python3.12/site-packages/airflow/example_dags/example_xcomargs.py
[2025-01-10T01:05:35.625+0000] {processor.py:914} INFO - Processing file /home/airflow/.local/lib/python3.12/site-packages/airflow/example_dags/example_xcomargs.py for tasks to queue
[2025-01-10T01:05:35.627+0000] {logging_mixin.py:190} INFO - [2025-01-10T01:05:35.627+0000] {dagbag.py:588} INFO - Filling up the DagBag from /home/airflow/.local/lib/python3.12/site-packages/airflow/example_dags/example_xcomargs.py
[2025-01-10T01:05:35.636+0000] {processor.py:925} INFO - DAG(s) 'example_xcom_args', 'example_xcom_args_with_operators' retrieved from /home/airflow/.local/lib/python3.12/site-packages/airflow/example_dags/example_xcomargs.py
[2025-01-10T01:05:35.658+0000] {logging_mixin.py:190} INFO - [2025-01-10T01:05:35.658+0000] {dag.py:3239} INFO - Sync 2 DAGs
[2025-01-10T01:05:35.672+0000] {logging_mixin.py:190} INFO - [2025-01-10T01:05:35.671+0000] {dag.py:4180} INFO - Setting next_dagrun for example_xcom_args to None, run_after=None
[2025-01-10T01:05:35.676+0000] {logging_mixin.py:190} INFO - [2025-01-10T01:05:35.675+0000] {dag.py:4180} INFO - Setting next_dagrun for example_xcom_args_with_operators to None, run_after=None
[2025-01-10T01:05:35.727+0000] {processor.py:208} INFO - Processing /home/airflow/.local/lib/python3.12/site-packages/airflow/example_dags/example_xcomargs.py took 0.108 seconds
[2025-01-10T01:06:05.998+0000] {processor.py:186} INFO - Started process (PID=590) to work on /home/airflow/.local/lib/python3.12/site-packages/airflow/example_dags/example_xcomargs.py
[2025-01-10T01:06:05.999+0000] {processor.py:914} INFO - Processing file /home/airflow/.local/lib/python3.12/site-packages/airflow/example_dags/example_xcomargs.py for tasks to queue
[2025-01-10T01:06:06.002+0000] {logging_mixin.py:190} INFO - [2025-01-10T01:06:06.002+0000] {dagbag.py:588} INFO - Filling up the DagBag from /home/airflow/.local/lib/python3.12/site-packages/airflow/example_dags/example_xcomargs.py
[2025-01-10T01:06:06.015+0000] {processor.py:925} INFO - DAG(s) 'example_xcom_args', 'example_xcom_args_with_operators' retrieved from /home/airflow/.local/lib/python3.12/site-packages/airflow/example_dags/example_xcomargs.py
[2025-01-10T01:06:06.045+0000] {logging_mixin.py:190} INFO - [2025-01-10T01:06:06.045+0000] {dag.py:3239} INFO - Sync 2 DAGs
[2025-01-10T01:06:06.065+0000] {logging_mixin.py:190} INFO - [2025-01-10T01:06:06.065+0000] {dag.py:4180} INFO - Setting next_dagrun for example_xcom_args to None, run_after=None
[2025-01-10T01:06:06.070+0000] {logging_mixin.py:190} INFO - [2025-01-10T01:06:06.070+0000] {dag.py:4180} INFO - Setting next_dagrun for example_xcom_args_with_operators to None, run_after=None
[2025-01-10T01:06:06.088+0000] {processor.py:208} INFO - Processing /home/airflow/.local/lib/python3.12/site-packages/airflow/example_dags/example_xcomargs.py took 0.097 seconds
[2025-01-10T01:06:36.900+0000] {processor.py:186} INFO - Started process (PID=653) to work on /home/airflow/.local/lib/python3.12/site-packages/airflow/example_dags/example_xcomargs.py
[2025-01-10T01:06:36.901+0000] {processor.py:914} INFO - Processing file /home/airflow/.local/lib/python3.12/site-packages/airflow/example_dags/example_xcomargs.py for tasks to queue
[2025-01-10T01:06:36.904+0000] {logging_mixin.py:190} INFO - [2025-01-10T01:06:36.903+0000] {dagbag.py:588} INFO - Filling up the DagBag from /home/airflow/.local/lib/python3.12/site-packages/airflow/example_dags/example_xcomargs.py
[2025-01-10T01:06:36.913+0000] {processor.py:925} INFO - DAG(s) 'example_xcom_args', 'example_xcom_args_with_operators' retrieved from /home/airflow/.local/lib/python3.12/site-packages/airflow/example_dags/example_xcomargs.py
[2025-01-10T01:06:36.934+0000] {logging_mixin.py:190} INFO - [2025-01-10T01:06:36.934+0000] {dag.py:3239} INFO - Sync 2 DAGs
[2025-01-10T01:06:36.949+0000] {logging_mixin.py:190} INFO - [2025-01-10T01:06:36.949+0000] {dag.py:4180} INFO - Setting next_dagrun for example_xcom_args to None, run_after=None
[2025-01-10T01:06:36.953+0000] {logging_mixin.py:190} INFO - [2025-01-10T01:06:36.953+0000] {dag.py:4180} INFO - Setting next_dagrun for example_xcom_args_with_operators to None, run_after=None
[2025-01-10T01:06:36.970+0000] {processor.py:208} INFO - Processing /home/airflow/.local/lib/python3.12/site-packages/airflow/example_dags/example_xcomargs.py took 0.075 seconds
[2025-01-10T01:07:07.213+0000] {processor.py:186} INFO - Started process (PID=715) to work on /home/airflow/.local/lib/python3.12/site-packages/airflow/example_dags/example_xcomargs.py
[2025-01-10T01:07:07.214+0000] {processor.py:914} INFO - Processing file /home/airflow/.local/lib/python3.12/site-packages/airflow/example_dags/example_xcomargs.py for tasks to queue
[2025-01-10T01:07:07.217+0000] {logging_mixin.py:190} INFO - [2025-01-10T01:07:07.216+0000] {dagbag.py:588} INFO - Filling up the DagBag from /home/airflow/.local/lib/python3.12/site-packages/airflow/example_dags/example_xcomargs.py
[2025-01-10T01:07:07.227+0000] {processor.py:925} INFO - DAG(s) 'example_xcom_args_with_operators', 'example_xcom_args' retrieved from /home/airflow/.local/lib/python3.12/site-packages/airflow/example_dags/example_xcomargs.py
[2025-01-10T01:07:07.249+0000] {logging_mixin.py:190} INFO - [2025-01-10T01:07:07.249+0000] {dag.py:3239} INFO - Sync 2 DAGs
[2025-01-10T01:07:07.265+0000] {logging_mixin.py:190} INFO - [2025-01-10T01:07:07.264+0000] {dag.py:4180} INFO - Setting next_dagrun for example_xcom_args to None, run_after=None
[2025-01-10T01:07:07.269+0000] {logging_mixin.py:190} INFO - [2025-01-10T01:07:07.268+0000] {dag.py:4180} INFO - Setting next_dagrun for example_xcom_args_with_operators to None, run_after=None
[2025-01-10T01:07:07.286+0000] {processor.py:208} INFO - Processing /home/airflow/.local/lib/python3.12/site-packages/airflow/example_dags/example_xcomargs.py took 0.079 seconds
[2025-01-10T01:07:38.215+0000] {processor.py:186} INFO - Started process (PID=778) to work on /home/airflow/.local/lib/python3.12/site-packages/airflow/example_dags/example_xcomargs.py
[2025-01-10T01:07:38.216+0000] {processor.py:914} INFO - Processing file /home/airflow/.local/lib/python3.12/site-packages/airflow/example_dags/example_xcomargs.py for tasks to queue
[2025-01-10T01:07:38.218+0000] {logging_mixin.py:190} INFO - [2025-01-10T01:07:38.218+0000] {dagbag.py:588} INFO - Filling up the DagBag from /home/airflow/.local/lib/python3.12/site-packages/airflow/example_dags/example_xcomargs.py
[2025-01-10T01:07:38.228+0000] {processor.py:925} INFO - DAG(s) 'example_xcom_args_with_operators', 'example_xcom_args' retrieved from /home/airflow/.local/lib/python3.12/site-packages/airflow/example_dags/example_xcomargs.py
[2025-01-10T01:07:38.252+0000] {logging_mixin.py:190} INFO - [2025-01-10T01:07:38.252+0000] {dag.py:3239} INFO - Sync 2 DAGs
[2025-01-10T01:07:38.269+0000] {logging_mixin.py:190} INFO - [2025-01-10T01:07:38.269+0000] {dag.py:4180} INFO - Setting next_dagrun for example_xcom_args to None, run_after=None
[2025-01-10T01:07:38.275+0000] {logging_mixin.py:190} INFO - [2025-01-10T01:07:38.275+0000] {dag.py:4180} INFO - Setting next_dagrun for example_xcom_args_with_operators to None, run_after=None
[2025-01-10T01:07:38.295+0000] {processor.py:208} INFO - Processing /home/airflow/.local/lib/python3.12/site-packages/airflow/example_dags/example_xcomargs.py took 0.085 seconds
[2025-01-10T01:08:09.545+0000] {processor.py:186} INFO - Started process (PID=841) to work on /home/airflow/.local/lib/python3.12/site-packages/airflow/example_dags/example_xcomargs.py
[2025-01-10T01:08:09.546+0000] {processor.py:914} INFO - Processing file /home/airflow/.local/lib/python3.12/site-packages/airflow/example_dags/example_xcomargs.py for tasks to queue
[2025-01-10T01:08:09.550+0000] {logging_mixin.py:190} INFO - [2025-01-10T01:08:09.550+0000] {dagbag.py:588} INFO - Filling up the DagBag from /home/airflow/.local/lib/python3.12/site-packages/airflow/example_dags/example_xcomargs.py
[2025-01-10T01:08:09.568+0000] {processor.py:925} INFO - DAG(s) 'example_xcom_args', 'example_xcom_args_with_operators' retrieved from /home/airflow/.local/lib/python3.12/site-packages/airflow/example_dags/example_xcomargs.py
[2025-01-10T01:08:09.617+0000] {logging_mixin.py:190} INFO - [2025-01-10T01:08:09.613+0000] {dag.py:3239} INFO - Sync 2 DAGs
[2025-01-10T01:08:09.649+0000] {logging_mixin.py:190} INFO - [2025-01-10T01:08:09.648+0000] {dag.py:4180} INFO - Setting next_dagrun for example_xcom_args to None, run_after=None
[2025-01-10T01:08:09.658+0000] {logging_mixin.py:190} INFO - [2025-01-10T01:08:09.658+0000] {dag.py:4180} INFO - Setting next_dagrun for example_xcom_args_with_operators to None, run_after=None
[2025-01-10T01:08:09.686+0000] {processor.py:208} INFO - Processing /home/airflow/.local/lib/python3.12/site-packages/airflow/example_dags/example_xcomargs.py took 0.150 seconds
[2025-01-10T01:08:40.662+0000] {processor.py:186} INFO - Started process (PID=904) to work on /home/airflow/.local/lib/python3.12/site-packages/airflow/example_dags/example_xcomargs.py
[2025-01-10T01:08:40.663+0000] {processor.py:914} INFO - Processing file /home/airflow/.local/lib/python3.12/site-packages/airflow/example_dags/example_xcomargs.py for tasks to queue
[2025-01-10T01:08:40.666+0000] {logging_mixin.py:190} INFO - [2025-01-10T01:08:40.666+0000] {dagbag.py:588} INFO - Filling up the DagBag from /home/airflow/.local/lib/python3.12/site-packages/airflow/example_dags/example_xcomargs.py
[2025-01-10T01:08:40.676+0000] {processor.py:925} INFO - DAG(s) 'example_xcom_args', 'example_xcom_args_with_operators' retrieved from /home/airflow/.local/lib/python3.12/site-packages/airflow/example_dags/example_xcomargs.py
[2025-01-10T01:08:40.700+0000] {logging_mixin.py:190} INFO - [2025-01-10T01:08:40.700+0000] {dag.py:3239} INFO - Sync 2 DAGs
[2025-01-10T01:08:40.714+0000] {logging_mixin.py:190} INFO - [2025-01-10T01:08:40.714+0000] {dag.py:4180} INFO - Setting next_dagrun for example_xcom_args to None, run_after=None
[2025-01-10T01:08:40.718+0000] {logging_mixin.py:190} INFO - [2025-01-10T01:08:40.718+0000] {dag.py:4180} INFO - Setting next_dagrun for example_xcom_args_with_operators to None, run_after=None
[2025-01-10T01:08:40.760+0000] {processor.py:208} INFO - Processing /home/airflow/.local/lib/python3.12/site-packages/airflow/example_dags/example_xcomargs.py took 0.104 seconds
[2025-01-10T01:09:10.948+0000] {processor.py:186} INFO - Started process (PID=967) to work on /home/airflow/.local/lib/python3.12/site-packages/airflow/example_dags/example_xcomargs.py
[2025-01-10T01:09:10.949+0000] {processor.py:914} INFO - Processing file /home/airflow/.local/lib/python3.12/site-packages/airflow/example_dags/example_xcomargs.py for tasks to queue
[2025-01-10T01:09:10.952+0000] {logging_mixin.py:190} INFO - [2025-01-10T01:09:10.952+0000] {dagbag.py:588} INFO - Filling up the DagBag from /home/airflow/.local/lib/python3.12/site-packages/airflow/example_dags/example_xcomargs.py
[2025-01-10T01:09:10.961+0000] {processor.py:925} INFO - DAG(s) 'example_xcom_args_with_operators', 'example_xcom_args' retrieved from /home/airflow/.local/lib/python3.12/site-packages/airflow/example_dags/example_xcomargs.py
[2025-01-10T01:09:10.983+0000] {logging_mixin.py:190} INFO - [2025-01-10T01:09:10.982+0000] {dag.py:3239} INFO - Sync 2 DAGs
[2025-01-10T01:09:10.996+0000] {logging_mixin.py:190} INFO - [2025-01-10T01:09:10.996+0000] {dag.py:4180} INFO - Setting next_dagrun for example_xcom_args to None, run_after=None
[2025-01-10T01:09:11.000+0000] {logging_mixin.py:190} INFO - [2025-01-10T01:09:11.000+0000] {dag.py:4180} INFO - Setting next_dagrun for example_xcom_args_with_operators to None, run_after=None
[2025-01-10T01:09:11.047+0000] {processor.py:208} INFO - Processing /home/airflow/.local/lib/python3.12/site-packages/airflow/example_dags/example_xcomargs.py took 0.105 seconds
[2025-01-10T01:09:41.533+0000] {processor.py:186} INFO - Started process (PID=1030) to work on /home/airflow/.local/lib/python3.12/site-packages/airflow/example_dags/example_xcomargs.py
[2025-01-10T01:09:41.534+0000] {processor.py:914} INFO - Processing file /home/airflow/.local/lib/python3.12/site-packages/airflow/example_dags/example_xcomargs.py for tasks to queue
[2025-01-10T01:09:41.536+0000] {logging_mixin.py:190} INFO - [2025-01-10T01:09:41.535+0000] {dagbag.py:588} INFO - Filling up the DagBag from /home/airflow/.local/lib/python3.12/site-packages/airflow/example_dags/example_xcomargs.py
[2025-01-10T01:09:41.545+0000] {processor.py:925} INFO - DAG(s) 'example_xcom_args', 'example_xcom_args_with_operators' retrieved from /home/airflow/.local/lib/python3.12/site-packages/airflow/example_dags/example_xcomargs.py
[2025-01-10T01:09:41.574+0000] {logging_mixin.py:190} INFO - [2025-01-10T01:09:41.574+0000] {dag.py:3239} INFO - Sync 2 DAGs
[2025-01-10T01:09:41.591+0000] {logging_mixin.py:190} INFO - [2025-01-10T01:09:41.591+0000] {dag.py:4180} INFO - Setting next_dagrun for example_xcom_args to None, run_after=None
[2025-01-10T01:09:41.595+0000] {logging_mixin.py:190} INFO - [2025-01-10T01:09:41.595+0000] {dag.py:4180} INFO - Setting next_dagrun for example_xcom_args_with_operators to None, run_after=None
[2025-01-10T01:09:41.617+0000] {processor.py:208} INFO - Processing /home/airflow/.local/lib/python3.12/site-packages/airflow/example_dags/example_xcomargs.py took 0.090 seconds
[2025-01-10T01:10:11.765+0000] {processor.py:186} INFO - Started process (PID=1093) to work on /home/airflow/.local/lib/python3.12/site-packages/airflow/example_dags/example_xcomargs.py
[2025-01-10T01:10:11.766+0000] {processor.py:914} INFO - Processing file /home/airflow/.local/lib/python3.12/site-packages/airflow/example_dags/example_xcomargs.py for tasks to queue
[2025-01-10T01:10:11.768+0000] {logging_mixin.py:190} INFO - [2025-01-10T01:10:11.768+0000] {dagbag.py:588} INFO - Filling up the DagBag from /home/airflow/.local/lib/python3.12/site-packages/airflow/example_dags/example_xcomargs.py
[2025-01-10T01:10:11.777+0000] {processor.py:925} INFO - DAG(s) 'example_xcom_args', 'example_xcom_args_with_operators' retrieved from /home/airflow/.local/lib/python3.12/site-packages/airflow/example_dags/example_xcomargs.py
[2025-01-10T01:10:11.798+0000] {logging_mixin.py:190} INFO - [2025-01-10T01:10:11.798+0000] {dag.py:3239} INFO - Sync 2 DAGs
[2025-01-10T01:10:11.813+0000] {logging_mixin.py:190} INFO - [2025-01-10T01:10:11.813+0000] {dag.py:4180} INFO - Setting next_dagrun for example_xcom_args to None, run_after=None
[2025-01-10T01:10:11.817+0000] {logging_mixin.py:190} INFO - [2025-01-10T01:10:11.817+0000] {dag.py:4180} INFO - Setting next_dagrun for example_xcom_args_with_operators to None, run_after=None
[2025-01-10T01:10:11.862+0000] {processor.py:208} INFO - Processing /home/airflow/.local/lib/python3.12/site-packages/airflow/example_dags/example_xcomargs.py took 0.102 seconds
[2025-01-10T01:10:42.089+0000] {processor.py:186} INFO - Started process (PID=1156) to work on /home/airflow/.local/lib/python3.12/site-packages/airflow/example_dags/example_xcomargs.py
[2025-01-10T01:10:42.090+0000] {processor.py:914} INFO - Processing file /home/airflow/.local/lib/python3.12/site-packages/airflow/example_dags/example_xcomargs.py for tasks to queue
[2025-01-10T01:10:42.093+0000] {logging_mixin.py:190} INFO - [2025-01-10T01:10:42.092+0000] {dagbag.py:588} INFO - Filling up the DagBag from /home/airflow/.local/lib/python3.12/site-packages/airflow/example_dags/example_xcomargs.py
[2025-01-10T01:10:42.103+0000] {processor.py:925} INFO - DAG(s) 'example_xcom_args_with_operators', 'example_xcom_args' retrieved from /home/airflow/.local/lib/python3.12/site-packages/airflow/example_dags/example_xcomargs.py
[2025-01-10T01:10:42.128+0000] {logging_mixin.py:190} INFO - [2025-01-10T01:10:42.128+0000] {dag.py:3239} INFO - Sync 2 DAGs
[2025-01-10T01:10:42.144+0000] {logging_mixin.py:190} INFO - [2025-01-10T01:10:42.144+0000] {dag.py:4180} INFO - Setting next_dagrun for example_xcom_args to None, run_after=None
[2025-01-10T01:10:42.148+0000] {logging_mixin.py:190} INFO - [2025-01-10T01:10:42.148+0000] {dag.py:4180} INFO - Setting next_dagrun for example_xcom_args_with_operators to None, run_after=None
[2025-01-10T01:10:42.167+0000] {processor.py:208} INFO - Processing /home/airflow/.local/lib/python3.12/site-packages/airflow/example_dags/example_xcomargs.py took 0.083 seconds
[2025-01-10T01:11:12.295+0000] {processor.py:186} INFO - Started process (PID=1219) to work on /home/airflow/.local/lib/python3.12/site-packages/airflow/example_dags/example_xcomargs.py
[2025-01-10T01:11:12.296+0000] {processor.py:914} INFO - Processing file /home/airflow/.local/lib/python3.12/site-packages/airflow/example_dags/example_xcomargs.py for tasks to queue
[2025-01-10T01:11:12.300+0000] {logging_mixin.py:190} INFO - [2025-01-10T01:11:12.300+0000] {dagbag.py:588} INFO - Filling up the DagBag from /home/airflow/.local/lib/python3.12/site-packages/airflow/example_dags/example_xcomargs.py
[2025-01-10T01:11:12.318+0000] {processor.py:925} INFO - DAG(s) 'example_xcom_args_with_operators', 'example_xcom_args' retrieved from /home/airflow/.local/lib/python3.12/site-packages/airflow/example_dags/example_xcomargs.py
[2025-01-10T01:11:12.355+0000] {logging_mixin.py:190} INFO - [2025-01-10T01:11:12.354+0000] {dag.py:3239} INFO - Sync 2 DAGs
[2025-01-10T01:11:12.380+0000] {logging_mixin.py:190} INFO - [2025-01-10T01:11:12.380+0000] {dag.py:4180} INFO - Setting next_dagrun for example_xcom_args to None, run_after=None
[2025-01-10T01:11:12.386+0000] {logging_mixin.py:190} INFO - [2025-01-10T01:11:12.385+0000] {dag.py:4180} INFO - Setting next_dagrun for example_xcom_args_with_operators to None, run_after=None
[2025-01-10T01:11:12.411+0000] {processor.py:208} INFO - Processing /home/airflow/.local/lib/python3.12/site-packages/airflow/example_dags/example_xcomargs.py took 0.122 seconds
[2025-01-10T01:11:43.296+0000] {processor.py:186} INFO - Started process (PID=1282) to work on /home/airflow/.local/lib/python3.12/site-packages/airflow/example_dags/example_xcomargs.py
[2025-01-10T01:11:43.297+0000] {processor.py:914} INFO - Processing file /home/airflow/.local/lib/python3.12/site-packages/airflow/example_dags/example_xcomargs.py for tasks to queue
[2025-01-10T01:11:43.300+0000] {logging_mixin.py:190} INFO - [2025-01-10T01:11:43.300+0000] {dagbag.py:588} INFO - Filling up the DagBag from /home/airflow/.local/lib/python3.12/site-packages/airflow/example_dags/example_xcomargs.py
[2025-01-10T01:11:43.314+0000] {processor.py:925} INFO - DAG(s) 'example_xcom_args', 'example_xcom_args_with_operators' retrieved from /home/airflow/.local/lib/python3.12/site-packages/airflow/example_dags/example_xcomargs.py
[2025-01-10T01:11:43.342+0000] {logging_mixin.py:190} INFO - [2025-01-10T01:11:43.341+0000] {dag.py:3239} INFO - Sync 2 DAGs
[2025-01-10T01:11:43.360+0000] {logging_mixin.py:190} INFO - [2025-01-10T01:11:43.360+0000] {dag.py:4180} INFO - Setting next_dagrun for example_xcom_args to None, run_after=None
[2025-01-10T01:11:43.365+0000] {logging_mixin.py:190} INFO - [2025-01-10T01:11:43.365+0000] {dag.py:4180} INFO - Setting next_dagrun for example_xcom_args_with_operators to None, run_after=None
[2025-01-10T01:11:43.405+0000] {processor.py:208} INFO - Processing /home/airflow/.local/lib/python3.12/site-packages/airflow/example_dags/example_xcomargs.py took 0.117 seconds
[2025-01-10T01:12:13.453+0000] {processor.py:186} INFO - Started process (PID=1345) to work on /home/airflow/.local/lib/python3.12/site-packages/airflow/example_dags/example_xcomargs.py
[2025-01-10T01:12:13.454+0000] {processor.py:914} INFO - Processing file /home/airflow/.local/lib/python3.12/site-packages/airflow/example_dags/example_xcomargs.py for tasks to queue
[2025-01-10T01:12:13.456+0000] {logging_mixin.py:190} INFO - [2025-01-10T01:12:13.456+0000] {dagbag.py:588} INFO - Filling up the DagBag from /home/airflow/.local/lib/python3.12/site-packages/airflow/example_dags/example_xcomargs.py
[2025-01-10T01:12:13.467+0000] {processor.py:925} INFO - DAG(s) 'example_xcom_args', 'example_xcom_args_with_operators' retrieved from /home/airflow/.local/lib/python3.12/site-packages/airflow/example_dags/example_xcomargs.py
[2025-01-10T01:12:13.491+0000] {logging_mixin.py:190} INFO - [2025-01-10T01:12:13.490+0000] {dag.py:3239} INFO - Sync 2 DAGs
[2025-01-10T01:12:13.505+0000] {logging_mixin.py:190} INFO - [2025-01-10T01:12:13.505+0000] {dag.py:4180} INFO - Setting next_dagrun for example_xcom_args to None, run_after=None
[2025-01-10T01:12:13.510+0000] {logging_mixin.py:190} INFO - [2025-01-10T01:12:13.509+0000] {dag.py:4180} INFO - Setting next_dagrun for example_xcom_args_with_operators to None, run_after=None
[2025-01-10T01:12:13.528+0000] {processor.py:208} INFO - Processing /home/airflow/.local/lib/python3.12/site-packages/airflow/example_dags/example_xcomargs.py took 0.081 seconds
[2025-01-10T01:12:44.099+0000] {processor.py:186} INFO - Started process (PID=1408) to work on /home/airflow/.local/lib/python3.12/site-packages/airflow/example_dags/example_xcomargs.py
[2025-01-10T01:12:44.100+0000] {processor.py:914} INFO - Processing file /home/airflow/.local/lib/python3.12/site-packages/airflow/example_dags/example_xcomargs.py for tasks to queue
[2025-01-10T01:12:44.102+0000] {logging_mixin.py:190} INFO - [2025-01-10T01:12:44.102+0000] {dagbag.py:588} INFO - Filling up the DagBag from /home/airflow/.local/lib/python3.12/site-packages/airflow/example_dags/example_xcomargs.py
[2025-01-10T01:12:44.111+0000] {processor.py:925} INFO - DAG(s) 'example_xcom_args_with_operators', 'example_xcom_args' retrieved from /home/airflow/.local/lib/python3.12/site-packages/airflow/example_dags/example_xcomargs.py
[2025-01-10T01:12:44.133+0000] {logging_mixin.py:190} INFO - [2025-01-10T01:12:44.133+0000] {dag.py:3239} INFO - Sync 2 DAGs
[2025-01-10T01:12:44.148+0000] {logging_mixin.py:190} INFO - [2025-01-10T01:12:44.148+0000] {dag.py:4180} INFO - Setting next_dagrun for example_xcom_args to None, run_after=None
[2025-01-10T01:12:44.153+0000] {logging_mixin.py:190} INFO - [2025-01-10T01:12:44.152+0000] {dag.py:4180} INFO - Setting next_dagrun for example_xcom_args_with_operators to None, run_after=None
[2025-01-10T01:12:44.202+0000] {processor.py:208} INFO - Processing /home/airflow/.local/lib/python3.12/site-packages/airflow/example_dags/example_xcomargs.py took 0.109 seconds
[2025-01-10T01:13:14.824+0000] {processor.py:186} INFO - Started process (PID=1471) to work on /home/airflow/.local/lib/python3.12/site-packages/airflow/example_dags/example_xcomargs.py
[2025-01-10T01:13:14.825+0000] {processor.py:914} INFO - Processing file /home/airflow/.local/lib/python3.12/site-packages/airflow/example_dags/example_xcomargs.py for tasks to queue
[2025-01-10T01:13:14.828+0000] {logging_mixin.py:190} INFO - [2025-01-10T01:13:14.827+0000] {dagbag.py:588} INFO - Filling up the DagBag from /home/airflow/.local/lib/python3.12/site-packages/airflow/example_dags/example_xcomargs.py
[2025-01-10T01:13:14.841+0000] {processor.py:925} INFO - DAG(s) 'example_xcom_args_with_operators', 'example_xcom_args' retrieved from /home/airflow/.local/lib/python3.12/site-packages/airflow/example_dags/example_xcomargs.py
[2025-01-10T01:13:14.865+0000] {logging_mixin.py:190} INFO - [2025-01-10T01:13:14.865+0000] {dag.py:3239} INFO - Sync 2 DAGs
[2025-01-10T01:13:14.880+0000] {logging_mixin.py:190} INFO - [2025-01-10T01:13:14.879+0000] {dag.py:4180} INFO - Setting next_dagrun for example_xcom_args to None, run_after=None
[2025-01-10T01:13:14.884+0000] {logging_mixin.py:190} INFO - [2025-01-10T01:13:14.883+0000] {dag.py:4180} INFO - Setting next_dagrun for example_xcom_args_with_operators to None, run_after=None
[2025-01-10T01:13:14.958+0000] {processor.py:208} INFO - Processing /home/airflow/.local/lib/python3.12/site-packages/airflow/example_dags/example_xcomargs.py took 0.141 seconds
[2025-01-10T01:13:45.047+0000] {processor.py:186} INFO - Started process (PID=1534) to work on /home/airflow/.local/lib/python3.12/site-packages/airflow/example_dags/example_xcomargs.py
[2025-01-10T01:13:45.048+0000] {processor.py:914} INFO - Processing file /home/airflow/.local/lib/python3.12/site-packages/airflow/example_dags/example_xcomargs.py for tasks to queue
[2025-01-10T01:13:45.054+0000] {logging_mixin.py:190} INFO - [2025-01-10T01:13:45.053+0000] {dagbag.py:588} INFO - Filling up the DagBag from /home/airflow/.local/lib/python3.12/site-packages/airflow/example_dags/example_xcomargs.py
[2025-01-10T01:13:45.073+0000] {processor.py:925} INFO - DAG(s) 'example_xcom_args', 'example_xcom_args_with_operators' retrieved from /home/airflow/.local/lib/python3.12/site-packages/airflow/example_dags/example_xcomargs.py
[2025-01-10T01:13:45.117+0000] {logging_mixin.py:190} INFO - [2025-01-10T01:13:45.117+0000] {dag.py:3239} INFO - Sync 2 DAGs
[2025-01-10T01:13:45.144+0000] {logging_mixin.py:190} INFO - [2025-01-10T01:13:45.144+0000] {dag.py:4180} INFO - Setting next_dagrun for example_xcom_args to None, run_after=None
[2025-01-10T01:13:45.150+0000] {logging_mixin.py:190} INFO - [2025-01-10T01:13:45.150+0000] {dag.py:4180} INFO - Setting next_dagrun for example_xcom_args_with_operators to None, run_after=None
[2025-01-10T01:13:45.206+0000] {processor.py:208} INFO - Processing /home/airflow/.local/lib/python3.12/site-packages/airflow/example_dags/example_xcomargs.py took 0.168 seconds
[2025-01-10T01:14:15.360+0000] {processor.py:186} INFO - Started process (PID=1597) to work on /home/airflow/.local/lib/python3.12/site-packages/airflow/example_dags/example_xcomargs.py
[2025-01-10T01:14:15.361+0000] {processor.py:914} INFO - Processing file /home/airflow/.local/lib/python3.12/site-packages/airflow/example_dags/example_xcomargs.py for tasks to queue
[2025-01-10T01:14:15.365+0000] {logging_mixin.py:190} INFO - [2025-01-10T01:14:15.365+0000] {dagbag.py:588} INFO - Filling up the DagBag from /home/airflow/.local/lib/python3.12/site-packages/airflow/example_dags/example_xcomargs.py
[2025-01-10T01:14:15.382+0000] {processor.py:925} INFO - DAG(s) 'example_xcom_args_with_operators', 'example_xcom_args' retrieved from /home/airflow/.local/lib/python3.12/site-packages/airflow/example_dags/example_xcomargs.py
[2025-01-10T01:14:15.420+0000] {logging_mixin.py:190} INFO - [2025-01-10T01:14:15.419+0000] {dag.py:3239} INFO - Sync 2 DAGs
[2025-01-10T01:14:15.444+0000] {logging_mixin.py:190} INFO - [2025-01-10T01:14:15.444+0000] {dag.py:4180} INFO - Setting next_dagrun for example_xcom_args to None, run_after=None
[2025-01-10T01:14:15.449+0000] {logging_mixin.py:190} INFO - [2025-01-10T01:14:15.449+0000] {dag.py:4180} INFO - Setting next_dagrun for example_xcom_args_with_operators to None, run_after=None
[2025-01-10T01:14:15.497+0000] {processor.py:208} INFO - Processing /home/airflow/.local/lib/python3.12/site-packages/airflow/example_dags/example_xcomargs.py took 0.145 seconds
[2025-01-10T01:14:46.018+0000] {processor.py:186} INFO - Started process (PID=1660) to work on /home/airflow/.local/lib/python3.12/site-packages/airflow/example_dags/example_xcomargs.py
[2025-01-10T01:14:46.020+0000] {processor.py:914} INFO - Processing file /home/airflow/.local/lib/python3.12/site-packages/airflow/example_dags/example_xcomargs.py for tasks to queue
[2025-01-10T01:14:46.023+0000] {logging_mixin.py:190} INFO - [2025-01-10T01:14:46.022+0000] {dagbag.py:588} INFO - Filling up the DagBag from /home/airflow/.local/lib/python3.12/site-packages/airflow/example_dags/example_xcomargs.py
[2025-01-10T01:14:46.039+0000] {processor.py:925} INFO - DAG(s) 'example_xcom_args_with_operators', 'example_xcom_args' retrieved from /home/airflow/.local/lib/python3.12/site-packages/airflow/example_dags/example_xcomargs.py
[2025-01-10T01:14:46.081+0000] {logging_mixin.py:190} INFO - [2025-01-10T01:14:46.079+0000] {dag.py:3239} INFO - Sync 2 DAGs
[2025-01-10T01:14:46.124+0000] {logging_mixin.py:190} INFO - [2025-01-10T01:14:46.123+0000] {dag.py:4180} INFO - Setting next_dagrun for example_xcom_args to None, run_after=None
[2025-01-10T01:14:46.132+0000] {logging_mixin.py:190} INFO - [2025-01-10T01:14:46.131+0000] {dag.py:4180} INFO - Setting next_dagrun for example_xcom_args_with_operators to None, run_after=None
[2025-01-10T01:14:46.169+0000] {processor.py:208} INFO - Processing /home/airflow/.local/lib/python3.12/site-packages/airflow/example_dags/example_xcomargs.py took 0.158 seconds
[2025-01-10T01:15:16.872+0000] {processor.py:186} INFO - Started process (PID=1723) to work on /home/airflow/.local/lib/python3.12/site-packages/airflow/example_dags/example_xcomargs.py
[2025-01-10T01:15:16.874+0000] {processor.py:914} INFO - Processing file /home/airflow/.local/lib/python3.12/site-packages/airflow/example_dags/example_xcomargs.py for tasks to queue
[2025-01-10T01:15:16.877+0000] {logging_mixin.py:190} INFO - [2025-01-10T01:15:16.876+0000] {dagbag.py:588} INFO - Filling up the DagBag from /home/airflow/.local/lib/python3.12/site-packages/airflow/example_dags/example_xcomargs.py
[2025-01-10T01:15:16.893+0000] {processor.py:925} INFO - DAG(s) 'example_xcom_args', 'example_xcom_args_with_operators' retrieved from /home/airflow/.local/lib/python3.12/site-packages/airflow/example_dags/example_xcomargs.py
[2025-01-10T01:15:16.923+0000] {logging_mixin.py:190} INFO - [2025-01-10T01:15:16.923+0000] {dag.py:3239} INFO - Sync 2 DAGs
[2025-01-10T01:15:16.944+0000] {logging_mixin.py:190} INFO - [2025-01-10T01:15:16.943+0000] {dag.py:4180} INFO - Setting next_dagrun for example_xcom_args to None, run_after=None
[2025-01-10T01:15:16.949+0000] {logging_mixin.py:190} INFO - [2025-01-10T01:15:16.949+0000] {dag.py:4180} INFO - Setting next_dagrun for example_xcom_args_with_operators to None, run_after=None
[2025-01-10T01:15:16.977+0000] {processor.py:208} INFO - Processing /home/airflow/.local/lib/python3.12/site-packages/airflow/example_dags/example_xcomargs.py took 0.112 seconds
[2025-01-10T01:15:47.570+0000] {processor.py:186} INFO - Started process (PID=1786) to work on /home/airflow/.local/lib/python3.12/site-packages/airflow/example_dags/example_xcomargs.py
[2025-01-10T01:15:47.571+0000] {processor.py:914} INFO - Processing file /home/airflow/.local/lib/python3.12/site-packages/airflow/example_dags/example_xcomargs.py for tasks to queue
[2025-01-10T01:15:47.573+0000] {logging_mixin.py:190} INFO - [2025-01-10T01:15:47.573+0000] {dagbag.py:588} INFO - Filling up the DagBag from /home/airflow/.local/lib/python3.12/site-packages/airflow/example_dags/example_xcomargs.py
[2025-01-10T01:15:47.583+0000] {processor.py:925} INFO - DAG(s) 'example_xcom_args_with_operators', 'example_xcom_args' retrieved from /home/airflow/.local/lib/python3.12/site-packages/airflow/example_dags/example_xcomargs.py
[2025-01-10T01:15:47.605+0000] {logging_mixin.py:190} INFO - [2025-01-10T01:15:47.605+0000] {dag.py:3239} INFO - Sync 2 DAGs
[2025-01-10T01:15:47.619+0000] {logging_mixin.py:190} INFO - [2025-01-10T01:15:47.619+0000] {dag.py:4180} INFO - Setting next_dagrun for example_xcom_args to None, run_after=None
[2025-01-10T01:15:47.624+0000] {logging_mixin.py:190} INFO - [2025-01-10T01:15:47.623+0000] {dag.py:4180} INFO - Setting next_dagrun for example_xcom_args_with_operators to None, run_after=None
[2025-01-10T01:15:47.644+0000] {processor.py:208} INFO - Processing /home/airflow/.local/lib/python3.12/site-packages/airflow/example_dags/example_xcomargs.py took 0.080 seconds
[2025-01-10T01:16:18.456+0000] {processor.py:186} INFO - Started process (PID=1849) to work on /home/airflow/.local/lib/python3.12/site-packages/airflow/example_dags/example_xcomargs.py
[2025-01-10T01:16:18.457+0000] {processor.py:914} INFO - Processing file /home/airflow/.local/lib/python3.12/site-packages/airflow/example_dags/example_xcomargs.py for tasks to queue
[2025-01-10T01:16:18.461+0000] {logging_mixin.py:190} INFO - [2025-01-10T01:16:18.460+0000] {dagbag.py:588} INFO - Filling up the DagBag from /home/airflow/.local/lib/python3.12/site-packages/airflow/example_dags/example_xcomargs.py
[2025-01-10T01:16:18.472+0000] {processor.py:925} INFO - DAG(s) 'example_xcom_args', 'example_xcom_args_with_operators' retrieved from /home/airflow/.local/lib/python3.12/site-packages/airflow/example_dags/example_xcomargs.py
[2025-01-10T01:16:18.494+0000] {logging_mixin.py:190} INFO - [2025-01-10T01:16:18.494+0000] {dag.py:3239} INFO - Sync 2 DAGs
[2025-01-10T01:16:18.507+0000] {logging_mixin.py:190} INFO - [2025-01-10T01:16:18.507+0000] {dag.py:4180} INFO - Setting next_dagrun for example_xcom_args to None, run_after=None
[2025-01-10T01:16:18.511+0000] {logging_mixin.py:190} INFO - [2025-01-10T01:16:18.511+0000] {dag.py:4180} INFO - Setting next_dagrun for example_xcom_args_with_operators to None, run_after=None
[2025-01-10T01:16:18.570+0000] {processor.py:208} INFO - Processing /home/airflow/.local/lib/python3.12/site-packages/airflow/example_dags/example_xcomargs.py took 0.121 seconds
[2025-01-10T01:16:48.759+0000] {processor.py:186} INFO - Started process (PID=1912) to work on /home/airflow/.local/lib/python3.12/site-packages/airflow/example_dags/example_xcomargs.py
[2025-01-10T01:16:48.760+0000] {processor.py:914} INFO - Processing file /home/airflow/.local/lib/python3.12/site-packages/airflow/example_dags/example_xcomargs.py for tasks to queue
[2025-01-10T01:16:48.762+0000] {logging_mixin.py:190} INFO - [2025-01-10T01:16:48.762+0000] {dagbag.py:588} INFO - Filling up the DagBag from /home/airflow/.local/lib/python3.12/site-packages/airflow/example_dags/example_xcomargs.py
[2025-01-10T01:16:48.771+0000] {processor.py:925} INFO - DAG(s) 'example_xcom_args', 'example_xcom_args_with_operators' retrieved from /home/airflow/.local/lib/python3.12/site-packages/airflow/example_dags/example_xcomargs.py
[2025-01-10T01:16:48.792+0000] {logging_mixin.py:190} INFO - [2025-01-10T01:16:48.792+0000] {dag.py:3239} INFO - Sync 2 DAGs
[2025-01-10T01:16:48.806+0000] {logging_mixin.py:190} INFO - [2025-01-10T01:16:48.805+0000] {dag.py:4180} INFO - Setting next_dagrun for example_xcom_args to None, run_after=None
[2025-01-10T01:16:48.810+0000] {logging_mixin.py:190} INFO - [2025-01-10T01:16:48.809+0000] {dag.py:4180} INFO - Setting next_dagrun for example_xcom_args_with_operators to None, run_after=None
[2025-01-10T01:16:48.829+0000] {processor.py:208} INFO - Processing /home/airflow/.local/lib/python3.12/site-packages/airflow/example_dags/example_xcomargs.py took 0.076 seconds
[2025-01-10T01:17:19.010+0000] {processor.py:186} INFO - Started process (PID=1975) to work on /home/airflow/.local/lib/python3.12/site-packages/airflow/example_dags/example_xcomargs.py
[2025-01-10T01:17:19.011+0000] {processor.py:914} INFO - Processing file /home/airflow/.local/lib/python3.12/site-packages/airflow/example_dags/example_xcomargs.py for tasks to queue
[2025-01-10T01:17:19.013+0000] {logging_mixin.py:190} INFO - [2025-01-10T01:17:19.013+0000] {dagbag.py:588} INFO - Filling up the DagBag from /home/airflow/.local/lib/python3.12/site-packages/airflow/example_dags/example_xcomargs.py
[2025-01-10T01:17:19.025+0000] {processor.py:925} INFO - DAG(s) 'example_xcom_args', 'example_xcom_args_with_operators' retrieved from /home/airflow/.local/lib/python3.12/site-packages/airflow/example_dags/example_xcomargs.py
[2025-01-10T01:17:19.049+0000] {logging_mixin.py:190} INFO - [2025-01-10T01:17:19.048+0000] {dag.py:3239} INFO - Sync 2 DAGs
[2025-01-10T01:17:19.064+0000] {logging_mixin.py:190} INFO - [2025-01-10T01:17:19.063+0000] {dag.py:4180} INFO - Setting next_dagrun for example_xcom_args to None, run_after=None
[2025-01-10T01:17:19.068+0000] {logging_mixin.py:190} INFO - [2025-01-10T01:17:19.067+0000] {dag.py:4180} INFO - Setting next_dagrun for example_xcom_args_with_operators to None, run_after=None
[2025-01-10T01:17:19.110+0000] {processor.py:208} INFO - Processing /home/airflow/.local/lib/python3.12/site-packages/airflow/example_dags/example_xcomargs.py took 0.105 seconds
[2025-01-10T01:17:49.509+0000] {processor.py:186} INFO - Started process (PID=2038) to work on /home/airflow/.local/lib/python3.12/site-packages/airflow/example_dags/example_xcomargs.py
[2025-01-10T01:17:49.510+0000] {processor.py:914} INFO - Processing file /home/airflow/.local/lib/python3.12/site-packages/airflow/example_dags/example_xcomargs.py for tasks to queue
[2025-01-10T01:17:49.512+0000] {logging_mixin.py:190} INFO - [2025-01-10T01:17:49.512+0000] {dagbag.py:588} INFO - Filling up the DagBag from /home/airflow/.local/lib/python3.12/site-packages/airflow/example_dags/example_xcomargs.py
[2025-01-10T01:17:49.521+0000] {processor.py:925} INFO - DAG(s) 'example_xcom_args', 'example_xcom_args_with_operators' retrieved from /home/airflow/.local/lib/python3.12/site-packages/airflow/example_dags/example_xcomargs.py
[2025-01-10T01:17:49.541+0000] {logging_mixin.py:190} INFO - [2025-01-10T01:17:49.541+0000] {dag.py:3239} INFO - Sync 2 DAGs
[2025-01-10T01:17:49.555+0000] {logging_mixin.py:190} INFO - [2025-01-10T01:17:49.554+0000] {dag.py:4180} INFO - Setting next_dagrun for example_xcom_args to None, run_after=None
[2025-01-10T01:17:49.558+0000] {logging_mixin.py:190} INFO - [2025-01-10T01:17:49.558+0000] {dag.py:4180} INFO - Setting next_dagrun for example_xcom_args_with_operators to None, run_after=None
[2025-01-10T01:17:49.580+0000] {processor.py:208} INFO - Processing /home/airflow/.local/lib/python3.12/site-packages/airflow/example_dags/example_xcomargs.py took 0.076 seconds
