[2025-01-10T00:43:48.912+0000] {processor.py:186} INFO - Started process (PID=88) to work on /home/airflow/.local/lib/python3.12/site-packages/airflow/example_dags/example_display_name.py
[2025-01-10T00:43:48.914+0000] {processor.py:914} INFO - Processing file /home/airflow/.local/lib/python3.12/site-packages/airflow/example_dags/example_display_name.py for tasks to queue
[2025-01-10T00:43:48.922+0000] {logging_mixin.py:190} INFO - [2025-01-10T00:43:48.921+0000] {dagbag.py:588} INFO - Filling up the DagBag from /home/airflow/.local/lib/python3.12/site-packages/airflow/example_dags/example_display_name.py
[2025-01-10T00:43:48.934+0000] {processor.py:925} INFO - DAG(s) 'example_display_name' retrieved from /home/airflow/.local/lib/python3.12/site-packages/airflow/example_dags/example_display_name.py
[2025-01-10T00:43:49.151+0000] {logging_mixin.py:190} INFO - [2025-01-10T00:43:49.150+0000] {override.py:1911} INFO - Created Permission View: can delete on DAG:example_display_name
[2025-01-10T00:43:49.175+0000] {logging_mixin.py:190} INFO - [2025-01-10T00:43:49.174+0000] {override.py:1911} INFO - Created Permission View: can read on DAG:example_display_name
[2025-01-10T00:43:49.192+0000] {logging_mixin.py:190} INFO - [2025-01-10T00:43:49.191+0000] {override.py:1911} INFO - Created Permission View: can edit on DAG:example_display_name
[2025-01-10T00:43:49.208+0000] {logging_mixin.py:190} INFO - [2025-01-10T00:43:49.207+0000] {override.py:1911} INFO - Created Permission View: can delete on DAG Run:example_display_name
[2025-01-10T00:43:49.220+0000] {logging_mixin.py:190} INFO - [2025-01-10T00:43:49.220+0000] {override.py:1911} INFO - Created Permission View: can read on DAG Run:example_display_name
[2025-01-10T00:43:49.235+0000] {logging_mixin.py:190} INFO - [2025-01-10T00:43:49.234+0000] {override.py:1911} INFO - Created Permission View: can create on DAG Run:example_display_name
[2025-01-10T00:43:49.255+0000] {logging_mixin.py:190} INFO - [2025-01-10T00:43:49.255+0000] {override.py:1911} INFO - Created Permission View: menu access on DAG Run:example_display_name
[2025-01-10T00:43:49.257+0000] {logging_mixin.py:190} INFO - [2025-01-10T00:43:49.256+0000] {dag.py:3239} INFO - Sync 1 DAGs
[2025-01-10T00:43:49.276+0000] {logging_mixin.py:190} INFO - [2025-01-10T00:43:49.275+0000] {dag.py:3262} INFO - Creating ORM DAG for example_display_name
[2025-01-10T00:43:49.277+0000] {logging_mixin.py:190} INFO - [2025-01-10T00:43:49.277+0000] {dag.py:4180} INFO - Setting next_dagrun for example_display_name to None, run_after=None
[2025-01-10T00:43:49.302+0000] {processor.py:208} INFO - Processing /home/airflow/.local/lib/python3.12/site-packages/airflow/example_dags/example_display_name.py took 0.405 seconds
[2025-01-10T00:44:19.404+0000] {processor.py:186} INFO - Started process (PID=150) to work on /home/airflow/.local/lib/python3.12/site-packages/airflow/example_dags/example_display_name.py
[2025-01-10T00:44:19.405+0000] {processor.py:914} INFO - Processing file /home/airflow/.local/lib/python3.12/site-packages/airflow/example_dags/example_display_name.py for tasks to queue
[2025-01-10T00:44:19.408+0000] {logging_mixin.py:190} INFO - [2025-01-10T00:44:19.407+0000] {dagbag.py:588} INFO - Filling up the DagBag from /home/airflow/.local/lib/python3.12/site-packages/airflow/example_dags/example_display_name.py
[2025-01-10T00:44:19.418+0000] {processor.py:925} INFO - DAG(s) 'example_display_name' retrieved from /home/airflow/.local/lib/python3.12/site-packages/airflow/example_dags/example_display_name.py
[2025-01-10T00:44:19.440+0000] {logging_mixin.py:190} INFO - [2025-01-10T00:44:19.440+0000] {dag.py:3239} INFO - Sync 1 DAGs
[2025-01-10T00:44:19.458+0000] {logging_mixin.py:190} INFO - [2025-01-10T00:44:19.458+0000] {dag.py:4180} INFO - Setting next_dagrun for example_display_name to None, run_after=None
[2025-01-10T00:44:19.490+0000] {processor.py:208} INFO - Processing /home/airflow/.local/lib/python3.12/site-packages/airflow/example_dags/example_display_name.py took 0.094 seconds
[2025-01-10T00:44:49.956+0000] {processor.py:186} INFO - Started process (PID=213) to work on /home/airflow/.local/lib/python3.12/site-packages/airflow/example_dags/example_display_name.py
[2025-01-10T00:44:49.957+0000] {processor.py:914} INFO - Processing file /home/airflow/.local/lib/python3.12/site-packages/airflow/example_dags/example_display_name.py for tasks to queue
[2025-01-10T00:44:49.961+0000] {logging_mixin.py:190} INFO - [2025-01-10T00:44:49.960+0000] {dagbag.py:588} INFO - Filling up the DagBag from /home/airflow/.local/lib/python3.12/site-packages/airflow/example_dags/example_display_name.py
[2025-01-10T00:44:49.973+0000] {processor.py:925} INFO - DAG(s) 'example_display_name' retrieved from /home/airflow/.local/lib/python3.12/site-packages/airflow/example_dags/example_display_name.py
[2025-01-10T00:44:50.002+0000] {logging_mixin.py:190} INFO - [2025-01-10T00:44:50.002+0000] {dag.py:3239} INFO - Sync 1 DAGs
[2025-01-10T00:44:50.024+0000] {logging_mixin.py:190} INFO - [2025-01-10T00:44:50.024+0000] {dag.py:4180} INFO - Setting next_dagrun for example_display_name to None, run_after=None
[2025-01-10T00:44:50.065+0000] {processor.py:208} INFO - Processing /home/airflow/.local/lib/python3.12/site-packages/airflow/example_dags/example_display_name.py took 0.124 seconds
[2025-01-10T00:45:20.951+0000] {processor.py:186} INFO - Started process (PID=276) to work on /home/airflow/.local/lib/python3.12/site-packages/airflow/example_dags/example_display_name.py
[2025-01-10T00:45:20.953+0000] {processor.py:914} INFO - Processing file /home/airflow/.local/lib/python3.12/site-packages/airflow/example_dags/example_display_name.py for tasks to queue
[2025-01-10T00:45:20.957+0000] {logging_mixin.py:190} INFO - [2025-01-10T00:45:20.956+0000] {dagbag.py:588} INFO - Filling up the DagBag from /home/airflow/.local/lib/python3.12/site-packages/airflow/example_dags/example_display_name.py
[2025-01-10T00:45:20.971+0000] {processor.py:925} INFO - DAG(s) 'example_display_name' retrieved from /home/airflow/.local/lib/python3.12/site-packages/airflow/example_dags/example_display_name.py
[2025-01-10T00:45:21.001+0000] {logging_mixin.py:190} INFO - [2025-01-10T00:45:21.001+0000] {dag.py:3239} INFO - Sync 1 DAGs
[2025-01-10T00:45:21.031+0000] {logging_mixin.py:190} INFO - [2025-01-10T00:45:21.031+0000] {dag.py:4180} INFO - Setting next_dagrun for example_display_name to None, run_after=None
[2025-01-10T00:45:21.071+0000] {processor.py:208} INFO - Processing /home/airflow/.local/lib/python3.12/site-packages/airflow/example_dags/example_display_name.py took 0.130 seconds
[2025-01-10T00:45:51.388+0000] {processor.py:186} INFO - Started process (PID=339) to work on /home/airflow/.local/lib/python3.12/site-packages/airflow/example_dags/example_display_name.py
[2025-01-10T00:45:51.389+0000] {processor.py:914} INFO - Processing file /home/airflow/.local/lib/python3.12/site-packages/airflow/example_dags/example_display_name.py for tasks to queue
[2025-01-10T00:45:51.395+0000] {logging_mixin.py:190} INFO - [2025-01-10T00:45:51.394+0000] {dagbag.py:588} INFO - Filling up the DagBag from /home/airflow/.local/lib/python3.12/site-packages/airflow/example_dags/example_display_name.py
[2025-01-10T00:45:51.412+0000] {processor.py:925} INFO - DAG(s) 'example_display_name' retrieved from /home/airflow/.local/lib/python3.12/site-packages/airflow/example_dags/example_display_name.py
[2025-01-10T00:45:51.470+0000] {logging_mixin.py:190} INFO - [2025-01-10T00:45:51.469+0000] {dag.py:3239} INFO - Sync 1 DAGs
[2025-01-10T00:45:51.510+0000] {logging_mixin.py:190} INFO - [2025-01-10T00:45:51.510+0000] {dag.py:4180} INFO - Setting next_dagrun for example_display_name to None, run_after=None
[2025-01-10T00:45:51.592+0000] {processor.py:208} INFO - Processing /home/airflow/.local/lib/python3.12/site-packages/airflow/example_dags/example_display_name.py took 0.214 seconds
[2025-01-10T00:46:22.441+0000] {processor.py:186} INFO - Started process (PID=401) to work on /home/airflow/.local/lib/python3.12/site-packages/airflow/example_dags/example_display_name.py
[2025-01-10T00:46:22.442+0000] {processor.py:914} INFO - Processing file /home/airflow/.local/lib/python3.12/site-packages/airflow/example_dags/example_display_name.py for tasks to queue
[2025-01-10T00:46:22.446+0000] {logging_mixin.py:190} INFO - [2025-01-10T00:46:22.445+0000] {dagbag.py:588} INFO - Filling up the DagBag from /home/airflow/.local/lib/python3.12/site-packages/airflow/example_dags/example_display_name.py
[2025-01-10T00:46:22.457+0000] {processor.py:925} INFO - DAG(s) 'example_display_name' retrieved from /home/airflow/.local/lib/python3.12/site-packages/airflow/example_dags/example_display_name.py
[2025-01-10T00:46:22.480+0000] {logging_mixin.py:190} INFO - [2025-01-10T00:46:22.480+0000] {dag.py:3239} INFO - Sync 1 DAGs
[2025-01-10T00:46:22.501+0000] {logging_mixin.py:190} INFO - [2025-01-10T00:46:22.501+0000] {dag.py:4180} INFO - Setting next_dagrun for example_display_name to None, run_after=None
[2025-01-10T00:46:22.524+0000] {processor.py:208} INFO - Processing /home/airflow/.local/lib/python3.12/site-packages/airflow/example_dags/example_display_name.py took 0.092 seconds
[2025-01-10T00:46:52.815+0000] {processor.py:186} INFO - Started process (PID=464) to work on /home/airflow/.local/lib/python3.12/site-packages/airflow/example_dags/example_display_name.py
[2025-01-10T00:46:52.816+0000] {processor.py:914} INFO - Processing file /home/airflow/.local/lib/python3.12/site-packages/airflow/example_dags/example_display_name.py for tasks to queue
[2025-01-10T00:46:52.818+0000] {logging_mixin.py:190} INFO - [2025-01-10T00:46:52.817+0000] {dagbag.py:588} INFO - Filling up the DagBag from /home/airflow/.local/lib/python3.12/site-packages/airflow/example_dags/example_display_name.py
[2025-01-10T00:46:52.825+0000] {processor.py:925} INFO - DAG(s) 'example_display_name' retrieved from /home/airflow/.local/lib/python3.12/site-packages/airflow/example_dags/example_display_name.py
[2025-01-10T00:46:52.843+0000] {logging_mixin.py:190} INFO - [2025-01-10T00:46:52.843+0000] {dag.py:3239} INFO - Sync 1 DAGs
[2025-01-10T00:46:52.857+0000] {logging_mixin.py:190} INFO - [2025-01-10T00:46:52.856+0000] {dag.py:4180} INFO - Setting next_dagrun for example_display_name to None, run_after=None
[2025-01-10T00:46:52.878+0000] {processor.py:208} INFO - Processing /home/airflow/.local/lib/python3.12/site-packages/airflow/example_dags/example_display_name.py took 0.069 seconds
[2025-01-10T00:47:23.260+0000] {processor.py:186} INFO - Started process (PID=526) to work on /home/airflow/.local/lib/python3.12/site-packages/airflow/example_dags/example_display_name.py
[2025-01-10T00:47:23.261+0000] {processor.py:914} INFO - Processing file /home/airflow/.local/lib/python3.12/site-packages/airflow/example_dags/example_display_name.py for tasks to queue
[2025-01-10T00:47:23.263+0000] {logging_mixin.py:190} INFO - [2025-01-10T00:47:23.263+0000] {dagbag.py:588} INFO - Filling up the DagBag from /home/airflow/.local/lib/python3.12/site-packages/airflow/example_dags/example_display_name.py
[2025-01-10T00:47:23.271+0000] {processor.py:925} INFO - DAG(s) 'example_display_name' retrieved from /home/airflow/.local/lib/python3.12/site-packages/airflow/example_dags/example_display_name.py
[2025-01-10T00:47:23.288+0000] {logging_mixin.py:190} INFO - [2025-01-10T00:47:23.288+0000] {dag.py:3239} INFO - Sync 1 DAGs
[2025-01-10T00:47:23.303+0000] {logging_mixin.py:190} INFO - [2025-01-10T00:47:23.302+0000] {dag.py:4180} INFO - Setting next_dagrun for example_display_name to None, run_after=None
[2025-01-10T00:47:23.323+0000] {processor.py:208} INFO - Processing /home/airflow/.local/lib/python3.12/site-packages/airflow/example_dags/example_display_name.py took 0.069 seconds
[2025-01-10T00:47:53.350+0000] {processor.py:186} INFO - Started process (PID=589) to work on /home/airflow/.local/lib/python3.12/site-packages/airflow/example_dags/example_display_name.py
[2025-01-10T00:47:53.352+0000] {processor.py:914} INFO - Processing file /home/airflow/.local/lib/python3.12/site-packages/airflow/example_dags/example_display_name.py for tasks to queue
[2025-01-10T00:47:53.354+0000] {logging_mixin.py:190} INFO - [2025-01-10T00:47:53.354+0000] {dagbag.py:588} INFO - Filling up the DagBag from /home/airflow/.local/lib/python3.12/site-packages/airflow/example_dags/example_display_name.py
[2025-01-10T00:47:53.361+0000] {processor.py:925} INFO - DAG(s) 'example_display_name' retrieved from /home/airflow/.local/lib/python3.12/site-packages/airflow/example_dags/example_display_name.py
[2025-01-10T00:47:53.378+0000] {logging_mixin.py:190} INFO - [2025-01-10T00:47:53.378+0000] {dag.py:3239} INFO - Sync 1 DAGs
[2025-01-10T00:47:53.392+0000] {logging_mixin.py:190} INFO - [2025-01-10T00:47:53.392+0000] {dag.py:4180} INFO - Setting next_dagrun for example_display_name to None, run_after=None
[2025-01-10T00:47:53.411+0000] {processor.py:208} INFO - Processing /home/airflow/.local/lib/python3.12/site-packages/airflow/example_dags/example_display_name.py took 0.066 seconds
[2025-01-10T00:48:24.134+0000] {processor.py:186} INFO - Started process (PID=652) to work on /home/airflow/.local/lib/python3.12/site-packages/airflow/example_dags/example_display_name.py
[2025-01-10T00:48:24.135+0000] {processor.py:914} INFO - Processing file /home/airflow/.local/lib/python3.12/site-packages/airflow/example_dags/example_display_name.py for tasks to queue
[2025-01-10T00:48:24.138+0000] {logging_mixin.py:190} INFO - [2025-01-10T00:48:24.137+0000] {dagbag.py:588} INFO - Filling up the DagBag from /home/airflow/.local/lib/python3.12/site-packages/airflow/example_dags/example_display_name.py
[2025-01-10T00:48:24.145+0000] {processor.py:925} INFO - DAG(s) 'example_display_name' retrieved from /home/airflow/.local/lib/python3.12/site-packages/airflow/example_dags/example_display_name.py
[2025-01-10T00:48:24.162+0000] {logging_mixin.py:190} INFO - [2025-01-10T00:48:24.162+0000] {dag.py:3239} INFO - Sync 1 DAGs
[2025-01-10T00:48:24.175+0000] {logging_mixin.py:190} INFO - [2025-01-10T00:48:24.175+0000] {dag.py:4180} INFO - Setting next_dagrun for example_display_name to None, run_after=None
[2025-01-10T00:48:24.194+0000] {processor.py:208} INFO - Processing /home/airflow/.local/lib/python3.12/site-packages/airflow/example_dags/example_display_name.py took 0.066 seconds
[2025-01-10T00:48:54.387+0000] {processor.py:186} INFO - Started process (PID=715) to work on /home/airflow/.local/lib/python3.12/site-packages/airflow/example_dags/example_display_name.py
[2025-01-10T00:48:54.388+0000] {processor.py:914} INFO - Processing file /home/airflow/.local/lib/python3.12/site-packages/airflow/example_dags/example_display_name.py for tasks to queue
[2025-01-10T00:48:54.390+0000] {logging_mixin.py:190} INFO - [2025-01-10T00:48:54.390+0000] {dagbag.py:588} INFO - Filling up the DagBag from /home/airflow/.local/lib/python3.12/site-packages/airflow/example_dags/example_display_name.py
[2025-01-10T00:48:54.398+0000] {processor.py:925} INFO - DAG(s) 'example_display_name' retrieved from /home/airflow/.local/lib/python3.12/site-packages/airflow/example_dags/example_display_name.py
[2025-01-10T00:48:54.415+0000] {logging_mixin.py:190} INFO - [2025-01-10T00:48:54.415+0000] {dag.py:3239} INFO - Sync 1 DAGs
[2025-01-10T00:48:54.428+0000] {logging_mixin.py:190} INFO - [2025-01-10T00:48:54.428+0000] {dag.py:4180} INFO - Setting next_dagrun for example_display_name to None, run_after=None
[2025-01-10T00:48:54.447+0000] {processor.py:208} INFO - Processing /home/airflow/.local/lib/python3.12/site-packages/airflow/example_dags/example_display_name.py took 0.066 seconds
[2025-01-10T00:49:24.608+0000] {processor.py:186} INFO - Started process (PID=778) to work on /home/airflow/.local/lib/python3.12/site-packages/airflow/example_dags/example_display_name.py
[2025-01-10T00:49:24.609+0000] {processor.py:914} INFO - Processing file /home/airflow/.local/lib/python3.12/site-packages/airflow/example_dags/example_display_name.py for tasks to queue
[2025-01-10T00:49:24.611+0000] {logging_mixin.py:190} INFO - [2025-01-10T00:49:24.611+0000] {dagbag.py:588} INFO - Filling up the DagBag from /home/airflow/.local/lib/python3.12/site-packages/airflow/example_dags/example_display_name.py
[2025-01-10T00:49:24.619+0000] {processor.py:925} INFO - DAG(s) 'example_display_name' retrieved from /home/airflow/.local/lib/python3.12/site-packages/airflow/example_dags/example_display_name.py
[2025-01-10T00:49:24.636+0000] {logging_mixin.py:190} INFO - [2025-01-10T00:49:24.636+0000] {dag.py:3239} INFO - Sync 1 DAGs
[2025-01-10T00:49:24.649+0000] {logging_mixin.py:190} INFO - [2025-01-10T00:49:24.649+0000] {dag.py:4180} INFO - Setting next_dagrun for example_display_name to None, run_after=None
[2025-01-10T00:49:24.668+0000] {processor.py:208} INFO - Processing /home/airflow/.local/lib/python3.12/site-packages/airflow/example_dags/example_display_name.py took 0.065 seconds
[2025-01-10T00:49:54.951+0000] {processor.py:186} INFO - Started process (PID=841) to work on /home/airflow/.local/lib/python3.12/site-packages/airflow/example_dags/example_display_name.py
[2025-01-10T00:49:54.952+0000] {processor.py:914} INFO - Processing file /home/airflow/.local/lib/python3.12/site-packages/airflow/example_dags/example_display_name.py for tasks to queue
[2025-01-10T00:49:54.955+0000] {logging_mixin.py:190} INFO - [2025-01-10T00:49:54.954+0000] {dagbag.py:588} INFO - Filling up the DagBag from /home/airflow/.local/lib/python3.12/site-packages/airflow/example_dags/example_display_name.py
[2025-01-10T00:49:54.962+0000] {processor.py:925} INFO - DAG(s) 'example_display_name' retrieved from /home/airflow/.local/lib/python3.12/site-packages/airflow/example_dags/example_display_name.py
[2025-01-10T00:49:54.981+0000] {logging_mixin.py:190} INFO - [2025-01-10T00:49:54.980+0000] {dag.py:3239} INFO - Sync 1 DAGs
[2025-01-10T00:49:54.994+0000] {logging_mixin.py:190} INFO - [2025-01-10T00:49:54.994+0000] {dag.py:4180} INFO - Setting next_dagrun for example_display_name to None, run_after=None
[2025-01-10T00:49:55.013+0000] {processor.py:208} INFO - Processing /home/airflow/.local/lib/python3.12/site-packages/airflow/example_dags/example_display_name.py took 0.067 seconds
[2025-01-10T00:50:25.256+0000] {processor.py:186} INFO - Started process (PID=904) to work on /home/airflow/.local/lib/python3.12/site-packages/airflow/example_dags/example_display_name.py
[2025-01-10T00:50:25.257+0000] {processor.py:914} INFO - Processing file /home/airflow/.local/lib/python3.12/site-packages/airflow/example_dags/example_display_name.py for tasks to queue
[2025-01-10T00:50:25.260+0000] {logging_mixin.py:190} INFO - [2025-01-10T00:50:25.259+0000] {dagbag.py:588} INFO - Filling up the DagBag from /home/airflow/.local/lib/python3.12/site-packages/airflow/example_dags/example_display_name.py
[2025-01-10T00:50:25.268+0000] {processor.py:925} INFO - DAG(s) 'example_display_name' retrieved from /home/airflow/.local/lib/python3.12/site-packages/airflow/example_dags/example_display_name.py
[2025-01-10T00:50:25.285+0000] {logging_mixin.py:190} INFO - [2025-01-10T00:50:25.285+0000] {dag.py:3239} INFO - Sync 1 DAGs
[2025-01-10T00:50:25.298+0000] {logging_mixin.py:190} INFO - [2025-01-10T00:50:25.298+0000] {dag.py:4180} INFO - Setting next_dagrun for example_display_name to None, run_after=None
[2025-01-10T00:50:25.317+0000] {processor.py:208} INFO - Processing /home/airflow/.local/lib/python3.12/site-packages/airflow/example_dags/example_display_name.py took 0.066 seconds
[2025-01-10T00:50:55.559+0000] {processor.py:186} INFO - Started process (PID=967) to work on /home/airflow/.local/lib/python3.12/site-packages/airflow/example_dags/example_display_name.py
[2025-01-10T00:50:55.560+0000] {processor.py:914} INFO - Processing file /home/airflow/.local/lib/python3.12/site-packages/airflow/example_dags/example_display_name.py for tasks to queue
[2025-01-10T00:50:55.562+0000] {logging_mixin.py:190} INFO - [2025-01-10T00:50:55.562+0000] {dagbag.py:588} INFO - Filling up the DagBag from /home/airflow/.local/lib/python3.12/site-packages/airflow/example_dags/example_display_name.py
[2025-01-10T00:50:55.570+0000] {processor.py:925} INFO - DAG(s) 'example_display_name' retrieved from /home/airflow/.local/lib/python3.12/site-packages/airflow/example_dags/example_display_name.py
[2025-01-10T00:50:55.586+0000] {logging_mixin.py:190} INFO - [2025-01-10T00:50:55.586+0000] {dag.py:3239} INFO - Sync 1 DAGs
[2025-01-10T00:50:55.605+0000] {logging_mixin.py:190} INFO - [2025-01-10T00:50:55.604+0000] {dag.py:4180} INFO - Setting next_dagrun for example_display_name to None, run_after=None
[2025-01-10T00:50:55.625+0000] {processor.py:208} INFO - Processing /home/airflow/.local/lib/python3.12/site-packages/airflow/example_dags/example_display_name.py took 0.072 seconds
[2025-01-10T00:51:25.724+0000] {processor.py:186} INFO - Started process (PID=1031) to work on /home/airflow/.local/lib/python3.12/site-packages/airflow/example_dags/example_display_name.py
[2025-01-10T00:51:25.725+0000] {processor.py:914} INFO - Processing file /home/airflow/.local/lib/python3.12/site-packages/airflow/example_dags/example_display_name.py for tasks to queue
[2025-01-10T00:51:25.727+0000] {logging_mixin.py:190} INFO - [2025-01-10T00:51:25.727+0000] {dagbag.py:588} INFO - Filling up the DagBag from /home/airflow/.local/lib/python3.12/site-packages/airflow/example_dags/example_display_name.py
[2025-01-10T00:51:25.734+0000] {processor.py:925} INFO - DAG(s) 'example_display_name' retrieved from /home/airflow/.local/lib/python3.12/site-packages/airflow/example_dags/example_display_name.py
[2025-01-10T00:51:25.751+0000] {logging_mixin.py:190} INFO - [2025-01-10T00:51:25.751+0000] {dag.py:3239} INFO - Sync 1 DAGs
[2025-01-10T00:51:25.766+0000] {logging_mixin.py:190} INFO - [2025-01-10T00:51:25.765+0000] {dag.py:4180} INFO - Setting next_dagrun for example_display_name to None, run_after=None
[2025-01-10T00:51:25.785+0000] {processor.py:208} INFO - Processing /home/airflow/.local/lib/python3.12/site-packages/airflow/example_dags/example_display_name.py took 0.066 seconds
[2025-01-10T00:51:56.139+0000] {processor.py:186} INFO - Started process (PID=1094) to work on /home/airflow/.local/lib/python3.12/site-packages/airflow/example_dags/example_display_name.py
[2025-01-10T00:51:56.140+0000] {processor.py:914} INFO - Processing file /home/airflow/.local/lib/python3.12/site-packages/airflow/example_dags/example_display_name.py for tasks to queue
[2025-01-10T00:51:56.142+0000] {logging_mixin.py:190} INFO - [2025-01-10T00:51:56.142+0000] {dagbag.py:588} INFO - Filling up the DagBag from /home/airflow/.local/lib/python3.12/site-packages/airflow/example_dags/example_display_name.py
[2025-01-10T00:51:56.150+0000] {processor.py:925} INFO - DAG(s) 'example_display_name' retrieved from /home/airflow/.local/lib/python3.12/site-packages/airflow/example_dags/example_display_name.py
[2025-01-10T00:51:56.168+0000] {logging_mixin.py:190} INFO - [2025-01-10T00:51:56.168+0000] {dag.py:3239} INFO - Sync 1 DAGs
[2025-01-10T00:51:56.182+0000] {logging_mixin.py:190} INFO - [2025-01-10T00:51:56.182+0000] {dag.py:4180} INFO - Setting next_dagrun for example_display_name to None, run_after=None
[2025-01-10T00:51:56.201+0000] {processor.py:208} INFO - Processing /home/airflow/.local/lib/python3.12/site-packages/airflow/example_dags/example_display_name.py took 0.067 seconds
[2025-01-10T00:52:26.536+0000] {processor.py:186} INFO - Started process (PID=1157) to work on /home/airflow/.local/lib/python3.12/site-packages/airflow/example_dags/example_display_name.py
[2025-01-10T00:52:26.537+0000] {processor.py:914} INFO - Processing file /home/airflow/.local/lib/python3.12/site-packages/airflow/example_dags/example_display_name.py for tasks to queue
[2025-01-10T00:52:26.540+0000] {logging_mixin.py:190} INFO - [2025-01-10T00:52:26.539+0000] {dagbag.py:588} INFO - Filling up the DagBag from /home/airflow/.local/lib/python3.12/site-packages/airflow/example_dags/example_display_name.py
[2025-01-10T00:52:26.547+0000] {processor.py:925} INFO - DAG(s) 'example_display_name' retrieved from /home/airflow/.local/lib/python3.12/site-packages/airflow/example_dags/example_display_name.py
[2025-01-10T00:52:26.566+0000] {logging_mixin.py:190} INFO - [2025-01-10T00:52:26.565+0000] {dag.py:3239} INFO - Sync 1 DAGs
[2025-01-10T00:52:26.580+0000] {logging_mixin.py:190} INFO - [2025-01-10T00:52:26.579+0000] {dag.py:4180} INFO - Setting next_dagrun for example_display_name to None, run_after=None
[2025-01-10T00:52:26.599+0000] {processor.py:208} INFO - Processing /home/airflow/.local/lib/python3.12/site-packages/airflow/example_dags/example_display_name.py took 0.068 seconds
[2025-01-10T00:52:56.859+0000] {processor.py:186} INFO - Started process (PID=1220) to work on /home/airflow/.local/lib/python3.12/site-packages/airflow/example_dags/example_display_name.py
[2025-01-10T00:52:56.860+0000] {processor.py:914} INFO - Processing file /home/airflow/.local/lib/python3.12/site-packages/airflow/example_dags/example_display_name.py for tasks to queue
[2025-01-10T00:52:56.863+0000] {logging_mixin.py:190} INFO - [2025-01-10T00:52:56.862+0000] {dagbag.py:588} INFO - Filling up the DagBag from /home/airflow/.local/lib/python3.12/site-packages/airflow/example_dags/example_display_name.py
[2025-01-10T00:52:56.873+0000] {processor.py:925} INFO - DAG(s) 'example_display_name' retrieved from /home/airflow/.local/lib/python3.12/site-packages/airflow/example_dags/example_display_name.py
[2025-01-10T00:52:56.899+0000] {logging_mixin.py:190} INFO - [2025-01-10T00:52:56.899+0000] {dag.py:3239} INFO - Sync 1 DAGs
[2025-01-10T00:52:56.921+0000] {logging_mixin.py:190} INFO - [2025-01-10T00:52:56.920+0000] {dag.py:4180} INFO - Setting next_dagrun for example_display_name to None, run_after=None
[2025-01-10T00:52:56.946+0000] {processor.py:208} INFO - Processing /home/airflow/.local/lib/python3.12/site-packages/airflow/example_dags/example_display_name.py took 0.094 seconds
[2025-01-10T00:53:27.706+0000] {processor.py:186} INFO - Started process (PID=1283) to work on /home/airflow/.local/lib/python3.12/site-packages/airflow/example_dags/example_display_name.py
[2025-01-10T00:53:27.707+0000] {processor.py:914} INFO - Processing file /home/airflow/.local/lib/python3.12/site-packages/airflow/example_dags/example_display_name.py for tasks to queue
[2025-01-10T00:53:27.710+0000] {logging_mixin.py:190} INFO - [2025-01-10T00:53:27.710+0000] {dagbag.py:588} INFO - Filling up the DagBag from /home/airflow/.local/lib/python3.12/site-packages/airflow/example_dags/example_display_name.py
[2025-01-10T00:53:27.720+0000] {processor.py:925} INFO - DAG(s) 'example_display_name' retrieved from /home/airflow/.local/lib/python3.12/site-packages/airflow/example_dags/example_display_name.py
[2025-01-10T00:53:27.742+0000] {logging_mixin.py:190} INFO - [2025-01-10T00:53:27.741+0000] {dag.py:3239} INFO - Sync 1 DAGs
[2025-01-10T00:53:27.759+0000] {logging_mixin.py:190} INFO - [2025-01-10T00:53:27.758+0000] {dag.py:4180} INFO - Setting next_dagrun for example_display_name to None, run_after=None
[2025-01-10T00:53:27.781+0000] {processor.py:208} INFO - Processing /home/airflow/.local/lib/python3.12/site-packages/airflow/example_dags/example_display_name.py took 0.083 seconds
[2025-01-10T00:53:58.044+0000] {processor.py:186} INFO - Started process (PID=1347) to work on /home/airflow/.local/lib/python3.12/site-packages/airflow/example_dags/example_display_name.py
[2025-01-10T00:53:58.045+0000] {processor.py:914} INFO - Processing file /home/airflow/.local/lib/python3.12/site-packages/airflow/example_dags/example_display_name.py for tasks to queue
[2025-01-10T00:53:58.049+0000] {logging_mixin.py:190} INFO - [2025-01-10T00:53:58.048+0000] {dagbag.py:588} INFO - Filling up the DagBag from /home/airflow/.local/lib/python3.12/site-packages/airflow/example_dags/example_display_name.py
[2025-01-10T00:53:58.061+0000] {processor.py:925} INFO - DAG(s) 'example_display_name' retrieved from /home/airflow/.local/lib/python3.12/site-packages/airflow/example_dags/example_display_name.py
[2025-01-10T00:53:58.081+0000] {logging_mixin.py:190} INFO - [2025-01-10T00:53:58.081+0000] {dag.py:3239} INFO - Sync 1 DAGs
[2025-01-10T00:53:58.099+0000] {logging_mixin.py:190} INFO - [2025-01-10T00:53:58.099+0000] {dag.py:4180} INFO - Setting next_dagrun for example_display_name to None, run_after=None
[2025-01-10T00:53:58.123+0000] {processor.py:208} INFO - Processing /home/airflow/.local/lib/python3.12/site-packages/airflow/example_dags/example_display_name.py took 0.087 seconds
[2025-01-10T00:54:28.408+0000] {processor.py:186} INFO - Started process (PID=1410) to work on /home/airflow/.local/lib/python3.12/site-packages/airflow/example_dags/example_display_name.py
[2025-01-10T00:54:28.409+0000] {processor.py:914} INFO - Processing file /home/airflow/.local/lib/python3.12/site-packages/airflow/example_dags/example_display_name.py for tasks to queue
[2025-01-10T00:54:28.411+0000] {logging_mixin.py:190} INFO - [2025-01-10T00:54:28.411+0000] {dagbag.py:588} INFO - Filling up the DagBag from /home/airflow/.local/lib/python3.12/site-packages/airflow/example_dags/example_display_name.py
[2025-01-10T00:54:28.419+0000] {processor.py:925} INFO - DAG(s) 'example_display_name' retrieved from /home/airflow/.local/lib/python3.12/site-packages/airflow/example_dags/example_display_name.py
[2025-01-10T00:54:28.435+0000] {logging_mixin.py:190} INFO - [2025-01-10T00:54:28.435+0000] {dag.py:3239} INFO - Sync 1 DAGs
[2025-01-10T00:54:28.448+0000] {logging_mixin.py:190} INFO - [2025-01-10T00:54:28.448+0000] {dag.py:4180} INFO - Setting next_dagrun for example_display_name to None, run_after=None
[2025-01-10T00:54:28.467+0000] {processor.py:208} INFO - Processing /home/airflow/.local/lib/python3.12/site-packages/airflow/example_dags/example_display_name.py took 0.065 seconds
[2025-01-10T00:54:58.591+0000] {processor.py:186} INFO - Started process (PID=1473) to work on /home/airflow/.local/lib/python3.12/site-packages/airflow/example_dags/example_display_name.py
[2025-01-10T00:54:58.592+0000] {processor.py:914} INFO - Processing file /home/airflow/.local/lib/python3.12/site-packages/airflow/example_dags/example_display_name.py for tasks to queue
[2025-01-10T00:54:58.594+0000] {logging_mixin.py:190} INFO - [2025-01-10T00:54:58.594+0000] {dagbag.py:588} INFO - Filling up the DagBag from /home/airflow/.local/lib/python3.12/site-packages/airflow/example_dags/example_display_name.py
[2025-01-10T00:54:58.602+0000] {processor.py:925} INFO - DAG(s) 'example_display_name' retrieved from /home/airflow/.local/lib/python3.12/site-packages/airflow/example_dags/example_display_name.py
[2025-01-10T00:54:58.619+0000] {logging_mixin.py:190} INFO - [2025-01-10T00:54:58.619+0000] {dag.py:3239} INFO - Sync 1 DAGs
[2025-01-10T00:54:58.634+0000] {logging_mixin.py:190} INFO - [2025-01-10T00:54:58.634+0000] {dag.py:4180} INFO - Setting next_dagrun for example_display_name to None, run_after=None
[2025-01-10T00:54:58.935+0000] {processor.py:208} INFO - Processing /home/airflow/.local/lib/python3.12/site-packages/airflow/example_dags/example_display_name.py took 0.349 seconds
[2025-01-10T00:55:29.766+0000] {processor.py:186} INFO - Started process (PID=1536) to work on /home/airflow/.local/lib/python3.12/site-packages/airflow/example_dags/example_display_name.py
[2025-01-10T00:55:29.767+0000] {processor.py:914} INFO - Processing file /home/airflow/.local/lib/python3.12/site-packages/airflow/example_dags/example_display_name.py for tasks to queue
[2025-01-10T00:55:29.769+0000] {logging_mixin.py:190} INFO - [2025-01-10T00:55:29.769+0000] {dagbag.py:588} INFO - Filling up the DagBag from /home/airflow/.local/lib/python3.12/site-packages/airflow/example_dags/example_display_name.py
[2025-01-10T00:55:29.777+0000] {processor.py:925} INFO - DAG(s) 'example_display_name' retrieved from /home/airflow/.local/lib/python3.12/site-packages/airflow/example_dags/example_display_name.py
[2025-01-10T00:55:29.797+0000] {logging_mixin.py:190} INFO - [2025-01-10T00:55:29.796+0000] {dag.py:3239} INFO - Sync 1 DAGs
[2025-01-10T00:55:29.811+0000] {logging_mixin.py:190} INFO - [2025-01-10T00:55:29.811+0000] {dag.py:4180} INFO - Setting next_dagrun for example_display_name to None, run_after=None
[2025-01-10T00:55:29.833+0000] {processor.py:208} INFO - Processing /home/airflow/.local/lib/python3.12/site-packages/airflow/example_dags/example_display_name.py took 0.074 seconds
[2025-01-10T00:56:00.557+0000] {processor.py:186} INFO - Started process (PID=1599) to work on /home/airflow/.local/lib/python3.12/site-packages/airflow/example_dags/example_display_name.py
[2025-01-10T00:56:00.558+0000] {processor.py:914} INFO - Processing file /home/airflow/.local/lib/python3.12/site-packages/airflow/example_dags/example_display_name.py for tasks to queue
[2025-01-10T00:56:00.561+0000] {logging_mixin.py:190} INFO - [2025-01-10T00:56:00.560+0000] {dagbag.py:588} INFO - Filling up the DagBag from /home/airflow/.local/lib/python3.12/site-packages/airflow/example_dags/example_display_name.py
[2025-01-10T00:56:00.568+0000] {processor.py:925} INFO - DAG(s) 'example_display_name' retrieved from /home/airflow/.local/lib/python3.12/site-packages/airflow/example_dags/example_display_name.py
[2025-01-10T00:56:00.585+0000] {logging_mixin.py:190} INFO - [2025-01-10T00:56:00.584+0000] {dag.py:3239} INFO - Sync 1 DAGs
[2025-01-10T00:56:00.598+0000] {logging_mixin.py:190} INFO - [2025-01-10T00:56:00.598+0000] {dag.py:4180} INFO - Setting next_dagrun for example_display_name to None, run_after=None
[2025-01-10T00:56:00.617+0000] {processor.py:208} INFO - Processing /home/airflow/.local/lib/python3.12/site-packages/airflow/example_dags/example_display_name.py took 0.065 seconds
[2025-01-10T00:56:31.045+0000] {processor.py:186} INFO - Started process (PID=1662) to work on /home/airflow/.local/lib/python3.12/site-packages/airflow/example_dags/example_display_name.py
[2025-01-10T00:56:31.046+0000] {processor.py:914} INFO - Processing file /home/airflow/.local/lib/python3.12/site-packages/airflow/example_dags/example_display_name.py for tasks to queue
[2025-01-10T00:56:31.049+0000] {logging_mixin.py:190} INFO - [2025-01-10T00:56:31.048+0000] {dagbag.py:588} INFO - Filling up the DagBag from /home/airflow/.local/lib/python3.12/site-packages/airflow/example_dags/example_display_name.py
[2025-01-10T00:56:31.056+0000] {processor.py:925} INFO - DAG(s) 'example_display_name' retrieved from /home/airflow/.local/lib/python3.12/site-packages/airflow/example_dags/example_display_name.py
[2025-01-10T00:56:31.074+0000] {logging_mixin.py:190} INFO - [2025-01-10T00:56:31.074+0000] {dag.py:3239} INFO - Sync 1 DAGs
[2025-01-10T00:56:31.089+0000] {logging_mixin.py:190} INFO - [2025-01-10T00:56:31.088+0000] {dag.py:4180} INFO - Setting next_dagrun for example_display_name to None, run_after=None
[2025-01-10T00:56:31.110+0000] {processor.py:208} INFO - Processing /home/airflow/.local/lib/python3.12/site-packages/airflow/example_dags/example_display_name.py took 0.070 seconds
[2025-01-10T00:57:01.239+0000] {processor.py:186} INFO - Started process (PID=1725) to work on /home/airflow/.local/lib/python3.12/site-packages/airflow/example_dags/example_display_name.py
[2025-01-10T00:57:01.240+0000] {processor.py:914} INFO - Processing file /home/airflow/.local/lib/python3.12/site-packages/airflow/example_dags/example_display_name.py for tasks to queue
[2025-01-10T00:57:01.242+0000] {logging_mixin.py:190} INFO - [2025-01-10T00:57:01.242+0000] {dagbag.py:588} INFO - Filling up the DagBag from /home/airflow/.local/lib/python3.12/site-packages/airflow/example_dags/example_display_name.py
[2025-01-10T00:57:01.249+0000] {processor.py:925} INFO - DAG(s) 'example_display_name' retrieved from /home/airflow/.local/lib/python3.12/site-packages/airflow/example_dags/example_display_name.py
[2025-01-10T00:57:01.267+0000] {logging_mixin.py:190} INFO - [2025-01-10T00:57:01.267+0000] {dag.py:3239} INFO - Sync 1 DAGs
[2025-01-10T00:57:01.281+0000] {logging_mixin.py:190} INFO - [2025-01-10T00:57:01.280+0000] {dag.py:4180} INFO - Setting next_dagrun for example_display_name to None, run_after=None
[2025-01-10T00:57:01.299+0000] {processor.py:208} INFO - Processing /home/airflow/.local/lib/python3.12/site-packages/airflow/example_dags/example_display_name.py took 0.066 seconds
[2025-01-10T00:57:31.342+0000] {processor.py:186} INFO - Started process (PID=1788) to work on /home/airflow/.local/lib/python3.12/site-packages/airflow/example_dags/example_display_name.py
[2025-01-10T00:57:31.343+0000] {processor.py:914} INFO - Processing file /home/airflow/.local/lib/python3.12/site-packages/airflow/example_dags/example_display_name.py for tasks to queue
[2025-01-10T00:57:31.345+0000] {logging_mixin.py:190} INFO - [2025-01-10T00:57:31.345+0000] {dagbag.py:588} INFO - Filling up the DagBag from /home/airflow/.local/lib/python3.12/site-packages/airflow/example_dags/example_display_name.py
[2025-01-10T00:57:31.353+0000] {processor.py:925} INFO - DAG(s) 'example_display_name' retrieved from /home/airflow/.local/lib/python3.12/site-packages/airflow/example_dags/example_display_name.py
[2025-01-10T00:57:31.371+0000] {logging_mixin.py:190} INFO - [2025-01-10T00:57:31.370+0000] {dag.py:3239} INFO - Sync 1 DAGs
[2025-01-10T00:57:31.389+0000] {logging_mixin.py:190} INFO - [2025-01-10T00:57:31.388+0000] {dag.py:4180} INFO - Setting next_dagrun for example_display_name to None, run_after=None
[2025-01-10T00:57:31.444+0000] {processor.py:208} INFO - Processing /home/airflow/.local/lib/python3.12/site-packages/airflow/example_dags/example_display_name.py took 0.107 seconds
[2025-01-10T00:58:01.487+0000] {processor.py:186} INFO - Started process (PID=1852) to work on /home/airflow/.local/lib/python3.12/site-packages/airflow/example_dags/example_display_name.py
[2025-01-10T00:58:01.489+0000] {processor.py:914} INFO - Processing file /home/airflow/.local/lib/python3.12/site-packages/airflow/example_dags/example_display_name.py for tasks to queue
[2025-01-10T00:58:01.492+0000] {logging_mixin.py:190} INFO - [2025-01-10T00:58:01.491+0000] {dagbag.py:588} INFO - Filling up the DagBag from /home/airflow/.local/lib/python3.12/site-packages/airflow/example_dags/example_display_name.py
[2025-01-10T00:58:01.502+0000] {processor.py:925} INFO - DAG(s) 'example_display_name' retrieved from /home/airflow/.local/lib/python3.12/site-packages/airflow/example_dags/example_display_name.py
[2025-01-10T00:58:01.524+0000] {logging_mixin.py:190} INFO - [2025-01-10T00:58:01.523+0000] {dag.py:3239} INFO - Sync 1 DAGs
[2025-01-10T00:58:01.542+0000] {logging_mixin.py:190} INFO - [2025-01-10T00:58:01.542+0000] {dag.py:4180} INFO - Setting next_dagrun for example_display_name to None, run_after=None
[2025-01-10T00:58:01.569+0000] {processor.py:208} INFO - Processing /home/airflow/.local/lib/python3.12/site-packages/airflow/example_dags/example_display_name.py took 0.089 seconds
[2025-01-10T00:58:31.741+0000] {processor.py:186} INFO - Started process (PID=1915) to work on /home/airflow/.local/lib/python3.12/site-packages/airflow/example_dags/example_display_name.py
[2025-01-10T00:58:31.742+0000] {processor.py:914} INFO - Processing file /home/airflow/.local/lib/python3.12/site-packages/airflow/example_dags/example_display_name.py for tasks to queue
[2025-01-10T00:58:31.744+0000] {logging_mixin.py:190} INFO - [2025-01-10T00:58:31.744+0000] {dagbag.py:588} INFO - Filling up the DagBag from /home/airflow/.local/lib/python3.12/site-packages/airflow/example_dags/example_display_name.py
[2025-01-10T00:58:31.753+0000] {processor.py:925} INFO - DAG(s) 'example_display_name' retrieved from /home/airflow/.local/lib/python3.12/site-packages/airflow/example_dags/example_display_name.py
[2025-01-10T00:58:31.771+0000] {logging_mixin.py:190} INFO - [2025-01-10T00:58:31.771+0000] {dag.py:3239} INFO - Sync 1 DAGs
[2025-01-10T00:58:31.786+0000] {logging_mixin.py:190} INFO - [2025-01-10T00:58:31.786+0000] {dag.py:4180} INFO - Setting next_dagrun for example_display_name to None, run_after=None
[2025-01-10T00:58:31.807+0000] {processor.py:208} INFO - Processing /home/airflow/.local/lib/python3.12/site-packages/airflow/example_dags/example_display_name.py took 0.072 seconds
[2025-01-10T01:01:59.365+0000] {processor.py:186} INFO - Started process (PID=76) to work on /home/airflow/.local/lib/python3.12/site-packages/airflow/example_dags/example_display_name.py
[2025-01-10T01:01:59.368+0000] {processor.py:914} INFO - Processing file /home/airflow/.local/lib/python3.12/site-packages/airflow/example_dags/example_display_name.py for tasks to queue
[2025-01-10T01:01:59.374+0000] {logging_mixin.py:190} INFO - [2025-01-10T01:01:59.373+0000] {dagbag.py:588} INFO - Filling up the DagBag from /home/airflow/.local/lib/python3.12/site-packages/airflow/example_dags/example_display_name.py
[2025-01-10T01:01:59.387+0000] {processor.py:925} INFO - DAG(s) 'example_display_name' retrieved from /home/airflow/.local/lib/python3.12/site-packages/airflow/example_dags/example_display_name.py
[2025-01-10T01:01:59.439+0000] {logging_mixin.py:190} INFO - [2025-01-10T01:01:59.438+0000] {dag.py:3239} INFO - Sync 1 DAGs
[2025-01-10T01:01:59.467+0000] {logging_mixin.py:190} INFO - [2025-01-10T01:01:59.467+0000] {dag.py:4180} INFO - Setting next_dagrun for example_display_name to None, run_after=None
[2025-01-10T01:01:59.507+0000] {processor.py:208} INFO - Processing /home/airflow/.local/lib/python3.12/site-packages/airflow/example_dags/example_display_name.py took 0.152 seconds
[2025-01-10T01:02:30.703+0000] {processor.py:186} INFO - Started process (PID=145) to work on /home/airflow/.local/lib/python3.12/site-packages/airflow/example_dags/example_display_name.py
[2025-01-10T01:02:30.704+0000] {processor.py:914} INFO - Processing file /home/airflow/.local/lib/python3.12/site-packages/airflow/example_dags/example_display_name.py for tasks to queue
[2025-01-10T01:02:30.706+0000] {logging_mixin.py:190} INFO - [2025-01-10T01:02:30.706+0000] {dagbag.py:588} INFO - Filling up the DagBag from /home/airflow/.local/lib/python3.12/site-packages/airflow/example_dags/example_display_name.py
[2025-01-10T01:02:30.714+0000] {processor.py:925} INFO - DAG(s) 'example_display_name' retrieved from /home/airflow/.local/lib/python3.12/site-packages/airflow/example_dags/example_display_name.py
[2025-01-10T01:02:30.733+0000] {logging_mixin.py:190} INFO - [2025-01-10T01:02:30.733+0000] {dag.py:3239} INFO - Sync 1 DAGs
[2025-01-10T01:02:30.747+0000] {logging_mixin.py:190} INFO - [2025-01-10T01:02:30.747+0000] {dag.py:4180} INFO - Setting next_dagrun for example_display_name to None, run_after=None
[2025-01-10T01:02:30.769+0000] {processor.py:208} INFO - Processing /home/airflow/.local/lib/python3.12/site-packages/airflow/example_dags/example_display_name.py took 0.071 seconds
[2025-01-10T01:03:00.947+0000] {processor.py:186} INFO - Started process (PID=208) to work on /home/airflow/.local/lib/python3.12/site-packages/airflow/example_dags/example_display_name.py
[2025-01-10T01:03:00.949+0000] {processor.py:914} INFO - Processing file /home/airflow/.local/lib/python3.12/site-packages/airflow/example_dags/example_display_name.py for tasks to queue
[2025-01-10T01:03:00.952+0000] {logging_mixin.py:190} INFO - [2025-01-10T01:03:00.951+0000] {dagbag.py:588} INFO - Filling up the DagBag from /home/airflow/.local/lib/python3.12/site-packages/airflow/example_dags/example_display_name.py
[2025-01-10T01:03:00.962+0000] {processor.py:925} INFO - DAG(s) 'example_display_name' retrieved from /home/airflow/.local/lib/python3.12/site-packages/airflow/example_dags/example_display_name.py
[2025-01-10T01:03:00.991+0000] {logging_mixin.py:190} INFO - [2025-01-10T01:03:00.991+0000] {dag.py:3239} INFO - Sync 1 DAGs
[2025-01-10T01:03:01.005+0000] {logging_mixin.py:190} INFO - [2025-01-10T01:03:01.005+0000] {dag.py:4180} INFO - Setting next_dagrun for example_display_name to None, run_after=None
[2025-01-10T01:03:01.031+0000] {processor.py:208} INFO - Processing /home/airflow/.local/lib/python3.12/site-packages/airflow/example_dags/example_display_name.py took 0.093 seconds
[2025-01-10T01:03:32.328+0000] {processor.py:186} INFO - Started process (PID=271) to work on /home/airflow/.local/lib/python3.12/site-packages/airflow/example_dags/example_display_name.py
[2025-01-10T01:03:32.329+0000] {processor.py:914} INFO - Processing file /home/airflow/.local/lib/python3.12/site-packages/airflow/example_dags/example_display_name.py for tasks to queue
[2025-01-10T01:03:32.331+0000] {logging_mixin.py:190} INFO - [2025-01-10T01:03:32.331+0000] {dagbag.py:588} INFO - Filling up the DagBag from /home/airflow/.local/lib/python3.12/site-packages/airflow/example_dags/example_display_name.py
[2025-01-10T01:03:32.338+0000] {processor.py:925} INFO - DAG(s) 'example_display_name' retrieved from /home/airflow/.local/lib/python3.12/site-packages/airflow/example_dags/example_display_name.py
[2025-01-10T01:03:32.356+0000] {logging_mixin.py:190} INFO - [2025-01-10T01:03:32.355+0000] {dag.py:3239} INFO - Sync 1 DAGs
[2025-01-10T01:03:32.371+0000] {logging_mixin.py:190} INFO - [2025-01-10T01:03:32.371+0000] {dag.py:4180} INFO - Setting next_dagrun for example_display_name to None, run_after=None
[2025-01-10T01:03:32.392+0000] {processor.py:208} INFO - Processing /home/airflow/.local/lib/python3.12/site-packages/airflow/example_dags/example_display_name.py took 0.069 seconds
[2025-01-10T01:04:02.659+0000] {processor.py:186} INFO - Started process (PID=333) to work on /home/airflow/.local/lib/python3.12/site-packages/airflow/example_dags/example_display_name.py
[2025-01-10T01:04:02.659+0000] {processor.py:914} INFO - Processing file /home/airflow/.local/lib/python3.12/site-packages/airflow/example_dags/example_display_name.py for tasks to queue
[2025-01-10T01:04:02.662+0000] {logging_mixin.py:190} INFO - [2025-01-10T01:04:02.661+0000] {dagbag.py:588} INFO - Filling up the DagBag from /home/airflow/.local/lib/python3.12/site-packages/airflow/example_dags/example_display_name.py
[2025-01-10T01:04:02.668+0000] {processor.py:925} INFO - DAG(s) 'example_display_name' retrieved from /home/airflow/.local/lib/python3.12/site-packages/airflow/example_dags/example_display_name.py
[2025-01-10T01:04:02.684+0000] {logging_mixin.py:190} INFO - [2025-01-10T01:04:02.684+0000] {dag.py:3239} INFO - Sync 1 DAGs
[2025-01-10T01:04:02.701+0000] {logging_mixin.py:190} INFO - [2025-01-10T01:04:02.701+0000] {dag.py:4180} INFO - Setting next_dagrun for example_display_name to None, run_after=None
[2025-01-10T01:04:02.721+0000] {processor.py:208} INFO - Processing /home/airflow/.local/lib/python3.12/site-packages/airflow/example_dags/example_display_name.py took 0.068 seconds
[2025-01-10T01:04:33.331+0000] {processor.py:186} INFO - Started process (PID=396) to work on /home/airflow/.local/lib/python3.12/site-packages/airflow/example_dags/example_display_name.py
[2025-01-10T01:04:33.331+0000] {processor.py:914} INFO - Processing file /home/airflow/.local/lib/python3.12/site-packages/airflow/example_dags/example_display_name.py for tasks to queue
[2025-01-10T01:04:33.333+0000] {logging_mixin.py:190} INFO - [2025-01-10T01:04:33.333+0000] {dagbag.py:588} INFO - Filling up the DagBag from /home/airflow/.local/lib/python3.12/site-packages/airflow/example_dags/example_display_name.py
[2025-01-10T01:04:33.340+0000] {processor.py:925} INFO - DAG(s) 'example_display_name' retrieved from /home/airflow/.local/lib/python3.12/site-packages/airflow/example_dags/example_display_name.py
[2025-01-10T01:04:33.357+0000] {logging_mixin.py:190} INFO - [2025-01-10T01:04:33.356+0000] {dag.py:3239} INFO - Sync 1 DAGs
[2025-01-10T01:04:33.371+0000] {logging_mixin.py:190} INFO - [2025-01-10T01:04:33.371+0000] {dag.py:4180} INFO - Setting next_dagrun for example_display_name to None, run_after=None
[2025-01-10T01:04:33.391+0000] {processor.py:208} INFO - Processing /home/airflow/.local/lib/python3.12/site-packages/airflow/example_dags/example_display_name.py took 0.066 seconds
[2025-01-10T01:05:03.810+0000] {processor.py:186} INFO - Started process (PID=458) to work on /home/airflow/.local/lib/python3.12/site-packages/airflow/example_dags/example_display_name.py
[2025-01-10T01:05:03.811+0000] {processor.py:914} INFO - Processing file /home/airflow/.local/lib/python3.12/site-packages/airflow/example_dags/example_display_name.py for tasks to queue
[2025-01-10T01:05:03.813+0000] {logging_mixin.py:190} INFO - [2025-01-10T01:05:03.813+0000] {dagbag.py:588} INFO - Filling up the DagBag from /home/airflow/.local/lib/python3.12/site-packages/airflow/example_dags/example_display_name.py
[2025-01-10T01:05:03.820+0000] {processor.py:925} INFO - DAG(s) 'example_display_name' retrieved from /home/airflow/.local/lib/python3.12/site-packages/airflow/example_dags/example_display_name.py
[2025-01-10T01:05:03.837+0000] {logging_mixin.py:190} INFO - [2025-01-10T01:05:03.837+0000] {dag.py:3239} INFO - Sync 1 DAGs
[2025-01-10T01:05:03.851+0000] {logging_mixin.py:190} INFO - [2025-01-10T01:05:03.851+0000] {dag.py:4180} INFO - Setting next_dagrun for example_display_name to None, run_after=None
[2025-01-10T01:05:03.873+0000] {processor.py:208} INFO - Processing /home/airflow/.local/lib/python3.12/site-packages/airflow/example_dags/example_display_name.py took 0.068 seconds
[2025-01-10T01:05:34.346+0000] {processor.py:186} INFO - Started process (PID=521) to work on /home/airflow/.local/lib/python3.12/site-packages/airflow/example_dags/example_display_name.py
[2025-01-10T01:05:34.347+0000] {processor.py:914} INFO - Processing file /home/airflow/.local/lib/python3.12/site-packages/airflow/example_dags/example_display_name.py for tasks to queue
[2025-01-10T01:05:34.349+0000] {logging_mixin.py:190} INFO - [2025-01-10T01:05:34.349+0000] {dagbag.py:588} INFO - Filling up the DagBag from /home/airflow/.local/lib/python3.12/site-packages/airflow/example_dags/example_display_name.py
[2025-01-10T01:05:34.357+0000] {processor.py:925} INFO - DAG(s) 'example_display_name' retrieved from /home/airflow/.local/lib/python3.12/site-packages/airflow/example_dags/example_display_name.py
[2025-01-10T01:05:34.377+0000] {logging_mixin.py:190} INFO - [2025-01-10T01:05:34.377+0000] {dag.py:3239} INFO - Sync 1 DAGs
[2025-01-10T01:05:34.390+0000] {logging_mixin.py:190} INFO - [2025-01-10T01:05:34.390+0000] {dag.py:4180} INFO - Setting next_dagrun for example_display_name to None, run_after=None
[2025-01-10T01:05:34.410+0000] {processor.py:208} INFO - Processing /home/airflow/.local/lib/python3.12/site-packages/airflow/example_dags/example_display_name.py took 0.069 seconds
[2025-01-10T01:06:05.631+0000] {processor.py:186} INFO - Started process (PID=584) to work on /home/airflow/.local/lib/python3.12/site-packages/airflow/example_dags/example_display_name.py
[2025-01-10T01:06:05.632+0000] {processor.py:914} INFO - Processing file /home/airflow/.local/lib/python3.12/site-packages/airflow/example_dags/example_display_name.py for tasks to queue
[2025-01-10T01:06:05.634+0000] {logging_mixin.py:190} INFO - [2025-01-10T01:06:05.634+0000] {dagbag.py:588} INFO - Filling up the DagBag from /home/airflow/.local/lib/python3.12/site-packages/airflow/example_dags/example_display_name.py
[2025-01-10T01:06:05.643+0000] {processor.py:925} INFO - DAG(s) 'example_display_name' retrieved from /home/airflow/.local/lib/python3.12/site-packages/airflow/example_dags/example_display_name.py
[2025-01-10T01:06:05.661+0000] {logging_mixin.py:190} INFO - [2025-01-10T01:06:05.660+0000] {dag.py:3239} INFO - Sync 1 DAGs
[2025-01-10T01:06:05.674+0000] {logging_mixin.py:190} INFO - [2025-01-10T01:06:05.674+0000] {dag.py:4180} INFO - Setting next_dagrun for example_display_name to None, run_after=None
[2025-01-10T01:06:05.693+0000] {processor.py:208} INFO - Processing /home/airflow/.local/lib/python3.12/site-packages/airflow/example_dags/example_display_name.py took 0.068 seconds
[2025-01-10T01:06:36.483+0000] {processor.py:186} INFO - Started process (PID=647) to work on /home/airflow/.local/lib/python3.12/site-packages/airflow/example_dags/example_display_name.py
[2025-01-10T01:06:36.484+0000] {processor.py:914} INFO - Processing file /home/airflow/.local/lib/python3.12/site-packages/airflow/example_dags/example_display_name.py for tasks to queue
[2025-01-10T01:06:36.487+0000] {logging_mixin.py:190} INFO - [2025-01-10T01:06:36.486+0000] {dagbag.py:588} INFO - Filling up the DagBag from /home/airflow/.local/lib/python3.12/site-packages/airflow/example_dags/example_display_name.py
[2025-01-10T01:06:36.497+0000] {processor.py:925} INFO - DAG(s) 'example_display_name' retrieved from /home/airflow/.local/lib/python3.12/site-packages/airflow/example_dags/example_display_name.py
[2025-01-10T01:06:36.518+0000] {logging_mixin.py:190} INFO - [2025-01-10T01:06:36.518+0000] {dag.py:3239} INFO - Sync 1 DAGs
[2025-01-10T01:06:36.533+0000] {logging_mixin.py:190} INFO - [2025-01-10T01:06:36.533+0000] {dag.py:4180} INFO - Setting next_dagrun for example_display_name to None, run_after=None
[2025-01-10T01:06:36.559+0000] {processor.py:208} INFO - Processing /home/airflow/.local/lib/python3.12/site-packages/airflow/example_dags/example_display_name.py took 0.082 seconds
[2025-01-10T01:07:06.680+0000] {processor.py:186} INFO - Started process (PID=709) to work on /home/airflow/.local/lib/python3.12/site-packages/airflow/example_dags/example_display_name.py
[2025-01-10T01:07:06.681+0000] {processor.py:914} INFO - Processing file /home/airflow/.local/lib/python3.12/site-packages/airflow/example_dags/example_display_name.py for tasks to queue
[2025-01-10T01:07:06.683+0000] {logging_mixin.py:190} INFO - [2025-01-10T01:07:06.682+0000] {dagbag.py:588} INFO - Filling up the DagBag from /home/airflow/.local/lib/python3.12/site-packages/airflow/example_dags/example_display_name.py
[2025-01-10T01:07:06.690+0000] {processor.py:925} INFO - DAG(s) 'example_display_name' retrieved from /home/airflow/.local/lib/python3.12/site-packages/airflow/example_dags/example_display_name.py
[2025-01-10T01:07:06.707+0000] {logging_mixin.py:190} INFO - [2025-01-10T01:07:06.706+0000] {dag.py:3239} INFO - Sync 1 DAGs
[2025-01-10T01:07:06.720+0000] {logging_mixin.py:190} INFO - [2025-01-10T01:07:06.720+0000] {dag.py:4180} INFO - Setting next_dagrun for example_display_name to None, run_after=None
[2025-01-10T01:07:06.739+0000] {processor.py:208} INFO - Processing /home/airflow/.local/lib/python3.12/site-packages/airflow/example_dags/example_display_name.py took 0.064 seconds
[2025-01-10T01:07:37.731+0000] {processor.py:186} INFO - Started process (PID=773) to work on /home/airflow/.local/lib/python3.12/site-packages/airflow/example_dags/example_display_name.py
[2025-01-10T01:07:37.732+0000] {processor.py:914} INFO - Processing file /home/airflow/.local/lib/python3.12/site-packages/airflow/example_dags/example_display_name.py for tasks to queue
[2025-01-10T01:07:37.737+0000] {logging_mixin.py:190} INFO - [2025-01-10T01:07:37.737+0000] {dagbag.py:588} INFO - Filling up the DagBag from /home/airflow/.local/lib/python3.12/site-packages/airflow/example_dags/example_display_name.py
[2025-01-10T01:07:37.756+0000] {processor.py:925} INFO - DAG(s) 'example_display_name' retrieved from /home/airflow/.local/lib/python3.12/site-packages/airflow/example_dags/example_display_name.py
[2025-01-10T01:07:37.787+0000] {logging_mixin.py:190} INFO - [2025-01-10T01:07:37.787+0000] {dag.py:3239} INFO - Sync 1 DAGs
[2025-01-10T01:07:37.812+0000] {logging_mixin.py:190} INFO - [2025-01-10T01:07:37.811+0000] {dag.py:4180} INFO - Setting next_dagrun for example_display_name to None, run_after=None
[2025-01-10T01:07:37.840+0000] {processor.py:208} INFO - Processing /home/airflow/.local/lib/python3.12/site-packages/airflow/example_dags/example_display_name.py took 0.116 seconds
[2025-01-10T01:08:07.899+0000] {processor.py:186} INFO - Started process (PID=835) to work on /home/airflow/.local/lib/python3.12/site-packages/airflow/example_dags/example_display_name.py
[2025-01-10T01:08:07.900+0000] {processor.py:914} INFO - Processing file /home/airflow/.local/lib/python3.12/site-packages/airflow/example_dags/example_display_name.py for tasks to queue
[2025-01-10T01:08:07.902+0000] {logging_mixin.py:190} INFO - [2025-01-10T01:08:07.902+0000] {dagbag.py:588} INFO - Filling up the DagBag from /home/airflow/.local/lib/python3.12/site-packages/airflow/example_dags/example_display_name.py
[2025-01-10T01:08:07.909+0000] {processor.py:925} INFO - DAG(s) 'example_display_name' retrieved from /home/airflow/.local/lib/python3.12/site-packages/airflow/example_dags/example_display_name.py
[2025-01-10T01:08:07.927+0000] {logging_mixin.py:190} INFO - [2025-01-10T01:08:07.927+0000] {dag.py:3239} INFO - Sync 1 DAGs
[2025-01-10T01:08:07.942+0000] {logging_mixin.py:190} INFO - [2025-01-10T01:08:07.942+0000] {dag.py:4180} INFO - Setting next_dagrun for example_display_name to None, run_after=None
[2025-01-10T01:08:07.962+0000] {processor.py:208} INFO - Processing /home/airflow/.local/lib/python3.12/site-packages/airflow/example_dags/example_display_name.py took 0.068 seconds
[2025-01-10T01:08:38.419+0000] {processor.py:186} INFO - Started process (PID=898) to work on /home/airflow/.local/lib/python3.12/site-packages/airflow/example_dags/example_display_name.py
[2025-01-10T01:08:38.420+0000] {processor.py:914} INFO - Processing file /home/airflow/.local/lib/python3.12/site-packages/airflow/example_dags/example_display_name.py for tasks to queue
[2025-01-10T01:08:38.422+0000] {logging_mixin.py:190} INFO - [2025-01-10T01:08:38.422+0000] {dagbag.py:588} INFO - Filling up the DagBag from /home/airflow/.local/lib/python3.12/site-packages/airflow/example_dags/example_display_name.py
[2025-01-10T01:08:38.429+0000] {processor.py:925} INFO - DAG(s) 'example_display_name' retrieved from /home/airflow/.local/lib/python3.12/site-packages/airflow/example_dags/example_display_name.py
[2025-01-10T01:08:38.447+0000] {logging_mixin.py:190} INFO - [2025-01-10T01:08:38.446+0000] {dag.py:3239} INFO - Sync 1 DAGs
[2025-01-10T01:08:38.461+0000] {logging_mixin.py:190} INFO - [2025-01-10T01:08:38.461+0000] {dag.py:4180} INFO - Setting next_dagrun for example_display_name to None, run_after=None
[2025-01-10T01:08:38.480+0000] {processor.py:208} INFO - Processing /home/airflow/.local/lib/python3.12/site-packages/airflow/example_dags/example_display_name.py took 0.067 seconds
[2025-01-10T01:09:08.563+0000] {processor.py:186} INFO - Started process (PID=962) to work on /home/airflow/.local/lib/python3.12/site-packages/airflow/example_dags/example_display_name.py
[2025-01-10T01:09:08.564+0000] {processor.py:914} INFO - Processing file /home/airflow/.local/lib/python3.12/site-packages/airflow/example_dags/example_display_name.py for tasks to queue
[2025-01-10T01:09:08.567+0000] {logging_mixin.py:190} INFO - [2025-01-10T01:09:08.566+0000] {dagbag.py:588} INFO - Filling up the DagBag from /home/airflow/.local/lib/python3.12/site-packages/airflow/example_dags/example_display_name.py
[2025-01-10T01:09:08.574+0000] {processor.py:925} INFO - DAG(s) 'example_display_name' retrieved from /home/airflow/.local/lib/python3.12/site-packages/airflow/example_dags/example_display_name.py
[2025-01-10T01:09:08.594+0000] {logging_mixin.py:190} INFO - [2025-01-10T01:09:08.593+0000] {dag.py:3239} INFO - Sync 1 DAGs
[2025-01-10T01:09:08.608+0000] {logging_mixin.py:190} INFO - [2025-01-10T01:09:08.608+0000] {dag.py:4180} INFO - Setting next_dagrun for example_display_name to None, run_after=None
[2025-01-10T01:09:08.630+0000] {processor.py:208} INFO - Processing /home/airflow/.local/lib/python3.12/site-packages/airflow/example_dags/example_display_name.py took 0.072 seconds
[2025-01-10T01:09:39.212+0000] {processor.py:186} INFO - Started process (PID=1025) to work on /home/airflow/.local/lib/python3.12/site-packages/airflow/example_dags/example_display_name.py
[2025-01-10T01:09:39.213+0000] {processor.py:914} INFO - Processing file /home/airflow/.local/lib/python3.12/site-packages/airflow/example_dags/example_display_name.py for tasks to queue
[2025-01-10T01:09:39.216+0000] {logging_mixin.py:190} INFO - [2025-01-10T01:09:39.216+0000] {dagbag.py:588} INFO - Filling up the DagBag from /home/airflow/.local/lib/python3.12/site-packages/airflow/example_dags/example_display_name.py
[2025-01-10T01:09:39.226+0000] {processor.py:925} INFO - DAG(s) 'example_display_name' retrieved from /home/airflow/.local/lib/python3.12/site-packages/airflow/example_dags/example_display_name.py
[2025-01-10T01:09:39.256+0000] {logging_mixin.py:190} INFO - [2025-01-10T01:09:39.255+0000] {dag.py:3239} INFO - Sync 1 DAGs
[2025-01-10T01:09:39.280+0000] {logging_mixin.py:190} INFO - [2025-01-10T01:09:39.280+0000] {dag.py:4180} INFO - Setting next_dagrun for example_display_name to None, run_after=None
[2025-01-10T01:09:39.311+0000] {processor.py:208} INFO - Processing /home/airflow/.local/lib/python3.12/site-packages/airflow/example_dags/example_display_name.py took 0.107 seconds
[2025-01-10T01:10:09.430+0000] {processor.py:186} INFO - Started process (PID=1088) to work on /home/airflow/.local/lib/python3.12/site-packages/airflow/example_dags/example_display_name.py
[2025-01-10T01:10:09.430+0000] {processor.py:914} INFO - Processing file /home/airflow/.local/lib/python3.12/site-packages/airflow/example_dags/example_display_name.py for tasks to queue
[2025-01-10T01:10:09.433+0000] {logging_mixin.py:190} INFO - [2025-01-10T01:10:09.432+0000] {dagbag.py:588} INFO - Filling up the DagBag from /home/airflow/.local/lib/python3.12/site-packages/airflow/example_dags/example_display_name.py
[2025-01-10T01:10:09.441+0000] {processor.py:925} INFO - DAG(s) 'example_display_name' retrieved from /home/airflow/.local/lib/python3.12/site-packages/airflow/example_dags/example_display_name.py
[2025-01-10T01:10:09.461+0000] {logging_mixin.py:190} INFO - [2025-01-10T01:10:09.461+0000] {dag.py:3239} INFO - Sync 1 DAGs
[2025-01-10T01:10:09.479+0000] {logging_mixin.py:190} INFO - [2025-01-10T01:10:09.479+0000] {dag.py:4180} INFO - Setting next_dagrun for example_display_name to None, run_after=None
[2025-01-10T01:10:09.502+0000] {processor.py:208} INFO - Processing /home/airflow/.local/lib/python3.12/site-packages/airflow/example_dags/example_display_name.py took 0.078 seconds
[2025-01-10T01:10:39.807+0000] {processor.py:186} INFO - Started process (PID=1151) to work on /home/airflow/.local/lib/python3.12/site-packages/airflow/example_dags/example_display_name.py
[2025-01-10T01:10:39.808+0000] {processor.py:914} INFO - Processing file /home/airflow/.local/lib/python3.12/site-packages/airflow/example_dags/example_display_name.py for tasks to queue
[2025-01-10T01:10:39.811+0000] {logging_mixin.py:190} INFO - [2025-01-10T01:10:39.811+0000] {dagbag.py:588} INFO - Filling up the DagBag from /home/airflow/.local/lib/python3.12/site-packages/airflow/example_dags/example_display_name.py
[2025-01-10T01:10:39.819+0000] {processor.py:925} INFO - DAG(s) 'example_display_name' retrieved from /home/airflow/.local/lib/python3.12/site-packages/airflow/example_dags/example_display_name.py
[2025-01-10T01:10:39.837+0000] {logging_mixin.py:190} INFO - [2025-01-10T01:10:39.837+0000] {dag.py:3239} INFO - Sync 1 DAGs
[2025-01-10T01:10:39.851+0000] {logging_mixin.py:190} INFO - [2025-01-10T01:10:39.850+0000] {dag.py:4180} INFO - Setting next_dagrun for example_display_name to None, run_after=None
[2025-01-10T01:10:39.870+0000] {processor.py:208} INFO - Processing /home/airflow/.local/lib/python3.12/site-packages/airflow/example_dags/example_display_name.py took 0.068 seconds
[2025-01-10T01:11:10.035+0000] {processor.py:186} INFO - Started process (PID=1214) to work on /home/airflow/.local/lib/python3.12/site-packages/airflow/example_dags/example_display_name.py
[2025-01-10T01:11:10.036+0000] {processor.py:914} INFO - Processing file /home/airflow/.local/lib/python3.12/site-packages/airflow/example_dags/example_display_name.py for tasks to queue
[2025-01-10T01:11:10.039+0000] {logging_mixin.py:190} INFO - [2025-01-10T01:11:10.039+0000] {dagbag.py:588} INFO - Filling up the DagBag from /home/airflow/.local/lib/python3.12/site-packages/airflow/example_dags/example_display_name.py
[2025-01-10T01:11:10.046+0000] {processor.py:925} INFO - DAG(s) 'example_display_name' retrieved from /home/airflow/.local/lib/python3.12/site-packages/airflow/example_dags/example_display_name.py
[2025-01-10T01:11:10.065+0000] {logging_mixin.py:190} INFO - [2025-01-10T01:11:10.065+0000] {dag.py:3239} INFO - Sync 1 DAGs
[2025-01-10T01:11:10.080+0000] {logging_mixin.py:190} INFO - [2025-01-10T01:11:10.080+0000] {dag.py:4180} INFO - Setting next_dagrun for example_display_name to None, run_after=None
[2025-01-10T01:11:10.099+0000] {processor.py:208} INFO - Processing /home/airflow/.local/lib/python3.12/site-packages/airflow/example_dags/example_display_name.py took 0.069 seconds
[2025-01-10T01:11:40.875+0000] {processor.py:186} INFO - Started process (PID=1277) to work on /home/airflow/.local/lib/python3.12/site-packages/airflow/example_dags/example_display_name.py
[2025-01-10T01:11:40.876+0000] {processor.py:914} INFO - Processing file /home/airflow/.local/lib/python3.12/site-packages/airflow/example_dags/example_display_name.py for tasks to queue
[2025-01-10T01:11:40.880+0000] {logging_mixin.py:190} INFO - [2025-01-10T01:11:40.880+0000] {dagbag.py:588} INFO - Filling up the DagBag from /home/airflow/.local/lib/python3.12/site-packages/airflow/example_dags/example_display_name.py
[2025-01-10T01:11:40.890+0000] {processor.py:925} INFO - DAG(s) 'example_display_name' retrieved from /home/airflow/.local/lib/python3.12/site-packages/airflow/example_dags/example_display_name.py
[2025-01-10T01:11:40.914+0000] {logging_mixin.py:190} INFO - [2025-01-10T01:11:40.914+0000] {dag.py:3239} INFO - Sync 1 DAGs
[2025-01-10T01:11:40.929+0000] {logging_mixin.py:190} INFO - [2025-01-10T01:11:40.929+0000] {dag.py:4180} INFO - Setting next_dagrun for example_display_name to None, run_after=None
[2025-01-10T01:11:40.950+0000] {processor.py:208} INFO - Processing /home/airflow/.local/lib/python3.12/site-packages/airflow/example_dags/example_display_name.py took 0.081 seconds
[2025-01-10T01:12:11.184+0000] {processor.py:186} INFO - Started process (PID=1340) to work on /home/airflow/.local/lib/python3.12/site-packages/airflow/example_dags/example_display_name.py
[2025-01-10T01:12:11.185+0000] {processor.py:914} INFO - Processing file /home/airflow/.local/lib/python3.12/site-packages/airflow/example_dags/example_display_name.py for tasks to queue
[2025-01-10T01:12:11.188+0000] {logging_mixin.py:190} INFO - [2025-01-10T01:12:11.188+0000] {dagbag.py:588} INFO - Filling up the DagBag from /home/airflow/.local/lib/python3.12/site-packages/airflow/example_dags/example_display_name.py
[2025-01-10T01:12:11.196+0000] {processor.py:925} INFO - DAG(s) 'example_display_name' retrieved from /home/airflow/.local/lib/python3.12/site-packages/airflow/example_dags/example_display_name.py
[2025-01-10T01:12:11.214+0000] {logging_mixin.py:190} INFO - [2025-01-10T01:12:11.214+0000] {dag.py:3239} INFO - Sync 1 DAGs
[2025-01-10T01:12:11.227+0000] {logging_mixin.py:190} INFO - [2025-01-10T01:12:11.227+0000] {dag.py:4180} INFO - Setting next_dagrun for example_display_name to None, run_after=None
[2025-01-10T01:12:11.247+0000] {processor.py:208} INFO - Processing /home/airflow/.local/lib/python3.12/site-packages/airflow/example_dags/example_display_name.py took 0.068 seconds
[2025-01-10T01:12:41.767+0000] {processor.py:186} INFO - Started process (PID=1403) to work on /home/airflow/.local/lib/python3.12/site-packages/airflow/example_dags/example_display_name.py
[2025-01-10T01:12:41.768+0000] {processor.py:914} INFO - Processing file /home/airflow/.local/lib/python3.12/site-packages/airflow/example_dags/example_display_name.py for tasks to queue
[2025-01-10T01:12:41.771+0000] {logging_mixin.py:190} INFO - [2025-01-10T01:12:41.771+0000] {dagbag.py:588} INFO - Filling up the DagBag from /home/airflow/.local/lib/python3.12/site-packages/airflow/example_dags/example_display_name.py
[2025-01-10T01:12:41.780+0000] {processor.py:925} INFO - DAG(s) 'example_display_name' retrieved from /home/airflow/.local/lib/python3.12/site-packages/airflow/example_dags/example_display_name.py
[2025-01-10T01:12:41.801+0000] {logging_mixin.py:190} INFO - [2025-01-10T01:12:41.801+0000] {dag.py:3239} INFO - Sync 1 DAGs
[2025-01-10T01:12:41.817+0000] {logging_mixin.py:190} INFO - [2025-01-10T01:12:41.817+0000] {dag.py:4180} INFO - Setting next_dagrun for example_display_name to None, run_after=None
[2025-01-10T01:12:41.854+0000] {processor.py:208} INFO - Processing /home/airflow/.local/lib/python3.12/site-packages/airflow/example_dags/example_display_name.py took 0.092 seconds
[2025-01-10T01:13:12.520+0000] {processor.py:186} INFO - Started process (PID=1466) to work on /home/airflow/.local/lib/python3.12/site-packages/airflow/example_dags/example_display_name.py
[2025-01-10T01:13:12.522+0000] {processor.py:914} INFO - Processing file /home/airflow/.local/lib/python3.12/site-packages/airflow/example_dags/example_display_name.py for tasks to queue
[2025-01-10T01:13:12.524+0000] {logging_mixin.py:190} INFO - [2025-01-10T01:13:12.524+0000] {dagbag.py:588} INFO - Filling up the DagBag from /home/airflow/.local/lib/python3.12/site-packages/airflow/example_dags/example_display_name.py
[2025-01-10T01:13:12.534+0000] {processor.py:925} INFO - DAG(s) 'example_display_name' retrieved from /home/airflow/.local/lib/python3.12/site-packages/airflow/example_dags/example_display_name.py
[2025-01-10T01:13:12.557+0000] {logging_mixin.py:190} INFO - [2025-01-10T01:13:12.557+0000] {dag.py:3239} INFO - Sync 1 DAGs
[2025-01-10T01:13:12.576+0000] {logging_mixin.py:190} INFO - [2025-01-10T01:13:12.576+0000] {dag.py:4180} INFO - Setting next_dagrun for example_display_name to None, run_after=None
[2025-01-10T01:13:12.599+0000] {processor.py:208} INFO - Processing /home/airflow/.local/lib/python3.12/site-packages/airflow/example_dags/example_display_name.py took 0.085 seconds
[2025-01-10T01:13:42.654+0000] {processor.py:186} INFO - Started process (PID=1529) to work on /home/airflow/.local/lib/python3.12/site-packages/airflow/example_dags/example_display_name.py
[2025-01-10T01:13:42.655+0000] {processor.py:914} INFO - Processing file /home/airflow/.local/lib/python3.12/site-packages/airflow/example_dags/example_display_name.py for tasks to queue
[2025-01-10T01:13:42.659+0000] {logging_mixin.py:190} INFO - [2025-01-10T01:13:42.658+0000] {dagbag.py:588} INFO - Filling up the DagBag from /home/airflow/.local/lib/python3.12/site-packages/airflow/example_dags/example_display_name.py
[2025-01-10T01:13:42.668+0000] {processor.py:925} INFO - DAG(s) 'example_display_name' retrieved from /home/airflow/.local/lib/python3.12/site-packages/airflow/example_dags/example_display_name.py
[2025-01-10T01:13:42.695+0000] {logging_mixin.py:190} INFO - [2025-01-10T01:13:42.695+0000] {dag.py:3239} INFO - Sync 1 DAGs
[2025-01-10T01:13:42.722+0000] {logging_mixin.py:190} INFO - [2025-01-10T01:13:42.722+0000] {dag.py:4180} INFO - Setting next_dagrun for example_display_name to None, run_after=None
[2025-01-10T01:13:42.765+0000] {processor.py:208} INFO - Processing /home/airflow/.local/lib/python3.12/site-packages/airflow/example_dags/example_display_name.py took 0.121 seconds
