[2025-01-10T00:43:52.431+0000] {processor.py:186} INFO - Started process (PID=101) to work on /home/airflow/.local/lib/python3.12/site-packages/airflow/example_dags/example_latest_only.py
[2025-01-10T00:43:52.432+0000] {processor.py:914} INFO - Processing file /home/airflow/.local/lib/python3.12/site-packages/airflow/example_dags/example_latest_only.py for tasks to queue
[2025-01-10T00:43:52.436+0000] {logging_mixin.py:190} INFO - [2025-01-10T00:43:52.435+0000] {dagbag.py:588} INFO - Filling up the DagBag from /home/airflow/.local/lib/python3.12/site-packages/airflow/example_dags/example_latest_only.py
[2025-01-10T00:43:52.447+0000] {processor.py:925} INFO - DAG(s) 'latest_only' retrieved from /home/airflow/.local/lib/python3.12/site-packages/airflow/example_dags/example_latest_only.py
[2025-01-10T00:43:52.605+0000] {logging_mixin.py:190} INFO - [2025-01-10T00:43:52.603+0000] {override.py:1911} INFO - Created Permission View: can delete on DAG:latest_only
[2025-01-10T00:43:52.621+0000] {logging_mixin.py:190} INFO - [2025-01-10T00:43:52.620+0000] {override.py:1911} INFO - Created Permission View: can read on DAG:latest_only
[2025-01-10T00:43:52.629+0000] {logging_mixin.py:190} INFO - [2025-01-10T00:43:52.629+0000] {override.py:1911} INFO - Created Permission View: can edit on DAG:latest_only
[2025-01-10T00:43:52.643+0000] {logging_mixin.py:190} INFO - [2025-01-10T00:43:52.643+0000] {override.py:1911} INFO - Created Permission View: can delete on DAG Run:latest_only
[2025-01-10T00:43:52.652+0000] {logging_mixin.py:190} INFO - [2025-01-10T00:43:52.651+0000] {override.py:1911} INFO - Created Permission View: can read on DAG Run:latest_only
[2025-01-10T00:43:52.662+0000] {logging_mixin.py:190} INFO - [2025-01-10T00:43:52.661+0000] {override.py:1911} INFO - Created Permission View: can create on DAG Run:latest_only
[2025-01-10T00:43:52.676+0000] {logging_mixin.py:190} INFO - [2025-01-10T00:43:52.676+0000] {override.py:1911} INFO - Created Permission View: menu access on DAG Run:latest_only
[2025-01-10T00:43:52.677+0000] {logging_mixin.py:190} INFO - [2025-01-10T00:43:52.677+0000] {dag.py:3239} INFO - Sync 1 DAGs
[2025-01-10T00:43:52.690+0000] {logging_mixin.py:190} INFO - [2025-01-10T00:43:52.689+0000] {dag.py:3262} INFO - Creating ORM DAG for latest_only
[2025-01-10T00:43:52.700+0000] {logging_mixin.py:190} INFO - [2025-01-10T00:43:52.700+0000] {dag.py:4180} INFO - Setting next_dagrun for latest_only to 2025-01-09 20:00:00+00:00, run_after=2025-01-10 00:00:00+00:00
[2025-01-10T00:43:52.734+0000] {processor.py:208} INFO - Processing /home/airflow/.local/lib/python3.12/site-packages/airflow/example_dags/example_latest_only.py took 0.310 seconds
[2025-01-10T00:44:22.969+0000] {processor.py:186} INFO - Started process (PID=164) to work on /home/airflow/.local/lib/python3.12/site-packages/airflow/example_dags/example_latest_only.py
[2025-01-10T00:44:22.971+0000] {processor.py:914} INFO - Processing file /home/airflow/.local/lib/python3.12/site-packages/airflow/example_dags/example_latest_only.py for tasks to queue
[2025-01-10T00:44:22.974+0000] {logging_mixin.py:190} INFO - [2025-01-10T00:44:22.974+0000] {dagbag.py:588} INFO - Filling up the DagBag from /home/airflow/.local/lib/python3.12/site-packages/airflow/example_dags/example_latest_only.py
[2025-01-10T00:44:22.983+0000] {processor.py:925} INFO - DAG(s) 'latest_only' retrieved from /home/airflow/.local/lib/python3.12/site-packages/airflow/example_dags/example_latest_only.py
[2025-01-10T00:44:23.007+0000] {logging_mixin.py:190} INFO - [2025-01-10T00:44:23.007+0000] {dag.py:3239} INFO - Sync 1 DAGs
[2025-01-10T00:44:23.035+0000] {logging_mixin.py:190} INFO - [2025-01-10T00:44:23.035+0000] {dag.py:4180} INFO - Setting next_dagrun for latest_only to 2025-01-09 20:00:00+00:00, run_after=2025-01-10 00:00:00+00:00
[2025-01-10T00:44:23.060+0000] {processor.py:208} INFO - Processing /home/airflow/.local/lib/python3.12/site-packages/airflow/example_dags/example_latest_only.py took 0.098 seconds
[2025-01-10T00:44:54.112+0000] {processor.py:186} INFO - Started process (PID=227) to work on /home/airflow/.local/lib/python3.12/site-packages/airflow/example_dags/example_latest_only.py
[2025-01-10T00:44:54.113+0000] {processor.py:914} INFO - Processing file /home/airflow/.local/lib/python3.12/site-packages/airflow/example_dags/example_latest_only.py for tasks to queue
[2025-01-10T00:44:54.117+0000] {logging_mixin.py:190} INFO - [2025-01-10T00:44:54.116+0000] {dagbag.py:588} INFO - Filling up the DagBag from /home/airflow/.local/lib/python3.12/site-packages/airflow/example_dags/example_latest_only.py
[2025-01-10T00:44:54.126+0000] {processor.py:925} INFO - DAG(s) 'latest_only' retrieved from /home/airflow/.local/lib/python3.12/site-packages/airflow/example_dags/example_latest_only.py
[2025-01-10T00:44:54.154+0000] {logging_mixin.py:190} INFO - [2025-01-10T00:44:54.154+0000] {dag.py:3239} INFO - Sync 1 DAGs
[2025-01-10T00:44:54.184+0000] {logging_mixin.py:190} INFO - [2025-01-10T00:44:54.183+0000] {dag.py:4180} INFO - Setting next_dagrun for latest_only to 2025-01-09 20:00:00+00:00, run_after=2025-01-10 00:00:00+00:00
[2025-01-10T00:44:54.205+0000] {processor.py:208} INFO - Processing /home/airflow/.local/lib/python3.12/site-packages/airflow/example_dags/example_latest_only.py took 0.101 seconds
[2025-01-10T00:45:25.437+0000] {processor.py:186} INFO - Started process (PID=290) to work on /home/airflow/.local/lib/python3.12/site-packages/airflow/example_dags/example_latest_only.py
[2025-01-10T00:45:25.439+0000] {processor.py:914} INFO - Processing file /home/airflow/.local/lib/python3.12/site-packages/airflow/example_dags/example_latest_only.py for tasks to queue
[2025-01-10T00:45:25.448+0000] {logging_mixin.py:190} INFO - [2025-01-10T00:45:25.447+0000] {dagbag.py:588} INFO - Filling up the DagBag from /home/airflow/.local/lib/python3.12/site-packages/airflow/example_dags/example_latest_only.py
[2025-01-10T00:45:25.461+0000] {processor.py:925} INFO - DAG(s) 'latest_only' retrieved from /home/airflow/.local/lib/python3.12/site-packages/airflow/example_dags/example_latest_only.py
[2025-01-10T00:45:25.514+0000] {logging_mixin.py:190} INFO - [2025-01-10T00:45:25.513+0000] {dag.py:3239} INFO - Sync 1 DAGs
[2025-01-10T00:45:25.555+0000] {logging_mixin.py:190} INFO - [2025-01-10T00:45:25.554+0000] {dag.py:4180} INFO - Setting next_dagrun for latest_only to 2025-01-09 20:00:00+00:00, run_after=2025-01-10 00:00:00+00:00
[2025-01-10T00:45:25.587+0000] {processor.py:208} INFO - Processing /home/airflow/.local/lib/python3.12/site-packages/airflow/example_dags/example_latest_only.py took 0.163 seconds
[2025-01-10T00:45:57.097+0000] {processor.py:186} INFO - Started process (PID=353) to work on /home/airflow/.local/lib/python3.12/site-packages/airflow/example_dags/example_latest_only.py
[2025-01-10T00:45:57.098+0000] {processor.py:914} INFO - Processing file /home/airflow/.local/lib/python3.12/site-packages/airflow/example_dags/example_latest_only.py for tasks to queue
[2025-01-10T00:45:57.104+0000] {logging_mixin.py:190} INFO - [2025-01-10T00:45:57.102+0000] {dagbag.py:588} INFO - Filling up the DagBag from /home/airflow/.local/lib/python3.12/site-packages/airflow/example_dags/example_latest_only.py
[2025-01-10T00:45:57.121+0000] {processor.py:925} INFO - DAG(s) 'latest_only' retrieved from /home/airflow/.local/lib/python3.12/site-packages/airflow/example_dags/example_latest_only.py
[2025-01-10T00:45:57.163+0000] {logging_mixin.py:190} INFO - [2025-01-10T00:45:57.163+0000] {dag.py:3239} INFO - Sync 1 DAGs
[2025-01-10T00:45:57.207+0000] {logging_mixin.py:190} INFO - [2025-01-10T00:45:57.206+0000] {dag.py:4180} INFO - Setting next_dagrun for latest_only to 2025-01-09 20:00:00+00:00, run_after=2025-01-10 00:00:00+00:00
[2025-01-10T00:45:57.239+0000] {processor.py:208} INFO - Processing /home/airflow/.local/lib/python3.12/site-packages/airflow/example_dags/example_latest_only.py took 0.153 seconds
[2025-01-10T00:46:28.725+0000] {processor.py:186} INFO - Started process (PID=416) to work on /home/airflow/.local/lib/python3.12/site-packages/airflow/example_dags/example_latest_only.py
[2025-01-10T00:46:28.726+0000] {processor.py:914} INFO - Processing file /home/airflow/.local/lib/python3.12/site-packages/airflow/example_dags/example_latest_only.py for tasks to queue
[2025-01-10T00:46:28.729+0000] {logging_mixin.py:190} INFO - [2025-01-10T00:46:28.729+0000] {dagbag.py:588} INFO - Filling up the DagBag from /home/airflow/.local/lib/python3.12/site-packages/airflow/example_dags/example_latest_only.py
[2025-01-10T00:46:28.736+0000] {processor.py:925} INFO - DAG(s) 'latest_only' retrieved from /home/airflow/.local/lib/python3.12/site-packages/airflow/example_dags/example_latest_only.py
[2025-01-10T00:46:28.753+0000] {logging_mixin.py:190} INFO - [2025-01-10T00:46:28.753+0000] {dag.py:3239} INFO - Sync 1 DAGs
[2025-01-10T00:46:28.776+0000] {logging_mixin.py:190} INFO - [2025-01-10T00:46:28.776+0000] {dag.py:4180} INFO - Setting next_dagrun for latest_only to 2025-01-09 20:00:00+00:00, run_after=2025-01-10 00:00:00+00:00
[2025-01-10T00:46:28.805+0000] {processor.py:208} INFO - Processing /home/airflow/.local/lib/python3.12/site-packages/airflow/example_dags/example_latest_only.py took 0.086 seconds
[2025-01-10T00:47:00.228+0000] {processor.py:186} INFO - Started process (PID=479) to work on /home/airflow/.local/lib/python3.12/site-packages/airflow/example_dags/example_latest_only.py
[2025-01-10T00:47:00.228+0000] {processor.py:914} INFO - Processing file /home/airflow/.local/lib/python3.12/site-packages/airflow/example_dags/example_latest_only.py for tasks to queue
[2025-01-10T00:47:00.232+0000] {logging_mixin.py:190} INFO - [2025-01-10T00:47:00.231+0000] {dagbag.py:588} INFO - Filling up the DagBag from /home/airflow/.local/lib/python3.12/site-packages/airflow/example_dags/example_latest_only.py
[2025-01-10T00:47:00.240+0000] {processor.py:925} INFO - DAG(s) 'latest_only' retrieved from /home/airflow/.local/lib/python3.12/site-packages/airflow/example_dags/example_latest_only.py
[2025-01-10T00:47:00.258+0000] {logging_mixin.py:190} INFO - [2025-01-10T00:47:00.258+0000] {dag.py:3239} INFO - Sync 1 DAGs
[2025-01-10T00:47:00.282+0000] {logging_mixin.py:190} INFO - [2025-01-10T00:47:00.282+0000] {dag.py:4180} INFO - Setting next_dagrun for latest_only to 2025-01-09 20:00:00+00:00, run_after=2025-01-10 00:00:00+00:00
[2025-01-10T00:47:00.301+0000] {processor.py:208} INFO - Processing /home/airflow/.local/lib/python3.12/site-packages/airflow/example_dags/example_latest_only.py took 0.079 seconds
[2025-01-10T00:47:31.454+0000] {processor.py:186} INFO - Started process (PID=542) to work on /home/airflow/.local/lib/python3.12/site-packages/airflow/example_dags/example_latest_only.py
[2025-01-10T00:47:31.455+0000] {processor.py:914} INFO - Processing file /home/airflow/.local/lib/python3.12/site-packages/airflow/example_dags/example_latest_only.py for tasks to queue
[2025-01-10T00:47:31.458+0000] {logging_mixin.py:190} INFO - [2025-01-10T00:47:31.457+0000] {dagbag.py:588} INFO - Filling up the DagBag from /home/airflow/.local/lib/python3.12/site-packages/airflow/example_dags/example_latest_only.py
[2025-01-10T00:47:31.465+0000] {processor.py:925} INFO - DAG(s) 'latest_only' retrieved from /home/airflow/.local/lib/python3.12/site-packages/airflow/example_dags/example_latest_only.py
[2025-01-10T00:47:31.483+0000] {logging_mixin.py:190} INFO - [2025-01-10T00:47:31.483+0000] {dag.py:3239} INFO - Sync 1 DAGs
[2025-01-10T00:47:31.506+0000] {logging_mixin.py:190} INFO - [2025-01-10T00:47:31.506+0000] {dag.py:4180} INFO - Setting next_dagrun for latest_only to 2025-01-09 20:00:00+00:00, run_after=2025-01-10 00:00:00+00:00
[2025-01-10T00:47:31.525+0000] {processor.py:208} INFO - Processing /home/airflow/.local/lib/python3.12/site-packages/airflow/example_dags/example_latest_only.py took 0.077 seconds
[2025-01-10T00:48:02.364+0000] {processor.py:186} INFO - Started process (PID=605) to work on /home/airflow/.local/lib/python3.12/site-packages/airflow/example_dags/example_latest_only.py
[2025-01-10T00:48:02.365+0000] {processor.py:914} INFO - Processing file /home/airflow/.local/lib/python3.12/site-packages/airflow/example_dags/example_latest_only.py for tasks to queue
[2025-01-10T00:48:02.367+0000] {logging_mixin.py:190} INFO - [2025-01-10T00:48:02.367+0000] {dagbag.py:588} INFO - Filling up the DagBag from /home/airflow/.local/lib/python3.12/site-packages/airflow/example_dags/example_latest_only.py
[2025-01-10T00:48:02.374+0000] {processor.py:925} INFO - DAG(s) 'latest_only' retrieved from /home/airflow/.local/lib/python3.12/site-packages/airflow/example_dags/example_latest_only.py
[2025-01-10T00:48:02.392+0000] {logging_mixin.py:190} INFO - [2025-01-10T00:48:02.392+0000] {dag.py:3239} INFO - Sync 1 DAGs
[2025-01-10T00:48:02.416+0000] {logging_mixin.py:190} INFO - [2025-01-10T00:48:02.416+0000] {dag.py:4180} INFO - Setting next_dagrun for latest_only to 2025-01-09 20:00:00+00:00, run_after=2025-01-10 00:00:00+00:00
[2025-01-10T00:48:02.436+0000] {processor.py:208} INFO - Processing /home/airflow/.local/lib/python3.12/site-packages/airflow/example_dags/example_latest_only.py took 0.078 seconds
[2025-01-10T00:48:33.342+0000] {processor.py:186} INFO - Started process (PID=668) to work on /home/airflow/.local/lib/python3.12/site-packages/airflow/example_dags/example_latest_only.py
[2025-01-10T00:48:33.343+0000] {processor.py:914} INFO - Processing file /home/airflow/.local/lib/python3.12/site-packages/airflow/example_dags/example_latest_only.py for tasks to queue
[2025-01-10T00:48:33.345+0000] {logging_mixin.py:190} INFO - [2025-01-10T00:48:33.345+0000] {dagbag.py:588} INFO - Filling up the DagBag from /home/airflow/.local/lib/python3.12/site-packages/airflow/example_dags/example_latest_only.py
[2025-01-10T00:48:33.352+0000] {processor.py:925} INFO - DAG(s) 'latest_only' retrieved from /home/airflow/.local/lib/python3.12/site-packages/airflow/example_dags/example_latest_only.py
[2025-01-10T00:48:33.373+0000] {logging_mixin.py:190} INFO - [2025-01-10T00:48:33.373+0000] {dag.py:3239} INFO - Sync 1 DAGs
[2025-01-10T00:48:33.394+0000] {logging_mixin.py:190} INFO - [2025-01-10T00:48:33.394+0000] {dag.py:4180} INFO - Setting next_dagrun for latest_only to 2025-01-09 20:00:00+00:00, run_after=2025-01-10 00:00:00+00:00
[2025-01-10T00:48:33.413+0000] {processor.py:208} INFO - Processing /home/airflow/.local/lib/python3.12/site-packages/airflow/example_dags/example_latest_only.py took 0.077 seconds
[2025-01-10T00:49:04.722+0000] {processor.py:186} INFO - Started process (PID=731) to work on /home/airflow/.local/lib/python3.12/site-packages/airflow/example_dags/example_latest_only.py
[2025-01-10T00:49:04.723+0000] {processor.py:914} INFO - Processing file /home/airflow/.local/lib/python3.12/site-packages/airflow/example_dags/example_latest_only.py for tasks to queue
[2025-01-10T00:49:04.725+0000] {logging_mixin.py:190} INFO - [2025-01-10T00:49:04.725+0000] {dagbag.py:588} INFO - Filling up the DagBag from /home/airflow/.local/lib/python3.12/site-packages/airflow/example_dags/example_latest_only.py
[2025-01-10T00:49:04.731+0000] {processor.py:925} INFO - DAG(s) 'latest_only' retrieved from /home/airflow/.local/lib/python3.12/site-packages/airflow/example_dags/example_latest_only.py
[2025-01-10T00:49:04.749+0000] {logging_mixin.py:190} INFO - [2025-01-10T00:49:04.749+0000] {dag.py:3239} INFO - Sync 1 DAGs
[2025-01-10T00:49:04.771+0000] {logging_mixin.py:190} INFO - [2025-01-10T00:49:04.771+0000] {dag.py:4180} INFO - Setting next_dagrun for latest_only to 2025-01-09 20:00:00+00:00, run_after=2025-01-10 00:00:00+00:00
[2025-01-10T00:49:04.791+0000] {processor.py:208} INFO - Processing /home/airflow/.local/lib/python3.12/site-packages/airflow/example_dags/example_latest_only.py took 0.075 seconds
[2025-01-10T00:49:35.683+0000] {processor.py:186} INFO - Started process (PID=794) to work on /home/airflow/.local/lib/python3.12/site-packages/airflow/example_dags/example_latest_only.py
[2025-01-10T00:49:35.684+0000] {processor.py:914} INFO - Processing file /home/airflow/.local/lib/python3.12/site-packages/airflow/example_dags/example_latest_only.py for tasks to queue
[2025-01-10T00:49:35.686+0000] {logging_mixin.py:190} INFO - [2025-01-10T00:49:35.686+0000] {dagbag.py:588} INFO - Filling up the DagBag from /home/airflow/.local/lib/python3.12/site-packages/airflow/example_dags/example_latest_only.py
[2025-01-10T00:49:35.693+0000] {processor.py:925} INFO - DAG(s) 'latest_only' retrieved from /home/airflow/.local/lib/python3.12/site-packages/airflow/example_dags/example_latest_only.py
[2025-01-10T00:49:35.710+0000] {logging_mixin.py:190} INFO - [2025-01-10T00:49:35.709+0000] {dag.py:3239} INFO - Sync 1 DAGs
[2025-01-10T00:49:35.731+0000] {logging_mixin.py:190} INFO - [2025-01-10T00:49:35.731+0000] {dag.py:4180} INFO - Setting next_dagrun for latest_only to 2025-01-09 20:00:00+00:00, run_after=2025-01-10 00:00:00+00:00
[2025-01-10T00:49:35.751+0000] {processor.py:208} INFO - Processing /home/airflow/.local/lib/python3.12/site-packages/airflow/example_dags/example_latest_only.py took 0.074 seconds
[2025-01-10T00:50:07.143+0000] {processor.py:186} INFO - Started process (PID=857) to work on /home/airflow/.local/lib/python3.12/site-packages/airflow/example_dags/example_latest_only.py
[2025-01-10T00:50:07.144+0000] {processor.py:914} INFO - Processing file /home/airflow/.local/lib/python3.12/site-packages/airflow/example_dags/example_latest_only.py for tasks to queue
[2025-01-10T00:50:07.146+0000] {logging_mixin.py:190} INFO - [2025-01-10T00:50:07.146+0000] {dagbag.py:588} INFO - Filling up the DagBag from /home/airflow/.local/lib/python3.12/site-packages/airflow/example_dags/example_latest_only.py
[2025-01-10T00:50:07.152+0000] {processor.py:925} INFO - DAG(s) 'latest_only' retrieved from /home/airflow/.local/lib/python3.12/site-packages/airflow/example_dags/example_latest_only.py
[2025-01-10T00:50:07.175+0000] {logging_mixin.py:190} INFO - [2025-01-10T00:50:07.175+0000] {dag.py:3239} INFO - Sync 1 DAGs
[2025-01-10T00:50:07.199+0000] {logging_mixin.py:190} INFO - [2025-01-10T00:50:07.199+0000] {dag.py:4180} INFO - Setting next_dagrun for latest_only to 2025-01-09 20:00:00+00:00, run_after=2025-01-10 00:00:00+00:00
[2025-01-10T00:50:07.220+0000] {processor.py:208} INFO - Processing /home/airflow/.local/lib/python3.12/site-packages/airflow/example_dags/example_latest_only.py took 0.082 seconds
[2025-01-10T00:50:38.474+0000] {processor.py:186} INFO - Started process (PID=920) to work on /home/airflow/.local/lib/python3.12/site-packages/airflow/example_dags/example_latest_only.py
[2025-01-10T00:50:38.475+0000] {processor.py:914} INFO - Processing file /home/airflow/.local/lib/python3.12/site-packages/airflow/example_dags/example_latest_only.py for tasks to queue
[2025-01-10T00:50:38.477+0000] {logging_mixin.py:190} INFO - [2025-01-10T00:50:38.477+0000] {dagbag.py:588} INFO - Filling up the DagBag from /home/airflow/.local/lib/python3.12/site-packages/airflow/example_dags/example_latest_only.py
[2025-01-10T00:50:38.484+0000] {processor.py:925} INFO - DAG(s) 'latest_only' retrieved from /home/airflow/.local/lib/python3.12/site-packages/airflow/example_dags/example_latest_only.py
[2025-01-10T00:50:38.500+0000] {logging_mixin.py:190} INFO - [2025-01-10T00:50:38.500+0000] {dag.py:3239} INFO - Sync 1 DAGs
[2025-01-10T00:50:38.522+0000] {logging_mixin.py:190} INFO - [2025-01-10T00:50:38.522+0000] {dag.py:4180} INFO - Setting next_dagrun for latest_only to 2025-01-09 20:00:00+00:00, run_after=2025-01-10 00:00:00+00:00
[2025-01-10T00:50:38.541+0000] {processor.py:208} INFO - Processing /home/airflow/.local/lib/python3.12/site-packages/airflow/example_dags/example_latest_only.py took 0.073 seconds
[2025-01-10T00:51:09.748+0000] {processor.py:186} INFO - Started process (PID=983) to work on /home/airflow/.local/lib/python3.12/site-packages/airflow/example_dags/example_latest_only.py
[2025-01-10T00:51:09.748+0000] {processor.py:914} INFO - Processing file /home/airflow/.local/lib/python3.12/site-packages/airflow/example_dags/example_latest_only.py for tasks to queue
[2025-01-10T00:51:09.750+0000] {logging_mixin.py:190} INFO - [2025-01-10T00:51:09.750+0000] {dagbag.py:588} INFO - Filling up the DagBag from /home/airflow/.local/lib/python3.12/site-packages/airflow/example_dags/example_latest_only.py
[2025-01-10T00:51:09.757+0000] {processor.py:925} INFO - DAG(s) 'latest_only' retrieved from /home/airflow/.local/lib/python3.12/site-packages/airflow/example_dags/example_latest_only.py
[2025-01-10T00:51:09.774+0000] {logging_mixin.py:190} INFO - [2025-01-10T00:51:09.774+0000] {dag.py:3239} INFO - Sync 1 DAGs
[2025-01-10T00:51:09.795+0000] {logging_mixin.py:190} INFO - [2025-01-10T00:51:09.795+0000] {dag.py:4180} INFO - Setting next_dagrun for latest_only to 2025-01-09 20:00:00+00:00, run_after=2025-01-10 00:00:00+00:00
[2025-01-10T00:51:09.815+0000] {processor.py:208} INFO - Processing /home/airflow/.local/lib/python3.12/site-packages/airflow/example_dags/example_latest_only.py took 0.073 seconds
[2025-01-10T00:51:40.965+0000] {processor.py:186} INFO - Started process (PID=1047) to work on /home/airflow/.local/lib/python3.12/site-packages/airflow/example_dags/example_latest_only.py
[2025-01-10T00:51:40.966+0000] {processor.py:914} INFO - Processing file /home/airflow/.local/lib/python3.12/site-packages/airflow/example_dags/example_latest_only.py for tasks to queue
[2025-01-10T00:51:40.969+0000] {logging_mixin.py:190} INFO - [2025-01-10T00:51:40.968+0000] {dagbag.py:588} INFO - Filling up the DagBag from /home/airflow/.local/lib/python3.12/site-packages/airflow/example_dags/example_latest_only.py
[2025-01-10T00:51:40.975+0000] {processor.py:925} INFO - DAG(s) 'latest_only' retrieved from /home/airflow/.local/lib/python3.12/site-packages/airflow/example_dags/example_latest_only.py
[2025-01-10T00:51:40.991+0000] {logging_mixin.py:190} INFO - [2025-01-10T00:51:40.991+0000] {dag.py:3239} INFO - Sync 1 DAGs
[2025-01-10T00:51:41.013+0000] {logging_mixin.py:190} INFO - [2025-01-10T00:51:41.012+0000] {dag.py:4180} INFO - Setting next_dagrun for latest_only to 2025-01-09 20:00:00+00:00, run_after=2025-01-10 00:00:00+00:00
[2025-01-10T00:51:41.032+0000] {processor.py:208} INFO - Processing /home/airflow/.local/lib/python3.12/site-packages/airflow/example_dags/example_latest_only.py took 0.073 seconds
[2025-01-10T00:52:12.280+0000] {processor.py:186} INFO - Started process (PID=1116) to work on /home/airflow/.local/lib/python3.12/site-packages/airflow/example_dags/example_latest_only.py
[2025-01-10T00:52:12.281+0000] {processor.py:914} INFO - Processing file /home/airflow/.local/lib/python3.12/site-packages/airflow/example_dags/example_latest_only.py for tasks to queue
[2025-01-10T00:52:12.283+0000] {logging_mixin.py:190} INFO - [2025-01-10T00:52:12.282+0000] {dagbag.py:588} INFO - Filling up the DagBag from /home/airflow/.local/lib/python3.12/site-packages/airflow/example_dags/example_latest_only.py
[2025-01-10T00:52:12.289+0000] {processor.py:925} INFO - DAG(s) 'latest_only' retrieved from /home/airflow/.local/lib/python3.12/site-packages/airflow/example_dags/example_latest_only.py
[2025-01-10T00:52:12.307+0000] {logging_mixin.py:190} INFO - [2025-01-10T00:52:12.307+0000] {dag.py:3239} INFO - Sync 1 DAGs
[2025-01-10T00:52:12.328+0000] {logging_mixin.py:190} INFO - [2025-01-10T00:52:12.328+0000] {dag.py:4180} INFO - Setting next_dagrun for latest_only to 2025-01-09 20:00:00+00:00, run_after=2025-01-10 00:00:00+00:00
[2025-01-10T00:52:12.347+0000] {processor.py:208} INFO - Processing /home/airflow/.local/lib/python3.12/site-packages/airflow/example_dags/example_latest_only.py took 0.073 seconds
[2025-01-10T00:52:43.796+0000] {processor.py:186} INFO - Started process (PID=1179) to work on /home/airflow/.local/lib/python3.12/site-packages/airflow/example_dags/example_latest_only.py
[2025-01-10T00:52:43.797+0000] {processor.py:914} INFO - Processing file /home/airflow/.local/lib/python3.12/site-packages/airflow/example_dags/example_latest_only.py for tasks to queue
[2025-01-10T00:52:43.799+0000] {logging_mixin.py:190} INFO - [2025-01-10T00:52:43.799+0000] {dagbag.py:588} INFO - Filling up the DagBag from /home/airflow/.local/lib/python3.12/site-packages/airflow/example_dags/example_latest_only.py
[2025-01-10T00:52:43.805+0000] {processor.py:925} INFO - DAG(s) 'latest_only' retrieved from /home/airflow/.local/lib/python3.12/site-packages/airflow/example_dags/example_latest_only.py
[2025-01-10T00:52:43.823+0000] {logging_mixin.py:190} INFO - [2025-01-10T00:52:43.823+0000] {dag.py:3239} INFO - Sync 1 DAGs
[2025-01-10T00:52:43.844+0000] {logging_mixin.py:190} INFO - [2025-01-10T00:52:43.844+0000] {dag.py:4180} INFO - Setting next_dagrun for latest_only to 2025-01-09 20:00:00+00:00, run_after=2025-01-10 00:00:00+00:00
[2025-01-10T00:52:43.864+0000] {processor.py:208} INFO - Processing /home/airflow/.local/lib/python3.12/site-packages/airflow/example_dags/example_latest_only.py took 0.073 seconds
[2025-01-10T00:53:15.526+0000] {processor.py:186} INFO - Started process (PID=1242) to work on /home/airflow/.local/lib/python3.12/site-packages/airflow/example_dags/example_latest_only.py
[2025-01-10T00:53:15.527+0000] {processor.py:914} INFO - Processing file /home/airflow/.local/lib/python3.12/site-packages/airflow/example_dags/example_latest_only.py for tasks to queue
[2025-01-10T00:53:15.530+0000] {logging_mixin.py:190} INFO - [2025-01-10T00:53:15.529+0000] {dagbag.py:588} INFO - Filling up the DagBag from /home/airflow/.local/lib/python3.12/site-packages/airflow/example_dags/example_latest_only.py
[2025-01-10T00:53:15.538+0000] {processor.py:925} INFO - DAG(s) 'latest_only' retrieved from /home/airflow/.local/lib/python3.12/site-packages/airflow/example_dags/example_latest_only.py
[2025-01-10T00:53:15.558+0000] {logging_mixin.py:190} INFO - [2025-01-10T00:53:15.557+0000] {dag.py:3239} INFO - Sync 1 DAGs
[2025-01-10T00:53:15.586+0000] {logging_mixin.py:190} INFO - [2025-01-10T00:53:15.586+0000] {dag.py:4180} INFO - Setting next_dagrun for latest_only to 2025-01-09 20:00:00+00:00, run_after=2025-01-10 00:00:00+00:00
[2025-01-10T00:53:15.611+0000] {processor.py:208} INFO - Processing /home/airflow/.local/lib/python3.12/site-packages/airflow/example_dags/example_latest_only.py took 0.093 seconds
[2025-01-10T00:53:46.771+0000] {processor.py:186} INFO - Started process (PID=1306) to work on /home/airflow/.local/lib/python3.12/site-packages/airflow/example_dags/example_latest_only.py
[2025-01-10T00:53:46.773+0000] {processor.py:914} INFO - Processing file /home/airflow/.local/lib/python3.12/site-packages/airflow/example_dags/example_latest_only.py for tasks to queue
[2025-01-10T00:53:46.778+0000] {logging_mixin.py:190} INFO - [2025-01-10T00:53:46.778+0000] {dagbag.py:588} INFO - Filling up the DagBag from /home/airflow/.local/lib/python3.12/site-packages/airflow/example_dags/example_latest_only.py
[2025-01-10T00:53:46.799+0000] {processor.py:925} INFO - DAG(s) 'latest_only' retrieved from /home/airflow/.local/lib/python3.12/site-packages/airflow/example_dags/example_latest_only.py
[2025-01-10T00:53:46.839+0000] {logging_mixin.py:190} INFO - [2025-01-10T00:53:46.839+0000] {dag.py:3239} INFO - Sync 1 DAGs
[2025-01-10T00:53:46.886+0000] {logging_mixin.py:190} INFO - [2025-01-10T00:53:46.886+0000] {dag.py:4180} INFO - Setting next_dagrun for latest_only to 2025-01-09 20:00:00+00:00, run_after=2025-01-10 00:00:00+00:00
[2025-01-10T00:53:46.930+0000] {processor.py:208} INFO - Processing /home/airflow/.local/lib/python3.12/site-packages/airflow/example_dags/example_latest_only.py took 0.169 seconds
[2025-01-10T00:54:17.615+0000] {processor.py:186} INFO - Started process (PID=1369) to work on /home/airflow/.local/lib/python3.12/site-packages/airflow/example_dags/example_latest_only.py
[2025-01-10T00:54:17.616+0000] {processor.py:914} INFO - Processing file /home/airflow/.local/lib/python3.12/site-packages/airflow/example_dags/example_latest_only.py for tasks to queue
[2025-01-10T00:54:17.618+0000] {logging_mixin.py:190} INFO - [2025-01-10T00:54:17.618+0000] {dagbag.py:588} INFO - Filling up the DagBag from /home/airflow/.local/lib/python3.12/site-packages/airflow/example_dags/example_latest_only.py
[2025-01-10T00:54:17.624+0000] {processor.py:925} INFO - DAG(s) 'latest_only' retrieved from /home/airflow/.local/lib/python3.12/site-packages/airflow/example_dags/example_latest_only.py
[2025-01-10T00:54:17.642+0000] {logging_mixin.py:190} INFO - [2025-01-10T00:54:17.642+0000] {dag.py:3239} INFO - Sync 1 DAGs
[2025-01-10T00:54:17.663+0000] {logging_mixin.py:190} INFO - [2025-01-10T00:54:17.662+0000] {dag.py:4180} INFO - Setting next_dagrun for latest_only to 2025-01-09 20:00:00+00:00, run_after=2025-01-10 00:00:00+00:00
[2025-01-10T00:54:17.681+0000] {processor.py:208} INFO - Processing /home/airflow/.local/lib/python3.12/site-packages/airflow/example_dags/example_latest_only.py took 0.072 seconds
[2025-01-10T00:54:48.557+0000] {processor.py:186} INFO - Started process (PID=1432) to work on /home/airflow/.local/lib/python3.12/site-packages/airflow/example_dags/example_latest_only.py
[2025-01-10T00:54:48.558+0000] {processor.py:914} INFO - Processing file /home/airflow/.local/lib/python3.12/site-packages/airflow/example_dags/example_latest_only.py for tasks to queue
[2025-01-10T00:54:48.560+0000] {logging_mixin.py:190} INFO - [2025-01-10T00:54:48.560+0000] {dagbag.py:588} INFO - Filling up the DagBag from /home/airflow/.local/lib/python3.12/site-packages/airflow/example_dags/example_latest_only.py
[2025-01-10T00:54:48.566+0000] {processor.py:925} INFO - DAG(s) 'latest_only' retrieved from /home/airflow/.local/lib/python3.12/site-packages/airflow/example_dags/example_latest_only.py
[2025-01-10T00:54:48.584+0000] {logging_mixin.py:190} INFO - [2025-01-10T00:54:48.584+0000] {dag.py:3239} INFO - Sync 1 DAGs
[2025-01-10T00:54:48.606+0000] {logging_mixin.py:190} INFO - [2025-01-10T00:54:48.605+0000] {dag.py:4180} INFO - Setting next_dagrun for latest_only to 2025-01-09 20:00:00+00:00, run_after=2025-01-10 00:00:00+00:00
[2025-01-10T00:54:48.624+0000] {processor.py:208} INFO - Processing /home/airflow/.local/lib/python3.12/site-packages/airflow/example_dags/example_latest_only.py took 0.073 seconds
[2025-01-10T00:55:19.813+0000] {processor.py:186} INFO - Started process (PID=1495) to work on /home/airflow/.local/lib/python3.12/site-packages/airflow/example_dags/example_latest_only.py
[2025-01-10T00:55:19.814+0000] {processor.py:914} INFO - Processing file /home/airflow/.local/lib/python3.12/site-packages/airflow/example_dags/example_latest_only.py for tasks to queue
[2025-01-10T00:55:19.816+0000] {logging_mixin.py:190} INFO - [2025-01-10T00:55:19.816+0000] {dagbag.py:588} INFO - Filling up the DagBag from /home/airflow/.local/lib/python3.12/site-packages/airflow/example_dags/example_latest_only.py
[2025-01-10T00:55:19.823+0000] {processor.py:925} INFO - DAG(s) 'latest_only' retrieved from /home/airflow/.local/lib/python3.12/site-packages/airflow/example_dags/example_latest_only.py
[2025-01-10T00:55:19.841+0000] {logging_mixin.py:190} INFO - [2025-01-10T00:55:19.840+0000] {dag.py:3239} INFO - Sync 1 DAGs
[2025-01-10T00:55:19.863+0000] {logging_mixin.py:190} INFO - [2025-01-10T00:55:19.863+0000] {dag.py:4180} INFO - Setting next_dagrun for latest_only to 2025-01-09 20:00:00+00:00, run_after=2025-01-10 00:00:00+00:00
[2025-01-10T00:55:19.883+0000] {processor.py:208} INFO - Processing /home/airflow/.local/lib/python3.12/site-packages/airflow/example_dags/example_latest_only.py took 0.076 seconds
[2025-01-10T00:55:50.847+0000] {processor.py:186} INFO - Started process (PID=1558) to work on /home/airflow/.local/lib/python3.12/site-packages/airflow/example_dags/example_latest_only.py
[2025-01-10T00:55:50.848+0000] {processor.py:914} INFO - Processing file /home/airflow/.local/lib/python3.12/site-packages/airflow/example_dags/example_latest_only.py for tasks to queue
[2025-01-10T00:55:50.850+0000] {logging_mixin.py:190} INFO - [2025-01-10T00:55:50.850+0000] {dagbag.py:588} INFO - Filling up the DagBag from /home/airflow/.local/lib/python3.12/site-packages/airflow/example_dags/example_latest_only.py
[2025-01-10T00:55:50.857+0000] {processor.py:925} INFO - DAG(s) 'latest_only' retrieved from /home/airflow/.local/lib/python3.12/site-packages/airflow/example_dags/example_latest_only.py
[2025-01-10T00:55:50.874+0000] {logging_mixin.py:190} INFO - [2025-01-10T00:55:50.873+0000] {dag.py:3239} INFO - Sync 1 DAGs
[2025-01-10T00:55:50.894+0000] {logging_mixin.py:190} INFO - [2025-01-10T00:55:50.894+0000] {dag.py:4180} INFO - Setting next_dagrun for latest_only to 2025-01-09 20:00:00+00:00, run_after=2025-01-10 00:00:00+00:00
[2025-01-10T00:55:50.913+0000] {processor.py:208} INFO - Processing /home/airflow/.local/lib/python3.12/site-packages/airflow/example_dags/example_latest_only.py took 0.071 seconds
[2025-01-10T00:56:21.819+0000] {processor.py:186} INFO - Started process (PID=1621) to work on /home/airflow/.local/lib/python3.12/site-packages/airflow/example_dags/example_latest_only.py
[2025-01-10T00:56:21.820+0000] {processor.py:914} INFO - Processing file /home/airflow/.local/lib/python3.12/site-packages/airflow/example_dags/example_latest_only.py for tasks to queue
[2025-01-10T00:56:21.822+0000] {logging_mixin.py:190} INFO - [2025-01-10T00:56:21.822+0000] {dagbag.py:588} INFO - Filling up the DagBag from /home/airflow/.local/lib/python3.12/site-packages/airflow/example_dags/example_latest_only.py
[2025-01-10T00:56:21.829+0000] {processor.py:925} INFO - DAG(s) 'latest_only' retrieved from /home/airflow/.local/lib/python3.12/site-packages/airflow/example_dags/example_latest_only.py
[2025-01-10T00:56:21.846+0000] {logging_mixin.py:190} INFO - [2025-01-10T00:56:21.846+0000] {dag.py:3239} INFO - Sync 1 DAGs
[2025-01-10T00:56:21.868+0000] {logging_mixin.py:190} INFO - [2025-01-10T00:56:21.868+0000] {dag.py:4180} INFO - Setting next_dagrun for latest_only to 2025-01-09 20:00:00+00:00, run_after=2025-01-10 00:00:00+00:00
[2025-01-10T00:56:21.888+0000] {processor.py:208} INFO - Processing /home/airflow/.local/lib/python3.12/site-packages/airflow/example_dags/example_latest_only.py took 0.075 seconds
[2025-01-10T00:56:53.410+0000] {processor.py:186} INFO - Started process (PID=1684) to work on /home/airflow/.local/lib/python3.12/site-packages/airflow/example_dags/example_latest_only.py
[2025-01-10T00:56:53.411+0000] {processor.py:914} INFO - Processing file /home/airflow/.local/lib/python3.12/site-packages/airflow/example_dags/example_latest_only.py for tasks to queue
[2025-01-10T00:56:53.414+0000] {logging_mixin.py:190} INFO - [2025-01-10T00:56:53.413+0000] {dagbag.py:588} INFO - Filling up the DagBag from /home/airflow/.local/lib/python3.12/site-packages/airflow/example_dags/example_latest_only.py
[2025-01-10T00:56:53.421+0000] {processor.py:925} INFO - DAG(s) 'latest_only' retrieved from /home/airflow/.local/lib/python3.12/site-packages/airflow/example_dags/example_latest_only.py
[2025-01-10T00:56:53.444+0000] {logging_mixin.py:190} INFO - [2025-01-10T00:56:53.443+0000] {dag.py:3239} INFO - Sync 1 DAGs
[2025-01-10T00:56:53.470+0000] {logging_mixin.py:190} INFO - [2025-01-10T00:56:53.469+0000] {dag.py:4180} INFO - Setting next_dagrun for latest_only to 2025-01-09 20:00:00+00:00, run_after=2025-01-10 00:00:00+00:00
[2025-01-10T00:56:53.493+0000] {processor.py:208} INFO - Processing /home/airflow/.local/lib/python3.12/site-packages/airflow/example_dags/example_latest_only.py took 0.090 seconds
[2025-01-10T00:57:24.554+0000] {processor.py:186} INFO - Started process (PID=1747) to work on /home/airflow/.local/lib/python3.12/site-packages/airflow/example_dags/example_latest_only.py
[2025-01-10T00:57:24.555+0000] {processor.py:914} INFO - Processing file /home/airflow/.local/lib/python3.12/site-packages/airflow/example_dags/example_latest_only.py for tasks to queue
[2025-01-10T00:57:24.557+0000] {logging_mixin.py:190} INFO - [2025-01-10T00:57:24.557+0000] {dagbag.py:588} INFO - Filling up the DagBag from /home/airflow/.local/lib/python3.12/site-packages/airflow/example_dags/example_latest_only.py
[2025-01-10T00:57:24.565+0000] {processor.py:925} INFO - DAG(s) 'latest_only' retrieved from /home/airflow/.local/lib/python3.12/site-packages/airflow/example_dags/example_latest_only.py
[2025-01-10T00:57:24.584+0000] {logging_mixin.py:190} INFO - [2025-01-10T00:57:24.584+0000] {dag.py:3239} INFO - Sync 1 DAGs
[2025-01-10T00:57:24.607+0000] {logging_mixin.py:190} INFO - [2025-01-10T00:57:24.607+0000] {dag.py:4180} INFO - Setting next_dagrun for latest_only to 2025-01-09 20:00:00+00:00, run_after=2025-01-10 00:00:00+00:00
[2025-01-10T00:57:24.627+0000] {processor.py:208} INFO - Processing /home/airflow/.local/lib/python3.12/site-packages/airflow/example_dags/example_latest_only.py took 0.079 seconds
[2025-01-10T00:57:55.781+0000] {processor.py:186} INFO - Started process (PID=1811) to work on /home/airflow/.local/lib/python3.12/site-packages/airflow/example_dags/example_latest_only.py
[2025-01-10T00:57:55.782+0000] {processor.py:914} INFO - Processing file /home/airflow/.local/lib/python3.12/site-packages/airflow/example_dags/example_latest_only.py for tasks to queue
[2025-01-10T00:57:55.785+0000] {logging_mixin.py:190} INFO - [2025-01-10T00:57:55.784+0000] {dagbag.py:588} INFO - Filling up the DagBag from /home/airflow/.local/lib/python3.12/site-packages/airflow/example_dags/example_latest_only.py
[2025-01-10T00:57:55.792+0000] {processor.py:925} INFO - DAG(s) 'latest_only' retrieved from /home/airflow/.local/lib/python3.12/site-packages/airflow/example_dags/example_latest_only.py
[2025-01-10T00:57:55.811+0000] {logging_mixin.py:190} INFO - [2025-01-10T00:57:55.810+0000] {dag.py:3239} INFO - Sync 1 DAGs
[2025-01-10T00:57:55.835+0000] {logging_mixin.py:190} INFO - [2025-01-10T00:57:55.835+0000] {dag.py:4180} INFO - Setting next_dagrun for latest_only to 2025-01-09 20:00:00+00:00, run_after=2025-01-10 00:00:00+00:00
[2025-01-10T00:57:55.858+0000] {processor.py:208} INFO - Processing /home/airflow/.local/lib/python3.12/site-packages/airflow/example_dags/example_latest_only.py took 0.082 seconds
[2025-01-10T00:58:27.081+0000] {processor.py:186} INFO - Started process (PID=1874) to work on /home/airflow/.local/lib/python3.12/site-packages/airflow/example_dags/example_latest_only.py
[2025-01-10T00:58:27.082+0000] {processor.py:914} INFO - Processing file /home/airflow/.local/lib/python3.12/site-packages/airflow/example_dags/example_latest_only.py for tasks to queue
[2025-01-10T00:58:27.087+0000] {logging_mixin.py:190} INFO - [2025-01-10T00:58:27.086+0000] {dagbag.py:588} INFO - Filling up the DagBag from /home/airflow/.local/lib/python3.12/site-packages/airflow/example_dags/example_latest_only.py
[2025-01-10T00:58:27.099+0000] {processor.py:925} INFO - DAG(s) 'latest_only' retrieved from /home/airflow/.local/lib/python3.12/site-packages/airflow/example_dags/example_latest_only.py
[2025-01-10T00:58:27.132+0000] {logging_mixin.py:190} INFO - [2025-01-10T00:58:27.132+0000] {dag.py:3239} INFO - Sync 1 DAGs
[2025-01-10T00:58:27.168+0000] {logging_mixin.py:190} INFO - [2025-01-10T00:58:27.168+0000] {dag.py:4180} INFO - Setting next_dagrun for latest_only to 2025-01-09 20:00:00+00:00, run_after=2025-01-10 00:00:00+00:00
[2025-01-10T00:58:27.194+0000] {processor.py:208} INFO - Processing /home/airflow/.local/lib/python3.12/site-packages/airflow/example_dags/example_latest_only.py took 0.123 seconds
[2025-01-10T01:02:02.125+0000] {processor.py:186} INFO - Started process (PID=95) to work on /home/airflow/.local/lib/python3.12/site-packages/airflow/example_dags/example_latest_only.py
[2025-01-10T01:02:02.127+0000] {processor.py:914} INFO - Processing file /home/airflow/.local/lib/python3.12/site-packages/airflow/example_dags/example_latest_only.py for tasks to queue
[2025-01-10T01:02:02.131+0000] {logging_mixin.py:190} INFO - [2025-01-10T01:02:02.131+0000] {dagbag.py:588} INFO - Filling up the DagBag from /home/airflow/.local/lib/python3.12/site-packages/airflow/example_dags/example_latest_only.py
[2025-01-10T01:02:02.143+0000] {processor.py:925} INFO - DAG(s) 'latest_only' retrieved from /home/airflow/.local/lib/python3.12/site-packages/airflow/example_dags/example_latest_only.py
[2025-01-10T01:02:02.176+0000] {logging_mixin.py:190} INFO - [2025-01-10T01:02:02.175+0000] {dag.py:3239} INFO - Sync 1 DAGs
[2025-01-10T01:02:02.222+0000] {logging_mixin.py:190} INFO - [2025-01-10T01:02:02.222+0000] {dag.py:4180} INFO - Setting next_dagrun for latest_only to 2025-01-09 20:00:00+00:00, run_after=2025-01-10 00:00:00+00:00
[2025-01-10T01:02:02.263+0000] {processor.py:208} INFO - Processing /home/airflow/.local/lib/python3.12/site-packages/airflow/example_dags/example_latest_only.py took 0.148 seconds
[2025-01-10T01:02:32.699+0000] {processor.py:186} INFO - Started process (PID=158) to work on /home/airflow/.local/lib/python3.12/site-packages/airflow/example_dags/example_latest_only.py
[2025-01-10T01:02:32.701+0000] {processor.py:914} INFO - Processing file /home/airflow/.local/lib/python3.12/site-packages/airflow/example_dags/example_latest_only.py for tasks to queue
[2025-01-10T01:02:32.705+0000] {logging_mixin.py:190} INFO - [2025-01-10T01:02:32.705+0000] {dagbag.py:588} INFO - Filling up the DagBag from /home/airflow/.local/lib/python3.12/site-packages/airflow/example_dags/example_latest_only.py
[2025-01-10T01:02:32.718+0000] {processor.py:925} INFO - DAG(s) 'latest_only' retrieved from /home/airflow/.local/lib/python3.12/site-packages/airflow/example_dags/example_latest_only.py
[2025-01-10T01:02:32.743+0000] {logging_mixin.py:190} INFO - [2025-01-10T01:02:32.743+0000] {dag.py:3239} INFO - Sync 1 DAGs
[2025-01-10T01:02:32.777+0000] {logging_mixin.py:190} INFO - [2025-01-10T01:02:32.776+0000] {dag.py:4180} INFO - Setting next_dagrun for latest_only to 2025-01-09 20:00:00+00:00, run_after=2025-01-10 00:00:00+00:00
[2025-01-10T01:02:32.807+0000] {processor.py:208} INFO - Processing /home/airflow/.local/lib/python3.12/site-packages/airflow/example_dags/example_latest_only.py took 0.120 seconds
[2025-01-10T01:03:03.246+0000] {processor.py:186} INFO - Started process (PID=221) to work on /home/airflow/.local/lib/python3.12/site-packages/airflow/example_dags/example_latest_only.py
[2025-01-10T01:03:03.247+0000] {processor.py:914} INFO - Processing file /home/airflow/.local/lib/python3.12/site-packages/airflow/example_dags/example_latest_only.py for tasks to queue
[2025-01-10T01:03:03.250+0000] {logging_mixin.py:190} INFO - [2025-01-10T01:03:03.249+0000] {dagbag.py:588} INFO - Filling up the DagBag from /home/airflow/.local/lib/python3.12/site-packages/airflow/example_dags/example_latest_only.py
[2025-01-10T01:03:03.256+0000] {processor.py:925} INFO - DAG(s) 'latest_only' retrieved from /home/airflow/.local/lib/python3.12/site-packages/airflow/example_dags/example_latest_only.py
[2025-01-10T01:03:03.276+0000] {logging_mixin.py:190} INFO - [2025-01-10T01:03:03.276+0000] {dag.py:3239} INFO - Sync 1 DAGs
[2025-01-10T01:03:03.299+0000] {logging_mixin.py:190} INFO - [2025-01-10T01:03:03.299+0000] {dag.py:4180} INFO - Setting next_dagrun for latest_only to 2025-01-09 20:00:00+00:00, run_after=2025-01-10 00:00:00+00:00
[2025-01-10T01:03:03.324+0000] {processor.py:208} INFO - Processing /home/airflow/.local/lib/python3.12/site-packages/airflow/example_dags/example_latest_only.py took 0.083 seconds
[2025-01-10T01:03:33.409+0000] {processor.py:186} INFO - Started process (PID=283) to work on /home/airflow/.local/lib/python3.12/site-packages/airflow/example_dags/example_latest_only.py
[2025-01-10T01:03:33.411+0000] {processor.py:914} INFO - Processing file /home/airflow/.local/lib/python3.12/site-packages/airflow/example_dags/example_latest_only.py for tasks to queue
[2025-01-10T01:03:33.415+0000] {logging_mixin.py:190} INFO - [2025-01-10T01:03:33.414+0000] {dagbag.py:588} INFO - Filling up the DagBag from /home/airflow/.local/lib/python3.12/site-packages/airflow/example_dags/example_latest_only.py
[2025-01-10T01:03:33.423+0000] {processor.py:925} INFO - DAG(s) 'latest_only' retrieved from /home/airflow/.local/lib/python3.12/site-packages/airflow/example_dags/example_latest_only.py
[2025-01-10T01:03:33.450+0000] {logging_mixin.py:190} INFO - [2025-01-10T01:03:33.449+0000] {dag.py:3239} INFO - Sync 1 DAGs
[2025-01-10T01:03:33.480+0000] {logging_mixin.py:190} INFO - [2025-01-10T01:03:33.480+0000] {dag.py:4180} INFO - Setting next_dagrun for latest_only to 2025-01-09 20:00:00+00:00, run_after=2025-01-10 00:00:00+00:00
[2025-01-10T01:03:33.507+0000] {processor.py:208} INFO - Processing /home/airflow/.local/lib/python3.12/site-packages/airflow/example_dags/example_latest_only.py took 0.105 seconds
[2025-01-10T01:04:04.801+0000] {processor.py:186} INFO - Started process (PID=346) to work on /home/airflow/.local/lib/python3.12/site-packages/airflow/example_dags/example_latest_only.py
[2025-01-10T01:04:04.802+0000] {processor.py:914} INFO - Processing file /home/airflow/.local/lib/python3.12/site-packages/airflow/example_dags/example_latest_only.py for tasks to queue
[2025-01-10T01:04:04.805+0000] {logging_mixin.py:190} INFO - [2025-01-10T01:04:04.804+0000] {dagbag.py:588} INFO - Filling up the DagBag from /home/airflow/.local/lib/python3.12/site-packages/airflow/example_dags/example_latest_only.py
[2025-01-10T01:04:04.812+0000] {processor.py:925} INFO - DAG(s) 'latest_only' retrieved from /home/airflow/.local/lib/python3.12/site-packages/airflow/example_dags/example_latest_only.py
[2025-01-10T01:04:04.833+0000] {logging_mixin.py:190} INFO - [2025-01-10T01:04:04.833+0000] {dag.py:3239} INFO - Sync 1 DAGs
[2025-01-10T01:04:04.858+0000] {logging_mixin.py:190} INFO - [2025-01-10T01:04:04.858+0000] {dag.py:4180} INFO - Setting next_dagrun for latest_only to 2025-01-09 20:00:00+00:00, run_after=2025-01-10 00:00:00+00:00
[2025-01-10T01:04:04.880+0000] {processor.py:208} INFO - Processing /home/airflow/.local/lib/python3.12/site-packages/airflow/example_dags/example_latest_only.py took 0.085 seconds
[2025-01-10T01:04:35.415+0000] {processor.py:186} INFO - Started process (PID=409) to work on /home/airflow/.local/lib/python3.12/site-packages/airflow/example_dags/example_latest_only.py
[2025-01-10T01:04:35.417+0000] {processor.py:914} INFO - Processing file /home/airflow/.local/lib/python3.12/site-packages/airflow/example_dags/example_latest_only.py for tasks to queue
[2025-01-10T01:04:35.424+0000] {logging_mixin.py:190} INFO - [2025-01-10T01:04:35.423+0000] {dagbag.py:588} INFO - Filling up the DagBag from /home/airflow/.local/lib/python3.12/site-packages/airflow/example_dags/example_latest_only.py
[2025-01-10T01:04:35.447+0000] {processor.py:925} INFO - DAG(s) 'latest_only' retrieved from /home/airflow/.local/lib/python3.12/site-packages/airflow/example_dags/example_latest_only.py
[2025-01-10T01:04:35.491+0000] {logging_mixin.py:190} INFO - [2025-01-10T01:04:35.491+0000] {dag.py:3239} INFO - Sync 1 DAGs
[2025-01-10T01:04:35.535+0000] {logging_mixin.py:190} INFO - [2025-01-10T01:04:35.534+0000] {dag.py:4180} INFO - Setting next_dagrun for latest_only to 2025-01-09 20:00:00+00:00, run_after=2025-01-10 00:00:00+00:00
[2025-01-10T01:04:35.565+0000] {processor.py:208} INFO - Processing /home/airflow/.local/lib/python3.12/site-packages/airflow/example_dags/example_latest_only.py took 0.162 seconds
[2025-01-10T01:05:05.736+0000] {processor.py:186} INFO - Started process (PID=471) to work on /home/airflow/.local/lib/python3.12/site-packages/airflow/example_dags/example_latest_only.py
[2025-01-10T01:05:05.737+0000] {processor.py:914} INFO - Processing file /home/airflow/.local/lib/python3.12/site-packages/airflow/example_dags/example_latest_only.py for tasks to queue
[2025-01-10T01:05:05.739+0000] {logging_mixin.py:190} INFO - [2025-01-10T01:05:05.739+0000] {dagbag.py:588} INFO - Filling up the DagBag from /home/airflow/.local/lib/python3.12/site-packages/airflow/example_dags/example_latest_only.py
[2025-01-10T01:05:05.748+0000] {processor.py:925} INFO - DAG(s) 'latest_only' retrieved from /home/airflow/.local/lib/python3.12/site-packages/airflow/example_dags/example_latest_only.py
[2025-01-10T01:05:05.771+0000] {logging_mixin.py:190} INFO - [2025-01-10T01:05:05.770+0000] {dag.py:3239} INFO - Sync 1 DAGs
[2025-01-10T01:05:05.808+0000] {logging_mixin.py:190} INFO - [2025-01-10T01:05:05.807+0000] {dag.py:4180} INFO - Setting next_dagrun for latest_only to 2025-01-09 20:00:00+00:00, run_after=2025-01-10 00:00:00+00:00
[2025-01-10T01:05:05.839+0000] {processor.py:208} INFO - Processing /home/airflow/.local/lib/python3.12/site-packages/airflow/example_dags/example_latest_only.py took 0.109 seconds
[2025-01-10T01:05:36.147+0000] {processor.py:186} INFO - Started process (PID=534) to work on /home/airflow/.local/lib/python3.12/site-packages/airflow/example_dags/example_latest_only.py
[2025-01-10T01:05:36.148+0000] {processor.py:914} INFO - Processing file /home/airflow/.local/lib/python3.12/site-packages/airflow/example_dags/example_latest_only.py for tasks to queue
[2025-01-10T01:05:36.150+0000] {logging_mixin.py:190} INFO - [2025-01-10T01:05:36.150+0000] {dagbag.py:588} INFO - Filling up the DagBag from /home/airflow/.local/lib/python3.12/site-packages/airflow/example_dags/example_latest_only.py
[2025-01-10T01:05:36.157+0000] {processor.py:925} INFO - DAG(s) 'latest_only' retrieved from /home/airflow/.local/lib/python3.12/site-packages/airflow/example_dags/example_latest_only.py
[2025-01-10T01:05:36.174+0000] {logging_mixin.py:190} INFO - [2025-01-10T01:05:36.174+0000] {dag.py:3239} INFO - Sync 1 DAGs
[2025-01-10T01:05:36.196+0000] {logging_mixin.py:190} INFO - [2025-01-10T01:05:36.196+0000] {dag.py:4180} INFO - Setting next_dagrun for latest_only to 2025-01-09 20:00:00+00:00, run_after=2025-01-10 00:00:00+00:00
[2025-01-10T01:05:36.217+0000] {processor.py:208} INFO - Processing /home/airflow/.local/lib/python3.12/site-packages/airflow/example_dags/example_latest_only.py took 0.074 seconds
[2025-01-10T01:06:06.664+0000] {processor.py:186} INFO - Started process (PID=597) to work on /home/airflow/.local/lib/python3.12/site-packages/airflow/example_dags/example_latest_only.py
[2025-01-10T01:06:06.665+0000] {processor.py:914} INFO - Processing file /home/airflow/.local/lib/python3.12/site-packages/airflow/example_dags/example_latest_only.py for tasks to queue
[2025-01-10T01:06:06.667+0000] {logging_mixin.py:190} INFO - [2025-01-10T01:06:06.667+0000] {dagbag.py:588} INFO - Filling up the DagBag from /home/airflow/.local/lib/python3.12/site-packages/airflow/example_dags/example_latest_only.py
[2025-01-10T01:06:06.674+0000] {processor.py:925} INFO - DAG(s) 'latest_only' retrieved from /home/airflow/.local/lib/python3.12/site-packages/airflow/example_dags/example_latest_only.py
[2025-01-10T01:06:06.692+0000] {logging_mixin.py:190} INFO - [2025-01-10T01:06:06.692+0000] {dag.py:3239} INFO - Sync 1 DAGs
[2025-01-10T01:06:06.714+0000] {logging_mixin.py:190} INFO - [2025-01-10T01:06:06.714+0000] {dag.py:4180} INFO - Setting next_dagrun for latest_only to 2025-01-09 20:00:00+00:00, run_after=2025-01-10 00:00:00+00:00
[2025-01-10T01:06:06.732+0000] {processor.py:208} INFO - Processing /home/airflow/.local/lib/python3.12/site-packages/airflow/example_dags/example_latest_only.py took 0.073 seconds
[2025-01-10T01:06:37.541+0000] {processor.py:186} INFO - Started process (PID=660) to work on /home/airflow/.local/lib/python3.12/site-packages/airflow/example_dags/example_latest_only.py
[2025-01-10T01:06:37.541+0000] {processor.py:914} INFO - Processing file /home/airflow/.local/lib/python3.12/site-packages/airflow/example_dags/example_latest_only.py for tasks to queue
[2025-01-10T01:06:37.544+0000] {logging_mixin.py:190} INFO - [2025-01-10T01:06:37.543+0000] {dagbag.py:588} INFO - Filling up the DagBag from /home/airflow/.local/lib/python3.12/site-packages/airflow/example_dags/example_latest_only.py
[2025-01-10T01:06:37.550+0000] {processor.py:925} INFO - DAG(s) 'latest_only' retrieved from /home/airflow/.local/lib/python3.12/site-packages/airflow/example_dags/example_latest_only.py
[2025-01-10T01:06:37.568+0000] {logging_mixin.py:190} INFO - [2025-01-10T01:06:37.568+0000] {dag.py:3239} INFO - Sync 1 DAGs
[2025-01-10T01:06:37.591+0000] {logging_mixin.py:190} INFO - [2025-01-10T01:06:37.591+0000] {dag.py:4180} INFO - Setting next_dagrun for latest_only to 2025-01-09 20:00:00+00:00, run_after=2025-01-10 00:00:00+00:00
[2025-01-10T01:06:37.609+0000] {processor.py:208} INFO - Processing /home/airflow/.local/lib/python3.12/site-packages/airflow/example_dags/example_latest_only.py took 0.074 seconds
[2025-01-10T01:07:07.841+0000] {processor.py:186} INFO - Started process (PID=723) to work on /home/airflow/.local/lib/python3.12/site-packages/airflow/example_dags/example_latest_only.py
[2025-01-10T01:07:07.842+0000] {processor.py:914} INFO - Processing file /home/airflow/.local/lib/python3.12/site-packages/airflow/example_dags/example_latest_only.py for tasks to queue
[2025-01-10T01:07:07.845+0000] {logging_mixin.py:190} INFO - [2025-01-10T01:07:07.844+0000] {dagbag.py:588} INFO - Filling up the DagBag from /home/airflow/.local/lib/python3.12/site-packages/airflow/example_dags/example_latest_only.py
[2025-01-10T01:07:07.853+0000] {processor.py:925} INFO - DAG(s) 'latest_only' retrieved from /home/airflow/.local/lib/python3.12/site-packages/airflow/example_dags/example_latest_only.py
[2025-01-10T01:07:07.874+0000] {logging_mixin.py:190} INFO - [2025-01-10T01:07:07.873+0000] {dag.py:3239} INFO - Sync 1 DAGs
[2025-01-10T01:07:07.899+0000] {logging_mixin.py:190} INFO - [2025-01-10T01:07:07.898+0000] {dag.py:4180} INFO - Setting next_dagrun for latest_only to 2025-01-09 20:00:00+00:00, run_after=2025-01-10 00:00:00+00:00
[2025-01-10T01:07:07.920+0000] {processor.py:208} INFO - Processing /home/airflow/.local/lib/python3.12/site-packages/airflow/example_dags/example_latest_only.py took 0.085 seconds
[2025-01-10T01:07:39.065+0000] {processor.py:186} INFO - Started process (PID=786) to work on /home/airflow/.local/lib/python3.12/site-packages/airflow/example_dags/example_latest_only.py
[2025-01-10T01:07:39.067+0000] {processor.py:914} INFO - Processing file /home/airflow/.local/lib/python3.12/site-packages/airflow/example_dags/example_latest_only.py for tasks to queue
[2025-01-10T01:07:39.070+0000] {logging_mixin.py:190} INFO - [2025-01-10T01:07:39.069+0000] {dagbag.py:588} INFO - Filling up the DagBag from /home/airflow/.local/lib/python3.12/site-packages/airflow/example_dags/example_latest_only.py
[2025-01-10T01:07:39.087+0000] {processor.py:925} INFO - DAG(s) 'latest_only' retrieved from /home/airflow/.local/lib/python3.12/site-packages/airflow/example_dags/example_latest_only.py
[2025-01-10T01:07:39.127+0000] {logging_mixin.py:190} INFO - [2025-01-10T01:07:39.126+0000] {dag.py:3239} INFO - Sync 1 DAGs
[2025-01-10T01:07:39.171+0000] {logging_mixin.py:190} INFO - [2025-01-10T01:07:39.171+0000] {dag.py:4180} INFO - Setting next_dagrun for latest_only to 2025-01-09 20:00:00+00:00, run_after=2025-01-10 00:00:00+00:00
[2025-01-10T01:07:39.202+0000] {processor.py:208} INFO - Processing /home/airflow/.local/lib/python3.12/site-packages/airflow/example_dags/example_latest_only.py took 0.147 seconds
[2025-01-10T01:08:10.605+0000] {processor.py:186} INFO - Started process (PID=849) to work on /home/airflow/.local/lib/python3.12/site-packages/airflow/example_dags/example_latest_only.py
[2025-01-10T01:08:10.606+0000] {processor.py:914} INFO - Processing file /home/airflow/.local/lib/python3.12/site-packages/airflow/example_dags/example_latest_only.py for tasks to queue
[2025-01-10T01:08:10.609+0000] {logging_mixin.py:190} INFO - [2025-01-10T01:08:10.609+0000] {dagbag.py:588} INFO - Filling up the DagBag from /home/airflow/.local/lib/python3.12/site-packages/airflow/example_dags/example_latest_only.py
[2025-01-10T01:08:10.616+0000] {processor.py:925} INFO - DAG(s) 'latest_only' retrieved from /home/airflow/.local/lib/python3.12/site-packages/airflow/example_dags/example_latest_only.py
[2025-01-10T01:08:10.634+0000] {logging_mixin.py:190} INFO - [2025-01-10T01:08:10.633+0000] {dag.py:3239} INFO - Sync 1 DAGs
[2025-01-10T01:08:10.655+0000] {logging_mixin.py:190} INFO - [2025-01-10T01:08:10.655+0000] {dag.py:4180} INFO - Setting next_dagrun for latest_only to 2025-01-09 20:00:00+00:00, run_after=2025-01-10 00:00:00+00:00
[2025-01-10T01:08:10.675+0000] {processor.py:208} INFO - Processing /home/airflow/.local/lib/python3.12/site-packages/airflow/example_dags/example_latest_only.py took 0.075 seconds
[2025-01-10T01:08:41.456+0000] {processor.py:186} INFO - Started process (PID=912) to work on /home/airflow/.local/lib/python3.12/site-packages/airflow/example_dags/example_latest_only.py
[2025-01-10T01:08:41.457+0000] {processor.py:914} INFO - Processing file /home/airflow/.local/lib/python3.12/site-packages/airflow/example_dags/example_latest_only.py for tasks to queue
[2025-01-10T01:08:41.459+0000] {logging_mixin.py:190} INFO - [2025-01-10T01:08:41.459+0000] {dagbag.py:588} INFO - Filling up the DagBag from /home/airflow/.local/lib/python3.12/site-packages/airflow/example_dags/example_latest_only.py
[2025-01-10T01:08:41.465+0000] {processor.py:925} INFO - DAG(s) 'latest_only' retrieved from /home/airflow/.local/lib/python3.12/site-packages/airflow/example_dags/example_latest_only.py
[2025-01-10T01:08:41.485+0000] {logging_mixin.py:190} INFO - [2025-01-10T01:08:41.485+0000] {dag.py:3239} INFO - Sync 1 DAGs
[2025-01-10T01:08:41.514+0000] {logging_mixin.py:190} INFO - [2025-01-10T01:08:41.514+0000] {dag.py:4180} INFO - Setting next_dagrun for latest_only to 2025-01-09 20:00:00+00:00, run_after=2025-01-10 00:00:00+00:00
[2025-01-10T01:08:41.537+0000] {processor.py:208} INFO - Processing /home/airflow/.local/lib/python3.12/site-packages/airflow/example_dags/example_latest_only.py took 0.086 seconds
[2025-01-10T01:09:11.691+0000] {processor.py:186} INFO - Started process (PID=975) to work on /home/airflow/.local/lib/python3.12/site-packages/airflow/example_dags/example_latest_only.py
[2025-01-10T01:09:11.692+0000] {processor.py:914} INFO - Processing file /home/airflow/.local/lib/python3.12/site-packages/airflow/example_dags/example_latest_only.py for tasks to queue
[2025-01-10T01:09:11.694+0000] {logging_mixin.py:190} INFO - [2025-01-10T01:09:11.694+0000] {dagbag.py:588} INFO - Filling up the DagBag from /home/airflow/.local/lib/python3.12/site-packages/airflow/example_dags/example_latest_only.py
[2025-01-10T01:09:11.701+0000] {processor.py:925} INFO - DAG(s) 'latest_only' retrieved from /home/airflow/.local/lib/python3.12/site-packages/airflow/example_dags/example_latest_only.py
[2025-01-10T01:09:11.725+0000] {logging_mixin.py:190} INFO - [2025-01-10T01:09:11.724+0000] {dag.py:3239} INFO - Sync 1 DAGs
[2025-01-10T01:09:11.760+0000] {logging_mixin.py:190} INFO - [2025-01-10T01:09:11.759+0000] {dag.py:4180} INFO - Setting next_dagrun for latest_only to 2025-01-09 20:00:00+00:00, run_after=2025-01-10 00:00:00+00:00
[2025-01-10T01:09:11.789+0000] {processor.py:208} INFO - Processing /home/airflow/.local/lib/python3.12/site-packages/airflow/example_dags/example_latest_only.py took 0.104 seconds
[2025-01-10T01:09:42.066+0000] {processor.py:186} INFO - Started process (PID=1037) to work on /home/airflow/.local/lib/python3.12/site-packages/airflow/example_dags/example_latest_only.py
[2025-01-10T01:09:42.067+0000] {processor.py:914} INFO - Processing file /home/airflow/.local/lib/python3.12/site-packages/airflow/example_dags/example_latest_only.py for tasks to queue
[2025-01-10T01:09:42.070+0000] {logging_mixin.py:190} INFO - [2025-01-10T01:09:42.070+0000] {dagbag.py:588} INFO - Filling up the DagBag from /home/airflow/.local/lib/python3.12/site-packages/airflow/example_dags/example_latest_only.py
[2025-01-10T01:09:42.079+0000] {processor.py:925} INFO - DAG(s) 'latest_only' retrieved from /home/airflow/.local/lib/python3.12/site-packages/airflow/example_dags/example_latest_only.py
[2025-01-10T01:09:42.102+0000] {logging_mixin.py:190} INFO - [2025-01-10T01:09:42.102+0000] {dag.py:3239} INFO - Sync 1 DAGs
[2025-01-10T01:09:42.136+0000] {logging_mixin.py:190} INFO - [2025-01-10T01:09:42.136+0000] {dag.py:4180} INFO - Setting next_dagrun for latest_only to 2025-01-09 20:00:00+00:00, run_after=2025-01-10 00:00:00+00:00
[2025-01-10T01:09:42.167+0000] {processor.py:208} INFO - Processing /home/airflow/.local/lib/python3.12/site-packages/airflow/example_dags/example_latest_only.py took 0.108 seconds
[2025-01-10T01:10:12.236+0000] {processor.py:186} INFO - Started process (PID=1100) to work on /home/airflow/.local/lib/python3.12/site-packages/airflow/example_dags/example_latest_only.py
[2025-01-10T01:10:12.238+0000] {processor.py:914} INFO - Processing file /home/airflow/.local/lib/python3.12/site-packages/airflow/example_dags/example_latest_only.py for tasks to queue
[2025-01-10T01:10:12.241+0000] {logging_mixin.py:190} INFO - [2025-01-10T01:10:12.240+0000] {dagbag.py:588} INFO - Filling up the DagBag from /home/airflow/.local/lib/python3.12/site-packages/airflow/example_dags/example_latest_only.py
[2025-01-10T01:10:12.249+0000] {processor.py:925} INFO - DAG(s) 'latest_only' retrieved from /home/airflow/.local/lib/python3.12/site-packages/airflow/example_dags/example_latest_only.py
[2025-01-10T01:10:12.268+0000] {logging_mixin.py:190} INFO - [2025-01-10T01:10:12.268+0000] {dag.py:3239} INFO - Sync 1 DAGs
[2025-01-10T01:10:12.289+0000] {logging_mixin.py:190} INFO - [2025-01-10T01:10:12.289+0000] {dag.py:4180} INFO - Setting next_dagrun for latest_only to 2025-01-09 20:00:00+00:00, run_after=2025-01-10 00:00:00+00:00
[2025-01-10T01:10:12.309+0000] {processor.py:208} INFO - Processing /home/airflow/.local/lib/python3.12/site-packages/airflow/example_dags/example_latest_only.py took 0.080 seconds
[2025-01-10T01:10:42.521+0000] {processor.py:186} INFO - Started process (PID=1163) to work on /home/airflow/.local/lib/python3.12/site-packages/airflow/example_dags/example_latest_only.py
[2025-01-10T01:10:42.522+0000] {processor.py:914} INFO - Processing file /home/airflow/.local/lib/python3.12/site-packages/airflow/example_dags/example_latest_only.py for tasks to queue
[2025-01-10T01:10:42.525+0000] {logging_mixin.py:190} INFO - [2025-01-10T01:10:42.524+0000] {dagbag.py:588} INFO - Filling up the DagBag from /home/airflow/.local/lib/python3.12/site-packages/airflow/example_dags/example_latest_only.py
[2025-01-10T01:10:42.531+0000] {processor.py:925} INFO - DAG(s) 'latest_only' retrieved from /home/airflow/.local/lib/python3.12/site-packages/airflow/example_dags/example_latest_only.py
[2025-01-10T01:10:42.552+0000] {logging_mixin.py:190} INFO - [2025-01-10T01:10:42.551+0000] {dag.py:3239} INFO - Sync 1 DAGs
[2025-01-10T01:10:42.575+0000] {logging_mixin.py:190} INFO - [2025-01-10T01:10:42.575+0000] {dag.py:4180} INFO - Setting next_dagrun for latest_only to 2025-01-09 20:00:00+00:00, run_after=2025-01-10 00:00:00+00:00
[2025-01-10T01:10:42.598+0000] {processor.py:208} INFO - Processing /home/airflow/.local/lib/python3.12/site-packages/airflow/example_dags/example_latest_only.py took 0.083 seconds
[2025-01-10T01:11:12.866+0000] {processor.py:186} INFO - Started process (PID=1226) to work on /home/airflow/.local/lib/python3.12/site-packages/airflow/example_dags/example_latest_only.py
[2025-01-10T01:11:12.867+0000] {processor.py:914} INFO - Processing file /home/airflow/.local/lib/python3.12/site-packages/airflow/example_dags/example_latest_only.py for tasks to queue
[2025-01-10T01:11:12.870+0000] {logging_mixin.py:190} INFO - [2025-01-10T01:11:12.870+0000] {dagbag.py:588} INFO - Filling up the DagBag from /home/airflow/.local/lib/python3.12/site-packages/airflow/example_dags/example_latest_only.py
[2025-01-10T01:11:12.878+0000] {processor.py:925} INFO - DAG(s) 'latest_only' retrieved from /home/airflow/.local/lib/python3.12/site-packages/airflow/example_dags/example_latest_only.py
[2025-01-10T01:11:12.899+0000] {logging_mixin.py:190} INFO - [2025-01-10T01:11:12.899+0000] {dag.py:3239} INFO - Sync 1 DAGs
[2025-01-10T01:11:12.926+0000] {logging_mixin.py:190} INFO - [2025-01-10T01:11:12.925+0000] {dag.py:4180} INFO - Setting next_dagrun for latest_only to 2025-01-09 20:00:00+00:00, run_after=2025-01-10 00:00:00+00:00
[2025-01-10T01:11:12.944+0000] {processor.py:208} INFO - Processing /home/airflow/.local/lib/python3.12/site-packages/airflow/example_dags/example_latest_only.py took 0.086 seconds
[2025-01-10T01:11:43.867+0000] {processor.py:186} INFO - Started process (PID=1289) to work on /home/airflow/.local/lib/python3.12/site-packages/airflow/example_dags/example_latest_only.py
[2025-01-10T01:11:43.868+0000] {processor.py:914} INFO - Processing file /home/airflow/.local/lib/python3.12/site-packages/airflow/example_dags/example_latest_only.py for tasks to queue
[2025-01-10T01:11:43.872+0000] {logging_mixin.py:190} INFO - [2025-01-10T01:11:43.872+0000] {dagbag.py:588} INFO - Filling up the DagBag from /home/airflow/.local/lib/python3.12/site-packages/airflow/example_dags/example_latest_only.py
[2025-01-10T01:11:43.887+0000] {processor.py:925} INFO - DAG(s) 'latest_only' retrieved from /home/airflow/.local/lib/python3.12/site-packages/airflow/example_dags/example_latest_only.py
[2025-01-10T01:11:43.920+0000] {logging_mixin.py:190} INFO - [2025-01-10T01:11:43.920+0000] {dag.py:3239} INFO - Sync 1 DAGs
[2025-01-10T01:11:43.956+0000] {logging_mixin.py:190} INFO - [2025-01-10T01:11:43.956+0000] {dag.py:4180} INFO - Setting next_dagrun for latest_only to 2025-01-09 20:00:00+00:00, run_after=2025-01-10 00:00:00+00:00
[2025-01-10T01:11:43.980+0000] {processor.py:208} INFO - Processing /home/airflow/.local/lib/python3.12/site-packages/airflow/example_dags/example_latest_only.py took 0.125 seconds
[2025-01-10T01:12:14.964+0000] {processor.py:186} INFO - Started process (PID=1352) to work on /home/airflow/.local/lib/python3.12/site-packages/airflow/example_dags/example_latest_only.py
[2025-01-10T01:12:14.965+0000] {processor.py:914} INFO - Processing file /home/airflow/.local/lib/python3.12/site-packages/airflow/example_dags/example_latest_only.py for tasks to queue
[2025-01-10T01:12:14.968+0000] {logging_mixin.py:190} INFO - [2025-01-10T01:12:14.968+0000] {dagbag.py:588} INFO - Filling up the DagBag from /home/airflow/.local/lib/python3.12/site-packages/airflow/example_dags/example_latest_only.py
[2025-01-10T01:12:14.977+0000] {processor.py:925} INFO - DAG(s) 'latest_only' retrieved from /home/airflow/.local/lib/python3.12/site-packages/airflow/example_dags/example_latest_only.py
[2025-01-10T01:12:14.997+0000] {logging_mixin.py:190} INFO - [2025-01-10T01:12:14.996+0000] {dag.py:3239} INFO - Sync 1 DAGs
[2025-01-10T01:12:15.019+0000] {logging_mixin.py:190} INFO - [2025-01-10T01:12:15.018+0000] {dag.py:4180} INFO - Setting next_dagrun for latest_only to 2025-01-09 20:00:00+00:00, run_after=2025-01-10 00:00:00+00:00
[2025-01-10T01:12:15.037+0000] {processor.py:208} INFO - Processing /home/airflow/.local/lib/python3.12/site-packages/airflow/example_dags/example_latest_only.py took 0.079 seconds
[2025-01-10T01:12:45.467+0000] {processor.py:186} INFO - Started process (PID=1415) to work on /home/airflow/.local/lib/python3.12/site-packages/airflow/example_dags/example_latest_only.py
[2025-01-10T01:12:45.468+0000] {processor.py:914} INFO - Processing file /home/airflow/.local/lib/python3.12/site-packages/airflow/example_dags/example_latest_only.py for tasks to queue
[2025-01-10T01:12:45.470+0000] {logging_mixin.py:190} INFO - [2025-01-10T01:12:45.470+0000] {dagbag.py:588} INFO - Filling up the DagBag from /home/airflow/.local/lib/python3.12/site-packages/airflow/example_dags/example_latest_only.py
[2025-01-10T01:12:45.477+0000] {processor.py:925} INFO - DAG(s) 'latest_only' retrieved from /home/airflow/.local/lib/python3.12/site-packages/airflow/example_dags/example_latest_only.py
[2025-01-10T01:12:45.497+0000] {logging_mixin.py:190} INFO - [2025-01-10T01:12:45.496+0000] {dag.py:3239} INFO - Sync 1 DAGs
[2025-01-10T01:12:45.520+0000] {logging_mixin.py:190} INFO - [2025-01-10T01:12:45.520+0000] {dag.py:4180} INFO - Setting next_dagrun for latest_only to 2025-01-09 20:00:00+00:00, run_after=2025-01-10 00:00:00+00:00
[2025-01-10T01:12:45.538+0000] {processor.py:208} INFO - Processing /home/airflow/.local/lib/python3.12/site-packages/airflow/example_dags/example_latest_only.py took 0.077 seconds
[2025-01-10T01:13:16.241+0000] {processor.py:186} INFO - Started process (PID=1478) to work on /home/airflow/.local/lib/python3.12/site-packages/airflow/example_dags/example_latest_only.py
[2025-01-10T01:13:16.242+0000] {processor.py:914} INFO - Processing file /home/airflow/.local/lib/python3.12/site-packages/airflow/example_dags/example_latest_only.py for tasks to queue
[2025-01-10T01:13:16.245+0000] {logging_mixin.py:190} INFO - [2025-01-10T01:13:16.245+0000] {dagbag.py:588} INFO - Filling up the DagBag from /home/airflow/.local/lib/python3.12/site-packages/airflow/example_dags/example_latest_only.py
[2025-01-10T01:13:16.254+0000] {processor.py:925} INFO - DAG(s) 'latest_only' retrieved from /home/airflow/.local/lib/python3.12/site-packages/airflow/example_dags/example_latest_only.py
[2025-01-10T01:13:16.278+0000] {logging_mixin.py:190} INFO - [2025-01-10T01:13:16.277+0000] {dag.py:3239} INFO - Sync 1 DAGs
[2025-01-10T01:13:16.313+0000] {logging_mixin.py:190} INFO - [2025-01-10T01:13:16.313+0000] {dag.py:4180} INFO - Setting next_dagrun for latest_only to 2025-01-09 20:00:00+00:00, run_after=2025-01-10 00:00:00+00:00
[2025-01-10T01:13:16.338+0000] {processor.py:208} INFO - Processing /home/airflow/.local/lib/python3.12/site-packages/airflow/example_dags/example_latest_only.py took 0.104 seconds
