[2025-01-10T00:43:55.069+0000] {processor.py:186} INFO - Started process (PID=112) to work on /home/airflow/.local/lib/python3.12/site-packages/airflow/example_dags/example_branch_operator.py
[2025-01-10T00:43:55.072+0000] {processor.py:914} INFO - Processing file /home/airflow/.local/lib/python3.12/site-packages/airflow/example_dags/example_branch_operator.py for tasks to queue
[2025-01-10T00:43:55.075+0000] {logging_mixin.py:190} INFO - [2025-01-10T00:43:55.074+0000] {dagbag.py:588} INFO - Filling up the DagBag from /home/airflow/.local/lib/python3.12/site-packages/airflow/example_dags/example_branch_operator.py
[2025-01-10T00:43:55.099+0000] {processor.py:925} INFO - DAG(s) 'example_branch_operator' retrieved from /home/airflow/.local/lib/python3.12/site-packages/airflow/example_dags/example_branch_operator.py
[2025-01-10T00:43:55.226+0000] {logging_mixin.py:190} INFO - [2025-01-10T00:43:55.225+0000] {override.py:1911} INFO - Created Permission View: can delete on DAG:example_branch_operator
[2025-01-10T00:43:55.271+0000] {logging_mixin.py:190} INFO - [2025-01-10T00:43:55.271+0000] {override.py:1911} INFO - Created Permission View: can read on DAG:example_branch_operator
[2025-01-10T00:43:55.297+0000] {logging_mixin.py:190} INFO - [2025-01-10T00:43:55.296+0000] {override.py:1911} INFO - Created Permission View: can edit on DAG:example_branch_operator
[2025-01-10T00:43:55.314+0000] {logging_mixin.py:190} INFO - [2025-01-10T00:43:55.314+0000] {override.py:1911} INFO - Created Permission View: can delete on DAG Run:example_branch_operator
[2025-01-10T00:43:55.328+0000] {logging_mixin.py:190} INFO - [2025-01-10T00:43:55.328+0000] {override.py:1911} INFO - Created Permission View: can read on DAG Run:example_branch_operator
[2025-01-10T00:43:55.339+0000] {logging_mixin.py:190} INFO - [2025-01-10T00:43:55.339+0000] {override.py:1911} INFO - Created Permission View: can create on DAG Run:example_branch_operator
[2025-01-10T00:43:55.348+0000] {logging_mixin.py:190} INFO - [2025-01-10T00:43:55.348+0000] {override.py:1911} INFO - Created Permission View: menu access on DAG Run:example_branch_operator
[2025-01-10T00:43:55.349+0000] {logging_mixin.py:190} INFO - [2025-01-10T00:43:55.349+0000] {dag.py:3239} INFO - Sync 1 DAGs
[2025-01-10T00:43:55.370+0000] {logging_mixin.py:190} INFO - [2025-01-10T00:43:55.369+0000] {dag.py:3262} INFO - Creating ORM DAG for example_branch_operator
[2025-01-10T00:43:55.385+0000] {logging_mixin.py:190} INFO - [2025-01-10T00:43:55.385+0000] {dag.py:4180} INFO - Setting next_dagrun for example_branch_operator to 2025-01-09 00:00:00+00:00, run_after=2025-01-10 00:00:00+00:00
[2025-01-10T00:43:55.412+0000] {processor.py:208} INFO - Processing /home/airflow/.local/lib/python3.12/site-packages/airflow/example_dags/example_branch_operator.py took 0.350 seconds
[2025-01-10T00:44:26.014+0000] {processor.py:186} INFO - Started process (PID=175) to work on /home/airflow/.local/lib/python3.12/site-packages/airflow/example_dags/example_branch_operator.py
[2025-01-10T00:44:26.016+0000] {processor.py:914} INFO - Processing file /home/airflow/.local/lib/python3.12/site-packages/airflow/example_dags/example_branch_operator.py for tasks to queue
[2025-01-10T00:44:26.020+0000] {logging_mixin.py:190} INFO - [2025-01-10T00:44:26.019+0000] {dagbag.py:588} INFO - Filling up the DagBag from /home/airflow/.local/lib/python3.12/site-packages/airflow/example_dags/example_branch_operator.py
[2025-01-10T00:44:26.062+0000] {processor.py:925} INFO - DAG(s) 'example_branch_operator' retrieved from /home/airflow/.local/lib/python3.12/site-packages/airflow/example_dags/example_branch_operator.py
[2025-01-10T00:44:26.123+0000] {logging_mixin.py:190} INFO - [2025-01-10T00:44:26.123+0000] {dag.py:3239} INFO - Sync 1 DAGs
[2025-01-10T00:44:26.183+0000] {logging_mixin.py:190} INFO - [2025-01-10T00:44:26.182+0000] {dag.py:4180} INFO - Setting next_dagrun for example_branch_operator to 2025-01-09 00:00:00+00:00, run_after=2025-01-10 00:00:00+00:00
[2025-01-10T00:44:26.312+0000] {processor.py:208} INFO - Processing /home/airflow/.local/lib/python3.12/site-packages/airflow/example_dags/example_branch_operator.py took 0.309 seconds
[2025-01-10T00:44:57.119+0000] {processor.py:186} INFO - Started process (PID=238) to work on /home/airflow/.local/lib/python3.12/site-packages/airflow/example_dags/example_branch_operator.py
[2025-01-10T00:44:57.121+0000] {processor.py:914} INFO - Processing file /home/airflow/.local/lib/python3.12/site-packages/airflow/example_dags/example_branch_operator.py for tasks to queue
[2025-01-10T00:44:57.126+0000] {logging_mixin.py:190} INFO - [2025-01-10T00:44:57.125+0000] {dagbag.py:588} INFO - Filling up the DagBag from /home/airflow/.local/lib/python3.12/site-packages/airflow/example_dags/example_branch_operator.py
[2025-01-10T00:44:57.156+0000] {processor.py:925} INFO - DAG(s) 'example_branch_operator' retrieved from /home/airflow/.local/lib/python3.12/site-packages/airflow/example_dags/example_branch_operator.py
[2025-01-10T00:44:57.205+0000] {logging_mixin.py:190} INFO - [2025-01-10T00:44:57.205+0000] {dag.py:3239} INFO - Sync 1 DAGs
[2025-01-10T00:44:57.282+0000] {logging_mixin.py:190} INFO - [2025-01-10T00:44:57.282+0000] {dag.py:4180} INFO - Setting next_dagrun for example_branch_operator to 2025-01-09 00:00:00+00:00, run_after=2025-01-10 00:00:00+00:00
[2025-01-10T00:44:57.333+0000] {processor.py:208} INFO - Processing /home/airflow/.local/lib/python3.12/site-packages/airflow/example_dags/example_branch_operator.py took 0.224 seconds
[2025-01-10T00:45:27.590+0000] {processor.py:186} INFO - Started process (PID=300) to work on /home/airflow/.local/lib/python3.12/site-packages/airflow/example_dags/example_branch_operator.py
[2025-01-10T00:45:27.592+0000] {processor.py:914} INFO - Processing file /home/airflow/.local/lib/python3.12/site-packages/airflow/example_dags/example_branch_operator.py for tasks to queue
[2025-01-10T00:45:27.596+0000] {logging_mixin.py:190} INFO - [2025-01-10T00:45:27.596+0000] {dagbag.py:588} INFO - Filling up the DagBag from /home/airflow/.local/lib/python3.12/site-packages/airflow/example_dags/example_branch_operator.py
[2025-01-10T00:45:27.634+0000] {processor.py:925} INFO - DAG(s) 'example_branch_operator' retrieved from /home/airflow/.local/lib/python3.12/site-packages/airflow/example_dags/example_branch_operator.py
[2025-01-10T00:45:27.672+0000] {logging_mixin.py:190} INFO - [2025-01-10T00:45:27.672+0000] {dag.py:3239} INFO - Sync 1 DAGs
[2025-01-10T00:45:27.714+0000] {logging_mixin.py:190} INFO - [2025-01-10T00:45:27.713+0000] {dag.py:4180} INFO - Setting next_dagrun for example_branch_operator to 2025-01-09 00:00:00+00:00, run_after=2025-01-10 00:00:00+00:00
[2025-01-10T00:45:27.752+0000] {processor.py:208} INFO - Processing /home/airflow/.local/lib/python3.12/site-packages/airflow/example_dags/example_branch_operator.py took 0.174 seconds
[2025-01-10T00:45:58.180+0000] {processor.py:186} INFO - Started process (PID=363) to work on /home/airflow/.local/lib/python3.12/site-packages/airflow/example_dags/example_branch_operator.py
[2025-01-10T00:45:58.181+0000] {processor.py:914} INFO - Processing file /home/airflow/.local/lib/python3.12/site-packages/airflow/example_dags/example_branch_operator.py for tasks to queue
[2025-01-10T00:45:58.187+0000] {logging_mixin.py:190} INFO - [2025-01-10T00:45:58.186+0000] {dagbag.py:588} INFO - Filling up the DagBag from /home/airflow/.local/lib/python3.12/site-packages/airflow/example_dags/example_branch_operator.py
[2025-01-10T00:45:58.221+0000] {processor.py:925} INFO - DAG(s) 'example_branch_operator' retrieved from /home/airflow/.local/lib/python3.12/site-packages/airflow/example_dags/example_branch_operator.py
[2025-01-10T00:45:58.265+0000] {logging_mixin.py:190} INFO - [2025-01-10T00:45:58.265+0000] {dag.py:3239} INFO - Sync 1 DAGs
[2025-01-10T00:45:58.304+0000] {logging_mixin.py:190} INFO - [2025-01-10T00:45:58.304+0000] {dag.py:4180} INFO - Setting next_dagrun for example_branch_operator to 2025-01-09 00:00:00+00:00, run_after=2025-01-10 00:00:00+00:00
[2025-01-10T00:45:58.336+0000] {processor.py:208} INFO - Processing /home/airflow/.local/lib/python3.12/site-packages/airflow/example_dags/example_branch_operator.py took 0.170 seconds
[2025-01-10T00:46:29.502+0000] {processor.py:186} INFO - Started process (PID=426) to work on /home/airflow/.local/lib/python3.12/site-packages/airflow/example_dags/example_branch_operator.py
[2025-01-10T00:46:29.503+0000] {processor.py:914} INFO - Processing file /home/airflow/.local/lib/python3.12/site-packages/airflow/example_dags/example_branch_operator.py for tasks to queue
[2025-01-10T00:46:29.506+0000] {logging_mixin.py:190} INFO - [2025-01-10T00:46:29.506+0000] {dagbag.py:588} INFO - Filling up the DagBag from /home/airflow/.local/lib/python3.12/site-packages/airflow/example_dags/example_branch_operator.py
[2025-01-10T00:46:29.524+0000] {processor.py:925} INFO - DAG(s) 'example_branch_operator' retrieved from /home/airflow/.local/lib/python3.12/site-packages/airflow/example_dags/example_branch_operator.py
[2025-01-10T00:46:29.550+0000] {logging_mixin.py:190} INFO - [2025-01-10T00:46:29.550+0000] {dag.py:3239} INFO - Sync 1 DAGs
[2025-01-10T00:46:29.575+0000] {logging_mixin.py:190} INFO - [2025-01-10T00:46:29.575+0000] {dag.py:4180} INFO - Setting next_dagrun for example_branch_operator to 2025-01-09 00:00:00+00:00, run_after=2025-01-10 00:00:00+00:00
[2025-01-10T00:46:29.594+0000] {processor.py:208} INFO - Processing /home/airflow/.local/lib/python3.12/site-packages/airflow/example_dags/example_branch_operator.py took 0.099 seconds
[2025-01-10T00:47:00.803+0000] {processor.py:186} INFO - Started process (PID=489) to work on /home/airflow/.local/lib/python3.12/site-packages/airflow/example_dags/example_branch_operator.py
[2025-01-10T00:47:00.804+0000] {processor.py:914} INFO - Processing file /home/airflow/.local/lib/python3.12/site-packages/airflow/example_dags/example_branch_operator.py for tasks to queue
[2025-01-10T00:47:00.806+0000] {logging_mixin.py:190} INFO - [2025-01-10T00:47:00.806+0000] {dagbag.py:588} INFO - Filling up the DagBag from /home/airflow/.local/lib/python3.12/site-packages/airflow/example_dags/example_branch_operator.py
[2025-01-10T00:47:00.824+0000] {processor.py:925} INFO - DAG(s) 'example_branch_operator' retrieved from /home/airflow/.local/lib/python3.12/site-packages/airflow/example_dags/example_branch_operator.py
[2025-01-10T00:47:00.850+0000] {logging_mixin.py:190} INFO - [2025-01-10T00:47:00.850+0000] {dag.py:3239} INFO - Sync 1 DAGs
[2025-01-10T00:47:00.875+0000] {logging_mixin.py:190} INFO - [2025-01-10T00:47:00.875+0000] {dag.py:4180} INFO - Setting next_dagrun for example_branch_operator to 2025-01-09 00:00:00+00:00, run_after=2025-01-10 00:00:00+00:00
[2025-01-10T00:47:00.898+0000] {processor.py:208} INFO - Processing /home/airflow/.local/lib/python3.12/site-packages/airflow/example_dags/example_branch_operator.py took 0.100 seconds
[2025-01-10T00:47:32.018+0000] {processor.py:186} INFO - Started process (PID=552) to work on /home/airflow/.local/lib/python3.12/site-packages/airflow/example_dags/example_branch_operator.py
[2025-01-10T00:47:32.019+0000] {processor.py:914} INFO - Processing file /home/airflow/.local/lib/python3.12/site-packages/airflow/example_dags/example_branch_operator.py for tasks to queue
[2025-01-10T00:47:32.022+0000] {logging_mixin.py:190} INFO - [2025-01-10T00:47:32.021+0000] {dagbag.py:588} INFO - Filling up the DagBag from /home/airflow/.local/lib/python3.12/site-packages/airflow/example_dags/example_branch_operator.py
[2025-01-10T00:47:32.039+0000] {processor.py:925} INFO - DAG(s) 'example_branch_operator' retrieved from /home/airflow/.local/lib/python3.12/site-packages/airflow/example_dags/example_branch_operator.py
[2025-01-10T00:47:32.067+0000] {logging_mixin.py:190} INFO - [2025-01-10T00:47:32.066+0000] {dag.py:3239} INFO - Sync 1 DAGs
[2025-01-10T00:47:32.095+0000] {logging_mixin.py:190} INFO - [2025-01-10T00:47:32.095+0000] {dag.py:4180} INFO - Setting next_dagrun for example_branch_operator to 2025-01-09 00:00:00+00:00, run_after=2025-01-10 00:00:00+00:00
[2025-01-10T00:47:32.115+0000] {processor.py:208} INFO - Processing /home/airflow/.local/lib/python3.12/site-packages/airflow/example_dags/example_branch_operator.py took 0.102 seconds
[2025-01-10T00:48:02.886+0000] {processor.py:186} INFO - Started process (PID=615) to work on /home/airflow/.local/lib/python3.12/site-packages/airflow/example_dags/example_branch_operator.py
[2025-01-10T00:48:02.887+0000] {processor.py:914} INFO - Processing file /home/airflow/.local/lib/python3.12/site-packages/airflow/example_dags/example_branch_operator.py for tasks to queue
[2025-01-10T00:48:02.889+0000] {logging_mixin.py:190} INFO - [2025-01-10T00:48:02.889+0000] {dagbag.py:588} INFO - Filling up the DagBag from /home/airflow/.local/lib/python3.12/site-packages/airflow/example_dags/example_branch_operator.py
[2025-01-10T00:48:02.907+0000] {processor.py:925} INFO - DAG(s) 'example_branch_operator' retrieved from /home/airflow/.local/lib/python3.12/site-packages/airflow/example_dags/example_branch_operator.py
[2025-01-10T00:48:02.935+0000] {logging_mixin.py:190} INFO - [2025-01-10T00:48:02.935+0000] {dag.py:3239} INFO - Sync 1 DAGs
[2025-01-10T00:48:02.958+0000] {logging_mixin.py:190} INFO - [2025-01-10T00:48:02.958+0000] {dag.py:4180} INFO - Setting next_dagrun for example_branch_operator to 2025-01-09 00:00:00+00:00, run_after=2025-01-10 00:00:00+00:00
[2025-01-10T00:48:02.977+0000] {processor.py:208} INFO - Processing /home/airflow/.local/lib/python3.12/site-packages/airflow/example_dags/example_branch_operator.py took 0.097 seconds
[2025-01-10T00:48:33.922+0000] {processor.py:186} INFO - Started process (PID=678) to work on /home/airflow/.local/lib/python3.12/site-packages/airflow/example_dags/example_branch_operator.py
[2025-01-10T00:48:33.923+0000] {processor.py:914} INFO - Processing file /home/airflow/.local/lib/python3.12/site-packages/airflow/example_dags/example_branch_operator.py for tasks to queue
[2025-01-10T00:48:33.925+0000] {logging_mixin.py:190} INFO - [2025-01-10T00:48:33.925+0000] {dagbag.py:588} INFO - Filling up the DagBag from /home/airflow/.local/lib/python3.12/site-packages/airflow/example_dags/example_branch_operator.py
[2025-01-10T00:48:33.942+0000] {processor.py:925} INFO - DAG(s) 'example_branch_operator' retrieved from /home/airflow/.local/lib/python3.12/site-packages/airflow/example_dags/example_branch_operator.py
[2025-01-10T00:48:33.968+0000] {logging_mixin.py:190} INFO - [2025-01-10T00:48:33.968+0000] {dag.py:3239} INFO - Sync 1 DAGs
[2025-01-10T00:48:33.991+0000] {logging_mixin.py:190} INFO - [2025-01-10T00:48:33.990+0000] {dag.py:4180} INFO - Setting next_dagrun for example_branch_operator to 2025-01-09 00:00:00+00:00, run_after=2025-01-10 00:00:00+00:00
[2025-01-10T00:48:34.010+0000] {processor.py:208} INFO - Processing /home/airflow/.local/lib/python3.12/site-packages/airflow/example_dags/example_branch_operator.py took 0.094 seconds
[2025-01-10T00:49:05.286+0000] {processor.py:186} INFO - Started process (PID=741) to work on /home/airflow/.local/lib/python3.12/site-packages/airflow/example_dags/example_branch_operator.py
[2025-01-10T00:49:05.287+0000] {processor.py:914} INFO - Processing file /home/airflow/.local/lib/python3.12/site-packages/airflow/example_dags/example_branch_operator.py for tasks to queue
[2025-01-10T00:49:05.290+0000] {logging_mixin.py:190} INFO - [2025-01-10T00:49:05.289+0000] {dagbag.py:588} INFO - Filling up the DagBag from /home/airflow/.local/lib/python3.12/site-packages/airflow/example_dags/example_branch_operator.py
[2025-01-10T00:49:05.312+0000] {processor.py:925} INFO - DAG(s) 'example_branch_operator' retrieved from /home/airflow/.local/lib/python3.12/site-packages/airflow/example_dags/example_branch_operator.py
[2025-01-10T00:49:05.337+0000] {logging_mixin.py:190} INFO - [2025-01-10T00:49:05.336+0000] {dag.py:3239} INFO - Sync 1 DAGs
[2025-01-10T00:49:05.359+0000] {logging_mixin.py:190} INFO - [2025-01-10T00:49:05.358+0000] {dag.py:4180} INFO - Setting next_dagrun for example_branch_operator to 2025-01-09 00:00:00+00:00, run_after=2025-01-10 00:00:00+00:00
[2025-01-10T00:49:05.376+0000] {processor.py:208} INFO - Processing /home/airflow/.local/lib/python3.12/site-packages/airflow/example_dags/example_branch_operator.py took 0.098 seconds
[2025-01-10T00:49:36.188+0000] {processor.py:186} INFO - Started process (PID=804) to work on /home/airflow/.local/lib/python3.12/site-packages/airflow/example_dags/example_branch_operator.py
[2025-01-10T00:49:36.188+0000] {processor.py:914} INFO - Processing file /home/airflow/.local/lib/python3.12/site-packages/airflow/example_dags/example_branch_operator.py for tasks to queue
[2025-01-10T00:49:36.191+0000] {logging_mixin.py:190} INFO - [2025-01-10T00:49:36.190+0000] {dagbag.py:588} INFO - Filling up the DagBag from /home/airflow/.local/lib/python3.12/site-packages/airflow/example_dags/example_branch_operator.py
[2025-01-10T00:49:36.208+0000] {processor.py:925} INFO - DAG(s) 'example_branch_operator' retrieved from /home/airflow/.local/lib/python3.12/site-packages/airflow/example_dags/example_branch_operator.py
[2025-01-10T00:49:36.234+0000] {logging_mixin.py:190} INFO - [2025-01-10T00:49:36.234+0000] {dag.py:3239} INFO - Sync 1 DAGs
[2025-01-10T00:49:36.257+0000] {logging_mixin.py:190} INFO - [2025-01-10T00:49:36.257+0000] {dag.py:4180} INFO - Setting next_dagrun for example_branch_operator to 2025-01-09 00:00:00+00:00, run_after=2025-01-10 00:00:00+00:00
[2025-01-10T00:49:36.276+0000] {processor.py:208} INFO - Processing /home/airflow/.local/lib/python3.12/site-packages/airflow/example_dags/example_branch_operator.py took 0.094 seconds
[2025-01-10T00:50:07.776+0000] {processor.py:186} INFO - Started process (PID=867) to work on /home/airflow/.local/lib/python3.12/site-packages/airflow/example_dags/example_branch_operator.py
[2025-01-10T00:50:07.777+0000] {processor.py:914} INFO - Processing file /home/airflow/.local/lib/python3.12/site-packages/airflow/example_dags/example_branch_operator.py for tasks to queue
[2025-01-10T00:50:07.780+0000] {logging_mixin.py:190} INFO - [2025-01-10T00:50:07.779+0000] {dagbag.py:588} INFO - Filling up the DagBag from /home/airflow/.local/lib/python3.12/site-packages/airflow/example_dags/example_branch_operator.py
[2025-01-10T00:50:07.799+0000] {processor.py:925} INFO - DAG(s) 'example_branch_operator' retrieved from /home/airflow/.local/lib/python3.12/site-packages/airflow/example_dags/example_branch_operator.py
[2025-01-10T00:50:07.825+0000] {logging_mixin.py:190} INFO - [2025-01-10T00:50:07.824+0000] {dag.py:3239} INFO - Sync 1 DAGs
[2025-01-10T00:50:07.847+0000] {logging_mixin.py:190} INFO - [2025-01-10T00:50:07.847+0000] {dag.py:4180} INFO - Setting next_dagrun for example_branch_operator to 2025-01-09 00:00:00+00:00, run_after=2025-01-10 00:00:00+00:00
[2025-01-10T00:50:07.866+0000] {processor.py:208} INFO - Processing /home/airflow/.local/lib/python3.12/site-packages/airflow/example_dags/example_branch_operator.py took 0.095 seconds
[2025-01-10T00:50:39.005+0000] {processor.py:186} INFO - Started process (PID=930) to work on /home/airflow/.local/lib/python3.12/site-packages/airflow/example_dags/example_branch_operator.py
[2025-01-10T00:50:39.006+0000] {processor.py:914} INFO - Processing file /home/airflow/.local/lib/python3.12/site-packages/airflow/example_dags/example_branch_operator.py for tasks to queue
[2025-01-10T00:50:39.008+0000] {logging_mixin.py:190} INFO - [2025-01-10T00:50:39.008+0000] {dagbag.py:588} INFO - Filling up the DagBag from /home/airflow/.local/lib/python3.12/site-packages/airflow/example_dags/example_branch_operator.py
[2025-01-10T00:50:39.025+0000] {processor.py:925} INFO - DAG(s) 'example_branch_operator' retrieved from /home/airflow/.local/lib/python3.12/site-packages/airflow/example_dags/example_branch_operator.py
[2025-01-10T00:50:39.050+0000] {logging_mixin.py:190} INFO - [2025-01-10T00:50:39.050+0000] {dag.py:3239} INFO - Sync 1 DAGs
[2025-01-10T00:50:39.072+0000] {logging_mixin.py:190} INFO - [2025-01-10T00:50:39.072+0000] {dag.py:4180} INFO - Setting next_dagrun for example_branch_operator to 2025-01-09 00:00:00+00:00, run_after=2025-01-10 00:00:00+00:00
[2025-01-10T00:50:39.092+0000] {processor.py:208} INFO - Processing /home/airflow/.local/lib/python3.12/site-packages/airflow/example_dags/example_branch_operator.py took 0.093 seconds
[2025-01-10T00:51:10.283+0000] {processor.py:186} INFO - Started process (PID=993) to work on /home/airflow/.local/lib/python3.12/site-packages/airflow/example_dags/example_branch_operator.py
[2025-01-10T00:51:10.284+0000] {processor.py:914} INFO - Processing file /home/airflow/.local/lib/python3.12/site-packages/airflow/example_dags/example_branch_operator.py for tasks to queue
[2025-01-10T00:51:10.287+0000] {logging_mixin.py:190} INFO - [2025-01-10T00:51:10.286+0000] {dagbag.py:588} INFO - Filling up the DagBag from /home/airflow/.local/lib/python3.12/site-packages/airflow/example_dags/example_branch_operator.py
[2025-01-10T00:51:10.303+0000] {processor.py:925} INFO - DAG(s) 'example_branch_operator' retrieved from /home/airflow/.local/lib/python3.12/site-packages/airflow/example_dags/example_branch_operator.py
[2025-01-10T00:51:10.329+0000] {logging_mixin.py:190} INFO - [2025-01-10T00:51:10.328+0000] {dag.py:3239} INFO - Sync 1 DAGs
[2025-01-10T00:51:10.351+0000] {logging_mixin.py:190} INFO - [2025-01-10T00:51:10.351+0000] {dag.py:4180} INFO - Setting next_dagrun for example_branch_operator to 2025-01-09 00:00:00+00:00, run_after=2025-01-10 00:00:00+00:00
[2025-01-10T00:51:10.372+0000] {processor.py:208} INFO - Processing /home/airflow/.local/lib/python3.12/site-packages/airflow/example_dags/example_branch_operator.py took 0.094 seconds
[2025-01-10T00:51:41.465+0000] {processor.py:186} INFO - Started process (PID=1057) to work on /home/airflow/.local/lib/python3.12/site-packages/airflow/example_dags/example_branch_operator.py
[2025-01-10T00:51:41.466+0000] {processor.py:914} INFO - Processing file /home/airflow/.local/lib/python3.12/site-packages/airflow/example_dags/example_branch_operator.py for tasks to queue
[2025-01-10T00:51:41.468+0000] {logging_mixin.py:190} INFO - [2025-01-10T00:51:41.468+0000] {dagbag.py:588} INFO - Filling up the DagBag from /home/airflow/.local/lib/python3.12/site-packages/airflow/example_dags/example_branch_operator.py
[2025-01-10T00:51:41.486+0000] {processor.py:925} INFO - DAG(s) 'example_branch_operator' retrieved from /home/airflow/.local/lib/python3.12/site-packages/airflow/example_dags/example_branch_operator.py
[2025-01-10T00:51:41.512+0000] {logging_mixin.py:190} INFO - [2025-01-10T00:51:41.512+0000] {dag.py:3239} INFO - Sync 1 DAGs
[2025-01-10T00:51:41.535+0000] {logging_mixin.py:190} INFO - [2025-01-10T00:51:41.534+0000] {dag.py:4180} INFO - Setting next_dagrun for example_branch_operator to 2025-01-09 00:00:00+00:00, run_after=2025-01-10 00:00:00+00:00
[2025-01-10T00:51:41.554+0000] {processor.py:208} INFO - Processing /home/airflow/.local/lib/python3.12/site-packages/airflow/example_dags/example_branch_operator.py took 0.095 seconds
[2025-01-10T00:52:12.819+0000] {processor.py:186} INFO - Started process (PID=1126) to work on /home/airflow/.local/lib/python3.12/site-packages/airflow/example_dags/example_branch_operator.py
[2025-01-10T00:52:12.820+0000] {processor.py:914} INFO - Processing file /home/airflow/.local/lib/python3.12/site-packages/airflow/example_dags/example_branch_operator.py for tasks to queue
[2025-01-10T00:52:12.822+0000] {logging_mixin.py:190} INFO - [2025-01-10T00:52:12.822+0000] {dagbag.py:588} INFO - Filling up the DagBag from /home/airflow/.local/lib/python3.12/site-packages/airflow/example_dags/example_branch_operator.py
[2025-01-10T00:52:12.839+0000] {processor.py:925} INFO - DAG(s) 'example_branch_operator' retrieved from /home/airflow/.local/lib/python3.12/site-packages/airflow/example_dags/example_branch_operator.py
[2025-01-10T00:52:12.865+0000] {logging_mixin.py:190} INFO - [2025-01-10T00:52:12.865+0000] {dag.py:3239} INFO - Sync 1 DAGs
[2025-01-10T00:52:12.888+0000] {logging_mixin.py:190} INFO - [2025-01-10T00:52:12.888+0000] {dag.py:4180} INFO - Setting next_dagrun for example_branch_operator to 2025-01-09 00:00:00+00:00, run_after=2025-01-10 00:00:00+00:00
[2025-01-10T00:52:12.907+0000] {processor.py:208} INFO - Processing /home/airflow/.local/lib/python3.12/site-packages/airflow/example_dags/example_branch_operator.py took 0.094 seconds
[2025-01-10T00:52:44.411+0000] {processor.py:186} INFO - Started process (PID=1189) to work on /home/airflow/.local/lib/python3.12/site-packages/airflow/example_dags/example_branch_operator.py
[2025-01-10T00:52:44.412+0000] {processor.py:914} INFO - Processing file /home/airflow/.local/lib/python3.12/site-packages/airflow/example_dags/example_branch_operator.py for tasks to queue
[2025-01-10T00:52:44.414+0000] {logging_mixin.py:190} INFO - [2025-01-10T00:52:44.414+0000] {dagbag.py:588} INFO - Filling up the DagBag from /home/airflow/.local/lib/python3.12/site-packages/airflow/example_dags/example_branch_operator.py
[2025-01-10T00:52:44.431+0000] {processor.py:925} INFO - DAG(s) 'example_branch_operator' retrieved from /home/airflow/.local/lib/python3.12/site-packages/airflow/example_dags/example_branch_operator.py
[2025-01-10T00:52:44.456+0000] {logging_mixin.py:190} INFO - [2025-01-10T00:52:44.456+0000] {dag.py:3239} INFO - Sync 1 DAGs
[2025-01-10T00:52:44.480+0000] {logging_mixin.py:190} INFO - [2025-01-10T00:52:44.480+0000] {dag.py:4180} INFO - Setting next_dagrun for example_branch_operator to 2025-01-09 00:00:00+00:00, run_after=2025-01-10 00:00:00+00:00
[2025-01-10T00:52:44.500+0000] {processor.py:208} INFO - Processing /home/airflow/.local/lib/python3.12/site-packages/airflow/example_dags/example_branch_operator.py took 0.094 seconds
[2025-01-10T00:53:16.161+0000] {processor.py:186} INFO - Started process (PID=1252) to work on /home/airflow/.local/lib/python3.12/site-packages/airflow/example_dags/example_branch_operator.py
[2025-01-10T00:53:16.162+0000] {processor.py:914} INFO - Processing file /home/airflow/.local/lib/python3.12/site-packages/airflow/example_dags/example_branch_operator.py for tasks to queue
[2025-01-10T00:53:16.165+0000] {logging_mixin.py:190} INFO - [2025-01-10T00:53:16.165+0000] {dagbag.py:588} INFO - Filling up the DagBag from /home/airflow/.local/lib/python3.12/site-packages/airflow/example_dags/example_branch_operator.py
[2025-01-10T00:53:16.189+0000] {processor.py:925} INFO - DAG(s) 'example_branch_operator' retrieved from /home/airflow/.local/lib/python3.12/site-packages/airflow/example_dags/example_branch_operator.py
[2025-01-10T00:53:16.223+0000] {logging_mixin.py:190} INFO - [2025-01-10T00:53:16.223+0000] {dag.py:3239} INFO - Sync 1 DAGs
[2025-01-10T00:53:16.258+0000] {logging_mixin.py:190} INFO - [2025-01-10T00:53:16.257+0000] {dag.py:4180} INFO - Setting next_dagrun for example_branch_operator to 2025-01-09 00:00:00+00:00, run_after=2025-01-10 00:00:00+00:00
[2025-01-10T00:53:16.282+0000] {processor.py:208} INFO - Processing /home/airflow/.local/lib/python3.12/site-packages/airflow/example_dags/example_branch_operator.py took 0.127 seconds
[2025-01-10T00:53:47.717+0000] {processor.py:186} INFO - Started process (PID=1316) to work on /home/airflow/.local/lib/python3.12/site-packages/airflow/example_dags/example_branch_operator.py
[2025-01-10T00:53:47.718+0000] {processor.py:914} INFO - Processing file /home/airflow/.local/lib/python3.12/site-packages/airflow/example_dags/example_branch_operator.py for tasks to queue
[2025-01-10T00:53:47.722+0000] {logging_mixin.py:190} INFO - [2025-01-10T00:53:47.721+0000] {dagbag.py:588} INFO - Filling up the DagBag from /home/airflow/.local/lib/python3.12/site-packages/airflow/example_dags/example_branch_operator.py
[2025-01-10T00:53:47.748+0000] {processor.py:925} INFO - DAG(s) 'example_branch_operator' retrieved from /home/airflow/.local/lib/python3.12/site-packages/airflow/example_dags/example_branch_operator.py
[2025-01-10T00:53:47.792+0000] {logging_mixin.py:190} INFO - [2025-01-10T00:53:47.792+0000] {dag.py:3239} INFO - Sync 1 DAGs
[2025-01-10T00:53:47.832+0000] {logging_mixin.py:190} INFO - [2025-01-10T00:53:47.832+0000] {dag.py:4180} INFO - Setting next_dagrun for example_branch_operator to 2025-01-09 00:00:00+00:00, run_after=2025-01-10 00:00:00+00:00
[2025-01-10T00:53:47.866+0000] {processor.py:208} INFO - Processing /home/airflow/.local/lib/python3.12/site-packages/airflow/example_dags/example_branch_operator.py took 0.158 seconds
[2025-01-10T00:54:18.134+0000] {processor.py:186} INFO - Started process (PID=1379) to work on /home/airflow/.local/lib/python3.12/site-packages/airflow/example_dags/example_branch_operator.py
[2025-01-10T00:54:18.135+0000] {processor.py:914} INFO - Processing file /home/airflow/.local/lib/python3.12/site-packages/airflow/example_dags/example_branch_operator.py for tasks to queue
[2025-01-10T00:54:18.137+0000] {logging_mixin.py:190} INFO - [2025-01-10T00:54:18.137+0000] {dagbag.py:588} INFO - Filling up the DagBag from /home/airflow/.local/lib/python3.12/site-packages/airflow/example_dags/example_branch_operator.py
[2025-01-10T00:54:18.154+0000] {processor.py:925} INFO - DAG(s) 'example_branch_operator' retrieved from /home/airflow/.local/lib/python3.12/site-packages/airflow/example_dags/example_branch_operator.py
[2025-01-10T00:54:18.180+0000] {logging_mixin.py:190} INFO - [2025-01-10T00:54:18.180+0000] {dag.py:3239} INFO - Sync 1 DAGs
[2025-01-10T00:54:18.203+0000] {logging_mixin.py:190} INFO - [2025-01-10T00:54:18.203+0000] {dag.py:4180} INFO - Setting next_dagrun for example_branch_operator to 2025-01-09 00:00:00+00:00, run_after=2025-01-10 00:00:00+00:00
[2025-01-10T00:54:18.223+0000] {processor.py:208} INFO - Processing /home/airflow/.local/lib/python3.12/site-packages/airflow/example_dags/example_branch_operator.py took 0.094 seconds
[2025-01-10T00:54:49.209+0000] {processor.py:186} INFO - Started process (PID=1442) to work on /home/airflow/.local/lib/python3.12/site-packages/airflow/example_dags/example_branch_operator.py
[2025-01-10T00:54:49.210+0000] {processor.py:914} INFO - Processing file /home/airflow/.local/lib/python3.12/site-packages/airflow/example_dags/example_branch_operator.py for tasks to queue
[2025-01-10T00:54:49.212+0000] {logging_mixin.py:190} INFO - [2025-01-10T00:54:49.212+0000] {dagbag.py:588} INFO - Filling up the DagBag from /home/airflow/.local/lib/python3.12/site-packages/airflow/example_dags/example_branch_operator.py
[2025-01-10T00:54:49.230+0000] {processor.py:925} INFO - DAG(s) 'example_branch_operator' retrieved from /home/airflow/.local/lib/python3.12/site-packages/airflow/example_dags/example_branch_operator.py
[2025-01-10T00:54:49.255+0000] {logging_mixin.py:190} INFO - [2025-01-10T00:54:49.255+0000] {dag.py:3239} INFO - Sync 1 DAGs
[2025-01-10T00:54:49.277+0000] {logging_mixin.py:190} INFO - [2025-01-10T00:54:49.277+0000] {dag.py:4180} INFO - Setting next_dagrun for example_branch_operator to 2025-01-09 00:00:00+00:00, run_after=2025-01-10 00:00:00+00:00
[2025-01-10T00:54:49.295+0000] {processor.py:208} INFO - Processing /home/airflow/.local/lib/python3.12/site-packages/airflow/example_dags/example_branch_operator.py took 0.092 seconds
[2025-01-10T00:55:20.323+0000] {processor.py:186} INFO - Started process (PID=1505) to work on /home/airflow/.local/lib/python3.12/site-packages/airflow/example_dags/example_branch_operator.py
[2025-01-10T00:55:20.324+0000] {processor.py:914} INFO - Processing file /home/airflow/.local/lib/python3.12/site-packages/airflow/example_dags/example_branch_operator.py for tasks to queue
[2025-01-10T00:55:20.326+0000] {logging_mixin.py:190} INFO - [2025-01-10T00:55:20.326+0000] {dagbag.py:588} INFO - Filling up the DagBag from /home/airflow/.local/lib/python3.12/site-packages/airflow/example_dags/example_branch_operator.py
[2025-01-10T00:55:20.344+0000] {processor.py:925} INFO - DAG(s) 'example_branch_operator' retrieved from /home/airflow/.local/lib/python3.12/site-packages/airflow/example_dags/example_branch_operator.py
[2025-01-10T00:55:20.371+0000] {logging_mixin.py:190} INFO - [2025-01-10T00:55:20.370+0000] {dag.py:3239} INFO - Sync 1 DAGs
[2025-01-10T00:55:20.393+0000] {logging_mixin.py:190} INFO - [2025-01-10T00:55:20.393+0000] {dag.py:4180} INFO - Setting next_dagrun for example_branch_operator to 2025-01-09 00:00:00+00:00, run_after=2025-01-10 00:00:00+00:00
[2025-01-10T00:55:20.412+0000] {processor.py:208} INFO - Processing /home/airflow/.local/lib/python3.12/site-packages/airflow/example_dags/example_branch_operator.py took 0.095 seconds
[2025-01-10T00:55:51.350+0000] {processor.py:186} INFO - Started process (PID=1568) to work on /home/airflow/.local/lib/python3.12/site-packages/airflow/example_dags/example_branch_operator.py
[2025-01-10T00:55:51.351+0000] {processor.py:914} INFO - Processing file /home/airflow/.local/lib/python3.12/site-packages/airflow/example_dags/example_branch_operator.py for tasks to queue
[2025-01-10T00:55:51.353+0000] {logging_mixin.py:190} INFO - [2025-01-10T00:55:51.353+0000] {dagbag.py:588} INFO - Filling up the DagBag from /home/airflow/.local/lib/python3.12/site-packages/airflow/example_dags/example_branch_operator.py
[2025-01-10T00:55:51.371+0000] {processor.py:925} INFO - DAG(s) 'example_branch_operator' retrieved from /home/airflow/.local/lib/python3.12/site-packages/airflow/example_dags/example_branch_operator.py
[2025-01-10T00:55:51.399+0000] {logging_mixin.py:190} INFO - [2025-01-10T00:55:51.398+0000] {dag.py:3239} INFO - Sync 1 DAGs
[2025-01-10T00:55:51.422+0000] {logging_mixin.py:190} INFO - [2025-01-10T00:55:51.421+0000] {dag.py:4180} INFO - Setting next_dagrun for example_branch_operator to 2025-01-09 00:00:00+00:00, run_after=2025-01-10 00:00:00+00:00
[2025-01-10T00:55:51.440+0000] {processor.py:208} INFO - Processing /home/airflow/.local/lib/python3.12/site-packages/airflow/example_dags/example_branch_operator.py took 0.097 seconds
[2025-01-10T00:56:22.325+0000] {processor.py:186} INFO - Started process (PID=1631) to work on /home/airflow/.local/lib/python3.12/site-packages/airflow/example_dags/example_branch_operator.py
[2025-01-10T00:56:22.326+0000] {processor.py:914} INFO - Processing file /home/airflow/.local/lib/python3.12/site-packages/airflow/example_dags/example_branch_operator.py for tasks to queue
[2025-01-10T00:56:22.328+0000] {logging_mixin.py:190} INFO - [2025-01-10T00:56:22.328+0000] {dagbag.py:588} INFO - Filling up the DagBag from /home/airflow/.local/lib/python3.12/site-packages/airflow/example_dags/example_branch_operator.py
[2025-01-10T00:56:22.345+0000] {processor.py:925} INFO - DAG(s) 'example_branch_operator' retrieved from /home/airflow/.local/lib/python3.12/site-packages/airflow/example_dags/example_branch_operator.py
[2025-01-10T00:56:22.371+0000] {logging_mixin.py:190} INFO - [2025-01-10T00:56:22.371+0000] {dag.py:3239} INFO - Sync 1 DAGs
[2025-01-10T00:56:22.393+0000] {logging_mixin.py:190} INFO - [2025-01-10T00:56:22.393+0000] {dag.py:4180} INFO - Setting next_dagrun for example_branch_operator to 2025-01-09 00:00:00+00:00, run_after=2025-01-10 00:00:00+00:00
[2025-01-10T00:56:22.411+0000] {processor.py:208} INFO - Processing /home/airflow/.local/lib/python3.12/site-packages/airflow/example_dags/example_branch_operator.py took 0.091 seconds
[2025-01-10T00:56:53.950+0000] {processor.py:186} INFO - Started process (PID=1694) to work on /home/airflow/.local/lib/python3.12/site-packages/airflow/example_dags/example_branch_operator.py
[2025-01-10T00:56:53.951+0000] {processor.py:914} INFO - Processing file /home/airflow/.local/lib/python3.12/site-packages/airflow/example_dags/example_branch_operator.py for tasks to queue
[2025-01-10T00:56:53.953+0000] {logging_mixin.py:190} INFO - [2025-01-10T00:56:53.953+0000] {dagbag.py:588} INFO - Filling up the DagBag from /home/airflow/.local/lib/python3.12/site-packages/airflow/example_dags/example_branch_operator.py
[2025-01-10T00:56:53.970+0000] {processor.py:925} INFO - DAG(s) 'example_branch_operator' retrieved from /home/airflow/.local/lib/python3.12/site-packages/airflow/example_dags/example_branch_operator.py
[2025-01-10T00:56:53.997+0000] {logging_mixin.py:190} INFO - [2025-01-10T00:56:53.996+0000] {dag.py:3239} INFO - Sync 1 DAGs
[2025-01-10T00:56:54.020+0000] {logging_mixin.py:190} INFO - [2025-01-10T00:56:54.020+0000] {dag.py:4180} INFO - Setting next_dagrun for example_branch_operator to 2025-01-09 00:00:00+00:00, run_after=2025-01-10 00:00:00+00:00
[2025-01-10T00:56:54.040+0000] {processor.py:208} INFO - Processing /home/airflow/.local/lib/python3.12/site-packages/airflow/example_dags/example_branch_operator.py took 0.095 seconds
[2025-01-10T00:57:25.128+0000] {processor.py:186} INFO - Started process (PID=1757) to work on /home/airflow/.local/lib/python3.12/site-packages/airflow/example_dags/example_branch_operator.py
[2025-01-10T00:57:25.141+0000] {processor.py:914} INFO - Processing file /home/airflow/.local/lib/python3.12/site-packages/airflow/example_dags/example_branch_operator.py for tasks to queue
[2025-01-10T00:57:25.144+0000] {logging_mixin.py:190} INFO - [2025-01-10T00:57:25.143+0000] {dagbag.py:588} INFO - Filling up the DagBag from /home/airflow/.local/lib/python3.12/site-packages/airflow/example_dags/example_branch_operator.py
[2025-01-10T00:57:25.169+0000] {processor.py:925} INFO - DAG(s) 'example_branch_operator' retrieved from /home/airflow/.local/lib/python3.12/site-packages/airflow/example_dags/example_branch_operator.py
[2025-01-10T00:57:25.194+0000] {logging_mixin.py:190} INFO - [2025-01-10T00:57:25.194+0000] {dag.py:3239} INFO - Sync 1 DAGs
[2025-01-10T00:57:25.218+0000] {logging_mixin.py:190} INFO - [2025-01-10T00:57:25.218+0000] {dag.py:4180} INFO - Setting next_dagrun for example_branch_operator to 2025-01-09 00:00:00+00:00, run_after=2025-01-10 00:00:00+00:00
[2025-01-10T00:57:25.237+0000] {processor.py:208} INFO - Processing /home/airflow/.local/lib/python3.12/site-packages/airflow/example_dags/example_branch_operator.py took 0.115 seconds
[2025-01-10T00:57:56.743+0000] {processor.py:186} INFO - Started process (PID=1823) to work on /home/airflow/.local/lib/python3.12/site-packages/airflow/example_dags/example_branch_operator.py
[2025-01-10T00:57:56.744+0000] {processor.py:914} INFO - Processing file /home/airflow/.local/lib/python3.12/site-packages/airflow/example_dags/example_branch_operator.py for tasks to queue
[2025-01-10T00:57:56.747+0000] {logging_mixin.py:190} INFO - [2025-01-10T00:57:56.747+0000] {dagbag.py:588} INFO - Filling up the DagBag from /home/airflow/.local/lib/python3.12/site-packages/airflow/example_dags/example_branch_operator.py
[2025-01-10T00:57:56.765+0000] {processor.py:925} INFO - DAG(s) 'example_branch_operator' retrieved from /home/airflow/.local/lib/python3.12/site-packages/airflow/example_dags/example_branch_operator.py
[2025-01-10T00:57:56.794+0000] {logging_mixin.py:190} INFO - [2025-01-10T00:57:56.794+0000] {dag.py:3239} INFO - Sync 1 DAGs
[2025-01-10T00:57:56.826+0000] {logging_mixin.py:190} INFO - [2025-01-10T00:57:56.826+0000] {dag.py:4180} INFO - Setting next_dagrun for example_branch_operator to 2025-01-09 00:00:00+00:00, run_after=2025-01-10 00:00:00+00:00
[2025-01-10T00:57:56.852+0000] {processor.py:208} INFO - Processing /home/airflow/.local/lib/python3.12/site-packages/airflow/example_dags/example_branch_operator.py took 0.116 seconds
[2025-01-10T00:58:27.837+0000] {processor.py:186} INFO - Started process (PID=1886) to work on /home/airflow/.local/lib/python3.12/site-packages/airflow/example_dags/example_branch_operator.py
[2025-01-10T00:58:27.838+0000] {processor.py:914} INFO - Processing file /home/airflow/.local/lib/python3.12/site-packages/airflow/example_dags/example_branch_operator.py for tasks to queue
[2025-01-10T00:58:27.840+0000] {logging_mixin.py:190} INFO - [2025-01-10T00:58:27.840+0000] {dagbag.py:588} INFO - Filling up the DagBag from /home/airflow/.local/lib/python3.12/site-packages/airflow/example_dags/example_branch_operator.py
[2025-01-10T00:58:27.859+0000] {processor.py:925} INFO - DAG(s) 'example_branch_operator' retrieved from /home/airflow/.local/lib/python3.12/site-packages/airflow/example_dags/example_branch_operator.py
[2025-01-10T00:58:27.887+0000] {logging_mixin.py:190} INFO - [2025-01-10T00:58:27.886+0000] {dag.py:3239} INFO - Sync 1 DAGs
[2025-01-10T00:58:27.914+0000] {logging_mixin.py:190} INFO - [2025-01-10T00:58:27.913+0000] {dag.py:4180} INFO - Setting next_dagrun for example_branch_operator to 2025-01-09 00:00:00+00:00, run_after=2025-01-10 00:00:00+00:00
[2025-01-10T00:58:27.935+0000] {processor.py:208} INFO - Processing /home/airflow/.local/lib/python3.12/site-packages/airflow/example_dags/example_branch_operator.py took 0.103 seconds
[2025-01-10T01:02:05.274+0000] {processor.py:186} INFO - Started process (PID=106) to work on /home/airflow/.local/lib/python3.12/site-packages/airflow/example_dags/example_branch_operator.py
[2025-01-10T01:02:05.276+0000] {processor.py:914} INFO - Processing file /home/airflow/.local/lib/python3.12/site-packages/airflow/example_dags/example_branch_operator.py for tasks to queue
[2025-01-10T01:02:05.279+0000] {logging_mixin.py:190} INFO - [2025-01-10T01:02:05.279+0000] {dagbag.py:588} INFO - Filling up the DagBag from /home/airflow/.local/lib/python3.12/site-packages/airflow/example_dags/example_branch_operator.py
[2025-01-10T01:02:05.350+0000] {processor.py:925} INFO - DAG(s) 'example_branch_operator' retrieved from /home/airflow/.local/lib/python3.12/site-packages/airflow/example_dags/example_branch_operator.py
[2025-01-10T01:02:05.622+0000] {logging_mixin.py:190} INFO - [2025-01-10T01:02:05.621+0000] {dag.py:3239} INFO - Sync 1 DAGs
[2025-01-10T01:02:05.696+0000] {logging_mixin.py:190} INFO - [2025-01-10T01:02:05.695+0000] {dag.py:4180} INFO - Setting next_dagrun for example_branch_operator to 2025-01-09 00:00:00+00:00, run_after=2025-01-10 00:00:00+00:00
[2025-01-10T01:02:05.757+0000] {processor.py:208} INFO - Processing /home/airflow/.local/lib/python3.12/site-packages/airflow/example_dags/example_branch_operator.py took 0.499 seconds
[2025-01-10T01:02:35.906+0000] {processor.py:186} INFO - Started process (PID=170) to work on /home/airflow/.local/lib/python3.12/site-packages/airflow/example_dags/example_branch_operator.py
[2025-01-10T01:02:35.908+0000] {processor.py:914} INFO - Processing file /home/airflow/.local/lib/python3.12/site-packages/airflow/example_dags/example_branch_operator.py for tasks to queue
[2025-01-10T01:02:35.914+0000] {logging_mixin.py:190} INFO - [2025-01-10T01:02:35.913+0000] {dagbag.py:588} INFO - Filling up the DagBag from /home/airflow/.local/lib/python3.12/site-packages/airflow/example_dags/example_branch_operator.py
[2025-01-10T01:02:35.944+0000] {processor.py:925} INFO - DAG(s) 'example_branch_operator' retrieved from /home/airflow/.local/lib/python3.12/site-packages/airflow/example_dags/example_branch_operator.py
[2025-01-10T01:02:35.977+0000] {logging_mixin.py:190} INFO - [2025-01-10T01:02:35.977+0000] {dag.py:3239} INFO - Sync 1 DAGs
[2025-01-10T01:02:36.005+0000] {logging_mixin.py:190} INFO - [2025-01-10T01:02:36.005+0000] {dag.py:4180} INFO - Setting next_dagrun for example_branch_operator to 2025-01-09 00:00:00+00:00, run_after=2025-01-10 00:00:00+00:00
[2025-01-10T01:02:36.030+0000] {processor.py:208} INFO - Processing /home/airflow/.local/lib/python3.12/site-packages/airflow/example_dags/example_branch_operator.py took 0.135 seconds
[2025-01-10T01:03:06.734+0000] {processor.py:186} INFO - Started process (PID=232) to work on /home/airflow/.local/lib/python3.12/site-packages/airflow/example_dags/example_branch_operator.py
[2025-01-10T01:03:06.735+0000] {processor.py:914} INFO - Processing file /home/airflow/.local/lib/python3.12/site-packages/airflow/example_dags/example_branch_operator.py for tasks to queue
[2025-01-10T01:03:06.737+0000] {logging_mixin.py:190} INFO - [2025-01-10T01:03:06.737+0000] {dagbag.py:588} INFO - Filling up the DagBag from /home/airflow/.local/lib/python3.12/site-packages/airflow/example_dags/example_branch_operator.py
[2025-01-10T01:03:06.761+0000] {processor.py:925} INFO - DAG(s) 'example_branch_operator' retrieved from /home/airflow/.local/lib/python3.12/site-packages/airflow/example_dags/example_branch_operator.py
[2025-01-10T01:03:06.797+0000] {logging_mixin.py:190} INFO - [2025-01-10T01:03:06.797+0000] {dag.py:3239} INFO - Sync 1 DAGs
[2025-01-10T01:03:06.832+0000] {logging_mixin.py:190} INFO - [2025-01-10T01:03:06.832+0000] {dag.py:4180} INFO - Setting next_dagrun for example_branch_operator to 2025-01-09 00:00:00+00:00, run_after=2025-01-10 00:00:00+00:00
[2025-01-10T01:03:06.857+0000] {processor.py:208} INFO - Processing /home/airflow/.local/lib/python3.12/site-packages/airflow/example_dags/example_branch_operator.py took 0.129 seconds
[2025-01-10T01:03:37.213+0000] {processor.py:186} INFO - Started process (PID=294) to work on /home/airflow/.local/lib/python3.12/site-packages/airflow/example_dags/example_branch_operator.py
[2025-01-10T01:03:37.214+0000] {processor.py:914} INFO - Processing file /home/airflow/.local/lib/python3.12/site-packages/airflow/example_dags/example_branch_operator.py for tasks to queue
[2025-01-10T01:03:37.217+0000] {logging_mixin.py:190} INFO - [2025-01-10T01:03:37.216+0000] {dagbag.py:588} INFO - Filling up the DagBag from /home/airflow/.local/lib/python3.12/site-packages/airflow/example_dags/example_branch_operator.py
[2025-01-10T01:03:37.234+0000] {processor.py:925} INFO - DAG(s) 'example_branch_operator' retrieved from /home/airflow/.local/lib/python3.12/site-packages/airflow/example_dags/example_branch_operator.py
[2025-01-10T01:03:37.262+0000] {logging_mixin.py:190} INFO - [2025-01-10T01:03:37.262+0000] {dag.py:3239} INFO - Sync 1 DAGs
[2025-01-10T01:03:37.288+0000] {logging_mixin.py:190} INFO - [2025-01-10T01:03:37.287+0000] {dag.py:4180} INFO - Setting next_dagrun for example_branch_operator to 2025-01-09 00:00:00+00:00, run_after=2025-01-10 00:00:00+00:00
[2025-01-10T01:03:37.308+0000] {processor.py:208} INFO - Processing /home/airflow/.local/lib/python3.12/site-packages/airflow/example_dags/example_branch_operator.py took 0.102 seconds
[2025-01-10T01:04:07.489+0000] {processor.py:186} INFO - Started process (PID=357) to work on /home/airflow/.local/lib/python3.12/site-packages/airflow/example_dags/example_branch_operator.py
[2025-01-10T01:04:07.490+0000] {processor.py:914} INFO - Processing file /home/airflow/.local/lib/python3.12/site-packages/airflow/example_dags/example_branch_operator.py for tasks to queue
[2025-01-10T01:04:07.493+0000] {logging_mixin.py:190} INFO - [2025-01-10T01:04:07.493+0000] {dagbag.py:588} INFO - Filling up the DagBag from /home/airflow/.local/lib/python3.12/site-packages/airflow/example_dags/example_branch_operator.py
[2025-01-10T01:04:07.512+0000] {processor.py:925} INFO - DAG(s) 'example_branch_operator' retrieved from /home/airflow/.local/lib/python3.12/site-packages/airflow/example_dags/example_branch_operator.py
[2025-01-10T01:04:07.545+0000] {logging_mixin.py:190} INFO - [2025-01-10T01:04:07.545+0000] {dag.py:3239} INFO - Sync 1 DAGs
[2025-01-10T01:04:07.580+0000] {logging_mixin.py:190} INFO - [2025-01-10T01:04:07.580+0000] {dag.py:4180} INFO - Setting next_dagrun for example_branch_operator to 2025-01-09 00:00:00+00:00, run_after=2025-01-10 00:00:00+00:00
[2025-01-10T01:04:07.605+0000] {processor.py:208} INFO - Processing /home/airflow/.local/lib/python3.12/site-packages/airflow/example_dags/example_branch_operator.py took 0.121 seconds
[2025-01-10T01:04:38.256+0000] {processor.py:186} INFO - Started process (PID=420) to work on /home/airflow/.local/lib/python3.12/site-packages/airflow/example_dags/example_branch_operator.py
[2025-01-10T01:04:38.257+0000] {processor.py:914} INFO - Processing file /home/airflow/.local/lib/python3.12/site-packages/airflow/example_dags/example_branch_operator.py for tasks to queue
[2025-01-10T01:04:38.260+0000] {logging_mixin.py:190} INFO - [2025-01-10T01:04:38.259+0000] {dagbag.py:588} INFO - Filling up the DagBag from /home/airflow/.local/lib/python3.12/site-packages/airflow/example_dags/example_branch_operator.py
[2025-01-10T01:04:38.277+0000] {processor.py:925} INFO - DAG(s) 'example_branch_operator' retrieved from /home/airflow/.local/lib/python3.12/site-packages/airflow/example_dags/example_branch_operator.py
[2025-01-10T01:04:38.304+0000] {logging_mixin.py:190} INFO - [2025-01-10T01:04:38.304+0000] {dag.py:3239} INFO - Sync 1 DAGs
[2025-01-10T01:04:38.326+0000] {logging_mixin.py:190} INFO - [2025-01-10T01:04:38.325+0000] {dag.py:4180} INFO - Setting next_dagrun for example_branch_operator to 2025-01-09 00:00:00+00:00, run_after=2025-01-10 00:00:00+00:00
[2025-01-10T01:04:38.347+0000] {processor.py:208} INFO - Processing /home/airflow/.local/lib/python3.12/site-packages/airflow/example_dags/example_branch_operator.py took 0.095 seconds
[2025-01-10T01:05:08.643+0000] {processor.py:186} INFO - Started process (PID=483) to work on /home/airflow/.local/lib/python3.12/site-packages/airflow/example_dags/example_branch_operator.py
[2025-01-10T01:05:08.644+0000] {processor.py:914} INFO - Processing file /home/airflow/.local/lib/python3.12/site-packages/airflow/example_dags/example_branch_operator.py for tasks to queue
[2025-01-10T01:05:08.648+0000] {logging_mixin.py:190} INFO - [2025-01-10T01:05:08.647+0000] {dagbag.py:588} INFO - Filling up the DagBag from /home/airflow/.local/lib/python3.12/site-packages/airflow/example_dags/example_branch_operator.py
[2025-01-10T01:05:08.675+0000] {processor.py:925} INFO - DAG(s) 'example_branch_operator' retrieved from /home/airflow/.local/lib/python3.12/site-packages/airflow/example_dags/example_branch_operator.py
[2025-01-10T01:05:08.702+0000] {logging_mixin.py:190} INFO - [2025-01-10T01:05:08.702+0000] {dag.py:3239} INFO - Sync 1 DAGs
[2025-01-10T01:05:08.726+0000] {logging_mixin.py:190} INFO - [2025-01-10T01:05:08.725+0000] {dag.py:4180} INFO - Setting next_dagrun for example_branch_operator to 2025-01-09 00:00:00+00:00, run_after=2025-01-10 00:00:00+00:00
[2025-01-10T01:05:08.754+0000] {processor.py:208} INFO - Processing /home/airflow/.local/lib/python3.12/site-packages/airflow/example_dags/example_branch_operator.py took 0.120 seconds
[2025-01-10T01:05:39.772+0000] {processor.py:186} INFO - Started process (PID=546) to work on /home/airflow/.local/lib/python3.12/site-packages/airflow/example_dags/example_branch_operator.py
[2025-01-10T01:05:39.773+0000] {processor.py:914} INFO - Processing file /home/airflow/.local/lib/python3.12/site-packages/airflow/example_dags/example_branch_operator.py for tasks to queue
[2025-01-10T01:05:39.775+0000] {logging_mixin.py:190} INFO - [2025-01-10T01:05:39.775+0000] {dagbag.py:588} INFO - Filling up the DagBag from /home/airflow/.local/lib/python3.12/site-packages/airflow/example_dags/example_branch_operator.py
[2025-01-10T01:05:39.792+0000] {processor.py:925} INFO - DAG(s) 'example_branch_operator' retrieved from /home/airflow/.local/lib/python3.12/site-packages/airflow/example_dags/example_branch_operator.py
[2025-01-10T01:05:39.816+0000] {logging_mixin.py:190} INFO - [2025-01-10T01:05:39.816+0000] {dag.py:3239} INFO - Sync 1 DAGs
[2025-01-10T01:05:39.838+0000] {logging_mixin.py:190} INFO - [2025-01-10T01:05:39.838+0000] {dag.py:4180} INFO - Setting next_dagrun for example_branch_operator to 2025-01-09 00:00:00+00:00, run_after=2025-01-10 00:00:00+00:00
[2025-01-10T01:05:39.858+0000] {processor.py:208} INFO - Processing /home/airflow/.local/lib/python3.12/site-packages/airflow/example_dags/example_branch_operator.py took 0.091 seconds
[2025-01-10T01:06:10.082+0000] {processor.py:186} INFO - Started process (PID=609) to work on /home/airflow/.local/lib/python3.12/site-packages/airflow/example_dags/example_branch_operator.py
[2025-01-10T01:06:10.084+0000] {processor.py:914} INFO - Processing file /home/airflow/.local/lib/python3.12/site-packages/airflow/example_dags/example_branch_operator.py for tasks to queue
[2025-01-10T01:06:10.086+0000] {logging_mixin.py:190} INFO - [2025-01-10T01:06:10.086+0000] {dagbag.py:588} INFO - Filling up the DagBag from /home/airflow/.local/lib/python3.12/site-packages/airflow/example_dags/example_branch_operator.py
[2025-01-10T01:06:10.108+0000] {processor.py:925} INFO - DAG(s) 'example_branch_operator' retrieved from /home/airflow/.local/lib/python3.12/site-packages/airflow/example_dags/example_branch_operator.py
[2025-01-10T01:06:10.133+0000] {logging_mixin.py:190} INFO - [2025-01-10T01:06:10.133+0000] {dag.py:3239} INFO - Sync 1 DAGs
[2025-01-10T01:06:10.158+0000] {logging_mixin.py:190} INFO - [2025-01-10T01:06:10.158+0000] {dag.py:4180} INFO - Setting next_dagrun for example_branch_operator to 2025-01-09 00:00:00+00:00, run_after=2025-01-10 00:00:00+00:00
[2025-01-10T01:06:10.178+0000] {processor.py:208} INFO - Processing /home/airflow/.local/lib/python3.12/site-packages/airflow/example_dags/example_branch_operator.py took 0.102 seconds
[2025-01-10T01:06:40.327+0000] {processor.py:186} INFO - Started process (PID=672) to work on /home/airflow/.local/lib/python3.12/site-packages/airflow/example_dags/example_branch_operator.py
[2025-01-10T01:06:40.328+0000] {processor.py:914} INFO - Processing file /home/airflow/.local/lib/python3.12/site-packages/airflow/example_dags/example_branch_operator.py for tasks to queue
[2025-01-10T01:06:40.330+0000] {logging_mixin.py:190} INFO - [2025-01-10T01:06:40.330+0000] {dagbag.py:588} INFO - Filling up the DagBag from /home/airflow/.local/lib/python3.12/site-packages/airflow/example_dags/example_branch_operator.py
[2025-01-10T01:06:40.346+0000] {processor.py:925} INFO - DAG(s) 'example_branch_operator' retrieved from /home/airflow/.local/lib/python3.12/site-packages/airflow/example_dags/example_branch_operator.py
[2025-01-10T01:06:40.373+0000] {logging_mixin.py:190} INFO - [2025-01-10T01:06:40.372+0000] {dag.py:3239} INFO - Sync 1 DAGs
[2025-01-10T01:06:40.394+0000] {logging_mixin.py:190} INFO - [2025-01-10T01:06:40.394+0000] {dag.py:4180} INFO - Setting next_dagrun for example_branch_operator to 2025-01-09 00:00:00+00:00, run_after=2025-01-10 00:00:00+00:00
[2025-01-10T01:06:40.413+0000] {processor.py:208} INFO - Processing /home/airflow/.local/lib/python3.12/site-packages/airflow/example_dags/example_branch_operator.py took 0.091 seconds
[2025-01-10T01:07:10.694+0000] {processor.py:186} INFO - Started process (PID=734) to work on /home/airflow/.local/lib/python3.12/site-packages/airflow/example_dags/example_branch_operator.py
[2025-01-10T01:07:10.695+0000] {processor.py:914} INFO - Processing file /home/airflow/.local/lib/python3.12/site-packages/airflow/example_dags/example_branch_operator.py for tasks to queue
[2025-01-10T01:07:10.697+0000] {logging_mixin.py:190} INFO - [2025-01-10T01:07:10.697+0000] {dagbag.py:588} INFO - Filling up the DagBag from /home/airflow/.local/lib/python3.12/site-packages/airflow/example_dags/example_branch_operator.py
[2025-01-10T01:07:10.713+0000] {processor.py:925} INFO - DAG(s) 'example_branch_operator' retrieved from /home/airflow/.local/lib/python3.12/site-packages/airflow/example_dags/example_branch_operator.py
[2025-01-10T01:07:10.738+0000] {logging_mixin.py:190} INFO - [2025-01-10T01:07:10.738+0000] {dag.py:3239} INFO - Sync 1 DAGs
[2025-01-10T01:07:10.759+0000] {logging_mixin.py:190} INFO - [2025-01-10T01:07:10.759+0000] {dag.py:4180} INFO - Setting next_dagrun for example_branch_operator to 2025-01-09 00:00:00+00:00, run_after=2025-01-10 00:00:00+00:00
[2025-01-10T01:07:10.779+0000] {processor.py:208} INFO - Processing /home/airflow/.local/lib/python3.12/site-packages/airflow/example_dags/example_branch_operator.py took 0.090 seconds
[2025-01-10T01:07:41.142+0000] {processor.py:186} INFO - Started process (PID=797) to work on /home/airflow/.local/lib/python3.12/site-packages/airflow/example_dags/example_branch_operator.py
[2025-01-10T01:07:41.143+0000] {processor.py:914} INFO - Processing file /home/airflow/.local/lib/python3.12/site-packages/airflow/example_dags/example_branch_operator.py for tasks to queue
[2025-01-10T01:07:41.145+0000] {logging_mixin.py:190} INFO - [2025-01-10T01:07:41.145+0000] {dagbag.py:588} INFO - Filling up the DagBag from /home/airflow/.local/lib/python3.12/site-packages/airflow/example_dags/example_branch_operator.py
[2025-01-10T01:07:41.162+0000] {processor.py:925} INFO - DAG(s) 'example_branch_operator' retrieved from /home/airflow/.local/lib/python3.12/site-packages/airflow/example_dags/example_branch_operator.py
[2025-01-10T01:07:41.188+0000] {logging_mixin.py:190} INFO - [2025-01-10T01:07:41.188+0000] {dag.py:3239} INFO - Sync 1 DAGs
[2025-01-10T01:07:41.212+0000] {logging_mixin.py:190} INFO - [2025-01-10T01:07:41.211+0000] {dag.py:4180} INFO - Setting next_dagrun for example_branch_operator to 2025-01-09 00:00:00+00:00, run_after=2025-01-10 00:00:00+00:00
[2025-01-10T01:07:41.232+0000] {processor.py:208} INFO - Processing /home/airflow/.local/lib/python3.12/site-packages/airflow/example_dags/example_branch_operator.py took 0.096 seconds
[2025-01-10T01:08:11.428+0000] {processor.py:186} INFO - Started process (PID=859) to work on /home/airflow/.local/lib/python3.12/site-packages/airflow/example_dags/example_branch_operator.py
[2025-01-10T01:08:11.429+0000] {processor.py:914} INFO - Processing file /home/airflow/.local/lib/python3.12/site-packages/airflow/example_dags/example_branch_operator.py for tasks to queue
[2025-01-10T01:08:11.431+0000] {logging_mixin.py:190} INFO - [2025-01-10T01:08:11.431+0000] {dagbag.py:588} INFO - Filling up the DagBag from /home/airflow/.local/lib/python3.12/site-packages/airflow/example_dags/example_branch_operator.py
[2025-01-10T01:08:11.447+0000] {processor.py:925} INFO - DAG(s) 'example_branch_operator' retrieved from /home/airflow/.local/lib/python3.12/site-packages/airflow/example_dags/example_branch_operator.py
[2025-01-10T01:08:11.473+0000] {logging_mixin.py:190} INFO - [2025-01-10T01:08:11.473+0000] {dag.py:3239} INFO - Sync 1 DAGs
[2025-01-10T01:08:11.498+0000] {logging_mixin.py:190} INFO - [2025-01-10T01:08:11.498+0000] {dag.py:4180} INFO - Setting next_dagrun for example_branch_operator to 2025-01-09 00:00:00+00:00, run_after=2025-01-10 00:00:00+00:00
[2025-01-10T01:08:11.517+0000] {processor.py:208} INFO - Processing /home/airflow/.local/lib/python3.12/site-packages/airflow/example_dags/example_branch_operator.py took 0.095 seconds
[2025-01-10T01:08:42.513+0000] {processor.py:186} INFO - Started process (PID=923) to work on /home/airflow/.local/lib/python3.12/site-packages/airflow/example_dags/example_branch_operator.py
[2025-01-10T01:08:42.515+0000] {processor.py:914} INFO - Processing file /home/airflow/.local/lib/python3.12/site-packages/airflow/example_dags/example_branch_operator.py for tasks to queue
[2025-01-10T01:08:42.518+0000] {logging_mixin.py:190} INFO - [2025-01-10T01:08:42.517+0000] {dagbag.py:588} INFO - Filling up the DagBag from /home/airflow/.local/lib/python3.12/site-packages/airflow/example_dags/example_branch_operator.py
[2025-01-10T01:08:42.537+0000] {processor.py:925} INFO - DAG(s) 'example_branch_operator' retrieved from /home/airflow/.local/lib/python3.12/site-packages/airflow/example_dags/example_branch_operator.py
[2025-01-10T01:08:42.567+0000] {logging_mixin.py:190} INFO - [2025-01-10T01:08:42.566+0000] {dag.py:3239} INFO - Sync 1 DAGs
[2025-01-10T01:08:42.594+0000] {logging_mixin.py:190} INFO - [2025-01-10T01:08:42.594+0000] {dag.py:4180} INFO - Setting next_dagrun for example_branch_operator to 2025-01-09 00:00:00+00:00, run_after=2025-01-10 00:00:00+00:00
[2025-01-10T01:08:42.619+0000] {processor.py:208} INFO - Processing /home/airflow/.local/lib/python3.12/site-packages/airflow/example_dags/example_branch_operator.py took 0.111 seconds
[2025-01-10T01:09:12.742+0000] {processor.py:186} INFO - Started process (PID=986) to work on /home/airflow/.local/lib/python3.12/site-packages/airflow/example_dags/example_branch_operator.py
[2025-01-10T01:09:12.743+0000] {processor.py:914} INFO - Processing file /home/airflow/.local/lib/python3.12/site-packages/airflow/example_dags/example_branch_operator.py for tasks to queue
[2025-01-10T01:09:12.745+0000] {logging_mixin.py:190} INFO - [2025-01-10T01:09:12.745+0000] {dagbag.py:588} INFO - Filling up the DagBag from /home/airflow/.local/lib/python3.12/site-packages/airflow/example_dags/example_branch_operator.py
[2025-01-10T01:09:12.763+0000] {processor.py:925} INFO - DAG(s) 'example_branch_operator' retrieved from /home/airflow/.local/lib/python3.12/site-packages/airflow/example_dags/example_branch_operator.py
[2025-01-10T01:09:12.803+0000] {logging_mixin.py:190} INFO - [2025-01-10T01:09:12.803+0000] {dag.py:3239} INFO - Sync 1 DAGs
[2025-01-10T01:09:12.832+0000] {logging_mixin.py:190} INFO - [2025-01-10T01:09:12.832+0000] {dag.py:4180} INFO - Setting next_dagrun for example_branch_operator to 2025-01-09 00:00:00+00:00, run_after=2025-01-10 00:00:00+00:00
[2025-01-10T01:09:12.852+0000] {processor.py:208} INFO - Processing /home/airflow/.local/lib/python3.12/site-packages/airflow/example_dags/example_branch_operator.py took 0.115 seconds
[2025-01-10T01:09:43.367+0000] {processor.py:186} INFO - Started process (PID=1049) to work on /home/airflow/.local/lib/python3.12/site-packages/airflow/example_dags/example_branch_operator.py
[2025-01-10T01:09:43.369+0000] {processor.py:914} INFO - Processing file /home/airflow/.local/lib/python3.12/site-packages/airflow/example_dags/example_branch_operator.py for tasks to queue
[2025-01-10T01:09:43.372+0000] {logging_mixin.py:190} INFO - [2025-01-10T01:09:43.371+0000] {dagbag.py:588} INFO - Filling up the DagBag from /home/airflow/.local/lib/python3.12/site-packages/airflow/example_dags/example_branch_operator.py
[2025-01-10T01:09:43.394+0000] {processor.py:925} INFO - DAG(s) 'example_branch_operator' retrieved from /home/airflow/.local/lib/python3.12/site-packages/airflow/example_dags/example_branch_operator.py
[2025-01-10T01:09:43.430+0000] {logging_mixin.py:190} INFO - [2025-01-10T01:09:43.429+0000] {dag.py:3239} INFO - Sync 1 DAGs
[2025-01-10T01:09:43.461+0000] {logging_mixin.py:190} INFO - [2025-01-10T01:09:43.461+0000] {dag.py:4180} INFO - Setting next_dagrun for example_branch_operator to 2025-01-09 00:00:00+00:00, run_after=2025-01-10 00:00:00+00:00
[2025-01-10T01:09:43.485+0000] {processor.py:208} INFO - Processing /home/airflow/.local/lib/python3.12/site-packages/airflow/example_dags/example_branch_operator.py took 0.125 seconds
[2025-01-10T01:10:14.234+0000] {processor.py:186} INFO - Started process (PID=1112) to work on /home/airflow/.local/lib/python3.12/site-packages/airflow/example_dags/example_branch_operator.py
[2025-01-10T01:10:14.235+0000] {processor.py:914} INFO - Processing file /home/airflow/.local/lib/python3.12/site-packages/airflow/example_dags/example_branch_operator.py for tasks to queue
[2025-01-10T01:10:14.238+0000] {logging_mixin.py:190} INFO - [2025-01-10T01:10:14.237+0000] {dagbag.py:588} INFO - Filling up the DagBag from /home/airflow/.local/lib/python3.12/site-packages/airflow/example_dags/example_branch_operator.py
[2025-01-10T01:10:14.255+0000] {processor.py:925} INFO - DAG(s) 'example_branch_operator' retrieved from /home/airflow/.local/lib/python3.12/site-packages/airflow/example_dags/example_branch_operator.py
[2025-01-10T01:10:14.285+0000] {logging_mixin.py:190} INFO - [2025-01-10T01:10:14.285+0000] {dag.py:3239} INFO - Sync 1 DAGs
[2025-01-10T01:10:14.315+0000] {logging_mixin.py:190} INFO - [2025-01-10T01:10:14.315+0000] {dag.py:4180} INFO - Setting next_dagrun for example_branch_operator to 2025-01-09 00:00:00+00:00, run_after=2025-01-10 00:00:00+00:00
[2025-01-10T01:10:14.337+0000] {processor.py:208} INFO - Processing /home/airflow/.local/lib/python3.12/site-packages/airflow/example_dags/example_branch_operator.py took 0.107 seconds
[2025-01-10T01:10:44.571+0000] {processor.py:186} INFO - Started process (PID=1174) to work on /home/airflow/.local/lib/python3.12/site-packages/airflow/example_dags/example_branch_operator.py
[2025-01-10T01:10:44.572+0000] {processor.py:914} INFO - Processing file /home/airflow/.local/lib/python3.12/site-packages/airflow/example_dags/example_branch_operator.py for tasks to queue
[2025-01-10T01:10:44.574+0000] {logging_mixin.py:190} INFO - [2025-01-10T01:10:44.574+0000] {dagbag.py:588} INFO - Filling up the DagBag from /home/airflow/.local/lib/python3.12/site-packages/airflow/example_dags/example_branch_operator.py
[2025-01-10T01:10:44.592+0000] {processor.py:925} INFO - DAG(s) 'example_branch_operator' retrieved from /home/airflow/.local/lib/python3.12/site-packages/airflow/example_dags/example_branch_operator.py
[2025-01-10T01:10:44.619+0000] {logging_mixin.py:190} INFO - [2025-01-10T01:10:44.619+0000] {dag.py:3239} INFO - Sync 1 DAGs
[2025-01-10T01:10:44.645+0000] {logging_mixin.py:190} INFO - [2025-01-10T01:10:44.645+0000] {dag.py:4180} INFO - Setting next_dagrun for example_branch_operator to 2025-01-09 00:00:00+00:00, run_after=2025-01-10 00:00:00+00:00
[2025-01-10T01:10:44.664+0000] {processor.py:208} INFO - Processing /home/airflow/.local/lib/python3.12/site-packages/airflow/example_dags/example_branch_operator.py took 0.098 seconds
[2025-01-10T01:11:15.813+0000] {processor.py:186} INFO - Started process (PID=1237) to work on /home/airflow/.local/lib/python3.12/site-packages/airflow/example_dags/example_branch_operator.py
[2025-01-10T01:11:15.814+0000] {processor.py:914} INFO - Processing file /home/airflow/.local/lib/python3.12/site-packages/airflow/example_dags/example_branch_operator.py for tasks to queue
[2025-01-10T01:11:15.817+0000] {logging_mixin.py:190} INFO - [2025-01-10T01:11:15.817+0000] {dagbag.py:588} INFO - Filling up the DagBag from /home/airflow/.local/lib/python3.12/site-packages/airflow/example_dags/example_branch_operator.py
[2025-01-10T01:11:15.854+0000] {processor.py:925} INFO - DAG(s) 'example_branch_operator' retrieved from /home/airflow/.local/lib/python3.12/site-packages/airflow/example_dags/example_branch_operator.py
[2025-01-10T01:11:15.887+0000] {logging_mixin.py:190} INFO - [2025-01-10T01:11:15.887+0000] {dag.py:3239} INFO - Sync 1 DAGs
[2025-01-10T01:11:15.920+0000] {logging_mixin.py:190} INFO - [2025-01-10T01:11:15.920+0000] {dag.py:4180} INFO - Setting next_dagrun for example_branch_operator to 2025-01-09 00:00:00+00:00, run_after=2025-01-10 00:00:00+00:00
[2025-01-10T01:11:15.946+0000] {processor.py:208} INFO - Processing /home/airflow/.local/lib/python3.12/site-packages/airflow/example_dags/example_branch_operator.py took 0.147 seconds
[2025-01-10T01:11:46.425+0000] {processor.py:186} INFO - Started process (PID=1299) to work on /home/airflow/.local/lib/python3.12/site-packages/airflow/example_dags/example_branch_operator.py
[2025-01-10T01:11:46.426+0000] {processor.py:914} INFO - Processing file /home/airflow/.local/lib/python3.12/site-packages/airflow/example_dags/example_branch_operator.py for tasks to queue
[2025-01-10T01:11:46.428+0000] {logging_mixin.py:190} INFO - [2025-01-10T01:11:46.428+0000] {dagbag.py:588} INFO - Filling up the DagBag from /home/airflow/.local/lib/python3.12/site-packages/airflow/example_dags/example_branch_operator.py
[2025-01-10T01:11:46.448+0000] {processor.py:925} INFO - DAG(s) 'example_branch_operator' retrieved from /home/airflow/.local/lib/python3.12/site-packages/airflow/example_dags/example_branch_operator.py
[2025-01-10T01:11:46.474+0000] {logging_mixin.py:190} INFO - [2025-01-10T01:11:46.474+0000] {dag.py:3239} INFO - Sync 1 DAGs
[2025-01-10T01:11:46.499+0000] {logging_mixin.py:190} INFO - [2025-01-10T01:11:46.499+0000] {dag.py:4180} INFO - Setting next_dagrun for example_branch_operator to 2025-01-09 00:00:00+00:00, run_after=2025-01-10 00:00:00+00:00
[2025-01-10T01:11:46.526+0000] {processor.py:208} INFO - Processing /home/airflow/.local/lib/python3.12/site-packages/airflow/example_dags/example_branch_operator.py took 0.108 seconds
[2025-01-10T01:12:16.587+0000] {processor.py:186} INFO - Started process (PID=1362) to work on /home/airflow/.local/lib/python3.12/site-packages/airflow/example_dags/example_branch_operator.py
[2025-01-10T01:12:16.588+0000] {processor.py:914} INFO - Processing file /home/airflow/.local/lib/python3.12/site-packages/airflow/example_dags/example_branch_operator.py for tasks to queue
[2025-01-10T01:12:16.590+0000] {logging_mixin.py:190} INFO - [2025-01-10T01:12:16.590+0000] {dagbag.py:588} INFO - Filling up the DagBag from /home/airflow/.local/lib/python3.12/site-packages/airflow/example_dags/example_branch_operator.py
[2025-01-10T01:12:16.609+0000] {processor.py:925} INFO - DAG(s) 'example_branch_operator' retrieved from /home/airflow/.local/lib/python3.12/site-packages/airflow/example_dags/example_branch_operator.py
[2025-01-10T01:12:16.639+0000] {logging_mixin.py:190} INFO - [2025-01-10T01:12:16.639+0000] {dag.py:3239} INFO - Sync 1 DAGs
[2025-01-10T01:12:16.663+0000] {logging_mixin.py:190} INFO - [2025-01-10T01:12:16.663+0000] {dag.py:4180} INFO - Setting next_dagrun for example_branch_operator to 2025-01-09 00:00:00+00:00, run_after=2025-01-10 00:00:00+00:00
[2025-01-10T01:12:16.688+0000] {processor.py:208} INFO - Processing /home/airflow/.local/lib/python3.12/site-packages/airflow/example_dags/example_branch_operator.py took 0.107 seconds
[2025-01-10T01:12:47.029+0000] {processor.py:186} INFO - Started process (PID=1425) to work on /home/airflow/.local/lib/python3.12/site-packages/airflow/example_dags/example_branch_operator.py
[2025-01-10T01:12:47.030+0000] {processor.py:914} INFO - Processing file /home/airflow/.local/lib/python3.12/site-packages/airflow/example_dags/example_branch_operator.py for tasks to queue
[2025-01-10T01:12:47.033+0000] {logging_mixin.py:190} INFO - [2025-01-10T01:12:47.032+0000] {dagbag.py:588} INFO - Filling up the DagBag from /home/airflow/.local/lib/python3.12/site-packages/airflow/example_dags/example_branch_operator.py
[2025-01-10T01:12:47.049+0000] {processor.py:925} INFO - DAG(s) 'example_branch_operator' retrieved from /home/airflow/.local/lib/python3.12/site-packages/airflow/example_dags/example_branch_operator.py
[2025-01-10T01:12:47.076+0000] {logging_mixin.py:190} INFO - [2025-01-10T01:12:47.076+0000] {dag.py:3239} INFO - Sync 1 DAGs
[2025-01-10T01:12:47.101+0000] {logging_mixin.py:190} INFO - [2025-01-10T01:12:47.101+0000] {dag.py:4180} INFO - Setting next_dagrun for example_branch_operator to 2025-01-09 00:00:00+00:00, run_after=2025-01-10 00:00:00+00:00
[2025-01-10T01:12:47.121+0000] {processor.py:208} INFO - Processing /home/airflow/.local/lib/python3.12/site-packages/airflow/example_dags/example_branch_operator.py took 0.097 seconds
[2025-01-10T01:13:17.917+0000] {processor.py:186} INFO - Started process (PID=1488) to work on /home/airflow/.local/lib/python3.12/site-packages/airflow/example_dags/example_branch_operator.py
[2025-01-10T01:13:17.918+0000] {processor.py:914} INFO - Processing file /home/airflow/.local/lib/python3.12/site-packages/airflow/example_dags/example_branch_operator.py for tasks to queue
[2025-01-10T01:13:17.920+0000] {logging_mixin.py:190} INFO - [2025-01-10T01:13:17.920+0000] {dagbag.py:588} INFO - Filling up the DagBag from /home/airflow/.local/lib/python3.12/site-packages/airflow/example_dags/example_branch_operator.py
[2025-01-10T01:13:17.937+0000] {processor.py:925} INFO - DAG(s) 'example_branch_operator' retrieved from /home/airflow/.local/lib/python3.12/site-packages/airflow/example_dags/example_branch_operator.py
[2025-01-10T01:13:17.963+0000] {logging_mixin.py:190} INFO - [2025-01-10T01:13:17.963+0000] {dag.py:3239} INFO - Sync 1 DAGs
[2025-01-10T01:13:17.988+0000] {logging_mixin.py:190} INFO - [2025-01-10T01:13:17.988+0000] {dag.py:4180} INFO - Setting next_dagrun for example_branch_operator to 2025-01-09 00:00:00+00:00, run_after=2025-01-10 00:00:00+00:00
[2025-01-10T01:13:18.007+0000] {processor.py:208} INFO - Processing /home/airflow/.local/lib/python3.12/site-packages/airflow/example_dags/example_branch_operator.py took 0.095 seconds
[2025-01-10T01:13:48.060+0000] {processor.py:186} INFO - Started process (PID=1551) to work on /home/airflow/.local/lib/python3.12/site-packages/airflow/example_dags/example_branch_operator.py
[2025-01-10T01:13:48.060+0000] {processor.py:914} INFO - Processing file /home/airflow/.local/lib/python3.12/site-packages/airflow/example_dags/example_branch_operator.py for tasks to queue
[2025-01-10T01:13:48.063+0000] {logging_mixin.py:190} INFO - [2025-01-10T01:13:48.062+0000] {dagbag.py:588} INFO - Filling up the DagBag from /home/airflow/.local/lib/python3.12/site-packages/airflow/example_dags/example_branch_operator.py
[2025-01-10T01:13:48.080+0000] {processor.py:925} INFO - DAG(s) 'example_branch_operator' retrieved from /home/airflow/.local/lib/python3.12/site-packages/airflow/example_dags/example_branch_operator.py
[2025-01-10T01:13:48.107+0000] {logging_mixin.py:190} INFO - [2025-01-10T01:13:48.106+0000] {dag.py:3239} INFO - Sync 1 DAGs
[2025-01-10T01:13:48.128+0000] {logging_mixin.py:190} INFO - [2025-01-10T01:13:48.128+0000] {dag.py:4180} INFO - Setting next_dagrun for example_branch_operator to 2025-01-09 00:00:00+00:00, run_after=2025-01-10 00:00:00+00:00
[2025-01-10T01:13:48.149+0000] {processor.py:208} INFO - Processing /home/airflow/.local/lib/python3.12/site-packages/airflow/example_dags/example_branch_operator.py took 0.095 seconds
