[2025-01-10T00:43:48.078+0000] {processor.py:186} INFO - Started process (PID=84) to work on /home/airflow/.local/lib/python3.12/site-packages/airflow/example_dags/example_nested_branch_dag.py
[2025-01-10T00:43:48.079+0000] {processor.py:914} INFO - Processing file /home/airflow/.local/lib/python3.12/site-packages/airflow/example_dags/example_nested_branch_dag.py for tasks to queue
[2025-01-10T00:43:48.083+0000] {logging_mixin.py:190} INFO - [2025-01-10T00:43:48.082+0000] {dagbag.py:588} INFO - Filling up the DagBag from /home/airflow/.local/lib/python3.12/site-packages/airflow/example_dags/example_nested_branch_dag.py
[2025-01-10T00:43:48.107+0000] {processor.py:925} INFO - DAG(s) 'example_nested_branch_dag' retrieved from /home/airflow/.local/lib/python3.12/site-packages/airflow/example_dags/example_nested_branch_dag.py
[2025-01-10T00:43:48.277+0000] {logging_mixin.py:190} INFO - [2025-01-10T00:43:48.275+0000] {override.py:1911} INFO - Created Permission View: can delete on DAG:example_nested_branch_dag
[2025-01-10T00:43:48.294+0000] {logging_mixin.py:190} INFO - [2025-01-10T00:43:48.293+0000] {override.py:1911} INFO - Created Permission View: can read on DAG:example_nested_branch_dag
[2025-01-10T00:43:48.306+0000] {logging_mixin.py:190} INFO - [2025-01-10T00:43:48.305+0000] {override.py:1911} INFO - Created Permission View: can edit on DAG:example_nested_branch_dag
[2025-01-10T00:43:48.323+0000] {logging_mixin.py:190} INFO - [2025-01-10T00:43:48.323+0000] {override.py:1911} INFO - Created Permission View: can delete on DAG Run:example_nested_branch_dag
[2025-01-10T00:43:48.337+0000] {logging_mixin.py:190} INFO - [2025-01-10T00:43:48.336+0000] {override.py:1911} INFO - Created Permission View: can read on DAG Run:example_nested_branch_dag
[2025-01-10T00:43:48.355+0000] {logging_mixin.py:190} INFO - [2025-01-10T00:43:48.354+0000] {override.py:1911} INFO - Created Permission View: can create on DAG Run:example_nested_branch_dag
[2025-01-10T00:43:48.366+0000] {logging_mixin.py:190} INFO - [2025-01-10T00:43:48.365+0000] {override.py:1911} INFO - Created Permission View: menu access on DAG Run:example_nested_branch_dag
[2025-01-10T00:43:48.367+0000] {logging_mixin.py:190} INFO - [2025-01-10T00:43:48.367+0000] {dag.py:3239} INFO - Sync 1 DAGs
[2025-01-10T00:43:48.390+0000] {logging_mixin.py:190} INFO - [2025-01-10T00:43:48.390+0000] {dag.py:3262} INFO - Creating ORM DAG for example_nested_branch_dag
[2025-01-10T00:43:48.408+0000] {logging_mixin.py:190} INFO - [2025-01-10T00:43:48.408+0000] {dag.py:4180} INFO - Setting next_dagrun for example_nested_branch_dag to 2025-01-09 00:00:00+00:00, run_after=2025-01-10 00:00:00+00:00
[2025-01-10T00:43:48.440+0000] {processor.py:208} INFO - Processing /home/airflow/.local/lib/python3.12/site-packages/airflow/example_dags/example_nested_branch_dag.py took 0.372 seconds
[2025-01-10T00:44:19.114+0000] {processor.py:186} INFO - Started process (PID=147) to work on /home/airflow/.local/lib/python3.12/site-packages/airflow/example_dags/example_nested_branch_dag.py
[2025-01-10T00:44:19.115+0000] {processor.py:914} INFO - Processing file /home/airflow/.local/lib/python3.12/site-packages/airflow/example_dags/example_nested_branch_dag.py for tasks to queue
[2025-01-10T00:44:19.118+0000] {logging_mixin.py:190} INFO - [2025-01-10T00:44:19.117+0000] {dagbag.py:588} INFO - Filling up the DagBag from /home/airflow/.local/lib/python3.12/site-packages/airflow/example_dags/example_nested_branch_dag.py
[2025-01-10T00:44:19.139+0000] {processor.py:925} INFO - DAG(s) 'example_nested_branch_dag' retrieved from /home/airflow/.local/lib/python3.12/site-packages/airflow/example_dags/example_nested_branch_dag.py
[2025-01-10T00:44:19.171+0000] {logging_mixin.py:190} INFO - [2025-01-10T00:44:19.170+0000] {dag.py:3239} INFO - Sync 1 DAGs
[2025-01-10T00:44:19.206+0000] {logging_mixin.py:190} INFO - [2025-01-10T00:44:19.206+0000] {dag.py:4180} INFO - Setting next_dagrun for example_nested_branch_dag to 2025-01-09 00:00:00+00:00, run_after=2025-01-10 00:00:00+00:00
[2025-01-10T00:44:19.232+0000] {processor.py:208} INFO - Processing /home/airflow/.local/lib/python3.12/site-packages/airflow/example_dags/example_nested_branch_dag.py took 0.126 seconds
[2025-01-10T00:44:49.420+0000] {processor.py:186} INFO - Started process (PID=210) to work on /home/airflow/.local/lib/python3.12/site-packages/airflow/example_dags/example_nested_branch_dag.py
[2025-01-10T00:44:49.423+0000] {processor.py:914} INFO - Processing file /home/airflow/.local/lib/python3.12/site-packages/airflow/example_dags/example_nested_branch_dag.py for tasks to queue
[2025-01-10T00:44:49.431+0000] {logging_mixin.py:190} INFO - [2025-01-10T00:44:49.430+0000] {dagbag.py:588} INFO - Filling up the DagBag from /home/airflow/.local/lib/python3.12/site-packages/airflow/example_dags/example_nested_branch_dag.py
[2025-01-10T00:44:49.462+0000] {processor.py:925} INFO - DAG(s) 'example_nested_branch_dag' retrieved from /home/airflow/.local/lib/python3.12/site-packages/airflow/example_dags/example_nested_branch_dag.py
[2025-01-10T00:44:49.521+0000] {logging_mixin.py:190} INFO - [2025-01-10T00:44:49.520+0000] {dag.py:3239} INFO - Sync 1 DAGs
[2025-01-10T00:44:49.594+0000] {logging_mixin.py:190} INFO - [2025-01-10T00:44:49.594+0000] {dag.py:4180} INFO - Setting next_dagrun for example_nested_branch_dag to 2025-01-09 00:00:00+00:00, run_after=2025-01-10 00:00:00+00:00
[2025-01-10T00:44:49.641+0000] {processor.py:208} INFO - Processing /home/airflow/.local/lib/python3.12/site-packages/airflow/example_dags/example_nested_branch_dag.py took 0.239 seconds
[2025-01-10T00:45:20.240+0000] {processor.py:186} INFO - Started process (PID=273) to work on /home/airflow/.local/lib/python3.12/site-packages/airflow/example_dags/example_nested_branch_dag.py
[2025-01-10T00:45:20.243+0000] {processor.py:914} INFO - Processing file /home/airflow/.local/lib/python3.12/site-packages/airflow/example_dags/example_nested_branch_dag.py for tasks to queue
[2025-01-10T00:45:20.248+0000] {logging_mixin.py:190} INFO - [2025-01-10T00:45:20.248+0000] {dagbag.py:588} INFO - Filling up the DagBag from /home/airflow/.local/lib/python3.12/site-packages/airflow/example_dags/example_nested_branch_dag.py
[2025-01-10T00:45:20.275+0000] {processor.py:925} INFO - DAG(s) 'example_nested_branch_dag' retrieved from /home/airflow/.local/lib/python3.12/site-packages/airflow/example_dags/example_nested_branch_dag.py
[2025-01-10T00:45:20.317+0000] {logging_mixin.py:190} INFO - [2025-01-10T00:45:20.316+0000] {dag.py:3239} INFO - Sync 1 DAGs
[2025-01-10T00:45:20.374+0000] {logging_mixin.py:190} INFO - [2025-01-10T00:45:20.374+0000] {dag.py:4180} INFO - Setting next_dagrun for example_nested_branch_dag to 2025-01-09 00:00:00+00:00, run_after=2025-01-10 00:00:00+00:00
[2025-01-10T00:45:20.416+0000] {processor.py:208} INFO - Processing /home/airflow/.local/lib/python3.12/site-packages/airflow/example_dags/example_nested_branch_dag.py took 0.188 seconds
[2025-01-10T00:45:50.723+0000] {processor.py:186} INFO - Started process (PID=335) to work on /home/airflow/.local/lib/python3.12/site-packages/airflow/example_dags/example_nested_branch_dag.py
[2025-01-10T00:45:50.725+0000] {processor.py:914} INFO - Processing file /home/airflow/.local/lib/python3.12/site-packages/airflow/example_dags/example_nested_branch_dag.py for tasks to queue
[2025-01-10T00:45:50.729+0000] {logging_mixin.py:190} INFO - [2025-01-10T00:45:50.728+0000] {dagbag.py:588} INFO - Filling up the DagBag from /home/airflow/.local/lib/python3.12/site-packages/airflow/example_dags/example_nested_branch_dag.py
[2025-01-10T00:45:50.744+0000] {processor.py:925} INFO - DAG(s) 'example_nested_branch_dag' retrieved from /home/airflow/.local/lib/python3.12/site-packages/airflow/example_dags/example_nested_branch_dag.py
[2025-01-10T00:45:50.775+0000] {logging_mixin.py:190} INFO - [2025-01-10T00:45:50.774+0000] {dag.py:3239} INFO - Sync 1 DAGs
[2025-01-10T00:45:50.814+0000] {logging_mixin.py:190} INFO - [2025-01-10T00:45:50.814+0000] {dag.py:4180} INFO - Setting next_dagrun for example_nested_branch_dag to 2025-01-09 00:00:00+00:00, run_after=2025-01-10 00:00:00+00:00
[2025-01-10T00:45:50.840+0000] {processor.py:208} INFO - Processing /home/airflow/.local/lib/python3.12/site-packages/airflow/example_dags/example_nested_branch_dag.py took 0.126 seconds
[2025-01-10T00:46:21.849+0000] {processor.py:186} INFO - Started process (PID=398) to work on /home/airflow/.local/lib/python3.12/site-packages/airflow/example_dags/example_nested_branch_dag.py
[2025-01-10T00:46:21.850+0000] {processor.py:914} INFO - Processing file /home/airflow/.local/lib/python3.12/site-packages/airflow/example_dags/example_nested_branch_dag.py for tasks to queue
[2025-01-10T00:46:21.853+0000] {logging_mixin.py:190} INFO - [2025-01-10T00:46:21.853+0000] {dagbag.py:588} INFO - Filling up the DagBag from /home/airflow/.local/lib/python3.12/site-packages/airflow/example_dags/example_nested_branch_dag.py
[2025-01-10T00:46:21.864+0000] {processor.py:925} INFO - DAG(s) 'example_nested_branch_dag' retrieved from /home/airflow/.local/lib/python3.12/site-packages/airflow/example_dags/example_nested_branch_dag.py
[2025-01-10T00:46:21.886+0000] {logging_mixin.py:190} INFO - [2025-01-10T00:46:21.886+0000] {dag.py:3239} INFO - Sync 1 DAGs
[2025-01-10T00:46:21.917+0000] {logging_mixin.py:190} INFO - [2025-01-10T00:46:21.916+0000] {dag.py:4180} INFO - Setting next_dagrun for example_nested_branch_dag to 2025-01-09 00:00:00+00:00, run_after=2025-01-10 00:00:00+00:00
[2025-01-10T00:46:21.980+0000] {processor.py:208} INFO - Processing /home/airflow/.local/lib/python3.12/site-packages/airflow/example_dags/example_nested_branch_dag.py took 0.137 seconds
[2025-01-10T00:46:52.538+0000] {processor.py:186} INFO - Started process (PID=460) to work on /home/airflow/.local/lib/python3.12/site-packages/airflow/example_dags/example_nested_branch_dag.py
[2025-01-10T00:46:52.539+0000] {processor.py:914} INFO - Processing file /home/airflow/.local/lib/python3.12/site-packages/airflow/example_dags/example_nested_branch_dag.py for tasks to queue
[2025-01-10T00:46:52.543+0000] {logging_mixin.py:190} INFO - [2025-01-10T00:46:52.542+0000] {dagbag.py:588} INFO - Filling up the DagBag from /home/airflow/.local/lib/python3.12/site-packages/airflow/example_dags/example_nested_branch_dag.py
[2025-01-10T00:46:52.556+0000] {processor.py:925} INFO - DAG(s) 'example_nested_branch_dag' retrieved from /home/airflow/.local/lib/python3.12/site-packages/airflow/example_dags/example_nested_branch_dag.py
[2025-01-10T00:46:52.584+0000] {logging_mixin.py:190} INFO - [2025-01-10T00:46:52.584+0000] {dag.py:3239} INFO - Sync 1 DAGs
[2025-01-10T00:46:52.616+0000] {logging_mixin.py:190} INFO - [2025-01-10T00:46:52.616+0000] {dag.py:4180} INFO - Setting next_dagrun for example_nested_branch_dag to 2025-01-09 00:00:00+00:00, run_after=2025-01-10 00:00:00+00:00
[2025-01-10T00:46:52.670+0000] {processor.py:208} INFO - Processing /home/airflow/.local/lib/python3.12/site-packages/airflow/example_dags/example_nested_branch_dag.py took 0.138 seconds
[2025-01-10T00:47:23.046+0000] {processor.py:186} INFO - Started process (PID=523) to work on /home/airflow/.local/lib/python3.12/site-packages/airflow/example_dags/example_nested_branch_dag.py
[2025-01-10T00:47:23.047+0000] {processor.py:914} INFO - Processing file /home/airflow/.local/lib/python3.12/site-packages/airflow/example_dags/example_nested_branch_dag.py for tasks to queue
[2025-01-10T00:47:23.050+0000] {logging_mixin.py:190} INFO - [2025-01-10T00:47:23.049+0000] {dagbag.py:588} INFO - Filling up the DagBag from /home/airflow/.local/lib/python3.12/site-packages/airflow/example_dags/example_nested_branch_dag.py
[2025-01-10T00:47:23.061+0000] {processor.py:925} INFO - DAG(s) 'example_nested_branch_dag' retrieved from /home/airflow/.local/lib/python3.12/site-packages/airflow/example_dags/example_nested_branch_dag.py
[2025-01-10T00:47:23.080+0000] {logging_mixin.py:190} INFO - [2025-01-10T00:47:23.080+0000] {dag.py:3239} INFO - Sync 1 DAGs
[2025-01-10T00:47:23.104+0000] {logging_mixin.py:190} INFO - [2025-01-10T00:47:23.104+0000] {dag.py:4180} INFO - Setting next_dagrun for example_nested_branch_dag to 2025-01-09 00:00:00+00:00, run_after=2025-01-10 00:00:00+00:00
[2025-01-10T00:47:23.125+0000] {processor.py:208} INFO - Processing /home/airflow/.local/lib/python3.12/site-packages/airflow/example_dags/example_nested_branch_dag.py took 0.085 seconds
[2025-01-10T00:47:53.169+0000] {processor.py:186} INFO - Started process (PID=586) to work on /home/airflow/.local/lib/python3.12/site-packages/airflow/example_dags/example_nested_branch_dag.py
[2025-01-10T00:47:53.170+0000] {processor.py:914} INFO - Processing file /home/airflow/.local/lib/python3.12/site-packages/airflow/example_dags/example_nested_branch_dag.py for tasks to queue
[2025-01-10T00:47:53.173+0000] {logging_mixin.py:190} INFO - [2025-01-10T00:47:53.172+0000] {dagbag.py:588} INFO - Filling up the DagBag from /home/airflow/.local/lib/python3.12/site-packages/airflow/example_dags/example_nested_branch_dag.py
[2025-01-10T00:47:53.184+0000] {processor.py:925} INFO - DAG(s) 'example_nested_branch_dag' retrieved from /home/airflow/.local/lib/python3.12/site-packages/airflow/example_dags/example_nested_branch_dag.py
[2025-01-10T00:47:53.205+0000] {logging_mixin.py:190} INFO - [2025-01-10T00:47:53.205+0000] {dag.py:3239} INFO - Sync 1 DAGs
[2025-01-10T00:47:53.227+0000] {logging_mixin.py:190} INFO - [2025-01-10T00:47:53.227+0000] {dag.py:4180} INFO - Setting next_dagrun for example_nested_branch_dag to 2025-01-09 00:00:00+00:00, run_after=2025-01-10 00:00:00+00:00
[2025-01-10T00:47:53.246+0000] {processor.py:208} INFO - Processing /home/airflow/.local/lib/python3.12/site-packages/airflow/example_dags/example_nested_branch_dag.py took 0.082 seconds
[2025-01-10T00:48:23.954+0000] {processor.py:186} INFO - Started process (PID=649) to work on /home/airflow/.local/lib/python3.12/site-packages/airflow/example_dags/example_nested_branch_dag.py
[2025-01-10T00:48:23.955+0000] {processor.py:914} INFO - Processing file /home/airflow/.local/lib/python3.12/site-packages/airflow/example_dags/example_nested_branch_dag.py for tasks to queue
[2025-01-10T00:48:23.957+0000] {logging_mixin.py:190} INFO - [2025-01-10T00:48:23.957+0000] {dagbag.py:588} INFO - Filling up the DagBag from /home/airflow/.local/lib/python3.12/site-packages/airflow/example_dags/example_nested_branch_dag.py
[2025-01-10T00:48:23.967+0000] {processor.py:925} INFO - DAG(s) 'example_nested_branch_dag' retrieved from /home/airflow/.local/lib/python3.12/site-packages/airflow/example_dags/example_nested_branch_dag.py
[2025-01-10T00:48:23.988+0000] {logging_mixin.py:190} INFO - [2025-01-10T00:48:23.988+0000] {dag.py:3239} INFO - Sync 1 DAGs
[2025-01-10T00:48:24.014+0000] {logging_mixin.py:190} INFO - [2025-01-10T00:48:24.013+0000] {dag.py:4180} INFO - Setting next_dagrun for example_nested_branch_dag to 2025-01-09 00:00:00+00:00, run_after=2025-01-10 00:00:00+00:00
[2025-01-10T00:48:24.033+0000] {processor.py:208} INFO - Processing /home/airflow/.local/lib/python3.12/site-packages/airflow/example_dags/example_nested_branch_dag.py took 0.085 seconds
[2025-01-10T00:48:54.200+0000] {processor.py:186} INFO - Started process (PID=712) to work on /home/airflow/.local/lib/python3.12/site-packages/airflow/example_dags/example_nested_branch_dag.py
[2025-01-10T00:48:54.201+0000] {processor.py:914} INFO - Processing file /home/airflow/.local/lib/python3.12/site-packages/airflow/example_dags/example_nested_branch_dag.py for tasks to queue
[2025-01-10T00:48:54.204+0000] {logging_mixin.py:190} INFO - [2025-01-10T00:48:54.204+0000] {dagbag.py:588} INFO - Filling up the DagBag from /home/airflow/.local/lib/python3.12/site-packages/airflow/example_dags/example_nested_branch_dag.py
[2025-01-10T00:48:54.218+0000] {processor.py:925} INFO - DAG(s) 'example_nested_branch_dag' retrieved from /home/airflow/.local/lib/python3.12/site-packages/airflow/example_dags/example_nested_branch_dag.py
[2025-01-10T00:48:54.240+0000] {logging_mixin.py:190} INFO - [2025-01-10T00:48:54.240+0000] {dag.py:3239} INFO - Sync 1 DAGs
[2025-01-10T00:48:54.262+0000] {logging_mixin.py:190} INFO - [2025-01-10T00:48:54.261+0000] {dag.py:4180} INFO - Setting next_dagrun for example_nested_branch_dag to 2025-01-09 00:00:00+00:00, run_after=2025-01-10 00:00:00+00:00
[2025-01-10T00:48:54.283+0000] {processor.py:208} INFO - Processing /home/airflow/.local/lib/python3.12/site-packages/airflow/example_dags/example_nested_branch_dag.py took 0.090 seconds
[2025-01-10T00:49:24.364+0000] {processor.py:186} INFO - Started process (PID=775) to work on /home/airflow/.local/lib/python3.12/site-packages/airflow/example_dags/example_nested_branch_dag.py
[2025-01-10T00:49:24.365+0000] {processor.py:914} INFO - Processing file /home/airflow/.local/lib/python3.12/site-packages/airflow/example_dags/example_nested_branch_dag.py for tasks to queue
[2025-01-10T00:49:24.367+0000] {logging_mixin.py:190} INFO - [2025-01-10T00:49:24.367+0000] {dagbag.py:588} INFO - Filling up the DagBag from /home/airflow/.local/lib/python3.12/site-packages/airflow/example_dags/example_nested_branch_dag.py
[2025-01-10T00:49:24.377+0000] {processor.py:925} INFO - DAG(s) 'example_nested_branch_dag' retrieved from /home/airflow/.local/lib/python3.12/site-packages/airflow/example_dags/example_nested_branch_dag.py
[2025-01-10T00:49:24.396+0000] {logging_mixin.py:190} INFO - [2025-01-10T00:49:24.396+0000] {dag.py:3239} INFO - Sync 1 DAGs
[2025-01-10T00:49:24.417+0000] {logging_mixin.py:190} INFO - [2025-01-10T00:49:24.417+0000] {dag.py:4180} INFO - Setting next_dagrun for example_nested_branch_dag to 2025-01-09 00:00:00+00:00, run_after=2025-01-10 00:00:00+00:00
[2025-01-10T00:49:24.470+0000] {processor.py:208} INFO - Processing /home/airflow/.local/lib/python3.12/site-packages/airflow/example_dags/example_nested_branch_dag.py took 0.112 seconds
[2025-01-10T00:49:54.773+0000] {processor.py:186} INFO - Started process (PID=838) to work on /home/airflow/.local/lib/python3.12/site-packages/airflow/example_dags/example_nested_branch_dag.py
[2025-01-10T00:49:54.774+0000] {processor.py:914} INFO - Processing file /home/airflow/.local/lib/python3.12/site-packages/airflow/example_dags/example_nested_branch_dag.py for tasks to queue
[2025-01-10T00:49:54.777+0000] {logging_mixin.py:190} INFO - [2025-01-10T00:49:54.776+0000] {dagbag.py:588} INFO - Filling up the DagBag from /home/airflow/.local/lib/python3.12/site-packages/airflow/example_dags/example_nested_branch_dag.py
[2025-01-10T00:49:54.788+0000] {processor.py:925} INFO - DAG(s) 'example_nested_branch_dag' retrieved from /home/airflow/.local/lib/python3.12/site-packages/airflow/example_dags/example_nested_branch_dag.py
[2025-01-10T00:49:54.807+0000] {logging_mixin.py:190} INFO - [2025-01-10T00:49:54.807+0000] {dag.py:3239} INFO - Sync 1 DAGs
[2025-01-10T00:49:54.830+0000] {logging_mixin.py:190} INFO - [2025-01-10T00:49:54.829+0000] {dag.py:4180} INFO - Setting next_dagrun for example_nested_branch_dag to 2025-01-09 00:00:00+00:00, run_after=2025-01-10 00:00:00+00:00
[2025-01-10T00:49:54.873+0000] {processor.py:208} INFO - Processing /home/airflow/.local/lib/python3.12/site-packages/airflow/example_dags/example_nested_branch_dag.py took 0.106 seconds
[2025-01-10T00:50:25.077+0000] {processor.py:186} INFO - Started process (PID=901) to work on /home/airflow/.local/lib/python3.12/site-packages/airflow/example_dags/example_nested_branch_dag.py
[2025-01-10T00:50:25.078+0000] {processor.py:914} INFO - Processing file /home/airflow/.local/lib/python3.12/site-packages/airflow/example_dags/example_nested_branch_dag.py for tasks to queue
[2025-01-10T00:50:25.081+0000] {logging_mixin.py:190} INFO - [2025-01-10T00:50:25.080+0000] {dagbag.py:588} INFO - Filling up the DagBag from /home/airflow/.local/lib/python3.12/site-packages/airflow/example_dags/example_nested_branch_dag.py
[2025-01-10T00:50:25.094+0000] {processor.py:925} INFO - DAG(s) 'example_nested_branch_dag' retrieved from /home/airflow/.local/lib/python3.12/site-packages/airflow/example_dags/example_nested_branch_dag.py
[2025-01-10T00:50:25.115+0000] {logging_mixin.py:190} INFO - [2025-01-10T00:50:25.115+0000] {dag.py:3239} INFO - Sync 1 DAGs
[2025-01-10T00:50:25.139+0000] {logging_mixin.py:190} INFO - [2025-01-10T00:50:25.139+0000] {dag.py:4180} INFO - Setting next_dagrun for example_nested_branch_dag to 2025-01-09 00:00:00+00:00, run_after=2025-01-10 00:00:00+00:00
[2025-01-10T00:50:25.159+0000] {processor.py:208} INFO - Processing /home/airflow/.local/lib/python3.12/site-packages/airflow/example_dags/example_nested_branch_dag.py took 0.087 seconds
[2025-01-10T00:50:55.382+0000] {processor.py:186} INFO - Started process (PID=964) to work on /home/airflow/.local/lib/python3.12/site-packages/airflow/example_dags/example_nested_branch_dag.py
[2025-01-10T00:50:55.383+0000] {processor.py:914} INFO - Processing file /home/airflow/.local/lib/python3.12/site-packages/airflow/example_dags/example_nested_branch_dag.py for tasks to queue
[2025-01-10T00:50:55.385+0000] {logging_mixin.py:190} INFO - [2025-01-10T00:50:55.384+0000] {dagbag.py:588} INFO - Filling up the DagBag from /home/airflow/.local/lib/python3.12/site-packages/airflow/example_dags/example_nested_branch_dag.py
[2025-01-10T00:50:55.396+0000] {processor.py:925} INFO - DAG(s) 'example_nested_branch_dag' retrieved from /home/airflow/.local/lib/python3.12/site-packages/airflow/example_dags/example_nested_branch_dag.py
[2025-01-10T00:50:55.416+0000] {logging_mixin.py:190} INFO - [2025-01-10T00:50:55.416+0000] {dag.py:3239} INFO - Sync 1 DAGs
[2025-01-10T00:50:55.442+0000] {logging_mixin.py:190} INFO - [2025-01-10T00:50:55.442+0000] {dag.py:4180} INFO - Setting next_dagrun for example_nested_branch_dag to 2025-01-09 00:00:00+00:00, run_after=2025-01-10 00:00:00+00:00
[2025-01-10T00:50:55.463+0000] {processor.py:208} INFO - Processing /home/airflow/.local/lib/python3.12/site-packages/airflow/example_dags/example_nested_branch_dag.py took 0.087 seconds
[2025-01-10T00:51:25.498+0000] {processor.py:186} INFO - Started process (PID=1028) to work on /home/airflow/.local/lib/python3.12/site-packages/airflow/example_dags/example_nested_branch_dag.py
[2025-01-10T00:51:25.499+0000] {processor.py:914} INFO - Processing file /home/airflow/.local/lib/python3.12/site-packages/airflow/example_dags/example_nested_branch_dag.py for tasks to queue
[2025-01-10T00:51:25.501+0000] {logging_mixin.py:190} INFO - [2025-01-10T00:51:25.501+0000] {dagbag.py:588} INFO - Filling up the DagBag from /home/airflow/.local/lib/python3.12/site-packages/airflow/example_dags/example_nested_branch_dag.py
[2025-01-10T00:51:25.511+0000] {processor.py:925} INFO - DAG(s) 'example_nested_branch_dag' retrieved from /home/airflow/.local/lib/python3.12/site-packages/airflow/example_dags/example_nested_branch_dag.py
[2025-01-10T00:51:25.532+0000] {logging_mixin.py:190} INFO - [2025-01-10T00:51:25.532+0000] {dag.py:3239} INFO - Sync 1 DAGs
[2025-01-10T00:51:25.558+0000] {logging_mixin.py:190} INFO - [2025-01-10T00:51:25.558+0000] {dag.py:4180} INFO - Setting next_dagrun for example_nested_branch_dag to 2025-01-09 00:00:00+00:00, run_after=2025-01-10 00:00:00+00:00
[2025-01-10T00:51:25.578+0000] {processor.py:208} INFO - Processing /home/airflow/.local/lib/python3.12/site-packages/airflow/example_dags/example_nested_branch_dag.py took 0.086 seconds
[2025-01-10T00:51:55.961+0000] {processor.py:186} INFO - Started process (PID=1091) to work on /home/airflow/.local/lib/python3.12/site-packages/airflow/example_dags/example_nested_branch_dag.py
[2025-01-10T00:51:55.962+0000] {processor.py:914} INFO - Processing file /home/airflow/.local/lib/python3.12/site-packages/airflow/example_dags/example_nested_branch_dag.py for tasks to queue
[2025-01-10T00:51:55.964+0000] {logging_mixin.py:190} INFO - [2025-01-10T00:51:55.964+0000] {dagbag.py:588} INFO - Filling up the DagBag from /home/airflow/.local/lib/python3.12/site-packages/airflow/example_dags/example_nested_branch_dag.py
[2025-01-10T00:51:55.975+0000] {processor.py:925} INFO - DAG(s) 'example_nested_branch_dag' retrieved from /home/airflow/.local/lib/python3.12/site-packages/airflow/example_dags/example_nested_branch_dag.py
[2025-01-10T00:51:55.995+0000] {logging_mixin.py:190} INFO - [2025-01-10T00:51:55.995+0000] {dag.py:3239} INFO - Sync 1 DAGs
[2025-01-10T00:51:56.018+0000] {logging_mixin.py:190} INFO - [2025-01-10T00:51:56.018+0000] {dag.py:4180} INFO - Setting next_dagrun for example_nested_branch_dag to 2025-01-09 00:00:00+00:00, run_after=2025-01-10 00:00:00+00:00
[2025-01-10T00:51:56.052+0000] {processor.py:208} INFO - Processing /home/airflow/.local/lib/python3.12/site-packages/airflow/example_dags/example_nested_branch_dag.py took 0.097 seconds
[2025-01-10T00:52:26.354+0000] {processor.py:186} INFO - Started process (PID=1154) to work on /home/airflow/.local/lib/python3.12/site-packages/airflow/example_dags/example_nested_branch_dag.py
[2025-01-10T00:52:26.355+0000] {processor.py:914} INFO - Processing file /home/airflow/.local/lib/python3.12/site-packages/airflow/example_dags/example_nested_branch_dag.py for tasks to queue
[2025-01-10T00:52:26.357+0000] {logging_mixin.py:190} INFO - [2025-01-10T00:52:26.357+0000] {dagbag.py:588} INFO - Filling up the DagBag from /home/airflow/.local/lib/python3.12/site-packages/airflow/example_dags/example_nested_branch_dag.py
[2025-01-10T00:52:26.368+0000] {processor.py:925} INFO - DAG(s) 'example_nested_branch_dag' retrieved from /home/airflow/.local/lib/python3.12/site-packages/airflow/example_dags/example_nested_branch_dag.py
[2025-01-10T00:52:26.390+0000] {logging_mixin.py:190} INFO - [2025-01-10T00:52:26.389+0000] {dag.py:3239} INFO - Sync 1 DAGs
[2025-01-10T00:52:26.412+0000] {logging_mixin.py:190} INFO - [2025-01-10T00:52:26.412+0000] {dag.py:4180} INFO - Setting next_dagrun for example_nested_branch_dag to 2025-01-09 00:00:00+00:00, run_after=2025-01-10 00:00:00+00:00
[2025-01-10T00:52:26.466+0000] {processor.py:208} INFO - Processing /home/airflow/.local/lib/python3.12/site-packages/airflow/example_dags/example_nested_branch_dag.py took 0.117 seconds
[2025-01-10T00:52:56.628+0000] {processor.py:186} INFO - Started process (PID=1217) to work on /home/airflow/.local/lib/python3.12/site-packages/airflow/example_dags/example_nested_branch_dag.py
[2025-01-10T00:52:56.629+0000] {processor.py:914} INFO - Processing file /home/airflow/.local/lib/python3.12/site-packages/airflow/example_dags/example_nested_branch_dag.py for tasks to queue
[2025-01-10T00:52:56.632+0000] {logging_mixin.py:190} INFO - [2025-01-10T00:52:56.631+0000] {dagbag.py:588} INFO - Filling up the DagBag from /home/airflow/.local/lib/python3.12/site-packages/airflow/example_dags/example_nested_branch_dag.py
[2025-01-10T00:52:56.643+0000] {processor.py:925} INFO - DAG(s) 'example_nested_branch_dag' retrieved from /home/airflow/.local/lib/python3.12/site-packages/airflow/example_dags/example_nested_branch_dag.py
[2025-01-10T00:52:56.663+0000] {logging_mixin.py:190} INFO - [2025-01-10T00:52:56.663+0000] {dag.py:3239} INFO - Sync 1 DAGs
[2025-01-10T00:52:56.685+0000] {logging_mixin.py:190} INFO - [2025-01-10T00:52:56.685+0000] {dag.py:4180} INFO - Setting next_dagrun for example_nested_branch_dag to 2025-01-09 00:00:00+00:00, run_after=2025-01-10 00:00:00+00:00
[2025-01-10T00:52:56.734+0000] {processor.py:208} INFO - Processing /home/airflow/.local/lib/python3.12/site-packages/airflow/example_dags/example_nested_branch_dag.py took 0.111 seconds
[2025-01-10T00:53:27.466+0000] {processor.py:186} INFO - Started process (PID=1280) to work on /home/airflow/.local/lib/python3.12/site-packages/airflow/example_dags/example_nested_branch_dag.py
[2025-01-10T00:53:27.467+0000] {processor.py:914} INFO - Processing file /home/airflow/.local/lib/python3.12/site-packages/airflow/example_dags/example_nested_branch_dag.py for tasks to queue
[2025-01-10T00:53:27.470+0000] {logging_mixin.py:190} INFO - [2025-01-10T00:53:27.470+0000] {dagbag.py:588} INFO - Filling up the DagBag from /home/airflow/.local/lib/python3.12/site-packages/airflow/example_dags/example_nested_branch_dag.py
[2025-01-10T00:53:27.483+0000] {processor.py:925} INFO - DAG(s) 'example_nested_branch_dag' retrieved from /home/airflow/.local/lib/python3.12/site-packages/airflow/example_dags/example_nested_branch_dag.py
[2025-01-10T00:53:27.507+0000] {logging_mixin.py:190} INFO - [2025-01-10T00:53:27.506+0000] {dag.py:3239} INFO - Sync 1 DAGs
[2025-01-10T00:53:27.534+0000] {logging_mixin.py:190} INFO - [2025-01-10T00:53:27.534+0000] {dag.py:4180} INFO - Setting next_dagrun for example_nested_branch_dag to 2025-01-09 00:00:00+00:00, run_after=2025-01-10 00:00:00+00:00
[2025-01-10T00:53:27.560+0000] {processor.py:208} INFO - Processing /home/airflow/.local/lib/python3.12/site-packages/airflow/example_dags/example_nested_branch_dag.py took 0.102 seconds
[2025-01-10T00:53:57.787+0000] {processor.py:186} INFO - Started process (PID=1344) to work on /home/airflow/.local/lib/python3.12/site-packages/airflow/example_dags/example_nested_branch_dag.py
[2025-01-10T00:53:57.788+0000] {processor.py:914} INFO - Processing file /home/airflow/.local/lib/python3.12/site-packages/airflow/example_dags/example_nested_branch_dag.py for tasks to queue
[2025-01-10T00:53:57.791+0000] {logging_mixin.py:190} INFO - [2025-01-10T00:53:57.791+0000] {dagbag.py:588} INFO - Filling up the DagBag from /home/airflow/.local/lib/python3.12/site-packages/airflow/example_dags/example_nested_branch_dag.py
[2025-01-10T00:53:57.808+0000] {processor.py:925} INFO - DAG(s) 'example_nested_branch_dag' retrieved from /home/airflow/.local/lib/python3.12/site-packages/airflow/example_dags/example_nested_branch_dag.py
[2025-01-10T00:53:57.838+0000] {logging_mixin.py:190} INFO - [2025-01-10T00:53:57.838+0000] {dag.py:3239} INFO - Sync 1 DAGs
[2025-01-10T00:53:57.875+0000] {logging_mixin.py:190} INFO - [2025-01-10T00:53:57.875+0000] {dag.py:4180} INFO - Setting next_dagrun for example_nested_branch_dag to 2025-01-09 00:00:00+00:00, run_after=2025-01-10 00:00:00+00:00
[2025-01-10T00:53:57.903+0000] {processor.py:208} INFO - Processing /home/airflow/.local/lib/python3.12/site-packages/airflow/example_dags/example_nested_branch_dag.py took 0.124 seconds
[2025-01-10T00:54:28.224+0000] {processor.py:186} INFO - Started process (PID=1407) to work on /home/airflow/.local/lib/python3.12/site-packages/airflow/example_dags/example_nested_branch_dag.py
[2025-01-10T00:54:28.225+0000] {processor.py:914} INFO - Processing file /home/airflow/.local/lib/python3.12/site-packages/airflow/example_dags/example_nested_branch_dag.py for tasks to queue
[2025-01-10T00:54:28.227+0000] {logging_mixin.py:190} INFO - [2025-01-10T00:54:28.227+0000] {dagbag.py:588} INFO - Filling up the DagBag from /home/airflow/.local/lib/python3.12/site-packages/airflow/example_dags/example_nested_branch_dag.py
[2025-01-10T00:54:28.238+0000] {processor.py:925} INFO - DAG(s) 'example_nested_branch_dag' retrieved from /home/airflow/.local/lib/python3.12/site-packages/airflow/example_dags/example_nested_branch_dag.py
[2025-01-10T00:54:28.261+0000] {logging_mixin.py:190} INFO - [2025-01-10T00:54:28.261+0000] {dag.py:3239} INFO - Sync 1 DAGs
[2025-01-10T00:54:28.284+0000] {logging_mixin.py:190} INFO - [2025-01-10T00:54:28.284+0000] {dag.py:4180} INFO - Setting next_dagrun for example_nested_branch_dag to 2025-01-09 00:00:00+00:00, run_after=2025-01-10 00:00:00+00:00
[2025-01-10T00:54:28.305+0000] {processor.py:208} INFO - Processing /home/airflow/.local/lib/python3.12/site-packages/airflow/example_dags/example_nested_branch_dag.py took 0.088 seconds
[2025-01-10T00:54:58.375+0000] {processor.py:186} INFO - Started process (PID=1470) to work on /home/airflow/.local/lib/python3.12/site-packages/airflow/example_dags/example_nested_branch_dag.py
[2025-01-10T00:54:58.376+0000] {processor.py:914} INFO - Processing file /home/airflow/.local/lib/python3.12/site-packages/airflow/example_dags/example_nested_branch_dag.py for tasks to queue
[2025-01-10T00:54:58.378+0000] {logging_mixin.py:190} INFO - [2025-01-10T00:54:58.378+0000] {dagbag.py:588} INFO - Filling up the DagBag from /home/airflow/.local/lib/python3.12/site-packages/airflow/example_dags/example_nested_branch_dag.py
[2025-01-10T00:54:58.390+0000] {processor.py:925} INFO - DAG(s) 'example_nested_branch_dag' retrieved from /home/airflow/.local/lib/python3.12/site-packages/airflow/example_dags/example_nested_branch_dag.py
[2025-01-10T00:54:58.410+0000] {logging_mixin.py:190} INFO - [2025-01-10T00:54:58.410+0000] {dag.py:3239} INFO - Sync 1 DAGs
[2025-01-10T00:54:58.432+0000] {logging_mixin.py:190} INFO - [2025-01-10T00:54:58.432+0000] {dag.py:4180} INFO - Setting next_dagrun for example_nested_branch_dag to 2025-01-09 00:00:00+00:00, run_after=2025-01-10 00:00:00+00:00
[2025-01-10T00:54:58.451+0000] {processor.py:208} INFO - Processing /home/airflow/.local/lib/python3.12/site-packages/airflow/example_dags/example_nested_branch_dag.py took 0.084 seconds
[2025-01-10T00:55:28.637+0000] {processor.py:186} INFO - Started process (PID=1533) to work on /home/airflow/.local/lib/python3.12/site-packages/airflow/example_dags/example_nested_branch_dag.py
[2025-01-10T00:55:28.638+0000] {processor.py:914} INFO - Processing file /home/airflow/.local/lib/python3.12/site-packages/airflow/example_dags/example_nested_branch_dag.py for tasks to queue
[2025-01-10T00:55:28.640+0000] {logging_mixin.py:190} INFO - [2025-01-10T00:55:28.640+0000] {dagbag.py:588} INFO - Filling up the DagBag from /home/airflow/.local/lib/python3.12/site-packages/airflow/example_dags/example_nested_branch_dag.py
[2025-01-10T00:55:28.652+0000] {processor.py:925} INFO - DAG(s) 'example_nested_branch_dag' retrieved from /home/airflow/.local/lib/python3.12/site-packages/airflow/example_dags/example_nested_branch_dag.py
[2025-01-10T00:55:28.673+0000] {logging_mixin.py:190} INFO - [2025-01-10T00:55:28.672+0000] {dag.py:3239} INFO - Sync 1 DAGs
[2025-01-10T00:55:28.697+0000] {logging_mixin.py:190} INFO - [2025-01-10T00:55:28.697+0000] {dag.py:4180} INFO - Setting next_dagrun for example_nested_branch_dag to 2025-01-09 00:00:00+00:00, run_after=2025-01-10 00:00:00+00:00
[2025-01-10T00:55:28.719+0000] {processor.py:208} INFO - Processing /home/airflow/.local/lib/python3.12/site-packages/airflow/example_dags/example_nested_branch_dag.py took 0.088 seconds
[2025-01-10T00:55:59.345+0000] {processor.py:186} INFO - Started process (PID=1596) to work on /home/airflow/.local/lib/python3.12/site-packages/airflow/example_dags/example_nested_branch_dag.py
[2025-01-10T00:55:59.346+0000] {processor.py:914} INFO - Processing file /home/airflow/.local/lib/python3.12/site-packages/airflow/example_dags/example_nested_branch_dag.py for tasks to queue
[2025-01-10T00:55:59.348+0000] {logging_mixin.py:190} INFO - [2025-01-10T00:55:59.348+0000] {dagbag.py:588} INFO - Filling up the DagBag from /home/airflow/.local/lib/python3.12/site-packages/airflow/example_dags/example_nested_branch_dag.py
[2025-01-10T00:55:59.359+0000] {processor.py:925} INFO - DAG(s) 'example_nested_branch_dag' retrieved from /home/airflow/.local/lib/python3.12/site-packages/airflow/example_dags/example_nested_branch_dag.py
[2025-01-10T00:55:59.379+0000] {logging_mixin.py:190} INFO - [2025-01-10T00:55:59.378+0000] {dag.py:3239} INFO - Sync 1 DAGs
[2025-01-10T00:55:59.401+0000] {logging_mixin.py:190} INFO - [2025-01-10T00:55:59.401+0000] {dag.py:4180} INFO - Setting next_dagrun for example_nested_branch_dag to 2025-01-09 00:00:00+00:00, run_after=2025-01-10 00:00:00+00:00
[2025-01-10T00:55:59.422+0000] {processor.py:208} INFO - Processing /home/airflow/.local/lib/python3.12/site-packages/airflow/example_dags/example_nested_branch_dag.py took 0.082 seconds
[2025-01-10T00:56:29.858+0000] {processor.py:186} INFO - Started process (PID=1659) to work on /home/airflow/.local/lib/python3.12/site-packages/airflow/example_dags/example_nested_branch_dag.py
[2025-01-10T00:56:29.859+0000] {processor.py:914} INFO - Processing file /home/airflow/.local/lib/python3.12/site-packages/airflow/example_dags/example_nested_branch_dag.py for tasks to queue
[2025-01-10T00:56:29.861+0000] {logging_mixin.py:190} INFO - [2025-01-10T00:56:29.861+0000] {dagbag.py:588} INFO - Filling up the DagBag from /home/airflow/.local/lib/python3.12/site-packages/airflow/example_dags/example_nested_branch_dag.py
[2025-01-10T00:56:29.872+0000] {processor.py:925} INFO - DAG(s) 'example_nested_branch_dag' retrieved from /home/airflow/.local/lib/python3.12/site-packages/airflow/example_dags/example_nested_branch_dag.py
[2025-01-10T00:56:29.893+0000] {logging_mixin.py:190} INFO - [2025-01-10T00:56:29.892+0000] {dag.py:3239} INFO - Sync 1 DAGs
[2025-01-10T00:56:29.915+0000] {logging_mixin.py:190} INFO - [2025-01-10T00:56:29.914+0000] {dag.py:4180} INFO - Setting next_dagrun for example_nested_branch_dag to 2025-01-09 00:00:00+00:00, run_after=2025-01-10 00:00:00+00:00
[2025-01-10T00:56:29.936+0000] {processor.py:208} INFO - Processing /home/airflow/.local/lib/python3.12/site-packages/airflow/example_dags/example_nested_branch_dag.py took 0.084 seconds
[2025-01-10T00:56:59.993+0000] {processor.py:186} INFO - Started process (PID=1722) to work on /home/airflow/.local/lib/python3.12/site-packages/airflow/example_dags/example_nested_branch_dag.py
[2025-01-10T00:56:59.993+0000] {processor.py:914} INFO - Processing file /home/airflow/.local/lib/python3.12/site-packages/airflow/example_dags/example_nested_branch_dag.py for tasks to queue
[2025-01-10T00:56:59.996+0000] {logging_mixin.py:190} INFO - [2025-01-10T00:56:59.995+0000] {dagbag.py:588} INFO - Filling up the DagBag from /home/airflow/.local/lib/python3.12/site-packages/airflow/example_dags/example_nested_branch_dag.py
[2025-01-10T00:57:00.006+0000] {processor.py:925} INFO - DAG(s) 'example_nested_branch_dag' retrieved from /home/airflow/.local/lib/python3.12/site-packages/airflow/example_dags/example_nested_branch_dag.py
[2025-01-10T00:57:00.027+0000] {logging_mixin.py:190} INFO - [2025-01-10T00:57:00.027+0000] {dag.py:3239} INFO - Sync 1 DAGs
[2025-01-10T00:57:00.048+0000] {logging_mixin.py:190} INFO - [2025-01-10T00:57:00.048+0000] {dag.py:4180} INFO - Setting next_dagrun for example_nested_branch_dag to 2025-01-09 00:00:00+00:00, run_after=2025-01-10 00:00:00+00:00
[2025-01-10T00:57:00.094+0000] {processor.py:208} INFO - Processing /home/airflow/.local/lib/python3.12/site-packages/airflow/example_dags/example_nested_branch_dag.py took 0.107 seconds
[2025-01-10T00:57:30.176+0000] {processor.py:186} INFO - Started process (PID=1785) to work on /home/airflow/.local/lib/python3.12/site-packages/airflow/example_dags/example_nested_branch_dag.py
[2025-01-10T00:57:30.177+0000] {processor.py:914} INFO - Processing file /home/airflow/.local/lib/python3.12/site-packages/airflow/example_dags/example_nested_branch_dag.py for tasks to queue
[2025-01-10T00:57:30.180+0000] {logging_mixin.py:190} INFO - [2025-01-10T00:57:30.179+0000] {dagbag.py:588} INFO - Filling up the DagBag from /home/airflow/.local/lib/python3.12/site-packages/airflow/example_dags/example_nested_branch_dag.py
[2025-01-10T00:57:30.190+0000] {processor.py:925} INFO - DAG(s) 'example_nested_branch_dag' retrieved from /home/airflow/.local/lib/python3.12/site-packages/airflow/example_dags/example_nested_branch_dag.py
[2025-01-10T00:57:30.210+0000] {logging_mixin.py:190} INFO - [2025-01-10T00:57:30.210+0000] {dag.py:3239} INFO - Sync 1 DAGs
[2025-01-10T00:57:30.233+0000] {logging_mixin.py:190} INFO - [2025-01-10T00:57:30.232+0000] {dag.py:4180} INFO - Setting next_dagrun for example_nested_branch_dag to 2025-01-09 00:00:00+00:00, run_after=2025-01-10 00:00:00+00:00
[2025-01-10T00:57:30.280+0000] {processor.py:208} INFO - Processing /home/airflow/.local/lib/python3.12/site-packages/airflow/example_dags/example_nested_branch_dag.py took 0.109 seconds
[2025-01-10T00:58:01.188+0000] {processor.py:186} INFO - Started process (PID=1849) to work on /home/airflow/.local/lib/python3.12/site-packages/airflow/example_dags/example_nested_branch_dag.py
[2025-01-10T00:58:01.190+0000] {processor.py:914} INFO - Processing file /home/airflow/.local/lib/python3.12/site-packages/airflow/example_dags/example_nested_branch_dag.py for tasks to queue
[2025-01-10T00:58:01.193+0000] {logging_mixin.py:190} INFO - [2025-01-10T00:58:01.192+0000] {dagbag.py:588} INFO - Filling up the DagBag from /home/airflow/.local/lib/python3.12/site-packages/airflow/example_dags/example_nested_branch_dag.py
[2025-01-10T00:58:01.208+0000] {processor.py:925} INFO - DAG(s) 'example_nested_branch_dag' retrieved from /home/airflow/.local/lib/python3.12/site-packages/airflow/example_dags/example_nested_branch_dag.py
[2025-01-10T00:58:01.237+0000] {logging_mixin.py:190} INFO - [2025-01-10T00:58:01.236+0000] {dag.py:3239} INFO - Sync 1 DAGs
[2025-01-10T00:58:01.270+0000] {logging_mixin.py:190} INFO - [2025-01-10T00:58:01.270+0000] {dag.py:4180} INFO - Setting next_dagrun for example_nested_branch_dag to 2025-01-09 00:00:00+00:00, run_after=2025-01-10 00:00:00+00:00
[2025-01-10T00:58:01.295+0000] {processor.py:208} INFO - Processing /home/airflow/.local/lib/python3.12/site-packages/airflow/example_dags/example_nested_branch_dag.py took 0.114 seconds
[2025-01-10T00:58:31.331+0000] {processor.py:186} INFO - Started process (PID=1912) to work on /home/airflow/.local/lib/python3.12/site-packages/airflow/example_dags/example_nested_branch_dag.py
[2025-01-10T00:58:31.331+0000] {processor.py:914} INFO - Processing file /home/airflow/.local/lib/python3.12/site-packages/airflow/example_dags/example_nested_branch_dag.py for tasks to queue
[2025-01-10T00:58:31.334+0000] {logging_mixin.py:190} INFO - [2025-01-10T00:58:31.333+0000] {dagbag.py:588} INFO - Filling up the DagBag from /home/airflow/.local/lib/python3.12/site-packages/airflow/example_dags/example_nested_branch_dag.py
[2025-01-10T00:58:31.344+0000] {processor.py:925} INFO - DAG(s) 'example_nested_branch_dag' retrieved from /home/airflow/.local/lib/python3.12/site-packages/airflow/example_dags/example_nested_branch_dag.py
[2025-01-10T00:58:31.366+0000] {logging_mixin.py:190} INFO - [2025-01-10T00:58:31.365+0000] {dag.py:3239} INFO - Sync 1 DAGs
[2025-01-10T00:58:31.397+0000] {logging_mixin.py:190} INFO - [2025-01-10T00:58:31.397+0000] {dag.py:4180} INFO - Setting next_dagrun for example_nested_branch_dag to 2025-01-09 00:00:00+00:00, run_after=2025-01-10 00:00:00+00:00
[2025-01-10T00:58:31.428+0000] {processor.py:208} INFO - Processing /home/airflow/.local/lib/python3.12/site-packages/airflow/example_dags/example_nested_branch_dag.py took 0.103 seconds
[2025-01-10T01:01:58.086+0000] {processor.py:186} INFO - Started process (PID=72) to work on /home/airflow/.local/lib/python3.12/site-packages/airflow/example_dags/example_nested_branch_dag.py
[2025-01-10T01:01:58.089+0000] {processor.py:914} INFO - Processing file /home/airflow/.local/lib/python3.12/site-packages/airflow/example_dags/example_nested_branch_dag.py for tasks to queue
[2025-01-10T01:01:58.097+0000] {logging_mixin.py:190} INFO - [2025-01-10T01:01:58.096+0000] {dagbag.py:588} INFO - Filling up the DagBag from /home/airflow/.local/lib/python3.12/site-packages/airflow/example_dags/example_nested_branch_dag.py
[2025-01-10T01:01:58.119+0000] {processor.py:925} INFO - DAG(s) 'example_nested_branch_dag' retrieved from /home/airflow/.local/lib/python3.12/site-packages/airflow/example_dags/example_nested_branch_dag.py
[2025-01-10T01:01:58.182+0000] {logging_mixin.py:190} INFO - [2025-01-10T01:01:58.181+0000] {dag.py:3239} INFO - Sync 1 DAGs
[2025-01-10T01:01:58.228+0000] {logging_mixin.py:190} INFO - [2025-01-10T01:01:58.228+0000] {dag.py:4180} INFO - Setting next_dagrun for example_nested_branch_dag to 2025-01-09 00:00:00+00:00, run_after=2025-01-10 00:00:00+00:00
[2025-01-10T01:01:58.267+0000] {processor.py:208} INFO - Processing /home/airflow/.local/lib/python3.12/site-packages/airflow/example_dags/example_nested_branch_dag.py took 0.190 seconds
[2025-01-10T01:02:29.524+0000] {processor.py:186} INFO - Started process (PID=135) to work on /home/airflow/.local/lib/python3.12/site-packages/airflow/example_dags/example_nested_branch_dag.py
[2025-01-10T01:02:29.525+0000] {processor.py:914} INFO - Processing file /home/airflow/.local/lib/python3.12/site-packages/airflow/example_dags/example_nested_branch_dag.py for tasks to queue
[2025-01-10T01:02:29.530+0000] {logging_mixin.py:190} INFO - [2025-01-10T01:02:29.529+0000] {dagbag.py:588} INFO - Filling up the DagBag from /home/airflow/.local/lib/python3.12/site-packages/airflow/example_dags/example_nested_branch_dag.py
[2025-01-10T01:02:29.547+0000] {processor.py:925} INFO - DAG(s) 'example_nested_branch_dag' retrieved from /home/airflow/.local/lib/python3.12/site-packages/airflow/example_dags/example_nested_branch_dag.py
[2025-01-10T01:02:29.573+0000] {logging_mixin.py:190} INFO - [2025-01-10T01:02:29.573+0000] {dag.py:3239} INFO - Sync 1 DAGs
[2025-01-10T01:02:29.633+0000] {logging_mixin.py:190} INFO - [2025-01-10T01:02:29.633+0000] {dag.py:4180} INFO - Setting next_dagrun for example_nested_branch_dag to 2025-01-09 00:00:00+00:00, run_after=2025-01-10 00:00:00+00:00
[2025-01-10T01:02:29.660+0000] {processor.py:208} INFO - Processing /home/airflow/.local/lib/python3.12/site-packages/airflow/example_dags/example_nested_branch_dag.py took 0.146 seconds
[2025-01-10T01:03:00.605+0000] {processor.py:186} INFO - Started process (PID=204) to work on /home/airflow/.local/lib/python3.12/site-packages/airflow/example_dags/example_nested_branch_dag.py
[2025-01-10T01:03:00.605+0000] {processor.py:914} INFO - Processing file /home/airflow/.local/lib/python3.12/site-packages/airflow/example_dags/example_nested_branch_dag.py for tasks to queue
[2025-01-10T01:03:00.608+0000] {logging_mixin.py:190} INFO - [2025-01-10T01:03:00.607+0000] {dagbag.py:588} INFO - Filling up the DagBag from /home/airflow/.local/lib/python3.12/site-packages/airflow/example_dags/example_nested_branch_dag.py
[2025-01-10T01:03:00.619+0000] {processor.py:925} INFO - DAG(s) 'example_nested_branch_dag' retrieved from /home/airflow/.local/lib/python3.12/site-packages/airflow/example_dags/example_nested_branch_dag.py
[2025-01-10T01:03:00.638+0000] {logging_mixin.py:190} INFO - [2025-01-10T01:03:00.638+0000] {dag.py:3239} INFO - Sync 1 DAGs
[2025-01-10T01:03:00.660+0000] {logging_mixin.py:190} INFO - [2025-01-10T01:03:00.660+0000] {dag.py:4180} INFO - Setting next_dagrun for example_nested_branch_dag to 2025-01-09 00:00:00+00:00, run_after=2025-01-10 00:00:00+00:00
[2025-01-10T01:03:00.680+0000] {processor.py:208} INFO - Processing /home/airflow/.local/lib/python3.12/site-packages/airflow/example_dags/example_nested_branch_dag.py took 0.081 seconds
[2025-01-10T01:03:32.012+0000] {processor.py:186} INFO - Started process (PID=267) to work on /home/airflow/.local/lib/python3.12/site-packages/airflow/example_dags/example_nested_branch_dag.py
[2025-01-10T01:03:32.013+0000] {processor.py:914} INFO - Processing file /home/airflow/.local/lib/python3.12/site-packages/airflow/example_dags/example_nested_branch_dag.py for tasks to queue
[2025-01-10T01:03:32.016+0000] {logging_mixin.py:190} INFO - [2025-01-10T01:03:32.015+0000] {dagbag.py:588} INFO - Filling up the DagBag from /home/airflow/.local/lib/python3.12/site-packages/airflow/example_dags/example_nested_branch_dag.py
[2025-01-10T01:03:32.029+0000] {processor.py:925} INFO - DAG(s) 'example_nested_branch_dag' retrieved from /home/airflow/.local/lib/python3.12/site-packages/airflow/example_dags/example_nested_branch_dag.py
[2025-01-10T01:03:32.050+0000] {logging_mixin.py:190} INFO - [2025-01-10T01:03:32.049+0000] {dag.py:3239} INFO - Sync 1 DAGs
[2025-01-10T01:03:32.072+0000] {logging_mixin.py:190} INFO - [2025-01-10T01:03:32.072+0000] {dag.py:4180} INFO - Setting next_dagrun for example_nested_branch_dag to 2025-01-09 00:00:00+00:00, run_after=2025-01-10 00:00:00+00:00
[2025-01-10T01:03:32.094+0000] {processor.py:208} INFO - Processing /home/airflow/.local/lib/python3.12/site-packages/airflow/example_dags/example_nested_branch_dag.py took 0.090 seconds
[2025-01-10T01:04:02.383+0000] {processor.py:186} INFO - Started process (PID=330) to work on /home/airflow/.local/lib/python3.12/site-packages/airflow/example_dags/example_nested_branch_dag.py
[2025-01-10T01:04:02.384+0000] {processor.py:914} INFO - Processing file /home/airflow/.local/lib/python3.12/site-packages/airflow/example_dags/example_nested_branch_dag.py for tasks to queue
[2025-01-10T01:04:02.386+0000] {logging_mixin.py:190} INFO - [2025-01-10T01:04:02.386+0000] {dagbag.py:588} INFO - Filling up the DagBag from /home/airflow/.local/lib/python3.12/site-packages/airflow/example_dags/example_nested_branch_dag.py
[2025-01-10T01:04:02.397+0000] {processor.py:925} INFO - DAG(s) 'example_nested_branch_dag' retrieved from /home/airflow/.local/lib/python3.12/site-packages/airflow/example_dags/example_nested_branch_dag.py
[2025-01-10T01:04:02.421+0000] {logging_mixin.py:190} INFO - [2025-01-10T01:04:02.420+0000] {dag.py:3239} INFO - Sync 1 DAGs
[2025-01-10T01:04:02.444+0000] {logging_mixin.py:190} INFO - [2025-01-10T01:04:02.444+0000] {dag.py:4180} INFO - Setting next_dagrun for example_nested_branch_dag to 2025-01-09 00:00:00+00:00, run_after=2025-01-10 00:00:00+00:00
[2025-01-10T01:04:02.461+0000] {processor.py:208} INFO - Processing /home/airflow/.local/lib/python3.12/site-packages/airflow/example_dags/example_nested_branch_dag.py took 0.084 seconds
[2025-01-10T01:04:32.905+0000] {processor.py:186} INFO - Started process (PID=393) to work on /home/airflow/.local/lib/python3.12/site-packages/airflow/example_dags/example_nested_branch_dag.py
[2025-01-10T01:04:32.906+0000] {processor.py:914} INFO - Processing file /home/airflow/.local/lib/python3.12/site-packages/airflow/example_dags/example_nested_branch_dag.py for tasks to queue
[2025-01-10T01:04:32.908+0000] {logging_mixin.py:190} INFO - [2025-01-10T01:04:32.908+0000] {dagbag.py:588} INFO - Filling up the DagBag from /home/airflow/.local/lib/python3.12/site-packages/airflow/example_dags/example_nested_branch_dag.py
[2025-01-10T01:04:32.920+0000] {processor.py:925} INFO - DAG(s) 'example_nested_branch_dag' retrieved from /home/airflow/.local/lib/python3.12/site-packages/airflow/example_dags/example_nested_branch_dag.py
[2025-01-10T01:04:32.939+0000] {logging_mixin.py:190} INFO - [2025-01-10T01:04:32.939+0000] {dag.py:3239} INFO - Sync 1 DAGs
[2025-01-10T01:04:32.968+0000] {logging_mixin.py:190} INFO - [2025-01-10T01:04:32.968+0000] {dag.py:4180} INFO - Setting next_dagrun for example_nested_branch_dag to 2025-01-09 00:00:00+00:00, run_after=2025-01-10 00:00:00+00:00
[2025-01-10T01:04:32.991+0000] {processor.py:208} INFO - Processing /home/airflow/.local/lib/python3.12/site-packages/airflow/example_dags/example_nested_branch_dag.py took 0.091 seconds
[2025-01-10T01:05:03.610+0000] {processor.py:186} INFO - Started process (PID=455) to work on /home/airflow/.local/lib/python3.12/site-packages/airflow/example_dags/example_nested_branch_dag.py
[2025-01-10T01:05:03.611+0000] {processor.py:914} INFO - Processing file /home/airflow/.local/lib/python3.12/site-packages/airflow/example_dags/example_nested_branch_dag.py for tasks to queue
[2025-01-10T01:05:03.613+0000] {logging_mixin.py:190} INFO - [2025-01-10T01:05:03.613+0000] {dagbag.py:588} INFO - Filling up the DagBag from /home/airflow/.local/lib/python3.12/site-packages/airflow/example_dags/example_nested_branch_dag.py
[2025-01-10T01:05:03.624+0000] {processor.py:925} INFO - DAG(s) 'example_nested_branch_dag' retrieved from /home/airflow/.local/lib/python3.12/site-packages/airflow/example_dags/example_nested_branch_dag.py
[2025-01-10T01:05:03.643+0000] {logging_mixin.py:190} INFO - [2025-01-10T01:05:03.642+0000] {dag.py:3239} INFO - Sync 1 DAGs
[2025-01-10T01:05:03.664+0000] {logging_mixin.py:190} INFO - [2025-01-10T01:05:03.664+0000] {dag.py:4180} INFO - Setting next_dagrun for example_nested_branch_dag to 2025-01-09 00:00:00+00:00, run_after=2025-01-10 00:00:00+00:00
[2025-01-10T01:05:03.682+0000] {processor.py:208} INFO - Processing /home/airflow/.local/lib/python3.12/site-packages/airflow/example_dags/example_nested_branch_dag.py took 0.078 seconds
[2025-01-10T01:05:34.130+0000] {processor.py:186} INFO - Started process (PID=518) to work on /home/airflow/.local/lib/python3.12/site-packages/airflow/example_dags/example_nested_branch_dag.py
[2025-01-10T01:05:34.131+0000] {processor.py:914} INFO - Processing file /home/airflow/.local/lib/python3.12/site-packages/airflow/example_dags/example_nested_branch_dag.py for tasks to queue
[2025-01-10T01:05:34.133+0000] {logging_mixin.py:190} INFO - [2025-01-10T01:05:34.133+0000] {dagbag.py:588} INFO - Filling up the DagBag from /home/airflow/.local/lib/python3.12/site-packages/airflow/example_dags/example_nested_branch_dag.py
[2025-01-10T01:05:34.144+0000] {processor.py:925} INFO - DAG(s) 'example_nested_branch_dag' retrieved from /home/airflow/.local/lib/python3.12/site-packages/airflow/example_dags/example_nested_branch_dag.py
[2025-01-10T01:05:34.164+0000] {logging_mixin.py:190} INFO - [2025-01-10T01:05:34.164+0000] {dag.py:3239} INFO - Sync 1 DAGs
[2025-01-10T01:05:34.189+0000] {logging_mixin.py:190} INFO - [2025-01-10T01:05:34.189+0000] {dag.py:4180} INFO - Setting next_dagrun for example_nested_branch_dag to 2025-01-09 00:00:00+00:00, run_after=2025-01-10 00:00:00+00:00
[2025-01-10T01:05:34.209+0000] {processor.py:208} INFO - Processing /home/airflow/.local/lib/python3.12/site-packages/airflow/example_dags/example_nested_branch_dag.py took 0.086 seconds
[2025-01-10T01:06:05.456+0000] {processor.py:186} INFO - Started process (PID=581) to work on /home/airflow/.local/lib/python3.12/site-packages/airflow/example_dags/example_nested_branch_dag.py
[2025-01-10T01:06:05.457+0000] {processor.py:914} INFO - Processing file /home/airflow/.local/lib/python3.12/site-packages/airflow/example_dags/example_nested_branch_dag.py for tasks to queue
[2025-01-10T01:06:05.459+0000] {logging_mixin.py:190} INFO - [2025-01-10T01:06:05.459+0000] {dagbag.py:588} INFO - Filling up the DagBag from /home/airflow/.local/lib/python3.12/site-packages/airflow/example_dags/example_nested_branch_dag.py
[2025-01-10T01:06:05.471+0000] {processor.py:925} INFO - DAG(s) 'example_nested_branch_dag' retrieved from /home/airflow/.local/lib/python3.12/site-packages/airflow/example_dags/example_nested_branch_dag.py
[2025-01-10T01:06:05.489+0000] {logging_mixin.py:190} INFO - [2025-01-10T01:06:05.489+0000] {dag.py:3239} INFO - Sync 1 DAGs
[2025-01-10T01:06:05.511+0000] {logging_mixin.py:190} INFO - [2025-01-10T01:06:05.511+0000] {dag.py:4180} INFO - Setting next_dagrun for example_nested_branch_dag to 2025-01-09 00:00:00+00:00, run_after=2025-01-10 00:00:00+00:00
[2025-01-10T01:06:05.530+0000] {processor.py:208} INFO - Processing /home/airflow/.local/lib/python3.12/site-packages/airflow/example_dags/example_nested_branch_dag.py took 0.082 seconds
[2025-01-10T01:06:36.063+0000] {processor.py:186} INFO - Started process (PID=644) to work on /home/airflow/.local/lib/python3.12/site-packages/airflow/example_dags/example_nested_branch_dag.py
[2025-01-10T01:06:36.064+0000] {processor.py:914} INFO - Processing file /home/airflow/.local/lib/python3.12/site-packages/airflow/example_dags/example_nested_branch_dag.py for tasks to queue
[2025-01-10T01:06:36.068+0000] {logging_mixin.py:190} INFO - [2025-01-10T01:06:36.068+0000] {dagbag.py:588} INFO - Filling up the DagBag from /home/airflow/.local/lib/python3.12/site-packages/airflow/example_dags/example_nested_branch_dag.py
[2025-01-10T01:06:36.084+0000] {processor.py:925} INFO - DAG(s) 'example_nested_branch_dag' retrieved from /home/airflow/.local/lib/python3.12/site-packages/airflow/example_dags/example_nested_branch_dag.py
[2025-01-10T01:06:36.113+0000] {logging_mixin.py:190} INFO - [2025-01-10T01:06:36.113+0000] {dag.py:3239} INFO - Sync 1 DAGs
[2025-01-10T01:06:36.141+0000] {logging_mixin.py:190} INFO - [2025-01-10T01:06:36.141+0000] {dag.py:4180} INFO - Setting next_dagrun for example_nested_branch_dag to 2025-01-09 00:00:00+00:00, run_after=2025-01-10 00:00:00+00:00
[2025-01-10T01:06:36.161+0000] {processor.py:208} INFO - Processing /home/airflow/.local/lib/python3.12/site-packages/airflow/example_dags/example_nested_branch_dag.py took 0.105 seconds
[2025-01-10T01:07:06.249+0000] {processor.py:186} INFO - Started process (PID=706) to work on /home/airflow/.local/lib/python3.12/site-packages/airflow/example_dags/example_nested_branch_dag.py
[2025-01-10T01:07:06.250+0000] {processor.py:914} INFO - Processing file /home/airflow/.local/lib/python3.12/site-packages/airflow/example_dags/example_nested_branch_dag.py for tasks to queue
[2025-01-10T01:07:06.252+0000] {logging_mixin.py:190} INFO - [2025-01-10T01:07:06.252+0000] {dagbag.py:588} INFO - Filling up the DagBag from /home/airflow/.local/lib/python3.12/site-packages/airflow/example_dags/example_nested_branch_dag.py
[2025-01-10T01:07:06.263+0000] {processor.py:925} INFO - DAG(s) 'example_nested_branch_dag' retrieved from /home/airflow/.local/lib/python3.12/site-packages/airflow/example_dags/example_nested_branch_dag.py
[2025-01-10T01:07:06.282+0000] {logging_mixin.py:190} INFO - [2025-01-10T01:07:06.282+0000] {dag.py:3239} INFO - Sync 1 DAGs
[2025-01-10T01:07:06.304+0000] {logging_mixin.py:190} INFO - [2025-01-10T01:07:06.304+0000] {dag.py:4180} INFO - Setting next_dagrun for example_nested_branch_dag to 2025-01-09 00:00:00+00:00, run_after=2025-01-10 00:00:00+00:00
[2025-01-10T01:07:06.371+0000] {processor.py:208} INFO - Processing /home/airflow/.local/lib/python3.12/site-packages/airflow/example_dags/example_nested_branch_dag.py took 0.127 seconds
[2025-01-10T01:07:36.415+0000] {processor.py:186} INFO - Started process (PID=769) to work on /home/airflow/.local/lib/python3.12/site-packages/airflow/example_dags/example_nested_branch_dag.py
[2025-01-10T01:07:36.416+0000] {processor.py:914} INFO - Processing file /home/airflow/.local/lib/python3.12/site-packages/airflow/example_dags/example_nested_branch_dag.py for tasks to queue
[2025-01-10T01:07:36.418+0000] {logging_mixin.py:190} INFO - [2025-01-10T01:07:36.417+0000] {dagbag.py:588} INFO - Filling up the DagBag from /home/airflow/.local/lib/python3.12/site-packages/airflow/example_dags/example_nested_branch_dag.py
[2025-01-10T01:07:36.428+0000] {processor.py:925} INFO - DAG(s) 'example_nested_branch_dag' retrieved from /home/airflow/.local/lib/python3.12/site-packages/airflow/example_dags/example_nested_branch_dag.py
[2025-01-10T01:07:36.448+0000] {logging_mixin.py:190} INFO - [2025-01-10T01:07:36.447+0000] {dag.py:3239} INFO - Sync 1 DAGs
[2025-01-10T01:07:36.471+0000] {logging_mixin.py:190} INFO - [2025-01-10T01:07:36.471+0000] {dag.py:4180} INFO - Setting next_dagrun for example_nested_branch_dag to 2025-01-09 00:00:00+00:00, run_after=2025-01-10 00:00:00+00:00
[2025-01-10T01:07:36.492+0000] {processor.py:208} INFO - Processing /home/airflow/.local/lib/python3.12/site-packages/airflow/example_dags/example_nested_branch_dag.py took 0.082 seconds
[2025-01-10T01:08:06.559+0000] {processor.py:186} INFO - Started process (PID=832) to work on /home/airflow/.local/lib/python3.12/site-packages/airflow/example_dags/example_nested_branch_dag.py
[2025-01-10T01:08:06.560+0000] {processor.py:914} INFO - Processing file /home/airflow/.local/lib/python3.12/site-packages/airflow/example_dags/example_nested_branch_dag.py for tasks to queue
[2025-01-10T01:08:06.564+0000] {logging_mixin.py:190} INFO - [2025-01-10T01:08:06.564+0000] {dagbag.py:588} INFO - Filling up the DagBag from /home/airflow/.local/lib/python3.12/site-packages/airflow/example_dags/example_nested_branch_dag.py
[2025-01-10T01:08:06.576+0000] {processor.py:925} INFO - DAG(s) 'example_nested_branch_dag' retrieved from /home/airflow/.local/lib/python3.12/site-packages/airflow/example_dags/example_nested_branch_dag.py
[2025-01-10T01:08:06.597+0000] {logging_mixin.py:190} INFO - [2025-01-10T01:08:06.597+0000] {dag.py:3239} INFO - Sync 1 DAGs
[2025-01-10T01:08:06.623+0000] {logging_mixin.py:190} INFO - [2025-01-10T01:08:06.622+0000] {dag.py:4180} INFO - Setting next_dagrun for example_nested_branch_dag to 2025-01-09 00:00:00+00:00, run_after=2025-01-10 00:00:00+00:00
[2025-01-10T01:08:06.682+0000] {processor.py:208} INFO - Processing /home/airflow/.local/lib/python3.12/site-packages/airflow/example_dags/example_nested_branch_dag.py took 0.129 seconds
[2025-01-10T01:08:37.224+0000] {processor.py:186} INFO - Started process (PID=895) to work on /home/airflow/.local/lib/python3.12/site-packages/airflow/example_dags/example_nested_branch_dag.py
[2025-01-10T01:08:37.225+0000] {processor.py:914} INFO - Processing file /home/airflow/.local/lib/python3.12/site-packages/airflow/example_dags/example_nested_branch_dag.py for tasks to queue
[2025-01-10T01:08:37.227+0000] {logging_mixin.py:190} INFO - [2025-01-10T01:08:37.226+0000] {dagbag.py:588} INFO - Filling up the DagBag from /home/airflow/.local/lib/python3.12/site-packages/airflow/example_dags/example_nested_branch_dag.py
[2025-01-10T01:08:37.248+0000] {processor.py:925} INFO - DAG(s) 'example_nested_branch_dag' retrieved from /home/airflow/.local/lib/python3.12/site-packages/airflow/example_dags/example_nested_branch_dag.py
[2025-01-10T01:08:37.266+0000] {logging_mixin.py:190} INFO - [2025-01-10T01:08:37.265+0000] {dag.py:3239} INFO - Sync 1 DAGs
[2025-01-10T01:08:37.287+0000] {logging_mixin.py:190} INFO - [2025-01-10T01:08:37.287+0000] {dag.py:4180} INFO - Setting next_dagrun for example_nested_branch_dag to 2025-01-09 00:00:00+00:00, run_after=2025-01-10 00:00:00+00:00
[2025-01-10T01:08:37.307+0000] {processor.py:208} INFO - Processing /home/airflow/.local/lib/python3.12/site-packages/airflow/example_dags/example_nested_branch_dag.py took 0.089 seconds
[2025-01-10T01:09:07.373+0000] {processor.py:186} INFO - Started process (PID=959) to work on /home/airflow/.local/lib/python3.12/site-packages/airflow/example_dags/example_nested_branch_dag.py
[2025-01-10T01:09:07.374+0000] {processor.py:914} INFO - Processing file /home/airflow/.local/lib/python3.12/site-packages/airflow/example_dags/example_nested_branch_dag.py for tasks to queue
[2025-01-10T01:09:07.378+0000] {logging_mixin.py:190} INFO - [2025-01-10T01:09:07.378+0000] {dagbag.py:588} INFO - Filling up the DagBag from /home/airflow/.local/lib/python3.12/site-packages/airflow/example_dags/example_nested_branch_dag.py
[2025-01-10T01:09:07.394+0000] {processor.py:925} INFO - DAG(s) 'example_nested_branch_dag' retrieved from /home/airflow/.local/lib/python3.12/site-packages/airflow/example_dags/example_nested_branch_dag.py
[2025-01-10T01:09:07.425+0000] {logging_mixin.py:190} INFO - [2025-01-10T01:09:07.424+0000] {dag.py:3239} INFO - Sync 1 DAGs
[2025-01-10T01:09:07.467+0000] {logging_mixin.py:190} INFO - [2025-01-10T01:09:07.467+0000] {dag.py:4180} INFO - Setting next_dagrun for example_nested_branch_dag to 2025-01-09 00:00:00+00:00, run_after=2025-01-10 00:00:00+00:00
[2025-01-10T01:09:07.503+0000] {processor.py:208} INFO - Processing /home/airflow/.local/lib/python3.12/site-packages/airflow/example_dags/example_nested_branch_dag.py took 0.141 seconds
[2025-01-10T01:09:37.972+0000] {processor.py:186} INFO - Started process (PID=1022) to work on /home/airflow/.local/lib/python3.12/site-packages/airflow/example_dags/example_nested_branch_dag.py
[2025-01-10T01:09:37.973+0000] {processor.py:914} INFO - Processing file /home/airflow/.local/lib/python3.12/site-packages/airflow/example_dags/example_nested_branch_dag.py for tasks to queue
[2025-01-10T01:09:37.975+0000] {logging_mixin.py:190} INFO - [2025-01-10T01:09:37.975+0000] {dagbag.py:588} INFO - Filling up the DagBag from /home/airflow/.local/lib/python3.12/site-packages/airflow/example_dags/example_nested_branch_dag.py
[2025-01-10T01:09:37.988+0000] {processor.py:925} INFO - DAG(s) 'example_nested_branch_dag' retrieved from /home/airflow/.local/lib/python3.12/site-packages/airflow/example_dags/example_nested_branch_dag.py
[2025-01-10T01:09:38.007+0000] {logging_mixin.py:190} INFO - [2025-01-10T01:09:38.007+0000] {dag.py:3239} INFO - Sync 1 DAGs
[2025-01-10T01:09:38.032+0000] {logging_mixin.py:190} INFO - [2025-01-10T01:09:38.032+0000] {dag.py:4180} INFO - Setting next_dagrun for example_nested_branch_dag to 2025-01-09 00:00:00+00:00, run_after=2025-01-10 00:00:00+00:00
[2025-01-10T01:09:38.094+0000] {processor.py:208} INFO - Processing /home/airflow/.local/lib/python3.12/site-packages/airflow/example_dags/example_nested_branch_dag.py took 0.128 seconds
[2025-01-10T01:10:08.273+0000] {processor.py:186} INFO - Started process (PID=1085) to work on /home/airflow/.local/lib/python3.12/site-packages/airflow/example_dags/example_nested_branch_dag.py
[2025-01-10T01:10:08.273+0000] {processor.py:914} INFO - Processing file /home/airflow/.local/lib/python3.12/site-packages/airflow/example_dags/example_nested_branch_dag.py for tasks to queue
[2025-01-10T01:10:08.276+0000] {logging_mixin.py:190} INFO - [2025-01-10T01:10:08.275+0000] {dagbag.py:588} INFO - Filling up the DagBag from /home/airflow/.local/lib/python3.12/site-packages/airflow/example_dags/example_nested_branch_dag.py
[2025-01-10T01:10:08.286+0000] {processor.py:925} INFO - DAG(s) 'example_nested_branch_dag' retrieved from /home/airflow/.local/lib/python3.12/site-packages/airflow/example_dags/example_nested_branch_dag.py
[2025-01-10T01:10:08.306+0000] {logging_mixin.py:190} INFO - [2025-01-10T01:10:08.306+0000] {dag.py:3239} INFO - Sync 1 DAGs
[2025-01-10T01:10:08.329+0000] {logging_mixin.py:190} INFO - [2025-01-10T01:10:08.329+0000] {dag.py:4180} INFO - Setting next_dagrun for example_nested_branch_dag to 2025-01-09 00:00:00+00:00, run_after=2025-01-10 00:00:00+00:00
[2025-01-10T01:10:08.349+0000] {processor.py:208} INFO - Processing /home/airflow/.local/lib/python3.12/site-packages/airflow/example_dags/example_nested_branch_dag.py took 0.081 seconds
[2025-01-10T01:10:38.572+0000] {processor.py:186} INFO - Started process (PID=1148) to work on /home/airflow/.local/lib/python3.12/site-packages/airflow/example_dags/example_nested_branch_dag.py
[2025-01-10T01:10:38.572+0000] {processor.py:914} INFO - Processing file /home/airflow/.local/lib/python3.12/site-packages/airflow/example_dags/example_nested_branch_dag.py for tasks to queue
[2025-01-10T01:10:38.574+0000] {logging_mixin.py:190} INFO - [2025-01-10T01:10:38.574+0000] {dagbag.py:588} INFO - Filling up the DagBag from /home/airflow/.local/lib/python3.12/site-packages/airflow/example_dags/example_nested_branch_dag.py
[2025-01-10T01:10:38.585+0000] {processor.py:925} INFO - DAG(s) 'example_nested_branch_dag' retrieved from /home/airflow/.local/lib/python3.12/site-packages/airflow/example_dags/example_nested_branch_dag.py
[2025-01-10T01:10:38.605+0000] {logging_mixin.py:190} INFO - [2025-01-10T01:10:38.605+0000] {dag.py:3239} INFO - Sync 1 DAGs
[2025-01-10T01:10:38.627+0000] {logging_mixin.py:190} INFO - [2025-01-10T01:10:38.627+0000] {dag.py:4180} INFO - Setting next_dagrun for example_nested_branch_dag to 2025-01-09 00:00:00+00:00, run_after=2025-01-10 00:00:00+00:00
[2025-01-10T01:10:38.697+0000] {processor.py:208} INFO - Processing /home/airflow/.local/lib/python3.12/site-packages/airflow/example_dags/example_nested_branch_dag.py took 0.130 seconds
[2025-01-10T01:11:08.846+0000] {processor.py:186} INFO - Started process (PID=1211) to work on /home/airflow/.local/lib/python3.12/site-packages/airflow/example_dags/example_nested_branch_dag.py
[2025-01-10T01:11:08.847+0000] {processor.py:914} INFO - Processing file /home/airflow/.local/lib/python3.12/site-packages/airflow/example_dags/example_nested_branch_dag.py for tasks to queue
[2025-01-10T01:11:08.850+0000] {logging_mixin.py:190} INFO - [2025-01-10T01:11:08.850+0000] {dagbag.py:588} INFO - Filling up the DagBag from /home/airflow/.local/lib/python3.12/site-packages/airflow/example_dags/example_nested_branch_dag.py
[2025-01-10T01:11:08.870+0000] {processor.py:925} INFO - DAG(s) 'example_nested_branch_dag' retrieved from /home/airflow/.local/lib/python3.12/site-packages/airflow/example_dags/example_nested_branch_dag.py
[2025-01-10T01:11:08.891+0000] {logging_mixin.py:190} INFO - [2025-01-10T01:11:08.890+0000] {dag.py:3239} INFO - Sync 1 DAGs
[2025-01-10T01:11:08.912+0000] {logging_mixin.py:190} INFO - [2025-01-10T01:11:08.912+0000] {dag.py:4180} INFO - Setting next_dagrun for example_nested_branch_dag to 2025-01-09 00:00:00+00:00, run_after=2025-01-10 00:00:00+00:00
[2025-01-10T01:11:08.929+0000] {processor.py:208} INFO - Processing /home/airflow/.local/lib/python3.12/site-packages/airflow/example_dags/example_nested_branch_dag.py took 0.089 seconds
[2025-01-10T01:11:39.704+0000] {processor.py:186} INFO - Started process (PID=1274) to work on /home/airflow/.local/lib/python3.12/site-packages/airflow/example_dags/example_nested_branch_dag.py
[2025-01-10T01:11:39.705+0000] {processor.py:914} INFO - Processing file /home/airflow/.local/lib/python3.12/site-packages/airflow/example_dags/example_nested_branch_dag.py for tasks to queue
[2025-01-10T01:11:39.707+0000] {logging_mixin.py:190} INFO - [2025-01-10T01:11:39.707+0000] {dagbag.py:588} INFO - Filling up the DagBag from /home/airflow/.local/lib/python3.12/site-packages/airflow/example_dags/example_nested_branch_dag.py
[2025-01-10T01:11:39.718+0000] {processor.py:925} INFO - DAG(s) 'example_nested_branch_dag' retrieved from /home/airflow/.local/lib/python3.12/site-packages/airflow/example_dags/example_nested_branch_dag.py
[2025-01-10T01:11:39.736+0000] {logging_mixin.py:190} INFO - [2025-01-10T01:11:39.736+0000] {dag.py:3239} INFO - Sync 1 DAGs
[2025-01-10T01:11:39.758+0000] {logging_mixin.py:190} INFO - [2025-01-10T01:11:39.758+0000] {dag.py:4180} INFO - Setting next_dagrun for example_nested_branch_dag to 2025-01-09 00:00:00+00:00, run_after=2025-01-10 00:00:00+00:00
[2025-01-10T01:11:39.809+0000] {processor.py:208} INFO - Processing /home/airflow/.local/lib/python3.12/site-packages/airflow/example_dags/example_nested_branch_dag.py took 0.109 seconds
[2025-01-10T01:12:10.053+0000] {processor.py:186} INFO - Started process (PID=1337) to work on /home/airflow/.local/lib/python3.12/site-packages/airflow/example_dags/example_nested_branch_dag.py
[2025-01-10T01:12:10.054+0000] {processor.py:914} INFO - Processing file /home/airflow/.local/lib/python3.12/site-packages/airflow/example_dags/example_nested_branch_dag.py for tasks to queue
[2025-01-10T01:12:10.056+0000] {logging_mixin.py:190} INFO - [2025-01-10T01:12:10.056+0000] {dagbag.py:588} INFO - Filling up the DagBag from /home/airflow/.local/lib/python3.12/site-packages/airflow/example_dags/example_nested_branch_dag.py
[2025-01-10T01:12:10.067+0000] {processor.py:925} INFO - DAG(s) 'example_nested_branch_dag' retrieved from /home/airflow/.local/lib/python3.12/site-packages/airflow/example_dags/example_nested_branch_dag.py
[2025-01-10T01:12:10.087+0000] {logging_mixin.py:190} INFO - [2025-01-10T01:12:10.087+0000] {dag.py:3239} INFO - Sync 1 DAGs
[2025-01-10T01:12:10.109+0000] {logging_mixin.py:190} INFO - [2025-01-10T01:12:10.109+0000] {dag.py:4180} INFO - Setting next_dagrun for example_nested_branch_dag to 2025-01-09 00:00:00+00:00, run_after=2025-01-10 00:00:00+00:00
[2025-01-10T01:12:10.130+0000] {processor.py:208} INFO - Processing /home/airflow/.local/lib/python3.12/site-packages/airflow/example_dags/example_nested_branch_dag.py took 0.082 seconds
[2025-01-10T01:12:40.609+0000] {processor.py:186} INFO - Started process (PID=1400) to work on /home/airflow/.local/lib/python3.12/site-packages/airflow/example_dags/example_nested_branch_dag.py
[2025-01-10T01:12:40.610+0000] {processor.py:914} INFO - Processing file /home/airflow/.local/lib/python3.12/site-packages/airflow/example_dags/example_nested_branch_dag.py for tasks to queue
[2025-01-10T01:12:40.613+0000] {logging_mixin.py:190} INFO - [2025-01-10T01:12:40.612+0000] {dagbag.py:588} INFO - Filling up the DagBag from /home/airflow/.local/lib/python3.12/site-packages/airflow/example_dags/example_nested_branch_dag.py
[2025-01-10T01:12:40.625+0000] {processor.py:925} INFO - DAG(s) 'example_nested_branch_dag' retrieved from /home/airflow/.local/lib/python3.12/site-packages/airflow/example_dags/example_nested_branch_dag.py
[2025-01-10T01:12:40.645+0000] {logging_mixin.py:190} INFO - [2025-01-10T01:12:40.645+0000] {dag.py:3239} INFO - Sync 1 DAGs
[2025-01-10T01:12:40.675+0000] {logging_mixin.py:190} INFO - [2025-01-10T01:12:40.674+0000] {dag.py:4180} INFO - Setting next_dagrun for example_nested_branch_dag to 2025-01-09 00:00:00+00:00, run_after=2025-01-10 00:00:00+00:00
[2025-01-10T01:12:40.695+0000] {processor.py:208} INFO - Processing /home/airflow/.local/lib/python3.12/site-packages/airflow/example_dags/example_nested_branch_dag.py took 0.093 seconds
[2025-01-10T01:13:11.326+0000] {processor.py:186} INFO - Started process (PID=1463) to work on /home/airflow/.local/lib/python3.12/site-packages/airflow/example_dags/example_nested_branch_dag.py
[2025-01-10T01:13:11.327+0000] {processor.py:914} INFO - Processing file /home/airflow/.local/lib/python3.12/site-packages/airflow/example_dags/example_nested_branch_dag.py for tasks to queue
[2025-01-10T01:13:11.329+0000] {logging_mixin.py:190} INFO - [2025-01-10T01:13:11.328+0000] {dagbag.py:588} INFO - Filling up the DagBag from /home/airflow/.local/lib/python3.12/site-packages/airflow/example_dags/example_nested_branch_dag.py
[2025-01-10T01:13:11.341+0000] {processor.py:925} INFO - DAG(s) 'example_nested_branch_dag' retrieved from /home/airflow/.local/lib/python3.12/site-packages/airflow/example_dags/example_nested_branch_dag.py
[2025-01-10T01:13:11.361+0000] {logging_mixin.py:190} INFO - [2025-01-10T01:13:11.361+0000] {dag.py:3239} INFO - Sync 1 DAGs
[2025-01-10T01:13:11.398+0000] {logging_mixin.py:190} INFO - [2025-01-10T01:13:11.398+0000] {dag.py:4180} INFO - Setting next_dagrun for example_nested_branch_dag to 2025-01-09 00:00:00+00:00, run_after=2025-01-10 00:00:00+00:00
[2025-01-10T01:13:11.450+0000] {processor.py:208} INFO - Processing /home/airflow/.local/lib/python3.12/site-packages/airflow/example_dags/example_nested_branch_dag.py took 0.130 seconds
[2025-01-10T01:13:41.511+0000] {processor.py:186} INFO - Started process (PID=1526) to work on /home/airflow/.local/lib/python3.12/site-packages/airflow/example_dags/example_nested_branch_dag.py
[2025-01-10T01:13:41.512+0000] {processor.py:914} INFO - Processing file /home/airflow/.local/lib/python3.12/site-packages/airflow/example_dags/example_nested_branch_dag.py for tasks to queue
[2025-01-10T01:13:41.514+0000] {logging_mixin.py:190} INFO - [2025-01-10T01:13:41.514+0000] {dagbag.py:588} INFO - Filling up the DagBag from /home/airflow/.local/lib/python3.12/site-packages/airflow/example_dags/example_nested_branch_dag.py
[2025-01-10T01:13:41.524+0000] {processor.py:925} INFO - DAG(s) 'example_nested_branch_dag' retrieved from /home/airflow/.local/lib/python3.12/site-packages/airflow/example_dags/example_nested_branch_dag.py
[2025-01-10T01:13:41.543+0000] {logging_mixin.py:190} INFO - [2025-01-10T01:13:41.543+0000] {dag.py:3239} INFO - Sync 1 DAGs
[2025-01-10T01:13:41.565+0000] {logging_mixin.py:190} INFO - [2025-01-10T01:13:41.565+0000] {dag.py:4180} INFO - Setting next_dagrun for example_nested_branch_dag to 2025-01-09 00:00:00+00:00, run_after=2025-01-10 00:00:00+00:00
[2025-01-10T01:13:41.585+0000] {processor.py:208} INFO - Processing /home/airflow/.local/lib/python3.12/site-packages/airflow/example_dags/example_nested_branch_dag.py took 0.079 seconds
[2025-01-10T01:14:11.679+0000] {processor.py:186} INFO - Started process (PID=1589) to work on /home/airflow/.local/lib/python3.12/site-packages/airflow/example_dags/example_nested_branch_dag.py
[2025-01-10T01:14:11.680+0000] {processor.py:914} INFO - Processing file /home/airflow/.local/lib/python3.12/site-packages/airflow/example_dags/example_nested_branch_dag.py for tasks to queue
[2025-01-10T01:14:11.682+0000] {logging_mixin.py:190} INFO - [2025-01-10T01:14:11.682+0000] {dagbag.py:588} INFO - Filling up the DagBag from /home/airflow/.local/lib/python3.12/site-packages/airflow/example_dags/example_nested_branch_dag.py
[2025-01-10T01:14:11.693+0000] {processor.py:925} INFO - DAG(s) 'example_nested_branch_dag' retrieved from /home/airflow/.local/lib/python3.12/site-packages/airflow/example_dags/example_nested_branch_dag.py
[2025-01-10T01:14:11.711+0000] {logging_mixin.py:190} INFO - [2025-01-10T01:14:11.711+0000] {dag.py:3239} INFO - Sync 1 DAGs
[2025-01-10T01:14:11.734+0000] {logging_mixin.py:190} INFO - [2025-01-10T01:14:11.733+0000] {dag.py:4180} INFO - Setting next_dagrun for example_nested_branch_dag to 2025-01-09 00:00:00+00:00, run_after=2025-01-10 00:00:00+00:00
[2025-01-10T01:14:11.791+0000] {processor.py:208} INFO - Processing /home/airflow/.local/lib/python3.12/site-packages/airflow/example_dags/example_nested_branch_dag.py took 0.117 seconds
[2025-01-10T01:14:42.537+0000] {processor.py:186} INFO - Started process (PID=1652) to work on /home/airflow/.local/lib/python3.12/site-packages/airflow/example_dags/example_nested_branch_dag.py
[2025-01-10T01:14:42.538+0000] {processor.py:914} INFO - Processing file /home/airflow/.local/lib/python3.12/site-packages/airflow/example_dags/example_nested_branch_dag.py for tasks to queue
[2025-01-10T01:14:42.541+0000] {logging_mixin.py:190} INFO - [2025-01-10T01:14:42.540+0000] {dagbag.py:588} INFO - Filling up the DagBag from /home/airflow/.local/lib/python3.12/site-packages/airflow/example_dags/example_nested_branch_dag.py
[2025-01-10T01:14:42.552+0000] {processor.py:925} INFO - DAG(s) 'example_nested_branch_dag' retrieved from /home/airflow/.local/lib/python3.12/site-packages/airflow/example_dags/example_nested_branch_dag.py
[2025-01-10T01:14:42.574+0000] {logging_mixin.py:190} INFO - [2025-01-10T01:14:42.574+0000] {dag.py:3239} INFO - Sync 1 DAGs
[2025-01-10T01:14:42.598+0000] {logging_mixin.py:190} INFO - [2025-01-10T01:14:42.598+0000] {dag.py:4180} INFO - Setting next_dagrun for example_nested_branch_dag to 2025-01-09 00:00:00+00:00, run_after=2025-01-10 00:00:00+00:00
[2025-01-10T01:14:42.667+0000] {processor.py:208} INFO - Processing /home/airflow/.local/lib/python3.12/site-packages/airflow/example_dags/example_nested_branch_dag.py took 0.135 seconds
[2025-01-10T01:15:13.118+0000] {processor.py:186} INFO - Started process (PID=1715) to work on /home/airflow/.local/lib/python3.12/site-packages/airflow/example_dags/example_nested_branch_dag.py
[2025-01-10T01:15:13.120+0000] {processor.py:914} INFO - Processing file /home/airflow/.local/lib/python3.12/site-packages/airflow/example_dags/example_nested_branch_dag.py for tasks to queue
[2025-01-10T01:15:13.124+0000] {logging_mixin.py:190} INFO - [2025-01-10T01:15:13.123+0000] {dagbag.py:588} INFO - Filling up the DagBag from /home/airflow/.local/lib/python3.12/site-packages/airflow/example_dags/example_nested_branch_dag.py
[2025-01-10T01:15:13.157+0000] {processor.py:925} INFO - DAG(s) 'example_nested_branch_dag' retrieved from /home/airflow/.local/lib/python3.12/site-packages/airflow/example_dags/example_nested_branch_dag.py
[2025-01-10T01:15:13.203+0000] {logging_mixin.py:190} INFO - [2025-01-10T01:15:13.202+0000] {dag.py:3239} INFO - Sync 1 DAGs
[2025-01-10T01:15:13.257+0000] {logging_mixin.py:190} INFO - [2025-01-10T01:15:13.256+0000] {dag.py:4180} INFO - Setting next_dagrun for example_nested_branch_dag to 2025-01-09 00:00:00+00:00, run_after=2025-01-10 00:00:00+00:00
[2025-01-10T01:15:13.325+0000] {processor.py:208} INFO - Processing /home/airflow/.local/lib/python3.12/site-packages/airflow/example_dags/example_nested_branch_dag.py took 0.221 seconds
[2025-01-10T01:15:43.841+0000] {processor.py:186} INFO - Started process (PID=1778) to work on /home/airflow/.local/lib/python3.12/site-packages/airflow/example_dags/example_nested_branch_dag.py
[2025-01-10T01:15:43.846+0000] {processor.py:914} INFO - Processing file /home/airflow/.local/lib/python3.12/site-packages/airflow/example_dags/example_nested_branch_dag.py for tasks to queue
[2025-01-10T01:15:43.849+0000] {logging_mixin.py:190} INFO - [2025-01-10T01:15:43.848+0000] {dagbag.py:588} INFO - Filling up the DagBag from /home/airflow/.local/lib/python3.12/site-packages/airflow/example_dags/example_nested_branch_dag.py
[2025-01-10T01:15:43.864+0000] {processor.py:925} INFO - DAG(s) 'example_nested_branch_dag' retrieved from /home/airflow/.local/lib/python3.12/site-packages/airflow/example_dags/example_nested_branch_dag.py
[2025-01-10T01:15:43.890+0000] {logging_mixin.py:190} INFO - [2025-01-10T01:15:43.890+0000] {dag.py:3239} INFO - Sync 1 DAGs
[2025-01-10T01:15:43.920+0000] {logging_mixin.py:190} INFO - [2025-01-10T01:15:43.919+0000] {dag.py:4180} INFO - Setting next_dagrun for example_nested_branch_dag to 2025-01-09 00:00:00+00:00, run_after=2025-01-10 00:00:00+00:00
[2025-01-10T01:15:43.964+0000] {processor.py:208} INFO - Processing /home/airflow/.local/lib/python3.12/site-packages/airflow/example_dags/example_nested_branch_dag.py took 0.129 seconds
[2025-01-10T01:16:14.863+0000] {processor.py:186} INFO - Started process (PID=1841) to work on /home/airflow/.local/lib/python3.12/site-packages/airflow/example_dags/example_nested_branch_dag.py
[2025-01-10T01:16:14.864+0000] {processor.py:914} INFO - Processing file /home/airflow/.local/lib/python3.12/site-packages/airflow/example_dags/example_nested_branch_dag.py for tasks to queue
[2025-01-10T01:16:14.867+0000] {logging_mixin.py:190} INFO - [2025-01-10T01:16:14.866+0000] {dagbag.py:588} INFO - Filling up the DagBag from /home/airflow/.local/lib/python3.12/site-packages/airflow/example_dags/example_nested_branch_dag.py
[2025-01-10T01:16:14.878+0000] {processor.py:925} INFO - DAG(s) 'example_nested_branch_dag' retrieved from /home/airflow/.local/lib/python3.12/site-packages/airflow/example_dags/example_nested_branch_dag.py
[2025-01-10T01:16:14.898+0000] {logging_mixin.py:190} INFO - [2025-01-10T01:16:14.898+0000] {dag.py:3239} INFO - Sync 1 DAGs
[2025-01-10T01:16:14.921+0000] {logging_mixin.py:190} INFO - [2025-01-10T01:16:14.921+0000] {dag.py:4180} INFO - Setting next_dagrun for example_nested_branch_dag to 2025-01-09 00:00:00+00:00, run_after=2025-01-10 00:00:00+00:00
[2025-01-10T01:16:14.944+0000] {processor.py:208} INFO - Processing /home/airflow/.local/lib/python3.12/site-packages/airflow/example_dags/example_nested_branch_dag.py took 0.087 seconds
[2025-01-10T01:16:45.147+0000] {processor.py:186} INFO - Started process (PID=1904) to work on /home/airflow/.local/lib/python3.12/site-packages/airflow/example_dags/example_nested_branch_dag.py
[2025-01-10T01:16:45.147+0000] {processor.py:914} INFO - Processing file /home/airflow/.local/lib/python3.12/site-packages/airflow/example_dags/example_nested_branch_dag.py for tasks to queue
[2025-01-10T01:16:45.150+0000] {logging_mixin.py:190} INFO - [2025-01-10T01:16:45.149+0000] {dagbag.py:588} INFO - Filling up the DagBag from /home/airflow/.local/lib/python3.12/site-packages/airflow/example_dags/example_nested_branch_dag.py
[2025-01-10T01:16:45.160+0000] {processor.py:925} INFO - DAG(s) 'example_nested_branch_dag' retrieved from /home/airflow/.local/lib/python3.12/site-packages/airflow/example_dags/example_nested_branch_dag.py
[2025-01-10T01:16:45.180+0000] {logging_mixin.py:190} INFO - [2025-01-10T01:16:45.179+0000] {dag.py:3239} INFO - Sync 1 DAGs
[2025-01-10T01:16:45.202+0000] {logging_mixin.py:190} INFO - [2025-01-10T01:16:45.202+0000] {dag.py:4180} INFO - Setting next_dagrun for example_nested_branch_dag to 2025-01-09 00:00:00+00:00, run_after=2025-01-10 00:00:00+00:00
[2025-01-10T01:16:45.274+0000] {processor.py:208} INFO - Processing /home/airflow/.local/lib/python3.12/site-packages/airflow/example_dags/example_nested_branch_dag.py took 0.133 seconds
[2025-01-10T01:17:15.356+0000] {processor.py:186} INFO - Started process (PID=1967) to work on /home/airflow/.local/lib/python3.12/site-packages/airflow/example_dags/example_nested_branch_dag.py
[2025-01-10T01:17:15.358+0000] {processor.py:914} INFO - Processing file /home/airflow/.local/lib/python3.12/site-packages/airflow/example_dags/example_nested_branch_dag.py for tasks to queue
[2025-01-10T01:17:15.362+0000] {logging_mixin.py:190} INFO - [2025-01-10T01:17:15.361+0000] {dagbag.py:588} INFO - Filling up the DagBag from /home/airflow/.local/lib/python3.12/site-packages/airflow/example_dags/example_nested_branch_dag.py
[2025-01-10T01:17:15.378+0000] {processor.py:925} INFO - DAG(s) 'example_nested_branch_dag' retrieved from /home/airflow/.local/lib/python3.12/site-packages/airflow/example_dags/example_nested_branch_dag.py
[2025-01-10T01:17:15.408+0000] {logging_mixin.py:190} INFO - [2025-01-10T01:17:15.407+0000] {dag.py:3239} INFO - Sync 1 DAGs
[2025-01-10T01:17:15.445+0000] {logging_mixin.py:190} INFO - [2025-01-10T01:17:15.445+0000] {dag.py:4180} INFO - Setting next_dagrun for example_nested_branch_dag to 2025-01-09 00:00:00+00:00, run_after=2025-01-10 00:00:00+00:00
[2025-01-10T01:17:15.498+0000] {processor.py:208} INFO - Processing /home/airflow/.local/lib/python3.12/site-packages/airflow/example_dags/example_nested_branch_dag.py took 0.149 seconds
[2025-01-10T01:17:45.914+0000] {processor.py:186} INFO - Started process (PID=2030) to work on /home/airflow/.local/lib/python3.12/site-packages/airflow/example_dags/example_nested_branch_dag.py
[2025-01-10T01:17:45.915+0000] {processor.py:914} INFO - Processing file /home/airflow/.local/lib/python3.12/site-packages/airflow/example_dags/example_nested_branch_dag.py for tasks to queue
[2025-01-10T01:17:45.919+0000] {logging_mixin.py:190} INFO - [2025-01-10T01:17:45.919+0000] {dagbag.py:588} INFO - Filling up the DagBag from /home/airflow/.local/lib/python3.12/site-packages/airflow/example_dags/example_nested_branch_dag.py
[2025-01-10T01:17:45.934+0000] {processor.py:925} INFO - DAG(s) 'example_nested_branch_dag' retrieved from /home/airflow/.local/lib/python3.12/site-packages/airflow/example_dags/example_nested_branch_dag.py
[2025-01-10T01:17:45.961+0000] {logging_mixin.py:190} INFO - [2025-01-10T01:17:45.960+0000] {dag.py:3239} INFO - Sync 1 DAGs
[2025-01-10T01:17:45.987+0000] {logging_mixin.py:190} INFO - [2025-01-10T01:17:45.987+0000] {dag.py:4180} INFO - Setting next_dagrun for example_nested_branch_dag to 2025-01-09 00:00:00+00:00, run_after=2025-01-10 00:00:00+00:00
[2025-01-10T01:17:46.011+0000] {processor.py:208} INFO - Processing /home/airflow/.local/lib/python3.12/site-packages/airflow/example_dags/example_nested_branch_dag.py took 0.106 seconds
[2025-01-10T01:18:16.152+0000] {processor.py:186} INFO - Started process (PID=2093) to work on /home/airflow/.local/lib/python3.12/site-packages/airflow/example_dags/example_nested_branch_dag.py
[2025-01-10T01:18:16.153+0000] {processor.py:914} INFO - Processing file /home/airflow/.local/lib/python3.12/site-packages/airflow/example_dags/example_nested_branch_dag.py for tasks to queue
[2025-01-10T01:18:16.155+0000] {logging_mixin.py:190} INFO - [2025-01-10T01:18:16.155+0000] {dagbag.py:588} INFO - Filling up the DagBag from /home/airflow/.local/lib/python3.12/site-packages/airflow/example_dags/example_nested_branch_dag.py
[2025-01-10T01:18:16.166+0000] {processor.py:925} INFO - DAG(s) 'example_nested_branch_dag' retrieved from /home/airflow/.local/lib/python3.12/site-packages/airflow/example_dags/example_nested_branch_dag.py
[2025-01-10T01:18:16.186+0000] {logging_mixin.py:190} INFO - [2025-01-10T01:18:16.186+0000] {dag.py:3239} INFO - Sync 1 DAGs
[2025-01-10T01:18:16.215+0000] {logging_mixin.py:190} INFO - [2025-01-10T01:18:16.214+0000] {dag.py:4180} INFO - Setting next_dagrun for example_nested_branch_dag to 2025-01-09 00:00:00+00:00, run_after=2025-01-10 00:00:00+00:00
[2025-01-10T01:18:16.235+0000] {processor.py:208} INFO - Processing /home/airflow/.local/lib/python3.12/site-packages/airflow/example_dags/example_nested_branch_dag.py took 0.090 seconds
[2025-01-10T01:18:46.869+0000] {processor.py:186} INFO - Started process (PID=2156) to work on /home/airflow/.local/lib/python3.12/site-packages/airflow/example_dags/example_nested_branch_dag.py
[2025-01-10T01:18:46.870+0000] {processor.py:914} INFO - Processing file /home/airflow/.local/lib/python3.12/site-packages/airflow/example_dags/example_nested_branch_dag.py for tasks to queue
[2025-01-10T01:18:46.872+0000] {logging_mixin.py:190} INFO - [2025-01-10T01:18:46.872+0000] {dagbag.py:588} INFO - Filling up the DagBag from /home/airflow/.local/lib/python3.12/site-packages/airflow/example_dags/example_nested_branch_dag.py
[2025-01-10T01:18:46.883+0000] {processor.py:925} INFO - DAG(s) 'example_nested_branch_dag' retrieved from /home/airflow/.local/lib/python3.12/site-packages/airflow/example_dags/example_nested_branch_dag.py
[2025-01-10T01:18:46.901+0000] {logging_mixin.py:190} INFO - [2025-01-10T01:18:46.901+0000] {dag.py:3239} INFO - Sync 1 DAGs
[2025-01-10T01:18:46.923+0000] {logging_mixin.py:190} INFO - [2025-01-10T01:18:46.923+0000] {dag.py:4180} INFO - Setting next_dagrun for example_nested_branch_dag to 2025-01-09 00:00:00+00:00, run_after=2025-01-10 00:00:00+00:00
[2025-01-10T01:18:46.943+0000] {processor.py:208} INFO - Processing /home/airflow/.local/lib/python3.12/site-packages/airflow/example_dags/example_nested_branch_dag.py took 0.079 seconds
[2025-01-10T01:19:17.228+0000] {processor.py:186} INFO - Started process (PID=2219) to work on /home/airflow/.local/lib/python3.12/site-packages/airflow/example_dags/example_nested_branch_dag.py
[2025-01-10T01:19:17.230+0000] {processor.py:914} INFO - Processing file /home/airflow/.local/lib/python3.12/site-packages/airflow/example_dags/example_nested_branch_dag.py for tasks to queue
[2025-01-10T01:19:17.234+0000] {logging_mixin.py:190} INFO - [2025-01-10T01:19:17.233+0000] {dagbag.py:588} INFO - Filling up the DagBag from /home/airflow/.local/lib/python3.12/site-packages/airflow/example_dags/example_nested_branch_dag.py
[2025-01-10T01:19:17.252+0000] {processor.py:925} INFO - DAG(s) 'example_nested_branch_dag' retrieved from /home/airflow/.local/lib/python3.12/site-packages/airflow/example_dags/example_nested_branch_dag.py
[2025-01-10T01:19:17.281+0000] {logging_mixin.py:190} INFO - [2025-01-10T01:19:17.281+0000] {dag.py:3239} INFO - Sync 1 DAGs
[2025-01-10T01:19:17.308+0000] {logging_mixin.py:190} INFO - [2025-01-10T01:19:17.308+0000] {dag.py:4180} INFO - Setting next_dagrun for example_nested_branch_dag to 2025-01-09 00:00:00+00:00, run_after=2025-01-10 00:00:00+00:00
[2025-01-10T01:19:17.330+0000] {processor.py:208} INFO - Processing /home/airflow/.local/lib/python3.12/site-packages/airflow/example_dags/example_nested_branch_dag.py took 0.114 seconds
[2025-01-10T01:19:47.752+0000] {processor.py:186} INFO - Started process (PID=2282) to work on /home/airflow/.local/lib/python3.12/site-packages/airflow/example_dags/example_nested_branch_dag.py
[2025-01-10T01:19:47.753+0000] {processor.py:914} INFO - Processing file /home/airflow/.local/lib/python3.12/site-packages/airflow/example_dags/example_nested_branch_dag.py for tasks to queue
[2025-01-10T01:19:47.755+0000] {logging_mixin.py:190} INFO - [2025-01-10T01:19:47.755+0000] {dagbag.py:588} INFO - Filling up the DagBag from /home/airflow/.local/lib/python3.12/site-packages/airflow/example_dags/example_nested_branch_dag.py
[2025-01-10T01:19:47.769+0000] {processor.py:925} INFO - DAG(s) 'example_nested_branch_dag' retrieved from /home/airflow/.local/lib/python3.12/site-packages/airflow/example_dags/example_nested_branch_dag.py
[2025-01-10T01:19:47.792+0000] {logging_mixin.py:190} INFO - [2025-01-10T01:19:47.792+0000] {dag.py:3239} INFO - Sync 1 DAGs
[2025-01-10T01:19:47.818+0000] {logging_mixin.py:190} INFO - [2025-01-10T01:19:47.817+0000] {dag.py:4180} INFO - Setting next_dagrun for example_nested_branch_dag to 2025-01-09 00:00:00+00:00, run_after=2025-01-10 00:00:00+00:00
[2025-01-10T01:19:47.839+0000] {processor.py:208} INFO - Processing /home/airflow/.local/lib/python3.12/site-packages/airflow/example_dags/example_nested_branch_dag.py took 0.093 seconds
[2025-01-10T01:20:18.582+0000] {processor.py:186} INFO - Started process (PID=2345) to work on /home/airflow/.local/lib/python3.12/site-packages/airflow/example_dags/example_nested_branch_dag.py
[2025-01-10T01:20:18.583+0000] {processor.py:914} INFO - Processing file /home/airflow/.local/lib/python3.12/site-packages/airflow/example_dags/example_nested_branch_dag.py for tasks to queue
[2025-01-10T01:20:18.585+0000] {logging_mixin.py:190} INFO - [2025-01-10T01:20:18.585+0000] {dagbag.py:588} INFO - Filling up the DagBag from /home/airflow/.local/lib/python3.12/site-packages/airflow/example_dags/example_nested_branch_dag.py
[2025-01-10T01:20:18.596+0000] {processor.py:925} INFO - DAG(s) 'example_nested_branch_dag' retrieved from /home/airflow/.local/lib/python3.12/site-packages/airflow/example_dags/example_nested_branch_dag.py
[2025-01-10T01:20:18.615+0000] {logging_mixin.py:190} INFO - [2025-01-10T01:20:18.615+0000] {dag.py:3239} INFO - Sync 1 DAGs
[2025-01-10T01:20:18.645+0000] {logging_mixin.py:190} INFO - [2025-01-10T01:20:18.645+0000] {dag.py:4180} INFO - Setting next_dagrun for example_nested_branch_dag to 2025-01-09 00:00:00+00:00, run_after=2025-01-10 00:00:00+00:00
[2025-01-10T01:20:18.665+0000] {processor.py:208} INFO - Processing /home/airflow/.local/lib/python3.12/site-packages/airflow/example_dags/example_nested_branch_dag.py took 0.088 seconds
