[2025-01-10T00:43:53.494+0000] {processor.py:186} INFO - Started process (PID=106) to work on /home/airflow/.local/lib/python3.12/site-packages/airflow/example_dags/example_latest_only_with_trigger.py
[2025-01-10T00:43:53.495+0000] {processor.py:914} INFO - Processing file /home/airflow/.local/lib/python3.12/site-packages/airflow/example_dags/example_latest_only_with_trigger.py for tasks to queue
[2025-01-10T00:43:53.498+0000] {logging_mixin.py:190} INFO - [2025-01-10T00:43:53.498+0000] {dagbag.py:588} INFO - Filling up the DagBag from /home/airflow/.local/lib/python3.12/site-packages/airflow/example_dags/example_latest_only_with_trigger.py
[2025-01-10T00:43:53.512+0000] {processor.py:925} INFO - DAG(s) 'latest_only_with_trigger' retrieved from /home/airflow/.local/lib/python3.12/site-packages/airflow/example_dags/example_latest_only_with_trigger.py
[2025-01-10T00:43:53.635+0000] {logging_mixin.py:190} INFO - [2025-01-10T00:43:53.634+0000] {override.py:1911} INFO - Created Permission View: can delete on DAG:latest_only_with_trigger
[2025-01-10T00:43:53.648+0000] {logging_mixin.py:190} INFO - [2025-01-10T00:43:53.648+0000] {override.py:1911} INFO - Created Permission View: can read on DAG:latest_only_with_trigger
[2025-01-10T00:43:53.660+0000] {logging_mixin.py:190} INFO - [2025-01-10T00:43:53.660+0000] {override.py:1911} INFO - Created Permission View: can edit on DAG:latest_only_with_trigger
[2025-01-10T00:43:53.676+0000] {logging_mixin.py:190} INFO - [2025-01-10T00:43:53.676+0000] {override.py:1911} INFO - Created Permission View: can delete on DAG Run:latest_only_with_trigger
[2025-01-10T00:43:53.686+0000] {logging_mixin.py:190} INFO - [2025-01-10T00:43:53.686+0000] {override.py:1911} INFO - Created Permission View: can read on DAG Run:latest_only_with_trigger
[2025-01-10T00:43:53.700+0000] {logging_mixin.py:190} INFO - [2025-01-10T00:43:53.700+0000] {override.py:1911} INFO - Created Permission View: can create on DAG Run:latest_only_with_trigger
[2025-01-10T00:43:53.710+0000] {logging_mixin.py:190} INFO - [2025-01-10T00:43:53.709+0000] {override.py:1911} INFO - Created Permission View: menu access on DAG Run:latest_only_with_trigger
[2025-01-10T00:43:53.711+0000] {logging_mixin.py:190} INFO - [2025-01-10T00:43:53.711+0000] {dag.py:3239} INFO - Sync 1 DAGs
[2025-01-10T00:43:53.733+0000] {logging_mixin.py:190} INFO - [2025-01-10T00:43:53.732+0000] {dag.py:3262} INFO - Creating ORM DAG for latest_only_with_trigger
[2025-01-10T00:43:53.753+0000] {logging_mixin.py:190} INFO - [2025-01-10T00:43:53.752+0000] {dag.py:4180} INFO - Setting next_dagrun for latest_only_with_trigger to 2025-01-09 20:00:00+00:00, run_after=2025-01-10 00:00:00+00:00
[2025-01-10T00:43:53.775+0000] {processor.py:208} INFO - Processing /home/airflow/.local/lib/python3.12/site-packages/airflow/example_dags/example_latest_only_with_trigger.py took 0.291 seconds
[2025-01-10T00:44:24.535+0000] {processor.py:186} INFO - Started process (PID=168) to work on /home/airflow/.local/lib/python3.12/site-packages/airflow/example_dags/example_latest_only_with_trigger.py
[2025-01-10T00:44:24.537+0000] {processor.py:914} INFO - Processing file /home/airflow/.local/lib/python3.12/site-packages/airflow/example_dags/example_latest_only_with_trigger.py for tasks to queue
[2025-01-10T00:44:24.542+0000] {logging_mixin.py:190} INFO - [2025-01-10T00:44:24.541+0000] {dagbag.py:588} INFO - Filling up the DagBag from /home/airflow/.local/lib/python3.12/site-packages/airflow/example_dags/example_latest_only_with_trigger.py
[2025-01-10T00:44:24.565+0000] {processor.py:925} INFO - DAG(s) 'latest_only_with_trigger' retrieved from /home/airflow/.local/lib/python3.12/site-packages/airflow/example_dags/example_latest_only_with_trigger.py
[2025-01-10T00:44:24.602+0000] {logging_mixin.py:190} INFO - [2025-01-10T00:44:24.602+0000] {dag.py:3239} INFO - Sync 1 DAGs
[2025-01-10T00:44:24.638+0000] {logging_mixin.py:190} INFO - [2025-01-10T00:44:24.638+0000] {dag.py:4180} INFO - Setting next_dagrun for latest_only_with_trigger to 2025-01-09 20:00:00+00:00, run_after=2025-01-10 00:00:00+00:00
[2025-01-10T00:44:24.668+0000] {processor.py:208} INFO - Processing /home/airflow/.local/lib/python3.12/site-packages/airflow/example_dags/example_latest_only_with_trigger.py took 0.150 seconds
[2025-01-10T00:44:55.505+0000] {processor.py:186} INFO - Started process (PID=231) to work on /home/airflow/.local/lib/python3.12/site-packages/airflow/example_dags/example_latest_only_with_trigger.py
[2025-01-10T00:44:55.506+0000] {processor.py:914} INFO - Processing file /home/airflow/.local/lib/python3.12/site-packages/airflow/example_dags/example_latest_only_with_trigger.py for tasks to queue
[2025-01-10T00:44:55.514+0000] {logging_mixin.py:190} INFO - [2025-01-10T00:44:55.513+0000] {dagbag.py:588} INFO - Filling up the DagBag from /home/airflow/.local/lib/python3.12/site-packages/airflow/example_dags/example_latest_only_with_trigger.py
[2025-01-10T00:44:55.532+0000] {processor.py:925} INFO - DAG(s) 'latest_only_with_trigger' retrieved from /home/airflow/.local/lib/python3.12/site-packages/airflow/example_dags/example_latest_only_with_trigger.py
[2025-01-10T00:44:55.564+0000] {logging_mixin.py:190} INFO - [2025-01-10T00:44:55.564+0000] {dag.py:3239} INFO - Sync 1 DAGs
[2025-01-10T00:44:55.595+0000] {logging_mixin.py:190} INFO - [2025-01-10T00:44:55.595+0000] {dag.py:4180} INFO - Setting next_dagrun for latest_only_with_trigger to 2025-01-09 20:00:00+00:00, run_after=2025-01-10 00:00:00+00:00
[2025-01-10T00:44:55.621+0000] {processor.py:208} INFO - Processing /home/airflow/.local/lib/python3.12/site-packages/airflow/example_dags/example_latest_only_with_trigger.py took 0.125 seconds
[2025-01-10T00:45:26.009+0000] {processor.py:186} INFO - Started process (PID=294) to work on /home/airflow/.local/lib/python3.12/site-packages/airflow/example_dags/example_latest_only_with_trigger.py
[2025-01-10T00:45:26.011+0000] {processor.py:914} INFO - Processing file /home/airflow/.local/lib/python3.12/site-packages/airflow/example_dags/example_latest_only_with_trigger.py for tasks to queue
[2025-01-10T00:45:26.016+0000] {logging_mixin.py:190} INFO - [2025-01-10T00:45:26.015+0000] {dagbag.py:588} INFO - Filling up the DagBag from /home/airflow/.local/lib/python3.12/site-packages/airflow/example_dags/example_latest_only_with_trigger.py
[2025-01-10T00:45:26.031+0000] {processor.py:925} INFO - DAG(s) 'latest_only_with_trigger' retrieved from /home/airflow/.local/lib/python3.12/site-packages/airflow/example_dags/example_latest_only_with_trigger.py
[2025-01-10T00:45:26.066+0000] {logging_mixin.py:190} INFO - [2025-01-10T00:45:26.066+0000] {dag.py:3239} INFO - Sync 1 DAGs
[2025-01-10T00:45:26.120+0000] {logging_mixin.py:190} INFO - [2025-01-10T00:45:26.119+0000] {dag.py:4180} INFO - Setting next_dagrun for latest_only_with_trigger to 2025-01-09 20:00:00+00:00, run_after=2025-01-10 00:00:00+00:00
[2025-01-10T00:45:26.161+0000] {processor.py:208} INFO - Processing /home/airflow/.local/lib/python3.12/site-packages/airflow/example_dags/example_latest_only_with_trigger.py took 0.162 seconds
[2025-01-10T00:45:57.597+0000] {processor.py:186} INFO - Started process (PID=357) to work on /home/airflow/.local/lib/python3.12/site-packages/airflow/example_dags/example_latest_only_with_trigger.py
[2025-01-10T00:45:57.599+0000] {processor.py:914} INFO - Processing file /home/airflow/.local/lib/python3.12/site-packages/airflow/example_dags/example_latest_only_with_trigger.py for tasks to queue
[2025-01-10T00:45:57.604+0000] {logging_mixin.py:190} INFO - [2025-01-10T00:45:57.604+0000] {dagbag.py:588} INFO - Filling up the DagBag from /home/airflow/.local/lib/python3.12/site-packages/airflow/example_dags/example_latest_only_with_trigger.py
[2025-01-10T00:45:57.616+0000] {processor.py:925} INFO - DAG(s) 'latest_only_with_trigger' retrieved from /home/airflow/.local/lib/python3.12/site-packages/airflow/example_dags/example_latest_only_with_trigger.py
[2025-01-10T00:45:57.648+0000] {logging_mixin.py:190} INFO - [2025-01-10T00:45:57.648+0000] {dag.py:3239} INFO - Sync 1 DAGs
[2025-01-10T00:45:57.694+0000] {logging_mixin.py:190} INFO - [2025-01-10T00:45:57.694+0000] {dag.py:4180} INFO - Setting next_dagrun for latest_only_with_trigger to 2025-01-09 20:00:00+00:00, run_after=2025-01-10 00:00:00+00:00
[2025-01-10T00:45:57.727+0000] {processor.py:208} INFO - Processing /home/airflow/.local/lib/python3.12/site-packages/airflow/example_dags/example_latest_only_with_trigger.py took 0.140 seconds
[2025-01-10T00:46:28.998+0000] {processor.py:186} INFO - Started process (PID=420) to work on /home/airflow/.local/lib/python3.12/site-packages/airflow/example_dags/example_latest_only_with_trigger.py
[2025-01-10T00:46:28.999+0000] {processor.py:914} INFO - Processing file /home/airflow/.local/lib/python3.12/site-packages/airflow/example_dags/example_latest_only_with_trigger.py for tasks to queue
[2025-01-10T00:46:29.003+0000] {logging_mixin.py:190} INFO - [2025-01-10T00:46:29.002+0000] {dagbag.py:588} INFO - Filling up the DagBag from /home/airflow/.local/lib/python3.12/site-packages/airflow/example_dags/example_latest_only_with_trigger.py
[2025-01-10T00:46:29.014+0000] {processor.py:925} INFO - DAG(s) 'latest_only_with_trigger' retrieved from /home/airflow/.local/lib/python3.12/site-packages/airflow/example_dags/example_latest_only_with_trigger.py
[2025-01-10T00:46:29.040+0000] {logging_mixin.py:190} INFO - [2025-01-10T00:46:29.039+0000] {dag.py:3239} INFO - Sync 1 DAGs
[2025-01-10T00:46:29.076+0000] {logging_mixin.py:190} INFO - [2025-01-10T00:46:29.076+0000] {dag.py:4180} INFO - Setting next_dagrun for latest_only_with_trigger to 2025-01-09 20:00:00+00:00, run_after=2025-01-10 00:00:00+00:00
[2025-01-10T00:46:29.106+0000] {processor.py:208} INFO - Processing /home/airflow/.local/lib/python3.12/site-packages/airflow/example_dags/example_latest_only_with_trigger.py took 0.115 seconds
[2025-01-10T00:47:00.466+0000] {processor.py:186} INFO - Started process (PID=483) to work on /home/airflow/.local/lib/python3.12/site-packages/airflow/example_dags/example_latest_only_with_trigger.py
[2025-01-10T00:47:00.467+0000] {processor.py:914} INFO - Processing file /home/airflow/.local/lib/python3.12/site-packages/airflow/example_dags/example_latest_only_with_trigger.py for tasks to queue
[2025-01-10T00:47:00.469+0000] {logging_mixin.py:190} INFO - [2025-01-10T00:47:00.469+0000] {dagbag.py:588} INFO - Filling up the DagBag from /home/airflow/.local/lib/python3.12/site-packages/airflow/example_dags/example_latest_only_with_trigger.py
[2025-01-10T00:47:00.476+0000] {processor.py:925} INFO - DAG(s) 'latest_only_with_trigger' retrieved from /home/airflow/.local/lib/python3.12/site-packages/airflow/example_dags/example_latest_only_with_trigger.py
[2025-01-10T00:47:00.496+0000] {logging_mixin.py:190} INFO - [2025-01-10T00:47:00.496+0000] {dag.py:3239} INFO - Sync 1 DAGs
[2025-01-10T00:47:00.519+0000] {logging_mixin.py:190} INFO - [2025-01-10T00:47:00.518+0000] {dag.py:4180} INFO - Setting next_dagrun for latest_only_with_trigger to 2025-01-09 20:00:00+00:00, run_after=2025-01-10 00:00:00+00:00
[2025-01-10T00:47:00.540+0000] {processor.py:208} INFO - Processing /home/airflow/.local/lib/python3.12/site-packages/airflow/example_dags/example_latest_only_with_trigger.py took 0.081 seconds
[2025-01-10T00:47:31.669+0000] {processor.py:186} INFO - Started process (PID=546) to work on /home/airflow/.local/lib/python3.12/site-packages/airflow/example_dags/example_latest_only_with_trigger.py
[2025-01-10T00:47:31.670+0000] {processor.py:914} INFO - Processing file /home/airflow/.local/lib/python3.12/site-packages/airflow/example_dags/example_latest_only_with_trigger.py for tasks to queue
[2025-01-10T00:47:31.672+0000] {logging_mixin.py:190} INFO - [2025-01-10T00:47:31.672+0000] {dagbag.py:588} INFO - Filling up the DagBag from /home/airflow/.local/lib/python3.12/site-packages/airflow/example_dags/example_latest_only_with_trigger.py
[2025-01-10T00:47:31.680+0000] {processor.py:925} INFO - DAG(s) 'latest_only_with_trigger' retrieved from /home/airflow/.local/lib/python3.12/site-packages/airflow/example_dags/example_latest_only_with_trigger.py
[2025-01-10T00:47:31.700+0000] {logging_mixin.py:190} INFO - [2025-01-10T00:47:31.699+0000] {dag.py:3239} INFO - Sync 1 DAGs
[2025-01-10T00:47:31.725+0000] {logging_mixin.py:190} INFO - [2025-01-10T00:47:31.725+0000] {dag.py:4180} INFO - Setting next_dagrun for latest_only_with_trigger to 2025-01-09 20:00:00+00:00, run_after=2025-01-10 00:00:00+00:00
[2025-01-10T00:47:31.744+0000] {processor.py:208} INFO - Processing /home/airflow/.local/lib/python3.12/site-packages/airflow/example_dags/example_latest_only_with_trigger.py took 0.082 seconds
[2025-01-10T00:48:02.578+0000] {processor.py:186} INFO - Started process (PID=609) to work on /home/airflow/.local/lib/python3.12/site-packages/airflow/example_dags/example_latest_only_with_trigger.py
[2025-01-10T00:48:02.579+0000] {processor.py:914} INFO - Processing file /home/airflow/.local/lib/python3.12/site-packages/airflow/example_dags/example_latest_only_with_trigger.py for tasks to queue
[2025-01-10T00:48:02.581+0000] {logging_mixin.py:190} INFO - [2025-01-10T00:48:02.581+0000] {dagbag.py:588} INFO - Filling up the DagBag from /home/airflow/.local/lib/python3.12/site-packages/airflow/example_dags/example_latest_only_with_trigger.py
[2025-01-10T00:48:02.589+0000] {processor.py:925} INFO - DAG(s) 'latest_only_with_trigger' retrieved from /home/airflow/.local/lib/python3.12/site-packages/airflow/example_dags/example_latest_only_with_trigger.py
[2025-01-10T00:48:02.609+0000] {logging_mixin.py:190} INFO - [2025-01-10T00:48:02.608+0000] {dag.py:3239} INFO - Sync 1 DAGs
[2025-01-10T00:48:02.630+0000] {logging_mixin.py:190} INFO - [2025-01-10T00:48:02.630+0000] {dag.py:4180} INFO - Setting next_dagrun for latest_only_with_trigger to 2025-01-09 20:00:00+00:00, run_after=2025-01-10 00:00:00+00:00
[2025-01-10T00:48:02.650+0000] {processor.py:208} INFO - Processing /home/airflow/.local/lib/python3.12/site-packages/airflow/example_dags/example_latest_only_with_trigger.py took 0.078 seconds
[2025-01-10T00:48:33.587+0000] {processor.py:186} INFO - Started process (PID=672) to work on /home/airflow/.local/lib/python3.12/site-packages/airflow/example_dags/example_latest_only_with_trigger.py
[2025-01-10T00:48:33.588+0000] {processor.py:914} INFO - Processing file /home/airflow/.local/lib/python3.12/site-packages/airflow/example_dags/example_latest_only_with_trigger.py for tasks to queue
[2025-01-10T00:48:33.591+0000] {logging_mixin.py:190} INFO - [2025-01-10T00:48:33.591+0000] {dagbag.py:588} INFO - Filling up the DagBag from /home/airflow/.local/lib/python3.12/site-packages/airflow/example_dags/example_latest_only_with_trigger.py
[2025-01-10T00:48:33.601+0000] {processor.py:925} INFO - DAG(s) 'latest_only_with_trigger' retrieved from /home/airflow/.local/lib/python3.12/site-packages/airflow/example_dags/example_latest_only_with_trigger.py
[2025-01-10T00:48:33.626+0000] {logging_mixin.py:190} INFO - [2025-01-10T00:48:33.625+0000] {dag.py:3239} INFO - Sync 1 DAGs
[2025-01-10T00:48:33.653+0000] {logging_mixin.py:190} INFO - [2025-01-10T00:48:33.653+0000] {dag.py:4180} INFO - Setting next_dagrun for latest_only_with_trigger to 2025-01-09 20:00:00+00:00, run_after=2025-01-10 00:00:00+00:00
[2025-01-10T00:48:33.677+0000] {processor.py:208} INFO - Processing /home/airflow/.local/lib/python3.12/site-packages/airflow/example_dags/example_latest_only_with_trigger.py took 0.098 seconds
[2025-01-10T00:49:04.922+0000] {processor.py:186} INFO - Started process (PID=735) to work on /home/airflow/.local/lib/python3.12/site-packages/airflow/example_dags/example_latest_only_with_trigger.py
[2025-01-10T00:49:04.923+0000] {processor.py:914} INFO - Processing file /home/airflow/.local/lib/python3.12/site-packages/airflow/example_dags/example_latest_only_with_trigger.py for tasks to queue
[2025-01-10T00:49:04.926+0000] {logging_mixin.py:190} INFO - [2025-01-10T00:49:04.926+0000] {dagbag.py:588} INFO - Filling up the DagBag from /home/airflow/.local/lib/python3.12/site-packages/airflow/example_dags/example_latest_only_with_trigger.py
[2025-01-10T00:49:04.933+0000] {processor.py:925} INFO - DAG(s) 'latest_only_with_trigger' retrieved from /home/airflow/.local/lib/python3.12/site-packages/airflow/example_dags/example_latest_only_with_trigger.py
[2025-01-10T00:49:04.950+0000] {logging_mixin.py:190} INFO - [2025-01-10T00:49:04.950+0000] {dag.py:3239} INFO - Sync 1 DAGs
[2025-01-10T00:49:04.976+0000] {logging_mixin.py:190} INFO - [2025-01-10T00:49:04.976+0000] {dag.py:4180} INFO - Setting next_dagrun for latest_only_with_trigger to 2025-01-09 20:00:00+00:00, run_after=2025-01-10 00:00:00+00:00
[2025-01-10T00:49:04.999+0000] {processor.py:208} INFO - Processing /home/airflow/.local/lib/python3.12/site-packages/airflow/example_dags/example_latest_only_with_trigger.py took 0.082 seconds
[2025-01-10T00:49:35.886+0000] {processor.py:186} INFO - Started process (PID=798) to work on /home/airflow/.local/lib/python3.12/site-packages/airflow/example_dags/example_latest_only_with_trigger.py
[2025-01-10T00:49:35.887+0000] {processor.py:914} INFO - Processing file /home/airflow/.local/lib/python3.12/site-packages/airflow/example_dags/example_latest_only_with_trigger.py for tasks to queue
[2025-01-10T00:49:35.889+0000] {logging_mixin.py:190} INFO - [2025-01-10T00:49:35.889+0000] {dagbag.py:588} INFO - Filling up the DagBag from /home/airflow/.local/lib/python3.12/site-packages/airflow/example_dags/example_latest_only_with_trigger.py
[2025-01-10T00:49:35.897+0000] {processor.py:925} INFO - DAG(s) 'latest_only_with_trigger' retrieved from /home/airflow/.local/lib/python3.12/site-packages/airflow/example_dags/example_latest_only_with_trigger.py
[2025-01-10T00:49:35.917+0000] {logging_mixin.py:190} INFO - [2025-01-10T00:49:35.916+0000] {dag.py:3239} INFO - Sync 1 DAGs
[2025-01-10T00:49:35.938+0000] {logging_mixin.py:190} INFO - [2025-01-10T00:49:35.937+0000] {dag.py:4180} INFO - Setting next_dagrun for latest_only_with_trigger to 2025-01-09 20:00:00+00:00, run_after=2025-01-10 00:00:00+00:00
[2025-01-10T00:49:35.958+0000] {processor.py:208} INFO - Processing /home/airflow/.local/lib/python3.12/site-packages/airflow/example_dags/example_latest_only_with_trigger.py took 0.077 seconds
[2025-01-10T00:50:07.370+0000] {processor.py:186} INFO - Started process (PID=861) to work on /home/airflow/.local/lib/python3.12/site-packages/airflow/example_dags/example_latest_only_with_trigger.py
[2025-01-10T00:50:07.371+0000] {processor.py:914} INFO - Processing file /home/airflow/.local/lib/python3.12/site-packages/airflow/example_dags/example_latest_only_with_trigger.py for tasks to queue
[2025-01-10T00:50:07.373+0000] {logging_mixin.py:190} INFO - [2025-01-10T00:50:07.373+0000] {dagbag.py:588} INFO - Filling up the DagBag from /home/airflow/.local/lib/python3.12/site-packages/airflow/example_dags/example_latest_only_with_trigger.py
[2025-01-10T00:50:07.380+0000] {processor.py:925} INFO - DAG(s) 'latest_only_with_trigger' retrieved from /home/airflow/.local/lib/python3.12/site-packages/airflow/example_dags/example_latest_only_with_trigger.py
[2025-01-10T00:50:07.399+0000] {logging_mixin.py:190} INFO - [2025-01-10T00:50:07.398+0000] {dag.py:3239} INFO - Sync 1 DAGs
[2025-01-10T00:50:07.419+0000] {logging_mixin.py:190} INFO - [2025-01-10T00:50:07.419+0000] {dag.py:4180} INFO - Setting next_dagrun for latest_only_with_trigger to 2025-01-09 20:00:00+00:00, run_after=2025-01-10 00:00:00+00:00
[2025-01-10T00:50:07.439+0000] {processor.py:208} INFO - Processing /home/airflow/.local/lib/python3.12/site-packages/airflow/example_dags/example_latest_only_with_trigger.py took 0.075 seconds
[2025-01-10T00:50:38.691+0000] {processor.py:186} INFO - Started process (PID=924) to work on /home/airflow/.local/lib/python3.12/site-packages/airflow/example_dags/example_latest_only_with_trigger.py
[2025-01-10T00:50:38.692+0000] {processor.py:914} INFO - Processing file /home/airflow/.local/lib/python3.12/site-packages/airflow/example_dags/example_latest_only_with_trigger.py for tasks to queue
[2025-01-10T00:50:38.694+0000] {logging_mixin.py:190} INFO - [2025-01-10T00:50:38.694+0000] {dagbag.py:588} INFO - Filling up the DagBag from /home/airflow/.local/lib/python3.12/site-packages/airflow/example_dags/example_latest_only_with_trigger.py
[2025-01-10T00:50:38.701+0000] {processor.py:925} INFO - DAG(s) 'latest_only_with_trigger' retrieved from /home/airflow/.local/lib/python3.12/site-packages/airflow/example_dags/example_latest_only_with_trigger.py
[2025-01-10T00:50:38.720+0000] {logging_mixin.py:190} INFO - [2025-01-10T00:50:38.720+0000] {dag.py:3239} INFO - Sync 1 DAGs
[2025-01-10T00:50:38.741+0000] {logging_mixin.py:190} INFO - [2025-01-10T00:50:38.741+0000] {dag.py:4180} INFO - Setting next_dagrun for latest_only_with_trigger to 2025-01-09 20:00:00+00:00, run_after=2025-01-10 00:00:00+00:00
[2025-01-10T00:50:38.762+0000] {processor.py:208} INFO - Processing /home/airflow/.local/lib/python3.12/site-packages/airflow/example_dags/example_latest_only_with_trigger.py took 0.076 seconds
[2025-01-10T00:51:09.985+0000] {processor.py:186} INFO - Started process (PID=987) to work on /home/airflow/.local/lib/python3.12/site-packages/airflow/example_dags/example_latest_only_with_trigger.py
[2025-01-10T00:51:09.986+0000] {processor.py:914} INFO - Processing file /home/airflow/.local/lib/python3.12/site-packages/airflow/example_dags/example_latest_only_with_trigger.py for tasks to queue
[2025-01-10T00:51:09.989+0000] {logging_mixin.py:190} INFO - [2025-01-10T00:51:09.988+0000] {dagbag.py:588} INFO - Filling up the DagBag from /home/airflow/.local/lib/python3.12/site-packages/airflow/example_dags/example_latest_only_with_trigger.py
[2025-01-10T00:51:09.996+0000] {processor.py:925} INFO - DAG(s) 'latest_only_with_trigger' retrieved from /home/airflow/.local/lib/python3.12/site-packages/airflow/example_dags/example_latest_only_with_trigger.py
[2025-01-10T00:51:10.014+0000] {logging_mixin.py:190} INFO - [2025-01-10T00:51:10.014+0000] {dag.py:3239} INFO - Sync 1 DAGs
[2025-01-10T00:51:10.035+0000] {logging_mixin.py:190} INFO - [2025-01-10T00:51:10.034+0000] {dag.py:4180} INFO - Setting next_dagrun for latest_only_with_trigger to 2025-01-09 20:00:00+00:00, run_after=2025-01-10 00:00:00+00:00
[2025-01-10T00:51:10.054+0000] {processor.py:208} INFO - Processing /home/airflow/.local/lib/python3.12/site-packages/airflow/example_dags/example_latest_only_with_trigger.py took 0.074 seconds
[2025-01-10T00:51:41.163+0000] {processor.py:186} INFO - Started process (PID=1051) to work on /home/airflow/.local/lib/python3.12/site-packages/airflow/example_dags/example_latest_only_with_trigger.py
[2025-01-10T00:51:41.163+0000] {processor.py:914} INFO - Processing file /home/airflow/.local/lib/python3.12/site-packages/airflow/example_dags/example_latest_only_with_trigger.py for tasks to queue
[2025-01-10T00:51:41.166+0000] {logging_mixin.py:190} INFO - [2025-01-10T00:51:41.166+0000] {dagbag.py:588} INFO - Filling up the DagBag from /home/airflow/.local/lib/python3.12/site-packages/airflow/example_dags/example_latest_only_with_trigger.py
[2025-01-10T00:51:41.173+0000] {processor.py:925} INFO - DAG(s) 'latest_only_with_trigger' retrieved from /home/airflow/.local/lib/python3.12/site-packages/airflow/example_dags/example_latest_only_with_trigger.py
[2025-01-10T00:51:41.192+0000] {logging_mixin.py:190} INFO - [2025-01-10T00:51:41.192+0000] {dag.py:3239} INFO - Sync 1 DAGs
[2025-01-10T00:51:41.214+0000] {logging_mixin.py:190} INFO - [2025-01-10T00:51:41.214+0000] {dag.py:4180} INFO - Setting next_dagrun for latest_only_with_trigger to 2025-01-09 20:00:00+00:00, run_after=2025-01-10 00:00:00+00:00
[2025-01-10T00:51:41.233+0000] {processor.py:208} INFO - Processing /home/airflow/.local/lib/python3.12/site-packages/airflow/example_dags/example_latest_only_with_trigger.py took 0.076 seconds
[2025-01-10T00:52:12.505+0000] {processor.py:186} INFO - Started process (PID=1120) to work on /home/airflow/.local/lib/python3.12/site-packages/airflow/example_dags/example_latest_only_with_trigger.py
[2025-01-10T00:52:12.506+0000] {processor.py:914} INFO - Processing file /home/airflow/.local/lib/python3.12/site-packages/airflow/example_dags/example_latest_only_with_trigger.py for tasks to queue
[2025-01-10T00:52:12.508+0000] {logging_mixin.py:190} INFO - [2025-01-10T00:52:12.507+0000] {dagbag.py:588} INFO - Filling up the DagBag from /home/airflow/.local/lib/python3.12/site-packages/airflow/example_dags/example_latest_only_with_trigger.py
[2025-01-10T00:52:12.515+0000] {processor.py:925} INFO - DAG(s) 'latest_only_with_trigger' retrieved from /home/airflow/.local/lib/python3.12/site-packages/airflow/example_dags/example_latest_only_with_trigger.py
[2025-01-10T00:52:12.533+0000] {logging_mixin.py:190} INFO - [2025-01-10T00:52:12.533+0000] {dag.py:3239} INFO - Sync 1 DAGs
[2025-01-10T00:52:12.554+0000] {logging_mixin.py:190} INFO - [2025-01-10T00:52:12.554+0000] {dag.py:4180} INFO - Setting next_dagrun for latest_only_with_trigger to 2025-01-09 20:00:00+00:00, run_after=2025-01-10 00:00:00+00:00
[2025-01-10T00:52:12.575+0000] {processor.py:208} INFO - Processing /home/airflow/.local/lib/python3.12/site-packages/airflow/example_dags/example_latest_only_with_trigger.py took 0.076 seconds
[2025-01-10T00:52:44.015+0000] {processor.py:186} INFO - Started process (PID=1183) to work on /home/airflow/.local/lib/python3.12/site-packages/airflow/example_dags/example_latest_only_with_trigger.py
[2025-01-10T00:52:44.016+0000] {processor.py:914} INFO - Processing file /home/airflow/.local/lib/python3.12/site-packages/airflow/example_dags/example_latest_only_with_trigger.py for tasks to queue
[2025-01-10T00:52:44.019+0000] {logging_mixin.py:190} INFO - [2025-01-10T00:52:44.019+0000] {dagbag.py:588} INFO - Filling up the DagBag from /home/airflow/.local/lib/python3.12/site-packages/airflow/example_dags/example_latest_only_with_trigger.py
[2025-01-10T00:52:44.026+0000] {processor.py:925} INFO - DAG(s) 'latest_only_with_trigger' retrieved from /home/airflow/.local/lib/python3.12/site-packages/airflow/example_dags/example_latest_only_with_trigger.py
[2025-01-10T00:52:44.044+0000] {logging_mixin.py:190} INFO - [2025-01-10T00:52:44.044+0000] {dag.py:3239} INFO - Sync 1 DAGs
[2025-01-10T00:52:44.066+0000] {logging_mixin.py:190} INFO - [2025-01-10T00:52:44.066+0000] {dag.py:4180} INFO - Setting next_dagrun for latest_only_with_trigger to 2025-01-09 20:00:00+00:00, run_after=2025-01-10 00:00:00+00:00
[2025-01-10T00:52:44.085+0000] {processor.py:208} INFO - Processing /home/airflow/.local/lib/python3.12/site-packages/airflow/example_dags/example_latest_only_with_trigger.py took 0.075 seconds
[2025-01-10T00:53:15.770+0000] {processor.py:186} INFO - Started process (PID=1246) to work on /home/airflow/.local/lib/python3.12/site-packages/airflow/example_dags/example_latest_only_with_trigger.py
[2025-01-10T00:53:15.771+0000] {processor.py:914} INFO - Processing file /home/airflow/.local/lib/python3.12/site-packages/airflow/example_dags/example_latest_only_with_trigger.py for tasks to queue
[2025-01-10T00:53:15.774+0000] {logging_mixin.py:190} INFO - [2025-01-10T00:53:15.774+0000] {dagbag.py:588} INFO - Filling up the DagBag from /home/airflow/.local/lib/python3.12/site-packages/airflow/example_dags/example_latest_only_with_trigger.py
[2025-01-10T00:53:15.783+0000] {processor.py:925} INFO - DAG(s) 'latest_only_with_trigger' retrieved from /home/airflow/.local/lib/python3.12/site-packages/airflow/example_dags/example_latest_only_with_trigger.py
[2025-01-10T00:53:15.807+0000] {logging_mixin.py:190} INFO - [2025-01-10T00:53:15.807+0000] {dag.py:3239} INFO - Sync 1 DAGs
[2025-01-10T00:53:15.839+0000] {logging_mixin.py:190} INFO - [2025-01-10T00:53:15.838+0000] {dag.py:4180} INFO - Setting next_dagrun for latest_only_with_trigger to 2025-01-09 20:00:00+00:00, run_after=2025-01-10 00:00:00+00:00
[2025-01-10T00:53:15.860+0000] {processor.py:208} INFO - Processing /home/airflow/.local/lib/python3.12/site-packages/airflow/example_dags/example_latest_only_with_trigger.py took 0.097 seconds
[2025-01-10T00:53:47.237+0000] {processor.py:186} INFO - Started process (PID=1310) to work on /home/airflow/.local/lib/python3.12/site-packages/airflow/example_dags/example_latest_only_with_trigger.py
[2025-01-10T00:53:47.239+0000] {processor.py:914} INFO - Processing file /home/airflow/.local/lib/python3.12/site-packages/airflow/example_dags/example_latest_only_with_trigger.py for tasks to queue
[2025-01-10T00:53:47.242+0000] {logging_mixin.py:190} INFO - [2025-01-10T00:53:47.241+0000] {dagbag.py:588} INFO - Filling up the DagBag from /home/airflow/.local/lib/python3.12/site-packages/airflow/example_dags/example_latest_only_with_trigger.py
[2025-01-10T00:53:47.258+0000] {processor.py:925} INFO - DAG(s) 'latest_only_with_trigger' retrieved from /home/airflow/.local/lib/python3.12/site-packages/airflow/example_dags/example_latest_only_with_trigger.py
[2025-01-10T00:53:47.292+0000] {logging_mixin.py:190} INFO - [2025-01-10T00:53:47.292+0000] {dag.py:3239} INFO - Sync 1 DAGs
[2025-01-10T00:53:47.323+0000] {logging_mixin.py:190} INFO - [2025-01-10T00:53:47.322+0000] {dag.py:4180} INFO - Setting next_dagrun for latest_only_with_trigger to 2025-01-09 20:00:00+00:00, run_after=2025-01-10 00:00:00+00:00
[2025-01-10T00:53:47.359+0000] {processor.py:208} INFO - Processing /home/airflow/.local/lib/python3.12/site-packages/airflow/example_dags/example_latest_only_with_trigger.py took 0.132 seconds
[2025-01-10T00:54:17.830+0000] {processor.py:186} INFO - Started process (PID=1373) to work on /home/airflow/.local/lib/python3.12/site-packages/airflow/example_dags/example_latest_only_with_trigger.py
[2025-01-10T00:54:17.831+0000] {processor.py:914} INFO - Processing file /home/airflow/.local/lib/python3.12/site-packages/airflow/example_dags/example_latest_only_with_trigger.py for tasks to queue
[2025-01-10T00:54:17.833+0000] {logging_mixin.py:190} INFO - [2025-01-10T00:54:17.833+0000] {dagbag.py:588} INFO - Filling up the DagBag from /home/airflow/.local/lib/python3.12/site-packages/airflow/example_dags/example_latest_only_with_trigger.py
[2025-01-10T00:54:17.841+0000] {processor.py:925} INFO - DAG(s) 'latest_only_with_trigger' retrieved from /home/airflow/.local/lib/python3.12/site-packages/airflow/example_dags/example_latest_only_with_trigger.py
[2025-01-10T00:54:17.859+0000] {logging_mixin.py:190} INFO - [2025-01-10T00:54:17.859+0000] {dag.py:3239} INFO - Sync 1 DAGs
[2025-01-10T00:54:17.880+0000] {logging_mixin.py:190} INFO - [2025-01-10T00:54:17.880+0000] {dag.py:4180} INFO - Setting next_dagrun for latest_only_with_trigger to 2025-01-09 20:00:00+00:00, run_after=2025-01-10 00:00:00+00:00
[2025-01-10T00:54:17.900+0000] {processor.py:208} INFO - Processing /home/airflow/.local/lib/python3.12/site-packages/airflow/example_dags/example_latest_only_with_trigger.py took 0.076 seconds
[2025-01-10T00:54:48.790+0000] {processor.py:186} INFO - Started process (PID=1436) to work on /home/airflow/.local/lib/python3.12/site-packages/airflow/example_dags/example_latest_only_with_trigger.py
[2025-01-10T00:54:48.792+0000] {processor.py:914} INFO - Processing file /home/airflow/.local/lib/python3.12/site-packages/airflow/example_dags/example_latest_only_with_trigger.py for tasks to queue
[2025-01-10T00:54:48.795+0000] {logging_mixin.py:190} INFO - [2025-01-10T00:54:48.794+0000] {dagbag.py:588} INFO - Filling up the DagBag from /home/airflow/.local/lib/python3.12/site-packages/airflow/example_dags/example_latest_only_with_trigger.py
[2025-01-10T00:54:48.803+0000] {processor.py:925} INFO - DAG(s) 'latest_only_with_trigger' retrieved from /home/airflow/.local/lib/python3.12/site-packages/airflow/example_dags/example_latest_only_with_trigger.py
[2025-01-10T00:54:48.823+0000] {logging_mixin.py:190} INFO - [2025-01-10T00:54:48.823+0000] {dag.py:3239} INFO - Sync 1 DAGs
[2025-01-10T00:54:48.850+0000] {logging_mixin.py:190} INFO - [2025-01-10T00:54:48.850+0000] {dag.py:4180} INFO - Setting next_dagrun for latest_only_with_trigger to 2025-01-09 20:00:00+00:00, run_after=2025-01-10 00:00:00+00:00
[2025-01-10T00:54:48.870+0000] {processor.py:208} INFO - Processing /home/airflow/.local/lib/python3.12/site-packages/airflow/example_dags/example_latest_only_with_trigger.py took 0.089 seconds
[2025-01-10T00:55:20.021+0000] {processor.py:186} INFO - Started process (PID=1499) to work on /home/airflow/.local/lib/python3.12/site-packages/airflow/example_dags/example_latest_only_with_trigger.py
[2025-01-10T00:55:20.022+0000] {processor.py:914} INFO - Processing file /home/airflow/.local/lib/python3.12/site-packages/airflow/example_dags/example_latest_only_with_trigger.py for tasks to queue
[2025-01-10T00:55:20.024+0000] {logging_mixin.py:190} INFO - [2025-01-10T00:55:20.024+0000] {dagbag.py:588} INFO - Filling up the DagBag from /home/airflow/.local/lib/python3.12/site-packages/airflow/example_dags/example_latest_only_with_trigger.py
[2025-01-10T00:55:20.033+0000] {processor.py:925} INFO - DAG(s) 'latest_only_with_trigger' retrieved from /home/airflow/.local/lib/python3.12/site-packages/airflow/example_dags/example_latest_only_with_trigger.py
[2025-01-10T00:55:20.053+0000] {logging_mixin.py:190} INFO - [2025-01-10T00:55:20.052+0000] {dag.py:3239} INFO - Sync 1 DAGs
[2025-01-10T00:55:20.074+0000] {logging_mixin.py:190} INFO - [2025-01-10T00:55:20.074+0000] {dag.py:4180} INFO - Setting next_dagrun for latest_only_with_trigger to 2025-01-09 20:00:00+00:00, run_after=2025-01-10 00:00:00+00:00
[2025-01-10T00:55:20.093+0000] {processor.py:208} INFO - Processing /home/airflow/.local/lib/python3.12/site-packages/airflow/example_dags/example_latest_only_with_trigger.py took 0.078 seconds
[2025-01-10T00:55:51.042+0000] {processor.py:186} INFO - Started process (PID=1562) to work on /home/airflow/.local/lib/python3.12/site-packages/airflow/example_dags/example_latest_only_with_trigger.py
[2025-01-10T00:55:51.043+0000] {processor.py:914} INFO - Processing file /home/airflow/.local/lib/python3.12/site-packages/airflow/example_dags/example_latest_only_with_trigger.py for tasks to queue
[2025-01-10T00:55:51.045+0000] {logging_mixin.py:190} INFO - [2025-01-10T00:55:51.045+0000] {dagbag.py:588} INFO - Filling up the DagBag from /home/airflow/.local/lib/python3.12/site-packages/airflow/example_dags/example_latest_only_with_trigger.py
[2025-01-10T00:55:51.053+0000] {processor.py:925} INFO - DAG(s) 'latest_only_with_trigger' retrieved from /home/airflow/.local/lib/python3.12/site-packages/airflow/example_dags/example_latest_only_with_trigger.py
[2025-01-10T00:55:51.072+0000] {logging_mixin.py:190} INFO - [2025-01-10T00:55:51.072+0000] {dag.py:3239} INFO - Sync 1 DAGs
[2025-01-10T00:55:51.099+0000] {logging_mixin.py:190} INFO - [2025-01-10T00:55:51.099+0000] {dag.py:4180} INFO - Setting next_dagrun for latest_only_with_trigger to 2025-01-09 20:00:00+00:00, run_after=2025-01-10 00:00:00+00:00
[2025-01-10T00:55:51.118+0000] {processor.py:208} INFO - Processing /home/airflow/.local/lib/python3.12/site-packages/airflow/example_dags/example_latest_only_with_trigger.py took 0.081 seconds
[2025-01-10T00:56:22.017+0000] {processor.py:186} INFO - Started process (PID=1625) to work on /home/airflow/.local/lib/python3.12/site-packages/airflow/example_dags/example_latest_only_with_trigger.py
[2025-01-10T00:56:22.018+0000] {processor.py:914} INFO - Processing file /home/airflow/.local/lib/python3.12/site-packages/airflow/example_dags/example_latest_only_with_trigger.py for tasks to queue
[2025-01-10T00:56:22.020+0000] {logging_mixin.py:190} INFO - [2025-01-10T00:56:22.020+0000] {dagbag.py:588} INFO - Filling up the DagBag from /home/airflow/.local/lib/python3.12/site-packages/airflow/example_dags/example_latest_only_with_trigger.py
[2025-01-10T00:56:22.028+0000] {processor.py:925} INFO - DAG(s) 'latest_only_with_trigger' retrieved from /home/airflow/.local/lib/python3.12/site-packages/airflow/example_dags/example_latest_only_with_trigger.py
[2025-01-10T00:56:22.046+0000] {logging_mixin.py:190} INFO - [2025-01-10T00:56:22.046+0000] {dag.py:3239} INFO - Sync 1 DAGs
[2025-01-10T00:56:22.069+0000] {logging_mixin.py:190} INFO - [2025-01-10T00:56:22.069+0000] {dag.py:4180} INFO - Setting next_dagrun for latest_only_with_trigger to 2025-01-09 20:00:00+00:00, run_after=2025-01-10 00:00:00+00:00
[2025-01-10T00:56:22.089+0000] {processor.py:208} INFO - Processing /home/airflow/.local/lib/python3.12/site-packages/airflow/example_dags/example_latest_only_with_trigger.py took 0.077 seconds
[2025-01-10T00:56:53.656+0000] {processor.py:186} INFO - Started process (PID=1688) to work on /home/airflow/.local/lib/python3.12/site-packages/airflow/example_dags/example_latest_only_with_trigger.py
[2025-01-10T00:56:53.657+0000] {processor.py:914} INFO - Processing file /home/airflow/.local/lib/python3.12/site-packages/airflow/example_dags/example_latest_only_with_trigger.py for tasks to queue
[2025-01-10T00:56:53.659+0000] {logging_mixin.py:190} INFO - [2025-01-10T00:56:53.659+0000] {dagbag.py:588} INFO - Filling up the DagBag from /home/airflow/.local/lib/python3.12/site-packages/airflow/example_dags/example_latest_only_with_trigger.py
[2025-01-10T00:56:53.667+0000] {processor.py:925} INFO - DAG(s) 'latest_only_with_trigger' retrieved from /home/airflow/.local/lib/python3.12/site-packages/airflow/example_dags/example_latest_only_with_trigger.py
[2025-01-10T00:56:53.685+0000] {logging_mixin.py:190} INFO - [2025-01-10T00:56:53.685+0000] {dag.py:3239} INFO - Sync 1 DAGs
[2025-01-10T00:56:53.706+0000] {logging_mixin.py:190} INFO - [2025-01-10T00:56:53.706+0000] {dag.py:4180} INFO - Setting next_dagrun for latest_only_with_trigger to 2025-01-09 20:00:00+00:00, run_after=2025-01-10 00:00:00+00:00
[2025-01-10T00:56:53.725+0000] {processor.py:208} INFO - Processing /home/airflow/.local/lib/python3.12/site-packages/airflow/example_dags/example_latest_only_with_trigger.py took 0.075 seconds
[2025-01-10T00:57:24.767+0000] {processor.py:186} INFO - Started process (PID=1751) to work on /home/airflow/.local/lib/python3.12/site-packages/airflow/example_dags/example_latest_only_with_trigger.py
[2025-01-10T00:57:24.768+0000] {processor.py:914} INFO - Processing file /home/airflow/.local/lib/python3.12/site-packages/airflow/example_dags/example_latest_only_with_trigger.py for tasks to queue
[2025-01-10T00:57:24.770+0000] {logging_mixin.py:190} INFO - [2025-01-10T00:57:24.770+0000] {dagbag.py:588} INFO - Filling up the DagBag from /home/airflow/.local/lib/python3.12/site-packages/airflow/example_dags/example_latest_only_with_trigger.py
[2025-01-10T00:57:24.777+0000] {processor.py:925} INFO - DAG(s) 'latest_only_with_trigger' retrieved from /home/airflow/.local/lib/python3.12/site-packages/airflow/example_dags/example_latest_only_with_trigger.py
[2025-01-10T00:57:24.796+0000] {logging_mixin.py:190} INFO - [2025-01-10T00:57:24.796+0000] {dag.py:3239} INFO - Sync 1 DAGs
[2025-01-10T00:57:24.821+0000] {logging_mixin.py:190} INFO - [2025-01-10T00:57:24.821+0000] {dag.py:4180} INFO - Setting next_dagrun for latest_only_with_trigger to 2025-01-09 20:00:00+00:00, run_after=2025-01-10 00:00:00+00:00
[2025-01-10T00:57:24.842+0000] {processor.py:208} INFO - Processing /home/airflow/.local/lib/python3.12/site-packages/airflow/example_dags/example_latest_only_with_trigger.py took 0.081 seconds
[2025-01-10T00:57:56.080+0000] {processor.py:186} INFO - Started process (PID=1815) to work on /home/airflow/.local/lib/python3.12/site-packages/airflow/example_dags/example_latest_only_with_trigger.py
[2025-01-10T00:57:56.081+0000] {processor.py:914} INFO - Processing file /home/airflow/.local/lib/python3.12/site-packages/airflow/example_dags/example_latest_only_with_trigger.py for tasks to queue
[2025-01-10T00:57:56.085+0000] {logging_mixin.py:190} INFO - [2025-01-10T00:57:56.084+0000] {dagbag.py:588} INFO - Filling up the DagBag from /home/airflow/.local/lib/python3.12/site-packages/airflow/example_dags/example_latest_only_with_trigger.py
[2025-01-10T00:57:56.105+0000] {processor.py:925} INFO - DAG(s) 'latest_only_with_trigger' retrieved from /home/airflow/.local/lib/python3.12/site-packages/airflow/example_dags/example_latest_only_with_trigger.py
[2025-01-10T00:57:56.142+0000] {logging_mixin.py:190} INFO - [2025-01-10T00:57:56.142+0000] {dag.py:3239} INFO - Sync 1 DAGs
[2025-01-10T00:57:56.180+0000] {logging_mixin.py:190} INFO - [2025-01-10T00:57:56.179+0000] {dag.py:4180} INFO - Setting next_dagrun for latest_only_with_trigger to 2025-01-09 20:00:00+00:00, run_after=2025-01-10 00:00:00+00:00
[2025-01-10T00:57:56.221+0000] {processor.py:208} INFO - Processing /home/airflow/.local/lib/python3.12/site-packages/airflow/example_dags/example_latest_only_with_trigger.py took 0.151 seconds
[2025-01-10T00:58:27.373+0000] {processor.py:186} INFO - Started process (PID=1878) to work on /home/airflow/.local/lib/python3.12/site-packages/airflow/example_dags/example_latest_only_with_trigger.py
[2025-01-10T00:58:27.374+0000] {processor.py:914} INFO - Processing file /home/airflow/.local/lib/python3.12/site-packages/airflow/example_dags/example_latest_only_with_trigger.py for tasks to queue
[2025-01-10T00:58:27.376+0000] {logging_mixin.py:190} INFO - [2025-01-10T00:58:27.376+0000] {dagbag.py:588} INFO - Filling up the DagBag from /home/airflow/.local/lib/python3.12/site-packages/airflow/example_dags/example_latest_only_with_trigger.py
[2025-01-10T00:58:27.383+0000] {processor.py:925} INFO - DAG(s) 'latest_only_with_trigger' retrieved from /home/airflow/.local/lib/python3.12/site-packages/airflow/example_dags/example_latest_only_with_trigger.py
[2025-01-10T00:58:27.405+0000] {logging_mixin.py:190} INFO - [2025-01-10T00:58:27.405+0000] {dag.py:3239} INFO - Sync 1 DAGs
[2025-01-10T00:58:27.427+0000] {logging_mixin.py:190} INFO - [2025-01-10T00:58:27.427+0000] {dag.py:4180} INFO - Setting next_dagrun for latest_only_with_trigger to 2025-01-09 20:00:00+00:00, run_after=2025-01-10 00:00:00+00:00
[2025-01-10T00:58:27.448+0000] {processor.py:208} INFO - Processing /home/airflow/.local/lib/python3.12/site-packages/airflow/example_dags/example_latest_only_with_trigger.py took 0.081 seconds
[2025-01-10T01:02:02.860+0000] {processor.py:186} INFO - Started process (PID=100) to work on /home/airflow/.local/lib/python3.12/site-packages/airflow/example_dags/example_latest_only_with_trigger.py
[2025-01-10T01:02:02.861+0000] {processor.py:914} INFO - Processing file /home/airflow/.local/lib/python3.12/site-packages/airflow/example_dags/example_latest_only_with_trigger.py for tasks to queue
[2025-01-10T01:02:02.866+0000] {logging_mixin.py:190} INFO - [2025-01-10T01:02:02.865+0000] {dagbag.py:588} INFO - Filling up the DagBag from /home/airflow/.local/lib/python3.12/site-packages/airflow/example_dags/example_latest_only_with_trigger.py
[2025-01-10T01:02:02.885+0000] {processor.py:925} INFO - DAG(s) 'latest_only_with_trigger' retrieved from /home/airflow/.local/lib/python3.12/site-packages/airflow/example_dags/example_latest_only_with_trigger.py
[2025-01-10T01:02:02.941+0000] {logging_mixin.py:190} INFO - [2025-01-10T01:02:02.941+0000] {dag.py:3239} INFO - Sync 1 DAGs
[2025-01-10T01:02:03.004+0000] {logging_mixin.py:190} INFO - [2025-01-10T01:02:03.004+0000] {dag.py:4180} INFO - Setting next_dagrun for latest_only_with_trigger to 2025-01-09 20:00:00+00:00, run_after=2025-01-10 00:00:00+00:00
[2025-01-10T01:02:03.068+0000] {processor.py:208} INFO - Processing /home/airflow/.local/lib/python3.12/site-packages/airflow/example_dags/example_latest_only_with_trigger.py took 0.218 seconds
[2025-01-10T01:02:33.141+0000] {processor.py:186} INFO - Started process (PID=162) to work on /home/airflow/.local/lib/python3.12/site-packages/airflow/example_dags/example_latest_only_with_trigger.py
[2025-01-10T01:02:33.143+0000] {processor.py:914} INFO - Processing file /home/airflow/.local/lib/python3.12/site-packages/airflow/example_dags/example_latest_only_with_trigger.py for tasks to queue
[2025-01-10T01:02:33.145+0000] {logging_mixin.py:190} INFO - [2025-01-10T01:02:33.145+0000] {dagbag.py:588} INFO - Filling up the DagBag from /home/airflow/.local/lib/python3.12/site-packages/airflow/example_dags/example_latest_only_with_trigger.py
[2025-01-10T01:02:33.155+0000] {processor.py:925} INFO - DAG(s) 'latest_only_with_trigger' retrieved from /home/airflow/.local/lib/python3.12/site-packages/airflow/example_dags/example_latest_only_with_trigger.py
[2025-01-10T01:02:33.193+0000] {logging_mixin.py:190} INFO - [2025-01-10T01:02:33.193+0000] {dag.py:3239} INFO - Sync 1 DAGs
[2025-01-10T01:02:33.231+0000] {logging_mixin.py:190} INFO - [2025-01-10T01:02:33.231+0000] {dag.py:4180} INFO - Setting next_dagrun for latest_only_with_trigger to 2025-01-09 20:00:00+00:00, run_after=2025-01-10 00:00:00+00:00
[2025-01-10T01:02:33.251+0000] {processor.py:208} INFO - Processing /home/airflow/.local/lib/python3.12/site-packages/airflow/example_dags/example_latest_only_with_trigger.py took 0.118 seconds
[2025-01-10T01:03:03.971+0000] {processor.py:186} INFO - Started process (PID=225) to work on /home/airflow/.local/lib/python3.12/site-packages/airflow/example_dags/example_latest_only_with_trigger.py
[2025-01-10T01:03:03.972+0000] {processor.py:914} INFO - Processing file /home/airflow/.local/lib/python3.12/site-packages/airflow/example_dags/example_latest_only_with_trigger.py for tasks to queue
[2025-01-10T01:03:03.975+0000] {logging_mixin.py:190} INFO - [2025-01-10T01:03:03.974+0000] {dagbag.py:588} INFO - Filling up the DagBag from /home/airflow/.local/lib/python3.12/site-packages/airflow/example_dags/example_latest_only_with_trigger.py
[2025-01-10T01:03:03.985+0000] {processor.py:925} INFO - DAG(s) 'latest_only_with_trigger' retrieved from /home/airflow/.local/lib/python3.12/site-packages/airflow/example_dags/example_latest_only_with_trigger.py
[2025-01-10T01:03:04.013+0000] {logging_mixin.py:190} INFO - [2025-01-10T01:03:04.013+0000] {dag.py:3239} INFO - Sync 1 DAGs
[2025-01-10T01:03:04.067+0000] {logging_mixin.py:190} INFO - [2025-01-10T01:03:04.067+0000] {dag.py:4180} INFO - Setting next_dagrun for latest_only_with_trigger to 2025-01-09 20:00:00+00:00, run_after=2025-01-10 00:00:00+00:00
[2025-01-10T01:03:04.101+0000] {processor.py:208} INFO - Processing /home/airflow/.local/lib/python3.12/site-packages/airflow/example_dags/example_latest_only_with_trigger.py took 0.139 seconds
[2025-01-10T01:03:34.749+0000] {processor.py:186} INFO - Started process (PID=288) to work on /home/airflow/.local/lib/python3.12/site-packages/airflow/example_dags/example_latest_only_with_trigger.py
[2025-01-10T01:03:34.751+0000] {processor.py:914} INFO - Processing file /home/airflow/.local/lib/python3.12/site-packages/airflow/example_dags/example_latest_only_with_trigger.py for tasks to queue
[2025-01-10T01:03:34.753+0000] {logging_mixin.py:190} INFO - [2025-01-10T01:03:34.753+0000] {dagbag.py:588} INFO - Filling up the DagBag from /home/airflow/.local/lib/python3.12/site-packages/airflow/example_dags/example_latest_only_with_trigger.py
[2025-01-10T01:03:34.762+0000] {processor.py:925} INFO - DAG(s) 'latest_only_with_trigger' retrieved from /home/airflow/.local/lib/python3.12/site-packages/airflow/example_dags/example_latest_only_with_trigger.py
[2025-01-10T01:03:34.788+0000] {logging_mixin.py:190} INFO - [2025-01-10T01:03:34.788+0000] {dag.py:3239} INFO - Sync 1 DAGs
[2025-01-10T01:03:34.818+0000] {logging_mixin.py:190} INFO - [2025-01-10T01:03:34.817+0000] {dag.py:4180} INFO - Setting next_dagrun for latest_only_with_trigger to 2025-01-09 20:00:00+00:00, run_after=2025-01-10 00:00:00+00:00
[2025-01-10T01:03:34.844+0000] {processor.py:208} INFO - Processing /home/airflow/.local/lib/python3.12/site-packages/airflow/example_dags/example_latest_only_with_trigger.py took 0.100 seconds
[2025-01-10T01:04:05.061+0000] {processor.py:186} INFO - Started process (PID=350) to work on /home/airflow/.local/lib/python3.12/site-packages/airflow/example_dags/example_latest_only_with_trigger.py
[2025-01-10T01:04:05.062+0000] {processor.py:914} INFO - Processing file /home/airflow/.local/lib/python3.12/site-packages/airflow/example_dags/example_latest_only_with_trigger.py for tasks to queue
[2025-01-10T01:04:05.064+0000] {logging_mixin.py:190} INFO - [2025-01-10T01:04:05.064+0000] {dagbag.py:588} INFO - Filling up the DagBag from /home/airflow/.local/lib/python3.12/site-packages/airflow/example_dags/example_latest_only_with_trigger.py
[2025-01-10T01:04:05.072+0000] {processor.py:925} INFO - DAG(s) 'latest_only_with_trigger' retrieved from /home/airflow/.local/lib/python3.12/site-packages/airflow/example_dags/example_latest_only_with_trigger.py
[2025-01-10T01:04:05.094+0000] {logging_mixin.py:190} INFO - [2025-01-10T01:04:05.094+0000] {dag.py:3239} INFO - Sync 1 DAGs
[2025-01-10T01:04:05.120+0000] {logging_mixin.py:190} INFO - [2025-01-10T01:04:05.119+0000] {dag.py:4180} INFO - Setting next_dagrun for latest_only_with_trigger to 2025-01-09 20:00:00+00:00, run_after=2025-01-10 00:00:00+00:00
[2025-01-10T01:04:05.140+0000] {processor.py:208} INFO - Processing /home/airflow/.local/lib/python3.12/site-packages/airflow/example_dags/example_latest_only_with_trigger.py took 0.085 seconds
[2025-01-10T01:04:35.912+0000] {processor.py:186} INFO - Started process (PID=413) to work on /home/airflow/.local/lib/python3.12/site-packages/airflow/example_dags/example_latest_only_with_trigger.py
[2025-01-10T01:04:35.914+0000] {processor.py:914} INFO - Processing file /home/airflow/.local/lib/python3.12/site-packages/airflow/example_dags/example_latest_only_with_trigger.py for tasks to queue
[2025-01-10T01:04:35.917+0000] {logging_mixin.py:190} INFO - [2025-01-10T01:04:35.917+0000] {dagbag.py:588} INFO - Filling up the DagBag from /home/airflow/.local/lib/python3.12/site-packages/airflow/example_dags/example_latest_only_with_trigger.py
[2025-01-10T01:04:35.926+0000] {processor.py:925} INFO - DAG(s) 'latest_only_with_trigger' retrieved from /home/airflow/.local/lib/python3.12/site-packages/airflow/example_dags/example_latest_only_with_trigger.py
[2025-01-10T01:04:35.951+0000] {logging_mixin.py:190} INFO - [2025-01-10T01:04:35.950+0000] {dag.py:3239} INFO - Sync 1 DAGs
[2025-01-10T01:04:35.984+0000] {logging_mixin.py:190} INFO - [2025-01-10T01:04:35.984+0000] {dag.py:4180} INFO - Setting next_dagrun for latest_only_with_trigger to 2025-01-09 20:00:00+00:00, run_after=2025-01-10 00:00:00+00:00
[2025-01-10T01:04:36.014+0000] {processor.py:208} INFO - Processing /home/airflow/.local/lib/python3.12/site-packages/airflow/example_dags/example_latest_only_with_trigger.py took 0.109 seconds
[2025-01-10T01:05:06.350+0000] {processor.py:186} INFO - Started process (PID=476) to work on /home/airflow/.local/lib/python3.12/site-packages/airflow/example_dags/example_latest_only_with_trigger.py
[2025-01-10T01:05:06.353+0000] {processor.py:914} INFO - Processing file /home/airflow/.local/lib/python3.12/site-packages/airflow/example_dags/example_latest_only_with_trigger.py for tasks to queue
[2025-01-10T01:05:06.357+0000] {logging_mixin.py:190} INFO - [2025-01-10T01:05:06.357+0000] {dagbag.py:588} INFO - Filling up the DagBag from /home/airflow/.local/lib/python3.12/site-packages/airflow/example_dags/example_latest_only_with_trigger.py
[2025-01-10T01:05:06.377+0000] {processor.py:925} INFO - DAG(s) 'latest_only_with_trigger' retrieved from /home/airflow/.local/lib/python3.12/site-packages/airflow/example_dags/example_latest_only_with_trigger.py
[2025-01-10T01:05:06.444+0000] {logging_mixin.py:190} INFO - [2025-01-10T01:05:06.443+0000] {dag.py:3239} INFO - Sync 1 DAGs
[2025-01-10T01:05:06.520+0000] {logging_mixin.py:190} INFO - [2025-01-10T01:05:06.519+0000] {dag.py:4180} INFO - Setting next_dagrun for latest_only_with_trigger to 2025-01-09 20:00:00+00:00, run_after=2025-01-10 00:00:00+00:00
[2025-01-10T01:05:06.567+0000] {processor.py:208} INFO - Processing /home/airflow/.local/lib/python3.12/site-packages/airflow/example_dags/example_latest_only_with_trigger.py took 0.226 seconds
[2025-01-10T01:05:37.380+0000] {processor.py:186} INFO - Started process (PID=539) to work on /home/airflow/.local/lib/python3.12/site-packages/airflow/example_dags/example_latest_only_with_trigger.py
[2025-01-10T01:05:37.381+0000] {processor.py:914} INFO - Processing file /home/airflow/.local/lib/python3.12/site-packages/airflow/example_dags/example_latest_only_with_trigger.py for tasks to queue
[2025-01-10T01:05:37.384+0000] {logging_mixin.py:190} INFO - [2025-01-10T01:05:37.383+0000] {dagbag.py:588} INFO - Filling up the DagBag from /home/airflow/.local/lib/python3.12/site-packages/airflow/example_dags/example_latest_only_with_trigger.py
[2025-01-10T01:05:37.390+0000] {processor.py:925} INFO - DAG(s) 'latest_only_with_trigger' retrieved from /home/airflow/.local/lib/python3.12/site-packages/airflow/example_dags/example_latest_only_with_trigger.py
[2025-01-10T01:05:37.409+0000] {logging_mixin.py:190} INFO - [2025-01-10T01:05:37.408+0000] {dag.py:3239} INFO - Sync 1 DAGs
[2025-01-10T01:05:37.431+0000] {logging_mixin.py:190} INFO - [2025-01-10T01:05:37.430+0000] {dag.py:4180} INFO - Setting next_dagrun for latest_only_with_trigger to 2025-01-09 20:00:00+00:00, run_after=2025-01-10 00:00:00+00:00
[2025-01-10T01:05:37.488+0000] {processor.py:208} INFO - Processing /home/airflow/.local/lib/python3.12/site-packages/airflow/example_dags/example_latest_only_with_trigger.py took 0.114 seconds
[2025-01-10T01:06:07.866+0000] {processor.py:186} INFO - Started process (PID=601) to work on /home/airflow/.local/lib/python3.12/site-packages/airflow/example_dags/example_latest_only_with_trigger.py
[2025-01-10T01:06:07.867+0000] {processor.py:914} INFO - Processing file /home/airflow/.local/lib/python3.12/site-packages/airflow/example_dags/example_latest_only_with_trigger.py for tasks to queue
[2025-01-10T01:06:07.869+0000] {logging_mixin.py:190} INFO - [2025-01-10T01:06:07.869+0000] {dagbag.py:588} INFO - Filling up the DagBag from /home/airflow/.local/lib/python3.12/site-packages/airflow/example_dags/example_latest_only_with_trigger.py
[2025-01-10T01:06:07.876+0000] {processor.py:925} INFO - DAG(s) 'latest_only_with_trigger' retrieved from /home/airflow/.local/lib/python3.12/site-packages/airflow/example_dags/example_latest_only_with_trigger.py
[2025-01-10T01:06:07.894+0000] {logging_mixin.py:190} INFO - [2025-01-10T01:06:07.894+0000] {dag.py:3239} INFO - Sync 1 DAGs
[2025-01-10T01:06:07.916+0000] {logging_mixin.py:190} INFO - [2025-01-10T01:06:07.916+0000] {dag.py:4180} INFO - Setting next_dagrun for latest_only_with_trigger to 2025-01-09 20:00:00+00:00, run_after=2025-01-10 00:00:00+00:00
[2025-01-10T01:06:07.979+0000] {processor.py:208} INFO - Processing /home/airflow/.local/lib/python3.12/site-packages/airflow/example_dags/example_latest_only_with_trigger.py took 0.119 seconds
[2025-01-10T01:06:38.756+0000] {processor.py:186} INFO - Started process (PID=665) to work on /home/airflow/.local/lib/python3.12/site-packages/airflow/example_dags/example_latest_only_with_trigger.py
[2025-01-10T01:06:38.757+0000] {processor.py:914} INFO - Processing file /home/airflow/.local/lib/python3.12/site-packages/airflow/example_dags/example_latest_only_with_trigger.py for tasks to queue
[2025-01-10T01:06:38.760+0000] {logging_mixin.py:190} INFO - [2025-01-10T01:06:38.759+0000] {dagbag.py:588} INFO - Filling up the DagBag from /home/airflow/.local/lib/python3.12/site-packages/airflow/example_dags/example_latest_only_with_trigger.py
[2025-01-10T01:06:38.766+0000] {processor.py:925} INFO - DAG(s) 'latest_only_with_trigger' retrieved from /home/airflow/.local/lib/python3.12/site-packages/airflow/example_dags/example_latest_only_with_trigger.py
[2025-01-10T01:06:38.789+0000] {logging_mixin.py:190} INFO - [2025-01-10T01:06:38.789+0000] {dag.py:3239} INFO - Sync 1 DAGs
[2025-01-10T01:06:38.812+0000] {logging_mixin.py:190} INFO - [2025-01-10T01:06:38.811+0000] {dag.py:4180} INFO - Setting next_dagrun for latest_only_with_trigger to 2025-01-09 20:00:00+00:00, run_after=2025-01-10 00:00:00+00:00
[2025-01-10T01:06:38.869+0000] {processor.py:208} INFO - Processing /home/airflow/.local/lib/python3.12/site-packages/airflow/example_dags/example_latest_only_with_trigger.py took 0.118 seconds
[2025-01-10T01:07:09.185+0000] {processor.py:186} INFO - Started process (PID=727) to work on /home/airflow/.local/lib/python3.12/site-packages/airflow/example_dags/example_latest_only_with_trigger.py
[2025-01-10T01:07:09.186+0000] {processor.py:914} INFO - Processing file /home/airflow/.local/lib/python3.12/site-packages/airflow/example_dags/example_latest_only_with_trigger.py for tasks to queue
[2025-01-10T01:07:09.189+0000] {logging_mixin.py:190} INFO - [2025-01-10T01:07:09.188+0000] {dagbag.py:588} INFO - Filling up the DagBag from /home/airflow/.local/lib/python3.12/site-packages/airflow/example_dags/example_latest_only_with_trigger.py
[2025-01-10T01:07:09.196+0000] {processor.py:925} INFO - DAG(s) 'latest_only_with_trigger' retrieved from /home/airflow/.local/lib/python3.12/site-packages/airflow/example_dags/example_latest_only_with_trigger.py
[2025-01-10T01:07:09.217+0000] {logging_mixin.py:190} INFO - [2025-01-10T01:07:09.217+0000] {dag.py:3239} INFO - Sync 1 DAGs
[2025-01-10T01:07:09.241+0000] {logging_mixin.py:190} INFO - [2025-01-10T01:07:09.240+0000] {dag.py:4180} INFO - Setting next_dagrun for latest_only_with_trigger to 2025-01-09 20:00:00+00:00, run_after=2025-01-10 00:00:00+00:00
[2025-01-10T01:07:09.291+0000] {processor.py:208} INFO - Processing /home/airflow/.local/lib/python3.12/site-packages/airflow/example_dags/example_latest_only_with_trigger.py took 0.111 seconds
[2025-01-10T01:07:39.479+0000] {processor.py:186} INFO - Started process (PID=790) to work on /home/airflow/.local/lib/python3.12/site-packages/airflow/example_dags/example_latest_only_with_trigger.py
[2025-01-10T01:07:39.480+0000] {processor.py:914} INFO - Processing file /home/airflow/.local/lib/python3.12/site-packages/airflow/example_dags/example_latest_only_with_trigger.py for tasks to queue
[2025-01-10T01:07:39.485+0000] {logging_mixin.py:190} INFO - [2025-01-10T01:07:39.484+0000] {dagbag.py:588} INFO - Filling up the DagBag from /home/airflow/.local/lib/python3.12/site-packages/airflow/example_dags/example_latest_only_with_trigger.py
[2025-01-10T01:07:39.498+0000] {processor.py:925} INFO - DAG(s) 'latest_only_with_trigger' retrieved from /home/airflow/.local/lib/python3.12/site-packages/airflow/example_dags/example_latest_only_with_trigger.py
[2025-01-10T01:07:39.522+0000] {logging_mixin.py:190} INFO - [2025-01-10T01:07:39.522+0000] {dag.py:3239} INFO - Sync 1 DAGs
[2025-01-10T01:07:39.552+0000] {logging_mixin.py:190} INFO - [2025-01-10T01:07:39.552+0000] {dag.py:4180} INFO - Setting next_dagrun for latest_only_with_trigger to 2025-01-09 20:00:00+00:00, run_after=2025-01-10 00:00:00+00:00
[2025-01-10T01:07:39.582+0000] {processor.py:208} INFO - Processing /home/airflow/.local/lib/python3.12/site-packages/airflow/example_dags/example_latest_only_with_trigger.py took 0.119 seconds
[2025-01-10T01:08:11.036+0000] {processor.py:186} INFO - Started process (PID=853) to work on /home/airflow/.local/lib/python3.12/site-packages/airflow/example_dags/example_latest_only_with_trigger.py
[2025-01-10T01:08:11.037+0000] {processor.py:914} INFO - Processing file /home/airflow/.local/lib/python3.12/site-packages/airflow/example_dags/example_latest_only_with_trigger.py for tasks to queue
[2025-01-10T01:08:11.039+0000] {logging_mixin.py:190} INFO - [2025-01-10T01:08:11.039+0000] {dagbag.py:588} INFO - Filling up the DagBag from /home/airflow/.local/lib/python3.12/site-packages/airflow/example_dags/example_latest_only_with_trigger.py
[2025-01-10T01:08:11.046+0000] {processor.py:925} INFO - DAG(s) 'latest_only_with_trigger' retrieved from /home/airflow/.local/lib/python3.12/site-packages/airflow/example_dags/example_latest_only_with_trigger.py
[2025-01-10T01:08:11.067+0000] {logging_mixin.py:190} INFO - [2025-01-10T01:08:11.066+0000] {dag.py:3239} INFO - Sync 1 DAGs
[2025-01-10T01:08:11.088+0000] {logging_mixin.py:190} INFO - [2025-01-10T01:08:11.088+0000] {dag.py:4180} INFO - Setting next_dagrun for latest_only_with_trigger to 2025-01-09 20:00:00+00:00, run_after=2025-01-10 00:00:00+00:00
[2025-01-10T01:08:11.106+0000] {processor.py:208} INFO - Processing /home/airflow/.local/lib/python3.12/site-packages/airflow/example_dags/example_latest_only_with_trigger.py took 0.075 seconds
[2025-01-10T01:08:41.958+0000] {processor.py:186} INFO - Started process (PID=916) to work on /home/airflow/.local/lib/python3.12/site-packages/airflow/example_dags/example_latest_only_with_trigger.py
[2025-01-10T01:08:41.959+0000] {processor.py:914} INFO - Processing file /home/airflow/.local/lib/python3.12/site-packages/airflow/example_dags/example_latest_only_with_trigger.py for tasks to queue
[2025-01-10T01:08:41.961+0000] {logging_mixin.py:190} INFO - [2025-01-10T01:08:41.961+0000] {dagbag.py:588} INFO - Filling up the DagBag from /home/airflow/.local/lib/python3.12/site-packages/airflow/example_dags/example_latest_only_with_trigger.py
[2025-01-10T01:08:41.970+0000] {processor.py:925} INFO - DAG(s) 'latest_only_with_trigger' retrieved from /home/airflow/.local/lib/python3.12/site-packages/airflow/example_dags/example_latest_only_with_trigger.py
[2025-01-10T01:08:41.988+0000] {logging_mixin.py:190} INFO - [2025-01-10T01:08:41.988+0000] {dag.py:3239} INFO - Sync 1 DAGs
[2025-01-10T01:08:42.009+0000] {logging_mixin.py:190} INFO - [2025-01-10T01:08:42.009+0000] {dag.py:4180} INFO - Setting next_dagrun for latest_only_with_trigger to 2025-01-09 20:00:00+00:00, run_after=2025-01-10 00:00:00+00:00
[2025-01-10T01:08:42.027+0000] {processor.py:208} INFO - Processing /home/airflow/.local/lib/python3.12/site-packages/airflow/example_dags/example_latest_only_with_trigger.py took 0.075 seconds
[2025-01-10T01:09:12.124+0000] {processor.py:186} INFO - Started process (PID=979) to work on /home/airflow/.local/lib/python3.12/site-packages/airflow/example_dags/example_latest_only_with_trigger.py
[2025-01-10T01:09:12.125+0000] {processor.py:914} INFO - Processing file /home/airflow/.local/lib/python3.12/site-packages/airflow/example_dags/example_latest_only_with_trigger.py for tasks to queue
[2025-01-10T01:09:12.128+0000] {logging_mixin.py:190} INFO - [2025-01-10T01:09:12.128+0000] {dagbag.py:588} INFO - Filling up the DagBag from /home/airflow/.local/lib/python3.12/site-packages/airflow/example_dags/example_latest_only_with_trigger.py
[2025-01-10T01:09:12.135+0000] {processor.py:925} INFO - DAG(s) 'latest_only_with_trigger' retrieved from /home/airflow/.local/lib/python3.12/site-packages/airflow/example_dags/example_latest_only_with_trigger.py
[2025-01-10T01:09:12.155+0000] {logging_mixin.py:190} INFO - [2025-01-10T01:09:12.154+0000] {dag.py:3239} INFO - Sync 1 DAGs
[2025-01-10T01:09:12.178+0000] {logging_mixin.py:190} INFO - [2025-01-10T01:09:12.177+0000] {dag.py:4180} INFO - Setting next_dagrun for latest_only_with_trigger to 2025-01-09 20:00:00+00:00, run_after=2025-01-10 00:00:00+00:00
[2025-01-10T01:09:12.202+0000] {processor.py:208} INFO - Processing /home/airflow/.local/lib/python3.12/site-packages/airflow/example_dags/example_latest_only_with_trigger.py took 0.084 seconds
[2025-01-10T01:09:42.651+0000] {processor.py:186} INFO - Started process (PID=1042) to work on /home/airflow/.local/lib/python3.12/site-packages/airflow/example_dags/example_latest_only_with_trigger.py
[2025-01-10T01:09:42.653+0000] {processor.py:914} INFO - Processing file /home/airflow/.local/lib/python3.12/site-packages/airflow/example_dags/example_latest_only_with_trigger.py for tasks to queue
[2025-01-10T01:09:42.656+0000] {logging_mixin.py:190} INFO - [2025-01-10T01:09:42.656+0000] {dagbag.py:588} INFO - Filling up the DagBag from /home/airflow/.local/lib/python3.12/site-packages/airflow/example_dags/example_latest_only_with_trigger.py
[2025-01-10T01:09:42.664+0000] {processor.py:925} INFO - DAG(s) 'latest_only_with_trigger' retrieved from /home/airflow/.local/lib/python3.12/site-packages/airflow/example_dags/example_latest_only_with_trigger.py
[2025-01-10T01:09:42.684+0000] {logging_mixin.py:190} INFO - [2025-01-10T01:09:42.684+0000] {dag.py:3239} INFO - Sync 1 DAGs
[2025-01-10T01:09:42.713+0000] {logging_mixin.py:190} INFO - [2025-01-10T01:09:42.713+0000] {dag.py:4180} INFO - Setting next_dagrun for latest_only_with_trigger to 2025-01-09 20:00:00+00:00, run_after=2025-01-10 00:00:00+00:00
[2025-01-10T01:09:42.738+0000] {processor.py:208} INFO - Processing /home/airflow/.local/lib/python3.12/site-packages/airflow/example_dags/example_latest_only_with_trigger.py took 0.094 seconds
[2025-01-10T01:10:13.677+0000] {processor.py:186} INFO - Started process (PID=1105) to work on /home/airflow/.local/lib/python3.12/site-packages/airflow/example_dags/example_latest_only_with_trigger.py
[2025-01-10T01:10:13.678+0000] {processor.py:914} INFO - Processing file /home/airflow/.local/lib/python3.12/site-packages/airflow/example_dags/example_latest_only_with_trigger.py for tasks to queue
[2025-01-10T01:10:13.681+0000] {logging_mixin.py:190} INFO - [2025-01-10T01:10:13.681+0000] {dagbag.py:588} INFO - Filling up the DagBag from /home/airflow/.local/lib/python3.12/site-packages/airflow/example_dags/example_latest_only_with_trigger.py
[2025-01-10T01:10:13.688+0000] {processor.py:925} INFO - DAG(s) 'latest_only_with_trigger' retrieved from /home/airflow/.local/lib/python3.12/site-packages/airflow/example_dags/example_latest_only_with_trigger.py
[2025-01-10T01:10:13.706+0000] {logging_mixin.py:190} INFO - [2025-01-10T01:10:13.706+0000] {dag.py:3239} INFO - Sync 1 DAGs
[2025-01-10T01:10:13.737+0000] {logging_mixin.py:190} INFO - [2025-01-10T01:10:13.737+0000] {dag.py:4180} INFO - Setting next_dagrun for latest_only_with_trigger to 2025-01-09 20:00:00+00:00, run_after=2025-01-10 00:00:00+00:00
[2025-01-10T01:10:13.759+0000] {processor.py:208} INFO - Processing /home/airflow/.local/lib/python3.12/site-packages/airflow/example_dags/example_latest_only_with_trigger.py took 0.088 seconds
[2025-01-10T01:10:43.872+0000] {processor.py:186} INFO - Started process (PID=1167) to work on /home/airflow/.local/lib/python3.12/site-packages/airflow/example_dags/example_latest_only_with_trigger.py
[2025-01-10T01:10:43.873+0000] {processor.py:914} INFO - Processing file /home/airflow/.local/lib/python3.12/site-packages/airflow/example_dags/example_latest_only_with_trigger.py for tasks to queue
[2025-01-10T01:10:43.877+0000] {logging_mixin.py:190} INFO - [2025-01-10T01:10:43.877+0000] {dagbag.py:588} INFO - Filling up the DagBag from /home/airflow/.local/lib/python3.12/site-packages/airflow/example_dags/example_latest_only_with_trigger.py
[2025-01-10T01:10:43.885+0000] {processor.py:925} INFO - DAG(s) 'latest_only_with_trigger' retrieved from /home/airflow/.local/lib/python3.12/site-packages/airflow/example_dags/example_latest_only_with_trigger.py
[2025-01-10T01:10:43.907+0000] {logging_mixin.py:190} INFO - [2025-01-10T01:10:43.907+0000] {dag.py:3239} INFO - Sync 1 DAGs
[2025-01-10T01:10:43.934+0000] {logging_mixin.py:190} INFO - [2025-01-10T01:10:43.933+0000] {dag.py:4180} INFO - Setting next_dagrun for latest_only_with_trigger to 2025-01-09 20:00:00+00:00, run_after=2025-01-10 00:00:00+00:00
[2025-01-10T01:10:43.957+0000] {processor.py:208} INFO - Processing /home/airflow/.local/lib/python3.12/site-packages/airflow/example_dags/example_latest_only_with_trigger.py took 0.091 seconds
[2025-01-10T01:11:14.245+0000] {processor.py:186} INFO - Started process (PID=1230) to work on /home/airflow/.local/lib/python3.12/site-packages/airflow/example_dags/example_latest_only_with_trigger.py
[2025-01-10T01:11:14.246+0000] {processor.py:914} INFO - Processing file /home/airflow/.local/lib/python3.12/site-packages/airflow/example_dags/example_latest_only_with_trigger.py for tasks to queue
[2025-01-10T01:11:14.250+0000] {logging_mixin.py:190} INFO - [2025-01-10T01:11:14.250+0000] {dagbag.py:588} INFO - Filling up the DagBag from /home/airflow/.local/lib/python3.12/site-packages/airflow/example_dags/example_latest_only_with_trigger.py
[2025-01-10T01:11:14.258+0000] {processor.py:925} INFO - DAG(s) 'latest_only_with_trigger' retrieved from /home/airflow/.local/lib/python3.12/site-packages/airflow/example_dags/example_latest_only_with_trigger.py
[2025-01-10T01:11:14.277+0000] {logging_mixin.py:190} INFO - [2025-01-10T01:11:14.277+0000] {dag.py:3239} INFO - Sync 1 DAGs
[2025-01-10T01:11:14.299+0000] {logging_mixin.py:190} INFO - [2025-01-10T01:11:14.299+0000] {dag.py:4180} INFO - Setting next_dagrun for latest_only_with_trigger to 2025-01-09 20:00:00+00:00, run_after=2025-01-10 00:00:00+00:00
[2025-01-10T01:11:14.320+0000] {processor.py:208} INFO - Processing /home/airflow/.local/lib/python3.12/site-packages/airflow/example_dags/example_latest_only_with_trigger.py took 0.082 seconds
[2025-01-10T01:11:45.093+0000] {processor.py:186} INFO - Started process (PID=1293) to work on /home/airflow/.local/lib/python3.12/site-packages/airflow/example_dags/example_latest_only_with_trigger.py
[2025-01-10T01:11:45.094+0000] {processor.py:914} INFO - Processing file /home/airflow/.local/lib/python3.12/site-packages/airflow/example_dags/example_latest_only_with_trigger.py for tasks to queue
[2025-01-10T01:11:45.096+0000] {logging_mixin.py:190} INFO - [2025-01-10T01:11:45.096+0000] {dagbag.py:588} INFO - Filling up the DagBag from /home/airflow/.local/lib/python3.12/site-packages/airflow/example_dags/example_latest_only_with_trigger.py
[2025-01-10T01:11:45.103+0000] {processor.py:925} INFO - DAG(s) 'latest_only_with_trigger' retrieved from /home/airflow/.local/lib/python3.12/site-packages/airflow/example_dags/example_latest_only_with_trigger.py
[2025-01-10T01:11:45.122+0000] {logging_mixin.py:190} INFO - [2025-01-10T01:11:45.122+0000] {dag.py:3239} INFO - Sync 1 DAGs
[2025-01-10T01:11:45.146+0000] {logging_mixin.py:190} INFO - [2025-01-10T01:11:45.146+0000] {dag.py:4180} INFO - Setting next_dagrun for latest_only_with_trigger to 2025-01-09 20:00:00+00:00, run_after=2025-01-10 00:00:00+00:00
[2025-01-10T01:11:45.170+0000] {processor.py:208} INFO - Processing /home/airflow/.local/lib/python3.12/site-packages/airflow/example_dags/example_latest_only_with_trigger.py took 0.083 seconds
[2025-01-10T01:12:16.097+0000] {processor.py:186} INFO - Started process (PID=1356) to work on /home/airflow/.local/lib/python3.12/site-packages/airflow/example_dags/example_latest_only_with_trigger.py
[2025-01-10T01:12:16.098+0000] {processor.py:914} INFO - Processing file /home/airflow/.local/lib/python3.12/site-packages/airflow/example_dags/example_latest_only_with_trigger.py for tasks to queue
[2025-01-10T01:12:16.102+0000] {logging_mixin.py:190} INFO - [2025-01-10T01:12:16.101+0000] {dagbag.py:588} INFO - Filling up the DagBag from /home/airflow/.local/lib/python3.12/site-packages/airflow/example_dags/example_latest_only_with_trigger.py
[2025-01-10T01:12:16.112+0000] {processor.py:925} INFO - DAG(s) 'latest_only_with_trigger' retrieved from /home/airflow/.local/lib/python3.12/site-packages/airflow/example_dags/example_latest_only_with_trigger.py
[2025-01-10T01:12:16.138+0000] {logging_mixin.py:190} INFO - [2025-01-10T01:12:16.138+0000] {dag.py:3239} INFO - Sync 1 DAGs
[2025-01-10T01:12:16.175+0000] {logging_mixin.py:190} INFO - [2025-01-10T01:12:16.175+0000] {dag.py:4180} INFO - Setting next_dagrun for latest_only_with_trigger to 2025-01-09 20:00:00+00:00, run_after=2025-01-10 00:00:00+00:00
[2025-01-10T01:12:16.205+0000] {processor.py:208} INFO - Processing /home/airflow/.local/lib/python3.12/site-packages/airflow/example_dags/example_latest_only_with_trigger.py took 0.115 seconds
[2025-01-10T01:12:46.714+0000] {processor.py:186} INFO - Started process (PID=1419) to work on /home/airflow/.local/lib/python3.12/site-packages/airflow/example_dags/example_latest_only_with_trigger.py
[2025-01-10T01:12:46.715+0000] {processor.py:914} INFO - Processing file /home/airflow/.local/lib/python3.12/site-packages/airflow/example_dags/example_latest_only_with_trigger.py for tasks to queue
[2025-01-10T01:12:46.717+0000] {logging_mixin.py:190} INFO - [2025-01-10T01:12:46.717+0000] {dagbag.py:588} INFO - Filling up the DagBag from /home/airflow/.local/lib/python3.12/site-packages/airflow/example_dags/example_latest_only_with_trigger.py
[2025-01-10T01:12:46.724+0000] {processor.py:925} INFO - DAG(s) 'latest_only_with_trigger' retrieved from /home/airflow/.local/lib/python3.12/site-packages/airflow/example_dags/example_latest_only_with_trigger.py
[2025-01-10T01:12:46.747+0000] {logging_mixin.py:190} INFO - [2025-01-10T01:12:46.747+0000] {dag.py:3239} INFO - Sync 1 DAGs
[2025-01-10T01:12:46.776+0000] {logging_mixin.py:190} INFO - [2025-01-10T01:12:46.776+0000] {dag.py:4180} INFO - Setting next_dagrun for latest_only_with_trigger to 2025-01-09 20:00:00+00:00, run_after=2025-01-10 00:00:00+00:00
[2025-01-10T01:12:46.797+0000] {processor.py:208} INFO - Processing /home/airflow/.local/lib/python3.12/site-packages/airflow/example_dags/example_latest_only_with_trigger.py took 0.089 seconds
[2025-01-10T01:13:17.568+0000] {processor.py:186} INFO - Started process (PID=1482) to work on /home/airflow/.local/lib/python3.12/site-packages/airflow/example_dags/example_latest_only_with_trigger.py
[2025-01-10T01:13:17.570+0000] {processor.py:914} INFO - Processing file /home/airflow/.local/lib/python3.12/site-packages/airflow/example_dags/example_latest_only_with_trigger.py for tasks to queue
[2025-01-10T01:13:17.573+0000] {logging_mixin.py:190} INFO - [2025-01-10T01:13:17.573+0000] {dagbag.py:588} INFO - Filling up the DagBag from /home/airflow/.local/lib/python3.12/site-packages/airflow/example_dags/example_latest_only_with_trigger.py
[2025-01-10T01:13:17.582+0000] {processor.py:925} INFO - DAG(s) 'latest_only_with_trigger' retrieved from /home/airflow/.local/lib/python3.12/site-packages/airflow/example_dags/example_latest_only_with_trigger.py
[2025-01-10T01:13:17.605+0000] {logging_mixin.py:190} INFO - [2025-01-10T01:13:17.604+0000] {dag.py:3239} INFO - Sync 1 DAGs
[2025-01-10T01:13:17.634+0000] {logging_mixin.py:190} INFO - [2025-01-10T01:13:17.633+0000] {dag.py:4180} INFO - Setting next_dagrun for latest_only_with_trigger to 2025-01-09 20:00:00+00:00, run_after=2025-01-10 00:00:00+00:00
[2025-01-10T01:13:17.656+0000] {processor.py:208} INFO - Processing /home/airflow/.local/lib/python3.12/site-packages/airflow/example_dags/example_latest_only_with_trigger.py took 0.095 seconds
[2025-01-10T01:13:47.756+0000] {processor.py:186} INFO - Started process (PID=1545) to work on /home/airflow/.local/lib/python3.12/site-packages/airflow/example_dags/example_latest_only_with_trigger.py
[2025-01-10T01:13:47.757+0000] {processor.py:914} INFO - Processing file /home/airflow/.local/lib/python3.12/site-packages/airflow/example_dags/example_latest_only_with_trigger.py for tasks to queue
[2025-01-10T01:13:47.760+0000] {logging_mixin.py:190} INFO - [2025-01-10T01:13:47.759+0000] {dagbag.py:588} INFO - Filling up the DagBag from /home/airflow/.local/lib/python3.12/site-packages/airflow/example_dags/example_latest_only_with_trigger.py
[2025-01-10T01:13:47.767+0000] {processor.py:925} INFO - DAG(s) 'latest_only_with_trigger' retrieved from /home/airflow/.local/lib/python3.12/site-packages/airflow/example_dags/example_latest_only_with_trigger.py
[2025-01-10T01:13:47.786+0000] {logging_mixin.py:190} INFO - [2025-01-10T01:13:47.786+0000] {dag.py:3239} INFO - Sync 1 DAGs
[2025-01-10T01:13:47.807+0000] {logging_mixin.py:190} INFO - [2025-01-10T01:13:47.807+0000] {dag.py:4180} INFO - Setting next_dagrun for latest_only_with_trigger to 2025-01-09 20:00:00+00:00, run_after=2025-01-10 00:00:00+00:00
[2025-01-10T01:13:47.828+0000] {processor.py:208} INFO - Processing /home/airflow/.local/lib/python3.12/site-packages/airflow/example_dags/example_latest_only_with_trigger.py took 0.077 seconds
[2025-01-10T01:14:17.989+0000] {processor.py:186} INFO - Started process (PID=1608) to work on /home/airflow/.local/lib/python3.12/site-packages/airflow/example_dags/example_latest_only_with_trigger.py
[2025-01-10T01:14:17.990+0000] {processor.py:914} INFO - Processing file /home/airflow/.local/lib/python3.12/site-packages/airflow/example_dags/example_latest_only_with_trigger.py for tasks to queue
[2025-01-10T01:14:17.992+0000] {logging_mixin.py:190} INFO - [2025-01-10T01:14:17.992+0000] {dagbag.py:588} INFO - Filling up the DagBag from /home/airflow/.local/lib/python3.12/site-packages/airflow/example_dags/example_latest_only_with_trigger.py
[2025-01-10T01:14:18.000+0000] {processor.py:925} INFO - DAG(s) 'latest_only_with_trigger' retrieved from /home/airflow/.local/lib/python3.12/site-packages/airflow/example_dags/example_latest_only_with_trigger.py
[2025-01-10T01:14:18.020+0000] {logging_mixin.py:190} INFO - [2025-01-10T01:14:18.020+0000] {dag.py:3239} INFO - Sync 1 DAGs
[2025-01-10T01:14:18.047+0000] {logging_mixin.py:190} INFO - [2025-01-10T01:14:18.047+0000] {dag.py:4180} INFO - Setting next_dagrun for latest_only_with_trigger to 2025-01-09 20:00:00+00:00, run_after=2025-01-10 00:00:00+00:00
[2025-01-10T01:14:18.073+0000] {processor.py:208} INFO - Processing /home/airflow/.local/lib/python3.12/site-packages/airflow/example_dags/example_latest_only_with_trigger.py took 0.090 seconds
[2025-01-10T01:14:48.638+0000] {processor.py:186} INFO - Started process (PID=1671) to work on /home/airflow/.local/lib/python3.12/site-packages/airflow/example_dags/example_latest_only_with_trigger.py
[2025-01-10T01:14:48.638+0000] {processor.py:914} INFO - Processing file /home/airflow/.local/lib/python3.12/site-packages/airflow/example_dags/example_latest_only_with_trigger.py for tasks to queue
[2025-01-10T01:14:48.642+0000] {logging_mixin.py:190} INFO - [2025-01-10T01:14:48.642+0000] {dagbag.py:588} INFO - Filling up the DagBag from /home/airflow/.local/lib/python3.12/site-packages/airflow/example_dags/example_latest_only_with_trigger.py
[2025-01-10T01:14:48.652+0000] {processor.py:925} INFO - DAG(s) 'latest_only_with_trigger' retrieved from /home/airflow/.local/lib/python3.12/site-packages/airflow/example_dags/example_latest_only_with_trigger.py
[2025-01-10T01:14:48.678+0000] {logging_mixin.py:190} INFO - [2025-01-10T01:14:48.677+0000] {dag.py:3239} INFO - Sync 1 DAGs
[2025-01-10T01:14:48.710+0000] {logging_mixin.py:190} INFO - [2025-01-10T01:14:48.710+0000] {dag.py:4180} INFO - Setting next_dagrun for latest_only_with_trigger to 2025-01-09 20:00:00+00:00, run_after=2025-01-10 00:00:00+00:00
[2025-01-10T01:14:48.787+0000] {processor.py:208} INFO - Processing /home/airflow/.local/lib/python3.12/site-packages/airflow/example_dags/example_latest_only_with_trigger.py took 0.156 seconds
