[2025-01-10T00:43:46.131+0000] {processor.py:186} INFO - Started process (PID=76) to work on /home/airflow/.local/lib/python3.12/site-packages/airflow/example_dags/example_complex.py
[2025-01-10T00:43:46.132+0000] {processor.py:914} INFO - Processing file /home/airflow/.local/lib/python3.12/site-packages/airflow/example_dags/example_complex.py for tasks to queue
[2025-01-10T00:43:46.135+0000] {logging_mixin.py:190} INFO - [2025-01-10T00:43:46.135+0000] {dagbag.py:588} INFO - Filling up the DagBag from /home/airflow/.local/lib/python3.12/site-packages/airflow/example_dags/example_complex.py
[2025-01-10T00:43:46.150+0000] {processor.py:925} INFO - DAG(s) 'example_complex' retrieved from /home/airflow/.local/lib/python3.12/site-packages/airflow/example_dags/example_complex.py
[2025-01-10T00:43:46.318+0000] {logging_mixin.py:190} INFO - [2025-01-10T00:43:46.317+0000] {override.py:1911} INFO - Created Permission View: can delete on DAG:example_complex
[2025-01-10T00:43:46.335+0000] {logging_mixin.py:190} INFO - [2025-01-10T00:43:46.334+0000] {override.py:1911} INFO - Created Permission View: can read on DAG:example_complex
[2025-01-10T00:43:46.349+0000] {logging_mixin.py:190} INFO - [2025-01-10T00:43:46.349+0000] {override.py:1911} INFO - Created Permission View: can edit on DAG:example_complex
[2025-01-10T00:43:46.365+0000] {logging_mixin.py:190} INFO - [2025-01-10T00:43:46.364+0000] {override.py:1911} INFO - Created Permission View: can delete on DAG Run:example_complex
[2025-01-10T00:43:46.377+0000] {logging_mixin.py:190} INFO - [2025-01-10T00:43:46.377+0000] {override.py:1911} INFO - Created Permission View: can read on DAG Run:example_complex
[2025-01-10T00:43:46.390+0000] {logging_mixin.py:190} INFO - [2025-01-10T00:43:46.390+0000] {override.py:1911} INFO - Created Permission View: can create on DAG Run:example_complex
[2025-01-10T00:43:46.402+0000] {logging_mixin.py:190} INFO - [2025-01-10T00:43:46.402+0000] {override.py:1911} INFO - Created Permission View: menu access on DAG Run:example_complex
[2025-01-10T00:43:46.403+0000] {logging_mixin.py:190} INFO - [2025-01-10T00:43:46.403+0000] {dag.py:3239} INFO - Sync 1 DAGs
[2025-01-10T00:43:46.421+0000] {logging_mixin.py:190} INFO - [2025-01-10T00:43:46.421+0000] {dag.py:3262} INFO - Creating ORM DAG for example_complex
[2025-01-10T00:43:46.423+0000] {logging_mixin.py:190} INFO - [2025-01-10T00:43:46.422+0000] {dag.py:4180} INFO - Setting next_dagrun for example_complex to None, run_after=None
[2025-01-10T00:43:46.447+0000] {processor.py:208} INFO - Processing /home/airflow/.local/lib/python3.12/site-packages/airflow/example_dags/example_complex.py took 0.322 seconds
[2025-01-10T00:44:16.817+0000] {processor.py:186} INFO - Started process (PID=139) to work on /home/airflow/.local/lib/python3.12/site-packages/airflow/example_dags/example_complex.py
[2025-01-10T00:44:16.819+0000] {processor.py:914} INFO - Processing file /home/airflow/.local/lib/python3.12/site-packages/airflow/example_dags/example_complex.py for tasks to queue
[2025-01-10T00:44:16.823+0000] {logging_mixin.py:190} INFO - [2025-01-10T00:44:16.823+0000] {dagbag.py:588} INFO - Filling up the DagBag from /home/airflow/.local/lib/python3.12/site-packages/airflow/example_dags/example_complex.py
[2025-01-10T00:44:16.837+0000] {processor.py:925} INFO - DAG(s) 'example_complex' retrieved from /home/airflow/.local/lib/python3.12/site-packages/airflow/example_dags/example_complex.py
[2025-01-10T00:44:16.878+0000] {logging_mixin.py:190} INFO - [2025-01-10T00:44:16.878+0000] {dag.py:3239} INFO - Sync 1 DAGs
[2025-01-10T00:44:16.895+0000] {logging_mixin.py:190} INFO - [2025-01-10T00:44:16.895+0000] {dag.py:4180} INFO - Setting next_dagrun for example_complex to None, run_after=None
[2025-01-10T00:44:16.918+0000] {processor.py:208} INFO - Processing /home/airflow/.local/lib/python3.12/site-packages/airflow/example_dags/example_complex.py took 0.108 seconds
[2025-01-10T00:44:47.282+0000] {processor.py:186} INFO - Started process (PID=201) to work on /home/airflow/.local/lib/python3.12/site-packages/airflow/example_dags/example_complex.py
[2025-01-10T00:44:47.283+0000] {processor.py:914} INFO - Processing file /home/airflow/.local/lib/python3.12/site-packages/airflow/example_dags/example_complex.py for tasks to queue
[2025-01-10T00:44:47.286+0000] {logging_mixin.py:190} INFO - [2025-01-10T00:44:47.286+0000] {dagbag.py:588} INFO - Filling up the DagBag from /home/airflow/.local/lib/python3.12/site-packages/airflow/example_dags/example_complex.py
[2025-01-10T00:44:47.304+0000] {processor.py:925} INFO - DAG(s) 'example_complex' retrieved from /home/airflow/.local/lib/python3.12/site-packages/airflow/example_dags/example_complex.py
[2025-01-10T00:44:47.343+0000] {logging_mixin.py:190} INFO - [2025-01-10T00:44:47.342+0000] {dag.py:3239} INFO - Sync 1 DAGs
[2025-01-10T00:44:47.361+0000] {logging_mixin.py:190} INFO - [2025-01-10T00:44:47.361+0000] {dag.py:4180} INFO - Setting next_dagrun for example_complex to None, run_after=None
[2025-01-10T00:44:47.387+0000] {processor.py:208} INFO - Processing /home/airflow/.local/lib/python3.12/site-packages/airflow/example_dags/example_complex.py took 0.112 seconds
[2025-01-10T00:45:17.448+0000] {processor.py:186} INFO - Started process (PID=263) to work on /home/airflow/.local/lib/python3.12/site-packages/airflow/example_dags/example_complex.py
[2025-01-10T00:45:17.449+0000] {processor.py:914} INFO - Processing file /home/airflow/.local/lib/python3.12/site-packages/airflow/example_dags/example_complex.py for tasks to queue
[2025-01-10T00:45:17.452+0000] {logging_mixin.py:190} INFO - [2025-01-10T00:45:17.452+0000] {dagbag.py:588} INFO - Filling up the DagBag from /home/airflow/.local/lib/python3.12/site-packages/airflow/example_dags/example_complex.py
[2025-01-10T00:45:17.466+0000] {processor.py:925} INFO - DAG(s) 'example_complex' retrieved from /home/airflow/.local/lib/python3.12/site-packages/airflow/example_dags/example_complex.py
[2025-01-10T00:45:17.504+0000] {logging_mixin.py:190} INFO - [2025-01-10T00:45:17.504+0000] {dag.py:3239} INFO - Sync 1 DAGs
[2025-01-10T00:45:17.522+0000] {logging_mixin.py:190} INFO - [2025-01-10T00:45:17.522+0000] {dag.py:4180} INFO - Setting next_dagrun for example_complex to None, run_after=None
[2025-01-10T00:45:17.548+0000] {processor.py:208} INFO - Processing /home/airflow/.local/lib/python3.12/site-packages/airflow/example_dags/example_complex.py took 0.108 seconds
[2025-01-10T00:45:48.188+0000] {processor.py:186} INFO - Started process (PID=326) to work on /home/airflow/.local/lib/python3.12/site-packages/airflow/example_dags/example_complex.py
[2025-01-10T00:45:48.193+0000] {processor.py:914} INFO - Processing file /home/airflow/.local/lib/python3.12/site-packages/airflow/example_dags/example_complex.py for tasks to queue
[2025-01-10T00:45:48.204+0000] {logging_mixin.py:190} INFO - [2025-01-10T00:45:48.203+0000] {dagbag.py:588} INFO - Filling up the DagBag from /home/airflow/.local/lib/python3.12/site-packages/airflow/example_dags/example_complex.py
[2025-01-10T00:45:48.232+0000] {processor.py:925} INFO - DAG(s) 'example_complex' retrieved from /home/airflow/.local/lib/python3.12/site-packages/airflow/example_dags/example_complex.py
[2025-01-10T00:45:48.297+0000] {logging_mixin.py:190} INFO - [2025-01-10T00:45:48.296+0000] {dag.py:3239} INFO - Sync 1 DAGs
[2025-01-10T00:45:48.334+0000] {logging_mixin.py:190} INFO - [2025-01-10T00:45:48.334+0000] {dag.py:4180} INFO - Setting next_dagrun for example_complex to None, run_after=None
[2025-01-10T00:45:48.375+0000] {processor.py:208} INFO - Processing /home/airflow/.local/lib/python3.12/site-packages/airflow/example_dags/example_complex.py took 0.210 seconds
[2025-01-10T00:46:19.249+0000] {processor.py:186} INFO - Started process (PID=389) to work on /home/airflow/.local/lib/python3.12/site-packages/airflow/example_dags/example_complex.py
[2025-01-10T00:46:19.251+0000] {processor.py:914} INFO - Processing file /home/airflow/.local/lib/python3.12/site-packages/airflow/example_dags/example_complex.py for tasks to queue
[2025-01-10T00:46:19.254+0000] {logging_mixin.py:190} INFO - [2025-01-10T00:46:19.254+0000] {dagbag.py:588} INFO - Filling up the DagBag from /home/airflow/.local/lib/python3.12/site-packages/airflow/example_dags/example_complex.py
[2025-01-10T00:46:19.277+0000] {processor.py:925} INFO - DAG(s) 'example_complex' retrieved from /home/airflow/.local/lib/python3.12/site-packages/airflow/example_dags/example_complex.py
[2025-01-10T00:46:19.316+0000] {logging_mixin.py:190} INFO - [2025-01-10T00:46:19.316+0000] {dag.py:3239} INFO - Sync 1 DAGs
[2025-01-10T00:46:19.332+0000] {logging_mixin.py:190} INFO - [2025-01-10T00:46:19.332+0000] {dag.py:4180} INFO - Setting next_dagrun for example_complex to None, run_after=None
[2025-01-10T00:46:19.373+0000] {processor.py:208} INFO - Processing /home/airflow/.local/lib/python3.12/site-packages/airflow/example_dags/example_complex.py took 0.140 seconds
[2025-01-10T00:46:50.044+0000] {processor.py:186} INFO - Started process (PID=452) to work on /home/airflow/.local/lib/python3.12/site-packages/airflow/example_dags/example_complex.py
[2025-01-10T00:46:50.045+0000] {processor.py:914} INFO - Processing file /home/airflow/.local/lib/python3.12/site-packages/airflow/example_dags/example_complex.py for tasks to queue
[2025-01-10T00:46:50.047+0000] {logging_mixin.py:190} INFO - [2025-01-10T00:46:50.047+0000] {dagbag.py:588} INFO - Filling up the DagBag from /home/airflow/.local/lib/python3.12/site-packages/airflow/example_dags/example_complex.py
[2025-01-10T00:46:50.059+0000] {processor.py:925} INFO - DAG(s) 'example_complex' retrieved from /home/airflow/.local/lib/python3.12/site-packages/airflow/example_dags/example_complex.py
[2025-01-10T00:46:50.089+0000] {logging_mixin.py:190} INFO - [2025-01-10T00:46:50.088+0000] {dag.py:3239} INFO - Sync 1 DAGs
[2025-01-10T00:46:50.103+0000] {logging_mixin.py:190} INFO - [2025-01-10T00:46:50.102+0000] {dag.py:4180} INFO - Setting next_dagrun for example_complex to None, run_after=None
[2025-01-10T00:46:50.126+0000] {processor.py:208} INFO - Processing /home/airflow/.local/lib/python3.12/site-packages/airflow/example_dags/example_complex.py took 0.088 seconds
[2025-01-10T00:47:20.469+0000] {processor.py:186} INFO - Started process (PID=515) to work on /home/airflow/.local/lib/python3.12/site-packages/airflow/example_dags/example_complex.py
[2025-01-10T00:47:20.470+0000] {processor.py:914} INFO - Processing file /home/airflow/.local/lib/python3.12/site-packages/airflow/example_dags/example_complex.py for tasks to queue
[2025-01-10T00:47:20.472+0000] {logging_mixin.py:190} INFO - [2025-01-10T00:47:20.472+0000] {dagbag.py:588} INFO - Filling up the DagBag from /home/airflow/.local/lib/python3.12/site-packages/airflow/example_dags/example_complex.py
[2025-01-10T00:47:20.483+0000] {processor.py:925} INFO - DAG(s) 'example_complex' retrieved from /home/airflow/.local/lib/python3.12/site-packages/airflow/example_dags/example_complex.py
[2025-01-10T00:47:20.513+0000] {logging_mixin.py:190} INFO - [2025-01-10T00:47:20.513+0000] {dag.py:3239} INFO - Sync 1 DAGs
[2025-01-10T00:47:20.527+0000] {logging_mixin.py:190} INFO - [2025-01-10T00:47:20.527+0000] {dag.py:4180} INFO - Setting next_dagrun for example_complex to None, run_after=None
[2025-01-10T00:47:20.548+0000] {processor.py:208} INFO - Processing /home/airflow/.local/lib/python3.12/site-packages/airflow/example_dags/example_complex.py took 0.087 seconds
[2025-01-10T00:47:50.678+0000] {processor.py:186} INFO - Started process (PID=578) to work on /home/airflow/.local/lib/python3.12/site-packages/airflow/example_dags/example_complex.py
[2025-01-10T00:47:50.679+0000] {processor.py:914} INFO - Processing file /home/airflow/.local/lib/python3.12/site-packages/airflow/example_dags/example_complex.py for tasks to queue
[2025-01-10T00:47:50.681+0000] {logging_mixin.py:190} INFO - [2025-01-10T00:47:50.681+0000] {dagbag.py:588} INFO - Filling up the DagBag from /home/airflow/.local/lib/python3.12/site-packages/airflow/example_dags/example_complex.py
[2025-01-10T00:47:50.692+0000] {processor.py:925} INFO - DAG(s) 'example_complex' retrieved from /home/airflow/.local/lib/python3.12/site-packages/airflow/example_dags/example_complex.py
[2025-01-10T00:47:50.723+0000] {logging_mixin.py:190} INFO - [2025-01-10T00:47:50.723+0000] {dag.py:3239} INFO - Sync 1 DAGs
[2025-01-10T00:47:50.737+0000] {logging_mixin.py:190} INFO - [2025-01-10T00:47:50.737+0000] {dag.py:4180} INFO - Setting next_dagrun for example_complex to None, run_after=None
[2025-01-10T00:47:50.765+0000] {processor.py:208} INFO - Processing /home/airflow/.local/lib/python3.12/site-packages/airflow/example_dags/example_complex.py took 0.092 seconds
[2025-01-10T00:48:21.409+0000] {processor.py:186} INFO - Started process (PID=641) to work on /home/airflow/.local/lib/python3.12/site-packages/airflow/example_dags/example_complex.py
[2025-01-10T00:48:21.410+0000] {processor.py:914} INFO - Processing file /home/airflow/.local/lib/python3.12/site-packages/airflow/example_dags/example_complex.py for tasks to queue
[2025-01-10T00:48:21.413+0000] {logging_mixin.py:190} INFO - [2025-01-10T00:48:21.412+0000] {dagbag.py:588} INFO - Filling up the DagBag from /home/airflow/.local/lib/python3.12/site-packages/airflow/example_dags/example_complex.py
[2025-01-10T00:48:21.423+0000] {processor.py:925} INFO - DAG(s) 'example_complex' retrieved from /home/airflow/.local/lib/python3.12/site-packages/airflow/example_dags/example_complex.py
[2025-01-10T00:48:21.450+0000] {logging_mixin.py:190} INFO - [2025-01-10T00:48:21.450+0000] {dag.py:3239} INFO - Sync 1 DAGs
[2025-01-10T00:48:21.468+0000] {logging_mixin.py:190} INFO - [2025-01-10T00:48:21.467+0000] {dag.py:4180} INFO - Setting next_dagrun for example_complex to None, run_after=None
[2025-01-10T00:48:21.518+0000] {processor.py:208} INFO - Processing /home/airflow/.local/lib/python3.12/site-packages/airflow/example_dags/example_complex.py took 0.114 seconds
[2025-01-10T00:48:51.653+0000] {processor.py:186} INFO - Started process (PID=704) to work on /home/airflow/.local/lib/python3.12/site-packages/airflow/example_dags/example_complex.py
[2025-01-10T00:48:51.654+0000] {processor.py:914} INFO - Processing file /home/airflow/.local/lib/python3.12/site-packages/airflow/example_dags/example_complex.py for tasks to queue
[2025-01-10T00:48:51.657+0000] {logging_mixin.py:190} INFO - [2025-01-10T00:48:51.656+0000] {dagbag.py:588} INFO - Filling up the DagBag from /home/airflow/.local/lib/python3.12/site-packages/airflow/example_dags/example_complex.py
[2025-01-10T00:48:51.671+0000] {processor.py:925} INFO - DAG(s) 'example_complex' retrieved from /home/airflow/.local/lib/python3.12/site-packages/airflow/example_dags/example_complex.py
[2025-01-10T00:48:51.704+0000] {logging_mixin.py:190} INFO - [2025-01-10T00:48:51.704+0000] {dag.py:3239} INFO - Sync 1 DAGs
[2025-01-10T00:48:51.718+0000] {logging_mixin.py:190} INFO - [2025-01-10T00:48:51.718+0000] {dag.py:4180} INFO - Setting next_dagrun for example_complex to None, run_after=None
[2025-01-10T00:48:51.738+0000] {processor.py:208} INFO - Processing /home/airflow/.local/lib/python3.12/site-packages/airflow/example_dags/example_complex.py took 0.093 seconds
[2025-01-10T00:49:21.801+0000] {processor.py:186} INFO - Started process (PID=767) to work on /home/airflow/.local/lib/python3.12/site-packages/airflow/example_dags/example_complex.py
[2025-01-10T00:49:21.802+0000] {processor.py:914} INFO - Processing file /home/airflow/.local/lib/python3.12/site-packages/airflow/example_dags/example_complex.py for tasks to queue
[2025-01-10T00:49:21.804+0000] {logging_mixin.py:190} INFO - [2025-01-10T00:49:21.804+0000] {dagbag.py:588} INFO - Filling up the DagBag from /home/airflow/.local/lib/python3.12/site-packages/airflow/example_dags/example_complex.py
[2025-01-10T00:49:21.816+0000] {processor.py:925} INFO - DAG(s) 'example_complex' retrieved from /home/airflow/.local/lib/python3.12/site-packages/airflow/example_dags/example_complex.py
[2025-01-10T00:49:21.845+0000] {logging_mixin.py:190} INFO - [2025-01-10T00:49:21.845+0000] {dag.py:3239} INFO - Sync 1 DAGs
[2025-01-10T00:49:21.858+0000] {logging_mixin.py:190} INFO - [2025-01-10T00:49:21.858+0000] {dag.py:4180} INFO - Setting next_dagrun for example_complex to None, run_after=None
[2025-01-10T00:49:21.891+0000] {processor.py:208} INFO - Processing /home/airflow/.local/lib/python3.12/site-packages/airflow/example_dags/example_complex.py took 0.096 seconds
[2025-01-10T00:49:52.240+0000] {processor.py:186} INFO - Started process (PID=830) to work on /home/airflow/.local/lib/python3.12/site-packages/airflow/example_dags/example_complex.py
[2025-01-10T00:49:52.241+0000] {processor.py:914} INFO - Processing file /home/airflow/.local/lib/python3.12/site-packages/airflow/example_dags/example_complex.py for tasks to queue
[2025-01-10T00:49:52.243+0000] {logging_mixin.py:190} INFO - [2025-01-10T00:49:52.243+0000] {dagbag.py:588} INFO - Filling up the DagBag from /home/airflow/.local/lib/python3.12/site-packages/airflow/example_dags/example_complex.py
[2025-01-10T00:49:52.256+0000] {processor.py:925} INFO - DAG(s) 'example_complex' retrieved from /home/airflow/.local/lib/python3.12/site-packages/airflow/example_dags/example_complex.py
[2025-01-10T00:49:52.284+0000] {logging_mixin.py:190} INFO - [2025-01-10T00:49:52.284+0000] {dag.py:3239} INFO - Sync 1 DAGs
[2025-01-10T00:49:52.298+0000] {logging_mixin.py:190} INFO - [2025-01-10T00:49:52.298+0000] {dag.py:4180} INFO - Setting next_dagrun for example_complex to None, run_after=None
[2025-01-10T00:49:52.357+0000] {processor.py:208} INFO - Processing /home/airflow/.local/lib/python3.12/site-packages/airflow/example_dags/example_complex.py took 0.123 seconds
[2025-01-10T00:50:22.507+0000] {processor.py:186} INFO - Started process (PID=893) to work on /home/airflow/.local/lib/python3.12/site-packages/airflow/example_dags/example_complex.py
[2025-01-10T00:50:22.508+0000] {processor.py:914} INFO - Processing file /home/airflow/.local/lib/python3.12/site-packages/airflow/example_dags/example_complex.py for tasks to queue
[2025-01-10T00:50:22.510+0000] {logging_mixin.py:190} INFO - [2025-01-10T00:50:22.510+0000] {dagbag.py:588} INFO - Filling up the DagBag from /home/airflow/.local/lib/python3.12/site-packages/airflow/example_dags/example_complex.py
[2025-01-10T00:50:22.522+0000] {processor.py:925} INFO - DAG(s) 'example_complex' retrieved from /home/airflow/.local/lib/python3.12/site-packages/airflow/example_dags/example_complex.py
[2025-01-10T00:50:22.552+0000] {logging_mixin.py:190} INFO - [2025-01-10T00:50:22.551+0000] {dag.py:3239} INFO - Sync 1 DAGs
[2025-01-10T00:50:22.565+0000] {logging_mixin.py:190} INFO - [2025-01-10T00:50:22.564+0000] {dag.py:4180} INFO - Setting next_dagrun for example_complex to None, run_after=None
[2025-01-10T00:50:22.636+0000] {processor.py:208} INFO - Processing /home/airflow/.local/lib/python3.12/site-packages/airflow/example_dags/example_complex.py took 0.134 seconds
[2025-01-10T00:50:52.821+0000] {processor.py:186} INFO - Started process (PID=956) to work on /home/airflow/.local/lib/python3.12/site-packages/airflow/example_dags/example_complex.py
[2025-01-10T00:50:52.822+0000] {processor.py:914} INFO - Processing file /home/airflow/.local/lib/python3.12/site-packages/airflow/example_dags/example_complex.py for tasks to queue
[2025-01-10T00:50:52.824+0000] {logging_mixin.py:190} INFO - [2025-01-10T00:50:52.823+0000] {dagbag.py:588} INFO - Filling up the DagBag from /home/airflow/.local/lib/python3.12/site-packages/airflow/example_dags/example_complex.py
[2025-01-10T00:50:52.834+0000] {processor.py:925} INFO - DAG(s) 'example_complex' retrieved from /home/airflow/.local/lib/python3.12/site-packages/airflow/example_dags/example_complex.py
[2025-01-10T00:50:52.864+0000] {logging_mixin.py:190} INFO - [2025-01-10T00:50:52.864+0000] {dag.py:3239} INFO - Sync 1 DAGs
[2025-01-10T00:50:52.878+0000] {logging_mixin.py:190} INFO - [2025-01-10T00:50:52.877+0000] {dag.py:4180} INFO - Setting next_dagrun for example_complex to None, run_after=None
[2025-01-10T00:50:52.899+0000] {processor.py:208} INFO - Processing /home/airflow/.local/lib/python3.12/site-packages/airflow/example_dags/example_complex.py took 0.084 seconds
[2025-01-10T00:51:23.024+0000] {processor.py:186} INFO - Started process (PID=1020) to work on /home/airflow/.local/lib/python3.12/site-packages/airflow/example_dags/example_complex.py
[2025-01-10T00:51:23.025+0000] {processor.py:914} INFO - Processing file /home/airflow/.local/lib/python3.12/site-packages/airflow/example_dags/example_complex.py for tasks to queue
[2025-01-10T00:51:23.027+0000] {logging_mixin.py:190} INFO - [2025-01-10T00:51:23.027+0000] {dagbag.py:588} INFO - Filling up the DagBag from /home/airflow/.local/lib/python3.12/site-packages/airflow/example_dags/example_complex.py
[2025-01-10T00:51:23.039+0000] {processor.py:925} INFO - DAG(s) 'example_complex' retrieved from /home/airflow/.local/lib/python3.12/site-packages/airflow/example_dags/example_complex.py
[2025-01-10T00:51:23.071+0000] {logging_mixin.py:190} INFO - [2025-01-10T00:51:23.071+0000] {dag.py:3239} INFO - Sync 1 DAGs
[2025-01-10T00:51:23.085+0000] {logging_mixin.py:190} INFO - [2025-01-10T00:51:23.085+0000] {dag.py:4180} INFO - Setting next_dagrun for example_complex to None, run_after=None
[2025-01-10T00:51:23.106+0000] {processor.py:208} INFO - Processing /home/airflow/.local/lib/python3.12/site-packages/airflow/example_dags/example_complex.py took 0.087 seconds
[2025-01-10T00:51:53.320+0000] {processor.py:186} INFO - Started process (PID=1083) to work on /home/airflow/.local/lib/python3.12/site-packages/airflow/example_dags/example_complex.py
[2025-01-10T00:51:53.321+0000] {processor.py:914} INFO - Processing file /home/airflow/.local/lib/python3.12/site-packages/airflow/example_dags/example_complex.py for tasks to queue
[2025-01-10T00:51:53.323+0000] {logging_mixin.py:190} INFO - [2025-01-10T00:51:53.323+0000] {dagbag.py:588} INFO - Filling up the DagBag from /home/airflow/.local/lib/python3.12/site-packages/airflow/example_dags/example_complex.py
[2025-01-10T00:51:53.334+0000] {processor.py:925} INFO - DAG(s) 'example_complex' retrieved from /home/airflow/.local/lib/python3.12/site-packages/airflow/example_dags/example_complex.py
[2025-01-10T00:51:53.364+0000] {logging_mixin.py:190} INFO - [2025-01-10T00:51:53.363+0000] {dag.py:3239} INFO - Sync 1 DAGs
[2025-01-10T00:51:53.378+0000] {logging_mixin.py:190} INFO - [2025-01-10T00:51:53.378+0000] {dag.py:4180} INFO - Setting next_dagrun for example_complex to None, run_after=None
[2025-01-10T00:51:53.424+0000] {processor.py:208} INFO - Processing /home/airflow/.local/lib/python3.12/site-packages/airflow/example_dags/example_complex.py took 0.110 seconds
[2025-01-10T00:52:23.841+0000] {processor.py:186} INFO - Started process (PID=1146) to work on /home/airflow/.local/lib/python3.12/site-packages/airflow/example_dags/example_complex.py
[2025-01-10T00:52:23.842+0000] {processor.py:914} INFO - Processing file /home/airflow/.local/lib/python3.12/site-packages/airflow/example_dags/example_complex.py for tasks to queue
[2025-01-10T00:52:23.845+0000] {logging_mixin.py:190} INFO - [2025-01-10T00:52:23.844+0000] {dagbag.py:588} INFO - Filling up the DagBag from /home/airflow/.local/lib/python3.12/site-packages/airflow/example_dags/example_complex.py
[2025-01-10T00:52:23.857+0000] {processor.py:925} INFO - DAG(s) 'example_complex' retrieved from /home/airflow/.local/lib/python3.12/site-packages/airflow/example_dags/example_complex.py
[2025-01-10T00:52:23.885+0000] {logging_mixin.py:190} INFO - [2025-01-10T00:52:23.885+0000] {dag.py:3239} INFO - Sync 1 DAGs
[2025-01-10T00:52:23.899+0000] {logging_mixin.py:190} INFO - [2025-01-10T00:52:23.899+0000] {dag.py:4180} INFO - Setting next_dagrun for example_complex to None, run_after=None
[2025-01-10T00:52:23.920+0000] {processor.py:208} INFO - Processing /home/airflow/.local/lib/python3.12/site-packages/airflow/example_dags/example_complex.py took 0.086 seconds
[2025-01-10T00:52:54.176+0000] {processor.py:186} INFO - Started process (PID=1209) to work on /home/airflow/.local/lib/python3.12/site-packages/airflow/example_dags/example_complex.py
[2025-01-10T00:52:54.177+0000] {processor.py:914} INFO - Processing file /home/airflow/.local/lib/python3.12/site-packages/airflow/example_dags/example_complex.py for tasks to queue
[2025-01-10T00:52:54.179+0000] {logging_mixin.py:190} INFO - [2025-01-10T00:52:54.179+0000] {dagbag.py:588} INFO - Filling up the DagBag from /home/airflow/.local/lib/python3.12/site-packages/airflow/example_dags/example_complex.py
[2025-01-10T00:52:54.191+0000] {processor.py:925} INFO - DAG(s) 'example_complex' retrieved from /home/airflow/.local/lib/python3.12/site-packages/airflow/example_dags/example_complex.py
[2025-01-10T00:52:54.219+0000] {logging_mixin.py:190} INFO - [2025-01-10T00:52:54.219+0000] {dag.py:3239} INFO - Sync 1 DAGs
[2025-01-10T00:52:54.233+0000] {logging_mixin.py:190} INFO - [2025-01-10T00:52:54.233+0000] {dag.py:4180} INFO - Setting next_dagrun for example_complex to None, run_after=None
[2025-01-10T00:52:54.254+0000] {processor.py:208} INFO - Processing /home/airflow/.local/lib/python3.12/site-packages/airflow/example_dags/example_complex.py took 0.083 seconds
[2025-01-10T00:53:24.863+0000] {processor.py:186} INFO - Started process (PID=1272) to work on /home/airflow/.local/lib/python3.12/site-packages/airflow/example_dags/example_complex.py
[2025-01-10T00:53:24.864+0000] {processor.py:914} INFO - Processing file /home/airflow/.local/lib/python3.12/site-packages/airflow/example_dags/example_complex.py for tasks to queue
[2025-01-10T00:53:24.867+0000] {logging_mixin.py:190} INFO - [2025-01-10T00:53:24.866+0000] {dagbag.py:588} INFO - Filling up the DagBag from /home/airflow/.local/lib/python3.12/site-packages/airflow/example_dags/example_complex.py
[2025-01-10T00:53:24.880+0000] {processor.py:925} INFO - DAG(s) 'example_complex' retrieved from /home/airflow/.local/lib/python3.12/site-packages/airflow/example_dags/example_complex.py
[2025-01-10T00:53:24.918+0000] {logging_mixin.py:190} INFO - [2025-01-10T00:53:24.917+0000] {dag.py:3239} INFO - Sync 1 DAGs
[2025-01-10T00:53:24.936+0000] {logging_mixin.py:190} INFO - [2025-01-10T00:53:24.935+0000] {dag.py:4180} INFO - Setting next_dagrun for example_complex to None, run_after=None
[2025-01-10T00:53:24.962+0000] {processor.py:208} INFO - Processing /home/airflow/.local/lib/python3.12/site-packages/airflow/example_dags/example_complex.py took 0.106 seconds
[2025-01-10T00:53:55.135+0000] {processor.py:186} INFO - Started process (PID=1336) to work on /home/airflow/.local/lib/python3.12/site-packages/airflow/example_dags/example_complex.py
[2025-01-10T00:53:55.137+0000] {processor.py:914} INFO - Processing file /home/airflow/.local/lib/python3.12/site-packages/airflow/example_dags/example_complex.py for tasks to queue
[2025-01-10T00:53:55.140+0000] {logging_mixin.py:190} INFO - [2025-01-10T00:53:55.139+0000] {dagbag.py:588} INFO - Filling up the DagBag from /home/airflow/.local/lib/python3.12/site-packages/airflow/example_dags/example_complex.py
[2025-01-10T00:53:55.159+0000] {processor.py:925} INFO - DAG(s) 'example_complex' retrieved from /home/airflow/.local/lib/python3.12/site-packages/airflow/example_dags/example_complex.py
[2025-01-10T00:53:55.201+0000] {logging_mixin.py:190} INFO - [2025-01-10T00:53:55.201+0000] {dag.py:3239} INFO - Sync 1 DAGs
[2025-01-10T00:53:55.223+0000] {logging_mixin.py:190} INFO - [2025-01-10T00:53:55.223+0000] {dag.py:4180} INFO - Setting next_dagrun for example_complex to None, run_after=None
[2025-01-10T00:53:55.268+0000] {processor.py:208} INFO - Processing /home/airflow/.local/lib/python3.12/site-packages/airflow/example_dags/example_complex.py took 0.140 seconds
[2025-01-10T00:54:25.709+0000] {processor.py:186} INFO - Started process (PID=1399) to work on /home/airflow/.local/lib/python3.12/site-packages/airflow/example_dags/example_complex.py
[2025-01-10T00:54:25.710+0000] {processor.py:914} INFO - Processing file /home/airflow/.local/lib/python3.12/site-packages/airflow/example_dags/example_complex.py for tasks to queue
[2025-01-10T00:54:25.713+0000] {logging_mixin.py:190} INFO - [2025-01-10T00:54:25.713+0000] {dagbag.py:588} INFO - Filling up the DagBag from /home/airflow/.local/lib/python3.12/site-packages/airflow/example_dags/example_complex.py
[2025-01-10T00:54:25.725+0000] {processor.py:925} INFO - DAG(s) 'example_complex' retrieved from /home/airflow/.local/lib/python3.12/site-packages/airflow/example_dags/example_complex.py
[2025-01-10T00:54:25.756+0000] {logging_mixin.py:190} INFO - [2025-01-10T00:54:25.756+0000] {dag.py:3239} INFO - Sync 1 DAGs
[2025-01-10T00:54:25.770+0000] {logging_mixin.py:190} INFO - [2025-01-10T00:54:25.770+0000] {dag.py:4180} INFO - Setting next_dagrun for example_complex to None, run_after=None
[2025-01-10T00:54:25.792+0000] {processor.py:208} INFO - Processing /home/airflow/.local/lib/python3.12/site-packages/airflow/example_dags/example_complex.py took 0.089 seconds
[2025-01-10T00:54:55.931+0000] {processor.py:186} INFO - Started process (PID=1462) to work on /home/airflow/.local/lib/python3.12/site-packages/airflow/example_dags/example_complex.py
[2025-01-10T00:54:55.932+0000] {processor.py:914} INFO - Processing file /home/airflow/.local/lib/python3.12/site-packages/airflow/example_dags/example_complex.py for tasks to queue
[2025-01-10T00:54:55.934+0000] {logging_mixin.py:190} INFO - [2025-01-10T00:54:55.934+0000] {dagbag.py:588} INFO - Filling up the DagBag from /home/airflow/.local/lib/python3.12/site-packages/airflow/example_dags/example_complex.py
[2025-01-10T00:54:55.947+0000] {processor.py:925} INFO - DAG(s) 'example_complex' retrieved from /home/airflow/.local/lib/python3.12/site-packages/airflow/example_dags/example_complex.py
[2025-01-10T00:54:55.978+0000] {logging_mixin.py:190} INFO - [2025-01-10T00:54:55.977+0000] {dag.py:3239} INFO - Sync 1 DAGs
[2025-01-10T00:54:55.993+0000] {logging_mixin.py:190} INFO - [2025-01-10T00:54:55.993+0000] {dag.py:4180} INFO - Setting next_dagrun for example_complex to None, run_after=None
[2025-01-10T00:54:56.013+0000] {processor.py:208} INFO - Processing /home/airflow/.local/lib/python3.12/site-packages/airflow/example_dags/example_complex.py took 0.089 seconds
[2025-01-10T00:55:26.185+0000] {processor.py:186} INFO - Started process (PID=1525) to work on /home/airflow/.local/lib/python3.12/site-packages/airflow/example_dags/example_complex.py
[2025-01-10T00:55:26.186+0000] {processor.py:914} INFO - Processing file /home/airflow/.local/lib/python3.12/site-packages/airflow/example_dags/example_complex.py for tasks to queue
[2025-01-10T00:55:26.188+0000] {logging_mixin.py:190} INFO - [2025-01-10T00:55:26.188+0000] {dagbag.py:588} INFO - Filling up the DagBag from /home/airflow/.local/lib/python3.12/site-packages/airflow/example_dags/example_complex.py
[2025-01-10T00:55:26.200+0000] {processor.py:925} INFO - DAG(s) 'example_complex' retrieved from /home/airflow/.local/lib/python3.12/site-packages/airflow/example_dags/example_complex.py
[2025-01-10T00:55:26.229+0000] {logging_mixin.py:190} INFO - [2025-01-10T00:55:26.229+0000] {dag.py:3239} INFO - Sync 1 DAGs
[2025-01-10T00:55:26.243+0000] {logging_mixin.py:190} INFO - [2025-01-10T00:55:26.243+0000] {dag.py:4180} INFO - Setting next_dagrun for example_complex to None, run_after=None
[2025-01-10T00:55:26.266+0000] {processor.py:208} INFO - Processing /home/airflow/.local/lib/python3.12/site-packages/airflow/example_dags/example_complex.py took 0.086 seconds
[2025-01-10T00:55:56.838+0000] {processor.py:186} INFO - Started process (PID=1588) to work on /home/airflow/.local/lib/python3.12/site-packages/airflow/example_dags/example_complex.py
[2025-01-10T00:55:56.839+0000] {processor.py:914} INFO - Processing file /home/airflow/.local/lib/python3.12/site-packages/airflow/example_dags/example_complex.py for tasks to queue
[2025-01-10T00:55:56.841+0000] {logging_mixin.py:190} INFO - [2025-01-10T00:55:56.841+0000] {dagbag.py:588} INFO - Filling up the DagBag from /home/airflow/.local/lib/python3.12/site-packages/airflow/example_dags/example_complex.py
[2025-01-10T00:55:56.853+0000] {processor.py:925} INFO - DAG(s) 'example_complex' retrieved from /home/airflow/.local/lib/python3.12/site-packages/airflow/example_dags/example_complex.py
[2025-01-10T00:55:56.889+0000] {logging_mixin.py:190} INFO - [2025-01-10T00:55:56.888+0000] {dag.py:3239} INFO - Sync 1 DAGs
[2025-01-10T00:55:56.907+0000] {logging_mixin.py:190} INFO - [2025-01-10T00:55:56.907+0000] {dag.py:4180} INFO - Setting next_dagrun for example_complex to None, run_after=None
[2025-01-10T00:55:56.943+0000] {processor.py:208} INFO - Processing /home/airflow/.local/lib/python3.12/site-packages/airflow/example_dags/example_complex.py took 0.111 seconds
[2025-01-10T00:56:27.286+0000] {processor.py:186} INFO - Started process (PID=1651) to work on /home/airflow/.local/lib/python3.12/site-packages/airflow/example_dags/example_complex.py
[2025-01-10T00:56:27.287+0000] {processor.py:914} INFO - Processing file /home/airflow/.local/lib/python3.12/site-packages/airflow/example_dags/example_complex.py for tasks to queue
[2025-01-10T00:56:27.289+0000] {logging_mixin.py:190} INFO - [2025-01-10T00:56:27.289+0000] {dagbag.py:588} INFO - Filling up the DagBag from /home/airflow/.local/lib/python3.12/site-packages/airflow/example_dags/example_complex.py
[2025-01-10T00:56:27.301+0000] {processor.py:925} INFO - DAG(s) 'example_complex' retrieved from /home/airflow/.local/lib/python3.12/site-packages/airflow/example_dags/example_complex.py
[2025-01-10T00:56:27.331+0000] {logging_mixin.py:190} INFO - [2025-01-10T00:56:27.331+0000] {dag.py:3239} INFO - Sync 1 DAGs
[2025-01-10T00:56:27.344+0000] {logging_mixin.py:190} INFO - [2025-01-10T00:56:27.344+0000] {dag.py:4180} INFO - Setting next_dagrun for example_complex to None, run_after=None
[2025-01-10T00:56:27.364+0000] {processor.py:208} INFO - Processing /home/airflow/.local/lib/python3.12/site-packages/airflow/example_dags/example_complex.py took 0.083 seconds
[2025-01-10T00:56:57.406+0000] {processor.py:186} INFO - Started process (PID=1714) to work on /home/airflow/.local/lib/python3.12/site-packages/airflow/example_dags/example_complex.py
[2025-01-10T00:56:57.407+0000] {processor.py:914} INFO - Processing file /home/airflow/.local/lib/python3.12/site-packages/airflow/example_dags/example_complex.py for tasks to queue
[2025-01-10T00:56:57.409+0000] {logging_mixin.py:190} INFO - [2025-01-10T00:56:57.409+0000] {dagbag.py:588} INFO - Filling up the DagBag from /home/airflow/.local/lib/python3.12/site-packages/airflow/example_dags/example_complex.py
[2025-01-10T00:56:57.421+0000] {processor.py:925} INFO - DAG(s) 'example_complex' retrieved from /home/airflow/.local/lib/python3.12/site-packages/airflow/example_dags/example_complex.py
[2025-01-10T00:56:57.451+0000] {logging_mixin.py:190} INFO - [2025-01-10T00:56:57.451+0000] {dag.py:3239} INFO - Sync 1 DAGs
[2025-01-10T00:56:57.467+0000] {logging_mixin.py:190} INFO - [2025-01-10T00:56:57.467+0000] {dag.py:4180} INFO - Setting next_dagrun for example_complex to None, run_after=None
[2025-01-10T00:56:57.487+0000] {processor.py:208} INFO - Processing /home/airflow/.local/lib/python3.12/site-packages/airflow/example_dags/example_complex.py took 0.086 seconds
[2025-01-10T00:57:28.072+0000] {processor.py:186} INFO - Started process (PID=1776) to work on /home/airflow/.local/lib/python3.12/site-packages/airflow/example_dags/example_complex.py
[2025-01-10T00:57:28.073+0000] {processor.py:914} INFO - Processing file /home/airflow/.local/lib/python3.12/site-packages/airflow/example_dags/example_complex.py for tasks to queue
[2025-01-10T00:57:28.075+0000] {logging_mixin.py:190} INFO - [2025-01-10T00:57:28.075+0000] {dagbag.py:588} INFO - Filling up the DagBag from /home/airflow/.local/lib/python3.12/site-packages/airflow/example_dags/example_complex.py
[2025-01-10T00:57:28.087+0000] {processor.py:925} INFO - DAG(s) 'example_complex' retrieved from /home/airflow/.local/lib/python3.12/site-packages/airflow/example_dags/example_complex.py
[2025-01-10T00:57:28.119+0000] {logging_mixin.py:190} INFO - [2025-01-10T00:57:28.118+0000] {dag.py:3239} INFO - Sync 1 DAGs
[2025-01-10T00:57:28.137+0000] {logging_mixin.py:190} INFO - [2025-01-10T00:57:28.137+0000] {dag.py:4180} INFO - Setting next_dagrun for example_complex to None, run_after=None
[2025-01-10T00:57:28.158+0000] {processor.py:208} INFO - Processing /home/airflow/.local/lib/python3.12/site-packages/airflow/example_dags/example_complex.py took 0.093 seconds
[2025-01-10T00:57:58.965+0000] {processor.py:186} INFO - Started process (PID=1840) to work on /home/airflow/.local/lib/python3.12/site-packages/airflow/example_dags/example_complex.py
[2025-01-10T00:57:58.966+0000] {processor.py:914} INFO - Processing file /home/airflow/.local/lib/python3.12/site-packages/airflow/example_dags/example_complex.py for tasks to queue
[2025-01-10T00:57:58.970+0000] {logging_mixin.py:190} INFO - [2025-01-10T00:57:58.969+0000] {dagbag.py:588} INFO - Filling up the DagBag from /home/airflow/.local/lib/python3.12/site-packages/airflow/example_dags/example_complex.py
[2025-01-10T00:57:58.988+0000] {processor.py:925} INFO - DAG(s) 'example_complex' retrieved from /home/airflow/.local/lib/python3.12/site-packages/airflow/example_dags/example_complex.py
[2025-01-10T00:57:59.030+0000] {logging_mixin.py:190} INFO - [2025-01-10T00:57:59.030+0000] {dag.py:3239} INFO - Sync 1 DAGs
[2025-01-10T00:57:59.054+0000] {logging_mixin.py:190} INFO - [2025-01-10T00:57:59.054+0000] {dag.py:4180} INFO - Setting next_dagrun for example_complex to None, run_after=None
[2025-01-10T00:57:59.087+0000] {processor.py:208} INFO - Processing /home/airflow/.local/lib/python3.12/site-packages/airflow/example_dags/example_complex.py took 0.130 seconds
[2025-01-10T00:58:29.708+0000] {processor.py:186} INFO - Started process (PID=1903) to work on /home/airflow/.local/lib/python3.12/site-packages/airflow/example_dags/example_complex.py
[2025-01-10T00:58:29.710+0000] {processor.py:914} INFO - Processing file /home/airflow/.local/lib/python3.12/site-packages/airflow/example_dags/example_complex.py for tasks to queue
[2025-01-10T00:58:29.713+0000] {logging_mixin.py:190} INFO - [2025-01-10T00:58:29.713+0000] {dagbag.py:588} INFO - Filling up the DagBag from /home/airflow/.local/lib/python3.12/site-packages/airflow/example_dags/example_complex.py
[2025-01-10T00:58:29.733+0000] {processor.py:925} INFO - DAG(s) 'example_complex' retrieved from /home/airflow/.local/lib/python3.12/site-packages/airflow/example_dags/example_complex.py
[2025-01-10T00:58:29.779+0000] {logging_mixin.py:190} INFO - [2025-01-10T00:58:29.779+0000] {dag.py:3239} INFO - Sync 1 DAGs
[2025-01-10T00:58:29.810+0000] {logging_mixin.py:190} INFO - [2025-01-10T00:58:29.810+0000] {dag.py:4180} INFO - Setting next_dagrun for example_complex to None, run_after=None
[2025-01-10T00:58:29.848+0000] {processor.py:208} INFO - Processing /home/airflow/.local/lib/python3.12/site-packages/airflow/example_dags/example_complex.py took 0.148 seconds
[2025-01-10T01:01:57.065+0000] {processor.py:186} INFO - Started process (PID=64) to work on /home/airflow/.local/lib/python3.12/site-packages/airflow/example_dags/example_complex.py
[2025-01-10T01:01:57.067+0000] {processor.py:914} INFO - Processing file /home/airflow/.local/lib/python3.12/site-packages/airflow/example_dags/example_complex.py for tasks to queue
[2025-01-10T01:01:57.074+0000] {logging_mixin.py:190} INFO - [2025-01-10T01:01:57.073+0000] {dagbag.py:588} INFO - Filling up the DagBag from /home/airflow/.local/lib/python3.12/site-packages/airflow/example_dags/example_complex.py
[2025-01-10T01:01:57.100+0000] {processor.py:925} INFO - DAG(s) 'example_complex' retrieved from /home/airflow/.local/lib/python3.12/site-packages/airflow/example_dags/example_complex.py
[2025-01-10T01:01:57.167+0000] {logging_mixin.py:190} INFO - [2025-01-10T01:01:57.167+0000] {dag.py:3239} INFO - Sync 1 DAGs
[2025-01-10T01:01:57.196+0000] {logging_mixin.py:190} INFO - [2025-01-10T01:01:57.196+0000] {dag.py:4180} INFO - Setting next_dagrun for example_complex to None, run_after=None
[2025-01-10T01:01:57.233+0000] {processor.py:208} INFO - Processing /home/airflow/.local/lib/python3.12/site-packages/airflow/example_dags/example_complex.py took 0.182 seconds
[2025-01-10T01:02:28.890+0000] {processor.py:186} INFO - Started process (PID=127) to work on /home/airflow/.local/lib/python3.12/site-packages/airflow/example_dags/example_complex.py
[2025-01-10T01:02:28.891+0000] {processor.py:914} INFO - Processing file /home/airflow/.local/lib/python3.12/site-packages/airflow/example_dags/example_complex.py for tasks to queue
[2025-01-10T01:02:28.895+0000] {logging_mixin.py:190} INFO - [2025-01-10T01:02:28.895+0000] {dagbag.py:588} INFO - Filling up the DagBag from /home/airflow/.local/lib/python3.12/site-packages/airflow/example_dags/example_complex.py
[2025-01-10T01:02:28.918+0000] {processor.py:925} INFO - DAG(s) 'example_complex' retrieved from /home/airflow/.local/lib/python3.12/site-packages/airflow/example_dags/example_complex.py
[2025-01-10T01:02:28.974+0000] {logging_mixin.py:190} INFO - [2025-01-10T01:02:28.973+0000] {dag.py:3239} INFO - Sync 1 DAGs
[2025-01-10T01:02:28.997+0000] {logging_mixin.py:190} INFO - [2025-01-10T01:02:28.997+0000] {dag.py:4180} INFO - Setting next_dagrun for example_complex to None, run_after=None
[2025-01-10T01:02:29.036+0000] {processor.py:208} INFO - Processing /home/airflow/.local/lib/python3.12/site-packages/airflow/example_dags/example_complex.py took 0.157 seconds
[2025-01-10T01:03:00.135+0000] {processor.py:186} INFO - Started process (PID=196) to work on /home/airflow/.local/lib/python3.12/site-packages/airflow/example_dags/example_complex.py
[2025-01-10T01:03:00.136+0000] {processor.py:914} INFO - Processing file /home/airflow/.local/lib/python3.12/site-packages/airflow/example_dags/example_complex.py for tasks to queue
[2025-01-10T01:03:00.140+0000] {logging_mixin.py:190} INFO - [2025-01-10T01:03:00.140+0000] {dagbag.py:588} INFO - Filling up the DagBag from /home/airflow/.local/lib/python3.12/site-packages/airflow/example_dags/example_complex.py
[2025-01-10T01:03:00.161+0000] {processor.py:925} INFO - DAG(s) 'example_complex' retrieved from /home/airflow/.local/lib/python3.12/site-packages/airflow/example_dags/example_complex.py
[2025-01-10T01:03:00.200+0000] {logging_mixin.py:190} INFO - [2025-01-10T01:03:00.200+0000] {dag.py:3239} INFO - Sync 1 DAGs
[2025-01-10T01:03:00.214+0000] {logging_mixin.py:190} INFO - [2025-01-10T01:03:00.213+0000] {dag.py:4180} INFO - Setting next_dagrun for example_complex to None, run_after=None
[2025-01-10T01:03:00.234+0000] {processor.py:208} INFO - Processing /home/airflow/.local/lib/python3.12/site-packages/airflow/example_dags/example_complex.py took 0.110 seconds
[2025-01-10T01:03:30.972+0000] {processor.py:186} INFO - Started process (PID=259) to work on /home/airflow/.local/lib/python3.12/site-packages/airflow/example_dags/example_complex.py
[2025-01-10T01:03:30.973+0000] {processor.py:914} INFO - Processing file /home/airflow/.local/lib/python3.12/site-packages/airflow/example_dags/example_complex.py for tasks to queue
[2025-01-10T01:03:30.976+0000] {logging_mixin.py:190} INFO - [2025-01-10T01:03:30.976+0000] {dagbag.py:588} INFO - Filling up the DagBag from /home/airflow/.local/lib/python3.12/site-packages/airflow/example_dags/example_complex.py
[2025-01-10T01:03:30.990+0000] {processor.py:925} INFO - DAG(s) 'example_complex' retrieved from /home/airflow/.local/lib/python3.12/site-packages/airflow/example_dags/example_complex.py
[2025-01-10T01:03:31.022+0000] {logging_mixin.py:190} INFO - [2025-01-10T01:03:31.021+0000] {dag.py:3239} INFO - Sync 1 DAGs
[2025-01-10T01:03:31.039+0000] {logging_mixin.py:190} INFO - [2025-01-10T01:03:31.039+0000] {dag.py:4180} INFO - Setting next_dagrun for example_complex to None, run_after=None
[2025-01-10T01:03:31.063+0000] {processor.py:208} INFO - Processing /home/airflow/.local/lib/python3.12/site-packages/airflow/example_dags/example_complex.py took 0.097 seconds
[2025-01-10T01:04:01.610+0000] {processor.py:186} INFO - Started process (PID=321) to work on /home/airflow/.local/lib/python3.12/site-packages/airflow/example_dags/example_complex.py
[2025-01-10T01:04:01.610+0000] {processor.py:914} INFO - Processing file /home/airflow/.local/lib/python3.12/site-packages/airflow/example_dags/example_complex.py for tasks to queue
[2025-01-10T01:04:01.612+0000] {logging_mixin.py:190} INFO - [2025-01-10T01:04:01.612+0000] {dagbag.py:588} INFO - Filling up the DagBag from /home/airflow/.local/lib/python3.12/site-packages/airflow/example_dags/example_complex.py
[2025-01-10T01:04:01.628+0000] {processor.py:925} INFO - DAG(s) 'example_complex' retrieved from /home/airflow/.local/lib/python3.12/site-packages/airflow/example_dags/example_complex.py
[2025-01-10T01:04:01.661+0000] {logging_mixin.py:190} INFO - [2025-01-10T01:04:01.660+0000] {dag.py:3239} INFO - Sync 1 DAGs
[2025-01-10T01:04:01.677+0000] {logging_mixin.py:190} INFO - [2025-01-10T01:04:01.676+0000] {dag.py:4180} INFO - Setting next_dagrun for example_complex to None, run_after=None
[2025-01-10T01:04:01.697+0000] {processor.py:208} INFO - Processing /home/airflow/.local/lib/python3.12/site-packages/airflow/example_dags/example_complex.py took 0.092 seconds
[2025-01-10T01:04:32.077+0000] {processor.py:186} INFO - Started process (PID=384) to work on /home/airflow/.local/lib/python3.12/site-packages/airflow/example_dags/example_complex.py
[2025-01-10T01:04:32.078+0000] {processor.py:914} INFO - Processing file /home/airflow/.local/lib/python3.12/site-packages/airflow/example_dags/example_complex.py for tasks to queue
[2025-01-10T01:04:32.081+0000] {logging_mixin.py:190} INFO - [2025-01-10T01:04:32.081+0000] {dagbag.py:588} INFO - Filling up the DagBag from /home/airflow/.local/lib/python3.12/site-packages/airflow/example_dags/example_complex.py
[2025-01-10T01:04:32.093+0000] {processor.py:925} INFO - DAG(s) 'example_complex' retrieved from /home/airflow/.local/lib/python3.12/site-packages/airflow/example_dags/example_complex.py
[2025-01-10T01:04:32.133+0000] {logging_mixin.py:190} INFO - [2025-01-10T01:04:32.133+0000] {dag.py:3239} INFO - Sync 1 DAGs
[2025-01-10T01:04:32.148+0000] {logging_mixin.py:190} INFO - [2025-01-10T01:04:32.148+0000] {dag.py:4180} INFO - Setting next_dagrun for example_complex to None, run_after=None
[2025-01-10T01:04:32.167+0000] {processor.py:208} INFO - Processing /home/airflow/.local/lib/python3.12/site-packages/airflow/example_dags/example_complex.py took 0.098 seconds
[2025-01-10T01:05:02.851+0000] {processor.py:186} INFO - Started process (PID=447) to work on /home/airflow/.local/lib/python3.12/site-packages/airflow/example_dags/example_complex.py
[2025-01-10T01:05:02.852+0000] {processor.py:914} INFO - Processing file /home/airflow/.local/lib/python3.12/site-packages/airflow/example_dags/example_complex.py for tasks to queue
[2025-01-10T01:05:02.854+0000] {logging_mixin.py:190} INFO - [2025-01-10T01:05:02.854+0000] {dagbag.py:588} INFO - Filling up the DagBag from /home/airflow/.local/lib/python3.12/site-packages/airflow/example_dags/example_complex.py
[2025-01-10T01:05:02.865+0000] {processor.py:925} INFO - DAG(s) 'example_complex' retrieved from /home/airflow/.local/lib/python3.12/site-packages/airflow/example_dags/example_complex.py
[2025-01-10T01:05:02.891+0000] {logging_mixin.py:190} INFO - [2025-01-10T01:05:02.890+0000] {dag.py:3239} INFO - Sync 1 DAGs
[2025-01-10T01:05:02.906+0000] {logging_mixin.py:190} INFO - [2025-01-10T01:05:02.906+0000] {dag.py:4180} INFO - Setting next_dagrun for example_complex to None, run_after=None
[2025-01-10T01:05:02.927+0000] {processor.py:208} INFO - Processing /home/airflow/.local/lib/python3.12/site-packages/airflow/example_dags/example_complex.py took 0.084 seconds
[2025-01-10T01:05:33.413+0000] {processor.py:186} INFO - Started process (PID=509) to work on /home/airflow/.local/lib/python3.12/site-packages/airflow/example_dags/example_complex.py
[2025-01-10T01:05:33.414+0000] {processor.py:914} INFO - Processing file /home/airflow/.local/lib/python3.12/site-packages/airflow/example_dags/example_complex.py for tasks to queue
[2025-01-10T01:05:33.416+0000] {logging_mixin.py:190} INFO - [2025-01-10T01:05:33.416+0000] {dagbag.py:588} INFO - Filling up the DagBag from /home/airflow/.local/lib/python3.12/site-packages/airflow/example_dags/example_complex.py
[2025-01-10T01:05:33.429+0000] {processor.py:925} INFO - DAG(s) 'example_complex' retrieved from /home/airflow/.local/lib/python3.12/site-packages/airflow/example_dags/example_complex.py
[2025-01-10T01:05:33.459+0000] {logging_mixin.py:190} INFO - [2025-01-10T01:05:33.459+0000] {dag.py:3239} INFO - Sync 1 DAGs
[2025-01-10T01:05:33.474+0000] {logging_mixin.py:190} INFO - [2025-01-10T01:05:33.473+0000] {dag.py:4180} INFO - Setting next_dagrun for example_complex to None, run_after=None
[2025-01-10T01:05:33.495+0000] {processor.py:208} INFO - Processing /home/airflow/.local/lib/python3.12/site-packages/airflow/example_dags/example_complex.py took 0.087 seconds
[2025-01-10T01:06:04.236+0000] {processor.py:186} INFO - Started process (PID=572) to work on /home/airflow/.local/lib/python3.12/site-packages/airflow/example_dags/example_complex.py
[2025-01-10T01:06:04.237+0000] {processor.py:914} INFO - Processing file /home/airflow/.local/lib/python3.12/site-packages/airflow/example_dags/example_complex.py for tasks to queue
[2025-01-10T01:06:04.239+0000] {logging_mixin.py:190} INFO - [2025-01-10T01:06:04.239+0000] {dagbag.py:588} INFO - Filling up the DagBag from /home/airflow/.local/lib/python3.12/site-packages/airflow/example_dags/example_complex.py
[2025-01-10T01:06:04.250+0000] {processor.py:925} INFO - DAG(s) 'example_complex' retrieved from /home/airflow/.local/lib/python3.12/site-packages/airflow/example_dags/example_complex.py
[2025-01-10T01:06:04.279+0000] {logging_mixin.py:190} INFO - [2025-01-10T01:06:04.278+0000] {dag.py:3239} INFO - Sync 1 DAGs
[2025-01-10T01:06:04.293+0000] {logging_mixin.py:190} INFO - [2025-01-10T01:06:04.293+0000] {dag.py:4180} INFO - Setting next_dagrun for example_complex to None, run_after=None
[2025-01-10T01:06:04.374+0000] {processor.py:208} INFO - Processing /home/airflow/.local/lib/python3.12/site-packages/airflow/example_dags/example_complex.py took 0.144 seconds
[2025-01-10T01:06:34.443+0000] {processor.py:186} INFO - Started process (PID=635) to work on /home/airflow/.local/lib/python3.12/site-packages/airflow/example_dags/example_complex.py
[2025-01-10T01:06:34.444+0000] {processor.py:914} INFO - Processing file /home/airflow/.local/lib/python3.12/site-packages/airflow/example_dags/example_complex.py for tasks to queue
[2025-01-10T01:06:34.447+0000] {logging_mixin.py:190} INFO - [2025-01-10T01:06:34.446+0000] {dagbag.py:588} INFO - Filling up the DagBag from /home/airflow/.local/lib/python3.12/site-packages/airflow/example_dags/example_complex.py
[2025-01-10T01:06:34.459+0000] {processor.py:925} INFO - DAG(s) 'example_complex' retrieved from /home/airflow/.local/lib/python3.12/site-packages/airflow/example_dags/example_complex.py
[2025-01-10T01:06:34.496+0000] {logging_mixin.py:190} INFO - [2025-01-10T01:06:34.496+0000] {dag.py:3239} INFO - Sync 1 DAGs
[2025-01-10T01:06:34.511+0000] {logging_mixin.py:190} INFO - [2025-01-10T01:06:34.510+0000] {dag.py:4180} INFO - Setting next_dagrun for example_complex to None, run_after=None
[2025-01-10T01:06:34.531+0000] {processor.py:208} INFO - Processing /home/airflow/.local/lib/python3.12/site-packages/airflow/example_dags/example_complex.py took 0.095 seconds
[2025-01-10T01:07:04.619+0000] {processor.py:186} INFO - Started process (PID=698) to work on /home/airflow/.local/lib/python3.12/site-packages/airflow/example_dags/example_complex.py
[2025-01-10T01:07:04.620+0000] {processor.py:914} INFO - Processing file /home/airflow/.local/lib/python3.12/site-packages/airflow/example_dags/example_complex.py for tasks to queue
[2025-01-10T01:07:04.622+0000] {logging_mixin.py:190} INFO - [2025-01-10T01:07:04.621+0000] {dagbag.py:588} INFO - Filling up the DagBag from /home/airflow/.local/lib/python3.12/site-packages/airflow/example_dags/example_complex.py
[2025-01-10T01:07:04.632+0000] {processor.py:925} INFO - DAG(s) 'example_complex' retrieved from /home/airflow/.local/lib/python3.12/site-packages/airflow/example_dags/example_complex.py
[2025-01-10T01:07:04.660+0000] {logging_mixin.py:190} INFO - [2025-01-10T01:07:04.660+0000] {dag.py:3239} INFO - Sync 1 DAGs
[2025-01-10T01:07:04.675+0000] {logging_mixin.py:190} INFO - [2025-01-10T01:07:04.674+0000] {dag.py:4180} INFO - Setting next_dagrun for example_complex to None, run_after=None
[2025-01-10T01:07:04.715+0000] {processor.py:208} INFO - Processing /home/airflow/.local/lib/python3.12/site-packages/airflow/example_dags/example_complex.py took 0.101 seconds
[2025-01-10T01:07:34.796+0000] {processor.py:186} INFO - Started process (PID=761) to work on /home/airflow/.local/lib/python3.12/site-packages/airflow/example_dags/example_complex.py
[2025-01-10T01:07:34.796+0000] {processor.py:914} INFO - Processing file /home/airflow/.local/lib/python3.12/site-packages/airflow/example_dags/example_complex.py for tasks to queue
[2025-01-10T01:07:34.798+0000] {logging_mixin.py:190} INFO - [2025-01-10T01:07:34.798+0000] {dagbag.py:588} INFO - Filling up the DagBag from /home/airflow/.local/lib/python3.12/site-packages/airflow/example_dags/example_complex.py
[2025-01-10T01:07:34.810+0000] {processor.py:925} INFO - DAG(s) 'example_complex' retrieved from /home/airflow/.local/lib/python3.12/site-packages/airflow/example_dags/example_complex.py
[2025-01-10T01:07:34.840+0000] {logging_mixin.py:190} INFO - [2025-01-10T01:07:34.839+0000] {dag.py:3239} INFO - Sync 1 DAGs
[2025-01-10T01:07:34.853+0000] {logging_mixin.py:190} INFO - [2025-01-10T01:07:34.853+0000] {dag.py:4180} INFO - Setting next_dagrun for example_complex to None, run_after=None
[2025-01-10T01:07:34.874+0000] {processor.py:208} INFO - Processing /home/airflow/.local/lib/python3.12/site-packages/airflow/example_dags/example_complex.py took 0.084 seconds
[2025-01-10T01:08:04.994+0000] {processor.py:186} INFO - Started process (PID=824) to work on /home/airflow/.local/lib/python3.12/site-packages/airflow/example_dags/example_complex.py
[2025-01-10T01:08:04.995+0000] {processor.py:914} INFO - Processing file /home/airflow/.local/lib/python3.12/site-packages/airflow/example_dags/example_complex.py for tasks to queue
[2025-01-10T01:08:04.997+0000] {logging_mixin.py:190} INFO - [2025-01-10T01:08:04.997+0000] {dagbag.py:588} INFO - Filling up the DagBag from /home/airflow/.local/lib/python3.12/site-packages/airflow/example_dags/example_complex.py
[2025-01-10T01:08:05.008+0000] {processor.py:925} INFO - DAG(s) 'example_complex' retrieved from /home/airflow/.local/lib/python3.12/site-packages/airflow/example_dags/example_complex.py
[2025-01-10T01:08:05.039+0000] {logging_mixin.py:190} INFO - [2025-01-10T01:08:05.039+0000] {dag.py:3239} INFO - Sync 1 DAGs
[2025-01-10T01:08:05.053+0000] {logging_mixin.py:190} INFO - [2025-01-10T01:08:05.053+0000] {dag.py:4180} INFO - Setting next_dagrun for example_complex to None, run_after=None
[2025-01-10T01:08:05.073+0000] {processor.py:208} INFO - Processing /home/airflow/.local/lib/python3.12/site-packages/airflow/example_dags/example_complex.py took 0.085 seconds
[2025-01-10T01:08:35.430+0000] {processor.py:186} INFO - Started process (PID=887) to work on /home/airflow/.local/lib/python3.12/site-packages/airflow/example_dags/example_complex.py
[2025-01-10T01:08:35.431+0000] {processor.py:914} INFO - Processing file /home/airflow/.local/lib/python3.12/site-packages/airflow/example_dags/example_complex.py for tasks to queue
[2025-01-10T01:08:35.434+0000] {logging_mixin.py:190} INFO - [2025-01-10T01:08:35.434+0000] {dagbag.py:588} INFO - Filling up the DagBag from /home/airflow/.local/lib/python3.12/site-packages/airflow/example_dags/example_complex.py
[2025-01-10T01:08:35.450+0000] {processor.py:925} INFO - DAG(s) 'example_complex' retrieved from /home/airflow/.local/lib/python3.12/site-packages/airflow/example_dags/example_complex.py
[2025-01-10T01:08:35.498+0000] {logging_mixin.py:190} INFO - [2025-01-10T01:08:35.497+0000] {dag.py:3239} INFO - Sync 1 DAGs
[2025-01-10T01:08:35.521+0000] {logging_mixin.py:190} INFO - [2025-01-10T01:08:35.520+0000] {dag.py:4180} INFO - Setting next_dagrun for example_complex to None, run_after=None
[2025-01-10T01:08:35.551+0000] {processor.py:208} INFO - Processing /home/airflow/.local/lib/python3.12/site-packages/airflow/example_dags/example_complex.py took 0.127 seconds
[2025-01-10T01:09:05.742+0000] {processor.py:186} INFO - Started process (PID=951) to work on /home/airflow/.local/lib/python3.12/site-packages/airflow/example_dags/example_complex.py
[2025-01-10T01:09:05.743+0000] {processor.py:914} INFO - Processing file /home/airflow/.local/lib/python3.12/site-packages/airflow/example_dags/example_complex.py for tasks to queue
[2025-01-10T01:09:05.745+0000] {logging_mixin.py:190} INFO - [2025-01-10T01:09:05.745+0000] {dagbag.py:588} INFO - Filling up the DagBag from /home/airflow/.local/lib/python3.12/site-packages/airflow/example_dags/example_complex.py
[2025-01-10T01:09:05.757+0000] {processor.py:925} INFO - DAG(s) 'example_complex' retrieved from /home/airflow/.local/lib/python3.12/site-packages/airflow/example_dags/example_complex.py
[2025-01-10T01:09:05.784+0000] {logging_mixin.py:190} INFO - [2025-01-10T01:09:05.784+0000] {dag.py:3239} INFO - Sync 1 DAGs
[2025-01-10T01:09:05.798+0000] {logging_mixin.py:190} INFO - [2025-01-10T01:09:05.798+0000] {dag.py:4180} INFO - Setting next_dagrun for example_complex to None, run_after=None
[2025-01-10T01:09:05.820+0000] {processor.py:208} INFO - Processing /home/airflow/.local/lib/python3.12/site-packages/airflow/example_dags/example_complex.py took 0.083 seconds
[2025-01-10T01:09:36.363+0000] {processor.py:186} INFO - Started process (PID=1014) to work on /home/airflow/.local/lib/python3.12/site-packages/airflow/example_dags/example_complex.py
[2025-01-10T01:09:36.364+0000] {processor.py:914} INFO - Processing file /home/airflow/.local/lib/python3.12/site-packages/airflow/example_dags/example_complex.py for tasks to queue
[2025-01-10T01:09:36.367+0000] {logging_mixin.py:190} INFO - [2025-01-10T01:09:36.367+0000] {dagbag.py:588} INFO - Filling up the DagBag from /home/airflow/.local/lib/python3.12/site-packages/airflow/example_dags/example_complex.py
[2025-01-10T01:09:36.382+0000] {processor.py:925} INFO - DAG(s) 'example_complex' retrieved from /home/airflow/.local/lib/python3.12/site-packages/airflow/example_dags/example_complex.py
[2025-01-10T01:09:36.413+0000] {logging_mixin.py:190} INFO - [2025-01-10T01:09:36.413+0000] {dag.py:3239} INFO - Sync 1 DAGs
[2025-01-10T01:09:36.430+0000] {logging_mixin.py:190} INFO - [2025-01-10T01:09:36.430+0000] {dag.py:4180} INFO - Setting next_dagrun for example_complex to None, run_after=None
[2025-01-10T01:09:36.483+0000] {processor.py:208} INFO - Processing /home/airflow/.local/lib/python3.12/site-packages/airflow/example_dags/example_complex.py took 0.125 seconds
[2025-01-10T01:10:06.626+0000] {processor.py:186} INFO - Started process (PID=1077) to work on /home/airflow/.local/lib/python3.12/site-packages/airflow/example_dags/example_complex.py
[2025-01-10T01:10:06.627+0000] {processor.py:914} INFO - Processing file /home/airflow/.local/lib/python3.12/site-packages/airflow/example_dags/example_complex.py for tasks to queue
[2025-01-10T01:10:06.629+0000] {logging_mixin.py:190} INFO - [2025-01-10T01:10:06.628+0000] {dagbag.py:588} INFO - Filling up the DagBag from /home/airflow/.local/lib/python3.12/site-packages/airflow/example_dags/example_complex.py
[2025-01-10T01:10:06.643+0000] {processor.py:925} INFO - DAG(s) 'example_complex' retrieved from /home/airflow/.local/lib/python3.12/site-packages/airflow/example_dags/example_complex.py
[2025-01-10T01:10:06.677+0000] {logging_mixin.py:190} INFO - [2025-01-10T01:10:06.677+0000] {dag.py:3239} INFO - Sync 1 DAGs
[2025-01-10T01:10:06.691+0000] {logging_mixin.py:190} INFO - [2025-01-10T01:10:06.691+0000] {dag.py:4180} INFO - Setting next_dagrun for example_complex to None, run_after=None
[2025-01-10T01:10:06.712+0000] {processor.py:208} INFO - Processing /home/airflow/.local/lib/python3.12/site-packages/airflow/example_dags/example_complex.py took 0.092 seconds
[2025-01-10T01:10:36.985+0000] {processor.py:186} INFO - Started process (PID=1140) to work on /home/airflow/.local/lib/python3.12/site-packages/airflow/example_dags/example_complex.py
[2025-01-10T01:10:36.986+0000] {processor.py:914} INFO - Processing file /home/airflow/.local/lib/python3.12/site-packages/airflow/example_dags/example_complex.py for tasks to queue
[2025-01-10T01:10:36.988+0000] {logging_mixin.py:190} INFO - [2025-01-10T01:10:36.988+0000] {dagbag.py:588} INFO - Filling up the DagBag from /home/airflow/.local/lib/python3.12/site-packages/airflow/example_dags/example_complex.py
[2025-01-10T01:10:37.000+0000] {processor.py:925} INFO - DAG(s) 'example_complex' retrieved from /home/airflow/.local/lib/python3.12/site-packages/airflow/example_dags/example_complex.py
[2025-01-10T01:10:37.028+0000] {logging_mixin.py:190} INFO - [2025-01-10T01:10:37.028+0000] {dag.py:3239} INFO - Sync 1 DAGs
[2025-01-10T01:10:37.042+0000] {logging_mixin.py:190} INFO - [2025-01-10T01:10:37.042+0000] {dag.py:4180} INFO - Setting next_dagrun for example_complex to None, run_after=None
[2025-01-10T01:10:37.079+0000] {processor.py:208} INFO - Processing /home/airflow/.local/lib/python3.12/site-packages/airflow/example_dags/example_complex.py took 0.099 seconds
[2025-01-10T01:11:07.389+0000] {processor.py:186} INFO - Started process (PID=1203) to work on /home/airflow/.local/lib/python3.12/site-packages/airflow/example_dags/example_complex.py
[2025-01-10T01:11:07.390+0000] {processor.py:914} INFO - Processing file /home/airflow/.local/lib/python3.12/site-packages/airflow/example_dags/example_complex.py for tasks to queue
[2025-01-10T01:11:07.392+0000] {logging_mixin.py:190} INFO - [2025-01-10T01:11:07.392+0000] {dagbag.py:588} INFO - Filling up the DagBag from /home/airflow/.local/lib/python3.12/site-packages/airflow/example_dags/example_complex.py
[2025-01-10T01:11:07.403+0000] {processor.py:925} INFO - DAG(s) 'example_complex' retrieved from /home/airflow/.local/lib/python3.12/site-packages/airflow/example_dags/example_complex.py
[2025-01-10T01:11:07.431+0000] {logging_mixin.py:190} INFO - [2025-01-10T01:11:07.431+0000] {dag.py:3239} INFO - Sync 1 DAGs
[2025-01-10T01:11:07.444+0000] {logging_mixin.py:190} INFO - [2025-01-10T01:11:07.444+0000] {dag.py:4180} INFO - Setting next_dagrun for example_complex to None, run_after=None
[2025-01-10T01:11:07.465+0000] {processor.py:208} INFO - Processing /home/airflow/.local/lib/python3.12/site-packages/airflow/example_dags/example_complex.py took 0.082 seconds
[2025-01-10T01:11:38.229+0000] {processor.py:186} INFO - Started process (PID=1266) to work on /home/airflow/.local/lib/python3.12/site-packages/airflow/example_dags/example_complex.py
[2025-01-10T01:11:38.230+0000] {processor.py:914} INFO - Processing file /home/airflow/.local/lib/python3.12/site-packages/airflow/example_dags/example_complex.py for tasks to queue
[2025-01-10T01:11:38.232+0000] {logging_mixin.py:190} INFO - [2025-01-10T01:11:38.232+0000] {dagbag.py:588} INFO - Filling up the DagBag from /home/airflow/.local/lib/python3.12/site-packages/airflow/example_dags/example_complex.py
[2025-01-10T01:11:38.244+0000] {processor.py:925} INFO - DAG(s) 'example_complex' retrieved from /home/airflow/.local/lib/python3.12/site-packages/airflow/example_dags/example_complex.py
[2025-01-10T01:11:38.284+0000] {logging_mixin.py:190} INFO - [2025-01-10T01:11:38.284+0000] {dag.py:3239} INFO - Sync 1 DAGs
[2025-01-10T01:11:38.299+0000] {logging_mixin.py:190} INFO - [2025-01-10T01:11:38.299+0000] {dag.py:4180} INFO - Setting next_dagrun for example_complex to None, run_after=None
[2025-01-10T01:11:38.319+0000] {processor.py:208} INFO - Processing /home/airflow/.local/lib/python3.12/site-packages/airflow/example_dags/example_complex.py took 0.096 seconds
[2025-01-10T01:12:08.420+0000] {processor.py:186} INFO - Started process (PID=1329) to work on /home/airflow/.local/lib/python3.12/site-packages/airflow/example_dags/example_complex.py
[2025-01-10T01:12:08.421+0000] {processor.py:914} INFO - Processing file /home/airflow/.local/lib/python3.12/site-packages/airflow/example_dags/example_complex.py for tasks to queue
[2025-01-10T01:12:08.423+0000] {logging_mixin.py:190} INFO - [2025-01-10T01:12:08.423+0000] {dagbag.py:588} INFO - Filling up the DagBag from /home/airflow/.local/lib/python3.12/site-packages/airflow/example_dags/example_complex.py
[2025-01-10T01:12:08.434+0000] {processor.py:925} INFO - DAG(s) 'example_complex' retrieved from /home/airflow/.local/lib/python3.12/site-packages/airflow/example_dags/example_complex.py
[2025-01-10T01:12:08.465+0000] {logging_mixin.py:190} INFO - [2025-01-10T01:12:08.464+0000] {dag.py:3239} INFO - Sync 1 DAGs
[2025-01-10T01:12:08.482+0000] {logging_mixin.py:190} INFO - [2025-01-10T01:12:08.482+0000] {dag.py:4180} INFO - Setting next_dagrun for example_complex to None, run_after=None
[2025-01-10T01:12:08.516+0000] {processor.py:208} INFO - Processing /home/airflow/.local/lib/python3.12/site-packages/airflow/example_dags/example_complex.py took 0.100 seconds
[2025-01-10T01:12:38.993+0000] {processor.py:186} INFO - Started process (PID=1392) to work on /home/airflow/.local/lib/python3.12/site-packages/airflow/example_dags/example_complex.py
[2025-01-10T01:12:38.994+0000] {processor.py:914} INFO - Processing file /home/airflow/.local/lib/python3.12/site-packages/airflow/example_dags/example_complex.py for tasks to queue
[2025-01-10T01:12:38.996+0000] {logging_mixin.py:190} INFO - [2025-01-10T01:12:38.996+0000] {dagbag.py:588} INFO - Filling up the DagBag from /home/airflow/.local/lib/python3.12/site-packages/airflow/example_dags/example_complex.py
[2025-01-10T01:12:39.008+0000] {processor.py:925} INFO - DAG(s) 'example_complex' retrieved from /home/airflow/.local/lib/python3.12/site-packages/airflow/example_dags/example_complex.py
[2025-01-10T01:12:39.040+0000] {logging_mixin.py:190} INFO - [2025-01-10T01:12:39.040+0000] {dag.py:3239} INFO - Sync 1 DAGs
[2025-01-10T01:12:39.055+0000] {logging_mixin.py:190} INFO - [2025-01-10T01:12:39.054+0000] {dag.py:4180} INFO - Setting next_dagrun for example_complex to None, run_after=None
[2025-01-10T01:12:39.076+0000] {processor.py:208} INFO - Processing /home/airflow/.local/lib/python3.12/site-packages/airflow/example_dags/example_complex.py took 0.090 seconds
[2025-01-10T01:13:09.713+0000] {processor.py:186} INFO - Started process (PID=1455) to work on /home/airflow/.local/lib/python3.12/site-packages/airflow/example_dags/example_complex.py
[2025-01-10T01:13:09.714+0000] {processor.py:914} INFO - Processing file /home/airflow/.local/lib/python3.12/site-packages/airflow/example_dags/example_complex.py for tasks to queue
[2025-01-10T01:13:09.716+0000] {logging_mixin.py:190} INFO - [2025-01-10T01:13:09.716+0000] {dagbag.py:588} INFO - Filling up the DagBag from /home/airflow/.local/lib/python3.12/site-packages/airflow/example_dags/example_complex.py
[2025-01-10T01:13:09.726+0000] {processor.py:925} INFO - DAG(s) 'example_complex' retrieved from /home/airflow/.local/lib/python3.12/site-packages/airflow/example_dags/example_complex.py
[2025-01-10T01:13:09.754+0000] {logging_mixin.py:190} INFO - [2025-01-10T01:13:09.754+0000] {dag.py:3239} INFO - Sync 1 DAGs
[2025-01-10T01:13:09.768+0000] {logging_mixin.py:190} INFO - [2025-01-10T01:13:09.768+0000] {dag.py:4180} INFO - Setting next_dagrun for example_complex to None, run_after=None
[2025-01-10T01:13:09.821+0000] {processor.py:208} INFO - Processing /home/airflow/.local/lib/python3.12/site-packages/airflow/example_dags/example_complex.py took 0.114 seconds
[2025-01-10T01:13:40.011+0000] {processor.py:186} INFO - Started process (PID=1518) to work on /home/airflow/.local/lib/python3.12/site-packages/airflow/example_dags/example_complex.py
[2025-01-10T01:13:40.012+0000] {processor.py:914} INFO - Processing file /home/airflow/.local/lib/python3.12/site-packages/airflow/example_dags/example_complex.py for tasks to queue
[2025-01-10T01:13:40.015+0000] {logging_mixin.py:190} INFO - [2025-01-10T01:13:40.015+0000] {dagbag.py:588} INFO - Filling up the DagBag from /home/airflow/.local/lib/python3.12/site-packages/airflow/example_dags/example_complex.py
[2025-01-10T01:13:40.028+0000] {processor.py:925} INFO - DAG(s) 'example_complex' retrieved from /home/airflow/.local/lib/python3.12/site-packages/airflow/example_dags/example_complex.py
[2025-01-10T01:13:40.060+0000] {logging_mixin.py:190} INFO - [2025-01-10T01:13:40.060+0000] {dag.py:3239} INFO - Sync 1 DAGs
[2025-01-10T01:13:40.078+0000] {logging_mixin.py:190} INFO - [2025-01-10T01:13:40.077+0000] {dag.py:4180} INFO - Setting next_dagrun for example_complex to None, run_after=None
[2025-01-10T01:13:40.104+0000] {processor.py:208} INFO - Processing /home/airflow/.local/lib/python3.12/site-packages/airflow/example_dags/example_complex.py took 0.098 seconds
[2025-01-10T01:14:10.162+0000] {processor.py:186} INFO - Started process (PID=1581) to work on /home/airflow/.local/lib/python3.12/site-packages/airflow/example_dags/example_complex.py
[2025-01-10T01:14:10.163+0000] {processor.py:914} INFO - Processing file /home/airflow/.local/lib/python3.12/site-packages/airflow/example_dags/example_complex.py for tasks to queue
[2025-01-10T01:14:10.165+0000] {logging_mixin.py:190} INFO - [2025-01-10T01:14:10.165+0000] {dagbag.py:588} INFO - Filling up the DagBag from /home/airflow/.local/lib/python3.12/site-packages/airflow/example_dags/example_complex.py
[2025-01-10T01:14:10.176+0000] {processor.py:925} INFO - DAG(s) 'example_complex' retrieved from /home/airflow/.local/lib/python3.12/site-packages/airflow/example_dags/example_complex.py
[2025-01-10T01:14:10.204+0000] {logging_mixin.py:190} INFO - [2025-01-10T01:14:10.204+0000] {dag.py:3239} INFO - Sync 1 DAGs
[2025-01-10T01:14:10.218+0000] {logging_mixin.py:190} INFO - [2025-01-10T01:14:10.217+0000] {dag.py:4180} INFO - Setting next_dagrun for example_complex to None, run_after=None
[2025-01-10T01:14:10.238+0000] {processor.py:208} INFO - Processing /home/airflow/.local/lib/python3.12/site-packages/airflow/example_dags/example_complex.py took 0.082 seconds
