[2025-01-10T00:43:54.322+0000] {processor.py:186} INFO - Started process (PID=108) to work on /home/airflow/.local/lib/python3.12/site-packages/airflow/example_dags/example_task_group.py
[2025-01-10T00:43:54.324+0000] {processor.py:914} INFO - Processing file /home/airflow/.local/lib/python3.12/site-packages/airflow/example_dags/example_task_group.py for tasks to queue
[2025-01-10T00:43:54.328+0000] {logging_mixin.py:190} INFO - [2025-01-10T00:43:54.327+0000] {dagbag.py:588} INFO - Filling up the DagBag from /home/airflow/.local/lib/python3.12/site-packages/airflow/example_dags/example_task_group.py
[2025-01-10T00:43:54.341+0000] {processor.py:925} INFO - DAG(s) 'example_task_group' retrieved from /home/airflow/.local/lib/python3.12/site-packages/airflow/example_dags/example_task_group.py
[2025-01-10T00:43:54.517+0000] {logging_mixin.py:190} INFO - [2025-01-10T00:43:54.516+0000] {override.py:1911} INFO - Created Permission View: can delete on DAG:example_task_group
[2025-01-10T00:43:54.534+0000] {logging_mixin.py:190} INFO - [2025-01-10T00:43:54.534+0000] {override.py:1911} INFO - Created Permission View: can read on DAG:example_task_group
[2025-01-10T00:43:54.546+0000] {logging_mixin.py:190} INFO - [2025-01-10T00:43:54.546+0000] {override.py:1911} INFO - Created Permission View: can edit on DAG:example_task_group
[2025-01-10T00:43:54.561+0000] {logging_mixin.py:190} INFO - [2025-01-10T00:43:54.560+0000] {override.py:1911} INFO - Created Permission View: can delete on DAG Run:example_task_group
[2025-01-10T00:43:54.571+0000] {logging_mixin.py:190} INFO - [2025-01-10T00:43:54.571+0000] {override.py:1911} INFO - Created Permission View: can read on DAG Run:example_task_group
[2025-01-10T00:43:54.583+0000] {logging_mixin.py:190} INFO - [2025-01-10T00:43:54.582+0000] {override.py:1911} INFO - Created Permission View: can create on DAG Run:example_task_group
[2025-01-10T00:43:54.595+0000] {logging_mixin.py:190} INFO - [2025-01-10T00:43:54.594+0000] {override.py:1911} INFO - Created Permission View: menu access on DAG Run:example_task_group
[2025-01-10T00:43:54.596+0000] {logging_mixin.py:190} INFO - [2025-01-10T00:43:54.595+0000] {dag.py:3239} INFO - Sync 1 DAGs
[2025-01-10T00:43:54.632+0000] {logging_mixin.py:190} INFO - [2025-01-10T00:43:54.631+0000] {dag.py:3262} INFO - Creating ORM DAG for example_task_group
[2025-01-10T00:43:54.634+0000] {logging_mixin.py:190} INFO - [2025-01-10T00:43:54.633+0000] {dag.py:4180} INFO - Setting next_dagrun for example_task_group to None, run_after=None
[2025-01-10T00:43:54.667+0000] {processor.py:208} INFO - Processing /home/airflow/.local/lib/python3.12/site-packages/airflow/example_dags/example_task_group.py took 0.354 seconds
[2025-01-10T00:44:24.897+0000] {processor.py:186} INFO - Started process (PID=171) to work on /home/airflow/.local/lib/python3.12/site-packages/airflow/example_dags/example_task_group.py
[2025-01-10T00:44:24.904+0000] {processor.py:914} INFO - Processing file /home/airflow/.local/lib/python3.12/site-packages/airflow/example_dags/example_task_group.py for tasks to queue
[2025-01-10T00:44:24.909+0000] {logging_mixin.py:190} INFO - [2025-01-10T00:44:24.908+0000] {dagbag.py:588} INFO - Filling up the DagBag from /home/airflow/.local/lib/python3.12/site-packages/airflow/example_dags/example_task_group.py
[2025-01-10T00:44:24.925+0000] {processor.py:925} INFO - DAG(s) 'example_task_group' retrieved from /home/airflow/.local/lib/python3.12/site-packages/airflow/example_dags/example_task_group.py
[2025-01-10T00:44:24.957+0000] {logging_mixin.py:190} INFO - [2025-01-10T00:44:24.957+0000] {dag.py:3239} INFO - Sync 1 DAGs
[2025-01-10T00:44:24.988+0000] {logging_mixin.py:190} INFO - [2025-01-10T00:44:24.988+0000] {dag.py:4180} INFO - Setting next_dagrun for example_task_group to None, run_after=None
[2025-01-10T00:44:25.027+0000] {processor.py:208} INFO - Processing /home/airflow/.local/lib/python3.12/site-packages/airflow/example_dags/example_task_group.py took 0.141 seconds
[2025-01-10T00:44:55.666+0000] {processor.py:186} INFO - Started process (PID=233) to work on /home/airflow/.local/lib/python3.12/site-packages/airflow/example_dags/example_task_group.py
[2025-01-10T00:44:55.667+0000] {processor.py:914} INFO - Processing file /home/airflow/.local/lib/python3.12/site-packages/airflow/example_dags/example_task_group.py for tasks to queue
[2025-01-10T00:44:55.669+0000] {logging_mixin.py:190} INFO - [2025-01-10T00:44:55.669+0000] {dagbag.py:588} INFO - Filling up the DagBag from /home/airflow/.local/lib/python3.12/site-packages/airflow/example_dags/example_task_group.py
[2025-01-10T00:44:55.678+0000] {processor.py:925} INFO - DAG(s) 'example_task_group' retrieved from /home/airflow/.local/lib/python3.12/site-packages/airflow/example_dags/example_task_group.py
[2025-01-10T00:44:55.698+0000] {logging_mixin.py:190} INFO - [2025-01-10T00:44:55.698+0000] {dag.py:3239} INFO - Sync 1 DAGs
[2025-01-10T00:44:55.712+0000] {logging_mixin.py:190} INFO - [2025-01-10T00:44:55.712+0000] {dag.py:4180} INFO - Setting next_dagrun for example_task_group to None, run_after=None
[2025-01-10T00:44:55.732+0000] {processor.py:208} INFO - Processing /home/airflow/.local/lib/python3.12/site-packages/airflow/example_dags/example_task_group.py took 0.074 seconds
[2025-01-10T00:45:26.225+0000] {processor.py:186} INFO - Started process (PID=296) to work on /home/airflow/.local/lib/python3.12/site-packages/airflow/example_dags/example_task_group.py
[2025-01-10T00:45:26.227+0000] {processor.py:914} INFO - Processing file /home/airflow/.local/lib/python3.12/site-packages/airflow/example_dags/example_task_group.py for tasks to queue
[2025-01-10T00:45:26.232+0000] {logging_mixin.py:190} INFO - [2025-01-10T00:45:26.231+0000] {dagbag.py:588} INFO - Filling up the DagBag from /home/airflow/.local/lib/python3.12/site-packages/airflow/example_dags/example_task_group.py
[2025-01-10T00:45:26.249+0000] {processor.py:925} INFO - DAG(s) 'example_task_group' retrieved from /home/airflow/.local/lib/python3.12/site-packages/airflow/example_dags/example_task_group.py
[2025-01-10T00:45:26.299+0000] {logging_mixin.py:190} INFO - [2025-01-10T00:45:26.299+0000] {dag.py:3239} INFO - Sync 1 DAGs
[2025-01-10T00:45:26.327+0000] {logging_mixin.py:190} INFO - [2025-01-10T00:45:26.327+0000] {dag.py:4180} INFO - Setting next_dagrun for example_task_group to None, run_after=None
[2025-01-10T00:45:26.372+0000] {processor.py:208} INFO - Processing /home/airflow/.local/lib/python3.12/site-packages/airflow/example_dags/example_task_group.py took 0.160 seconds
[2025-01-10T00:45:57.784+0000] {processor.py:186} INFO - Started process (PID=359) to work on /home/airflow/.local/lib/python3.12/site-packages/airflow/example_dags/example_task_group.py
[2025-01-10T00:45:57.786+0000] {processor.py:914} INFO - Processing file /home/airflow/.local/lib/python3.12/site-packages/airflow/example_dags/example_task_group.py for tasks to queue
[2025-01-10T00:45:57.790+0000] {logging_mixin.py:190} INFO - [2025-01-10T00:45:57.790+0000] {dagbag.py:588} INFO - Filling up the DagBag from /home/airflow/.local/lib/python3.12/site-packages/airflow/example_dags/example_task_group.py
[2025-01-10T00:45:57.810+0000] {processor.py:925} INFO - DAG(s) 'example_task_group' retrieved from /home/airflow/.local/lib/python3.12/site-packages/airflow/example_dags/example_task_group.py
[2025-01-10T00:45:57.859+0000] {logging_mixin.py:190} INFO - [2025-01-10T00:45:57.858+0000] {dag.py:3239} INFO - Sync 1 DAGs
[2025-01-10T00:45:57.889+0000] {logging_mixin.py:190} INFO - [2025-01-10T00:45:57.888+0000] {dag.py:4180} INFO - Setting next_dagrun for example_task_group to None, run_after=None
[2025-01-10T00:45:57.928+0000] {processor.py:208} INFO - Processing /home/airflow/.local/lib/python3.12/site-packages/airflow/example_dags/example_task_group.py took 0.154 seconds
[2025-01-10T00:46:29.278+0000] {processor.py:186} INFO - Started process (PID=422) to work on /home/airflow/.local/lib/python3.12/site-packages/airflow/example_dags/example_task_group.py
[2025-01-10T00:46:29.279+0000] {processor.py:914} INFO - Processing file /home/airflow/.local/lib/python3.12/site-packages/airflow/example_dags/example_task_group.py for tasks to queue
[2025-01-10T00:46:29.281+0000] {logging_mixin.py:190} INFO - [2025-01-10T00:46:29.281+0000] {dagbag.py:588} INFO - Filling up the DagBag from /home/airflow/.local/lib/python3.12/site-packages/airflow/example_dags/example_task_group.py
[2025-01-10T00:46:29.290+0000] {processor.py:925} INFO - DAG(s) 'example_task_group' retrieved from /home/airflow/.local/lib/python3.12/site-packages/airflow/example_dags/example_task_group.py
[2025-01-10T00:46:29.313+0000] {logging_mixin.py:190} INFO - [2025-01-10T00:46:29.312+0000] {dag.py:3239} INFO - Sync 1 DAGs
[2025-01-10T00:46:29.327+0000] {logging_mixin.py:190} INFO - [2025-01-10T00:46:29.327+0000] {dag.py:4180} INFO - Setting next_dagrun for example_task_group to None, run_after=None
[2025-01-10T00:46:29.346+0000] {processor.py:208} INFO - Processing /home/airflow/.local/lib/python3.12/site-packages/airflow/example_dags/example_task_group.py took 0.075 seconds
[2025-01-10T00:47:00.576+0000] {processor.py:186} INFO - Started process (PID=485) to work on /home/airflow/.local/lib/python3.12/site-packages/airflow/example_dags/example_task_group.py
[2025-01-10T00:47:00.577+0000] {processor.py:914} INFO - Processing file /home/airflow/.local/lib/python3.12/site-packages/airflow/example_dags/example_task_group.py for tasks to queue
[2025-01-10T00:47:00.580+0000] {logging_mixin.py:190} INFO - [2025-01-10T00:47:00.579+0000] {dagbag.py:588} INFO - Filling up the DagBag from /home/airflow/.local/lib/python3.12/site-packages/airflow/example_dags/example_task_group.py
[2025-01-10T00:47:00.589+0000] {processor.py:925} INFO - DAG(s) 'example_task_group' retrieved from /home/airflow/.local/lib/python3.12/site-packages/airflow/example_dags/example_task_group.py
[2025-01-10T00:47:00.610+0000] {logging_mixin.py:190} INFO - [2025-01-10T00:47:00.610+0000] {dag.py:3239} INFO - Sync 1 DAGs
[2025-01-10T00:47:00.624+0000] {logging_mixin.py:190} INFO - [2025-01-10T00:47:00.624+0000] {dag.py:4180} INFO - Setting next_dagrun for example_task_group to None, run_after=None
[2025-01-10T00:47:00.645+0000] {processor.py:208} INFO - Processing /home/airflow/.local/lib/python3.12/site-packages/airflow/example_dags/example_task_group.py took 0.077 seconds
[2025-01-10T00:47:31.782+0000] {processor.py:186} INFO - Started process (PID=548) to work on /home/airflow/.local/lib/python3.12/site-packages/airflow/example_dags/example_task_group.py
[2025-01-10T00:47:31.783+0000] {processor.py:914} INFO - Processing file /home/airflow/.local/lib/python3.12/site-packages/airflow/example_dags/example_task_group.py for tasks to queue
[2025-01-10T00:47:31.785+0000] {logging_mixin.py:190} INFO - [2025-01-10T00:47:31.785+0000] {dagbag.py:588} INFO - Filling up the DagBag from /home/airflow/.local/lib/python3.12/site-packages/airflow/example_dags/example_task_group.py
[2025-01-10T00:47:31.798+0000] {processor.py:925} INFO - DAG(s) 'example_task_group' retrieved from /home/airflow/.local/lib/python3.12/site-packages/airflow/example_dags/example_task_group.py
[2025-01-10T00:47:31.823+0000] {logging_mixin.py:190} INFO - [2025-01-10T00:47:31.823+0000] {dag.py:3239} INFO - Sync 1 DAGs
[2025-01-10T00:47:31.840+0000] {logging_mixin.py:190} INFO - [2025-01-10T00:47:31.840+0000] {dag.py:4180} INFO - Setting next_dagrun for example_task_group to None, run_after=None
[2025-01-10T00:47:31.863+0000] {processor.py:208} INFO - Processing /home/airflow/.local/lib/python3.12/site-packages/airflow/example_dags/example_task_group.py took 0.089 seconds
[2025-01-10T00:48:02.681+0000] {processor.py:186} INFO - Started process (PID=611) to work on /home/airflow/.local/lib/python3.12/site-packages/airflow/example_dags/example_task_group.py
[2025-01-10T00:48:02.682+0000] {processor.py:914} INFO - Processing file /home/airflow/.local/lib/python3.12/site-packages/airflow/example_dags/example_task_group.py for tasks to queue
[2025-01-10T00:48:02.685+0000] {logging_mixin.py:190} INFO - [2025-01-10T00:48:02.684+0000] {dagbag.py:588} INFO - Filling up the DagBag from /home/airflow/.local/lib/python3.12/site-packages/airflow/example_dags/example_task_group.py
[2025-01-10T00:48:02.693+0000] {processor.py:925} INFO - DAG(s) 'example_task_group' retrieved from /home/airflow/.local/lib/python3.12/site-packages/airflow/example_dags/example_task_group.py
[2025-01-10T00:48:02.717+0000] {logging_mixin.py:190} INFO - [2025-01-10T00:48:02.717+0000] {dag.py:3239} INFO - Sync 1 DAGs
[2025-01-10T00:48:02.732+0000] {logging_mixin.py:190} INFO - [2025-01-10T00:48:02.732+0000] {dag.py:4180} INFO - Setting next_dagrun for example_task_group to None, run_after=None
[2025-01-10T00:48:02.752+0000] {processor.py:208} INFO - Processing /home/airflow/.local/lib/python3.12/site-packages/airflow/example_dags/example_task_group.py took 0.076 seconds
[2025-01-10T00:48:33.719+0000] {processor.py:186} INFO - Started process (PID=674) to work on /home/airflow/.local/lib/python3.12/site-packages/airflow/example_dags/example_task_group.py
[2025-01-10T00:48:33.720+0000] {processor.py:914} INFO - Processing file /home/airflow/.local/lib/python3.12/site-packages/airflow/example_dags/example_task_group.py for tasks to queue
[2025-01-10T00:48:33.723+0000] {logging_mixin.py:190} INFO - [2025-01-10T00:48:33.723+0000] {dagbag.py:588} INFO - Filling up the DagBag from /home/airflow/.local/lib/python3.12/site-packages/airflow/example_dags/example_task_group.py
[2025-01-10T00:48:33.733+0000] {processor.py:925} INFO - DAG(s) 'example_task_group' retrieved from /home/airflow/.local/lib/python3.12/site-packages/airflow/example_dags/example_task_group.py
[2025-01-10T00:48:33.753+0000] {logging_mixin.py:190} INFO - [2025-01-10T00:48:33.753+0000] {dag.py:3239} INFO - Sync 1 DAGs
[2025-01-10T00:48:33.767+0000] {logging_mixin.py:190} INFO - [2025-01-10T00:48:33.766+0000] {dag.py:4180} INFO - Setting next_dagrun for example_task_group to None, run_after=None
[2025-01-10T00:48:33.786+0000] {processor.py:208} INFO - Processing /home/airflow/.local/lib/python3.12/site-packages/airflow/example_dags/example_task_group.py took 0.075 seconds
[2025-01-10T00:49:05.038+0000] {processor.py:186} INFO - Started process (PID=737) to work on /home/airflow/.local/lib/python3.12/site-packages/airflow/example_dags/example_task_group.py
[2025-01-10T00:49:05.039+0000] {processor.py:914} INFO - Processing file /home/airflow/.local/lib/python3.12/site-packages/airflow/example_dags/example_task_group.py for tasks to queue
[2025-01-10T00:49:05.044+0000] {logging_mixin.py:190} INFO - [2025-01-10T00:49:05.043+0000] {dagbag.py:588} INFO - Filling up the DagBag from /home/airflow/.local/lib/python3.12/site-packages/airflow/example_dags/example_task_group.py
[2025-01-10T00:49:05.058+0000] {processor.py:925} INFO - DAG(s) 'example_task_group' retrieved from /home/airflow/.local/lib/python3.12/site-packages/airflow/example_dags/example_task_group.py
[2025-01-10T00:49:05.084+0000] {logging_mixin.py:190} INFO - [2025-01-10T00:49:05.084+0000] {dag.py:3239} INFO - Sync 1 DAGs
[2025-01-10T00:49:05.104+0000] {logging_mixin.py:190} INFO - [2025-01-10T00:49:05.103+0000] {dag.py:4180} INFO - Setting next_dagrun for example_task_group to None, run_after=None
[2025-01-10T00:49:05.130+0000] {processor.py:208} INFO - Processing /home/airflow/.local/lib/python3.12/site-packages/airflow/example_dags/example_task_group.py took 0.099 seconds
[2025-01-10T00:49:35.986+0000] {processor.py:186} INFO - Started process (PID=800) to work on /home/airflow/.local/lib/python3.12/site-packages/airflow/example_dags/example_task_group.py
[2025-01-10T00:49:35.987+0000] {processor.py:914} INFO - Processing file /home/airflow/.local/lib/python3.12/site-packages/airflow/example_dags/example_task_group.py for tasks to queue
[2025-01-10T00:49:35.990+0000] {logging_mixin.py:190} INFO - [2025-01-10T00:49:35.989+0000] {dagbag.py:588} INFO - Filling up the DagBag from /home/airflow/.local/lib/python3.12/site-packages/airflow/example_dags/example_task_group.py
[2025-01-10T00:49:35.998+0000] {processor.py:925} INFO - DAG(s) 'example_task_group' retrieved from /home/airflow/.local/lib/python3.12/site-packages/airflow/example_dags/example_task_group.py
[2025-01-10T00:49:36.018+0000] {logging_mixin.py:190} INFO - [2025-01-10T00:49:36.017+0000] {dag.py:3239} INFO - Sync 1 DAGs
[2025-01-10T00:49:36.034+0000] {logging_mixin.py:190} INFO - [2025-01-10T00:49:36.034+0000] {dag.py:4180} INFO - Setting next_dagrun for example_task_group to None, run_after=None
[2025-01-10T00:49:36.054+0000] {processor.py:208} INFO - Processing /home/airflow/.local/lib/python3.12/site-packages/airflow/example_dags/example_task_group.py took 0.073 seconds
[2025-01-10T00:50:07.564+0000] {processor.py:186} INFO - Started process (PID=863) to work on /home/airflow/.local/lib/python3.12/site-packages/airflow/example_dags/example_task_group.py
[2025-01-10T00:50:07.565+0000] {processor.py:914} INFO - Processing file /home/airflow/.local/lib/python3.12/site-packages/airflow/example_dags/example_task_group.py for tasks to queue
[2025-01-10T00:50:07.567+0000] {logging_mixin.py:190} INFO - [2025-01-10T00:50:07.567+0000] {dagbag.py:588} INFO - Filling up the DagBag from /home/airflow/.local/lib/python3.12/site-packages/airflow/example_dags/example_task_group.py
[2025-01-10T00:50:07.577+0000] {processor.py:925} INFO - DAG(s) 'example_task_group' retrieved from /home/airflow/.local/lib/python3.12/site-packages/airflow/example_dags/example_task_group.py
[2025-01-10T00:50:07.600+0000] {logging_mixin.py:190} INFO - [2025-01-10T00:50:07.600+0000] {dag.py:3239} INFO - Sync 1 DAGs
[2025-01-10T00:50:07.613+0000] {logging_mixin.py:190} INFO - [2025-01-10T00:50:07.613+0000] {dag.py:4180} INFO - Setting next_dagrun for example_task_group to None, run_after=None
[2025-01-10T00:50:07.633+0000] {processor.py:208} INFO - Processing /home/airflow/.local/lib/python3.12/site-packages/airflow/example_dags/example_task_group.py took 0.075 seconds
[2025-01-10T00:50:38.799+0000] {processor.py:186} INFO - Started process (PID=926) to work on /home/airflow/.local/lib/python3.12/site-packages/airflow/example_dags/example_task_group.py
[2025-01-10T00:50:38.800+0000] {processor.py:914} INFO - Processing file /home/airflow/.local/lib/python3.12/site-packages/airflow/example_dags/example_task_group.py for tasks to queue
[2025-01-10T00:50:38.803+0000] {logging_mixin.py:190} INFO - [2025-01-10T00:50:38.803+0000] {dagbag.py:588} INFO - Filling up the DagBag from /home/airflow/.local/lib/python3.12/site-packages/airflow/example_dags/example_task_group.py
[2025-01-10T00:50:38.813+0000] {processor.py:925} INFO - DAG(s) 'example_task_group' retrieved from /home/airflow/.local/lib/python3.12/site-packages/airflow/example_dags/example_task_group.py
[2025-01-10T00:50:38.833+0000] {logging_mixin.py:190} INFO - [2025-01-10T00:50:38.833+0000] {dag.py:3239} INFO - Sync 1 DAGs
[2025-01-10T00:50:38.846+0000] {logging_mixin.py:190} INFO - [2025-01-10T00:50:38.846+0000] {dag.py:4180} INFO - Setting next_dagrun for example_task_group to None, run_after=None
[2025-01-10T00:50:38.866+0000] {processor.py:208} INFO - Processing /home/airflow/.local/lib/python3.12/site-packages/airflow/example_dags/example_task_group.py took 0.078 seconds
[2025-01-10T00:51:10.083+0000] {processor.py:186} INFO - Started process (PID=989) to work on /home/airflow/.local/lib/python3.12/site-packages/airflow/example_dags/example_task_group.py
[2025-01-10T00:51:10.084+0000] {processor.py:914} INFO - Processing file /home/airflow/.local/lib/python3.12/site-packages/airflow/example_dags/example_task_group.py for tasks to queue
[2025-01-10T00:51:10.086+0000] {logging_mixin.py:190} INFO - [2025-01-10T00:51:10.086+0000] {dagbag.py:588} INFO - Filling up the DagBag from /home/airflow/.local/lib/python3.12/site-packages/airflow/example_dags/example_task_group.py
[2025-01-10T00:51:10.094+0000] {processor.py:925} INFO - DAG(s) 'example_task_group' retrieved from /home/airflow/.local/lib/python3.12/site-packages/airflow/example_dags/example_task_group.py
[2025-01-10T00:51:10.114+0000] {logging_mixin.py:190} INFO - [2025-01-10T00:51:10.114+0000] {dag.py:3239} INFO - Sync 1 DAGs
[2025-01-10T00:51:10.127+0000] {logging_mixin.py:190} INFO - [2025-01-10T00:51:10.127+0000] {dag.py:4180} INFO - Setting next_dagrun for example_task_group to None, run_after=None
[2025-01-10T00:51:10.146+0000] {processor.py:208} INFO - Processing /home/airflow/.local/lib/python3.12/site-packages/airflow/example_dags/example_task_group.py took 0.068 seconds
[2025-01-10T00:51:41.263+0000] {processor.py:186} INFO - Started process (PID=1053) to work on /home/airflow/.local/lib/python3.12/site-packages/airflow/example_dags/example_task_group.py
[2025-01-10T00:51:41.264+0000] {processor.py:914} INFO - Processing file /home/airflow/.local/lib/python3.12/site-packages/airflow/example_dags/example_task_group.py for tasks to queue
[2025-01-10T00:51:41.267+0000] {logging_mixin.py:190} INFO - [2025-01-10T00:51:41.266+0000] {dagbag.py:588} INFO - Filling up the DagBag from /home/airflow/.local/lib/python3.12/site-packages/airflow/example_dags/example_task_group.py
[2025-01-10T00:51:41.275+0000] {processor.py:925} INFO - DAG(s) 'example_task_group' retrieved from /home/airflow/.local/lib/python3.12/site-packages/airflow/example_dags/example_task_group.py
[2025-01-10T00:51:41.294+0000] {logging_mixin.py:190} INFO - [2025-01-10T00:51:41.294+0000] {dag.py:3239} INFO - Sync 1 DAGs
[2025-01-10T00:51:41.308+0000] {logging_mixin.py:190} INFO - [2025-01-10T00:51:41.307+0000] {dag.py:4180} INFO - Setting next_dagrun for example_task_group to None, run_after=None
[2025-01-10T00:51:41.327+0000] {processor.py:208} INFO - Processing /home/airflow/.local/lib/python3.12/site-packages/airflow/example_dags/example_task_group.py took 0.069 seconds
[2025-01-10T00:52:12.617+0000] {processor.py:186} INFO - Started process (PID=1122) to work on /home/airflow/.local/lib/python3.12/site-packages/airflow/example_dags/example_task_group.py
[2025-01-10T00:52:12.619+0000] {processor.py:914} INFO - Processing file /home/airflow/.local/lib/python3.12/site-packages/airflow/example_dags/example_task_group.py for tasks to queue
[2025-01-10T00:52:12.622+0000] {logging_mixin.py:190} INFO - [2025-01-10T00:52:12.622+0000] {dagbag.py:588} INFO - Filling up the DagBag from /home/airflow/.local/lib/python3.12/site-packages/airflow/example_dags/example_task_group.py
[2025-01-10T00:52:12.631+0000] {processor.py:925} INFO - DAG(s) 'example_task_group' retrieved from /home/airflow/.local/lib/python3.12/site-packages/airflow/example_dags/example_task_group.py
[2025-01-10T00:52:12.653+0000] {logging_mixin.py:190} INFO - [2025-01-10T00:52:12.653+0000] {dag.py:3239} INFO - Sync 1 DAGs
[2025-01-10T00:52:12.667+0000] {logging_mixin.py:190} INFO - [2025-01-10T00:52:12.666+0000] {dag.py:4180} INFO - Setting next_dagrun for example_task_group to None, run_after=None
[2025-01-10T00:52:12.686+0000] {processor.py:208} INFO - Processing /home/airflow/.local/lib/python3.12/site-packages/airflow/example_dags/example_task_group.py took 0.076 seconds
[2025-01-10T00:52:44.114+0000] {processor.py:186} INFO - Started process (PID=1185) to work on /home/airflow/.local/lib/python3.12/site-packages/airflow/example_dags/example_task_group.py
[2025-01-10T00:52:44.115+0000] {processor.py:914} INFO - Processing file /home/airflow/.local/lib/python3.12/site-packages/airflow/example_dags/example_task_group.py for tasks to queue
[2025-01-10T00:52:44.117+0000] {logging_mixin.py:190} INFO - [2025-01-10T00:52:44.117+0000] {dagbag.py:588} INFO - Filling up the DagBag from /home/airflow/.local/lib/python3.12/site-packages/airflow/example_dags/example_task_group.py
[2025-01-10T00:52:44.126+0000] {processor.py:925} INFO - DAG(s) 'example_task_group' retrieved from /home/airflow/.local/lib/python3.12/site-packages/airflow/example_dags/example_task_group.py
[2025-01-10T00:52:44.145+0000] {logging_mixin.py:190} INFO - [2025-01-10T00:52:44.145+0000] {dag.py:3239} INFO - Sync 1 DAGs
[2025-01-10T00:52:44.159+0000] {logging_mixin.py:190} INFO - [2025-01-10T00:52:44.158+0000] {dag.py:4180} INFO - Setting next_dagrun for example_task_group to None, run_after=None
[2025-01-10T00:52:44.178+0000] {processor.py:208} INFO - Processing /home/airflow/.local/lib/python3.12/site-packages/airflow/example_dags/example_task_group.py took 0.069 seconds
[2025-01-10T00:53:15.893+0000] {processor.py:186} INFO - Started process (PID=1248) to work on /home/airflow/.local/lib/python3.12/site-packages/airflow/example_dags/example_task_group.py
[2025-01-10T00:53:15.894+0000] {processor.py:914} INFO - Processing file /home/airflow/.local/lib/python3.12/site-packages/airflow/example_dags/example_task_group.py for tasks to queue
[2025-01-10T00:53:15.897+0000] {logging_mixin.py:190} INFO - [2025-01-10T00:53:15.896+0000] {dagbag.py:588} INFO - Filling up the DagBag from /home/airflow/.local/lib/python3.12/site-packages/airflow/example_dags/example_task_group.py
[2025-01-10T00:53:15.909+0000] {processor.py:925} INFO - DAG(s) 'example_task_group' retrieved from /home/airflow/.local/lib/python3.12/site-packages/airflow/example_dags/example_task_group.py
[2025-01-10T00:53:15.935+0000] {logging_mixin.py:190} INFO - [2025-01-10T00:53:15.934+0000] {dag.py:3239} INFO - Sync 1 DAGs
[2025-01-10T00:53:15.953+0000] {logging_mixin.py:190} INFO - [2025-01-10T00:53:15.953+0000] {dag.py:4180} INFO - Setting next_dagrun for example_task_group to None, run_after=None
[2025-01-10T00:53:15.983+0000] {processor.py:208} INFO - Processing /home/airflow/.local/lib/python3.12/site-packages/airflow/example_dags/example_task_group.py took 0.097 seconds
[2025-01-10T00:53:47.404+0000] {processor.py:186} INFO - Started process (PID=1312) to work on /home/airflow/.local/lib/python3.12/site-packages/airflow/example_dags/example_task_group.py
[2025-01-10T00:53:47.406+0000] {processor.py:914} INFO - Processing file /home/airflow/.local/lib/python3.12/site-packages/airflow/example_dags/example_task_group.py for tasks to queue
[2025-01-10T00:53:47.413+0000] {logging_mixin.py:190} INFO - [2025-01-10T00:53:47.412+0000] {dagbag.py:588} INFO - Filling up the DagBag from /home/airflow/.local/lib/python3.12/site-packages/airflow/example_dags/example_task_group.py
[2025-01-10T00:53:47.426+0000] {processor.py:925} INFO - DAG(s) 'example_task_group' retrieved from /home/airflow/.local/lib/python3.12/site-packages/airflow/example_dags/example_task_group.py
[2025-01-10T00:53:47.457+0000] {logging_mixin.py:190} INFO - [2025-01-10T00:53:47.456+0000] {dag.py:3239} INFO - Sync 1 DAGs
[2025-01-10T00:53:47.476+0000] {logging_mixin.py:190} INFO - [2025-01-10T00:53:47.476+0000] {dag.py:4180} INFO - Setting next_dagrun for example_task_group to None, run_after=None
[2025-01-10T00:53:47.505+0000] {processor.py:208} INFO - Processing /home/airflow/.local/lib/python3.12/site-packages/airflow/example_dags/example_task_group.py took 0.109 seconds
[2025-01-10T00:54:17.931+0000] {processor.py:186} INFO - Started process (PID=1375) to work on /home/airflow/.local/lib/python3.12/site-packages/airflow/example_dags/example_task_group.py
[2025-01-10T00:54:17.932+0000] {processor.py:914} INFO - Processing file /home/airflow/.local/lib/python3.12/site-packages/airflow/example_dags/example_task_group.py for tasks to queue
[2025-01-10T00:54:17.934+0000] {logging_mixin.py:190} INFO - [2025-01-10T00:54:17.933+0000] {dagbag.py:588} INFO - Filling up the DagBag from /home/airflow/.local/lib/python3.12/site-packages/airflow/example_dags/example_task_group.py
[2025-01-10T00:54:17.942+0000] {processor.py:925} INFO - DAG(s) 'example_task_group' retrieved from /home/airflow/.local/lib/python3.12/site-packages/airflow/example_dags/example_task_group.py
[2025-01-10T00:54:17.965+0000] {logging_mixin.py:190} INFO - [2025-01-10T00:54:17.964+0000] {dag.py:3239} INFO - Sync 1 DAGs
[2025-01-10T00:54:17.978+0000] {logging_mixin.py:190} INFO - [2025-01-10T00:54:17.978+0000] {dag.py:4180} INFO - Setting next_dagrun for example_task_group to None, run_after=None
[2025-01-10T00:54:17.998+0000] {processor.py:208} INFO - Processing /home/airflow/.local/lib/python3.12/site-packages/airflow/example_dags/example_task_group.py took 0.073 seconds
[2025-01-10T00:54:48.901+0000] {processor.py:186} INFO - Started process (PID=1438) to work on /home/airflow/.local/lib/python3.12/site-packages/airflow/example_dags/example_task_group.py
[2025-01-10T00:54:48.902+0000] {processor.py:914} INFO - Processing file /home/airflow/.local/lib/python3.12/site-packages/airflow/example_dags/example_task_group.py for tasks to queue
[2025-01-10T00:54:48.904+0000] {logging_mixin.py:190} INFO - [2025-01-10T00:54:48.904+0000] {dagbag.py:588} INFO - Filling up the DagBag from /home/airflow/.local/lib/python3.12/site-packages/airflow/example_dags/example_task_group.py
[2025-01-10T00:54:48.914+0000] {processor.py:925} INFO - DAG(s) 'example_task_group' retrieved from /home/airflow/.local/lib/python3.12/site-packages/airflow/example_dags/example_task_group.py
[2025-01-10T00:54:48.934+0000] {logging_mixin.py:190} INFO - [2025-01-10T00:54:48.934+0000] {dag.py:3239} INFO - Sync 1 DAGs
[2025-01-10T00:54:48.948+0000] {logging_mixin.py:190} INFO - [2025-01-10T00:54:48.948+0000] {dag.py:4180} INFO - Setting next_dagrun for example_task_group to None, run_after=None
[2025-01-10T00:54:48.968+0000] {processor.py:208} INFO - Processing /home/airflow/.local/lib/python3.12/site-packages/airflow/example_dags/example_task_group.py took 0.072 seconds
[2025-01-10T00:55:20.120+0000] {processor.py:186} INFO - Started process (PID=1501) to work on /home/airflow/.local/lib/python3.12/site-packages/airflow/example_dags/example_task_group.py
[2025-01-10T00:55:20.121+0000] {processor.py:914} INFO - Processing file /home/airflow/.local/lib/python3.12/site-packages/airflow/example_dags/example_task_group.py for tasks to queue
[2025-01-10T00:55:20.124+0000] {logging_mixin.py:190} INFO - [2025-01-10T00:55:20.124+0000] {dagbag.py:588} INFO - Filling up the DagBag from /home/airflow/.local/lib/python3.12/site-packages/airflow/example_dags/example_task_group.py
[2025-01-10T00:55:20.134+0000] {processor.py:925} INFO - DAG(s) 'example_task_group' retrieved from /home/airflow/.local/lib/python3.12/site-packages/airflow/example_dags/example_task_group.py
[2025-01-10T00:55:20.154+0000] {logging_mixin.py:190} INFO - [2025-01-10T00:55:20.154+0000] {dag.py:3239} INFO - Sync 1 DAGs
[2025-01-10T00:55:20.167+0000] {logging_mixin.py:190} INFO - [2025-01-10T00:55:20.167+0000] {dag.py:4180} INFO - Setting next_dagrun for example_task_group to None, run_after=None
[2025-01-10T00:55:20.188+0000] {processor.py:208} INFO - Processing /home/airflow/.local/lib/python3.12/site-packages/airflow/example_dags/example_task_group.py took 0.073 seconds
[2025-01-10T00:55:51.148+0000] {processor.py:186} INFO - Started process (PID=1564) to work on /home/airflow/.local/lib/python3.12/site-packages/airflow/example_dags/example_task_group.py
[2025-01-10T00:55:51.149+0000] {processor.py:914} INFO - Processing file /home/airflow/.local/lib/python3.12/site-packages/airflow/example_dags/example_task_group.py for tasks to queue
[2025-01-10T00:55:51.151+0000] {logging_mixin.py:190} INFO - [2025-01-10T00:55:51.151+0000] {dagbag.py:588} INFO - Filling up the DagBag from /home/airflow/.local/lib/python3.12/site-packages/airflow/example_dags/example_task_group.py
[2025-01-10T00:55:51.159+0000] {processor.py:925} INFO - DAG(s) 'example_task_group' retrieved from /home/airflow/.local/lib/python3.12/site-packages/airflow/example_dags/example_task_group.py
[2025-01-10T00:55:51.179+0000] {logging_mixin.py:190} INFO - [2025-01-10T00:55:51.179+0000] {dag.py:3239} INFO - Sync 1 DAGs
[2025-01-10T00:55:51.192+0000] {logging_mixin.py:190} INFO - [2025-01-10T00:55:51.192+0000] {dag.py:4180} INFO - Setting next_dagrun for example_task_group to None, run_after=None
[2025-01-10T00:55:51.211+0000] {processor.py:208} INFO - Processing /home/airflow/.local/lib/python3.12/site-packages/airflow/example_dags/example_task_group.py took 0.069 seconds
[2025-01-10T00:56:22.120+0000] {processor.py:186} INFO - Started process (PID=1627) to work on /home/airflow/.local/lib/python3.12/site-packages/airflow/example_dags/example_task_group.py
[2025-01-10T00:56:22.121+0000] {processor.py:914} INFO - Processing file /home/airflow/.local/lib/python3.12/site-packages/airflow/example_dags/example_task_group.py for tasks to queue
[2025-01-10T00:56:22.123+0000] {logging_mixin.py:190} INFO - [2025-01-10T00:56:22.122+0000] {dagbag.py:588} INFO - Filling up the DagBag from /home/airflow/.local/lib/python3.12/site-packages/airflow/example_dags/example_task_group.py
[2025-01-10T00:56:22.131+0000] {processor.py:925} INFO - DAG(s) 'example_task_group' retrieved from /home/airflow/.local/lib/python3.12/site-packages/airflow/example_dags/example_task_group.py
[2025-01-10T00:56:22.151+0000] {logging_mixin.py:190} INFO - [2025-01-10T00:56:22.151+0000] {dag.py:3239} INFO - Sync 1 DAGs
[2025-01-10T00:56:22.167+0000] {logging_mixin.py:190} INFO - [2025-01-10T00:56:22.166+0000] {dag.py:4180} INFO - Setting next_dagrun for example_task_group to None, run_after=None
[2025-01-10T00:56:22.191+0000] {processor.py:208} INFO - Processing /home/airflow/.local/lib/python3.12/site-packages/airflow/example_dags/example_task_group.py took 0.076 seconds
[2025-01-10T00:56:53.755+0000] {processor.py:186} INFO - Started process (PID=1690) to work on /home/airflow/.local/lib/python3.12/site-packages/airflow/example_dags/example_task_group.py
[2025-01-10T00:56:53.755+0000] {processor.py:914} INFO - Processing file /home/airflow/.local/lib/python3.12/site-packages/airflow/example_dags/example_task_group.py for tasks to queue
[2025-01-10T00:56:53.758+0000] {logging_mixin.py:190} INFO - [2025-01-10T00:56:53.757+0000] {dagbag.py:588} INFO - Filling up the DagBag from /home/airflow/.local/lib/python3.12/site-packages/airflow/example_dags/example_task_group.py
[2025-01-10T00:56:53.766+0000] {processor.py:925} INFO - DAG(s) 'example_task_group' retrieved from /home/airflow/.local/lib/python3.12/site-packages/airflow/example_dags/example_task_group.py
[2025-01-10T00:56:53.785+0000] {logging_mixin.py:190} INFO - [2025-01-10T00:56:53.785+0000] {dag.py:3239} INFO - Sync 1 DAGs
[2025-01-10T00:56:53.798+0000] {logging_mixin.py:190} INFO - [2025-01-10T00:56:53.798+0000] {dag.py:4180} INFO - Setting next_dagrun for example_task_group to None, run_after=None
[2025-01-10T00:56:53.818+0000] {processor.py:208} INFO - Processing /home/airflow/.local/lib/python3.12/site-packages/airflow/example_dags/example_task_group.py took 0.069 seconds
[2025-01-10T00:57:24.874+0000] {processor.py:186} INFO - Started process (PID=1753) to work on /home/airflow/.local/lib/python3.12/site-packages/airflow/example_dags/example_task_group.py
[2025-01-10T00:57:24.875+0000] {processor.py:914} INFO - Processing file /home/airflow/.local/lib/python3.12/site-packages/airflow/example_dags/example_task_group.py for tasks to queue
[2025-01-10T00:57:24.877+0000] {logging_mixin.py:190} INFO - [2025-01-10T00:57:24.877+0000] {dagbag.py:588} INFO - Filling up the DagBag from /home/airflow/.local/lib/python3.12/site-packages/airflow/example_dags/example_task_group.py
[2025-01-10T00:57:24.885+0000] {processor.py:925} INFO - DAG(s) 'example_task_group' retrieved from /home/airflow/.local/lib/python3.12/site-packages/airflow/example_dags/example_task_group.py
[2025-01-10T00:57:24.905+0000] {logging_mixin.py:190} INFO - [2025-01-10T00:57:24.905+0000] {dag.py:3239} INFO - Sync 1 DAGs
[2025-01-10T00:57:24.919+0000] {logging_mixin.py:190} INFO - [2025-01-10T00:57:24.919+0000] {dag.py:4180} INFO - Setting next_dagrun for example_task_group to None, run_after=None
[2025-01-10T00:57:24.940+0000] {processor.py:208} INFO - Processing /home/airflow/.local/lib/python3.12/site-packages/airflow/example_dags/example_task_group.py took 0.072 seconds
[2025-01-10T00:57:56.275+0000] {processor.py:186} INFO - Started process (PID=1817) to work on /home/airflow/.local/lib/python3.12/site-packages/airflow/example_dags/example_task_group.py
[2025-01-10T00:57:56.277+0000] {processor.py:914} INFO - Processing file /home/airflow/.local/lib/python3.12/site-packages/airflow/example_dags/example_task_group.py for tasks to queue
[2025-01-10T00:57:56.282+0000] {logging_mixin.py:190} INFO - [2025-01-10T00:57:56.282+0000] {dagbag.py:588} INFO - Filling up the DagBag from /home/airflow/.local/lib/python3.12/site-packages/airflow/example_dags/example_task_group.py
[2025-01-10T00:57:56.302+0000] {processor.py:925} INFO - DAG(s) 'example_task_group' retrieved from /home/airflow/.local/lib/python3.12/site-packages/airflow/example_dags/example_task_group.py
[2025-01-10T00:57:56.345+0000] {logging_mixin.py:190} INFO - [2025-01-10T00:57:56.344+0000] {dag.py:3239} INFO - Sync 1 DAGs
[2025-01-10T00:57:56.366+0000] {logging_mixin.py:190} INFO - [2025-01-10T00:57:56.366+0000] {dag.py:4180} INFO - Setting next_dagrun for example_task_group to None, run_after=None
[2025-01-10T00:57:56.395+0000] {processor.py:208} INFO - Processing /home/airflow/.local/lib/python3.12/site-packages/airflow/example_dags/example_task_group.py took 0.129 seconds
[2025-01-10T00:58:27.632+0000] {processor.py:186} INFO - Started process (PID=1882) to work on /home/airflow/.local/lib/python3.12/site-packages/airflow/example_dags/example_task_group.py
[2025-01-10T00:58:27.633+0000] {processor.py:914} INFO - Processing file /home/airflow/.local/lib/python3.12/site-packages/airflow/example_dags/example_task_group.py for tasks to queue
[2025-01-10T00:58:27.636+0000] {logging_mixin.py:190} INFO - [2025-01-10T00:58:27.635+0000] {dagbag.py:588} INFO - Filling up the DagBag from /home/airflow/.local/lib/python3.12/site-packages/airflow/example_dags/example_task_group.py
[2025-01-10T00:58:27.645+0000] {processor.py:925} INFO - DAG(s) 'example_task_group' retrieved from /home/airflow/.local/lib/python3.12/site-packages/airflow/example_dags/example_task_group.py
[2025-01-10T00:58:27.663+0000] {logging_mixin.py:190} INFO - [2025-01-10T00:58:27.662+0000] {dag.py:3239} INFO - Sync 1 DAGs
[2025-01-10T00:58:27.680+0000] {logging_mixin.py:190} INFO - [2025-01-10T00:58:27.680+0000] {dag.py:4180} INFO - Setting next_dagrun for example_task_group to None, run_after=None
[2025-01-10T00:58:27.698+0000] {processor.py:208} INFO - Processing /home/airflow/.local/lib/python3.12/site-packages/airflow/example_dags/example_task_group.py took 0.073 seconds
[2025-01-10T01:02:03.638+0000] {processor.py:186} INFO - Started process (PID=102) to work on /home/airflow/.local/lib/python3.12/site-packages/airflow/example_dags/example_task_group.py
[2025-01-10T01:02:03.641+0000] {processor.py:914} INFO - Processing file /home/airflow/.local/lib/python3.12/site-packages/airflow/example_dags/example_task_group.py for tasks to queue
[2025-01-10T01:02:03.650+0000] {logging_mixin.py:190} INFO - [2025-01-10T01:02:03.649+0000] {dagbag.py:588} INFO - Filling up the DagBag from /home/airflow/.local/lib/python3.12/site-packages/airflow/example_dags/example_task_group.py
[2025-01-10T01:02:03.714+0000] {processor.py:925} INFO - DAG(s) 'example_task_group' retrieved from /home/airflow/.local/lib/python3.12/site-packages/airflow/example_dags/example_task_group.py
[2025-01-10T01:02:03.771+0000] {logging_mixin.py:190} INFO - [2025-01-10T01:02:03.770+0000] {dag.py:3239} INFO - Sync 1 DAGs
[2025-01-10T01:02:03.827+0000] {logging_mixin.py:190} INFO - [2025-01-10T01:02:03.827+0000] {dag.py:4180} INFO - Setting next_dagrun for example_task_group to None, run_after=None
[2025-01-10T01:02:03.904+0000] {processor.py:208} INFO - Processing /home/airflow/.local/lib/python3.12/site-packages/airflow/example_dags/example_task_group.py took 0.287 seconds
[2025-01-10T01:02:34.226+0000] {processor.py:186} INFO - Started process (PID=164) to work on /home/airflow/.local/lib/python3.12/site-packages/airflow/example_dags/example_task_group.py
[2025-01-10T01:02:34.227+0000] {processor.py:914} INFO - Processing file /home/airflow/.local/lib/python3.12/site-packages/airflow/example_dags/example_task_group.py for tasks to queue
[2025-01-10T01:02:34.229+0000] {logging_mixin.py:190} INFO - [2025-01-10T01:02:34.229+0000] {dagbag.py:588} INFO - Filling up the DagBag from /home/airflow/.local/lib/python3.12/site-packages/airflow/example_dags/example_task_group.py
[2025-01-10T01:02:34.237+0000] {processor.py:925} INFO - DAG(s) 'example_task_group' retrieved from /home/airflow/.local/lib/python3.12/site-packages/airflow/example_dags/example_task_group.py
[2025-01-10T01:02:34.258+0000] {logging_mixin.py:190} INFO - [2025-01-10T01:02:34.257+0000] {dag.py:3239} INFO - Sync 1 DAGs
[2025-01-10T01:02:34.272+0000] {logging_mixin.py:190} INFO - [2025-01-10T01:02:34.272+0000] {dag.py:4180} INFO - Setting next_dagrun for example_task_group to None, run_after=None
[2025-01-10T01:02:34.293+0000] {processor.py:208} INFO - Processing /home/airflow/.local/lib/python3.12/site-packages/airflow/example_dags/example_task_group.py took 0.073 seconds
[2025-01-10T01:03:05.182+0000] {processor.py:186} INFO - Started process (PID=227) to work on /home/airflow/.local/lib/python3.12/site-packages/airflow/example_dags/example_task_group.py
[2025-01-10T01:03:05.183+0000] {processor.py:914} INFO - Processing file /home/airflow/.local/lib/python3.12/site-packages/airflow/example_dags/example_task_group.py for tasks to queue
[2025-01-10T01:03:05.185+0000] {logging_mixin.py:190} INFO - [2025-01-10T01:03:05.185+0000] {dagbag.py:588} INFO - Filling up the DagBag from /home/airflow/.local/lib/python3.12/site-packages/airflow/example_dags/example_task_group.py
[2025-01-10T01:03:05.195+0000] {processor.py:925} INFO - DAG(s) 'example_task_group' retrieved from /home/airflow/.local/lib/python3.12/site-packages/airflow/example_dags/example_task_group.py
[2025-01-10T01:03:05.212+0000] {logging_mixin.py:190} INFO - [2025-01-10T01:03:05.212+0000] {dag.py:3239} INFO - Sync 1 DAGs
[2025-01-10T01:03:05.227+0000] {logging_mixin.py:190} INFO - [2025-01-10T01:03:05.227+0000] {dag.py:4180} INFO - Setting next_dagrun for example_task_group to None, run_after=None
[2025-01-10T01:03:05.246+0000] {processor.py:208} INFO - Processing /home/airflow/.local/lib/python3.12/site-packages/airflow/example_dags/example_task_group.py took 0.071 seconds
[2025-01-10T01:03:35.896+0000] {processor.py:186} INFO - Started process (PID=290) to work on /home/airflow/.local/lib/python3.12/site-packages/airflow/example_dags/example_task_group.py
[2025-01-10T01:03:35.898+0000] {processor.py:914} INFO - Processing file /home/airflow/.local/lib/python3.12/site-packages/airflow/example_dags/example_task_group.py for tasks to queue
[2025-01-10T01:03:35.902+0000] {logging_mixin.py:190} INFO - [2025-01-10T01:03:35.902+0000] {dagbag.py:588} INFO - Filling up the DagBag from /home/airflow/.local/lib/python3.12/site-packages/airflow/example_dags/example_task_group.py
[2025-01-10T01:03:35.913+0000] {processor.py:925} INFO - DAG(s) 'example_task_group' retrieved from /home/airflow/.local/lib/python3.12/site-packages/airflow/example_dags/example_task_group.py
[2025-01-10T01:03:35.943+0000] {logging_mixin.py:190} INFO - [2025-01-10T01:03:35.942+0000] {dag.py:3239} INFO - Sync 1 DAGs
[2025-01-10T01:03:35.962+0000] {logging_mixin.py:190} INFO - [2025-01-10T01:03:35.962+0000] {dag.py:4180} INFO - Setting next_dagrun for example_task_group to None, run_after=None
[2025-01-10T01:03:35.990+0000] {processor.py:208} INFO - Processing /home/airflow/.local/lib/python3.12/site-packages/airflow/example_dags/example_task_group.py took 0.102 seconds
[2025-01-10T01:04:06.182+0000] {processor.py:186} INFO - Started process (PID=353) to work on /home/airflow/.local/lib/python3.12/site-packages/airflow/example_dags/example_task_group.py
[2025-01-10T01:04:06.183+0000] {processor.py:914} INFO - Processing file /home/airflow/.local/lib/python3.12/site-packages/airflow/example_dags/example_task_group.py for tasks to queue
[2025-01-10T01:04:06.186+0000] {logging_mixin.py:190} INFO - [2025-01-10T01:04:06.185+0000] {dagbag.py:588} INFO - Filling up the DagBag from /home/airflow/.local/lib/python3.12/site-packages/airflow/example_dags/example_task_group.py
[2025-01-10T01:04:06.197+0000] {processor.py:925} INFO - DAG(s) 'example_task_group' retrieved from /home/airflow/.local/lib/python3.12/site-packages/airflow/example_dags/example_task_group.py
[2025-01-10T01:04:06.221+0000] {logging_mixin.py:190} INFO - [2025-01-10T01:04:06.220+0000] {dag.py:3239} INFO - Sync 1 DAGs
[2025-01-10T01:04:06.237+0000] {logging_mixin.py:190} INFO - [2025-01-10T01:04:06.237+0000] {dag.py:4180} INFO - Setting next_dagrun for example_task_group to None, run_after=None
[2025-01-10T01:04:06.257+0000] {processor.py:208} INFO - Processing /home/airflow/.local/lib/python3.12/site-packages/airflow/example_dags/example_task_group.py took 0.081 seconds
[2025-01-10T01:04:36.880+0000] {processor.py:186} INFO - Started process (PID=416) to work on /home/airflow/.local/lib/python3.12/site-packages/airflow/example_dags/example_task_group.py
[2025-01-10T01:04:36.881+0000] {processor.py:914} INFO - Processing file /home/airflow/.local/lib/python3.12/site-packages/airflow/example_dags/example_task_group.py for tasks to queue
[2025-01-10T01:04:36.886+0000] {logging_mixin.py:190} INFO - [2025-01-10T01:04:36.886+0000] {dagbag.py:588} INFO - Filling up the DagBag from /home/airflow/.local/lib/python3.12/site-packages/airflow/example_dags/example_task_group.py
[2025-01-10T01:04:36.901+0000] {processor.py:925} INFO - DAG(s) 'example_task_group' retrieved from /home/airflow/.local/lib/python3.12/site-packages/airflow/example_dags/example_task_group.py
[2025-01-10T01:04:36.934+0000] {logging_mixin.py:190} INFO - [2025-01-10T01:04:36.933+0000] {dag.py:3239} INFO - Sync 1 DAGs
[2025-01-10T01:04:36.955+0000] {logging_mixin.py:190} INFO - [2025-01-10T01:04:36.954+0000] {dag.py:4180} INFO - Setting next_dagrun for example_task_group to None, run_after=None
[2025-01-10T01:04:36.985+0000] {processor.py:208} INFO - Processing /home/airflow/.local/lib/python3.12/site-packages/airflow/example_dags/example_task_group.py took 0.114 seconds
[2025-01-10T01:05:07.750+0000] {processor.py:186} INFO - Started process (PID=479) to work on /home/airflow/.local/lib/python3.12/site-packages/airflow/example_dags/example_task_group.py
[2025-01-10T01:05:07.752+0000] {processor.py:914} INFO - Processing file /home/airflow/.local/lib/python3.12/site-packages/airflow/example_dags/example_task_group.py for tasks to queue
[2025-01-10T01:05:07.755+0000] {logging_mixin.py:190} INFO - [2025-01-10T01:05:07.755+0000] {dagbag.py:588} INFO - Filling up the DagBag from /home/airflow/.local/lib/python3.12/site-packages/airflow/example_dags/example_task_group.py
[2025-01-10T01:05:07.767+0000] {processor.py:925} INFO - DAG(s) 'example_task_group' retrieved from /home/airflow/.local/lib/python3.12/site-packages/airflow/example_dags/example_task_group.py
[2025-01-10T01:05:07.791+0000] {logging_mixin.py:190} INFO - [2025-01-10T01:05:07.791+0000] {dag.py:3239} INFO - Sync 1 DAGs
[2025-01-10T01:05:07.809+0000] {logging_mixin.py:190} INFO - [2025-01-10T01:05:07.809+0000] {dag.py:4180} INFO - Setting next_dagrun for example_task_group to None, run_after=None
[2025-01-10T01:05:07.834+0000] {processor.py:208} INFO - Processing /home/airflow/.local/lib/python3.12/site-packages/airflow/example_dags/example_task_group.py took 0.093 seconds
[2025-01-10T01:05:38.018+0000] {processor.py:186} INFO - Started process (PID=541) to work on /home/airflow/.local/lib/python3.12/site-packages/airflow/example_dags/example_task_group.py
[2025-01-10T01:05:38.019+0000] {processor.py:914} INFO - Processing file /home/airflow/.local/lib/python3.12/site-packages/airflow/example_dags/example_task_group.py for tasks to queue
[2025-01-10T01:05:38.021+0000] {logging_mixin.py:190} INFO - [2025-01-10T01:05:38.021+0000] {dagbag.py:588} INFO - Filling up the DagBag from /home/airflow/.local/lib/python3.12/site-packages/airflow/example_dags/example_task_group.py
[2025-01-10T01:05:38.032+0000] {processor.py:925} INFO - DAG(s) 'example_task_group' retrieved from /home/airflow/.local/lib/python3.12/site-packages/airflow/example_dags/example_task_group.py
[2025-01-10T01:05:38.063+0000] {logging_mixin.py:190} INFO - [2025-01-10T01:05:38.062+0000] {dag.py:3239} INFO - Sync 1 DAGs
[2025-01-10T01:05:38.077+0000] {logging_mixin.py:190} INFO - [2025-01-10T01:05:38.077+0000] {dag.py:4180} INFO - Setting next_dagrun for example_task_group to None, run_after=None
[2025-01-10T01:05:38.102+0000] {processor.py:208} INFO - Processing /home/airflow/.local/lib/python3.12/site-packages/airflow/example_dags/example_task_group.py took 0.089 seconds
[2025-01-10T01:06:08.674+0000] {processor.py:186} INFO - Started process (PID=604) to work on /home/airflow/.local/lib/python3.12/site-packages/airflow/example_dags/example_task_group.py
[2025-01-10T01:06:08.675+0000] {processor.py:914} INFO - Processing file /home/airflow/.local/lib/python3.12/site-packages/airflow/example_dags/example_task_group.py for tasks to queue
[2025-01-10T01:06:08.677+0000] {logging_mixin.py:190} INFO - [2025-01-10T01:06:08.677+0000] {dagbag.py:588} INFO - Filling up the DagBag from /home/airflow/.local/lib/python3.12/site-packages/airflow/example_dags/example_task_group.py
[2025-01-10T01:06:08.692+0000] {processor.py:925} INFO - DAG(s) 'example_task_group' retrieved from /home/airflow/.local/lib/python3.12/site-packages/airflow/example_dags/example_task_group.py
[2025-01-10T01:06:08.723+0000] {logging_mixin.py:190} INFO - [2025-01-10T01:06:08.722+0000] {dag.py:3239} INFO - Sync 1 DAGs
[2025-01-10T01:06:08.737+0000] {logging_mixin.py:190} INFO - [2025-01-10T01:06:08.737+0000] {dag.py:4180} INFO - Setting next_dagrun for example_task_group to None, run_after=None
[2025-01-10T01:06:08.758+0000] {processor.py:208} INFO - Processing /home/airflow/.local/lib/python3.12/site-packages/airflow/example_dags/example_task_group.py took 0.091 seconds
[2025-01-10T01:06:38.991+0000] {processor.py:186} INFO - Started process (PID=667) to work on /home/airflow/.local/lib/python3.12/site-packages/airflow/example_dags/example_task_group.py
[2025-01-10T01:06:38.992+0000] {processor.py:914} INFO - Processing file /home/airflow/.local/lib/python3.12/site-packages/airflow/example_dags/example_task_group.py for tasks to queue
[2025-01-10T01:06:38.995+0000] {logging_mixin.py:190} INFO - [2025-01-10T01:06:38.994+0000] {dagbag.py:588} INFO - Filling up the DagBag from /home/airflow/.local/lib/python3.12/site-packages/airflow/example_dags/example_task_group.py
[2025-01-10T01:06:39.002+0000] {processor.py:925} INFO - DAG(s) 'example_task_group' retrieved from /home/airflow/.local/lib/python3.12/site-packages/airflow/example_dags/example_task_group.py
[2025-01-10T01:06:39.021+0000] {logging_mixin.py:190} INFO - [2025-01-10T01:06:39.020+0000] {dag.py:3239} INFO - Sync 1 DAGs
[2025-01-10T01:06:39.034+0000] {logging_mixin.py:190} INFO - [2025-01-10T01:06:39.034+0000] {dag.py:4180} INFO - Setting next_dagrun for example_task_group to None, run_after=None
[2025-01-10T01:06:39.056+0000] {processor.py:208} INFO - Processing /home/airflow/.local/lib/python3.12/site-packages/airflow/example_dags/example_task_group.py took 0.069 seconds
[2025-01-10T01:07:09.320+0000] {processor.py:186} INFO - Started process (PID=729) to work on /home/airflow/.local/lib/python3.12/site-packages/airflow/example_dags/example_task_group.py
[2025-01-10T01:07:09.320+0000] {processor.py:914} INFO - Processing file /home/airflow/.local/lib/python3.12/site-packages/airflow/example_dags/example_task_group.py for tasks to queue
[2025-01-10T01:07:09.323+0000] {logging_mixin.py:190} INFO - [2025-01-10T01:07:09.323+0000] {dagbag.py:588} INFO - Filling up the DagBag from /home/airflow/.local/lib/python3.12/site-packages/airflow/example_dags/example_task_group.py
[2025-01-10T01:07:09.333+0000] {processor.py:925} INFO - DAG(s) 'example_task_group' retrieved from /home/airflow/.local/lib/python3.12/site-packages/airflow/example_dags/example_task_group.py
[2025-01-10T01:07:09.355+0000] {logging_mixin.py:190} INFO - [2025-01-10T01:07:09.354+0000] {dag.py:3239} INFO - Sync 1 DAGs
[2025-01-10T01:07:09.370+0000] {logging_mixin.py:190} INFO - [2025-01-10T01:07:09.370+0000] {dag.py:4180} INFO - Setting next_dagrun for example_task_group to None, run_after=None
[2025-01-10T01:07:09.393+0000] {processor.py:208} INFO - Processing /home/airflow/.local/lib/python3.12/site-packages/airflow/example_dags/example_task_group.py took 0.078 seconds
[2025-01-10T01:07:39.636+0000] {processor.py:186} INFO - Started process (PID=792) to work on /home/airflow/.local/lib/python3.12/site-packages/airflow/example_dags/example_task_group.py
[2025-01-10T01:07:39.638+0000] {processor.py:914} INFO - Processing file /home/airflow/.local/lib/python3.12/site-packages/airflow/example_dags/example_task_group.py for tasks to queue
[2025-01-10T01:07:39.643+0000] {logging_mixin.py:190} INFO - [2025-01-10T01:07:39.642+0000] {dagbag.py:588} INFO - Filling up the DagBag from /home/airflow/.local/lib/python3.12/site-packages/airflow/example_dags/example_task_group.py
[2025-01-10T01:07:39.658+0000] {processor.py:925} INFO - DAG(s) 'example_task_group' retrieved from /home/airflow/.local/lib/python3.12/site-packages/airflow/example_dags/example_task_group.py
[2025-01-10T01:07:39.693+0000] {logging_mixin.py:190} INFO - [2025-01-10T01:07:39.692+0000] {dag.py:3239} INFO - Sync 1 DAGs
[2025-01-10T01:07:39.717+0000] {logging_mixin.py:190} INFO - [2025-01-10T01:07:39.716+0000] {dag.py:4180} INFO - Setting next_dagrun for example_task_group to None, run_after=None
[2025-01-10T01:07:39.747+0000] {processor.py:208} INFO - Processing /home/airflow/.local/lib/python3.12/site-packages/airflow/example_dags/example_task_group.py took 0.120 seconds
[2025-01-10T01:08:11.166+0000] {processor.py:186} INFO - Started process (PID=855) to work on /home/airflow/.local/lib/python3.12/site-packages/airflow/example_dags/example_task_group.py
[2025-01-10T01:08:11.196+0000] {processor.py:914} INFO - Processing file /home/airflow/.local/lib/python3.12/site-packages/airflow/example_dags/example_task_group.py for tasks to queue
[2025-01-10T01:08:11.210+0000] {logging_mixin.py:190} INFO - [2025-01-10T01:08:11.210+0000] {dagbag.py:588} INFO - Filling up the DagBag from /home/airflow/.local/lib/python3.12/site-packages/airflow/example_dags/example_task_group.py
[2025-01-10T01:08:11.229+0000] {processor.py:925} INFO - DAG(s) 'example_task_group' retrieved from /home/airflow/.local/lib/python3.12/site-packages/airflow/example_dags/example_task_group.py
[2025-01-10T01:08:11.251+0000] {logging_mixin.py:190} INFO - [2025-01-10T01:08:11.251+0000] {dag.py:3239} INFO - Sync 1 DAGs
[2025-01-10T01:08:11.266+0000] {logging_mixin.py:190} INFO - [2025-01-10T01:08:11.266+0000] {dag.py:4180} INFO - Setting next_dagrun for example_task_group to None, run_after=None
[2025-01-10T01:08:11.287+0000] {processor.py:208} INFO - Processing /home/airflow/.local/lib/python3.12/site-packages/airflow/example_dags/example_task_group.py took 0.130 seconds
[2025-01-10T01:08:42.153+0000] {processor.py:186} INFO - Started process (PID=918) to work on /home/airflow/.local/lib/python3.12/site-packages/airflow/example_dags/example_task_group.py
[2025-01-10T01:08:42.154+0000] {processor.py:914} INFO - Processing file /home/airflow/.local/lib/python3.12/site-packages/airflow/example_dags/example_task_group.py for tasks to queue
[2025-01-10T01:08:42.156+0000] {logging_mixin.py:190} INFO - [2025-01-10T01:08:42.156+0000] {dagbag.py:588} INFO - Filling up the DagBag from /home/airflow/.local/lib/python3.12/site-packages/airflow/example_dags/example_task_group.py
[2025-01-10T01:08:42.165+0000] {processor.py:925} INFO - DAG(s) 'example_task_group' retrieved from /home/airflow/.local/lib/python3.12/site-packages/airflow/example_dags/example_task_group.py
[2025-01-10T01:08:42.186+0000] {logging_mixin.py:190} INFO - [2025-01-10T01:08:42.186+0000] {dag.py:3239} INFO - Sync 1 DAGs
[2025-01-10T01:08:42.201+0000] {logging_mixin.py:190} INFO - [2025-01-10T01:08:42.201+0000] {dag.py:4180} INFO - Setting next_dagrun for example_task_group to None, run_after=None
[2025-01-10T01:08:42.224+0000] {processor.py:208} INFO - Processing /home/airflow/.local/lib/python3.12/site-packages/airflow/example_dags/example_task_group.py took 0.076 seconds
[2025-01-10T01:09:12.274+0000] {processor.py:186} INFO - Started process (PID=982) to work on /home/airflow/.local/lib/python3.12/site-packages/airflow/example_dags/example_task_group.py
[2025-01-10T01:09:12.275+0000] {processor.py:914} INFO - Processing file /home/airflow/.local/lib/python3.12/site-packages/airflow/example_dags/example_task_group.py for tasks to queue
[2025-01-10T01:09:12.278+0000] {logging_mixin.py:190} INFO - [2025-01-10T01:09:12.278+0000] {dagbag.py:588} INFO - Filling up the DagBag from /home/airflow/.local/lib/python3.12/site-packages/airflow/example_dags/example_task_group.py
[2025-01-10T01:09:12.286+0000] {processor.py:925} INFO - DAG(s) 'example_task_group' retrieved from /home/airflow/.local/lib/python3.12/site-packages/airflow/example_dags/example_task_group.py
[2025-01-10T01:09:12.306+0000] {logging_mixin.py:190} INFO - [2025-01-10T01:09:12.306+0000] {dag.py:3239} INFO - Sync 1 DAGs
[2025-01-10T01:09:12.322+0000] {logging_mixin.py:190} INFO - [2025-01-10T01:09:12.322+0000] {dag.py:4180} INFO - Setting next_dagrun for example_task_group to None, run_after=None
[2025-01-10T01:09:12.346+0000] {processor.py:208} INFO - Processing /home/airflow/.local/lib/python3.12/site-packages/airflow/example_dags/example_task_group.py took 0.077 seconds
[2025-01-10T01:09:42.959+0000] {processor.py:186} INFO - Started process (PID=1044) to work on /home/airflow/.local/lib/python3.12/site-packages/airflow/example_dags/example_task_group.py
[2025-01-10T01:09:42.960+0000] {processor.py:914} INFO - Processing file /home/airflow/.local/lib/python3.12/site-packages/airflow/example_dags/example_task_group.py for tasks to queue
[2025-01-10T01:09:42.962+0000] {logging_mixin.py:190} INFO - [2025-01-10T01:09:42.962+0000] {dagbag.py:588} INFO - Filling up the DagBag from /home/airflow/.local/lib/python3.12/site-packages/airflow/example_dags/example_task_group.py
[2025-01-10T01:09:42.971+0000] {processor.py:925} INFO - DAG(s) 'example_task_group' retrieved from /home/airflow/.local/lib/python3.12/site-packages/airflow/example_dags/example_task_group.py
[2025-01-10T01:09:42.991+0000] {logging_mixin.py:190} INFO - [2025-01-10T01:09:42.991+0000] {dag.py:3239} INFO - Sync 1 DAGs
[2025-01-10T01:09:43.008+0000] {logging_mixin.py:190} INFO - [2025-01-10T01:09:43.007+0000] {dag.py:4180} INFO - Setting next_dagrun for example_task_group to None, run_after=None
[2025-01-10T01:09:43.030+0000] {processor.py:208} INFO - Processing /home/airflow/.local/lib/python3.12/site-packages/airflow/example_dags/example_task_group.py took 0.077 seconds
[2025-01-10T01:10:13.890+0000] {processor.py:186} INFO - Started process (PID=1107) to work on /home/airflow/.local/lib/python3.12/site-packages/airflow/example_dags/example_task_group.py
[2025-01-10T01:10:13.892+0000] {processor.py:914} INFO - Processing file /home/airflow/.local/lib/python3.12/site-packages/airflow/example_dags/example_task_group.py for tasks to queue
[2025-01-10T01:10:13.894+0000] {logging_mixin.py:190} INFO - [2025-01-10T01:10:13.894+0000] {dagbag.py:588} INFO - Filling up the DagBag from /home/airflow/.local/lib/python3.12/site-packages/airflow/example_dags/example_task_group.py
[2025-01-10T01:10:13.902+0000] {processor.py:925} INFO - DAG(s) 'example_task_group' retrieved from /home/airflow/.local/lib/python3.12/site-packages/airflow/example_dags/example_task_group.py
[2025-01-10T01:10:13.925+0000] {logging_mixin.py:190} INFO - [2025-01-10T01:10:13.925+0000] {dag.py:3239} INFO - Sync 1 DAGs
[2025-01-10T01:10:13.941+0000] {logging_mixin.py:190} INFO - [2025-01-10T01:10:13.941+0000] {dag.py:4180} INFO - Setting next_dagrun for example_task_group to None, run_after=None
[2025-01-10T01:10:13.961+0000] {processor.py:208} INFO - Processing /home/airflow/.local/lib/python3.12/site-packages/airflow/example_dags/example_task_group.py took 0.076 seconds
[2025-01-10T01:10:44.101+0000] {processor.py:186} INFO - Started process (PID=1170) to work on /home/airflow/.local/lib/python3.12/site-packages/airflow/example_dags/example_task_group.py
[2025-01-10T01:10:44.102+0000] {processor.py:914} INFO - Processing file /home/airflow/.local/lib/python3.12/site-packages/airflow/example_dags/example_task_group.py for tasks to queue
[2025-01-10T01:10:44.105+0000] {logging_mixin.py:190} INFO - [2025-01-10T01:10:44.105+0000] {dagbag.py:588} INFO - Filling up the DagBag from /home/airflow/.local/lib/python3.12/site-packages/airflow/example_dags/example_task_group.py
[2025-01-10T01:10:44.113+0000] {processor.py:925} INFO - DAG(s) 'example_task_group' retrieved from /home/airflow/.local/lib/python3.12/site-packages/airflow/example_dags/example_task_group.py
[2025-01-10T01:10:44.136+0000] {logging_mixin.py:190} INFO - [2025-01-10T01:10:44.136+0000] {dag.py:3239} INFO - Sync 1 DAGs
[2025-01-10T01:10:44.151+0000] {logging_mixin.py:190} INFO - [2025-01-10T01:10:44.150+0000] {dag.py:4180} INFO - Setting next_dagrun for example_task_group to None, run_after=None
[2025-01-10T01:10:44.171+0000] {processor.py:208} INFO - Processing /home/airflow/.local/lib/python3.12/site-packages/airflow/example_dags/example_task_group.py took 0.075 seconds
[2025-01-10T01:11:14.354+0000] {processor.py:186} INFO - Started process (PID=1232) to work on /home/airflow/.local/lib/python3.12/site-packages/airflow/example_dags/example_task_group.py
[2025-01-10T01:11:14.355+0000] {processor.py:914} INFO - Processing file /home/airflow/.local/lib/python3.12/site-packages/airflow/example_dags/example_task_group.py for tasks to queue
[2025-01-10T01:11:14.357+0000] {logging_mixin.py:190} INFO - [2025-01-10T01:11:14.357+0000] {dagbag.py:588} INFO - Filling up the DagBag from /home/airflow/.local/lib/python3.12/site-packages/airflow/example_dags/example_task_group.py
[2025-01-10T01:11:14.366+0000] {processor.py:925} INFO - DAG(s) 'example_task_group' retrieved from /home/airflow/.local/lib/python3.12/site-packages/airflow/example_dags/example_task_group.py
[2025-01-10T01:11:14.386+0000] {logging_mixin.py:190} INFO - [2025-01-10T01:11:14.385+0000] {dag.py:3239} INFO - Sync 1 DAGs
[2025-01-10T01:11:14.399+0000] {logging_mixin.py:190} INFO - [2025-01-10T01:11:14.399+0000] {dag.py:4180} INFO - Setting next_dagrun for example_task_group to None, run_after=None
[2025-01-10T01:11:14.418+0000] {processor.py:208} INFO - Processing /home/airflow/.local/lib/python3.12/site-packages/airflow/example_dags/example_task_group.py took 0.070 seconds
