[2025-01-10T00:43:51.348+0000] {processor.py:186} INFO - Started process (PID=96) to work on /home/airflow/.local/lib/python3.12/site-packages/airflow/example_dags/example_branch_labels.py
[2025-01-10T00:43:51.349+0000] {processor.py:914} INFO - Processing file /home/airflow/.local/lib/python3.12/site-packages/airflow/example_dags/example_branch_labels.py for tasks to queue
[2025-01-10T00:43:51.353+0000] {logging_mixin.py:190} INFO - [2025-01-10T00:43:51.352+0000] {dagbag.py:588} INFO - Filling up the DagBag from /home/airflow/.local/lib/python3.12/site-packages/airflow/example_dags/example_branch_labels.py
[2025-01-10T00:43:51.366+0000] {processor.py:925} INFO - DAG(s) 'example_branch_labels' retrieved from /home/airflow/.local/lib/python3.12/site-packages/airflow/example_dags/example_branch_labels.py
[2025-01-10T00:43:51.507+0000] {logging_mixin.py:190} INFO - [2025-01-10T00:43:51.506+0000] {override.py:1911} INFO - Created Permission View: can delete on DAG:example_branch_labels
[2025-01-10T00:43:51.520+0000] {logging_mixin.py:190} INFO - [2025-01-10T00:43:51.520+0000] {override.py:1911} INFO - Created Permission View: can read on DAG:example_branch_labels
[2025-01-10T00:43:51.530+0000] {logging_mixin.py:190} INFO - [2025-01-10T00:43:51.529+0000] {override.py:1911} INFO - Created Permission View: can edit on DAG:example_branch_labels
[2025-01-10T00:43:51.543+0000] {logging_mixin.py:190} INFO - [2025-01-10T00:43:51.543+0000] {override.py:1911} INFO - Created Permission View: can delete on DAG Run:example_branch_labels
[2025-01-10T00:43:51.552+0000] {logging_mixin.py:190} INFO - [2025-01-10T00:43:51.552+0000] {override.py:1911} INFO - Created Permission View: can read on DAG Run:example_branch_labels
[2025-01-10T00:43:51.562+0000] {logging_mixin.py:190} INFO - [2025-01-10T00:43:51.561+0000] {override.py:1911} INFO - Created Permission View: can create on DAG Run:example_branch_labels
[2025-01-10T00:43:51.571+0000] {logging_mixin.py:190} INFO - [2025-01-10T00:43:51.571+0000] {override.py:1911} INFO - Created Permission View: menu access on DAG Run:example_branch_labels
[2025-01-10T00:43:51.572+0000] {logging_mixin.py:190} INFO - [2025-01-10T00:43:51.572+0000] {dag.py:3239} INFO - Sync 1 DAGs
[2025-01-10T00:43:51.591+0000] {logging_mixin.py:190} INFO - [2025-01-10T00:43:51.591+0000] {dag.py:3262} INFO - Creating ORM DAG for example_branch_labels
[2025-01-10T00:43:51.608+0000] {logging_mixin.py:190} INFO - [2025-01-10T00:43:51.607+0000] {dag.py:4180} INFO - Setting next_dagrun for example_branch_labels to 2025-01-09 00:00:00+00:00, run_after=2025-01-10 00:00:00+00:00
[2025-01-10T00:43:51.629+0000] {processor.py:208} INFO - Processing /home/airflow/.local/lib/python3.12/site-packages/airflow/example_dags/example_branch_labels.py took 0.289 seconds
[2025-01-10T00:44:21.782+0000] {processor.py:186} INFO - Started process (PID=158) to work on /home/airflow/.local/lib/python3.12/site-packages/airflow/example_dags/example_branch_labels.py
[2025-01-10T00:44:21.783+0000] {processor.py:914} INFO - Processing file /home/airflow/.local/lib/python3.12/site-packages/airflow/example_dags/example_branch_labels.py for tasks to queue
[2025-01-10T00:44:21.785+0000] {logging_mixin.py:190} INFO - [2025-01-10T00:44:21.785+0000] {dagbag.py:588} INFO - Filling up the DagBag from /home/airflow/.local/lib/python3.12/site-packages/airflow/example_dags/example_branch_labels.py
[2025-01-10T00:44:21.798+0000] {processor.py:925} INFO - DAG(s) 'example_branch_labels' retrieved from /home/airflow/.local/lib/python3.12/site-packages/airflow/example_dags/example_branch_labels.py
[2025-01-10T00:44:21.822+0000] {logging_mixin.py:190} INFO - [2025-01-10T00:44:21.822+0000] {dag.py:3239} INFO - Sync 1 DAGs
[2025-01-10T00:44:21.850+0000] {logging_mixin.py:190} INFO - [2025-01-10T00:44:21.850+0000] {dag.py:4180} INFO - Setting next_dagrun for example_branch_labels to 2025-01-09 00:00:00+00:00, run_after=2025-01-10 00:00:00+00:00
[2025-01-10T00:44:21.872+0000] {processor.py:208} INFO - Processing /home/airflow/.local/lib/python3.12/site-packages/airflow/example_dags/example_branch_labels.py took 0.097 seconds
[2025-01-10T00:44:53.244+0000] {processor.py:186} INFO - Started process (PID=221) to work on /home/airflow/.local/lib/python3.12/site-packages/airflow/example_dags/example_branch_labels.py
[2025-01-10T00:44:53.245+0000] {processor.py:914} INFO - Processing file /home/airflow/.local/lib/python3.12/site-packages/airflow/example_dags/example_branch_labels.py for tasks to queue
[2025-01-10T00:44:53.249+0000] {logging_mixin.py:190} INFO - [2025-01-10T00:44:53.248+0000] {dagbag.py:588} INFO - Filling up the DagBag from /home/airflow/.local/lib/python3.12/site-packages/airflow/example_dags/example_branch_labels.py
[2025-01-10T00:44:53.267+0000] {processor.py:925} INFO - DAG(s) 'example_branch_labels' retrieved from /home/airflow/.local/lib/python3.12/site-packages/airflow/example_dags/example_branch_labels.py
[2025-01-10T00:44:53.302+0000] {logging_mixin.py:190} INFO - [2025-01-10T00:44:53.302+0000] {dag.py:3239} INFO - Sync 1 DAGs
[2025-01-10T00:44:53.345+0000] {logging_mixin.py:190} INFO - [2025-01-10T00:44:53.344+0000] {dag.py:4180} INFO - Setting next_dagrun for example_branch_labels to 2025-01-09 00:00:00+00:00, run_after=2025-01-10 00:00:00+00:00
[2025-01-10T00:44:53.380+0000] {processor.py:208} INFO - Processing /home/airflow/.local/lib/python3.12/site-packages/airflow/example_dags/example_branch_labels.py took 0.145 seconds
[2025-01-10T00:45:23.733+0000] {processor.py:186} INFO - Started process (PID=284) to work on /home/airflow/.local/lib/python3.12/site-packages/airflow/example_dags/example_branch_labels.py
[2025-01-10T00:45:23.735+0000] {processor.py:914} INFO - Processing file /home/airflow/.local/lib/python3.12/site-packages/airflow/example_dags/example_branch_labels.py for tasks to queue
[2025-01-10T00:45:23.738+0000] {logging_mixin.py:190} INFO - [2025-01-10T00:45:23.738+0000] {dagbag.py:588} INFO - Filling up the DagBag from /home/airflow/.local/lib/python3.12/site-packages/airflow/example_dags/example_branch_labels.py
[2025-01-10T00:45:23.755+0000] {processor.py:925} INFO - DAG(s) 'example_branch_labels' retrieved from /home/airflow/.local/lib/python3.12/site-packages/airflow/example_dags/example_branch_labels.py
[2025-01-10T00:45:23.789+0000] {logging_mixin.py:190} INFO - [2025-01-10T00:45:23.788+0000] {dag.py:3239} INFO - Sync 1 DAGs
[2025-01-10T00:45:23.826+0000] {logging_mixin.py:190} INFO - [2025-01-10T00:45:23.826+0000] {dag.py:4180} INFO - Setting next_dagrun for example_branch_labels to 2025-01-09 00:00:00+00:00, run_after=2025-01-10 00:00:00+00:00
[2025-01-10T00:45:23.868+0000] {processor.py:208} INFO - Processing /home/airflow/.local/lib/python3.12/site-packages/airflow/example_dags/example_branch_labels.py took 0.144 seconds
[2025-01-10T00:45:54.245+0000] {processor.py:186} INFO - Started process (PID=346) to work on /home/airflow/.local/lib/python3.12/site-packages/airflow/example_dags/example_branch_labels.py
[2025-01-10T00:45:54.246+0000] {processor.py:914} INFO - Processing file /home/airflow/.local/lib/python3.12/site-packages/airflow/example_dags/example_branch_labels.py for tasks to queue
[2025-01-10T00:45:54.251+0000] {logging_mixin.py:190} INFO - [2025-01-10T00:45:54.251+0000] {dagbag.py:588} INFO - Filling up the DagBag from /home/airflow/.local/lib/python3.12/site-packages/airflow/example_dags/example_branch_labels.py
[2025-01-10T00:45:54.267+0000] {processor.py:925} INFO - DAG(s) 'example_branch_labels' retrieved from /home/airflow/.local/lib/python3.12/site-packages/airflow/example_dags/example_branch_labels.py
[2025-01-10T00:45:54.298+0000] {logging_mixin.py:190} INFO - [2025-01-10T00:45:54.297+0000] {dag.py:3239} INFO - Sync 1 DAGs
[2025-01-10T00:45:54.341+0000] {logging_mixin.py:190} INFO - [2025-01-10T00:45:54.341+0000] {dag.py:4180} INFO - Setting next_dagrun for example_branch_labels to 2025-01-09 00:00:00+00:00, run_after=2025-01-10 00:00:00+00:00
[2025-01-10T00:45:54.376+0000] {processor.py:208} INFO - Processing /home/airflow/.local/lib/python3.12/site-packages/airflow/example_dags/example_branch_labels.py took 0.138 seconds
[2025-01-10T00:46:24.601+0000] {processor.py:186} INFO - Started process (PID=409) to work on /home/airflow/.local/lib/python3.12/site-packages/airflow/example_dags/example_branch_labels.py
[2025-01-10T00:46:24.602+0000] {processor.py:914} INFO - Processing file /home/airflow/.local/lib/python3.12/site-packages/airflow/example_dags/example_branch_labels.py for tasks to queue
[2025-01-10T00:46:24.604+0000] {logging_mixin.py:190} INFO - [2025-01-10T00:46:24.604+0000] {dagbag.py:588} INFO - Filling up the DagBag from /home/airflow/.local/lib/python3.12/site-packages/airflow/example_dags/example_branch_labels.py
[2025-01-10T00:46:24.616+0000] {processor.py:925} INFO - DAG(s) 'example_branch_labels' retrieved from /home/airflow/.local/lib/python3.12/site-packages/airflow/example_dags/example_branch_labels.py
[2025-01-10T00:46:24.636+0000] {logging_mixin.py:190} INFO - [2025-01-10T00:46:24.635+0000] {dag.py:3239} INFO - Sync 1 DAGs
[2025-01-10T00:46:24.662+0000] {logging_mixin.py:190} INFO - [2025-01-10T00:46:24.661+0000] {dag.py:4180} INFO - Setting next_dagrun for example_branch_labels to 2025-01-09 00:00:00+00:00, run_after=2025-01-10 00:00:00+00:00
[2025-01-10T00:46:24.681+0000] {processor.py:208} INFO - Processing /home/airflow/.local/lib/python3.12/site-packages/airflow/example_dags/example_branch_labels.py took 0.086 seconds
[2025-01-10T00:46:55.049+0000] {processor.py:186} INFO - Started process (PID=472) to work on /home/airflow/.local/lib/python3.12/site-packages/airflow/example_dags/example_branch_labels.py
[2025-01-10T00:46:55.050+0000] {processor.py:914} INFO - Processing file /home/airflow/.local/lib/python3.12/site-packages/airflow/example_dags/example_branch_labels.py for tasks to queue
[2025-01-10T00:46:55.054+0000] {logging_mixin.py:190} INFO - [2025-01-10T00:46:55.053+0000] {dagbag.py:588} INFO - Filling up the DagBag from /home/airflow/.local/lib/python3.12/site-packages/airflow/example_dags/example_branch_labels.py
[2025-01-10T00:46:55.068+0000] {processor.py:925} INFO - DAG(s) 'example_branch_labels' retrieved from /home/airflow/.local/lib/python3.12/site-packages/airflow/example_dags/example_branch_labels.py
[2025-01-10T00:46:55.096+0000] {logging_mixin.py:190} INFO - [2025-01-10T00:46:55.096+0000] {dag.py:3239} INFO - Sync 1 DAGs
[2025-01-10T00:46:55.125+0000] {logging_mixin.py:190} INFO - [2025-01-10T00:46:55.125+0000] {dag.py:4180} INFO - Setting next_dagrun for example_branch_labels to 2025-01-09 00:00:00+00:00, run_after=2025-01-10 00:00:00+00:00
[2025-01-10T00:46:55.148+0000] {processor.py:208} INFO - Processing /home/airflow/.local/lib/python3.12/site-packages/airflow/example_dags/example_branch_labels.py took 0.107 seconds
[2025-01-10T00:47:25.393+0000] {processor.py:186} INFO - Started process (PID=535) to work on /home/airflow/.local/lib/python3.12/site-packages/airflow/example_dags/example_branch_labels.py
[2025-01-10T00:47:25.395+0000] {processor.py:914} INFO - Processing file /home/airflow/.local/lib/python3.12/site-packages/airflow/example_dags/example_branch_labels.py for tasks to queue
[2025-01-10T00:47:25.397+0000] {logging_mixin.py:190} INFO - [2025-01-10T00:47:25.397+0000] {dagbag.py:588} INFO - Filling up the DagBag from /home/airflow/.local/lib/python3.12/site-packages/airflow/example_dags/example_branch_labels.py
[2025-01-10T00:47:25.407+0000] {processor.py:925} INFO - DAG(s) 'example_branch_labels' retrieved from /home/airflow/.local/lib/python3.12/site-packages/airflow/example_dags/example_branch_labels.py
[2025-01-10T00:47:25.428+0000] {logging_mixin.py:190} INFO - [2025-01-10T00:47:25.428+0000] {dag.py:3239} INFO - Sync 1 DAGs
[2025-01-10T00:47:25.451+0000] {logging_mixin.py:190} INFO - [2025-01-10T00:47:25.451+0000] {dag.py:4180} INFO - Setting next_dagrun for example_branch_labels to 2025-01-09 00:00:00+00:00, run_after=2025-01-10 00:00:00+00:00
[2025-01-10T00:47:25.472+0000] {processor.py:208} INFO - Processing /home/airflow/.local/lib/python3.12/site-packages/airflow/example_dags/example_branch_labels.py took 0.085 seconds
[2025-01-10T00:47:56.330+0000] {processor.py:186} INFO - Started process (PID=598) to work on /home/airflow/.local/lib/python3.12/site-packages/airflow/example_dags/example_branch_labels.py
[2025-01-10T00:47:56.331+0000] {processor.py:914} INFO - Processing file /home/airflow/.local/lib/python3.12/site-packages/airflow/example_dags/example_branch_labels.py for tasks to queue
[2025-01-10T00:47:56.333+0000] {logging_mixin.py:190} INFO - [2025-01-10T00:47:56.333+0000] {dagbag.py:588} INFO - Filling up the DagBag from /home/airflow/.local/lib/python3.12/site-packages/airflow/example_dags/example_branch_labels.py
[2025-01-10T00:47:56.342+0000] {processor.py:925} INFO - DAG(s) 'example_branch_labels' retrieved from /home/airflow/.local/lib/python3.12/site-packages/airflow/example_dags/example_branch_labels.py
[2025-01-10T00:47:56.368+0000] {logging_mixin.py:190} INFO - [2025-01-10T00:47:56.368+0000] {dag.py:3239} INFO - Sync 1 DAGs
[2025-01-10T00:47:56.392+0000] {logging_mixin.py:190} INFO - [2025-01-10T00:47:56.392+0000] {dag.py:4180} INFO - Setting next_dagrun for example_branch_labels to 2025-01-09 00:00:00+00:00, run_after=2025-01-10 00:00:00+00:00
[2025-01-10T00:47:56.413+0000] {processor.py:208} INFO - Processing /home/airflow/.local/lib/python3.12/site-packages/airflow/example_dags/example_branch_labels.py took 0.089 seconds
[2025-01-10T00:48:27.233+0000] {processor.py:186} INFO - Started process (PID=661) to work on /home/airflow/.local/lib/python3.12/site-packages/airflow/example_dags/example_branch_labels.py
[2025-01-10T00:48:27.234+0000] {processor.py:914} INFO - Processing file /home/airflow/.local/lib/python3.12/site-packages/airflow/example_dags/example_branch_labels.py for tasks to queue
[2025-01-10T00:48:27.236+0000] {logging_mixin.py:190} INFO - [2025-01-10T00:48:27.236+0000] {dagbag.py:588} INFO - Filling up the DagBag from /home/airflow/.local/lib/python3.12/site-packages/airflow/example_dags/example_branch_labels.py
[2025-01-10T00:48:27.245+0000] {processor.py:925} INFO - DAG(s) 'example_branch_labels' retrieved from /home/airflow/.local/lib/python3.12/site-packages/airflow/example_dags/example_branch_labels.py
[2025-01-10T00:48:27.265+0000] {logging_mixin.py:190} INFO - [2025-01-10T00:48:27.265+0000] {dag.py:3239} INFO - Sync 1 DAGs
[2025-01-10T00:48:27.288+0000] {logging_mixin.py:190} INFO - [2025-01-10T00:48:27.288+0000] {dag.py:4180} INFO - Setting next_dagrun for example_branch_labels to 2025-01-09 00:00:00+00:00, run_after=2025-01-10 00:00:00+00:00
[2025-01-10T00:48:27.306+0000] {processor.py:208} INFO - Processing /home/airflow/.local/lib/python3.12/site-packages/airflow/example_dags/example_branch_labels.py took 0.079 seconds
[2025-01-10T00:48:58.528+0000] {processor.py:186} INFO - Started process (PID=724) to work on /home/airflow/.local/lib/python3.12/site-packages/airflow/example_dags/example_branch_labels.py
[2025-01-10T00:48:58.529+0000] {processor.py:914} INFO - Processing file /home/airflow/.local/lib/python3.12/site-packages/airflow/example_dags/example_branch_labels.py for tasks to queue
[2025-01-10T00:48:58.532+0000] {logging_mixin.py:190} INFO - [2025-01-10T00:48:58.532+0000] {dagbag.py:588} INFO - Filling up the DagBag from /home/airflow/.local/lib/python3.12/site-packages/airflow/example_dags/example_branch_labels.py
[2025-01-10T00:48:58.543+0000] {processor.py:925} INFO - DAG(s) 'example_branch_labels' retrieved from /home/airflow/.local/lib/python3.12/site-packages/airflow/example_dags/example_branch_labels.py
[2025-01-10T00:48:58.564+0000] {logging_mixin.py:190} INFO - [2025-01-10T00:48:58.564+0000] {dag.py:3239} INFO - Sync 1 DAGs
[2025-01-10T00:48:58.593+0000] {logging_mixin.py:190} INFO - [2025-01-10T00:48:58.593+0000] {dag.py:4180} INFO - Setting next_dagrun for example_branch_labels to 2025-01-09 00:00:00+00:00, run_after=2025-01-10 00:00:00+00:00
[2025-01-10T00:48:58.626+0000] {processor.py:208} INFO - Processing /home/airflow/.local/lib/python3.12/site-packages/airflow/example_dags/example_branch_labels.py took 0.103 seconds
[2025-01-10T00:49:29.682+0000] {processor.py:186} INFO - Started process (PID=787) to work on /home/airflow/.local/lib/python3.12/site-packages/airflow/example_dags/example_branch_labels.py
[2025-01-10T00:49:29.683+0000] {processor.py:914} INFO - Processing file /home/airflow/.local/lib/python3.12/site-packages/airflow/example_dags/example_branch_labels.py for tasks to queue
[2025-01-10T00:49:29.685+0000] {logging_mixin.py:190} INFO - [2025-01-10T00:49:29.685+0000] {dagbag.py:588} INFO - Filling up the DagBag from /home/airflow/.local/lib/python3.12/site-packages/airflow/example_dags/example_branch_labels.py
[2025-01-10T00:49:29.695+0000] {processor.py:925} INFO - DAG(s) 'example_branch_labels' retrieved from /home/airflow/.local/lib/python3.12/site-packages/airflow/example_dags/example_branch_labels.py
[2025-01-10T00:49:29.714+0000] {logging_mixin.py:190} INFO - [2025-01-10T00:49:29.714+0000] {dag.py:3239} INFO - Sync 1 DAGs
[2025-01-10T00:49:29.737+0000] {logging_mixin.py:190} INFO - [2025-01-10T00:49:29.737+0000] {dag.py:4180} INFO - Setting next_dagrun for example_branch_labels to 2025-01-09 00:00:00+00:00, run_after=2025-01-10 00:00:00+00:00
[2025-01-10T00:49:29.756+0000] {processor.py:208} INFO - Processing /home/airflow/.local/lib/python3.12/site-packages/airflow/example_dags/example_branch_labels.py took 0.079 seconds
[2025-01-10T00:50:01.003+0000] {processor.py:186} INFO - Started process (PID=850) to work on /home/airflow/.local/lib/python3.12/site-packages/airflow/example_dags/example_branch_labels.py
[2025-01-10T00:50:01.004+0000] {processor.py:914} INFO - Processing file /home/airflow/.local/lib/python3.12/site-packages/airflow/example_dags/example_branch_labels.py for tasks to queue
[2025-01-10T00:50:01.006+0000] {logging_mixin.py:190} INFO - [2025-01-10T00:50:01.006+0000] {dagbag.py:588} INFO - Filling up the DagBag from /home/airflow/.local/lib/python3.12/site-packages/airflow/example_dags/example_branch_labels.py
[2025-01-10T00:50:01.016+0000] {processor.py:925} INFO - DAG(s) 'example_branch_labels' retrieved from /home/airflow/.local/lib/python3.12/site-packages/airflow/example_dags/example_branch_labels.py
[2025-01-10T00:50:01.034+0000] {logging_mixin.py:190} INFO - [2025-01-10T00:50:01.034+0000] {dag.py:3239} INFO - Sync 1 DAGs
[2025-01-10T00:50:01.057+0000] {logging_mixin.py:190} INFO - [2025-01-10T00:50:01.057+0000] {dag.py:4180} INFO - Setting next_dagrun for example_branch_labels to 2025-01-09 00:00:00+00:00, run_after=2025-01-10 00:00:00+00:00
[2025-01-10T00:50:01.075+0000] {processor.py:208} INFO - Processing /home/airflow/.local/lib/python3.12/site-packages/airflow/example_dags/example_branch_labels.py took 0.078 seconds
[2025-01-10T00:50:32.373+0000] {processor.py:186} INFO - Started process (PID=913) to work on /home/airflow/.local/lib/python3.12/site-packages/airflow/example_dags/example_branch_labels.py
[2025-01-10T00:50:32.374+0000] {processor.py:914} INFO - Processing file /home/airflow/.local/lib/python3.12/site-packages/airflow/example_dags/example_branch_labels.py for tasks to queue
[2025-01-10T00:50:32.376+0000] {logging_mixin.py:190} INFO - [2025-01-10T00:50:32.376+0000] {dagbag.py:588} INFO - Filling up the DagBag from /home/airflow/.local/lib/python3.12/site-packages/airflow/example_dags/example_branch_labels.py
[2025-01-10T00:50:32.386+0000] {processor.py:925} INFO - DAG(s) 'example_branch_labels' retrieved from /home/airflow/.local/lib/python3.12/site-packages/airflow/example_dags/example_branch_labels.py
[2025-01-10T00:50:32.405+0000] {logging_mixin.py:190} INFO - [2025-01-10T00:50:32.405+0000] {dag.py:3239} INFO - Sync 1 DAGs
[2025-01-10T00:50:32.427+0000] {logging_mixin.py:190} INFO - [2025-01-10T00:50:32.427+0000] {dag.py:4180} INFO - Setting next_dagrun for example_branch_labels to 2025-01-09 00:00:00+00:00, run_after=2025-01-10 00:00:00+00:00
[2025-01-10T00:50:32.446+0000] {processor.py:208} INFO - Processing /home/airflow/.local/lib/python3.12/site-packages/airflow/example_dags/example_branch_labels.py took 0.078 seconds
[2025-01-10T00:51:03.640+0000] {processor.py:186} INFO - Started process (PID=976) to work on /home/airflow/.local/lib/python3.12/site-packages/airflow/example_dags/example_branch_labels.py
[2025-01-10T00:51:03.641+0000] {processor.py:914} INFO - Processing file /home/airflow/.local/lib/python3.12/site-packages/airflow/example_dags/example_branch_labels.py for tasks to queue
[2025-01-10T00:51:03.643+0000] {logging_mixin.py:190} INFO - [2025-01-10T00:51:03.643+0000] {dagbag.py:588} INFO - Filling up the DagBag from /home/airflow/.local/lib/python3.12/site-packages/airflow/example_dags/example_branch_labels.py
[2025-01-10T00:51:03.653+0000] {processor.py:925} INFO - DAG(s) 'example_branch_labels' retrieved from /home/airflow/.local/lib/python3.12/site-packages/airflow/example_dags/example_branch_labels.py
[2025-01-10T00:51:03.672+0000] {logging_mixin.py:190} INFO - [2025-01-10T00:51:03.672+0000] {dag.py:3239} INFO - Sync 1 DAGs
[2025-01-10T00:51:03.694+0000] {logging_mixin.py:190} INFO - [2025-01-10T00:51:03.694+0000] {dag.py:4180} INFO - Setting next_dagrun for example_branch_labels to 2025-01-09 00:00:00+00:00, run_after=2025-01-10 00:00:00+00:00
[2025-01-10T00:51:03.713+0000] {processor.py:208} INFO - Processing /home/airflow/.local/lib/python3.12/site-packages/airflow/example_dags/example_branch_labels.py took 0.078 seconds
[2025-01-10T00:51:34.934+0000] {processor.py:186} INFO - Started process (PID=1040) to work on /home/airflow/.local/lib/python3.12/site-packages/airflow/example_dags/example_branch_labels.py
[2025-01-10T00:51:34.935+0000] {processor.py:914} INFO - Processing file /home/airflow/.local/lib/python3.12/site-packages/airflow/example_dags/example_branch_labels.py for tasks to queue
[2025-01-10T00:51:34.937+0000] {logging_mixin.py:190} INFO - [2025-01-10T00:51:34.936+0000] {dagbag.py:588} INFO - Filling up the DagBag from /home/airflow/.local/lib/python3.12/site-packages/airflow/example_dags/example_branch_labels.py
[2025-01-10T00:51:34.946+0000] {processor.py:925} INFO - DAG(s) 'example_branch_labels' retrieved from /home/airflow/.local/lib/python3.12/site-packages/airflow/example_dags/example_branch_labels.py
[2025-01-10T00:51:34.966+0000] {logging_mixin.py:190} INFO - [2025-01-10T00:51:34.966+0000] {dag.py:3239} INFO - Sync 1 DAGs
[2025-01-10T00:51:34.989+0000] {logging_mixin.py:190} INFO - [2025-01-10T00:51:34.988+0000] {dag.py:4180} INFO - Setting next_dagrun for example_branch_labels to 2025-01-09 00:00:00+00:00, run_after=2025-01-10 00:00:00+00:00
[2025-01-10T00:51:35.006+0000] {processor.py:208} INFO - Processing /home/airflow/.local/lib/python3.12/site-packages/airflow/example_dags/example_branch_labels.py took 0.078 seconds
[2025-01-10T00:52:06.245+0000] {processor.py:186} INFO - Started process (PID=1103) to work on /home/airflow/.local/lib/python3.12/site-packages/airflow/example_dags/example_branch_labels.py
[2025-01-10T00:52:06.246+0000] {processor.py:914} INFO - Processing file /home/airflow/.local/lib/python3.12/site-packages/airflow/example_dags/example_branch_labels.py for tasks to queue
[2025-01-10T00:52:06.248+0000] {logging_mixin.py:190} INFO - [2025-01-10T00:52:06.248+0000] {dagbag.py:588} INFO - Filling up the DagBag from /home/airflow/.local/lib/python3.12/site-packages/airflow/example_dags/example_branch_labels.py
[2025-01-10T00:52:06.257+0000] {processor.py:925} INFO - DAG(s) 'example_branch_labels' retrieved from /home/airflow/.local/lib/python3.12/site-packages/airflow/example_dags/example_branch_labels.py
[2025-01-10T00:52:06.276+0000] {logging_mixin.py:190} INFO - [2025-01-10T00:52:06.276+0000] {dag.py:3239} INFO - Sync 1 DAGs
[2025-01-10T00:52:06.298+0000] {logging_mixin.py:190} INFO - [2025-01-10T00:52:06.298+0000] {dag.py:4180} INFO - Setting next_dagrun for example_branch_labels to 2025-01-09 00:00:00+00:00, run_after=2025-01-10 00:00:00+00:00
[2025-01-10T00:52:06.316+0000] {processor.py:208} INFO - Processing /home/airflow/.local/lib/python3.12/site-packages/airflow/example_dags/example_branch_labels.py took 0.076 seconds
[2025-01-10T00:52:37.771+0000] {processor.py:186} INFO - Started process (PID=1166) to work on /home/airflow/.local/lib/python3.12/site-packages/airflow/example_dags/example_branch_labels.py
[2025-01-10T00:52:37.772+0000] {processor.py:914} INFO - Processing file /home/airflow/.local/lib/python3.12/site-packages/airflow/example_dags/example_branch_labels.py for tasks to queue
[2025-01-10T00:52:37.775+0000] {logging_mixin.py:190} INFO - [2025-01-10T00:52:37.775+0000] {dagbag.py:588} INFO - Filling up the DagBag from /home/airflow/.local/lib/python3.12/site-packages/airflow/example_dags/example_branch_labels.py
[2025-01-10T00:52:37.789+0000] {processor.py:925} INFO - DAG(s) 'example_branch_labels' retrieved from /home/airflow/.local/lib/python3.12/site-packages/airflow/example_dags/example_branch_labels.py
[2025-01-10T00:52:37.813+0000] {logging_mixin.py:190} INFO - [2025-01-10T00:52:37.813+0000] {dag.py:3239} INFO - Sync 1 DAGs
[2025-01-10T00:52:37.843+0000] {logging_mixin.py:190} INFO - [2025-01-10T00:52:37.843+0000] {dag.py:4180} INFO - Setting next_dagrun for example_branch_labels to 2025-01-09 00:00:00+00:00, run_after=2025-01-10 00:00:00+00:00
[2025-01-10T00:52:37.868+0000] {processor.py:208} INFO - Processing /home/airflow/.local/lib/python3.12/site-packages/airflow/example_dags/example_branch_labels.py took 0.103 seconds
[2025-01-10T00:53:09.003+0000] {processor.py:186} INFO - Started process (PID=1229) to work on /home/airflow/.local/lib/python3.12/site-packages/airflow/example_dags/example_branch_labels.py
[2025-01-10T00:53:09.004+0000] {processor.py:914} INFO - Processing file /home/airflow/.local/lib/python3.12/site-packages/airflow/example_dags/example_branch_labels.py for tasks to queue
[2025-01-10T00:53:09.007+0000] {logging_mixin.py:190} INFO - [2025-01-10T00:53:09.006+0000] {dagbag.py:588} INFO - Filling up the DagBag from /home/airflow/.local/lib/python3.12/site-packages/airflow/example_dags/example_branch_labels.py
[2025-01-10T00:53:09.016+0000] {processor.py:925} INFO - DAG(s) 'example_branch_labels' retrieved from /home/airflow/.local/lib/python3.12/site-packages/airflow/example_dags/example_branch_labels.py
[2025-01-10T00:53:09.035+0000] {logging_mixin.py:190} INFO - [2025-01-10T00:53:09.035+0000] {dag.py:3239} INFO - Sync 1 DAGs
[2025-01-10T00:53:09.057+0000] {logging_mixin.py:190} INFO - [2025-01-10T00:53:09.056+0000] {dag.py:4180} INFO - Setting next_dagrun for example_branch_labels to 2025-01-09 00:00:00+00:00, run_after=2025-01-10 00:00:00+00:00
[2025-01-10T00:53:09.077+0000] {processor.py:208} INFO - Processing /home/airflow/.local/lib/python3.12/site-packages/airflow/example_dags/example_branch_labels.py took 0.079 seconds
[2025-01-10T00:53:40.284+0000] {processor.py:186} INFO - Started process (PID=1292) to work on /home/airflow/.local/lib/python3.12/site-packages/airflow/example_dags/example_branch_labels.py
[2025-01-10T00:53:40.285+0000] {processor.py:914} INFO - Processing file /home/airflow/.local/lib/python3.12/site-packages/airflow/example_dags/example_branch_labels.py for tasks to queue
[2025-01-10T00:53:40.288+0000] {logging_mixin.py:190} INFO - [2025-01-10T00:53:40.288+0000] {dagbag.py:588} INFO - Filling up the DagBag from /home/airflow/.local/lib/python3.12/site-packages/airflow/example_dags/example_branch_labels.py
[2025-01-10T00:53:40.304+0000] {processor.py:925} INFO - DAG(s) 'example_branch_labels' retrieved from /home/airflow/.local/lib/python3.12/site-packages/airflow/example_dags/example_branch_labels.py
[2025-01-10T00:53:40.331+0000] {logging_mixin.py:190} INFO - [2025-01-10T00:53:40.330+0000] {dag.py:3239} INFO - Sync 1 DAGs
[2025-01-10T00:53:40.365+0000] {logging_mixin.py:190} INFO - [2025-01-10T00:53:40.365+0000] {dag.py:4180} INFO - Setting next_dagrun for example_branch_labels to 2025-01-09 00:00:00+00:00, run_after=2025-01-10 00:00:00+00:00
[2025-01-10T00:53:40.395+0000] {processor.py:208} INFO - Processing /home/airflow/.local/lib/python3.12/site-packages/airflow/example_dags/example_branch_labels.py took 0.123 seconds
[2025-01-10T00:54:11.507+0000] {processor.py:186} INFO - Started process (PID=1356) to work on /home/airflow/.local/lib/python3.12/site-packages/airflow/example_dags/example_branch_labels.py
[2025-01-10T00:54:11.511+0000] {processor.py:914} INFO - Processing file /home/airflow/.local/lib/python3.12/site-packages/airflow/example_dags/example_branch_labels.py for tasks to queue
[2025-01-10T00:54:11.516+0000] {logging_mixin.py:190} INFO - [2025-01-10T00:54:11.515+0000] {dagbag.py:588} INFO - Filling up the DagBag from /home/airflow/.local/lib/python3.12/site-packages/airflow/example_dags/example_branch_labels.py
[2025-01-10T00:54:11.530+0000] {processor.py:925} INFO - DAG(s) 'example_branch_labels' retrieved from /home/airflow/.local/lib/python3.12/site-packages/airflow/example_dags/example_branch_labels.py
[2025-01-10T00:54:11.562+0000] {logging_mixin.py:190} INFO - [2025-01-10T00:54:11.562+0000] {dag.py:3239} INFO - Sync 1 DAGs
[2025-01-10T00:54:11.591+0000] {logging_mixin.py:190} INFO - [2025-01-10T00:54:11.591+0000] {dag.py:4180} INFO - Setting next_dagrun for example_branch_labels to 2025-01-09 00:00:00+00:00, run_after=2025-01-10 00:00:00+00:00
[2025-01-10T00:54:11.612+0000] {processor.py:208} INFO - Processing /home/airflow/.local/lib/python3.12/site-packages/airflow/example_dags/example_branch_labels.py took 0.113 seconds
[2025-01-10T00:54:42.572+0000] {processor.py:186} INFO - Started process (PID=1425) to work on /home/airflow/.local/lib/python3.12/site-packages/airflow/example_dags/example_branch_labels.py
[2025-01-10T00:54:42.573+0000] {processor.py:914} INFO - Processing file /home/airflow/.local/lib/python3.12/site-packages/airflow/example_dags/example_branch_labels.py for tasks to queue
[2025-01-10T00:54:42.575+0000] {logging_mixin.py:190} INFO - [2025-01-10T00:54:42.575+0000] {dagbag.py:588} INFO - Filling up the DagBag from /home/airflow/.local/lib/python3.12/site-packages/airflow/example_dags/example_branch_labels.py
[2025-01-10T00:54:42.589+0000] {processor.py:925} INFO - DAG(s) 'example_branch_labels' retrieved from /home/airflow/.local/lib/python3.12/site-packages/airflow/example_dags/example_branch_labels.py
[2025-01-10T00:54:42.606+0000] {logging_mixin.py:190} INFO - [2025-01-10T00:54:42.606+0000] {dag.py:3239} INFO - Sync 1 DAGs
[2025-01-10T00:54:42.629+0000] {logging_mixin.py:190} INFO - [2025-01-10T00:54:42.628+0000] {dag.py:4180} INFO - Setting next_dagrun for example_branch_labels to 2025-01-09 00:00:00+00:00, run_after=2025-01-10 00:00:00+00:00
[2025-01-10T00:54:42.647+0000] {processor.py:208} INFO - Processing /home/airflow/.local/lib/python3.12/site-packages/airflow/example_dags/example_branch_labels.py took 0.081 seconds
[2025-01-10T00:55:13.731+0000] {processor.py:186} INFO - Started process (PID=1488) to work on /home/airflow/.local/lib/python3.12/site-packages/airflow/example_dags/example_branch_labels.py
[2025-01-10T00:55:13.732+0000] {processor.py:914} INFO - Processing file /home/airflow/.local/lib/python3.12/site-packages/airflow/example_dags/example_branch_labels.py for tasks to queue
[2025-01-10T00:55:13.734+0000] {logging_mixin.py:190} INFO - [2025-01-10T00:55:13.734+0000] {dagbag.py:588} INFO - Filling up the DagBag from /home/airflow/.local/lib/python3.12/site-packages/airflow/example_dags/example_branch_labels.py
[2025-01-10T00:55:13.744+0000] {processor.py:925} INFO - DAG(s) 'example_branch_labels' retrieved from /home/airflow/.local/lib/python3.12/site-packages/airflow/example_dags/example_branch_labels.py
[2025-01-10T00:55:13.765+0000] {logging_mixin.py:190} INFO - [2025-01-10T00:55:13.764+0000] {dag.py:3239} INFO - Sync 1 DAGs
[2025-01-10T00:55:13.792+0000] {logging_mixin.py:190} INFO - [2025-01-10T00:55:13.792+0000] {dag.py:4180} INFO - Setting next_dagrun for example_branch_labels to 2025-01-09 00:00:00+00:00, run_after=2025-01-10 00:00:00+00:00
[2025-01-10T00:55:13.811+0000] {processor.py:208} INFO - Processing /home/airflow/.local/lib/python3.12/site-packages/airflow/example_dags/example_branch_labels.py took 0.086 seconds
[2025-01-10T00:55:44.902+0000] {processor.py:186} INFO - Started process (PID=1551) to work on /home/airflow/.local/lib/python3.12/site-packages/airflow/example_dags/example_branch_labels.py
[2025-01-10T00:55:44.903+0000] {processor.py:914} INFO - Processing file /home/airflow/.local/lib/python3.12/site-packages/airflow/example_dags/example_branch_labels.py for tasks to queue
[2025-01-10T00:55:44.906+0000] {logging_mixin.py:190} INFO - [2025-01-10T00:55:44.905+0000] {dagbag.py:588} INFO - Filling up the DagBag from /home/airflow/.local/lib/python3.12/site-packages/airflow/example_dags/example_branch_labels.py
[2025-01-10T00:55:44.915+0000] {processor.py:925} INFO - DAG(s) 'example_branch_labels' retrieved from /home/airflow/.local/lib/python3.12/site-packages/airflow/example_dags/example_branch_labels.py
[2025-01-10T00:55:44.935+0000] {logging_mixin.py:190} INFO - [2025-01-10T00:55:44.934+0000] {dag.py:3239} INFO - Sync 1 DAGs
[2025-01-10T00:55:44.958+0000] {logging_mixin.py:190} INFO - [2025-01-10T00:55:44.958+0000] {dag.py:4180} INFO - Setting next_dagrun for example_branch_labels to 2025-01-09 00:00:00+00:00, run_after=2025-01-10 00:00:00+00:00
[2025-01-10T00:55:44.977+0000] {processor.py:208} INFO - Processing /home/airflow/.local/lib/python3.12/site-packages/airflow/example_dags/example_branch_labels.py took 0.080 seconds
[2025-01-10T00:56:15.831+0000] {processor.py:186} INFO - Started process (PID=1614) to work on /home/airflow/.local/lib/python3.12/site-packages/airflow/example_dags/example_branch_labels.py
[2025-01-10T00:56:15.832+0000] {processor.py:914} INFO - Processing file /home/airflow/.local/lib/python3.12/site-packages/airflow/example_dags/example_branch_labels.py for tasks to queue
[2025-01-10T00:56:15.835+0000] {logging_mixin.py:190} INFO - [2025-01-10T00:56:15.834+0000] {dagbag.py:588} INFO - Filling up the DagBag from /home/airflow/.local/lib/python3.12/site-packages/airflow/example_dags/example_branch_labels.py
[2025-01-10T00:56:15.844+0000] {processor.py:925} INFO - DAG(s) 'example_branch_labels' retrieved from /home/airflow/.local/lib/python3.12/site-packages/airflow/example_dags/example_branch_labels.py
[2025-01-10T00:56:15.865+0000] {logging_mixin.py:190} INFO - [2025-01-10T00:56:15.865+0000] {dag.py:3239} INFO - Sync 1 DAGs
[2025-01-10T00:56:15.891+0000] {logging_mixin.py:190} INFO - [2025-01-10T00:56:15.890+0000] {dag.py:4180} INFO - Setting next_dagrun for example_branch_labels to 2025-01-09 00:00:00+00:00, run_after=2025-01-10 00:00:00+00:00
[2025-01-10T00:56:15.911+0000] {processor.py:208} INFO - Processing /home/airflow/.local/lib/python3.12/site-packages/airflow/example_dags/example_branch_labels.py took 0.088 seconds
[2025-01-10T00:56:47.308+0000] {processor.py:186} INFO - Started process (PID=1677) to work on /home/airflow/.local/lib/python3.12/site-packages/airflow/example_dags/example_branch_labels.py
[2025-01-10T00:56:47.309+0000] {processor.py:914} INFO - Processing file /home/airflow/.local/lib/python3.12/site-packages/airflow/example_dags/example_branch_labels.py for tasks to queue
[2025-01-10T00:56:47.311+0000] {logging_mixin.py:190} INFO - [2025-01-10T00:56:47.311+0000] {dagbag.py:588} INFO - Filling up the DagBag from /home/airflow/.local/lib/python3.12/site-packages/airflow/example_dags/example_branch_labels.py
[2025-01-10T00:56:47.321+0000] {processor.py:925} INFO - DAG(s) 'example_branch_labels' retrieved from /home/airflow/.local/lib/python3.12/site-packages/airflow/example_dags/example_branch_labels.py
[2025-01-10T00:56:47.341+0000] {logging_mixin.py:190} INFO - [2025-01-10T00:56:47.341+0000] {dag.py:3239} INFO - Sync 1 DAGs
[2025-01-10T00:56:47.364+0000] {logging_mixin.py:190} INFO - [2025-01-10T00:56:47.364+0000] {dag.py:4180} INFO - Setting next_dagrun for example_branch_labels to 2025-01-09 00:00:00+00:00, run_after=2025-01-10 00:00:00+00:00
[2025-01-10T00:56:47.385+0000] {processor.py:208} INFO - Processing /home/airflow/.local/lib/python3.12/site-packages/airflow/example_dags/example_branch_labels.py took 0.082 seconds
[2025-01-10T00:57:18.505+0000] {processor.py:186} INFO - Started process (PID=1740) to work on /home/airflow/.local/lib/python3.12/site-packages/airflow/example_dags/example_branch_labels.py
[2025-01-10T00:57:18.506+0000] {processor.py:914} INFO - Processing file /home/airflow/.local/lib/python3.12/site-packages/airflow/example_dags/example_branch_labels.py for tasks to queue
[2025-01-10T00:57:18.509+0000] {logging_mixin.py:190} INFO - [2025-01-10T00:57:18.508+0000] {dagbag.py:588} INFO - Filling up the DagBag from /home/airflow/.local/lib/python3.12/site-packages/airflow/example_dags/example_branch_labels.py
[2025-01-10T00:57:18.518+0000] {processor.py:925} INFO - DAG(s) 'example_branch_labels' retrieved from /home/airflow/.local/lib/python3.12/site-packages/airflow/example_dags/example_branch_labels.py
[2025-01-10T00:57:18.536+0000] {logging_mixin.py:190} INFO - [2025-01-10T00:57:18.536+0000] {dag.py:3239} INFO - Sync 1 DAGs
[2025-01-10T00:57:18.559+0000] {logging_mixin.py:190} INFO - [2025-01-10T00:57:18.559+0000] {dag.py:4180} INFO - Setting next_dagrun for example_branch_labels to 2025-01-09 00:00:00+00:00, run_after=2025-01-10 00:00:00+00:00
[2025-01-10T00:57:18.577+0000] {processor.py:208} INFO - Processing /home/airflow/.local/lib/python3.12/site-packages/airflow/example_dags/example_branch_labels.py took 0.077 seconds
[2025-01-10T00:57:49.563+0000] {processor.py:186} INFO - Started process (PID=1804) to work on /home/airflow/.local/lib/python3.12/site-packages/airflow/example_dags/example_branch_labels.py
[2025-01-10T00:57:49.563+0000] {processor.py:914} INFO - Processing file /home/airflow/.local/lib/python3.12/site-packages/airflow/example_dags/example_branch_labels.py for tasks to queue
[2025-01-10T00:57:49.566+0000] {logging_mixin.py:190} INFO - [2025-01-10T00:57:49.565+0000] {dagbag.py:588} INFO - Filling up the DagBag from /home/airflow/.local/lib/python3.12/site-packages/airflow/example_dags/example_branch_labels.py
[2025-01-10T00:57:49.576+0000] {processor.py:925} INFO - DAG(s) 'example_branch_labels' retrieved from /home/airflow/.local/lib/python3.12/site-packages/airflow/example_dags/example_branch_labels.py
[2025-01-10T00:57:49.600+0000] {logging_mixin.py:190} INFO - [2025-01-10T00:57:49.600+0000] {dag.py:3239} INFO - Sync 1 DAGs
[2025-01-10T00:57:49.630+0000] {logging_mixin.py:190} INFO - [2025-01-10T00:57:49.630+0000] {dag.py:4180} INFO - Setting next_dagrun for example_branch_labels to 2025-01-09 00:00:00+00:00, run_after=2025-01-10 00:00:00+00:00
[2025-01-10T00:57:49.660+0000] {processor.py:208} INFO - Processing /home/airflow/.local/lib/python3.12/site-packages/airflow/example_dags/example_branch_labels.py took 0.103 seconds
[2025-01-10T00:58:20.823+0000] {processor.py:186} INFO - Started process (PID=1867) to work on /home/airflow/.local/lib/python3.12/site-packages/airflow/example_dags/example_branch_labels.py
[2025-01-10T00:58:20.824+0000] {processor.py:914} INFO - Processing file /home/airflow/.local/lib/python3.12/site-packages/airflow/example_dags/example_branch_labels.py for tasks to queue
[2025-01-10T00:58:20.826+0000] {logging_mixin.py:190} INFO - [2025-01-10T00:58:20.826+0000] {dagbag.py:588} INFO - Filling up the DagBag from /home/airflow/.local/lib/python3.12/site-packages/airflow/example_dags/example_branch_labels.py
[2025-01-10T00:58:20.836+0000] {processor.py:925} INFO - DAG(s) 'example_branch_labels' retrieved from /home/airflow/.local/lib/python3.12/site-packages/airflow/example_dags/example_branch_labels.py
[2025-01-10T00:58:20.855+0000] {logging_mixin.py:190} INFO - [2025-01-10T00:58:20.855+0000] {dag.py:3239} INFO - Sync 1 DAGs
[2025-01-10T00:58:20.879+0000] {logging_mixin.py:190} INFO - [2025-01-10T00:58:20.879+0000] {dag.py:4180} INFO - Setting next_dagrun for example_branch_labels to 2025-01-09 00:00:00+00:00, run_after=2025-01-10 00:00:00+00:00
[2025-01-10T00:58:20.899+0000] {processor.py:208} INFO - Processing /home/airflow/.local/lib/python3.12/site-packages/airflow/example_dags/example_branch_labels.py took 0.082 seconds
[2025-01-10T01:02:00.779+0000] {processor.py:186} INFO - Started process (PID=90) to work on /home/airflow/.local/lib/python3.12/site-packages/airflow/example_dags/example_branch_labels.py
[2025-01-10T01:02:00.780+0000] {processor.py:914} INFO - Processing file /home/airflow/.local/lib/python3.12/site-packages/airflow/example_dags/example_branch_labels.py for tasks to queue
[2025-01-10T01:02:00.783+0000] {logging_mixin.py:190} INFO - [2025-01-10T01:02:00.782+0000] {dagbag.py:588} INFO - Filling up the DagBag from /home/airflow/.local/lib/python3.12/site-packages/airflow/example_dags/example_branch_labels.py
[2025-01-10T01:02:00.799+0000] {processor.py:925} INFO - DAG(s) 'example_branch_labels' retrieved from /home/airflow/.local/lib/python3.12/site-packages/airflow/example_dags/example_branch_labels.py
[2025-01-10T01:02:00.873+0000] {logging_mixin.py:190} INFO - [2025-01-10T01:02:00.872+0000] {dag.py:3239} INFO - Sync 1 DAGs
[2025-01-10T01:02:00.936+0000] {logging_mixin.py:190} INFO - [2025-01-10T01:02:00.935+0000] {dag.py:4180} INFO - Setting next_dagrun for example_branch_labels to 2025-01-09 00:00:00+00:00, run_after=2025-01-10 00:00:00+00:00
[2025-01-10T01:02:00.980+0000] {processor.py:208} INFO - Processing /home/airflow/.local/lib/python3.12/site-packages/airflow/example_dags/example_branch_labels.py took 0.210 seconds
[2025-01-10T01:02:31.115+0000] {processor.py:186} INFO - Started process (PID=152) to work on /home/airflow/.local/lib/python3.12/site-packages/airflow/example_dags/example_branch_labels.py
[2025-01-10T01:02:31.116+0000] {processor.py:914} INFO - Processing file /home/airflow/.local/lib/python3.12/site-packages/airflow/example_dags/example_branch_labels.py for tasks to queue
[2025-01-10T01:02:31.119+0000] {logging_mixin.py:190} INFO - [2025-01-10T01:02:31.119+0000] {dagbag.py:588} INFO - Filling up the DagBag from /home/airflow/.local/lib/python3.12/site-packages/airflow/example_dags/example_branch_labels.py
[2025-01-10T01:02:31.131+0000] {processor.py:925} INFO - DAG(s) 'example_branch_labels' retrieved from /home/airflow/.local/lib/python3.12/site-packages/airflow/example_dags/example_branch_labels.py
[2025-01-10T01:02:31.150+0000] {logging_mixin.py:190} INFO - [2025-01-10T01:02:31.149+0000] {dag.py:3239} INFO - Sync 1 DAGs
[2025-01-10T01:02:31.172+0000] {logging_mixin.py:190} INFO - [2025-01-10T01:02:31.172+0000] {dag.py:4180} INFO - Setting next_dagrun for example_branch_labels to 2025-01-09 00:00:00+00:00, run_after=2025-01-10 00:00:00+00:00
[2025-01-10T01:02:31.202+0000] {processor.py:208} INFO - Processing /home/airflow/.local/lib/python3.12/site-packages/airflow/example_dags/example_branch_labels.py took 0.093 seconds
[2025-01-10T01:03:01.704+0000] {processor.py:186} INFO - Started process (PID=215) to work on /home/airflow/.local/lib/python3.12/site-packages/airflow/example_dags/example_branch_labels.py
[2025-01-10T01:03:01.706+0000] {processor.py:914} INFO - Processing file /home/airflow/.local/lib/python3.12/site-packages/airflow/example_dags/example_branch_labels.py for tasks to queue
[2025-01-10T01:03:01.709+0000] {logging_mixin.py:190} INFO - [2025-01-10T01:03:01.708+0000] {dagbag.py:588} INFO - Filling up the DagBag from /home/airflow/.local/lib/python3.12/site-packages/airflow/example_dags/example_branch_labels.py
[2025-01-10T01:03:01.723+0000] {processor.py:925} INFO - DAG(s) 'example_branch_labels' retrieved from /home/airflow/.local/lib/python3.12/site-packages/airflow/example_dags/example_branch_labels.py
[2025-01-10T01:03:01.754+0000] {logging_mixin.py:190} INFO - [2025-01-10T01:03:01.753+0000] {dag.py:3239} INFO - Sync 1 DAGs
[2025-01-10T01:03:01.791+0000] {logging_mixin.py:190} INFO - [2025-01-10T01:03:01.791+0000] {dag.py:4180} INFO - Setting next_dagrun for example_branch_labels to 2025-01-09 00:00:00+00:00, run_after=2025-01-10 00:00:00+00:00
[2025-01-10T01:03:01.822+0000] {processor.py:208} INFO - Processing /home/airflow/.local/lib/python3.12/site-packages/airflow/example_dags/example_branch_labels.py took 0.124 seconds
[2025-01-10T01:03:33.033+0000] {processor.py:186} INFO - Started process (PID=278) to work on /home/airflow/.local/lib/python3.12/site-packages/airflow/example_dags/example_branch_labels.py
[2025-01-10T01:03:33.034+0000] {processor.py:914} INFO - Processing file /home/airflow/.local/lib/python3.12/site-packages/airflow/example_dags/example_branch_labels.py for tasks to queue
[2025-01-10T01:03:33.037+0000] {logging_mixin.py:190} INFO - [2025-01-10T01:03:33.037+0000] {dagbag.py:588} INFO - Filling up the DagBag from /home/airflow/.local/lib/python3.12/site-packages/airflow/example_dags/example_branch_labels.py
[2025-01-10T01:03:33.046+0000] {processor.py:925} INFO - DAG(s) 'example_branch_labels' retrieved from /home/airflow/.local/lib/python3.12/site-packages/airflow/example_dags/example_branch_labels.py
[2025-01-10T01:03:33.067+0000] {logging_mixin.py:190} INFO - [2025-01-10T01:03:33.067+0000] {dag.py:3239} INFO - Sync 1 DAGs
[2025-01-10T01:03:33.093+0000] {logging_mixin.py:190} INFO - [2025-01-10T01:03:33.092+0000] {dag.py:4180} INFO - Setting next_dagrun for example_branch_labels to 2025-01-09 00:00:00+00:00, run_after=2025-01-10 00:00:00+00:00
[2025-01-10T01:03:33.113+0000] {processor.py:208} INFO - Processing /home/airflow/.local/lib/python3.12/site-packages/airflow/example_dags/example_branch_labels.py took 0.086 seconds
[2025-01-10T01:04:04.274+0000] {processor.py:186} INFO - Started process (PID=341) to work on /home/airflow/.local/lib/python3.12/site-packages/airflow/example_dags/example_branch_labels.py
[2025-01-10T01:04:04.275+0000] {processor.py:914} INFO - Processing file /home/airflow/.local/lib/python3.12/site-packages/airflow/example_dags/example_branch_labels.py for tasks to queue
[2025-01-10T01:04:04.277+0000] {logging_mixin.py:190} INFO - [2025-01-10T01:04:04.277+0000] {dagbag.py:588} INFO - Filling up the DagBag from /home/airflow/.local/lib/python3.12/site-packages/airflow/example_dags/example_branch_labels.py
[2025-01-10T01:04:04.290+0000] {processor.py:925} INFO - DAG(s) 'example_branch_labels' retrieved from /home/airflow/.local/lib/python3.12/site-packages/airflow/example_dags/example_branch_labels.py
[2025-01-10T01:04:04.310+0000] {logging_mixin.py:190} INFO - [2025-01-10T01:04:04.310+0000] {dag.py:3239} INFO - Sync 1 DAGs
[2025-01-10T01:04:04.341+0000] {logging_mixin.py:190} INFO - [2025-01-10T01:04:04.340+0000] {dag.py:4180} INFO - Setting next_dagrun for example_branch_labels to 2025-01-09 00:00:00+00:00, run_after=2025-01-10 00:00:00+00:00
[2025-01-10T01:04:04.370+0000] {processor.py:208} INFO - Processing /home/airflow/.local/lib/python3.12/site-packages/airflow/example_dags/example_branch_labels.py took 0.104 seconds
[2025-01-10T01:04:34.813+0000] {processor.py:186} INFO - Started process (PID=403) to work on /home/airflow/.local/lib/python3.12/site-packages/airflow/example_dags/example_branch_labels.py
[2025-01-10T01:04:34.814+0000] {processor.py:914} INFO - Processing file /home/airflow/.local/lib/python3.12/site-packages/airflow/example_dags/example_branch_labels.py for tasks to queue
[2025-01-10T01:04:34.816+0000] {logging_mixin.py:190} INFO - [2025-01-10T01:04:34.815+0000] {dagbag.py:588} INFO - Filling up the DagBag from /home/airflow/.local/lib/python3.12/site-packages/airflow/example_dags/example_branch_labels.py
[2025-01-10T01:04:34.825+0000] {processor.py:925} INFO - DAG(s) 'example_branch_labels' retrieved from /home/airflow/.local/lib/python3.12/site-packages/airflow/example_dags/example_branch_labels.py
[2025-01-10T01:04:34.847+0000] {logging_mixin.py:190} INFO - [2025-01-10T01:04:34.847+0000] {dag.py:3239} INFO - Sync 1 DAGs
[2025-01-10T01:04:34.871+0000] {logging_mixin.py:190} INFO - [2025-01-10T01:04:34.871+0000] {dag.py:4180} INFO - Setting next_dagrun for example_branch_labels to 2025-01-09 00:00:00+00:00, run_after=2025-01-10 00:00:00+00:00
[2025-01-10T01:04:34.893+0000] {processor.py:208} INFO - Processing /home/airflow/.local/lib/python3.12/site-packages/airflow/example_dags/example_branch_labels.py took 0.086 seconds
[2025-01-10T01:05:05.321+0000] {processor.py:186} INFO - Started process (PID=466) to work on /home/airflow/.local/lib/python3.12/site-packages/airflow/example_dags/example_branch_labels.py
[2025-01-10T01:05:05.321+0000] {processor.py:914} INFO - Processing file /home/airflow/.local/lib/python3.12/site-packages/airflow/example_dags/example_branch_labels.py for tasks to queue
[2025-01-10T01:05:05.324+0000] {logging_mixin.py:190} INFO - [2025-01-10T01:05:05.323+0000] {dagbag.py:588} INFO - Filling up the DagBag from /home/airflow/.local/lib/python3.12/site-packages/airflow/example_dags/example_branch_labels.py
[2025-01-10T01:05:05.333+0000] {processor.py:925} INFO - DAG(s) 'example_branch_labels' retrieved from /home/airflow/.local/lib/python3.12/site-packages/airflow/example_dags/example_branch_labels.py
[2025-01-10T01:05:05.351+0000] {logging_mixin.py:190} INFO - [2025-01-10T01:05:05.351+0000] {dag.py:3239} INFO - Sync 1 DAGs
[2025-01-10T01:05:05.381+0000] {logging_mixin.py:190} INFO - [2025-01-10T01:05:05.381+0000] {dag.py:4180} INFO - Setting next_dagrun for example_branch_labels to 2025-01-09 00:00:00+00:00, run_after=2025-01-10 00:00:00+00:00
[2025-01-10T01:05:05.409+0000] {processor.py:208} INFO - Processing /home/airflow/.local/lib/python3.12/site-packages/airflow/example_dags/example_branch_labels.py took 0.094 seconds
[2025-01-10T01:05:35.879+0000] {processor.py:186} INFO - Started process (PID=529) to work on /home/airflow/.local/lib/python3.12/site-packages/airflow/example_dags/example_branch_labels.py
[2025-01-10T01:05:35.880+0000] {processor.py:914} INFO - Processing file /home/airflow/.local/lib/python3.12/site-packages/airflow/example_dags/example_branch_labels.py for tasks to queue
[2025-01-10T01:05:35.883+0000] {logging_mixin.py:190} INFO - [2025-01-10T01:05:35.883+0000] {dagbag.py:588} INFO - Filling up the DagBag from /home/airflow/.local/lib/python3.12/site-packages/airflow/example_dags/example_branch_labels.py
[2025-01-10T01:05:35.897+0000] {processor.py:925} INFO - DAG(s) 'example_branch_labels' retrieved from /home/airflow/.local/lib/python3.12/site-packages/airflow/example_dags/example_branch_labels.py
[2025-01-10T01:05:35.923+0000] {logging_mixin.py:190} INFO - [2025-01-10T01:05:35.922+0000] {dag.py:3239} INFO - Sync 1 DAGs
[2025-01-10T01:05:35.954+0000] {logging_mixin.py:190} INFO - [2025-01-10T01:05:35.953+0000] {dag.py:4180} INFO - Setting next_dagrun for example_branch_labels to 2025-01-09 00:00:00+00:00, run_after=2025-01-10 00:00:00+00:00
[2025-01-10T01:05:35.980+0000] {processor.py:208} INFO - Processing /home/airflow/.local/lib/python3.12/site-packages/airflow/example_dags/example_branch_labels.py took 0.110 seconds
[2025-01-10T01:06:06.213+0000] {processor.py:186} INFO - Started process (PID=592) to work on /home/airflow/.local/lib/python3.12/site-packages/airflow/example_dags/example_branch_labels.py
[2025-01-10T01:06:06.214+0000] {processor.py:914} INFO - Processing file /home/airflow/.local/lib/python3.12/site-packages/airflow/example_dags/example_branch_labels.py for tasks to queue
[2025-01-10T01:06:06.216+0000] {logging_mixin.py:190} INFO - [2025-01-10T01:06:06.216+0000] {dagbag.py:588} INFO - Filling up the DagBag from /home/airflow/.local/lib/python3.12/site-packages/airflow/example_dags/example_branch_labels.py
[2025-01-10T01:06:06.225+0000] {processor.py:925} INFO - DAG(s) 'example_branch_labels' retrieved from /home/airflow/.local/lib/python3.12/site-packages/airflow/example_dags/example_branch_labels.py
[2025-01-10T01:06:06.247+0000] {logging_mixin.py:190} INFO - [2025-01-10T01:06:06.247+0000] {dag.py:3239} INFO - Sync 1 DAGs
[2025-01-10T01:06:06.276+0000] {logging_mixin.py:190} INFO - [2025-01-10T01:06:06.276+0000] {dag.py:4180} INFO - Setting next_dagrun for example_branch_labels to 2025-01-09 00:00:00+00:00, run_after=2025-01-10 00:00:00+00:00
[2025-01-10T01:06:06.300+0000] {processor.py:208} INFO - Processing /home/airflow/.local/lib/python3.12/site-packages/airflow/example_dags/example_branch_labels.py took 0.094 seconds
[2025-01-10T01:06:37.093+0000] {processor.py:186} INFO - Started process (PID=655) to work on /home/airflow/.local/lib/python3.12/site-packages/airflow/example_dags/example_branch_labels.py
[2025-01-10T01:06:37.093+0000] {processor.py:914} INFO - Processing file /home/airflow/.local/lib/python3.12/site-packages/airflow/example_dags/example_branch_labels.py for tasks to queue
[2025-01-10T01:06:37.096+0000] {logging_mixin.py:190} INFO - [2025-01-10T01:06:37.095+0000] {dagbag.py:588} INFO - Filling up the DagBag from /home/airflow/.local/lib/python3.12/site-packages/airflow/example_dags/example_branch_labels.py
[2025-01-10T01:06:37.105+0000] {processor.py:925} INFO - DAG(s) 'example_branch_labels' retrieved from /home/airflow/.local/lib/python3.12/site-packages/airflow/example_dags/example_branch_labels.py
[2025-01-10T01:06:37.125+0000] {logging_mixin.py:190} INFO - [2025-01-10T01:06:37.124+0000] {dag.py:3239} INFO - Sync 1 DAGs
[2025-01-10T01:06:37.147+0000] {logging_mixin.py:190} INFO - [2025-01-10T01:06:37.147+0000] {dag.py:4180} INFO - Setting next_dagrun for example_branch_labels to 2025-01-09 00:00:00+00:00, run_after=2025-01-10 00:00:00+00:00
[2025-01-10T01:06:37.166+0000] {processor.py:208} INFO - Processing /home/airflow/.local/lib/python3.12/site-packages/airflow/example_dags/example_branch_labels.py took 0.079 seconds
[2025-01-10T01:07:07.407+0000] {processor.py:186} INFO - Started process (PID=717) to work on /home/airflow/.local/lib/python3.12/site-packages/airflow/example_dags/example_branch_labels.py
[2025-01-10T01:07:07.408+0000] {processor.py:914} INFO - Processing file /home/airflow/.local/lib/python3.12/site-packages/airflow/example_dags/example_branch_labels.py for tasks to queue
[2025-01-10T01:07:07.410+0000] {logging_mixin.py:190} INFO - [2025-01-10T01:07:07.410+0000] {dagbag.py:588} INFO - Filling up the DagBag from /home/airflow/.local/lib/python3.12/site-packages/airflow/example_dags/example_branch_labels.py
[2025-01-10T01:07:07.419+0000] {processor.py:925} INFO - DAG(s) 'example_branch_labels' retrieved from /home/airflow/.local/lib/python3.12/site-packages/airflow/example_dags/example_branch_labels.py
[2025-01-10T01:07:07.436+0000] {logging_mixin.py:190} INFO - [2025-01-10T01:07:07.436+0000] {dag.py:3239} INFO - Sync 1 DAGs
[2025-01-10T01:07:07.459+0000] {logging_mixin.py:190} INFO - [2025-01-10T01:07:07.458+0000] {dag.py:4180} INFO - Setting next_dagrun for example_branch_labels to 2025-01-09 00:00:00+00:00, run_after=2025-01-10 00:00:00+00:00
[2025-01-10T01:07:07.478+0000] {processor.py:208} INFO - Processing /home/airflow/.local/lib/python3.12/site-packages/airflow/example_dags/example_branch_labels.py took 0.076 seconds
[2025-01-10T01:07:38.429+0000] {processor.py:186} INFO - Started process (PID=781) to work on /home/airflow/.local/lib/python3.12/site-packages/airflow/example_dags/example_branch_labels.py
[2025-01-10T01:07:38.429+0000] {processor.py:914} INFO - Processing file /home/airflow/.local/lib/python3.12/site-packages/airflow/example_dags/example_branch_labels.py for tasks to queue
[2025-01-10T01:07:38.432+0000] {logging_mixin.py:190} INFO - [2025-01-10T01:07:38.431+0000] {dagbag.py:588} INFO - Filling up the DagBag from /home/airflow/.local/lib/python3.12/site-packages/airflow/example_dags/example_branch_labels.py
[2025-01-10T01:07:38.440+0000] {processor.py:925} INFO - DAG(s) 'example_branch_labels' retrieved from /home/airflow/.local/lib/python3.12/site-packages/airflow/example_dags/example_branch_labels.py
[2025-01-10T01:07:38.460+0000] {logging_mixin.py:190} INFO - [2025-01-10T01:07:38.460+0000] {dag.py:3239} INFO - Sync 1 DAGs
[2025-01-10T01:07:38.484+0000] {logging_mixin.py:190} INFO - [2025-01-10T01:07:38.484+0000] {dag.py:4180} INFO - Setting next_dagrun for example_branch_labels to 2025-01-09 00:00:00+00:00, run_after=2025-01-10 00:00:00+00:00
[2025-01-10T01:07:38.504+0000] {processor.py:208} INFO - Processing /home/airflow/.local/lib/python3.12/site-packages/airflow/example_dags/example_branch_labels.py took 0.081 seconds
[2025-01-10T01:08:10.000+0000] {processor.py:186} INFO - Started process (PID=843) to work on /home/airflow/.local/lib/python3.12/site-packages/airflow/example_dags/example_branch_labels.py
[2025-01-10T01:08:10.002+0000] {processor.py:914} INFO - Processing file /home/airflow/.local/lib/python3.12/site-packages/airflow/example_dags/example_branch_labels.py for tasks to queue
[2025-01-10T01:08:10.008+0000] {logging_mixin.py:190} INFO - [2025-01-10T01:08:10.007+0000] {dagbag.py:588} INFO - Filling up the DagBag from /home/airflow/.local/lib/python3.12/site-packages/airflow/example_dags/example_branch_labels.py
[2025-01-10T01:08:10.025+0000] {processor.py:925} INFO - DAG(s) 'example_branch_labels' retrieved from /home/airflow/.local/lib/python3.12/site-packages/airflow/example_dags/example_branch_labels.py
[2025-01-10T01:08:10.057+0000] {logging_mixin.py:190} INFO - [2025-01-10T01:08:10.057+0000] {dag.py:3239} INFO - Sync 1 DAGs
[2025-01-10T01:08:10.103+0000] {logging_mixin.py:190} INFO - [2025-01-10T01:08:10.102+0000] {dag.py:4180} INFO - Setting next_dagrun for example_branch_labels to 2025-01-09 00:00:00+00:00, run_after=2025-01-10 00:00:00+00:00
[2025-01-10T01:08:10.134+0000] {processor.py:208} INFO - Processing /home/airflow/.local/lib/python3.12/site-packages/airflow/example_dags/example_branch_labels.py took 0.143 seconds
[2025-01-10T01:08:40.884+0000] {processor.py:186} INFO - Started process (PID=906) to work on /home/airflow/.local/lib/python3.12/site-packages/airflow/example_dags/example_branch_labels.py
[2025-01-10T01:08:40.885+0000] {processor.py:914} INFO - Processing file /home/airflow/.local/lib/python3.12/site-packages/airflow/example_dags/example_branch_labels.py for tasks to queue
[2025-01-10T01:08:40.888+0000] {logging_mixin.py:190} INFO - [2025-01-10T01:08:40.887+0000] {dagbag.py:588} INFO - Filling up the DagBag from /home/airflow/.local/lib/python3.12/site-packages/airflow/example_dags/example_branch_labels.py
[2025-01-10T01:08:40.897+0000] {processor.py:925} INFO - DAG(s) 'example_branch_labels' retrieved from /home/airflow/.local/lib/python3.12/site-packages/airflow/example_dags/example_branch_labels.py
[2025-01-10T01:08:40.916+0000] {logging_mixin.py:190} INFO - [2025-01-10T01:08:40.915+0000] {dag.py:3239} INFO - Sync 1 DAGs
[2025-01-10T01:08:40.938+0000] {logging_mixin.py:190} INFO - [2025-01-10T01:08:40.938+0000] {dag.py:4180} INFO - Setting next_dagrun for example_branch_labels to 2025-01-09 00:00:00+00:00, run_after=2025-01-10 00:00:00+00:00
[2025-01-10T01:08:40.958+0000] {processor.py:208} INFO - Processing /home/airflow/.local/lib/python3.12/site-packages/airflow/example_dags/example_branch_labels.py took 0.078 seconds
[2025-01-10T01:09:11.089+0000] {processor.py:186} INFO - Started process (PID=969) to work on /home/airflow/.local/lib/python3.12/site-packages/airflow/example_dags/example_branch_labels.py
[2025-01-10T01:09:11.090+0000] {processor.py:914} INFO - Processing file /home/airflow/.local/lib/python3.12/site-packages/airflow/example_dags/example_branch_labels.py for tasks to queue
[2025-01-10T01:09:11.092+0000] {logging_mixin.py:190} INFO - [2025-01-10T01:09:11.092+0000] {dagbag.py:588} INFO - Filling up the DagBag from /home/airflow/.local/lib/python3.12/site-packages/airflow/example_dags/example_branch_labels.py
[2025-01-10T01:09:11.101+0000] {processor.py:925} INFO - DAG(s) 'example_branch_labels' retrieved from /home/airflow/.local/lib/python3.12/site-packages/airflow/example_dags/example_branch_labels.py
[2025-01-10T01:09:11.121+0000] {logging_mixin.py:190} INFO - [2025-01-10T01:09:11.121+0000] {dag.py:3239} INFO - Sync 1 DAGs
[2025-01-10T01:09:11.143+0000] {logging_mixin.py:190} INFO - [2025-01-10T01:09:11.142+0000] {dag.py:4180} INFO - Setting next_dagrun for example_branch_labels to 2025-01-09 00:00:00+00:00, run_after=2025-01-10 00:00:00+00:00
[2025-01-10T01:09:11.162+0000] {processor.py:208} INFO - Processing /home/airflow/.local/lib/python3.12/site-packages/airflow/example_dags/example_branch_labels.py took 0.078 seconds
[2025-01-10T01:09:41.657+0000] {processor.py:186} INFO - Started process (PID=1032) to work on /home/airflow/.local/lib/python3.12/site-packages/airflow/example_dags/example_branch_labels.py
[2025-01-10T01:09:41.658+0000] {processor.py:914} INFO - Processing file /home/airflow/.local/lib/python3.12/site-packages/airflow/example_dags/example_branch_labels.py for tasks to queue
[2025-01-10T01:09:41.662+0000] {logging_mixin.py:190} INFO - [2025-01-10T01:09:41.661+0000] {dagbag.py:588} INFO - Filling up the DagBag from /home/airflow/.local/lib/python3.12/site-packages/airflow/example_dags/example_branch_labels.py
[2025-01-10T01:09:41.675+0000] {processor.py:925} INFO - DAG(s) 'example_branch_labels' retrieved from /home/airflow/.local/lib/python3.12/site-packages/airflow/example_dags/example_branch_labels.py
[2025-01-10T01:09:41.703+0000] {logging_mixin.py:190} INFO - [2025-01-10T01:09:41.703+0000] {dag.py:3239} INFO - Sync 1 DAGs
[2025-01-10T01:09:41.735+0000] {logging_mixin.py:190} INFO - [2025-01-10T01:09:41.735+0000] {dag.py:4180} INFO - Setting next_dagrun for example_branch_labels to 2025-01-09 00:00:00+00:00, run_after=2025-01-10 00:00:00+00:00
[2025-01-10T01:09:41.760+0000] {processor.py:208} INFO - Processing /home/airflow/.local/lib/python3.12/site-packages/airflow/example_dags/example_branch_labels.py took 0.110 seconds
[2025-01-10T01:10:11.900+0000] {processor.py:186} INFO - Started process (PID=1095) to work on /home/airflow/.local/lib/python3.12/site-packages/airflow/example_dags/example_branch_labels.py
[2025-01-10T01:10:11.901+0000] {processor.py:914} INFO - Processing file /home/airflow/.local/lib/python3.12/site-packages/airflow/example_dags/example_branch_labels.py for tasks to queue
[2025-01-10T01:10:11.903+0000] {logging_mixin.py:190} INFO - [2025-01-10T01:10:11.903+0000] {dagbag.py:588} INFO - Filling up the DagBag from /home/airflow/.local/lib/python3.12/site-packages/airflow/example_dags/example_branch_labels.py
[2025-01-10T01:10:11.912+0000] {processor.py:925} INFO - DAG(s) 'example_branch_labels' retrieved from /home/airflow/.local/lib/python3.12/site-packages/airflow/example_dags/example_branch_labels.py
[2025-01-10T01:10:11.931+0000] {logging_mixin.py:190} INFO - [2025-01-10T01:10:11.930+0000] {dag.py:3239} INFO - Sync 1 DAGs
[2025-01-10T01:10:11.953+0000] {logging_mixin.py:190} INFO - [2025-01-10T01:10:11.953+0000] {dag.py:4180} INFO - Setting next_dagrun for example_branch_labels to 2025-01-09 00:00:00+00:00, run_after=2025-01-10 00:00:00+00:00
[2025-01-10T01:10:11.974+0000] {processor.py:208} INFO - Processing /home/airflow/.local/lib/python3.12/site-packages/airflow/example_dags/example_branch_labels.py took 0.080 seconds
[2025-01-10T01:10:42.199+0000] {processor.py:186} INFO - Started process (PID=1158) to work on /home/airflow/.local/lib/python3.12/site-packages/airflow/example_dags/example_branch_labels.py
[2025-01-10T01:10:42.200+0000] {processor.py:914} INFO - Processing file /home/airflow/.local/lib/python3.12/site-packages/airflow/example_dags/example_branch_labels.py for tasks to queue
[2025-01-10T01:10:42.203+0000] {logging_mixin.py:190} INFO - [2025-01-10T01:10:42.203+0000] {dagbag.py:588} INFO - Filling up the DagBag from /home/airflow/.local/lib/python3.12/site-packages/airflow/example_dags/example_branch_labels.py
[2025-01-10T01:10:42.212+0000] {processor.py:925} INFO - DAG(s) 'example_branch_labels' retrieved from /home/airflow/.local/lib/python3.12/site-packages/airflow/example_dags/example_branch_labels.py
[2025-01-10T01:10:42.231+0000] {logging_mixin.py:190} INFO - [2025-01-10T01:10:42.231+0000] {dag.py:3239} INFO - Sync 1 DAGs
[2025-01-10T01:10:42.254+0000] {logging_mixin.py:190} INFO - [2025-01-10T01:10:42.253+0000] {dag.py:4180} INFO - Setting next_dagrun for example_branch_labels to 2025-01-09 00:00:00+00:00, run_after=2025-01-10 00:00:00+00:00
[2025-01-10T01:10:42.272+0000] {processor.py:208} INFO - Processing /home/airflow/.local/lib/python3.12/site-packages/airflow/example_dags/example_branch_labels.py took 0.078 seconds
[2025-01-10T01:11:12.447+0000] {processor.py:186} INFO - Started process (PID=1221) to work on /home/airflow/.local/lib/python3.12/site-packages/airflow/example_dags/example_branch_labels.py
[2025-01-10T01:11:12.448+0000] {processor.py:914} INFO - Processing file /home/airflow/.local/lib/python3.12/site-packages/airflow/example_dags/example_branch_labels.py for tasks to queue
[2025-01-10T01:11:12.451+0000] {logging_mixin.py:190} INFO - [2025-01-10T01:11:12.450+0000] {dagbag.py:588} INFO - Filling up the DagBag from /home/airflow/.local/lib/python3.12/site-packages/airflow/example_dags/example_branch_labels.py
[2025-01-10T01:11:12.460+0000] {processor.py:925} INFO - DAG(s) 'example_branch_labels' retrieved from /home/airflow/.local/lib/python3.12/site-packages/airflow/example_dags/example_branch_labels.py
[2025-01-10T01:11:12.479+0000] {logging_mixin.py:190} INFO - [2025-01-10T01:11:12.479+0000] {dag.py:3239} INFO - Sync 1 DAGs
[2025-01-10T01:11:12.502+0000] {logging_mixin.py:190} INFO - [2025-01-10T01:11:12.502+0000] {dag.py:4180} INFO - Setting next_dagrun for example_branch_labels to 2025-01-09 00:00:00+00:00, run_after=2025-01-10 00:00:00+00:00
[2025-01-10T01:11:12.523+0000] {processor.py:208} INFO - Processing /home/airflow/.local/lib/python3.12/site-packages/airflow/example_dags/example_branch_labels.py took 0.081 seconds
[2025-01-10T01:11:43.444+0000] {processor.py:186} INFO - Started process (PID=1284) to work on /home/airflow/.local/lib/python3.12/site-packages/airflow/example_dags/example_branch_labels.py
[2025-01-10T01:11:43.445+0000] {processor.py:914} INFO - Processing file /home/airflow/.local/lib/python3.12/site-packages/airflow/example_dags/example_branch_labels.py for tasks to queue
[2025-01-10T01:11:43.448+0000] {logging_mixin.py:190} INFO - [2025-01-10T01:11:43.448+0000] {dagbag.py:588} INFO - Filling up the DagBag from /home/airflow/.local/lib/python3.12/site-packages/airflow/example_dags/example_branch_labels.py
[2025-01-10T01:11:43.458+0000] {processor.py:925} INFO - DAG(s) 'example_branch_labels' retrieved from /home/airflow/.local/lib/python3.12/site-packages/airflow/example_dags/example_branch_labels.py
[2025-01-10T01:11:43.479+0000] {logging_mixin.py:190} INFO - [2025-01-10T01:11:43.479+0000] {dag.py:3239} INFO - Sync 1 DAGs
[2025-01-10T01:11:43.507+0000] {logging_mixin.py:190} INFO - [2025-01-10T01:11:43.507+0000] {dag.py:4180} INFO - Setting next_dagrun for example_branch_labels to 2025-01-09 00:00:00+00:00, run_after=2025-01-10 00:00:00+00:00
[2025-01-10T01:11:43.528+0000] {processor.py:208} INFO - Processing /home/airflow/.local/lib/python3.12/site-packages/airflow/example_dags/example_branch_labels.py took 0.090 seconds
[2025-01-10T01:12:14.547+0000] {processor.py:186} INFO - Started process (PID=1347) to work on /home/airflow/.local/lib/python3.12/site-packages/airflow/example_dags/example_branch_labels.py
[2025-01-10T01:12:14.551+0000] {processor.py:914} INFO - Processing file /home/airflow/.local/lib/python3.12/site-packages/airflow/example_dags/example_branch_labels.py for tasks to queue
[2025-01-10T01:12:14.553+0000] {logging_mixin.py:190} INFO - [2025-01-10T01:12:14.552+0000] {dagbag.py:588} INFO - Filling up the DagBag from /home/airflow/.local/lib/python3.12/site-packages/airflow/example_dags/example_branch_labels.py
[2025-01-10T01:12:14.562+0000] {processor.py:925} INFO - DAG(s) 'example_branch_labels' retrieved from /home/airflow/.local/lib/python3.12/site-packages/airflow/example_dags/example_branch_labels.py
[2025-01-10T01:12:14.582+0000] {logging_mixin.py:190} INFO - [2025-01-10T01:12:14.581+0000] {dag.py:3239} INFO - Sync 1 DAGs
[2025-01-10T01:12:14.605+0000] {logging_mixin.py:190} INFO - [2025-01-10T01:12:14.605+0000] {dag.py:4180} INFO - Setting next_dagrun for example_branch_labels to 2025-01-09 00:00:00+00:00, run_after=2025-01-10 00:00:00+00:00
[2025-01-10T01:12:14.675+0000] {processor.py:208} INFO - Processing /home/airflow/.local/lib/python3.12/site-packages/airflow/example_dags/example_branch_labels.py took 0.134 seconds
[2025-01-10T01:12:45.223+0000] {processor.py:186} INFO - Started process (PID=1410) to work on /home/airflow/.local/lib/python3.12/site-packages/airflow/example_dags/example_branch_labels.py
[2025-01-10T01:12:45.224+0000] {processor.py:914} INFO - Processing file /home/airflow/.local/lib/python3.12/site-packages/airflow/example_dags/example_branch_labels.py for tasks to queue
[2025-01-10T01:12:45.227+0000] {logging_mixin.py:190} INFO - [2025-01-10T01:12:45.226+0000] {dagbag.py:588} INFO - Filling up the DagBag from /home/airflow/.local/lib/python3.12/site-packages/airflow/example_dags/example_branch_labels.py
[2025-01-10T01:12:45.235+0000] {processor.py:925} INFO - DAG(s) 'example_branch_labels' retrieved from /home/airflow/.local/lib/python3.12/site-packages/airflow/example_dags/example_branch_labels.py
[2025-01-10T01:12:45.254+0000] {logging_mixin.py:190} INFO - [2025-01-10T01:12:45.253+0000] {dag.py:3239} INFO - Sync 1 DAGs
[2025-01-10T01:12:45.276+0000] {logging_mixin.py:190} INFO - [2025-01-10T01:12:45.276+0000] {dag.py:4180} INFO - Setting next_dagrun for example_branch_labels to 2025-01-09 00:00:00+00:00, run_after=2025-01-10 00:00:00+00:00
[2025-01-10T01:12:45.296+0000] {processor.py:208} INFO - Processing /home/airflow/.local/lib/python3.12/site-packages/airflow/example_dags/example_branch_labels.py took 0.078 seconds
[2025-01-10T01:13:15.938+0000] {processor.py:186} INFO - Started process (PID=1473) to work on /home/airflow/.local/lib/python3.12/site-packages/airflow/example_dags/example_branch_labels.py
[2025-01-10T01:13:15.940+0000] {processor.py:914} INFO - Processing file /home/airflow/.local/lib/python3.12/site-packages/airflow/example_dags/example_branch_labels.py for tasks to queue
[2025-01-10T01:13:15.943+0000] {logging_mixin.py:190} INFO - [2025-01-10T01:13:15.943+0000] {dagbag.py:588} INFO - Filling up the DagBag from /home/airflow/.local/lib/python3.12/site-packages/airflow/example_dags/example_branch_labels.py
[2025-01-10T01:13:15.957+0000] {processor.py:925} INFO - DAG(s) 'example_branch_labels' retrieved from /home/airflow/.local/lib/python3.12/site-packages/airflow/example_dags/example_branch_labels.py
[2025-01-10T01:13:15.986+0000] {logging_mixin.py:190} INFO - [2025-01-10T01:13:15.985+0000] {dag.py:3239} INFO - Sync 1 DAGs
[2025-01-10T01:13:16.012+0000] {logging_mixin.py:190} INFO - [2025-01-10T01:13:16.012+0000] {dag.py:4180} INFO - Setting next_dagrun for example_branch_labels to 2025-01-09 00:00:00+00:00, run_after=2025-01-10 00:00:00+00:00
[2025-01-10T01:13:16.033+0000] {processor.py:208} INFO - Processing /home/airflow/.local/lib/python3.12/site-packages/airflow/example_dags/example_branch_labels.py took 0.103 seconds
[2025-01-10T01:13:46.137+0000] {processor.py:186} INFO - Started process (PID=1536) to work on /home/airflow/.local/lib/python3.12/site-packages/airflow/example_dags/example_branch_labels.py
[2025-01-10T01:13:46.138+0000] {processor.py:914} INFO - Processing file /home/airflow/.local/lib/python3.12/site-packages/airflow/example_dags/example_branch_labels.py for tasks to queue
[2025-01-10T01:13:46.140+0000] {logging_mixin.py:190} INFO - [2025-01-10T01:13:46.140+0000] {dagbag.py:588} INFO - Filling up the DagBag from /home/airflow/.local/lib/python3.12/site-packages/airflow/example_dags/example_branch_labels.py
[2025-01-10T01:13:46.152+0000] {processor.py:925} INFO - DAG(s) 'example_branch_labels' retrieved from /home/airflow/.local/lib/python3.12/site-packages/airflow/example_dags/example_branch_labels.py
[2025-01-10T01:13:46.176+0000] {logging_mixin.py:190} INFO - [2025-01-10T01:13:46.176+0000] {dag.py:3239} INFO - Sync 1 DAGs
[2025-01-10T01:13:46.235+0000] {logging_mixin.py:190} INFO - [2025-01-10T01:13:46.233+0000] {dag.py:4180} INFO - Setting next_dagrun for example_branch_labels to 2025-01-09 00:00:00+00:00, run_after=2025-01-10 00:00:00+00:00
[2025-01-10T01:13:46.280+0000] {processor.py:208} INFO - Processing /home/airflow/.local/lib/python3.12/site-packages/airflow/example_dags/example_branch_labels.py took 0.149 seconds
