[2025-01-10T00:43:52.050+0000] {processor.py:186} INFO - Started process (PID=99) to work on /home/airflow/.local/lib/python3.12/site-packages/airflow/example_dags/example_branch_python_dop_operator_3.py
[2025-01-10T00:43:52.052+0000] {processor.py:914} INFO - Processing file /home/airflow/.local/lib/python3.12/site-packages/airflow/example_dags/example_branch_python_dop_operator_3.py for tasks to queue
[2025-01-10T00:43:52.056+0000] {logging_mixin.py:190} INFO - [2025-01-10T00:43:52.056+0000] {dagbag.py:588} INFO - Filling up the DagBag from /home/airflow/.local/lib/python3.12/site-packages/airflow/example_dags/example_branch_python_dop_operator_3.py
[2025-01-10T00:43:52.073+0000] {processor.py:925} INFO - DAG(s) 'example_branch_dop_operator_v3' retrieved from /home/airflow/.local/lib/python3.12/site-packages/airflow/example_dags/example_branch_python_dop_operator_3.py
[2025-01-10T00:43:52.235+0000] {logging_mixin.py:190} INFO - [2025-01-10T00:43:52.234+0000] {override.py:1911} INFO - Created Permission View: can delete on DAG:example_branch_dop_operator_v3
[2025-01-10T00:43:52.253+0000] {logging_mixin.py:190} INFO - [2025-01-10T00:43:52.252+0000] {override.py:1911} INFO - Created Permission View: can read on DAG:example_branch_dop_operator_v3
[2025-01-10T00:43:52.266+0000] {logging_mixin.py:190} INFO - [2025-01-10T00:43:52.266+0000] {override.py:1911} INFO - Created Permission View: can edit on DAG:example_branch_dop_operator_v3
[2025-01-10T00:43:52.290+0000] {logging_mixin.py:190} INFO - [2025-01-10T00:43:52.290+0000] {override.py:1911} INFO - Created Permission View: can delete on DAG Run:example_branch_dop_operator_v3
[2025-01-10T00:43:52.302+0000] {logging_mixin.py:190} INFO - [2025-01-10T00:43:52.301+0000] {override.py:1911} INFO - Created Permission View: can read on DAG Run:example_branch_dop_operator_v3
[2025-01-10T00:43:52.314+0000] {logging_mixin.py:190} INFO - [2025-01-10T00:43:52.313+0000] {override.py:1911} INFO - Created Permission View: can create on DAG Run:example_branch_dop_operator_v3
[2025-01-10T00:43:52.326+0000] {logging_mixin.py:190} INFO - [2025-01-10T00:43:52.326+0000] {override.py:1911} INFO - Created Permission View: menu access on DAG Run:example_branch_dop_operator_v3
[2025-01-10T00:43:52.327+0000] {logging_mixin.py:190} INFO - [2025-01-10T00:43:52.327+0000] {dag.py:3239} INFO - Sync 1 DAGs
[2025-01-10T00:43:52.346+0000] {logging_mixin.py:190} INFO - [2025-01-10T00:43:52.346+0000] {dag.py:3262} INFO - Creating ORM DAG for example_branch_dop_operator_v3
[2025-01-10T00:43:52.362+0000] {logging_mixin.py:190} INFO - [2025-01-10T00:43:52.362+0000] {dag.py:4180} INFO - Setting next_dagrun for example_branch_dop_operator_v3 to 2025-01-10 00:42:00+00:00, run_after=2025-01-10 00:43:00+00:00
[2025-01-10T00:43:52.388+0000] {processor.py:208} INFO - Processing /home/airflow/.local/lib/python3.12/site-packages/airflow/example_dags/example_branch_python_dop_operator_3.py took 0.344 seconds
[2025-01-10T00:44:22.823+0000] {processor.py:186} INFO - Started process (PID=162) to work on /home/airflow/.local/lib/python3.12/site-packages/airflow/example_dags/example_branch_python_dop_operator_3.py
[2025-01-10T00:44:22.824+0000] {processor.py:914} INFO - Processing file /home/airflow/.local/lib/python3.12/site-packages/airflow/example_dags/example_branch_python_dop_operator_3.py for tasks to queue
[2025-01-10T00:44:22.828+0000] {logging_mixin.py:190} INFO - [2025-01-10T00:44:22.827+0000] {dagbag.py:588} INFO - Filling up the DagBag from /home/airflow/.local/lib/python3.12/site-packages/airflow/example_dags/example_branch_python_dop_operator_3.py
[2025-01-10T00:44:22.845+0000] {processor.py:925} INFO - DAG(s) 'example_branch_dop_operator_v3' retrieved from /home/airflow/.local/lib/python3.12/site-packages/airflow/example_dags/example_branch_python_dop_operator_3.py
[2025-01-10T00:44:22.873+0000] {logging_mixin.py:190} INFO - [2025-01-10T00:44:22.873+0000] {dag.py:3239} INFO - Sync 1 DAGs
[2025-01-10T00:44:22.907+0000] {logging_mixin.py:190} INFO - [2025-01-10T00:44:22.907+0000] {dag.py:4180} INFO - Setting next_dagrun for example_branch_dop_operator_v3 to 2025-01-10 00:43:00+00:00, run_after=2025-01-10 00:44:00+00:00
[2025-01-10T00:44:22.932+0000] {processor.py:208} INFO - Processing /home/airflow/.local/lib/python3.12/site-packages/airflow/example_dags/example_branch_python_dop_operator_3.py took 0.116 seconds
[2025-01-10T00:44:53.840+0000] {processor.py:186} INFO - Started process (PID=225) to work on /home/airflow/.local/lib/python3.12/site-packages/airflow/example_dags/example_branch_python_dop_operator_3.py
[2025-01-10T00:44:53.841+0000] {processor.py:914} INFO - Processing file /home/airflow/.local/lib/python3.12/site-packages/airflow/example_dags/example_branch_python_dop_operator_3.py for tasks to queue
[2025-01-10T00:44:53.843+0000] {logging_mixin.py:190} INFO - [2025-01-10T00:44:53.843+0000] {dagbag.py:588} INFO - Filling up the DagBag from /home/airflow/.local/lib/python3.12/site-packages/airflow/example_dags/example_branch_python_dop_operator_3.py
[2025-01-10T00:44:53.856+0000] {processor.py:925} INFO - DAG(s) 'example_branch_dop_operator_v3' retrieved from /home/airflow/.local/lib/python3.12/site-packages/airflow/example_dags/example_branch_python_dop_operator_3.py
[2025-01-10T00:44:53.880+0000] {logging_mixin.py:190} INFO - [2025-01-10T00:44:53.879+0000] {dag.py:3239} INFO - Sync 1 DAGs
[2025-01-10T00:44:53.911+0000] {logging_mixin.py:190} INFO - [2025-01-10T00:44:53.911+0000] {dag.py:4180} INFO - Setting next_dagrun for example_branch_dop_operator_v3 to 2025-01-10 00:43:00+00:00, run_after=2025-01-10 00:44:00+00:00
[2025-01-10T00:44:53.935+0000] {processor.py:208} INFO - Processing /home/airflow/.local/lib/python3.12/site-packages/airflow/example_dags/example_branch_python_dop_operator_3.py took 0.102 seconds
[2025-01-10T00:45:24.888+0000] {processor.py:186} INFO - Started process (PID=288) to work on /home/airflow/.local/lib/python3.12/site-packages/airflow/example_dags/example_branch_python_dop_operator_3.py
[2025-01-10T00:45:24.889+0000] {processor.py:914} INFO - Processing file /home/airflow/.local/lib/python3.12/site-packages/airflow/example_dags/example_branch_python_dop_operator_3.py for tasks to queue
[2025-01-10T00:45:24.899+0000] {logging_mixin.py:190} INFO - [2025-01-10T00:45:24.897+0000] {dagbag.py:588} INFO - Filling up the DagBag from /home/airflow/.local/lib/python3.12/site-packages/airflow/example_dags/example_branch_python_dop_operator_3.py
[2025-01-10T00:45:24.929+0000] {processor.py:925} INFO - DAG(s) 'example_branch_dop_operator_v3' retrieved from /home/airflow/.local/lib/python3.12/site-packages/airflow/example_dags/example_branch_python_dop_operator_3.py
[2025-01-10T00:45:24.979+0000] {logging_mixin.py:190} INFO - [2025-01-10T00:45:24.978+0000] {dag.py:3239} INFO - Sync 1 DAGs
[2025-01-10T00:45:25.049+0000] {logging_mixin.py:190} INFO - [2025-01-10T00:45:25.049+0000] {dag.py:4180} INFO - Setting next_dagrun for example_branch_dop_operator_v3 to 2025-01-10 00:44:00+00:00, run_after=2025-01-10 00:45:00+00:00
[2025-01-10T00:45:25.145+0000] {processor.py:208} INFO - Processing /home/airflow/.local/lib/python3.12/site-packages/airflow/example_dags/example_branch_python_dop_operator_3.py took 0.267 seconds
[2025-01-10T00:45:55.601+0000] {processor.py:186} INFO - Started process (PID=350) to work on /home/airflow/.local/lib/python3.12/site-packages/airflow/example_dags/example_branch_python_dop_operator_3.py
[2025-01-10T00:45:55.603+0000] {processor.py:914} INFO - Processing file /home/airflow/.local/lib/python3.12/site-packages/airflow/example_dags/example_branch_python_dop_operator_3.py for tasks to queue
[2025-01-10T00:45:55.611+0000] {logging_mixin.py:190} INFO - [2025-01-10T00:45:55.610+0000] {dagbag.py:588} INFO - Filling up the DagBag from /home/airflow/.local/lib/python3.12/site-packages/airflow/example_dags/example_branch_python_dop_operator_3.py
[2025-01-10T00:45:55.632+0000] {processor.py:925} INFO - DAG(s) 'example_branch_dop_operator_v3' retrieved from /home/airflow/.local/lib/python3.12/site-packages/airflow/example_dags/example_branch_python_dop_operator_3.py
[2025-01-10T00:45:55.674+0000] {logging_mixin.py:190} INFO - [2025-01-10T00:45:55.673+0000] {dag.py:3239} INFO - Sync 1 DAGs
[2025-01-10T00:45:55.726+0000] {logging_mixin.py:190} INFO - [2025-01-10T00:45:55.725+0000] {dag.py:4180} INFO - Setting next_dagrun for example_branch_dop_operator_v3 to 2025-01-10 00:44:00+00:00, run_after=2025-01-10 00:45:00+00:00
[2025-01-10T00:45:55.771+0000] {processor.py:208} INFO - Processing /home/airflow/.local/lib/python3.12/site-packages/airflow/example_dags/example_branch_python_dop_operator_3.py took 0.182 seconds
[2025-01-10T00:46:25.817+0000] {processor.py:186} INFO - Started process (PID=412) to work on /home/airflow/.local/lib/python3.12/site-packages/airflow/example_dags/example_branch_python_dop_operator_3.py
[2025-01-10T00:46:25.818+0000] {processor.py:914} INFO - Processing file /home/airflow/.local/lib/python3.12/site-packages/airflow/example_dags/example_branch_python_dop_operator_3.py for tasks to queue
[2025-01-10T00:46:25.820+0000] {logging_mixin.py:190} INFO - [2025-01-10T00:46:25.820+0000] {dagbag.py:588} INFO - Filling up the DagBag from /home/airflow/.local/lib/python3.12/site-packages/airflow/example_dags/example_branch_python_dop_operator_3.py
[2025-01-10T00:46:25.830+0000] {processor.py:925} INFO - DAG(s) 'example_branch_dop_operator_v3' retrieved from /home/airflow/.local/lib/python3.12/site-packages/airflow/example_dags/example_branch_python_dop_operator_3.py
[2025-01-10T00:46:25.855+0000] {logging_mixin.py:190} INFO - [2025-01-10T00:46:25.854+0000] {dag.py:3239} INFO - Sync 1 DAGs
[2025-01-10T00:46:25.881+0000] {logging_mixin.py:190} INFO - [2025-01-10T00:46:25.880+0000] {dag.py:4180} INFO - Setting next_dagrun for example_branch_dop_operator_v3 to 2025-01-10 00:45:00+00:00, run_after=2025-01-10 00:46:00+00:00
[2025-01-10T00:46:25.909+0000] {processor.py:208} INFO - Processing /home/airflow/.local/lib/python3.12/site-packages/airflow/example_dags/example_branch_python_dop_operator_3.py took 0.097 seconds
[2025-01-10T00:46:56.346+0000] {processor.py:186} INFO - Started process (PID=475) to work on /home/airflow/.local/lib/python3.12/site-packages/airflow/example_dags/example_branch_python_dop_operator_3.py
[2025-01-10T00:46:56.347+0000] {processor.py:914} INFO - Processing file /home/airflow/.local/lib/python3.12/site-packages/airflow/example_dags/example_branch_python_dop_operator_3.py for tasks to queue
[2025-01-10T00:46:56.349+0000] {logging_mixin.py:190} INFO - [2025-01-10T00:46:56.348+0000] {dagbag.py:588} INFO - Filling up the DagBag from /home/airflow/.local/lib/python3.12/site-packages/airflow/example_dags/example_branch_python_dop_operator_3.py
[2025-01-10T00:46:56.359+0000] {processor.py:925} INFO - DAG(s) 'example_branch_dop_operator_v3' retrieved from /home/airflow/.local/lib/python3.12/site-packages/airflow/example_dags/example_branch_python_dop_operator_3.py
[2025-01-10T00:46:56.379+0000] {logging_mixin.py:190} INFO - [2025-01-10T00:46:56.379+0000] {dag.py:3239} INFO - Sync 1 DAGs
[2025-01-10T00:46:56.408+0000] {logging_mixin.py:190} INFO - [2025-01-10T00:46:56.408+0000] {dag.py:4180} INFO - Setting next_dagrun for example_branch_dop_operator_v3 to 2025-01-10 00:45:00+00:00, run_after=2025-01-10 00:46:00+00:00
[2025-01-10T00:46:56.428+0000] {processor.py:208} INFO - Processing /home/airflow/.local/lib/python3.12/site-packages/airflow/example_dags/example_branch_python_dop_operator_3.py took 0.088 seconds
[2025-01-10T00:47:26.585+0000] {processor.py:186} INFO - Started process (PID=538) to work on /home/airflow/.local/lib/python3.12/site-packages/airflow/example_dags/example_branch_python_dop_operator_3.py
[2025-01-10T00:47:26.587+0000] {processor.py:914} INFO - Processing file /home/airflow/.local/lib/python3.12/site-packages/airflow/example_dags/example_branch_python_dop_operator_3.py for tasks to queue
[2025-01-10T00:47:26.590+0000] {logging_mixin.py:190} INFO - [2025-01-10T00:47:26.590+0000] {dagbag.py:588} INFO - Filling up the DagBag from /home/airflow/.local/lib/python3.12/site-packages/airflow/example_dags/example_branch_python_dop_operator_3.py
[2025-01-10T00:47:26.607+0000] {processor.py:925} INFO - DAG(s) 'example_branch_dop_operator_v3' retrieved from /home/airflow/.local/lib/python3.12/site-packages/airflow/example_dags/example_branch_python_dop_operator_3.py
[2025-01-10T00:47:26.639+0000] {logging_mixin.py:190} INFO - [2025-01-10T00:47:26.639+0000] {dag.py:3239} INFO - Sync 1 DAGs
[2025-01-10T00:47:26.688+0000] {logging_mixin.py:190} INFO - [2025-01-10T00:47:26.687+0000] {dag.py:4180} INFO - Setting next_dagrun for example_branch_dop_operator_v3 to 2025-01-10 00:46:00+00:00, run_after=2025-01-10 00:47:00+00:00
[2025-01-10T00:47:26.722+0000] {processor.py:208} INFO - Processing /home/airflow/.local/lib/python3.12/site-packages/airflow/example_dags/example_branch_python_dop_operator_3.py took 0.146 seconds
[2025-01-10T00:47:57.554+0000] {processor.py:186} INFO - Started process (PID=601) to work on /home/airflow/.local/lib/python3.12/site-packages/airflow/example_dags/example_branch_python_dop_operator_3.py
[2025-01-10T00:47:57.554+0000] {processor.py:914} INFO - Processing file /home/airflow/.local/lib/python3.12/site-packages/airflow/example_dags/example_branch_python_dop_operator_3.py for tasks to queue
[2025-01-10T00:47:57.557+0000] {logging_mixin.py:190} INFO - [2025-01-10T00:47:57.556+0000] {dagbag.py:588} INFO - Filling up the DagBag from /home/airflow/.local/lib/python3.12/site-packages/airflow/example_dags/example_branch_python_dop_operator_3.py
[2025-01-10T00:47:57.565+0000] {processor.py:925} INFO - DAG(s) 'example_branch_dop_operator_v3' retrieved from /home/airflow/.local/lib/python3.12/site-packages/airflow/example_dags/example_branch_python_dop_operator_3.py
[2025-01-10T00:47:57.583+0000] {logging_mixin.py:190} INFO - [2025-01-10T00:47:57.583+0000] {dag.py:3239} INFO - Sync 1 DAGs
[2025-01-10T00:47:57.606+0000] {logging_mixin.py:190} INFO - [2025-01-10T00:47:57.606+0000] {dag.py:4180} INFO - Setting next_dagrun for example_branch_dop_operator_v3 to 2025-01-10 00:46:00+00:00, run_after=2025-01-10 00:47:00+00:00
[2025-01-10T00:47:57.626+0000] {processor.py:208} INFO - Processing /home/airflow/.local/lib/python3.12/site-packages/airflow/example_dags/example_branch_python_dop_operator_3.py took 0.077 seconds
[2025-01-10T00:48:28.353+0000] {processor.py:186} INFO - Started process (PID=664) to work on /home/airflow/.local/lib/python3.12/site-packages/airflow/example_dags/example_branch_python_dop_operator_3.py
[2025-01-10T00:48:28.354+0000] {processor.py:914} INFO - Processing file /home/airflow/.local/lib/python3.12/site-packages/airflow/example_dags/example_branch_python_dop_operator_3.py for tasks to queue
[2025-01-10T00:48:28.357+0000] {logging_mixin.py:190} INFO - [2025-01-10T00:48:28.357+0000] {dagbag.py:588} INFO - Filling up the DagBag from /home/airflow/.local/lib/python3.12/site-packages/airflow/example_dags/example_branch_python_dop_operator_3.py
[2025-01-10T00:48:28.368+0000] {processor.py:925} INFO - DAG(s) 'example_branch_dop_operator_v3' retrieved from /home/airflow/.local/lib/python3.12/site-packages/airflow/example_dags/example_branch_python_dop_operator_3.py
[2025-01-10T00:48:28.388+0000] {logging_mixin.py:190} INFO - [2025-01-10T00:48:28.388+0000] {dag.py:3239} INFO - Sync 1 DAGs
[2025-01-10T00:48:28.418+0000] {logging_mixin.py:190} INFO - [2025-01-10T00:48:28.418+0000] {dag.py:4180} INFO - Setting next_dagrun for example_branch_dop_operator_v3 to 2025-01-10 00:47:00+00:00, run_after=2025-01-10 00:48:00+00:00
[2025-01-10T00:48:28.440+0000] {processor.py:208} INFO - Processing /home/airflow/.local/lib/python3.12/site-packages/airflow/example_dags/example_branch_python_dop_operator_3.py took 0.093 seconds
[2025-01-10T00:48:58.790+0000] {processor.py:186} INFO - Started process (PID=727) to work on /home/airflow/.local/lib/python3.12/site-packages/airflow/example_dags/example_branch_python_dop_operator_3.py
[2025-01-10T00:48:58.791+0000] {processor.py:914} INFO - Processing file /home/airflow/.local/lib/python3.12/site-packages/airflow/example_dags/example_branch_python_dop_operator_3.py for tasks to queue
[2025-01-10T00:48:58.793+0000] {logging_mixin.py:190} INFO - [2025-01-10T00:48:58.792+0000] {dagbag.py:588} INFO - Filling up the DagBag from /home/airflow/.local/lib/python3.12/site-packages/airflow/example_dags/example_branch_python_dop_operator_3.py
[2025-01-10T00:48:58.802+0000] {processor.py:925} INFO - DAG(s) 'example_branch_dop_operator_v3' retrieved from /home/airflow/.local/lib/python3.12/site-packages/airflow/example_dags/example_branch_python_dop_operator_3.py
[2025-01-10T00:48:58.818+0000] {logging_mixin.py:190} INFO - [2025-01-10T00:48:58.817+0000] {dag.py:3239} INFO - Sync 1 DAGs
[2025-01-10T00:48:58.840+0000] {logging_mixin.py:190} INFO - [2025-01-10T00:48:58.840+0000] {dag.py:4180} INFO - Setting next_dagrun for example_branch_dop_operator_v3 to 2025-01-10 00:47:00+00:00, run_after=2025-01-10 00:48:00+00:00
[2025-01-10T00:48:58.874+0000] {processor.py:208} INFO - Processing /home/airflow/.local/lib/python3.12/site-packages/airflow/example_dags/example_branch_python_dop_operator_3.py took 0.090 seconds
[2025-01-10T00:49:29.881+0000] {processor.py:186} INFO - Started process (PID=790) to work on /home/airflow/.local/lib/python3.12/site-packages/airflow/example_dags/example_branch_python_dop_operator_3.py
[2025-01-10T00:49:29.882+0000] {processor.py:914} INFO - Processing file /home/airflow/.local/lib/python3.12/site-packages/airflow/example_dags/example_branch_python_dop_operator_3.py for tasks to queue
[2025-01-10T00:49:29.884+0000] {logging_mixin.py:190} INFO - [2025-01-10T00:49:29.884+0000] {dagbag.py:588} INFO - Filling up the DagBag from /home/airflow/.local/lib/python3.12/site-packages/airflow/example_dags/example_branch_python_dop_operator_3.py
[2025-01-10T00:49:29.893+0000] {processor.py:925} INFO - DAG(s) 'example_branch_dop_operator_v3' retrieved from /home/airflow/.local/lib/python3.12/site-packages/airflow/example_dags/example_branch_python_dop_operator_3.py
[2025-01-10T00:49:29.912+0000] {logging_mixin.py:190} INFO - [2025-01-10T00:49:29.911+0000] {dag.py:3239} INFO - Sync 1 DAGs
[2025-01-10T00:49:29.935+0000] {logging_mixin.py:190} INFO - [2025-01-10T00:49:29.935+0000] {dag.py:4180} INFO - Setting next_dagrun for example_branch_dop_operator_v3 to 2025-01-10 00:48:00+00:00, run_after=2025-01-10 00:49:00+00:00
[2025-01-10T00:49:29.954+0000] {processor.py:208} INFO - Processing /home/airflow/.local/lib/python3.12/site-packages/airflow/example_dags/example_branch_python_dop_operator_3.py took 0.078 seconds
[2025-01-10T00:50:01.201+0000] {processor.py:186} INFO - Started process (PID=853) to work on /home/airflow/.local/lib/python3.12/site-packages/airflow/example_dags/example_branch_python_dop_operator_3.py
[2025-01-10T00:50:01.202+0000] {processor.py:914} INFO - Processing file /home/airflow/.local/lib/python3.12/site-packages/airflow/example_dags/example_branch_python_dop_operator_3.py for tasks to queue
[2025-01-10T00:50:01.204+0000] {logging_mixin.py:190} INFO - [2025-01-10T00:50:01.204+0000] {dagbag.py:588} INFO - Filling up the DagBag from /home/airflow/.local/lib/python3.12/site-packages/airflow/example_dags/example_branch_python_dop_operator_3.py
[2025-01-10T00:50:01.214+0000] {processor.py:925} INFO - DAG(s) 'example_branch_dop_operator_v3' retrieved from /home/airflow/.local/lib/python3.12/site-packages/airflow/example_dags/example_branch_python_dop_operator_3.py
[2025-01-10T00:50:01.232+0000] {logging_mixin.py:190} INFO - [2025-01-10T00:50:01.232+0000] {dag.py:3239} INFO - Sync 1 DAGs
[2025-01-10T00:50:01.255+0000] {logging_mixin.py:190} INFO - [2025-01-10T00:50:01.255+0000] {dag.py:4180} INFO - Setting next_dagrun for example_branch_dop_operator_v3 to 2025-01-10 00:49:00+00:00, run_after=2025-01-10 00:50:00+00:00
[2025-01-10T00:50:01.275+0000] {processor.py:208} INFO - Processing /home/airflow/.local/lib/python3.12/site-packages/airflow/example_dags/example_branch_python_dop_operator_3.py took 0.079 seconds
[2025-01-10T00:50:32.586+0000] {processor.py:186} INFO - Started process (PID=916) to work on /home/airflow/.local/lib/python3.12/site-packages/airflow/example_dags/example_branch_python_dop_operator_3.py
[2025-01-10T00:50:32.587+0000] {processor.py:914} INFO - Processing file /home/airflow/.local/lib/python3.12/site-packages/airflow/example_dags/example_branch_python_dop_operator_3.py for tasks to queue
[2025-01-10T00:50:32.590+0000] {logging_mixin.py:190} INFO - [2025-01-10T00:50:32.590+0000] {dagbag.py:588} INFO - Filling up the DagBag from /home/airflow/.local/lib/python3.12/site-packages/airflow/example_dags/example_branch_python_dop_operator_3.py
[2025-01-10T00:50:32.601+0000] {processor.py:925} INFO - DAG(s) 'example_branch_dop_operator_v3' retrieved from /home/airflow/.local/lib/python3.12/site-packages/airflow/example_dags/example_branch_python_dop_operator_3.py
[2025-01-10T00:50:32.619+0000] {logging_mixin.py:190} INFO - [2025-01-10T00:50:32.619+0000] {dag.py:3239} INFO - Sync 1 DAGs
[2025-01-10T00:50:32.644+0000] {logging_mixin.py:190} INFO - [2025-01-10T00:50:32.643+0000] {dag.py:4180} INFO - Setting next_dagrun for example_branch_dop_operator_v3 to 2025-01-10 00:49:00+00:00, run_after=2025-01-10 00:50:00+00:00
[2025-01-10T00:50:32.665+0000] {processor.py:208} INFO - Processing /home/airflow/.local/lib/python3.12/site-packages/airflow/example_dags/example_branch_python_dop_operator_3.py took 0.085 seconds
[2025-01-10T00:51:03.819+0000] {processor.py:186} INFO - Started process (PID=979) to work on /home/airflow/.local/lib/python3.12/site-packages/airflow/example_dags/example_branch_python_dop_operator_3.py
[2025-01-10T00:51:03.819+0000] {processor.py:914} INFO - Processing file /home/airflow/.local/lib/python3.12/site-packages/airflow/example_dags/example_branch_python_dop_operator_3.py for tasks to queue
[2025-01-10T00:51:03.822+0000] {logging_mixin.py:190} INFO - [2025-01-10T00:51:03.821+0000] {dagbag.py:588} INFO - Filling up the DagBag from /home/airflow/.local/lib/python3.12/site-packages/airflow/example_dags/example_branch_python_dop_operator_3.py
[2025-01-10T00:51:03.832+0000] {processor.py:925} INFO - DAG(s) 'example_branch_dop_operator_v3' retrieved from /home/airflow/.local/lib/python3.12/site-packages/airflow/example_dags/example_branch_python_dop_operator_3.py
[2025-01-10T00:51:03.850+0000] {logging_mixin.py:190} INFO - [2025-01-10T00:51:03.849+0000] {dag.py:3239} INFO - Sync 1 DAGs
[2025-01-10T00:51:03.873+0000] {logging_mixin.py:190} INFO - [2025-01-10T00:51:03.873+0000] {dag.py:4180} INFO - Setting next_dagrun for example_branch_dop_operator_v3 to 2025-01-10 00:50:00+00:00, run_after=2025-01-10 00:51:00+00:00
[2025-01-10T00:51:03.892+0000] {processor.py:208} INFO - Processing /home/airflow/.local/lib/python3.12/site-packages/airflow/example_dags/example_branch_python_dop_operator_3.py took 0.079 seconds
[2025-01-10T00:51:35.134+0000] {processor.py:186} INFO - Started process (PID=1043) to work on /home/airflow/.local/lib/python3.12/site-packages/airflow/example_dags/example_branch_python_dop_operator_3.py
[2025-01-10T00:51:35.135+0000] {processor.py:914} INFO - Processing file /home/airflow/.local/lib/python3.12/site-packages/airflow/example_dags/example_branch_python_dop_operator_3.py for tasks to queue
[2025-01-10T00:51:35.137+0000] {logging_mixin.py:190} INFO - [2025-01-10T00:51:35.137+0000] {dagbag.py:588} INFO - Filling up the DagBag from /home/airflow/.local/lib/python3.12/site-packages/airflow/example_dags/example_branch_python_dop_operator_3.py
[2025-01-10T00:51:35.146+0000] {processor.py:925} INFO - DAG(s) 'example_branch_dop_operator_v3' retrieved from /home/airflow/.local/lib/python3.12/site-packages/airflow/example_dags/example_branch_python_dop_operator_3.py
[2025-01-10T00:51:35.164+0000] {logging_mixin.py:190} INFO - [2025-01-10T00:51:35.164+0000] {dag.py:3239} INFO - Sync 1 DAGs
[2025-01-10T00:51:35.188+0000] {logging_mixin.py:190} INFO - [2025-01-10T00:51:35.187+0000] {dag.py:4180} INFO - Setting next_dagrun for example_branch_dop_operator_v3 to 2025-01-10 00:50:00+00:00, run_after=2025-01-10 00:51:00+00:00
[2025-01-10T00:51:35.207+0000] {processor.py:208} INFO - Processing /home/airflow/.local/lib/python3.12/site-packages/airflow/example_dags/example_branch_python_dop_operator_3.py took 0.078 seconds
[2025-01-10T00:52:06.432+0000] {processor.py:186} INFO - Started process (PID=1106) to work on /home/airflow/.local/lib/python3.12/site-packages/airflow/example_dags/example_branch_python_dop_operator_3.py
[2025-01-10T00:52:06.433+0000] {processor.py:914} INFO - Processing file /home/airflow/.local/lib/python3.12/site-packages/airflow/example_dags/example_branch_python_dop_operator_3.py for tasks to queue
[2025-01-10T00:52:06.435+0000] {logging_mixin.py:190} INFO - [2025-01-10T00:52:06.435+0000] {dagbag.py:588} INFO - Filling up the DagBag from /home/airflow/.local/lib/python3.12/site-packages/airflow/example_dags/example_branch_python_dop_operator_3.py
[2025-01-10T00:52:06.444+0000] {processor.py:925} INFO - DAG(s) 'example_branch_dop_operator_v3' retrieved from /home/airflow/.local/lib/python3.12/site-packages/airflow/example_dags/example_branch_python_dop_operator_3.py
[2025-01-10T00:52:06.464+0000] {logging_mixin.py:190} INFO - [2025-01-10T00:52:06.464+0000] {dag.py:3239} INFO - Sync 1 DAGs
[2025-01-10T00:52:06.488+0000] {logging_mixin.py:190} INFO - [2025-01-10T00:52:06.488+0000] {dag.py:4180} INFO - Setting next_dagrun for example_branch_dop_operator_v3 to 2025-01-10 00:51:00+00:00, run_after=2025-01-10 00:52:00+00:00
[2025-01-10T00:52:06.507+0000] {processor.py:208} INFO - Processing /home/airflow/.local/lib/python3.12/site-packages/airflow/example_dags/example_branch_python_dop_operator_3.py took 0.080 seconds
[2025-01-10T00:52:37.973+0000] {processor.py:186} INFO - Started process (PID=1169) to work on /home/airflow/.local/lib/python3.12/site-packages/airflow/example_dags/example_branch_python_dop_operator_3.py
[2025-01-10T00:52:37.974+0000] {processor.py:914} INFO - Processing file /home/airflow/.local/lib/python3.12/site-packages/airflow/example_dags/example_branch_python_dop_operator_3.py for tasks to queue
[2025-01-10T00:52:37.978+0000] {logging_mixin.py:190} INFO - [2025-01-10T00:52:37.977+0000] {dagbag.py:588} INFO - Filling up the DagBag from /home/airflow/.local/lib/python3.12/site-packages/airflow/example_dags/example_branch_python_dop_operator_3.py
[2025-01-10T00:52:37.995+0000] {processor.py:925} INFO - DAG(s) 'example_branch_dop_operator_v3' retrieved from /home/airflow/.local/lib/python3.12/site-packages/airflow/example_dags/example_branch_python_dop_operator_3.py
[2025-01-10T00:52:38.014+0000] {logging_mixin.py:190} INFO - [2025-01-10T00:52:38.014+0000] {dag.py:3239} INFO - Sync 1 DAGs
[2025-01-10T00:52:38.047+0000] {logging_mixin.py:190} INFO - [2025-01-10T00:52:38.047+0000] {dag.py:4180} INFO - Setting next_dagrun for example_branch_dop_operator_v3 to 2025-01-10 00:51:00+00:00, run_after=2025-01-10 00:52:00+00:00
[2025-01-10T00:52:38.065+0000] {processor.py:208} INFO - Processing /home/airflow/.local/lib/python3.12/site-packages/airflow/example_dags/example_branch_python_dop_operator_3.py took 0.098 seconds
[2025-01-10T00:53:09.169+0000] {processor.py:186} INFO - Started process (PID=1232) to work on /home/airflow/.local/lib/python3.12/site-packages/airflow/example_dags/example_branch_python_dop_operator_3.py
[2025-01-10T00:53:09.170+0000] {processor.py:914} INFO - Processing file /home/airflow/.local/lib/python3.12/site-packages/airflow/example_dags/example_branch_python_dop_operator_3.py for tasks to queue
[2025-01-10T00:53:09.173+0000] {logging_mixin.py:190} INFO - [2025-01-10T00:53:09.172+0000] {dagbag.py:588} INFO - Filling up the DagBag from /home/airflow/.local/lib/python3.12/site-packages/airflow/example_dags/example_branch_python_dop_operator_3.py
[2025-01-10T00:53:09.183+0000] {processor.py:925} INFO - DAG(s) 'example_branch_dop_operator_v3' retrieved from /home/airflow/.local/lib/python3.12/site-packages/airflow/example_dags/example_branch_python_dop_operator_3.py
[2025-01-10T00:53:09.201+0000] {logging_mixin.py:190} INFO - [2025-01-10T00:53:09.200+0000] {dag.py:3239} INFO - Sync 1 DAGs
[2025-01-10T00:53:09.224+0000] {logging_mixin.py:190} INFO - [2025-01-10T00:53:09.224+0000] {dag.py:4180} INFO - Setting next_dagrun for example_branch_dop_operator_v3 to 2025-01-10 00:52:00+00:00, run_after=2025-01-10 00:53:00+00:00
[2025-01-10T00:53:09.244+0000] {processor.py:208} INFO - Processing /home/airflow/.local/lib/python3.12/site-packages/airflow/example_dags/example_branch_python_dop_operator_3.py took 0.080 seconds
[2025-01-10T00:53:40.581+0000] {processor.py:186} INFO - Started process (PID=1295) to work on /home/airflow/.local/lib/python3.12/site-packages/airflow/example_dags/example_branch_python_dop_operator_3.py
[2025-01-10T00:53:40.582+0000] {processor.py:914} INFO - Processing file /home/airflow/.local/lib/python3.12/site-packages/airflow/example_dags/example_branch_python_dop_operator_3.py for tasks to queue
[2025-01-10T00:53:40.585+0000] {logging_mixin.py:190} INFO - [2025-01-10T00:53:40.585+0000] {dagbag.py:588} INFO - Filling up the DagBag from /home/airflow/.local/lib/python3.12/site-packages/airflow/example_dags/example_branch_python_dop_operator_3.py
[2025-01-10T00:53:40.601+0000] {processor.py:925} INFO - DAG(s) 'example_branch_dop_operator_v3' retrieved from /home/airflow/.local/lib/python3.12/site-packages/airflow/example_dags/example_branch_python_dop_operator_3.py
[2025-01-10T00:53:40.625+0000] {logging_mixin.py:190} INFO - [2025-01-10T00:53:40.625+0000] {dag.py:3239} INFO - Sync 1 DAGs
[2025-01-10T00:53:40.655+0000] {logging_mixin.py:190} INFO - [2025-01-10T00:53:40.654+0000] {dag.py:4180} INFO - Setting next_dagrun for example_branch_dop_operator_v3 to 2025-01-10 00:52:00+00:00, run_after=2025-01-10 00:53:00+00:00
[2025-01-10T00:53:40.683+0000] {processor.py:208} INFO - Processing /home/airflow/.local/lib/python3.12/site-packages/airflow/example_dags/example_branch_python_dop_operator_3.py took 0.109 seconds
[2025-01-10T00:54:11.748+0000] {processor.py:186} INFO - Started process (PID=1359) to work on /home/airflow/.local/lib/python3.12/site-packages/airflow/example_dags/example_branch_python_dop_operator_3.py
[2025-01-10T00:54:11.749+0000] {processor.py:914} INFO - Processing file /home/airflow/.local/lib/python3.12/site-packages/airflow/example_dags/example_branch_python_dop_operator_3.py for tasks to queue
[2025-01-10T00:54:11.751+0000] {logging_mixin.py:190} INFO - [2025-01-10T00:54:11.751+0000] {dagbag.py:588} INFO - Filling up the DagBag from /home/airflow/.local/lib/python3.12/site-packages/airflow/example_dags/example_branch_python_dop_operator_3.py
[2025-01-10T00:54:11.761+0000] {processor.py:925} INFO - DAG(s) 'example_branch_dop_operator_v3' retrieved from /home/airflow/.local/lib/python3.12/site-packages/airflow/example_dags/example_branch_python_dop_operator_3.py
[2025-01-10T00:54:11.783+0000] {logging_mixin.py:190} INFO - [2025-01-10T00:54:11.783+0000] {dag.py:3239} INFO - Sync 1 DAGs
[2025-01-10T00:54:11.810+0000] {logging_mixin.py:190} INFO - [2025-01-10T00:54:11.809+0000] {dag.py:4180} INFO - Setting next_dagrun for example_branch_dop_operator_v3 to 2025-01-10 00:53:00+00:00, run_after=2025-01-10 00:54:00+00:00
[2025-01-10T00:54:11.833+0000] {processor.py:208} INFO - Processing /home/airflow/.local/lib/python3.12/site-packages/airflow/example_dags/example_branch_python_dop_operator_3.py took 0.093 seconds
[2025-01-10T00:54:42.744+0000] {processor.py:186} INFO - Started process (PID=1428) to work on /home/airflow/.local/lib/python3.12/site-packages/airflow/example_dags/example_branch_python_dop_operator_3.py
[2025-01-10T00:54:42.745+0000] {processor.py:914} INFO - Processing file /home/airflow/.local/lib/python3.12/site-packages/airflow/example_dags/example_branch_python_dop_operator_3.py for tasks to queue
[2025-01-10T00:54:42.748+0000] {logging_mixin.py:190} INFO - [2025-01-10T00:54:42.747+0000] {dagbag.py:588} INFO - Filling up the DagBag from /home/airflow/.local/lib/python3.12/site-packages/airflow/example_dags/example_branch_python_dop_operator_3.py
[2025-01-10T00:54:42.758+0000] {processor.py:925} INFO - DAG(s) 'example_branch_dop_operator_v3' retrieved from /home/airflow/.local/lib/python3.12/site-packages/airflow/example_dags/example_branch_python_dop_operator_3.py
[2025-01-10T00:54:42.777+0000] {logging_mixin.py:190} INFO - [2025-01-10T00:54:42.777+0000] {dag.py:3239} INFO - Sync 1 DAGs
[2025-01-10T00:54:42.811+0000] {logging_mixin.py:190} INFO - [2025-01-10T00:54:42.811+0000] {dag.py:4180} INFO - Setting next_dagrun for example_branch_dop_operator_v3 to 2025-01-10 00:53:00+00:00, run_after=2025-01-10 00:54:00+00:00
[2025-01-10T00:54:42.833+0000] {processor.py:208} INFO - Processing /home/airflow/.local/lib/python3.12/site-packages/airflow/example_dags/example_branch_python_dop_operator_3.py took 0.095 seconds
[2025-01-10T00:55:13.937+0000] {processor.py:186} INFO - Started process (PID=1491) to work on /home/airflow/.local/lib/python3.12/site-packages/airflow/example_dags/example_branch_python_dop_operator_3.py
[2025-01-10T00:55:13.938+0000] {processor.py:914} INFO - Processing file /home/airflow/.local/lib/python3.12/site-packages/airflow/example_dags/example_branch_python_dop_operator_3.py for tasks to queue
[2025-01-10T00:55:13.940+0000] {logging_mixin.py:190} INFO - [2025-01-10T00:55:13.940+0000] {dagbag.py:588} INFO - Filling up the DagBag from /home/airflow/.local/lib/python3.12/site-packages/airflow/example_dags/example_branch_python_dop_operator_3.py
[2025-01-10T00:55:13.949+0000] {processor.py:925} INFO - DAG(s) 'example_branch_dop_operator_v3' retrieved from /home/airflow/.local/lib/python3.12/site-packages/airflow/example_dags/example_branch_python_dop_operator_3.py
[2025-01-10T00:55:13.969+0000] {logging_mixin.py:190} INFO - [2025-01-10T00:55:13.969+0000] {dag.py:3239} INFO - Sync 1 DAGs
[2025-01-10T00:55:13.995+0000] {logging_mixin.py:190} INFO - [2025-01-10T00:55:13.995+0000] {dag.py:4180} INFO - Setting next_dagrun for example_branch_dop_operator_v3 to 2025-01-10 00:54:00+00:00, run_after=2025-01-10 00:55:00+00:00
[2025-01-10T00:55:14.017+0000] {processor.py:208} INFO - Processing /home/airflow/.local/lib/python3.12/site-packages/airflow/example_dags/example_branch_python_dop_operator_3.py took 0.085 seconds
[2025-01-10T00:55:45.087+0000] {processor.py:186} INFO - Started process (PID=1554) to work on /home/airflow/.local/lib/python3.12/site-packages/airflow/example_dags/example_branch_python_dop_operator_3.py
[2025-01-10T00:55:45.088+0000] {processor.py:914} INFO - Processing file /home/airflow/.local/lib/python3.12/site-packages/airflow/example_dags/example_branch_python_dop_operator_3.py for tasks to queue
[2025-01-10T00:55:45.090+0000] {logging_mixin.py:190} INFO - [2025-01-10T00:55:45.090+0000] {dagbag.py:588} INFO - Filling up the DagBag from /home/airflow/.local/lib/python3.12/site-packages/airflow/example_dags/example_branch_python_dop_operator_3.py
[2025-01-10T00:55:45.100+0000] {processor.py:925} INFO - DAG(s) 'example_branch_dop_operator_v3' retrieved from /home/airflow/.local/lib/python3.12/site-packages/airflow/example_dags/example_branch_python_dop_operator_3.py
[2025-01-10T00:55:45.118+0000] {logging_mixin.py:190} INFO - [2025-01-10T00:55:45.117+0000] {dag.py:3239} INFO - Sync 1 DAGs
[2025-01-10T00:55:45.141+0000] {logging_mixin.py:190} INFO - [2025-01-10T00:55:45.141+0000] {dag.py:4180} INFO - Setting next_dagrun for example_branch_dop_operator_v3 to 2025-01-10 00:54:00+00:00, run_after=2025-01-10 00:55:00+00:00
[2025-01-10T00:55:45.161+0000] {processor.py:208} INFO - Processing /home/airflow/.local/lib/python3.12/site-packages/airflow/example_dags/example_branch_python_dop_operator_3.py took 0.079 seconds
[2025-01-10T00:56:16.039+0000] {processor.py:186} INFO - Started process (PID=1617) to work on /home/airflow/.local/lib/python3.12/site-packages/airflow/example_dags/example_branch_python_dop_operator_3.py
[2025-01-10T00:56:16.040+0000] {processor.py:914} INFO - Processing file /home/airflow/.local/lib/python3.12/site-packages/airflow/example_dags/example_branch_python_dop_operator_3.py for tasks to queue
[2025-01-10T00:56:16.042+0000] {logging_mixin.py:190} INFO - [2025-01-10T00:56:16.041+0000] {dagbag.py:588} INFO - Filling up the DagBag from /home/airflow/.local/lib/python3.12/site-packages/airflow/example_dags/example_branch_python_dop_operator_3.py
[2025-01-10T00:56:16.051+0000] {processor.py:925} INFO - DAG(s) 'example_branch_dop_operator_v3' retrieved from /home/airflow/.local/lib/python3.12/site-packages/airflow/example_dags/example_branch_python_dop_operator_3.py
[2025-01-10T00:56:16.069+0000] {logging_mixin.py:190} INFO - [2025-01-10T00:56:16.069+0000] {dag.py:3239} INFO - Sync 1 DAGs
[2025-01-10T00:56:16.093+0000] {logging_mixin.py:190} INFO - [2025-01-10T00:56:16.093+0000] {dag.py:4180} INFO - Setting next_dagrun for example_branch_dop_operator_v3 to 2025-01-10 00:55:00+00:00, run_after=2025-01-10 00:56:00+00:00
[2025-01-10T00:56:16.113+0000] {processor.py:208} INFO - Processing /home/airflow/.local/lib/python3.12/site-packages/airflow/example_dags/example_branch_python_dop_operator_3.py took 0.080 seconds
[2025-01-10T00:56:47.484+0000] {processor.py:186} INFO - Started process (PID=1680) to work on /home/airflow/.local/lib/python3.12/site-packages/airflow/example_dags/example_branch_python_dop_operator_3.py
[2025-01-10T00:56:47.485+0000] {processor.py:914} INFO - Processing file /home/airflow/.local/lib/python3.12/site-packages/airflow/example_dags/example_branch_python_dop_operator_3.py for tasks to queue
[2025-01-10T00:56:47.487+0000] {logging_mixin.py:190} INFO - [2025-01-10T00:56:47.487+0000] {dagbag.py:588} INFO - Filling up the DagBag from /home/airflow/.local/lib/python3.12/site-packages/airflow/example_dags/example_branch_python_dop_operator_3.py
[2025-01-10T00:56:47.500+0000] {processor.py:925} INFO - DAG(s) 'example_branch_dop_operator_v3' retrieved from /home/airflow/.local/lib/python3.12/site-packages/airflow/example_dags/example_branch_python_dop_operator_3.py
[2025-01-10T00:56:47.517+0000] {logging_mixin.py:190} INFO - [2025-01-10T00:56:47.517+0000] {dag.py:3239} INFO - Sync 1 DAGs
[2025-01-10T00:56:47.541+0000] {logging_mixin.py:190} INFO - [2025-01-10T00:56:47.541+0000] {dag.py:4180} INFO - Setting next_dagrun for example_branch_dop_operator_v3 to 2025-01-10 00:55:00+00:00, run_after=2025-01-10 00:56:00+00:00
[2025-01-10T00:56:47.561+0000] {processor.py:208} INFO - Processing /home/airflow/.local/lib/python3.12/site-packages/airflow/example_dags/example_branch_python_dop_operator_3.py took 0.083 seconds
[2025-01-10T00:57:18.707+0000] {processor.py:186} INFO - Started process (PID=1743) to work on /home/airflow/.local/lib/python3.12/site-packages/airflow/example_dags/example_branch_python_dop_operator_3.py
[2025-01-10T00:57:18.708+0000] {processor.py:914} INFO - Processing file /home/airflow/.local/lib/python3.12/site-packages/airflow/example_dags/example_branch_python_dop_operator_3.py for tasks to queue
[2025-01-10T00:57:18.711+0000] {logging_mixin.py:190} INFO - [2025-01-10T00:57:18.710+0000] {dagbag.py:588} INFO - Filling up the DagBag from /home/airflow/.local/lib/python3.12/site-packages/airflow/example_dags/example_branch_python_dop_operator_3.py
[2025-01-10T00:57:18.721+0000] {processor.py:925} INFO - DAG(s) 'example_branch_dop_operator_v3' retrieved from /home/airflow/.local/lib/python3.12/site-packages/airflow/example_dags/example_branch_python_dop_operator_3.py
[2025-01-10T00:57:18.741+0000] {logging_mixin.py:190} INFO - [2025-01-10T00:57:18.740+0000] {dag.py:3239} INFO - Sync 1 DAGs
[2025-01-10T00:57:18.765+0000] {logging_mixin.py:190} INFO - [2025-01-10T00:57:18.765+0000] {dag.py:4180} INFO - Setting next_dagrun for example_branch_dop_operator_v3 to 2025-01-10 00:56:00+00:00, run_after=2025-01-10 00:57:00+00:00
[2025-01-10T00:57:18.786+0000] {processor.py:208} INFO - Processing /home/airflow/.local/lib/python3.12/site-packages/airflow/example_dags/example_branch_python_dop_operator_3.py took 0.086 seconds
[2025-01-10T00:57:49.837+0000] {processor.py:186} INFO - Started process (PID=1807) to work on /home/airflow/.local/lib/python3.12/site-packages/airflow/example_dags/example_branch_python_dop_operator_3.py
[2025-01-10T00:57:49.839+0000] {processor.py:914} INFO - Processing file /home/airflow/.local/lib/python3.12/site-packages/airflow/example_dags/example_branch_python_dop_operator_3.py for tasks to queue
[2025-01-10T00:57:49.842+0000] {logging_mixin.py:190} INFO - [2025-01-10T00:57:49.841+0000] {dagbag.py:588} INFO - Filling up the DagBag from /home/airflow/.local/lib/python3.12/site-packages/airflow/example_dags/example_branch_python_dop_operator_3.py
[2025-01-10T00:57:49.856+0000] {processor.py:925} INFO - DAG(s) 'example_branch_dop_operator_v3' retrieved from /home/airflow/.local/lib/python3.12/site-packages/airflow/example_dags/example_branch_python_dop_operator_3.py
[2025-01-10T00:57:49.875+0000] {logging_mixin.py:190} INFO - [2025-01-10T00:57:49.875+0000] {dag.py:3239} INFO - Sync 1 DAGs
[2025-01-10T00:57:49.900+0000] {logging_mixin.py:190} INFO - [2025-01-10T00:57:49.899+0000] {dag.py:4180} INFO - Setting next_dagrun for example_branch_dop_operator_v3 to 2025-01-10 00:56:00+00:00, run_after=2025-01-10 00:57:00+00:00
[2025-01-10T00:57:49.922+0000] {processor.py:208} INFO - Processing /home/airflow/.local/lib/python3.12/site-packages/airflow/example_dags/example_branch_python_dop_operator_3.py took 0.091 seconds
[2025-01-10T00:58:21.059+0000] {processor.py:186} INFO - Started process (PID=1870) to work on /home/airflow/.local/lib/python3.12/site-packages/airflow/example_dags/example_branch_python_dop_operator_3.py
[2025-01-10T00:58:21.060+0000] {processor.py:914} INFO - Processing file /home/airflow/.local/lib/python3.12/site-packages/airflow/example_dags/example_branch_python_dop_operator_3.py for tasks to queue
[2025-01-10T00:58:21.065+0000] {logging_mixin.py:190} INFO - [2025-01-10T00:58:21.064+0000] {dagbag.py:588} INFO - Filling up the DagBag from /home/airflow/.local/lib/python3.12/site-packages/airflow/example_dags/example_branch_python_dop_operator_3.py
[2025-01-10T00:58:21.080+0000] {processor.py:925} INFO - DAG(s) 'example_branch_dop_operator_v3' retrieved from /home/airflow/.local/lib/python3.12/site-packages/airflow/example_dags/example_branch_python_dop_operator_3.py
[2025-01-10T00:58:21.106+0000] {logging_mixin.py:190} INFO - [2025-01-10T00:58:21.106+0000] {dag.py:3239} INFO - Sync 1 DAGs
[2025-01-10T00:58:21.159+0000] {logging_mixin.py:190} INFO - [2025-01-10T00:58:21.159+0000] {dag.py:4180} INFO - Setting next_dagrun for example_branch_dop_operator_v3 to 2025-01-10 00:57:00+00:00, run_after=2025-01-10 00:58:00+00:00
[2025-01-10T00:58:21.185+0000] {processor.py:208} INFO - Processing /home/airflow/.local/lib/python3.12/site-packages/airflow/example_dags/example_branch_python_dop_operator_3.py took 0.135 seconds
[2025-01-10T01:02:01.862+0000] {processor.py:186} INFO - Started process (PID=93) to work on /home/airflow/.local/lib/python3.12/site-packages/airflow/example_dags/example_branch_python_dop_operator_3.py
[2025-01-10T01:02:01.864+0000] {processor.py:914} INFO - Processing file /home/airflow/.local/lib/python3.12/site-packages/airflow/example_dags/example_branch_python_dop_operator_3.py for tasks to queue
[2025-01-10T01:02:01.868+0000] {logging_mixin.py:190} INFO - [2025-01-10T01:02:01.867+0000] {dagbag.py:588} INFO - Filling up the DagBag from /home/airflow/.local/lib/python3.12/site-packages/airflow/example_dags/example_branch_python_dop_operator_3.py
[2025-01-10T01:02:01.886+0000] {processor.py:925} INFO - DAG(s) 'example_branch_dop_operator_v3' retrieved from /home/airflow/.local/lib/python3.12/site-packages/airflow/example_dags/example_branch_python_dop_operator_3.py
[2025-01-10T01:02:01.953+0000] {logging_mixin.py:190} INFO - [2025-01-10T01:02:01.952+0000] {dag.py:3239} INFO - Sync 1 DAGs
[2025-01-10T01:02:02.020+0000] {logging_mixin.py:190} INFO - [2025-01-10T01:02:02.019+0000] {dag.py:4180} INFO - Setting next_dagrun for example_branch_dop_operator_v3 to 2025-01-10 01:01:00+00:00, run_after=2025-01-10 01:02:00+00:00
[2025-01-10T01:02:02.061+0000] {processor.py:208} INFO - Processing /home/airflow/.local/lib/python3.12/site-packages/airflow/example_dags/example_branch_python_dop_operator_3.py took 0.213 seconds
[2025-01-10T01:02:32.456+0000] {processor.py:186} INFO - Started process (PID=156) to work on /home/airflow/.local/lib/python3.12/site-packages/airflow/example_dags/example_branch_python_dop_operator_3.py
[2025-01-10T01:02:32.457+0000] {processor.py:914} INFO - Processing file /home/airflow/.local/lib/python3.12/site-packages/airflow/example_dags/example_branch_python_dop_operator_3.py for tasks to queue
[2025-01-10T01:02:32.459+0000] {logging_mixin.py:190} INFO - [2025-01-10T01:02:32.459+0000] {dagbag.py:588} INFO - Filling up the DagBag from /home/airflow/.local/lib/python3.12/site-packages/airflow/example_dags/example_branch_python_dop_operator_3.py
[2025-01-10T01:02:32.469+0000] {processor.py:925} INFO - DAG(s) 'example_branch_dop_operator_v3' retrieved from /home/airflow/.local/lib/python3.12/site-packages/airflow/example_dags/example_branch_python_dop_operator_3.py
[2025-01-10T01:02:32.487+0000] {logging_mixin.py:190} INFO - [2025-01-10T01:02:32.487+0000] {dag.py:3239} INFO - Sync 1 DAGs
[2025-01-10T01:02:32.518+0000] {logging_mixin.py:190} INFO - [2025-01-10T01:02:32.518+0000] {dag.py:4180} INFO - Setting next_dagrun for example_branch_dop_operator_v3 to 2025-01-10 01:01:00+00:00, run_after=2025-01-10 01:02:00+00:00
[2025-01-10T01:02:32.539+0000] {processor.py:208} INFO - Processing /home/airflow/.local/lib/python3.12/site-packages/airflow/example_dags/example_branch_python_dop_operator_3.py took 0.087 seconds
[2025-01-10T01:03:03.044+0000] {processor.py:186} INFO - Started process (PID=218) to work on /home/airflow/.local/lib/python3.12/site-packages/airflow/example_dags/example_branch_python_dop_operator_3.py
[2025-01-10T01:03:03.046+0000] {processor.py:914} INFO - Processing file /home/airflow/.local/lib/python3.12/site-packages/airflow/example_dags/example_branch_python_dop_operator_3.py for tasks to queue
[2025-01-10T01:03:03.049+0000] {logging_mixin.py:190} INFO - [2025-01-10T01:03:03.049+0000] {dagbag.py:588} INFO - Filling up the DagBag from /home/airflow/.local/lib/python3.12/site-packages/airflow/example_dags/example_branch_python_dop_operator_3.py
[2025-01-10T01:03:03.067+0000] {processor.py:925} INFO - DAG(s) 'example_branch_dop_operator_v3' retrieved from /home/airflow/.local/lib/python3.12/site-packages/airflow/example_dags/example_branch_python_dop_operator_3.py
[2025-01-10T01:03:03.088+0000] {logging_mixin.py:190} INFO - [2025-01-10T01:03:03.088+0000] {dag.py:3239} INFO - Sync 1 DAGs
[2025-01-10T01:03:03.126+0000] {logging_mixin.py:190} INFO - [2025-01-10T01:03:03.126+0000] {dag.py:4180} INFO - Setting next_dagrun for example_branch_dop_operator_v3 to 2025-01-10 01:02:00+00:00, run_after=2025-01-10 01:03:00+00:00
[2025-01-10T01:03:03.150+0000] {processor.py:208} INFO - Processing /home/airflow/.local/lib/python3.12/site-packages/airflow/example_dags/example_branch_python_dop_operator_3.py took 0.114 seconds
[2025-01-10T01:03:33.196+0000] {processor.py:186} INFO - Started process (PID=281) to work on /home/airflow/.local/lib/python3.12/site-packages/airflow/example_dags/example_branch_python_dop_operator_3.py
[2025-01-10T01:03:33.197+0000] {processor.py:914} INFO - Processing file /home/airflow/.local/lib/python3.12/site-packages/airflow/example_dags/example_branch_python_dop_operator_3.py for tasks to queue
[2025-01-10T01:03:33.200+0000] {logging_mixin.py:190} INFO - [2025-01-10T01:03:33.199+0000] {dagbag.py:588} INFO - Filling up the DagBag from /home/airflow/.local/lib/python3.12/site-packages/airflow/example_dags/example_branch_python_dop_operator_3.py
[2025-01-10T01:03:33.210+0000] {processor.py:925} INFO - DAG(s) 'example_branch_dop_operator_v3' retrieved from /home/airflow/.local/lib/python3.12/site-packages/airflow/example_dags/example_branch_python_dop_operator_3.py
[2025-01-10T01:03:33.229+0000] {logging_mixin.py:190} INFO - [2025-01-10T01:03:33.229+0000] {dag.py:3239} INFO - Sync 1 DAGs
[2025-01-10T01:03:33.257+0000] {logging_mixin.py:190} INFO - [2025-01-10T01:03:33.257+0000] {dag.py:4180} INFO - Setting next_dagrun for example_branch_dop_operator_v3 to 2025-01-10 01:02:00+00:00, run_after=2025-01-10 01:03:00+00:00
[2025-01-10T01:03:33.280+0000] {processor.py:208} INFO - Processing /home/airflow/.local/lib/python3.12/site-packages/airflow/example_dags/example_branch_python_dop_operator_3.py took 0.091 seconds
[2025-01-10T01:04:04.669+0000] {processor.py:186} INFO - Started process (PID=344) to work on /home/airflow/.local/lib/python3.12/site-packages/airflow/example_dags/example_branch_python_dop_operator_3.py
[2025-01-10T01:04:04.670+0000] {processor.py:914} INFO - Processing file /home/airflow/.local/lib/python3.12/site-packages/airflow/example_dags/example_branch_python_dop_operator_3.py for tasks to queue
[2025-01-10T01:04:04.672+0000] {logging_mixin.py:190} INFO - [2025-01-10T01:04:04.672+0000] {dagbag.py:588} INFO - Filling up the DagBag from /home/airflow/.local/lib/python3.12/site-packages/airflow/example_dags/example_branch_python_dop_operator_3.py
[2025-01-10T01:04:04.684+0000] {processor.py:925} INFO - DAG(s) 'example_branch_dop_operator_v3' retrieved from /home/airflow/.local/lib/python3.12/site-packages/airflow/example_dags/example_branch_python_dop_operator_3.py
[2025-01-10T01:04:04.705+0000] {logging_mixin.py:190} INFO - [2025-01-10T01:04:04.705+0000] {dag.py:3239} INFO - Sync 1 DAGs
[2025-01-10T01:04:04.735+0000] {logging_mixin.py:190} INFO - [2025-01-10T01:04:04.734+0000] {dag.py:4180} INFO - Setting next_dagrun for example_branch_dop_operator_v3 to 2025-01-10 01:03:00+00:00, run_after=2025-01-10 01:04:00+00:00
[2025-01-10T01:04:04.760+0000] {processor.py:208} INFO - Processing /home/airflow/.local/lib/python3.12/site-packages/airflow/example_dags/example_branch_python_dop_operator_3.py took 0.096 seconds
[2025-01-10T01:04:35.130+0000] {processor.py:186} INFO - Started process (PID=407) to work on /home/airflow/.local/lib/python3.12/site-packages/airflow/example_dags/example_branch_python_dop_operator_3.py
[2025-01-10T01:04:35.131+0000] {processor.py:914} INFO - Processing file /home/airflow/.local/lib/python3.12/site-packages/airflow/example_dags/example_branch_python_dop_operator_3.py for tasks to queue
[2025-01-10T01:04:35.134+0000] {logging_mixin.py:190} INFO - [2025-01-10T01:04:35.133+0000] {dagbag.py:588} INFO - Filling up the DagBag from /home/airflow/.local/lib/python3.12/site-packages/airflow/example_dags/example_branch_python_dop_operator_3.py
[2025-01-10T01:04:35.143+0000] {processor.py:925} INFO - DAG(s) 'example_branch_dop_operator_v3' retrieved from /home/airflow/.local/lib/python3.12/site-packages/airflow/example_dags/example_branch_python_dop_operator_3.py
[2025-01-10T01:04:35.161+0000] {logging_mixin.py:190} INFO - [2025-01-10T01:04:35.161+0000] {dag.py:3239} INFO - Sync 1 DAGs
[2025-01-10T01:04:35.187+0000] {logging_mixin.py:190} INFO - [2025-01-10T01:04:35.187+0000] {dag.py:4180} INFO - Setting next_dagrun for example_branch_dop_operator_v3 to 2025-01-10 01:03:00+00:00, run_after=2025-01-10 01:04:00+00:00
[2025-01-10T01:04:35.209+0000] {processor.py:208} INFO - Processing /home/airflow/.local/lib/python3.12/site-packages/airflow/example_dags/example_branch_python_dop_operator_3.py took 0.084 seconds
[2025-01-10T01:05:05.615+0000] {processor.py:186} INFO - Started process (PID=469) to work on /home/airflow/.local/lib/python3.12/site-packages/airflow/example_dags/example_branch_python_dop_operator_3.py
[2025-01-10T01:05:05.616+0000] {processor.py:914} INFO - Processing file /home/airflow/.local/lib/python3.12/site-packages/airflow/example_dags/example_branch_python_dop_operator_3.py for tasks to queue
[2025-01-10T01:05:05.620+0000] {logging_mixin.py:190} INFO - [2025-01-10T01:05:05.619+0000] {dagbag.py:588} INFO - Filling up the DagBag from /home/airflow/.local/lib/python3.12/site-packages/airflow/example_dags/example_branch_python_dop_operator_3.py
[2025-01-10T01:05:05.632+0000] {processor.py:925} INFO - DAG(s) 'example_branch_dop_operator_v3' retrieved from /home/airflow/.local/lib/python3.12/site-packages/airflow/example_dags/example_branch_python_dop_operator_3.py
[2025-01-10T01:05:05.653+0000] {logging_mixin.py:190} INFO - [2025-01-10T01:05:05.652+0000] {dag.py:3239} INFO - Sync 1 DAGs
[2025-01-10T01:05:05.681+0000] {logging_mixin.py:190} INFO - [2025-01-10T01:05:05.681+0000] {dag.py:4180} INFO - Setting next_dagrun for example_branch_dop_operator_v3 to 2025-01-10 01:04:00+00:00, run_after=2025-01-10 01:05:00+00:00
[2025-01-10T01:05:05.702+0000] {processor.py:208} INFO - Processing /home/airflow/.local/lib/python3.12/site-packages/airflow/example_dags/example_branch_python_dop_operator_3.py took 0.094 seconds
[2025-01-10T01:05:36.024+0000] {processor.py:186} INFO - Started process (PID=532) to work on /home/airflow/.local/lib/python3.12/site-packages/airflow/example_dags/example_branch_python_dop_operator_3.py
[2025-01-10T01:05:36.025+0000] {processor.py:914} INFO - Processing file /home/airflow/.local/lib/python3.12/site-packages/airflow/example_dags/example_branch_python_dop_operator_3.py for tasks to queue
[2025-01-10T01:05:36.028+0000] {logging_mixin.py:190} INFO - [2025-01-10T01:05:36.028+0000] {dagbag.py:588} INFO - Filling up the DagBag from /home/airflow/.local/lib/python3.12/site-packages/airflow/example_dags/example_branch_python_dop_operator_3.py
[2025-01-10T01:05:36.041+0000] {processor.py:925} INFO - DAG(s) 'example_branch_dop_operator_v3' retrieved from /home/airflow/.local/lib/python3.12/site-packages/airflow/example_dags/example_branch_python_dop_operator_3.py
[2025-01-10T01:05:36.059+0000] {logging_mixin.py:190} INFO - [2025-01-10T01:05:36.059+0000] {dag.py:3239} INFO - Sync 1 DAGs
[2025-01-10T01:05:36.086+0000] {logging_mixin.py:190} INFO - [2025-01-10T01:05:36.086+0000] {dag.py:4180} INFO - Setting next_dagrun for example_branch_dop_operator_v3 to 2025-01-10 01:04:00+00:00, run_after=2025-01-10 01:05:00+00:00
[2025-01-10T01:05:36.107+0000] {processor.py:208} INFO - Processing /home/airflow/.local/lib/python3.12/site-packages/airflow/example_dags/example_branch_python_dop_operator_3.py took 0.090 seconds
[2025-01-10T01:06:06.553+0000] {processor.py:186} INFO - Started process (PID=595) to work on /home/airflow/.local/lib/python3.12/site-packages/airflow/example_dags/example_branch_python_dop_operator_3.py
[2025-01-10T01:06:06.554+0000] {processor.py:914} INFO - Processing file /home/airflow/.local/lib/python3.12/site-packages/airflow/example_dags/example_branch_python_dop_operator_3.py for tasks to queue
[2025-01-10T01:06:06.557+0000] {logging_mixin.py:190} INFO - [2025-01-10T01:06:06.556+0000] {dagbag.py:588} INFO - Filling up the DagBag from /home/airflow/.local/lib/python3.12/site-packages/airflow/example_dags/example_branch_python_dop_operator_3.py
[2025-01-10T01:06:06.566+0000] {processor.py:925} INFO - DAG(s) 'example_branch_dop_operator_v3' retrieved from /home/airflow/.local/lib/python3.12/site-packages/airflow/example_dags/example_branch_python_dop_operator_3.py
[2025-01-10T01:06:06.587+0000] {logging_mixin.py:190} INFO - [2025-01-10T01:06:06.586+0000] {dag.py:3239} INFO - Sync 1 DAGs
[2025-01-10T01:06:06.616+0000] {logging_mixin.py:190} INFO - [2025-01-10T01:06:06.615+0000] {dag.py:4180} INFO - Setting next_dagrun for example_branch_dop_operator_v3 to 2025-01-10 01:05:00+00:00, run_after=2025-01-10 01:06:00+00:00
[2025-01-10T01:06:06.636+0000] {processor.py:208} INFO - Processing /home/airflow/.local/lib/python3.12/site-packages/airflow/example_dags/example_branch_python_dop_operator_3.py took 0.088 seconds
[2025-01-10T01:06:37.435+0000] {processor.py:186} INFO - Started process (PID=658) to work on /home/airflow/.local/lib/python3.12/site-packages/airflow/example_dags/example_branch_python_dop_operator_3.py
[2025-01-10T01:06:37.436+0000] {processor.py:914} INFO - Processing file /home/airflow/.local/lib/python3.12/site-packages/airflow/example_dags/example_branch_python_dop_operator_3.py for tasks to queue
[2025-01-10T01:06:37.438+0000] {logging_mixin.py:190} INFO - [2025-01-10T01:06:37.438+0000] {dagbag.py:588} INFO - Filling up the DagBag from /home/airflow/.local/lib/python3.12/site-packages/airflow/example_dags/example_branch_python_dop_operator_3.py
[2025-01-10T01:06:37.449+0000] {processor.py:925} INFO - DAG(s) 'example_branch_dop_operator_v3' retrieved from /home/airflow/.local/lib/python3.12/site-packages/airflow/example_dags/example_branch_python_dop_operator_3.py
[2025-01-10T01:06:37.468+0000] {logging_mixin.py:190} INFO - [2025-01-10T01:06:37.468+0000] {dag.py:3239} INFO - Sync 1 DAGs
[2025-01-10T01:06:37.494+0000] {logging_mixin.py:190} INFO - [2025-01-10T01:06:37.494+0000] {dag.py:4180} INFO - Setting next_dagrun for example_branch_dop_operator_v3 to 2025-01-10 01:05:00+00:00, run_after=2025-01-10 01:06:00+00:00
[2025-01-10T01:06:37.513+0000] {processor.py:208} INFO - Processing /home/airflow/.local/lib/python3.12/site-packages/airflow/example_dags/example_branch_python_dop_operator_3.py took 0.083 seconds
[2025-01-10T01:07:07.642+0000] {processor.py:186} INFO - Started process (PID=721) to work on /home/airflow/.local/lib/python3.12/site-packages/airflow/example_dags/example_branch_python_dop_operator_3.py
[2025-01-10T01:07:07.643+0000] {processor.py:914} INFO - Processing file /home/airflow/.local/lib/python3.12/site-packages/airflow/example_dags/example_branch_python_dop_operator_3.py for tasks to queue
[2025-01-10T01:07:07.645+0000] {logging_mixin.py:190} INFO - [2025-01-10T01:07:07.645+0000] {dagbag.py:588} INFO - Filling up the DagBag from /home/airflow/.local/lib/python3.12/site-packages/airflow/example_dags/example_branch_python_dop_operator_3.py
[2025-01-10T01:07:07.655+0000] {processor.py:925} INFO - DAG(s) 'example_branch_dop_operator_v3' retrieved from /home/airflow/.local/lib/python3.12/site-packages/airflow/example_dags/example_branch_python_dop_operator_3.py
[2025-01-10T01:07:07.672+0000] {logging_mixin.py:190} INFO - [2025-01-10T01:07:07.671+0000] {dag.py:3239} INFO - Sync 1 DAGs
[2025-01-10T01:07:07.695+0000] {logging_mixin.py:190} INFO - [2025-01-10T01:07:07.695+0000] {dag.py:4180} INFO - Setting next_dagrun for example_branch_dop_operator_v3 to 2025-01-10 01:06:00+00:00, run_after=2025-01-10 01:07:00+00:00
[2025-01-10T01:07:07.714+0000] {processor.py:208} INFO - Processing /home/airflow/.local/lib/python3.12/site-packages/airflow/example_dags/example_branch_python_dop_operator_3.py took 0.077 seconds
[2025-01-10T01:07:38.808+0000] {processor.py:186} INFO - Started process (PID=784) to work on /home/airflow/.local/lib/python3.12/site-packages/airflow/example_dags/example_branch_python_dop_operator_3.py
[2025-01-10T01:07:38.809+0000] {processor.py:914} INFO - Processing file /home/airflow/.local/lib/python3.12/site-packages/airflow/example_dags/example_branch_python_dop_operator_3.py for tasks to queue
[2025-01-10T01:07:38.812+0000] {logging_mixin.py:190} INFO - [2025-01-10T01:07:38.811+0000] {dagbag.py:588} INFO - Filling up the DagBag from /home/airflow/.local/lib/python3.12/site-packages/airflow/example_dags/example_branch_python_dop_operator_3.py
[2025-01-10T01:07:38.825+0000] {processor.py:925} INFO - DAG(s) 'example_branch_dop_operator_v3' retrieved from /home/airflow/.local/lib/python3.12/site-packages/airflow/example_dags/example_branch_python_dop_operator_3.py
[2025-01-10T01:07:38.850+0000] {logging_mixin.py:190} INFO - [2025-01-10T01:07:38.849+0000] {dag.py:3239} INFO - Sync 1 DAGs
[2025-01-10T01:07:38.881+0000] {logging_mixin.py:190} INFO - [2025-01-10T01:07:38.880+0000] {dag.py:4180} INFO - Setting next_dagrun for example_branch_dop_operator_v3 to 2025-01-10 01:06:00+00:00, run_after=2025-01-10 01:07:00+00:00
[2025-01-10T01:07:38.901+0000] {processor.py:208} INFO - Processing /home/airflow/.local/lib/python3.12/site-packages/airflow/example_dags/example_branch_python_dop_operator_3.py took 0.100 seconds
[2025-01-10T01:08:10.356+0000] {processor.py:186} INFO - Started process (PID=846) to work on /home/airflow/.local/lib/python3.12/site-packages/airflow/example_dags/example_branch_python_dop_operator_3.py
[2025-01-10T01:08:10.357+0000] {processor.py:914} INFO - Processing file /home/airflow/.local/lib/python3.12/site-packages/airflow/example_dags/example_branch_python_dop_operator_3.py for tasks to queue
[2025-01-10T01:08:10.360+0000] {logging_mixin.py:190} INFO - [2025-01-10T01:08:10.360+0000] {dagbag.py:588} INFO - Filling up the DagBag from /home/airflow/.local/lib/python3.12/site-packages/airflow/example_dags/example_branch_python_dop_operator_3.py
[2025-01-10T01:08:10.377+0000] {processor.py:925} INFO - DAG(s) 'example_branch_dop_operator_v3' retrieved from /home/airflow/.local/lib/python3.12/site-packages/airflow/example_dags/example_branch_python_dop_operator_3.py
[2025-01-10T01:08:10.411+0000] {logging_mixin.py:190} INFO - [2025-01-10T01:08:10.410+0000] {dag.py:3239} INFO - Sync 1 DAGs
[2025-01-10T01:08:10.447+0000] {logging_mixin.py:190} INFO - [2025-01-10T01:08:10.447+0000] {dag.py:4180} INFO - Setting next_dagrun for example_branch_dop_operator_v3 to 2025-01-10 01:07:00+00:00, run_after=2025-01-10 01:08:00+00:00
[2025-01-10T01:08:10.470+0000] {processor.py:208} INFO - Processing /home/airflow/.local/lib/python3.12/site-packages/airflow/example_dags/example_branch_python_dop_operator_3.py took 0.120 seconds
[2025-01-10T01:08:41.249+0000] {processor.py:186} INFO - Started process (PID=909) to work on /home/airflow/.local/lib/python3.12/site-packages/airflow/example_dags/example_branch_python_dop_operator_3.py
[2025-01-10T01:08:41.250+0000] {processor.py:914} INFO - Processing file /home/airflow/.local/lib/python3.12/site-packages/airflow/example_dags/example_branch_python_dop_operator_3.py for tasks to queue
[2025-01-10T01:08:41.252+0000] {logging_mixin.py:190} INFO - [2025-01-10T01:08:41.252+0000] {dagbag.py:588} INFO - Filling up the DagBag from /home/airflow/.local/lib/python3.12/site-packages/airflow/example_dags/example_branch_python_dop_operator_3.py
[2025-01-10T01:08:41.262+0000] {processor.py:925} INFO - DAG(s) 'example_branch_dop_operator_v3' retrieved from /home/airflow/.local/lib/python3.12/site-packages/airflow/example_dags/example_branch_python_dop_operator_3.py
[2025-01-10T01:08:41.281+0000] {logging_mixin.py:190} INFO - [2025-01-10T01:08:41.281+0000] {dag.py:3239} INFO - Sync 1 DAGs
[2025-01-10T01:08:41.307+0000] {logging_mixin.py:190} INFO - [2025-01-10T01:08:41.306+0000] {dag.py:4180} INFO - Setting next_dagrun for example_branch_dop_operator_v3 to 2025-01-10 01:07:00+00:00, run_after=2025-01-10 01:08:00+00:00
[2025-01-10T01:08:41.326+0000] {processor.py:208} INFO - Processing /home/airflow/.local/lib/python3.12/site-packages/airflow/example_dags/example_branch_python_dop_operator_3.py took 0.083 seconds
[2025-01-10T01:09:11.428+0000] {processor.py:186} INFO - Started process (PID=973) to work on /home/airflow/.local/lib/python3.12/site-packages/airflow/example_dags/example_branch_python_dop_operator_3.py
[2025-01-10T01:09:11.429+0000] {processor.py:914} INFO - Processing file /home/airflow/.local/lib/python3.12/site-packages/airflow/example_dags/example_branch_python_dop_operator_3.py for tasks to queue
[2025-01-10T01:09:11.431+0000] {logging_mixin.py:190} INFO - [2025-01-10T01:09:11.431+0000] {dagbag.py:588} INFO - Filling up the DagBag from /home/airflow/.local/lib/python3.12/site-packages/airflow/example_dags/example_branch_python_dop_operator_3.py
[2025-01-10T01:09:11.441+0000] {processor.py:925} INFO - DAG(s) 'example_branch_dop_operator_v3' retrieved from /home/airflow/.local/lib/python3.12/site-packages/airflow/example_dags/example_branch_python_dop_operator_3.py
[2025-01-10T01:09:11.465+0000] {logging_mixin.py:190} INFO - [2025-01-10T01:09:11.465+0000] {dag.py:3239} INFO - Sync 1 DAGs
[2025-01-10T01:09:11.492+0000] {logging_mixin.py:190} INFO - [2025-01-10T01:09:11.492+0000] {dag.py:4180} INFO - Setting next_dagrun for example_branch_dop_operator_v3 to 2025-01-10 01:08:00+00:00, run_after=2025-01-10 01:09:00+00:00
[2025-01-10T01:09:11.515+0000] {processor.py:208} INFO - Processing /home/airflow/.local/lib/python3.12/site-packages/airflow/example_dags/example_branch_python_dop_operator_3.py took 0.091 seconds
[2025-01-10T01:09:41.934+0000] {processor.py:186} INFO - Started process (PID=1035) to work on /home/airflow/.local/lib/python3.12/site-packages/airflow/example_dags/example_branch_python_dop_operator_3.py
[2025-01-10T01:09:41.935+0000] {processor.py:914} INFO - Processing file /home/airflow/.local/lib/python3.12/site-packages/airflow/example_dags/example_branch_python_dop_operator_3.py for tasks to queue
[2025-01-10T01:09:41.938+0000] {logging_mixin.py:190} INFO - [2025-01-10T01:09:41.937+0000] {dagbag.py:588} INFO - Filling up the DagBag from /home/airflow/.local/lib/python3.12/site-packages/airflow/example_dags/example_branch_python_dop_operator_3.py
[2025-01-10T01:09:41.954+0000] {processor.py:925} INFO - DAG(s) 'example_branch_dop_operator_v3' retrieved from /home/airflow/.local/lib/python3.12/site-packages/airflow/example_dags/example_branch_python_dop_operator_3.py
[2025-01-10T01:09:41.974+0000] {logging_mixin.py:190} INFO - [2025-01-10T01:09:41.973+0000] {dag.py:3239} INFO - Sync 1 DAGs
[2025-01-10T01:09:42.006+0000] {logging_mixin.py:190} INFO - [2025-01-10T01:09:42.005+0000] {dag.py:4180} INFO - Setting next_dagrun for example_branch_dop_operator_v3 to 2025-01-10 01:08:00+00:00, run_after=2025-01-10 01:09:00+00:00
[2025-01-10T01:09:42.029+0000] {processor.py:208} INFO - Processing /home/airflow/.local/lib/python3.12/site-packages/airflow/example_dags/example_branch_python_dop_operator_3.py took 0.102 seconds
[2025-01-10T01:10:12.098+0000] {processor.py:186} INFO - Started process (PID=1098) to work on /home/airflow/.local/lib/python3.12/site-packages/airflow/example_dags/example_branch_python_dop_operator_3.py
[2025-01-10T01:10:12.099+0000] {processor.py:914} INFO - Processing file /home/airflow/.local/lib/python3.12/site-packages/airflow/example_dags/example_branch_python_dop_operator_3.py for tasks to queue
[2025-01-10T01:10:12.101+0000] {logging_mixin.py:190} INFO - [2025-01-10T01:10:12.101+0000] {dagbag.py:588} INFO - Filling up the DagBag from /home/airflow/.local/lib/python3.12/site-packages/airflow/example_dags/example_branch_python_dop_operator_3.py
[2025-01-10T01:10:12.111+0000] {processor.py:925} INFO - DAG(s) 'example_branch_dop_operator_v3' retrieved from /home/airflow/.local/lib/python3.12/site-packages/airflow/example_dags/example_branch_python_dop_operator_3.py
[2025-01-10T01:10:12.131+0000] {logging_mixin.py:190} INFO - [2025-01-10T01:10:12.130+0000] {dag.py:3239} INFO - Sync 1 DAGs
[2025-01-10T01:10:12.158+0000] {logging_mixin.py:190} INFO - [2025-01-10T01:10:12.158+0000] {dag.py:4180} INFO - Setting next_dagrun for example_branch_dop_operator_v3 to 2025-01-10 01:09:00+00:00, run_after=2025-01-10 01:10:00+00:00
[2025-01-10T01:10:12.178+0000] {processor.py:208} INFO - Processing /home/airflow/.local/lib/python3.12/site-packages/airflow/example_dags/example_branch_python_dop_operator_3.py took 0.085 seconds
[2025-01-10T01:10:42.408+0000] {processor.py:186} INFO - Started process (PID=1161) to work on /home/airflow/.local/lib/python3.12/site-packages/airflow/example_dags/example_branch_python_dop_operator_3.py
[2025-01-10T01:10:42.409+0000] {processor.py:914} INFO - Processing file /home/airflow/.local/lib/python3.12/site-packages/airflow/example_dags/example_branch_python_dop_operator_3.py for tasks to queue
[2025-01-10T01:10:42.411+0000] {logging_mixin.py:190} INFO - [2025-01-10T01:10:42.411+0000] {dagbag.py:588} INFO - Filling up the DagBag from /home/airflow/.local/lib/python3.12/site-packages/airflow/example_dags/example_branch_python_dop_operator_3.py
[2025-01-10T01:10:42.424+0000] {processor.py:925} INFO - DAG(s) 'example_branch_dop_operator_v3' retrieved from /home/airflow/.local/lib/python3.12/site-packages/airflow/example_dags/example_branch_python_dop_operator_3.py
[2025-01-10T01:10:42.444+0000] {logging_mixin.py:190} INFO - [2025-01-10T01:10:42.444+0000] {dag.py:3239} INFO - Sync 1 DAGs
[2025-01-10T01:10:42.472+0000] {logging_mixin.py:190} INFO - [2025-01-10T01:10:42.472+0000] {dag.py:4180} INFO - Setting next_dagrun for example_branch_dop_operator_v3 to 2025-01-10 01:09:00+00:00, run_after=2025-01-10 01:10:00+00:00
[2025-01-10T01:10:42.490+0000] {processor.py:208} INFO - Processing /home/airflow/.local/lib/python3.12/site-packages/airflow/example_dags/example_branch_python_dop_operator_3.py took 0.088 seconds
[2025-01-10T01:11:12.663+0000] {processor.py:186} INFO - Started process (PID=1224) to work on /home/airflow/.local/lib/python3.12/site-packages/airflow/example_dags/example_branch_python_dop_operator_3.py
[2025-01-10T01:11:12.665+0000] {processor.py:914} INFO - Processing file /home/airflow/.local/lib/python3.12/site-packages/airflow/example_dags/example_branch_python_dop_operator_3.py for tasks to queue
[2025-01-10T01:11:12.667+0000] {logging_mixin.py:190} INFO - [2025-01-10T01:11:12.667+0000] {dagbag.py:588} INFO - Filling up the DagBag from /home/airflow/.local/lib/python3.12/site-packages/airflow/example_dags/example_branch_python_dop_operator_3.py
[2025-01-10T01:11:12.677+0000] {processor.py:925} INFO - DAG(s) 'example_branch_dop_operator_v3' retrieved from /home/airflow/.local/lib/python3.12/site-packages/airflow/example_dags/example_branch_python_dop_operator_3.py
[2025-01-10T01:11:12.700+0000] {logging_mixin.py:190} INFO - [2025-01-10T01:11:12.700+0000] {dag.py:3239} INFO - Sync 1 DAGs
[2025-01-10T01:11:12.753+0000] {logging_mixin.py:190} INFO - [2025-01-10T01:11:12.753+0000] {dag.py:4180} INFO - Setting next_dagrun for example_branch_dop_operator_v3 to 2025-01-10 01:10:00+00:00, run_after=2025-01-10 01:11:00+00:00
[2025-01-10T01:11:12.822+0000] {processor.py:208} INFO - Processing /home/airflow/.local/lib/python3.12/site-packages/airflow/example_dags/example_branch_python_dop_operator_3.py took 0.164 seconds
[2025-01-10T01:11:43.676+0000] {processor.py:186} INFO - Started process (PID=1287) to work on /home/airflow/.local/lib/python3.12/site-packages/airflow/example_dags/example_branch_python_dop_operator_3.py
[2025-01-10T01:11:43.677+0000] {processor.py:914} INFO - Processing file /home/airflow/.local/lib/python3.12/site-packages/airflow/example_dags/example_branch_python_dop_operator_3.py for tasks to queue
[2025-01-10T01:11:43.679+0000] {logging_mixin.py:190} INFO - [2025-01-10T01:11:43.679+0000] {dagbag.py:588} INFO - Filling up the DagBag from /home/airflow/.local/lib/python3.12/site-packages/airflow/example_dags/example_branch_python_dop_operator_3.py
[2025-01-10T01:11:43.695+0000] {processor.py:925} INFO - DAG(s) 'example_branch_dop_operator_v3' retrieved from /home/airflow/.local/lib/python3.12/site-packages/airflow/example_dags/example_branch_python_dop_operator_3.py
[2025-01-10T01:11:43.728+0000] {logging_mixin.py:190} INFO - [2025-01-10T01:11:43.727+0000] {dag.py:3239} INFO - Sync 1 DAGs
[2025-01-10T01:11:43.777+0000] {logging_mixin.py:190} INFO - [2025-01-10T01:11:43.776+0000] {dag.py:4180} INFO - Setting next_dagrun for example_branch_dop_operator_v3 to 2025-01-10 01:10:00+00:00, run_after=2025-01-10 01:11:00+00:00
[2025-01-10T01:11:43.810+0000] {processor.py:208} INFO - Processing /home/airflow/.local/lib/python3.12/site-packages/airflow/example_dags/example_branch_python_dop_operator_3.py took 0.142 seconds
[2025-01-10T01:12:14.823+0000] {processor.py:186} INFO - Started process (PID=1350) to work on /home/airflow/.local/lib/python3.12/site-packages/airflow/example_dags/example_branch_python_dop_operator_3.py
[2025-01-10T01:12:14.824+0000] {processor.py:914} INFO - Processing file /home/airflow/.local/lib/python3.12/site-packages/airflow/example_dags/example_branch_python_dop_operator_3.py for tasks to queue
[2025-01-10T01:12:14.829+0000] {logging_mixin.py:190} INFO - [2025-01-10T01:12:14.828+0000] {dagbag.py:588} INFO - Filling up the DagBag from /home/airflow/.local/lib/python3.12/site-packages/airflow/example_dags/example_branch_python_dop_operator_3.py
[2025-01-10T01:12:14.846+0000] {processor.py:925} INFO - DAG(s) 'example_branch_dop_operator_v3' retrieved from /home/airflow/.local/lib/python3.12/site-packages/airflow/example_dags/example_branch_python_dop_operator_3.py
[2025-01-10T01:12:14.870+0000] {logging_mixin.py:190} INFO - [2025-01-10T01:12:14.869+0000] {dag.py:3239} INFO - Sync 1 DAGs
[2025-01-10T01:12:14.901+0000] {logging_mixin.py:190} INFO - [2025-01-10T01:12:14.900+0000] {dag.py:4180} INFO - Setting next_dagrun for example_branch_dop_operator_v3 to 2025-01-10 01:11:00+00:00, run_after=2025-01-10 01:12:00+00:00
[2025-01-10T01:12:14.928+0000] {processor.py:208} INFO - Processing /home/airflow/.local/lib/python3.12/site-packages/airflow/example_dags/example_branch_python_dop_operator_3.py took 0.113 seconds
[2025-01-10T01:12:45.359+0000] {processor.py:186} INFO - Started process (PID=1413) to work on /home/airflow/.local/lib/python3.12/site-packages/airflow/example_dags/example_branch_python_dop_operator_3.py
[2025-01-10T01:12:45.360+0000] {processor.py:914} INFO - Processing file /home/airflow/.local/lib/python3.12/site-packages/airflow/example_dags/example_branch_python_dop_operator_3.py for tasks to queue
[2025-01-10T01:12:45.363+0000] {logging_mixin.py:190} INFO - [2025-01-10T01:12:45.363+0000] {dagbag.py:588} INFO - Filling up the DagBag from /home/airflow/.local/lib/python3.12/site-packages/airflow/example_dags/example_branch_python_dop_operator_3.py
[2025-01-10T01:12:45.373+0000] {processor.py:925} INFO - DAG(s) 'example_branch_dop_operator_v3' retrieved from /home/airflow/.local/lib/python3.12/site-packages/airflow/example_dags/example_branch_python_dop_operator_3.py
[2025-01-10T01:12:45.393+0000] {logging_mixin.py:190} INFO - [2025-01-10T01:12:45.393+0000] {dag.py:3239} INFO - Sync 1 DAGs
[2025-01-10T01:12:45.419+0000] {logging_mixin.py:190} INFO - [2025-01-10T01:12:45.418+0000] {dag.py:4180} INFO - Setting next_dagrun for example_branch_dop_operator_v3 to 2025-01-10 01:11:00+00:00, run_after=2025-01-10 01:12:00+00:00
[2025-01-10T01:12:45.438+0000] {processor.py:208} INFO - Processing /home/airflow/.local/lib/python3.12/site-packages/airflow/example_dags/example_branch_python_dop_operator_3.py took 0.084 seconds
[2025-01-10T01:13:16.095+0000] {processor.py:186} INFO - Started process (PID=1476) to work on /home/airflow/.local/lib/python3.12/site-packages/airflow/example_dags/example_branch_python_dop_operator_3.py
[2025-01-10T01:13:16.096+0000] {processor.py:914} INFO - Processing file /home/airflow/.local/lib/python3.12/site-packages/airflow/example_dags/example_branch_python_dop_operator_3.py for tasks to queue
[2025-01-10T01:13:16.099+0000] {logging_mixin.py:190} INFO - [2025-01-10T01:13:16.098+0000] {dagbag.py:588} INFO - Filling up the DagBag from /home/airflow/.local/lib/python3.12/site-packages/airflow/example_dags/example_branch_python_dop_operator_3.py
[2025-01-10T01:13:16.110+0000] {processor.py:925} INFO - DAG(s) 'example_branch_dop_operator_v3' retrieved from /home/airflow/.local/lib/python3.12/site-packages/airflow/example_dags/example_branch_python_dop_operator_3.py
[2025-01-10T01:13:16.129+0000] {logging_mixin.py:190} INFO - [2025-01-10T01:13:16.129+0000] {dag.py:3239} INFO - Sync 1 DAGs
[2025-01-10T01:13:16.168+0000] {logging_mixin.py:190} INFO - [2025-01-10T01:13:16.168+0000] {dag.py:4180} INFO - Setting next_dagrun for example_branch_dop_operator_v3 to 2025-01-10 01:12:00+00:00, run_after=2025-01-10 01:13:00+00:00
[2025-01-10T01:13:16.197+0000] {processor.py:208} INFO - Processing /home/airflow/.local/lib/python3.12/site-packages/airflow/example_dags/example_branch_python_dop_operator_3.py took 0.107 seconds
[2025-01-10T01:13:46.406+0000] {processor.py:186} INFO - Started process (PID=1539) to work on /home/airflow/.local/lib/python3.12/site-packages/airflow/example_dags/example_branch_python_dop_operator_3.py
[2025-01-10T01:13:46.408+0000] {processor.py:914} INFO - Processing file /home/airflow/.local/lib/python3.12/site-packages/airflow/example_dags/example_branch_python_dop_operator_3.py for tasks to queue
[2025-01-10T01:13:46.411+0000] {logging_mixin.py:190} INFO - [2025-01-10T01:13:46.410+0000] {dagbag.py:588} INFO - Filling up the DagBag from /home/airflow/.local/lib/python3.12/site-packages/airflow/example_dags/example_branch_python_dop_operator_3.py
[2025-01-10T01:13:46.428+0000] {processor.py:925} INFO - DAG(s) 'example_branch_dop_operator_v3' retrieved from /home/airflow/.local/lib/python3.12/site-packages/airflow/example_dags/example_branch_python_dop_operator_3.py
[2025-01-10T01:13:46.452+0000] {logging_mixin.py:190} INFO - [2025-01-10T01:13:46.451+0000] {dag.py:3239} INFO - Sync 1 DAGs
[2025-01-10T01:13:46.504+0000] {logging_mixin.py:190} INFO - [2025-01-10T01:13:46.504+0000] {dag.py:4180} INFO - Setting next_dagrun for example_branch_dop_operator_v3 to 2025-01-10 01:12:00+00:00, run_after=2025-01-10 01:13:00+00:00
[2025-01-10T01:13:46.526+0000] {processor.py:208} INFO - Processing /home/airflow/.local/lib/python3.12/site-packages/airflow/example_dags/example_branch_python_dop_operator_3.py took 0.128 seconds
[2025-01-10T01:14:16.710+0000] {processor.py:186} INFO - Started process (PID=1602) to work on /home/airflow/.local/lib/python3.12/site-packages/airflow/example_dags/example_branch_python_dop_operator_3.py
[2025-01-10T01:14:16.711+0000] {processor.py:914} INFO - Processing file /home/airflow/.local/lib/python3.12/site-packages/airflow/example_dags/example_branch_python_dop_operator_3.py for tasks to queue
[2025-01-10T01:14:16.713+0000] {logging_mixin.py:190} INFO - [2025-01-10T01:14:16.713+0000] {dagbag.py:588} INFO - Filling up the DagBag from /home/airflow/.local/lib/python3.12/site-packages/airflow/example_dags/example_branch_python_dop_operator_3.py
[2025-01-10T01:14:16.724+0000] {processor.py:925} INFO - DAG(s) 'example_branch_dop_operator_v3' retrieved from /home/airflow/.local/lib/python3.12/site-packages/airflow/example_dags/example_branch_python_dop_operator_3.py
[2025-01-10T01:14:16.741+0000] {logging_mixin.py:190} INFO - [2025-01-10T01:14:16.741+0000] {dag.py:3239} INFO - Sync 1 DAGs
[2025-01-10T01:14:16.766+0000] {logging_mixin.py:190} INFO - [2025-01-10T01:14:16.765+0000] {dag.py:4180} INFO - Setting next_dagrun for example_branch_dop_operator_v3 to 2025-01-10 01:13:00+00:00, run_after=2025-01-10 01:14:00+00:00
[2025-01-10T01:14:16.786+0000] {processor.py:208} INFO - Processing /home/airflow/.local/lib/python3.12/site-packages/airflow/example_dags/example_branch_python_dop_operator_3.py took 0.081 seconds
