[2025-01-10T00:43:45.691+0000] {processor.py:186} INFO - Started process (PID=75) to work on /home/airflow/.local/lib/python3.12/site-packages/airflow/example_dags/example_setup_teardown.py
[2025-01-10T00:43:45.694+0000] {processor.py:914} INFO - Processing file /home/airflow/.local/lib/python3.12/site-packages/airflow/example_dags/example_setup_teardown.py for tasks to queue
[2025-01-10T00:43:45.698+0000] {logging_mixin.py:190} INFO - [2025-01-10T00:43:45.697+0000] {dagbag.py:588} INFO - Filling up the DagBag from /home/airflow/.local/lib/python3.12/site-packages/airflow/example_dags/example_setup_teardown.py
[2025-01-10T00:43:45.716+0000] {processor.py:925} INFO - DAG(s) 'example_setup_teardown' retrieved from /home/airflow/.local/lib/python3.12/site-packages/airflow/example_dags/example_setup_teardown.py
[2025-01-10T00:43:45.976+0000] {logging_mixin.py:190} INFO - [2025-01-10T00:43:45.975+0000] {override.py:1911} INFO - Created Permission View: can delete on DAG:example_setup_teardown
[2025-01-10T00:43:45.992+0000] {logging_mixin.py:190} INFO - [2025-01-10T00:43:45.991+0000] {override.py:1911} INFO - Created Permission View: can read on DAG:example_setup_teardown
[2025-01-10T00:43:46.004+0000] {logging_mixin.py:190} INFO - [2025-01-10T00:43:46.003+0000] {override.py:1911} INFO - Created Permission View: can edit on DAG:example_setup_teardown
[2025-01-10T00:43:46.019+0000] {logging_mixin.py:190} INFO - [2025-01-10T00:43:46.019+0000] {override.py:1911} INFO - Created Permission View: can delete on DAG Run:example_setup_teardown
[2025-01-10T00:43:46.030+0000] {logging_mixin.py:190} INFO - [2025-01-10T00:43:46.030+0000] {override.py:1911} INFO - Created Permission View: can read on DAG Run:example_setup_teardown
[2025-01-10T00:43:46.041+0000] {logging_mixin.py:190} INFO - [2025-01-10T00:43:46.041+0000] {override.py:1911} INFO - Created Permission View: can create on DAG Run:example_setup_teardown
[2025-01-10T00:43:46.054+0000] {logging_mixin.py:190} INFO - [2025-01-10T00:43:46.054+0000] {override.py:1911} INFO - Created Permission View: menu access on DAG Run:example_setup_teardown
[2025-01-10T00:43:46.055+0000] {logging_mixin.py:190} INFO - [2025-01-10T00:43:46.055+0000] {dag.py:3239} INFO - Sync 1 DAGs
[2025-01-10T00:43:46.070+0000] {logging_mixin.py:190} INFO - [2025-01-10T00:43:46.069+0000] {dag.py:3262} INFO - Creating ORM DAG for example_setup_teardown
[2025-01-10T00:43:46.071+0000] {logging_mixin.py:190} INFO - [2025-01-10T00:43:46.071+0000] {dag.py:4180} INFO - Setting next_dagrun for example_setup_teardown to None, run_after=None
[2025-01-10T00:43:46.091+0000] {processor.py:208} INFO - Processing /home/airflow/.local/lib/python3.12/site-packages/airflow/example_dags/example_setup_teardown.py took 0.410 seconds
[2025-01-10T00:44:16.688+0000] {processor.py:186} INFO - Started process (PID=138) to work on /home/airflow/.local/lib/python3.12/site-packages/airflow/example_dags/example_setup_teardown.py
[2025-01-10T00:44:16.693+0000] {processor.py:914} INFO - Processing file /home/airflow/.local/lib/python3.12/site-packages/airflow/example_dags/example_setup_teardown.py for tasks to queue
[2025-01-10T00:44:16.696+0000] {logging_mixin.py:190} INFO - [2025-01-10T00:44:16.696+0000] {dagbag.py:588} INFO - Filling up the DagBag from /home/airflow/.local/lib/python3.12/site-packages/airflow/example_dags/example_setup_teardown.py
[2025-01-10T00:44:16.706+0000] {processor.py:925} INFO - DAG(s) 'example_setup_teardown' retrieved from /home/airflow/.local/lib/python3.12/site-packages/airflow/example_dags/example_setup_teardown.py
[2025-01-10T00:44:16.732+0000] {logging_mixin.py:190} INFO - [2025-01-10T00:44:16.732+0000] {dag.py:3239} INFO - Sync 1 DAGs
[2025-01-10T00:44:16.750+0000] {logging_mixin.py:190} INFO - [2025-01-10T00:44:16.750+0000] {dag.py:4180} INFO - Setting next_dagrun for example_setup_teardown to None, run_after=None
[2025-01-10T00:44:16.776+0000] {processor.py:208} INFO - Processing /home/airflow/.local/lib/python3.12/site-packages/airflow/example_dags/example_setup_teardown.py took 0.096 seconds
[2025-01-10T00:44:47.083+0000] {processor.py:186} INFO - Started process (PID=200) to work on /home/airflow/.local/lib/python3.12/site-packages/airflow/example_dags/example_setup_teardown.py
[2025-01-10T00:44:47.084+0000] {processor.py:914} INFO - Processing file /home/airflow/.local/lib/python3.12/site-packages/airflow/example_dags/example_setup_teardown.py for tasks to queue
[2025-01-10T00:44:47.090+0000] {logging_mixin.py:190} INFO - [2025-01-10T00:44:47.089+0000] {dagbag.py:588} INFO - Filling up the DagBag from /home/airflow/.local/lib/python3.12/site-packages/airflow/example_dags/example_setup_teardown.py
[2025-01-10T00:44:47.113+0000] {processor.py:925} INFO - DAG(s) 'example_setup_teardown' retrieved from /home/airflow/.local/lib/python3.12/site-packages/airflow/example_dags/example_setup_teardown.py
[2025-01-10T00:44:47.157+0000] {logging_mixin.py:190} INFO - [2025-01-10T00:44:47.157+0000] {dag.py:3239} INFO - Sync 1 DAGs
[2025-01-10T00:44:47.185+0000] {logging_mixin.py:190} INFO - [2025-01-10T00:44:47.184+0000] {dag.py:4180} INFO - Setting next_dagrun for example_setup_teardown to None, run_after=None
[2025-01-10T00:44:47.240+0000] {processor.py:208} INFO - Processing /home/airflow/.local/lib/python3.12/site-packages/airflow/example_dags/example_setup_teardown.py took 0.177 seconds
[2025-01-10T00:45:17.401+0000] {processor.py:186} INFO - Started process (PID=262) to work on /home/airflow/.local/lib/python3.12/site-packages/airflow/example_dags/example_setup_teardown.py
[2025-01-10T00:45:17.403+0000] {processor.py:914} INFO - Processing file /home/airflow/.local/lib/python3.12/site-packages/airflow/example_dags/example_setup_teardown.py for tasks to queue
[2025-01-10T00:45:17.405+0000] {logging_mixin.py:190} INFO - [2025-01-10T00:45:17.405+0000] {dagbag.py:588} INFO - Filling up the DagBag from /home/airflow/.local/lib/python3.12/site-packages/airflow/example_dags/example_setup_teardown.py
[2025-01-10T00:45:17.414+0000] {processor.py:925} INFO - DAG(s) 'example_setup_teardown' retrieved from /home/airflow/.local/lib/python3.12/site-packages/airflow/example_dags/example_setup_teardown.py
[2025-01-10T00:45:17.438+0000] {logging_mixin.py:190} INFO - [2025-01-10T00:45:17.438+0000] {dag.py:3239} INFO - Sync 1 DAGs
[2025-01-10T00:45:17.455+0000] {logging_mixin.py:190} INFO - [2025-01-10T00:45:17.455+0000] {dag.py:4180} INFO - Setting next_dagrun for example_setup_teardown to None, run_after=None
[2025-01-10T00:45:17.481+0000] {processor.py:208} INFO - Processing /home/airflow/.local/lib/python3.12/site-packages/airflow/example_dags/example_setup_teardown.py took 0.087 seconds
[2025-01-10T00:45:48.187+0000] {processor.py:186} INFO - Started process (PID=325) to work on /home/airflow/.local/lib/python3.12/site-packages/airflow/example_dags/example_setup_teardown.py
[2025-01-10T00:45:48.191+0000] {processor.py:914} INFO - Processing file /home/airflow/.local/lib/python3.12/site-packages/airflow/example_dags/example_setup_teardown.py for tasks to queue
[2025-01-10T00:45:48.200+0000] {logging_mixin.py:190} INFO - [2025-01-10T00:45:48.199+0000] {dagbag.py:588} INFO - Filling up the DagBag from /home/airflow/.local/lib/python3.12/site-packages/airflow/example_dags/example_setup_teardown.py
[2025-01-10T00:45:48.224+0000] {processor.py:925} INFO - DAG(s) 'example_setup_teardown' retrieved from /home/airflow/.local/lib/python3.12/site-packages/airflow/example_dags/example_setup_teardown.py
[2025-01-10T00:45:48.271+0000] {logging_mixin.py:190} INFO - [2025-01-10T00:45:48.271+0000] {dag.py:3239} INFO - Sync 1 DAGs
[2025-01-10T00:45:48.298+0000] {logging_mixin.py:190} INFO - [2025-01-10T00:45:48.297+0000] {dag.py:4180} INFO - Setting next_dagrun for example_setup_teardown to None, run_after=None
[2025-01-10T00:45:48.337+0000] {processor.py:208} INFO - Processing /home/airflow/.local/lib/python3.12/site-packages/airflow/example_dags/example_setup_teardown.py took 0.172 seconds
[2025-01-10T00:46:19.243+0000] {processor.py:186} INFO - Started process (PID=388) to work on /home/airflow/.local/lib/python3.12/site-packages/airflow/example_dags/example_setup_teardown.py
[2025-01-10T00:46:19.247+0000] {processor.py:914} INFO - Processing file /home/airflow/.local/lib/python3.12/site-packages/airflow/example_dags/example_setup_teardown.py for tasks to queue
[2025-01-10T00:46:19.252+0000] {logging_mixin.py:190} INFO - [2025-01-10T00:46:19.251+0000] {dagbag.py:588} INFO - Filling up the DagBag from /home/airflow/.local/lib/python3.12/site-packages/airflow/example_dags/example_setup_teardown.py
[2025-01-10T00:46:19.270+0000] {processor.py:925} INFO - DAG(s) 'example_setup_teardown' retrieved from /home/airflow/.local/lib/python3.12/site-packages/airflow/example_dags/example_setup_teardown.py
[2025-01-10T00:46:19.300+0000] {logging_mixin.py:190} INFO - [2025-01-10T00:46:19.300+0000] {dag.py:3239} INFO - Sync 1 DAGs
[2025-01-10T00:46:19.320+0000] {logging_mixin.py:190} INFO - [2025-01-10T00:46:19.320+0000] {dag.py:4180} INFO - Setting next_dagrun for example_setup_teardown to None, run_after=None
[2025-01-10T00:46:19.372+0000] {processor.py:208} INFO - Processing /home/airflow/.local/lib/python3.12/site-packages/airflow/example_dags/example_setup_teardown.py took 0.142 seconds
[2025-01-10T00:46:50.037+0000] {processor.py:186} INFO - Started process (PID=451) to work on /home/airflow/.local/lib/python3.12/site-packages/airflow/example_dags/example_setup_teardown.py
[2025-01-10T00:46:50.038+0000] {processor.py:914} INFO - Processing file /home/airflow/.local/lib/python3.12/site-packages/airflow/example_dags/example_setup_teardown.py for tasks to queue
[2025-01-10T00:46:50.041+0000] {logging_mixin.py:190} INFO - [2025-01-10T00:46:50.041+0000] {dagbag.py:588} INFO - Filling up the DagBag from /home/airflow/.local/lib/python3.12/site-packages/airflow/example_dags/example_setup_teardown.py
[2025-01-10T00:46:50.049+0000] {processor.py:925} INFO - DAG(s) 'example_setup_teardown' retrieved from /home/airflow/.local/lib/python3.12/site-packages/airflow/example_dags/example_setup_teardown.py
[2025-01-10T00:46:50.068+0000] {logging_mixin.py:190} INFO - [2025-01-10T00:46:50.068+0000] {dag.py:3239} INFO - Sync 1 DAGs
[2025-01-10T00:46:50.083+0000] {logging_mixin.py:190} INFO - [2025-01-10T00:46:50.083+0000] {dag.py:4180} INFO - Setting next_dagrun for example_setup_teardown to None, run_after=None
[2025-01-10T00:46:50.103+0000] {processor.py:208} INFO - Processing /home/airflow/.local/lib/python3.12/site-packages/airflow/example_dags/example_setup_teardown.py took 0.072 seconds
[2025-01-10T00:47:20.465+0000] {processor.py:186} INFO - Started process (PID=514) to work on /home/airflow/.local/lib/python3.12/site-packages/airflow/example_dags/example_setup_teardown.py
[2025-01-10T00:47:20.466+0000] {processor.py:914} INFO - Processing file /home/airflow/.local/lib/python3.12/site-packages/airflow/example_dags/example_setup_teardown.py for tasks to queue
[2025-01-10T00:47:20.469+0000] {logging_mixin.py:190} INFO - [2025-01-10T00:47:20.468+0000] {dagbag.py:588} INFO - Filling up the DagBag from /home/airflow/.local/lib/python3.12/site-packages/airflow/example_dags/example_setup_teardown.py
[2025-01-10T00:47:20.477+0000] {processor.py:925} INFO - DAG(s) 'example_setup_teardown' retrieved from /home/airflow/.local/lib/python3.12/site-packages/airflow/example_dags/example_setup_teardown.py
[2025-01-10T00:47:20.496+0000] {logging_mixin.py:190} INFO - [2025-01-10T00:47:20.496+0000] {dag.py:3239} INFO - Sync 1 DAGs
[2025-01-10T00:47:20.511+0000] {logging_mixin.py:190} INFO - [2025-01-10T00:47:20.510+0000] {dag.py:4180} INFO - Setting next_dagrun for example_setup_teardown to None, run_after=None
[2025-01-10T00:47:20.530+0000] {processor.py:208} INFO - Processing /home/airflow/.local/lib/python3.12/site-packages/airflow/example_dags/example_setup_teardown.py took 0.071 seconds
[2025-01-10T00:47:50.676+0000] {processor.py:186} INFO - Started process (PID=577) to work on /home/airflow/.local/lib/python3.12/site-packages/airflow/example_dags/example_setup_teardown.py
[2025-01-10T00:47:50.677+0000] {processor.py:914} INFO - Processing file /home/airflow/.local/lib/python3.12/site-packages/airflow/example_dags/example_setup_teardown.py for tasks to queue
[2025-01-10T00:47:50.679+0000] {logging_mixin.py:190} INFO - [2025-01-10T00:47:50.679+0000] {dagbag.py:588} INFO - Filling up the DagBag from /home/airflow/.local/lib/python3.12/site-packages/airflow/example_dags/example_setup_teardown.py
[2025-01-10T00:47:50.687+0000] {processor.py:925} INFO - DAG(s) 'example_setup_teardown' retrieved from /home/airflow/.local/lib/python3.12/site-packages/airflow/example_dags/example_setup_teardown.py
[2025-01-10T00:47:50.706+0000] {logging_mixin.py:190} INFO - [2025-01-10T00:47:50.705+0000] {dag.py:3239} INFO - Sync 1 DAGs
[2025-01-10T00:47:50.721+0000] {logging_mixin.py:190} INFO - [2025-01-10T00:47:50.721+0000] {dag.py:4180} INFO - Setting next_dagrun for example_setup_teardown to None, run_after=None
[2025-01-10T00:47:50.765+0000] {processor.py:208} INFO - Processing /home/airflow/.local/lib/python3.12/site-packages/airflow/example_dags/example_setup_teardown.py took 0.094 seconds
[2025-01-10T00:48:21.409+0000] {processor.py:186} INFO - Started process (PID=640) to work on /home/airflow/.local/lib/python3.12/site-packages/airflow/example_dags/example_setup_teardown.py
[2025-01-10T00:48:21.410+0000] {processor.py:914} INFO - Processing file /home/airflow/.local/lib/python3.12/site-packages/airflow/example_dags/example_setup_teardown.py for tasks to queue
[2025-01-10T00:48:21.412+0000] {logging_mixin.py:190} INFO - [2025-01-10T00:48:21.412+0000] {dagbag.py:588} INFO - Filling up the DagBag from /home/airflow/.local/lib/python3.12/site-packages/airflow/example_dags/example_setup_teardown.py
[2025-01-10T00:48:21.420+0000] {processor.py:925} INFO - DAG(s) 'example_setup_teardown' retrieved from /home/airflow/.local/lib/python3.12/site-packages/airflow/example_dags/example_setup_teardown.py
[2025-01-10T00:48:21.439+0000] {logging_mixin.py:190} INFO - [2025-01-10T00:48:21.439+0000] {dag.py:3239} INFO - Sync 1 DAGs
[2025-01-10T00:48:21.452+0000] {logging_mixin.py:190} INFO - [2025-01-10T00:48:21.452+0000] {dag.py:4180} INFO - Setting next_dagrun for example_setup_teardown to None, run_after=None
[2025-01-10T00:48:21.515+0000] {processor.py:208} INFO - Processing /home/airflow/.local/lib/python3.12/site-packages/airflow/example_dags/example_setup_teardown.py took 0.113 seconds
[2025-01-10T00:48:51.647+0000] {processor.py:186} INFO - Started process (PID=703) to work on /home/airflow/.local/lib/python3.12/site-packages/airflow/example_dags/example_setup_teardown.py
[2025-01-10T00:48:51.649+0000] {processor.py:914} INFO - Processing file /home/airflow/.local/lib/python3.12/site-packages/airflow/example_dags/example_setup_teardown.py for tasks to queue
[2025-01-10T00:48:51.653+0000] {logging_mixin.py:190} INFO - [2025-01-10T00:48:51.652+0000] {dagbag.py:588} INFO - Filling up the DagBag from /home/airflow/.local/lib/python3.12/site-packages/airflow/example_dags/example_setup_teardown.py
[2025-01-10T00:48:51.662+0000] {processor.py:925} INFO - DAG(s) 'example_setup_teardown' retrieved from /home/airflow/.local/lib/python3.12/site-packages/airflow/example_dags/example_setup_teardown.py
[2025-01-10T00:48:51.686+0000] {logging_mixin.py:190} INFO - [2025-01-10T00:48:51.686+0000] {dag.py:3239} INFO - Sync 1 DAGs
[2025-01-10T00:48:51.702+0000] {logging_mixin.py:190} INFO - [2025-01-10T00:48:51.702+0000] {dag.py:4180} INFO - Setting next_dagrun for example_setup_teardown to None, run_after=None
[2025-01-10T00:48:51.722+0000] {processor.py:208} INFO - Processing /home/airflow/.local/lib/python3.12/site-packages/airflow/example_dags/example_setup_teardown.py took 0.082 seconds
[2025-01-10T00:49:21.798+0000] {processor.py:186} INFO - Started process (PID=766) to work on /home/airflow/.local/lib/python3.12/site-packages/airflow/example_dags/example_setup_teardown.py
[2025-01-10T00:49:21.799+0000] {processor.py:914} INFO - Processing file /home/airflow/.local/lib/python3.12/site-packages/airflow/example_dags/example_setup_teardown.py for tasks to queue
[2025-01-10T00:49:21.802+0000] {logging_mixin.py:190} INFO - [2025-01-10T00:49:21.801+0000] {dagbag.py:588} INFO - Filling up the DagBag from /home/airflow/.local/lib/python3.12/site-packages/airflow/example_dags/example_setup_teardown.py
[2025-01-10T00:49:21.810+0000] {processor.py:925} INFO - DAG(s) 'example_setup_teardown' retrieved from /home/airflow/.local/lib/python3.12/site-packages/airflow/example_dags/example_setup_teardown.py
[2025-01-10T00:49:21.828+0000] {logging_mixin.py:190} INFO - [2025-01-10T00:49:21.828+0000] {dag.py:3239} INFO - Sync 1 DAGs
[2025-01-10T00:49:21.842+0000] {logging_mixin.py:190} INFO - [2025-01-10T00:49:21.842+0000] {dag.py:4180} INFO - Setting next_dagrun for example_setup_teardown to None, run_after=None
[2025-01-10T00:49:21.888+0000] {processor.py:208} INFO - Processing /home/airflow/.local/lib/python3.12/site-packages/airflow/example_dags/example_setup_teardown.py took 0.096 seconds
[2025-01-10T00:49:52.234+0000] {processor.py:186} INFO - Started process (PID=829) to work on /home/airflow/.local/lib/python3.12/site-packages/airflow/example_dags/example_setup_teardown.py
[2025-01-10T00:49:52.235+0000] {processor.py:914} INFO - Processing file /home/airflow/.local/lib/python3.12/site-packages/airflow/example_dags/example_setup_teardown.py for tasks to queue
[2025-01-10T00:49:52.238+0000] {logging_mixin.py:190} INFO - [2025-01-10T00:49:52.237+0000] {dagbag.py:588} INFO - Filling up the DagBag from /home/airflow/.local/lib/python3.12/site-packages/airflow/example_dags/example_setup_teardown.py
[2025-01-10T00:49:52.246+0000] {processor.py:925} INFO - DAG(s) 'example_setup_teardown' retrieved from /home/airflow/.local/lib/python3.12/site-packages/airflow/example_dags/example_setup_teardown.py
[2025-01-10T00:49:52.265+0000] {logging_mixin.py:190} INFO - [2025-01-10T00:49:52.265+0000] {dag.py:3239} INFO - Sync 1 DAGs
[2025-01-10T00:49:52.279+0000] {logging_mixin.py:190} INFO - [2025-01-10T00:49:52.279+0000] {dag.py:4180} INFO - Setting next_dagrun for example_setup_teardown to None, run_after=None
[2025-01-10T00:49:52.355+0000] {processor.py:208} INFO - Processing /home/airflow/.local/lib/python3.12/site-packages/airflow/example_dags/example_setup_teardown.py took 0.127 seconds
[2025-01-10T00:50:22.505+0000] {processor.py:186} INFO - Started process (PID=892) to work on /home/airflow/.local/lib/python3.12/site-packages/airflow/example_dags/example_setup_teardown.py
[2025-01-10T00:50:22.505+0000] {processor.py:914} INFO - Processing file /home/airflow/.local/lib/python3.12/site-packages/airflow/example_dags/example_setup_teardown.py for tasks to queue
[2025-01-10T00:50:22.508+0000] {logging_mixin.py:190} INFO - [2025-01-10T00:50:22.507+0000] {dagbag.py:588} INFO - Filling up the DagBag from /home/airflow/.local/lib/python3.12/site-packages/airflow/example_dags/example_setup_teardown.py
[2025-01-10T00:50:22.515+0000] {processor.py:925} INFO - DAG(s) 'example_setup_teardown' retrieved from /home/airflow/.local/lib/python3.12/site-packages/airflow/example_dags/example_setup_teardown.py
[2025-01-10T00:50:22.536+0000] {logging_mixin.py:190} INFO - [2025-01-10T00:50:22.536+0000] {dag.py:3239} INFO - Sync 1 DAGs
[2025-01-10T00:50:22.551+0000] {logging_mixin.py:190} INFO - [2025-01-10T00:50:22.551+0000] {dag.py:4180} INFO - Setting next_dagrun for example_setup_teardown to None, run_after=None
[2025-01-10T00:50:22.633+0000] {processor.py:208} INFO - Processing /home/airflow/.local/lib/python3.12/site-packages/airflow/example_dags/example_setup_teardown.py took 0.135 seconds
[2025-01-10T00:50:52.680+0000] {processor.py:186} INFO - Started process (PID=955) to work on /home/airflow/.local/lib/python3.12/site-packages/airflow/example_dags/example_setup_teardown.py
[2025-01-10T00:50:52.681+0000] {processor.py:914} INFO - Processing file /home/airflow/.local/lib/python3.12/site-packages/airflow/example_dags/example_setup_teardown.py for tasks to queue
[2025-01-10T00:50:52.683+0000] {logging_mixin.py:190} INFO - [2025-01-10T00:50:52.683+0000] {dagbag.py:588} INFO - Filling up the DagBag from /home/airflow/.local/lib/python3.12/site-packages/airflow/example_dags/example_setup_teardown.py
[2025-01-10T00:50:52.691+0000] {processor.py:925} INFO - DAG(s) 'example_setup_teardown' retrieved from /home/airflow/.local/lib/python3.12/site-packages/airflow/example_dags/example_setup_teardown.py
[2025-01-10T00:50:52.710+0000] {logging_mixin.py:190} INFO - [2025-01-10T00:50:52.710+0000] {dag.py:3239} INFO - Sync 1 DAGs
[2025-01-10T00:50:52.724+0000] {logging_mixin.py:190} INFO - [2025-01-10T00:50:52.724+0000] {dag.py:4180} INFO - Setting next_dagrun for example_setup_teardown to None, run_after=None
[2025-01-10T00:50:52.782+0000] {processor.py:208} INFO - Processing /home/airflow/.local/lib/python3.12/site-packages/airflow/example_dags/example_setup_teardown.py took 0.107 seconds
[2025-01-10T00:51:22.927+0000] {processor.py:186} INFO - Started process (PID=1019) to work on /home/airflow/.local/lib/python3.12/site-packages/airflow/example_dags/example_setup_teardown.py
[2025-01-10T00:51:22.928+0000] {processor.py:914} INFO - Processing file /home/airflow/.local/lib/python3.12/site-packages/airflow/example_dags/example_setup_teardown.py for tasks to queue
[2025-01-10T00:51:22.930+0000] {logging_mixin.py:190} INFO - [2025-01-10T00:51:22.930+0000] {dagbag.py:588} INFO - Filling up the DagBag from /home/airflow/.local/lib/python3.12/site-packages/airflow/example_dags/example_setup_teardown.py
[2025-01-10T00:51:22.938+0000] {processor.py:925} INFO - DAG(s) 'example_setup_teardown' retrieved from /home/airflow/.local/lib/python3.12/site-packages/airflow/example_dags/example_setup_teardown.py
[2025-01-10T00:51:22.956+0000] {logging_mixin.py:190} INFO - [2025-01-10T00:51:22.956+0000] {dag.py:3239} INFO - Sync 1 DAGs
[2025-01-10T00:51:22.969+0000] {logging_mixin.py:190} INFO - [2025-01-10T00:51:22.969+0000] {dag.py:4180} INFO - Setting next_dagrun for example_setup_teardown to None, run_after=None
[2025-01-10T00:51:22.989+0000] {processor.py:208} INFO - Processing /home/airflow/.local/lib/python3.12/site-packages/airflow/example_dags/example_setup_teardown.py took 0.068 seconds
[2025-01-10T00:51:53.319+0000] {processor.py:186} INFO - Started process (PID=1082) to work on /home/airflow/.local/lib/python3.12/site-packages/airflow/example_dags/example_setup_teardown.py
[2025-01-10T00:51:53.320+0000] {processor.py:914} INFO - Processing file /home/airflow/.local/lib/python3.12/site-packages/airflow/example_dags/example_setup_teardown.py for tasks to queue
[2025-01-10T00:51:53.322+0000] {logging_mixin.py:190} INFO - [2025-01-10T00:51:53.322+0000] {dagbag.py:588} INFO - Filling up the DagBag from /home/airflow/.local/lib/python3.12/site-packages/airflow/example_dags/example_setup_teardown.py
[2025-01-10T00:51:53.330+0000] {processor.py:925} INFO - DAG(s) 'example_setup_teardown' retrieved from /home/airflow/.local/lib/python3.12/site-packages/airflow/example_dags/example_setup_teardown.py
[2025-01-10T00:51:53.349+0000] {logging_mixin.py:190} INFO - [2025-01-10T00:51:53.349+0000] {dag.py:3239} INFO - Sync 1 DAGs
[2025-01-10T00:51:53.363+0000] {logging_mixin.py:190} INFO - [2025-01-10T00:51:53.362+0000] {dag.py:4180} INFO - Setting next_dagrun for example_setup_teardown to None, run_after=None
[2025-01-10T00:51:53.423+0000] {processor.py:208} INFO - Processing /home/airflow/.local/lib/python3.12/site-packages/airflow/example_dags/example_setup_teardown.py took 0.110 seconds
[2025-01-10T00:52:23.835+0000] {processor.py:186} INFO - Started process (PID=1145) to work on /home/airflow/.local/lib/python3.12/site-packages/airflow/example_dags/example_setup_teardown.py
[2025-01-10T00:52:23.836+0000] {processor.py:914} INFO - Processing file /home/airflow/.local/lib/python3.12/site-packages/airflow/example_dags/example_setup_teardown.py for tasks to queue
[2025-01-10T00:52:23.838+0000] {logging_mixin.py:190} INFO - [2025-01-10T00:52:23.838+0000] {dagbag.py:588} INFO - Filling up the DagBag from /home/airflow/.local/lib/python3.12/site-packages/airflow/example_dags/example_setup_teardown.py
[2025-01-10T00:52:23.848+0000] {processor.py:925} INFO - DAG(s) 'example_setup_teardown' retrieved from /home/airflow/.local/lib/python3.12/site-packages/airflow/example_dags/example_setup_teardown.py
[2025-01-10T00:52:23.868+0000] {logging_mixin.py:190} INFO - [2025-01-10T00:52:23.868+0000] {dag.py:3239} INFO - Sync 1 DAGs
[2025-01-10T00:52:23.885+0000] {logging_mixin.py:190} INFO - [2025-01-10T00:52:23.885+0000] {dag.py:4180} INFO - Setting next_dagrun for example_setup_teardown to None, run_after=None
[2025-01-10T00:52:23.911+0000] {processor.py:208} INFO - Processing /home/airflow/.local/lib/python3.12/site-packages/airflow/example_dags/example_setup_teardown.py took 0.083 seconds
[2025-01-10T00:52:54.174+0000] {processor.py:186} INFO - Started process (PID=1208) to work on /home/airflow/.local/lib/python3.12/site-packages/airflow/example_dags/example_setup_teardown.py
[2025-01-10T00:52:54.175+0000] {processor.py:914} INFO - Processing file /home/airflow/.local/lib/python3.12/site-packages/airflow/example_dags/example_setup_teardown.py for tasks to queue
[2025-01-10T00:52:54.177+0000] {logging_mixin.py:190} INFO - [2025-01-10T00:52:54.177+0000] {dagbag.py:588} INFO - Filling up the DagBag from /home/airflow/.local/lib/python3.12/site-packages/airflow/example_dags/example_setup_teardown.py
[2025-01-10T00:52:54.186+0000] {processor.py:925} INFO - DAG(s) 'example_setup_teardown' retrieved from /home/airflow/.local/lib/python3.12/site-packages/airflow/example_dags/example_setup_teardown.py
[2025-01-10T00:52:54.206+0000] {logging_mixin.py:190} INFO - [2025-01-10T00:52:54.206+0000] {dag.py:3239} INFO - Sync 1 DAGs
[2025-01-10T00:52:54.220+0000] {logging_mixin.py:190} INFO - [2025-01-10T00:52:54.220+0000] {dag.py:4180} INFO - Setting next_dagrun for example_setup_teardown to None, run_after=None
[2025-01-10T00:52:54.240+0000] {processor.py:208} INFO - Processing /home/airflow/.local/lib/python3.12/site-packages/airflow/example_dags/example_setup_teardown.py took 0.072 seconds
[2025-01-10T00:53:24.859+0000] {processor.py:186} INFO - Started process (PID=1271) to work on /home/airflow/.local/lib/python3.12/site-packages/airflow/example_dags/example_setup_teardown.py
[2025-01-10T00:53:24.861+0000] {processor.py:914} INFO - Processing file /home/airflow/.local/lib/python3.12/site-packages/airflow/example_dags/example_setup_teardown.py for tasks to queue
[2025-01-10T00:53:24.863+0000] {logging_mixin.py:190} INFO - [2025-01-10T00:53:24.863+0000] {dagbag.py:588} INFO - Filling up the DagBag from /home/airflow/.local/lib/python3.12/site-packages/airflow/example_dags/example_setup_teardown.py
[2025-01-10T00:53:24.873+0000] {processor.py:925} INFO - DAG(s) 'example_setup_teardown' retrieved from /home/airflow/.local/lib/python3.12/site-packages/airflow/example_dags/example_setup_teardown.py
[2025-01-10T00:53:24.899+0000] {logging_mixin.py:190} INFO - [2025-01-10T00:53:24.898+0000] {dag.py:3239} INFO - Sync 1 DAGs
[2025-01-10T00:53:24.915+0000] {logging_mixin.py:190} INFO - [2025-01-10T00:53:24.915+0000] {dag.py:4180} INFO - Setting next_dagrun for example_setup_teardown to None, run_after=None
[2025-01-10T00:53:24.942+0000] {processor.py:208} INFO - Processing /home/airflow/.local/lib/python3.12/site-packages/airflow/example_dags/example_setup_teardown.py took 0.088 seconds
[2025-01-10T00:53:55.130+0000] {processor.py:186} INFO - Started process (PID=1335) to work on /home/airflow/.local/lib/python3.12/site-packages/airflow/example_dags/example_setup_teardown.py
[2025-01-10T00:53:55.132+0000] {processor.py:914} INFO - Processing file /home/airflow/.local/lib/python3.12/site-packages/airflow/example_dags/example_setup_teardown.py for tasks to queue
[2025-01-10T00:53:55.135+0000] {logging_mixin.py:190} INFO - [2025-01-10T00:53:55.134+0000] {dagbag.py:588} INFO - Filling up the DagBag from /home/airflow/.local/lib/python3.12/site-packages/airflow/example_dags/example_setup_teardown.py
[2025-01-10T00:53:55.146+0000] {processor.py:925} INFO - DAG(s) 'example_setup_teardown' retrieved from /home/airflow/.local/lib/python3.12/site-packages/airflow/example_dags/example_setup_teardown.py
[2025-01-10T00:53:55.175+0000] {logging_mixin.py:190} INFO - [2025-01-10T00:53:55.175+0000] {dag.py:3239} INFO - Sync 1 DAGs
[2025-01-10T00:53:55.194+0000] {logging_mixin.py:190} INFO - [2025-01-10T00:53:55.194+0000] {dag.py:4180} INFO - Setting next_dagrun for example_setup_teardown to None, run_after=None
[2025-01-10T00:53:55.225+0000] {processor.py:208} INFO - Processing /home/airflow/.local/lib/python3.12/site-packages/airflow/example_dags/example_setup_teardown.py took 0.103 seconds
[2025-01-10T00:54:25.705+0000] {processor.py:186} INFO - Started process (PID=1398) to work on /home/airflow/.local/lib/python3.12/site-packages/airflow/example_dags/example_setup_teardown.py
[2025-01-10T00:54:25.707+0000] {processor.py:914} INFO - Processing file /home/airflow/.local/lib/python3.12/site-packages/airflow/example_dags/example_setup_teardown.py for tasks to queue
[2025-01-10T00:54:25.710+0000] {logging_mixin.py:190} INFO - [2025-01-10T00:54:25.709+0000] {dagbag.py:588} INFO - Filling up the DagBag from /home/airflow/.local/lib/python3.12/site-packages/airflow/example_dags/example_setup_teardown.py
[2025-01-10T00:54:25.720+0000] {processor.py:925} INFO - DAG(s) 'example_setup_teardown' retrieved from /home/airflow/.local/lib/python3.12/site-packages/airflow/example_dags/example_setup_teardown.py
[2025-01-10T00:54:25.742+0000] {logging_mixin.py:190} INFO - [2025-01-10T00:54:25.742+0000] {dag.py:3239} INFO - Sync 1 DAGs
[2025-01-10T00:54:25.757+0000] {logging_mixin.py:190} INFO - [2025-01-10T00:54:25.757+0000] {dag.py:4180} INFO - Setting next_dagrun for example_setup_teardown to None, run_after=None
[2025-01-10T00:54:25.778+0000] {processor.py:208} INFO - Processing /home/airflow/.local/lib/python3.12/site-packages/airflow/example_dags/example_setup_teardown.py took 0.078 seconds
[2025-01-10T00:54:55.816+0000] {processor.py:186} INFO - Started process (PID=1461) to work on /home/airflow/.local/lib/python3.12/site-packages/airflow/example_dags/example_setup_teardown.py
[2025-01-10T00:54:55.817+0000] {processor.py:914} INFO - Processing file /home/airflow/.local/lib/python3.12/site-packages/airflow/example_dags/example_setup_teardown.py for tasks to queue
[2025-01-10T00:54:55.820+0000] {logging_mixin.py:190} INFO - [2025-01-10T00:54:55.820+0000] {dagbag.py:588} INFO - Filling up the DagBag from /home/airflow/.local/lib/python3.12/site-packages/airflow/example_dags/example_setup_teardown.py
[2025-01-10T00:54:55.830+0000] {processor.py:925} INFO - DAG(s) 'example_setup_teardown' retrieved from /home/airflow/.local/lib/python3.12/site-packages/airflow/example_dags/example_setup_teardown.py
[2025-01-10T00:54:55.853+0000] {logging_mixin.py:190} INFO - [2025-01-10T00:54:55.853+0000] {dag.py:3239} INFO - Sync 1 DAGs
[2025-01-10T00:54:55.870+0000] {logging_mixin.py:190} INFO - [2025-01-10T00:54:55.870+0000] {dag.py:4180} INFO - Setting next_dagrun for example_setup_teardown to None, run_after=None
[2025-01-10T00:54:55.892+0000] {processor.py:208} INFO - Processing /home/airflow/.local/lib/python3.12/site-packages/airflow/example_dags/example_setup_teardown.py took 0.083 seconds
[2025-01-10T00:55:26.183+0000] {processor.py:186} INFO - Started process (PID=1524) to work on /home/airflow/.local/lib/python3.12/site-packages/airflow/example_dags/example_setup_teardown.py
[2025-01-10T00:55:26.184+0000] {processor.py:914} INFO - Processing file /home/airflow/.local/lib/python3.12/site-packages/airflow/example_dags/example_setup_teardown.py for tasks to queue
[2025-01-10T00:55:26.186+0000] {logging_mixin.py:190} INFO - [2025-01-10T00:55:26.186+0000] {dagbag.py:588} INFO - Filling up the DagBag from /home/airflow/.local/lib/python3.12/site-packages/airflow/example_dags/example_setup_teardown.py
[2025-01-10T00:55:26.195+0000] {processor.py:925} INFO - DAG(s) 'example_setup_teardown' retrieved from /home/airflow/.local/lib/python3.12/site-packages/airflow/example_dags/example_setup_teardown.py
[2025-01-10T00:55:26.215+0000] {logging_mixin.py:190} INFO - [2025-01-10T00:55:26.215+0000] {dag.py:3239} INFO - Sync 1 DAGs
[2025-01-10T00:55:26.228+0000] {logging_mixin.py:190} INFO - [2025-01-10T00:55:26.228+0000] {dag.py:4180} INFO - Setting next_dagrun for example_setup_teardown to None, run_after=None
[2025-01-10T00:55:26.249+0000] {processor.py:208} INFO - Processing /home/airflow/.local/lib/python3.12/site-packages/airflow/example_dags/example_setup_teardown.py took 0.072 seconds
[2025-01-10T00:55:56.835+0000] {processor.py:186} INFO - Started process (PID=1587) to work on /home/airflow/.local/lib/python3.12/site-packages/airflow/example_dags/example_setup_teardown.py
[2025-01-10T00:55:56.836+0000] {processor.py:914} INFO - Processing file /home/airflow/.local/lib/python3.12/site-packages/airflow/example_dags/example_setup_teardown.py for tasks to queue
[2025-01-10T00:55:56.838+0000] {logging_mixin.py:190} INFO - [2025-01-10T00:55:56.838+0000] {dagbag.py:588} INFO - Filling up the DagBag from /home/airflow/.local/lib/python3.12/site-packages/airflow/example_dags/example_setup_teardown.py
[2025-01-10T00:55:56.846+0000] {processor.py:925} INFO - DAG(s) 'example_setup_teardown' retrieved from /home/airflow/.local/lib/python3.12/site-packages/airflow/example_dags/example_setup_teardown.py
[2025-01-10T00:55:56.870+0000] {logging_mixin.py:190} INFO - [2025-01-10T00:55:56.870+0000] {dag.py:3239} INFO - Sync 1 DAGs
[2025-01-10T00:55:56.886+0000] {logging_mixin.py:190} INFO - [2025-01-10T00:55:56.886+0000] {dag.py:4180} INFO - Setting next_dagrun for example_setup_teardown to None, run_after=None
[2025-01-10T00:55:56.913+0000] {processor.py:208} INFO - Processing /home/airflow/.local/lib/python3.12/site-packages/airflow/example_dags/example_setup_teardown.py took 0.084 seconds
[2025-01-10T00:56:27.286+0000] {processor.py:186} INFO - Started process (PID=1650) to work on /home/airflow/.local/lib/python3.12/site-packages/airflow/example_dags/example_setup_teardown.py
[2025-01-10T00:56:27.287+0000] {processor.py:914} INFO - Processing file /home/airflow/.local/lib/python3.12/site-packages/airflow/example_dags/example_setup_teardown.py for tasks to queue
[2025-01-10T00:56:27.289+0000] {logging_mixin.py:190} INFO - [2025-01-10T00:56:27.289+0000] {dagbag.py:588} INFO - Filling up the DagBag from /home/airflow/.local/lib/python3.12/site-packages/airflow/example_dags/example_setup_teardown.py
[2025-01-10T00:56:27.297+0000] {processor.py:925} INFO - DAG(s) 'example_setup_teardown' retrieved from /home/airflow/.local/lib/python3.12/site-packages/airflow/example_dags/example_setup_teardown.py
[2025-01-10T00:56:27.317+0000] {logging_mixin.py:190} INFO - [2025-01-10T00:56:27.317+0000] {dag.py:3239} INFO - Sync 1 DAGs
[2025-01-10T00:56:27.330+0000] {logging_mixin.py:190} INFO - [2025-01-10T00:56:27.330+0000] {dag.py:4180} INFO - Setting next_dagrun for example_setup_teardown to None, run_after=None
[2025-01-10T00:56:27.350+0000] {processor.py:208} INFO - Processing /home/airflow/.local/lib/python3.12/site-packages/airflow/example_dags/example_setup_teardown.py took 0.069 seconds
[2025-01-10T00:56:57.404+0000] {processor.py:186} INFO - Started process (PID=1713) to work on /home/airflow/.local/lib/python3.12/site-packages/airflow/example_dags/example_setup_teardown.py
[2025-01-10T00:56:57.405+0000] {processor.py:914} INFO - Processing file /home/airflow/.local/lib/python3.12/site-packages/airflow/example_dags/example_setup_teardown.py for tasks to queue
[2025-01-10T00:56:57.407+0000] {logging_mixin.py:190} INFO - [2025-01-10T00:56:57.407+0000] {dagbag.py:588} INFO - Filling up the DagBag from /home/airflow/.local/lib/python3.12/site-packages/airflow/example_dags/example_setup_teardown.py
[2025-01-10T00:56:57.415+0000] {processor.py:925} INFO - DAG(s) 'example_setup_teardown' retrieved from /home/airflow/.local/lib/python3.12/site-packages/airflow/example_dags/example_setup_teardown.py
[2025-01-10T00:56:57.436+0000] {logging_mixin.py:190} INFO - [2025-01-10T00:56:57.436+0000] {dag.py:3239} INFO - Sync 1 DAGs
[2025-01-10T00:56:57.449+0000] {logging_mixin.py:190} INFO - [2025-01-10T00:56:57.449+0000] {dag.py:4180} INFO - Setting next_dagrun for example_setup_teardown to None, run_after=None
[2025-01-10T00:56:57.469+0000] {processor.py:208} INFO - Processing /home/airflow/.local/lib/python3.12/site-packages/airflow/example_dags/example_setup_teardown.py took 0.070 seconds
[2025-01-10T00:57:28.067+0000] {processor.py:186} INFO - Started process (PID=1775) to work on /home/airflow/.local/lib/python3.12/site-packages/airflow/example_dags/example_setup_teardown.py
[2025-01-10T00:57:28.068+0000] {processor.py:914} INFO - Processing file /home/airflow/.local/lib/python3.12/site-packages/airflow/example_dags/example_setup_teardown.py for tasks to queue
[2025-01-10T00:57:28.070+0000] {logging_mixin.py:190} INFO - [2025-01-10T00:57:28.070+0000] {dagbag.py:588} INFO - Filling up the DagBag from /home/airflow/.local/lib/python3.12/site-packages/airflow/example_dags/example_setup_teardown.py
[2025-01-10T00:57:28.080+0000] {processor.py:925} INFO - DAG(s) 'example_setup_teardown' retrieved from /home/airflow/.local/lib/python3.12/site-packages/airflow/example_dags/example_setup_teardown.py
[2025-01-10T00:57:28.103+0000] {logging_mixin.py:190} INFO - [2025-01-10T00:57:28.103+0000] {dag.py:3239} INFO - Sync 1 DAGs
[2025-01-10T00:57:28.119+0000] {logging_mixin.py:190} INFO - [2025-01-10T00:57:28.119+0000] {dag.py:4180} INFO - Setting next_dagrun for example_setup_teardown to None, run_after=None
[2025-01-10T00:57:28.143+0000] {processor.py:208} INFO - Processing /home/airflow/.local/lib/python3.12/site-packages/airflow/example_dags/example_setup_teardown.py took 0.084 seconds
[2025-01-10T00:57:58.960+0000] {processor.py:186} INFO - Started process (PID=1839) to work on /home/airflow/.local/lib/python3.12/site-packages/airflow/example_dags/example_setup_teardown.py
[2025-01-10T00:57:58.961+0000] {processor.py:914} INFO - Processing file /home/airflow/.local/lib/python3.12/site-packages/airflow/example_dags/example_setup_teardown.py for tasks to queue
[2025-01-10T00:57:58.965+0000] {logging_mixin.py:190} INFO - [2025-01-10T00:57:58.964+0000] {dagbag.py:588} INFO - Filling up the DagBag from /home/airflow/.local/lib/python3.12/site-packages/airflow/example_dags/example_setup_teardown.py
[2025-01-10T00:57:58.976+0000] {processor.py:925} INFO - DAG(s) 'example_setup_teardown' retrieved from /home/airflow/.local/lib/python3.12/site-packages/airflow/example_dags/example_setup_teardown.py
[2025-01-10T00:57:59.006+0000] {logging_mixin.py:190} INFO - [2025-01-10T00:57:59.006+0000] {dag.py:3239} INFO - Sync 1 DAGs
[2025-01-10T00:57:59.030+0000] {logging_mixin.py:190} INFO - [2025-01-10T00:57:59.030+0000] {dag.py:4180} INFO - Setting next_dagrun for example_setup_teardown to None, run_after=None
[2025-01-10T00:57:59.058+0000] {processor.py:208} INFO - Processing /home/airflow/.local/lib/python3.12/site-packages/airflow/example_dags/example_setup_teardown.py took 0.105 seconds
[2025-01-10T00:58:29.702+0000] {processor.py:186} INFO - Started process (PID=1902) to work on /home/airflow/.local/lib/python3.12/site-packages/airflow/example_dags/example_setup_teardown.py
[2025-01-10T00:58:29.703+0000] {processor.py:914} INFO - Processing file /home/airflow/.local/lib/python3.12/site-packages/airflow/example_dags/example_setup_teardown.py for tasks to queue
[2025-01-10T00:58:29.706+0000] {logging_mixin.py:190} INFO - [2025-01-10T00:58:29.705+0000] {dagbag.py:588} INFO - Filling up the DagBag from /home/airflow/.local/lib/python3.12/site-packages/airflow/example_dags/example_setup_teardown.py
[2025-01-10T00:58:29.722+0000] {processor.py:925} INFO - DAG(s) 'example_setup_teardown' retrieved from /home/airflow/.local/lib/python3.12/site-packages/airflow/example_dags/example_setup_teardown.py
[2025-01-10T00:58:29.753+0000] {logging_mixin.py:190} INFO - [2025-01-10T00:58:29.752+0000] {dag.py:3239} INFO - Sync 1 DAGs
[2025-01-10T00:58:29.774+0000] {logging_mixin.py:190} INFO - [2025-01-10T00:58:29.774+0000] {dag.py:4180} INFO - Setting next_dagrun for example_setup_teardown to None, run_after=None
[2025-01-10T00:58:29.813+0000] {processor.py:208} INFO - Processing /home/airflow/.local/lib/python3.12/site-packages/airflow/example_dags/example_setup_teardown.py took 0.117 seconds
[2025-01-10T01:01:56.848+0000] {processor.py:186} INFO - Started process (PID=63) to work on /home/airflow/.local/lib/python3.12/site-packages/airflow/example_dags/example_setup_teardown.py
[2025-01-10T01:01:56.850+0000] {processor.py:914} INFO - Processing file /home/airflow/.local/lib/python3.12/site-packages/airflow/example_dags/example_setup_teardown.py for tasks to queue
[2025-01-10T01:01:56.854+0000] {logging_mixin.py:190} INFO - [2025-01-10T01:01:56.853+0000] {dagbag.py:588} INFO - Filling up the DagBag from /home/airflow/.local/lib/python3.12/site-packages/airflow/example_dags/example_setup_teardown.py
[2025-01-10T01:01:56.864+0000] {processor.py:925} INFO - DAG(s) 'example_setup_teardown' retrieved from /home/airflow/.local/lib/python3.12/site-packages/airflow/example_dags/example_setup_teardown.py
[2025-01-10T01:01:56.945+0000] {logging_mixin.py:190} INFO - [2025-01-10T01:01:56.945+0000] {dag.py:3239} INFO - Sync 1 DAGs
[2025-01-10T01:01:56.972+0000] {logging_mixin.py:190} INFO - [2025-01-10T01:01:56.972+0000] {dag.py:4180} INFO - Setting next_dagrun for example_setup_teardown to None, run_after=None
[2025-01-10T01:01:57.009+0000] {processor.py:208} INFO - Processing /home/airflow/.local/lib/python3.12/site-packages/airflow/example_dags/example_setup_teardown.py took 0.168 seconds
[2025-01-10T01:02:28.757+0000] {processor.py:186} INFO - Started process (PID=126) to work on /home/airflow/.local/lib/python3.12/site-packages/airflow/example_dags/example_setup_teardown.py
[2025-01-10T01:02:28.758+0000] {processor.py:914} INFO - Processing file /home/airflow/.local/lib/python3.12/site-packages/airflow/example_dags/example_setup_teardown.py for tasks to queue
[2025-01-10T01:02:28.762+0000] {logging_mixin.py:190} INFO - [2025-01-10T01:02:28.761+0000] {dagbag.py:588} INFO - Filling up the DagBag from /home/airflow/.local/lib/python3.12/site-packages/airflow/example_dags/example_setup_teardown.py
[2025-01-10T01:02:28.775+0000] {processor.py:925} INFO - DAG(s) 'example_setup_teardown' retrieved from /home/airflow/.local/lib/python3.12/site-packages/airflow/example_dags/example_setup_teardown.py
[2025-01-10T01:02:28.824+0000] {logging_mixin.py:190} INFO - [2025-01-10T01:02:28.823+0000] {dag.py:3239} INFO - Sync 1 DAGs
[2025-01-10T01:02:28.865+0000] {logging_mixin.py:190} INFO - [2025-01-10T01:02:28.864+0000] {dag.py:4180} INFO - Setting next_dagrun for example_setup_teardown to None, run_after=None
[2025-01-10T01:02:28.902+0000] {processor.py:208} INFO - Processing /home/airflow/.local/lib/python3.12/site-packages/airflow/example_dags/example_setup_teardown.py took 0.153 seconds
[2025-01-10T01:03:00.076+0000] {processor.py:186} INFO - Started process (PID=195) to work on /home/airflow/.local/lib/python3.12/site-packages/airflow/example_dags/example_setup_teardown.py
[2025-01-10T01:03:00.077+0000] {processor.py:914} INFO - Processing file /home/airflow/.local/lib/python3.12/site-packages/airflow/example_dags/example_setup_teardown.py for tasks to queue
[2025-01-10T01:03:00.082+0000] {logging_mixin.py:190} INFO - [2025-01-10T01:03:00.082+0000] {dagbag.py:588} INFO - Filling up the DagBag from /home/airflow/.local/lib/python3.12/site-packages/airflow/example_dags/example_setup_teardown.py
[2025-01-10T01:03:00.095+0000] {processor.py:925} INFO - DAG(s) 'example_setup_teardown' retrieved from /home/airflow/.local/lib/python3.12/site-packages/airflow/example_dags/example_setup_teardown.py
[2025-01-10T01:03:00.125+0000] {logging_mixin.py:190} INFO - [2025-01-10T01:03:00.124+0000] {dag.py:3239} INFO - Sync 1 DAGs
[2025-01-10T01:03:00.148+0000] {logging_mixin.py:190} INFO - [2025-01-10T01:03:00.148+0000] {dag.py:4180} INFO - Setting next_dagrun for example_setup_teardown to None, run_after=None
[2025-01-10T01:03:00.174+0000] {processor.py:208} INFO - Processing /home/airflow/.local/lib/python3.12/site-packages/airflow/example_dags/example_setup_teardown.py took 0.109 seconds
[2025-01-10T01:03:30.861+0000] {processor.py:186} INFO - Started process (PID=258) to work on /home/airflow/.local/lib/python3.12/site-packages/airflow/example_dags/example_setup_teardown.py
[2025-01-10T01:03:30.862+0000] {processor.py:914} INFO - Processing file /home/airflow/.local/lib/python3.12/site-packages/airflow/example_dags/example_setup_teardown.py for tasks to queue
[2025-01-10T01:03:30.864+0000] {logging_mixin.py:190} INFO - [2025-01-10T01:03:30.864+0000] {dagbag.py:588} INFO - Filling up the DagBag from /home/airflow/.local/lib/python3.12/site-packages/airflow/example_dags/example_setup_teardown.py
[2025-01-10T01:03:30.875+0000] {processor.py:925} INFO - DAG(s) 'example_setup_teardown' retrieved from /home/airflow/.local/lib/python3.12/site-packages/airflow/example_dags/example_setup_teardown.py
[2025-01-10T01:03:30.896+0000] {logging_mixin.py:190} INFO - [2025-01-10T01:03:30.896+0000] {dag.py:3239} INFO - Sync 1 DAGs
[2025-01-10T01:03:30.911+0000] {logging_mixin.py:190} INFO - [2025-01-10T01:03:30.911+0000] {dag.py:4180} INFO - Setting next_dagrun for example_setup_teardown to None, run_after=None
[2025-01-10T01:03:30.936+0000] {processor.py:208} INFO - Processing /home/airflow/.local/lib/python3.12/site-packages/airflow/example_dags/example_setup_teardown.py took 0.080 seconds
[2025-01-10T01:04:01.607+0000] {processor.py:186} INFO - Started process (PID=320) to work on /home/airflow/.local/lib/python3.12/site-packages/airflow/example_dags/example_setup_teardown.py
[2025-01-10T01:04:01.608+0000] {processor.py:914} INFO - Processing file /home/airflow/.local/lib/python3.12/site-packages/airflow/example_dags/example_setup_teardown.py for tasks to queue
[2025-01-10T01:04:01.610+0000] {logging_mixin.py:190} INFO - [2025-01-10T01:04:01.610+0000] {dagbag.py:588} INFO - Filling up the DagBag from /home/airflow/.local/lib/python3.12/site-packages/airflow/example_dags/example_setup_teardown.py
[2025-01-10T01:04:01.620+0000] {processor.py:925} INFO - DAG(s) 'example_setup_teardown' retrieved from /home/airflow/.local/lib/python3.12/site-packages/airflow/example_dags/example_setup_teardown.py
[2025-01-10T01:04:01.643+0000] {logging_mixin.py:190} INFO - [2025-01-10T01:04:01.642+0000] {dag.py:3239} INFO - Sync 1 DAGs
[2025-01-10T01:04:01.656+0000] {logging_mixin.py:190} INFO - [2025-01-10T01:04:01.656+0000] {dag.py:4180} INFO - Setting next_dagrun for example_setup_teardown to None, run_after=None
[2025-01-10T01:04:01.678+0000] {processor.py:208} INFO - Processing /home/airflow/.local/lib/python3.12/site-packages/airflow/example_dags/example_setup_teardown.py took 0.076 seconds
[2025-01-10T01:04:31.886+0000] {processor.py:186} INFO - Started process (PID=383) to work on /home/airflow/.local/lib/python3.12/site-packages/airflow/example_dags/example_setup_teardown.py
[2025-01-10T01:04:31.888+0000] {processor.py:914} INFO - Processing file /home/airflow/.local/lib/python3.12/site-packages/airflow/example_dags/example_setup_teardown.py for tasks to queue
[2025-01-10T01:04:31.892+0000] {logging_mixin.py:190} INFO - [2025-01-10T01:04:31.891+0000] {dagbag.py:588} INFO - Filling up the DagBag from /home/airflow/.local/lib/python3.12/site-packages/airflow/example_dags/example_setup_teardown.py
[2025-01-10T01:04:31.910+0000] {processor.py:925} INFO - DAG(s) 'example_setup_teardown' retrieved from /home/airflow/.local/lib/python3.12/site-packages/airflow/example_dags/example_setup_teardown.py
[2025-01-10T01:04:31.960+0000] {logging_mixin.py:190} INFO - [2025-01-10T01:04:31.959+0000] {dag.py:3239} INFO - Sync 1 DAGs
[2025-01-10T01:04:32.008+0000] {logging_mixin.py:190} INFO - [2025-01-10T01:04:32.007+0000] {dag.py:4180} INFO - Setting next_dagrun for example_setup_teardown to None, run_after=None
[2025-01-10T01:04:32.040+0000] {processor.py:208} INFO - Processing /home/airflow/.local/lib/python3.12/site-packages/airflow/example_dags/example_setup_teardown.py took 0.164 seconds
[2025-01-10T01:05:02.758+0000] {processor.py:186} INFO - Started process (PID=446) to work on /home/airflow/.local/lib/python3.12/site-packages/airflow/example_dags/example_setup_teardown.py
[2025-01-10T01:05:02.759+0000] {processor.py:914} INFO - Processing file /home/airflow/.local/lib/python3.12/site-packages/airflow/example_dags/example_setup_teardown.py for tasks to queue
[2025-01-10T01:05:02.761+0000] {logging_mixin.py:190} INFO - [2025-01-10T01:05:02.760+0000] {dagbag.py:588} INFO - Filling up the DagBag from /home/airflow/.local/lib/python3.12/site-packages/airflow/example_dags/example_setup_teardown.py
[2025-01-10T01:05:02.768+0000] {processor.py:925} INFO - DAG(s) 'example_setup_teardown' retrieved from /home/airflow/.local/lib/python3.12/site-packages/airflow/example_dags/example_setup_teardown.py
[2025-01-10T01:05:02.787+0000] {logging_mixin.py:190} INFO - [2025-01-10T01:05:02.787+0000] {dag.py:3239} INFO - Sync 1 DAGs
[2025-01-10T01:05:02.801+0000] {logging_mixin.py:190} INFO - [2025-01-10T01:05:02.801+0000] {dag.py:4180} INFO - Setting next_dagrun for example_setup_teardown to None, run_after=None
[2025-01-10T01:05:02.821+0000] {processor.py:208} INFO - Processing /home/airflow/.local/lib/python3.12/site-packages/airflow/example_dags/example_setup_teardown.py took 0.067 seconds
[2025-01-10T01:05:33.412+0000] {processor.py:186} INFO - Started process (PID=508) to work on /home/airflow/.local/lib/python3.12/site-packages/airflow/example_dags/example_setup_teardown.py
[2025-01-10T01:05:33.413+0000] {processor.py:914} INFO - Processing file /home/airflow/.local/lib/python3.12/site-packages/airflow/example_dags/example_setup_teardown.py for tasks to queue
[2025-01-10T01:05:33.415+0000] {logging_mixin.py:190} INFO - [2025-01-10T01:05:33.415+0000] {dagbag.py:588} INFO - Filling up the DagBag from /home/airflow/.local/lib/python3.12/site-packages/airflow/example_dags/example_setup_teardown.py
[2025-01-10T01:05:33.424+0000] {processor.py:925} INFO - DAG(s) 'example_setup_teardown' retrieved from /home/airflow/.local/lib/python3.12/site-packages/airflow/example_dags/example_setup_teardown.py
[2025-01-10T01:05:33.444+0000] {logging_mixin.py:190} INFO - [2025-01-10T01:05:33.443+0000] {dag.py:3239} INFO - Sync 1 DAGs
[2025-01-10T01:05:33.459+0000] {logging_mixin.py:190} INFO - [2025-01-10T01:05:33.459+0000] {dag.py:4180} INFO - Setting next_dagrun for example_setup_teardown to None, run_after=None
[2025-01-10T01:05:33.479+0000] {processor.py:208} INFO - Processing /home/airflow/.local/lib/python3.12/site-packages/airflow/example_dags/example_setup_teardown.py took 0.073 seconds
[2025-01-10T01:06:04.235+0000] {processor.py:186} INFO - Started process (PID=571) to work on /home/airflow/.local/lib/python3.12/site-packages/airflow/example_dags/example_setup_teardown.py
[2025-01-10T01:06:04.236+0000] {processor.py:914} INFO - Processing file /home/airflow/.local/lib/python3.12/site-packages/airflow/example_dags/example_setup_teardown.py for tasks to queue
[2025-01-10T01:06:04.238+0000] {logging_mixin.py:190} INFO - [2025-01-10T01:06:04.238+0000] {dagbag.py:588} INFO - Filling up the DagBag from /home/airflow/.local/lib/python3.12/site-packages/airflow/example_dags/example_setup_teardown.py
[2025-01-10T01:06:04.246+0000] {processor.py:925} INFO - DAG(s) 'example_setup_teardown' retrieved from /home/airflow/.local/lib/python3.12/site-packages/airflow/example_dags/example_setup_teardown.py
[2025-01-10T01:06:04.266+0000] {logging_mixin.py:190} INFO - [2025-01-10T01:06:04.265+0000] {dag.py:3239} INFO - Sync 1 DAGs
[2025-01-10T01:06:04.280+0000] {logging_mixin.py:190} INFO - [2025-01-10T01:06:04.279+0000] {dag.py:4180} INFO - Setting next_dagrun for example_setup_teardown to None, run_after=None
[2025-01-10T01:06:04.374+0000] {processor.py:208} INFO - Processing /home/airflow/.local/lib/python3.12/site-packages/airflow/example_dags/example_setup_teardown.py took 0.145 seconds
[2025-01-10T01:06:34.441+0000] {processor.py:186} INFO - Started process (PID=634) to work on /home/airflow/.local/lib/python3.12/site-packages/airflow/example_dags/example_setup_teardown.py
[2025-01-10T01:06:34.443+0000] {processor.py:914} INFO - Processing file /home/airflow/.local/lib/python3.12/site-packages/airflow/example_dags/example_setup_teardown.py for tasks to queue
[2025-01-10T01:06:34.446+0000] {logging_mixin.py:190} INFO - [2025-01-10T01:06:34.445+0000] {dagbag.py:588} INFO - Filling up the DagBag from /home/airflow/.local/lib/python3.12/site-packages/airflow/example_dags/example_setup_teardown.py
[2025-01-10T01:06:34.454+0000] {processor.py:925} INFO - DAG(s) 'example_setup_teardown' retrieved from /home/airflow/.local/lib/python3.12/site-packages/airflow/example_dags/example_setup_teardown.py
[2025-01-10T01:06:34.478+0000] {logging_mixin.py:190} INFO - [2025-01-10T01:06:34.478+0000] {dag.py:3239} INFO - Sync 1 DAGs
[2025-01-10T01:06:34.495+0000] {logging_mixin.py:190} INFO - [2025-01-10T01:06:34.495+0000] {dag.py:4180} INFO - Setting next_dagrun for example_setup_teardown to None, run_after=None
[2025-01-10T01:06:34.516+0000] {processor.py:208} INFO - Processing /home/airflow/.local/lib/python3.12/site-packages/airflow/example_dags/example_setup_teardown.py took 0.080 seconds
[2025-01-10T01:07:04.618+0000] {processor.py:186} INFO - Started process (PID=697) to work on /home/airflow/.local/lib/python3.12/site-packages/airflow/example_dags/example_setup_teardown.py
[2025-01-10T01:07:04.619+0000] {processor.py:914} INFO - Processing file /home/airflow/.local/lib/python3.12/site-packages/airflow/example_dags/example_setup_teardown.py for tasks to queue
[2025-01-10T01:07:04.622+0000] {logging_mixin.py:190} INFO - [2025-01-10T01:07:04.621+0000] {dagbag.py:588} INFO - Filling up the DagBag from /home/airflow/.local/lib/python3.12/site-packages/airflow/example_dags/example_setup_teardown.py
[2025-01-10T01:07:04.629+0000] {processor.py:925} INFO - DAG(s) 'example_setup_teardown' retrieved from /home/airflow/.local/lib/python3.12/site-packages/airflow/example_dags/example_setup_teardown.py
[2025-01-10T01:07:04.649+0000] {logging_mixin.py:190} INFO - [2025-01-10T01:07:04.649+0000] {dag.py:3239} INFO - Sync 1 DAGs
[2025-01-10T01:07:04.662+0000] {logging_mixin.py:190} INFO - [2025-01-10T01:07:04.662+0000] {dag.py:4180} INFO - Setting next_dagrun for example_setup_teardown to None, run_after=None
[2025-01-10T01:07:04.708+0000] {processor.py:208} INFO - Processing /home/airflow/.local/lib/python3.12/site-packages/airflow/example_dags/example_setup_teardown.py took 0.094 seconds
[2025-01-10T01:07:34.792+0000] {processor.py:186} INFO - Started process (PID=760) to work on /home/airflow/.local/lib/python3.12/site-packages/airflow/example_dags/example_setup_teardown.py
[2025-01-10T01:07:34.793+0000] {processor.py:914} INFO - Processing file /home/airflow/.local/lib/python3.12/site-packages/airflow/example_dags/example_setup_teardown.py for tasks to queue
[2025-01-10T01:07:34.796+0000] {logging_mixin.py:190} INFO - [2025-01-10T01:07:34.795+0000] {dagbag.py:588} INFO - Filling up the DagBag from /home/airflow/.local/lib/python3.12/site-packages/airflow/example_dags/example_setup_teardown.py
[2025-01-10T01:07:34.803+0000] {processor.py:925} INFO - DAG(s) 'example_setup_teardown' retrieved from /home/airflow/.local/lib/python3.12/site-packages/airflow/example_dags/example_setup_teardown.py
[2025-01-10T01:07:34.822+0000] {logging_mixin.py:190} INFO - [2025-01-10T01:07:34.822+0000] {dag.py:3239} INFO - Sync 1 DAGs
[2025-01-10T01:07:34.837+0000] {logging_mixin.py:190} INFO - [2025-01-10T01:07:34.837+0000] {dag.py:4180} INFO - Setting next_dagrun for example_setup_teardown to None, run_after=None
[2025-01-10T01:07:34.857+0000] {processor.py:208} INFO - Processing /home/airflow/.local/lib/python3.12/site-packages/airflow/example_dags/example_setup_teardown.py took 0.069 seconds
[2025-01-10T01:08:04.993+0000] {processor.py:186} INFO - Started process (PID=823) to work on /home/airflow/.local/lib/python3.12/site-packages/airflow/example_dags/example_setup_teardown.py
[2025-01-10T01:08:04.994+0000] {processor.py:914} INFO - Processing file /home/airflow/.local/lib/python3.12/site-packages/airflow/example_dags/example_setup_teardown.py for tasks to queue
[2025-01-10T01:08:04.997+0000] {logging_mixin.py:190} INFO - [2025-01-10T01:08:04.996+0000] {dagbag.py:588} INFO - Filling up the DagBag from /home/airflow/.local/lib/python3.12/site-packages/airflow/example_dags/example_setup_teardown.py
[2025-01-10T01:08:05.004+0000] {processor.py:925} INFO - DAG(s) 'example_setup_teardown' retrieved from /home/airflow/.local/lib/python3.12/site-packages/airflow/example_dags/example_setup_teardown.py
[2025-01-10T01:08:05.025+0000] {logging_mixin.py:190} INFO - [2025-01-10T01:08:05.024+0000] {dag.py:3239} INFO - Sync 1 DAGs
[2025-01-10T01:08:05.040+0000] {logging_mixin.py:190} INFO - [2025-01-10T01:08:05.039+0000] {dag.py:4180} INFO - Setting next_dagrun for example_setup_teardown to None, run_after=None
[2025-01-10T01:08:05.059+0000] {processor.py:208} INFO - Processing /home/airflow/.local/lib/python3.12/site-packages/airflow/example_dags/example_setup_teardown.py took 0.072 seconds
[2025-01-10T01:08:35.428+0000] {processor.py:186} INFO - Started process (PID=886) to work on /home/airflow/.local/lib/python3.12/site-packages/airflow/example_dags/example_setup_teardown.py
[2025-01-10T01:08:35.429+0000] {processor.py:914} INFO - Processing file /home/airflow/.local/lib/python3.12/site-packages/airflow/example_dags/example_setup_teardown.py for tasks to queue
[2025-01-10T01:08:35.432+0000] {logging_mixin.py:190} INFO - [2025-01-10T01:08:35.432+0000] {dagbag.py:588} INFO - Filling up the DagBag from /home/airflow/.local/lib/python3.12/site-packages/airflow/example_dags/example_setup_teardown.py
[2025-01-10T01:08:35.444+0000] {processor.py:925} INFO - DAG(s) 'example_setup_teardown' retrieved from /home/airflow/.local/lib/python3.12/site-packages/airflow/example_dags/example_setup_teardown.py
[2025-01-10T01:08:35.473+0000] {logging_mixin.py:190} INFO - [2025-01-10T01:08:35.473+0000] {dag.py:3239} INFO - Sync 1 DAGs
[2025-01-10T01:08:35.496+0000] {logging_mixin.py:190} INFO - [2025-01-10T01:08:35.496+0000] {dag.py:4180} INFO - Setting next_dagrun for example_setup_teardown to None, run_after=None
[2025-01-10T01:08:35.526+0000] {processor.py:208} INFO - Processing /home/airflow/.local/lib/python3.12/site-packages/airflow/example_dags/example_setup_teardown.py took 0.104 seconds
[2025-01-10T01:09:05.741+0000] {processor.py:186} INFO - Started process (PID=950) to work on /home/airflow/.local/lib/python3.12/site-packages/airflow/example_dags/example_setup_teardown.py
[2025-01-10T01:09:05.742+0000] {processor.py:914} INFO - Processing file /home/airflow/.local/lib/python3.12/site-packages/airflow/example_dags/example_setup_teardown.py for tasks to queue
[2025-01-10T01:09:05.744+0000] {logging_mixin.py:190} INFO - [2025-01-10T01:09:05.744+0000] {dagbag.py:588} INFO - Filling up the DagBag from /home/airflow/.local/lib/python3.12/site-packages/airflow/example_dags/example_setup_teardown.py
[2025-01-10T01:09:05.751+0000] {processor.py:925} INFO - DAG(s) 'example_setup_teardown' retrieved from /home/airflow/.local/lib/python3.12/site-packages/airflow/example_dags/example_setup_teardown.py
[2025-01-10T01:09:05.771+0000] {logging_mixin.py:190} INFO - [2025-01-10T01:09:05.771+0000] {dag.py:3239} INFO - Sync 1 DAGs
[2025-01-10T01:09:05.785+0000] {logging_mixin.py:190} INFO - [2025-01-10T01:09:05.785+0000] {dag.py:4180} INFO - Setting next_dagrun for example_setup_teardown to None, run_after=None
[2025-01-10T01:09:05.807+0000] {processor.py:208} INFO - Processing /home/airflow/.local/lib/python3.12/site-packages/airflow/example_dags/example_setup_teardown.py took 0.071 seconds
[2025-01-10T01:09:36.362+0000] {processor.py:186} INFO - Started process (PID=1013) to work on /home/airflow/.local/lib/python3.12/site-packages/airflow/example_dags/example_setup_teardown.py
[2025-01-10T01:09:36.363+0000] {processor.py:914} INFO - Processing file /home/airflow/.local/lib/python3.12/site-packages/airflow/example_dags/example_setup_teardown.py for tasks to queue
[2025-01-10T01:09:36.366+0000] {logging_mixin.py:190} INFO - [2025-01-10T01:09:36.366+0000] {dagbag.py:588} INFO - Filling up the DagBag from /home/airflow/.local/lib/python3.12/site-packages/airflow/example_dags/example_setup_teardown.py
[2025-01-10T01:09:36.377+0000] {processor.py:925} INFO - DAG(s) 'example_setup_teardown' retrieved from /home/airflow/.local/lib/python3.12/site-packages/airflow/example_dags/example_setup_teardown.py
[2025-01-10T01:09:36.402+0000] {logging_mixin.py:190} INFO - [2025-01-10T01:09:36.402+0000] {dag.py:3239} INFO - Sync 1 DAGs
[2025-01-10T01:09:36.419+0000] {logging_mixin.py:190} INFO - [2025-01-10T01:09:36.418+0000] {dag.py:4180} INFO - Setting next_dagrun for example_setup_teardown to None, run_after=None
[2025-01-10T01:09:36.481+0000] {processor.py:208} INFO - Processing /home/airflow/.local/lib/python3.12/site-packages/airflow/example_dags/example_setup_teardown.py took 0.125 seconds
[2025-01-10T01:10:06.625+0000] {processor.py:186} INFO - Started process (PID=1076) to work on /home/airflow/.local/lib/python3.12/site-packages/airflow/example_dags/example_setup_teardown.py
[2025-01-10T01:10:06.626+0000] {processor.py:914} INFO - Processing file /home/airflow/.local/lib/python3.12/site-packages/airflow/example_dags/example_setup_teardown.py for tasks to queue
[2025-01-10T01:10:06.628+0000] {logging_mixin.py:190} INFO - [2025-01-10T01:10:06.628+0000] {dagbag.py:588} INFO - Filling up the DagBag from /home/airflow/.local/lib/python3.12/site-packages/airflow/example_dags/example_setup_teardown.py
[2025-01-10T01:10:06.639+0000] {processor.py:925} INFO - DAG(s) 'example_setup_teardown' retrieved from /home/airflow/.local/lib/python3.12/site-packages/airflow/example_dags/example_setup_teardown.py
[2025-01-10T01:10:06.660+0000] {logging_mixin.py:190} INFO - [2025-01-10T01:10:06.659+0000] {dag.py:3239} INFO - Sync 1 DAGs
[2025-01-10T01:10:06.677+0000] {logging_mixin.py:190} INFO - [2025-01-10T01:10:06.676+0000] {dag.py:4180} INFO - Setting next_dagrun for example_setup_teardown to None, run_after=None
[2025-01-10T01:10:06.698+0000] {processor.py:208} INFO - Processing /home/airflow/.local/lib/python3.12/site-packages/airflow/example_dags/example_setup_teardown.py took 0.079 seconds
[2025-01-10T01:10:36.984+0000] {processor.py:186} INFO - Started process (PID=1139) to work on /home/airflow/.local/lib/python3.12/site-packages/airflow/example_dags/example_setup_teardown.py
[2025-01-10T01:10:36.985+0000] {processor.py:914} INFO - Processing file /home/airflow/.local/lib/python3.12/site-packages/airflow/example_dags/example_setup_teardown.py for tasks to queue
[2025-01-10T01:10:36.987+0000] {logging_mixin.py:190} INFO - [2025-01-10T01:10:36.987+0000] {dagbag.py:588} INFO - Filling up the DagBag from /home/airflow/.local/lib/python3.12/site-packages/airflow/example_dags/example_setup_teardown.py
[2025-01-10T01:10:36.995+0000] {processor.py:925} INFO - DAG(s) 'example_setup_teardown' retrieved from /home/airflow/.local/lib/python3.12/site-packages/airflow/example_dags/example_setup_teardown.py
[2025-01-10T01:10:37.014+0000] {logging_mixin.py:190} INFO - [2025-01-10T01:10:37.014+0000] {dag.py:3239} INFO - Sync 1 DAGs
[2025-01-10T01:10:37.027+0000] {logging_mixin.py:190} INFO - [2025-01-10T01:10:37.027+0000] {dag.py:4180} INFO - Setting next_dagrun for example_setup_teardown to None, run_after=None
[2025-01-10T01:10:37.077+0000] {processor.py:208} INFO - Processing /home/airflow/.local/lib/python3.12/site-packages/airflow/example_dags/example_setup_teardown.py took 0.099 seconds
[2025-01-10T01:11:07.380+0000] {processor.py:186} INFO - Started process (PID=1202) to work on /home/airflow/.local/lib/python3.12/site-packages/airflow/example_dags/example_setup_teardown.py
[2025-01-10T01:11:07.381+0000] {processor.py:914} INFO - Processing file /home/airflow/.local/lib/python3.12/site-packages/airflow/example_dags/example_setup_teardown.py for tasks to queue
[2025-01-10T01:11:07.384+0000] {logging_mixin.py:190} INFO - [2025-01-10T01:11:07.383+0000] {dagbag.py:588} INFO - Filling up the DagBag from /home/airflow/.local/lib/python3.12/site-packages/airflow/example_dags/example_setup_teardown.py
[2025-01-10T01:11:07.392+0000] {processor.py:925} INFO - DAG(s) 'example_setup_teardown' retrieved from /home/airflow/.local/lib/python3.12/site-packages/airflow/example_dags/example_setup_teardown.py
[2025-01-10T01:11:07.410+0000] {logging_mixin.py:190} INFO - [2025-01-10T01:11:07.410+0000] {dag.py:3239} INFO - Sync 1 DAGs
[2025-01-10T01:11:07.423+0000] {logging_mixin.py:190} INFO - [2025-01-10T01:11:07.423+0000] {dag.py:4180} INFO - Setting next_dagrun for example_setup_teardown to None, run_after=None
[2025-01-10T01:11:07.444+0000] {processor.py:208} INFO - Processing /home/airflow/.local/lib/python3.12/site-packages/airflow/example_dags/example_setup_teardown.py took 0.069 seconds
[2025-01-10T01:11:38.227+0000] {processor.py:186} INFO - Started process (PID=1265) to work on /home/airflow/.local/lib/python3.12/site-packages/airflow/example_dags/example_setup_teardown.py
[2025-01-10T01:11:38.228+0000] {processor.py:914} INFO - Processing file /home/airflow/.local/lib/python3.12/site-packages/airflow/example_dags/example_setup_teardown.py for tasks to queue
[2025-01-10T01:11:38.230+0000] {logging_mixin.py:190} INFO - [2025-01-10T01:11:38.230+0000] {dagbag.py:588} INFO - Filling up the DagBag from /home/airflow/.local/lib/python3.12/site-packages/airflow/example_dags/example_setup_teardown.py
[2025-01-10T01:11:38.239+0000] {processor.py:925} INFO - DAG(s) 'example_setup_teardown' retrieved from /home/airflow/.local/lib/python3.12/site-packages/airflow/example_dags/example_setup_teardown.py
[2025-01-10T01:11:38.264+0000] {logging_mixin.py:190} INFO - [2025-01-10T01:11:38.263+0000] {dag.py:3239} INFO - Sync 1 DAGs
[2025-01-10T01:11:38.280+0000] {logging_mixin.py:190} INFO - [2025-01-10T01:11:38.280+0000] {dag.py:4180} INFO - Setting next_dagrun for example_setup_teardown to None, run_after=None
[2025-01-10T01:11:38.309+0000] {processor.py:208} INFO - Processing /home/airflow/.local/lib/python3.12/site-packages/airflow/example_dags/example_setup_teardown.py took 0.087 seconds
[2025-01-10T01:12:08.420+0000] {processor.py:186} INFO - Started process (PID=1328) to work on /home/airflow/.local/lib/python3.12/site-packages/airflow/example_dags/example_setup_teardown.py
[2025-01-10T01:12:08.421+0000] {processor.py:914} INFO - Processing file /home/airflow/.local/lib/python3.12/site-packages/airflow/example_dags/example_setup_teardown.py for tasks to queue
[2025-01-10T01:12:08.423+0000] {logging_mixin.py:190} INFO - [2025-01-10T01:12:08.423+0000] {dagbag.py:588} INFO - Filling up the DagBag from /home/airflow/.local/lib/python3.12/site-packages/airflow/example_dags/example_setup_teardown.py
[2025-01-10T01:12:08.431+0000] {processor.py:925} INFO - DAG(s) 'example_setup_teardown' retrieved from /home/airflow/.local/lib/python3.12/site-packages/airflow/example_dags/example_setup_teardown.py
[2025-01-10T01:12:08.449+0000] {logging_mixin.py:190} INFO - [2025-01-10T01:12:08.449+0000] {dag.py:3239} INFO - Sync 1 DAGs
[2025-01-10T01:12:08.466+0000] {logging_mixin.py:190} INFO - [2025-01-10T01:12:08.466+0000] {dag.py:4180} INFO - Setting next_dagrun for example_setup_teardown to None, run_after=None
[2025-01-10T01:12:08.516+0000] {processor.py:208} INFO - Processing /home/airflow/.local/lib/python3.12/site-packages/airflow/example_dags/example_setup_teardown.py took 0.100 seconds
[2025-01-10T01:12:38.991+0000] {processor.py:186} INFO - Started process (PID=1391) to work on /home/airflow/.local/lib/python3.12/site-packages/airflow/example_dags/example_setup_teardown.py
[2025-01-10T01:12:38.992+0000] {processor.py:914} INFO - Processing file /home/airflow/.local/lib/python3.12/site-packages/airflow/example_dags/example_setup_teardown.py for tasks to queue
[2025-01-10T01:12:38.994+0000] {logging_mixin.py:190} INFO - [2025-01-10T01:12:38.994+0000] {dagbag.py:588} INFO - Filling up the DagBag from /home/airflow/.local/lib/python3.12/site-packages/airflow/example_dags/example_setup_teardown.py
[2025-01-10T01:12:39.005+0000] {processor.py:925} INFO - DAG(s) 'example_setup_teardown' retrieved from /home/airflow/.local/lib/python3.12/site-packages/airflow/example_dags/example_setup_teardown.py
[2025-01-10T01:12:39.024+0000] {logging_mixin.py:190} INFO - [2025-01-10T01:12:39.024+0000] {dag.py:3239} INFO - Sync 1 DAGs
[2025-01-10T01:12:39.042+0000] {logging_mixin.py:190} INFO - [2025-01-10T01:12:39.042+0000] {dag.py:4180} INFO - Setting next_dagrun for example_setup_teardown to None, run_after=None
[2025-01-10T01:12:39.063+0000] {processor.py:208} INFO - Processing /home/airflow/.local/lib/python3.12/site-packages/airflow/example_dags/example_setup_teardown.py took 0.077 seconds
[2025-01-10T01:13:09.711+0000] {processor.py:186} INFO - Started process (PID=1454) to work on /home/airflow/.local/lib/python3.12/site-packages/airflow/example_dags/example_setup_teardown.py
[2025-01-10T01:13:09.712+0000] {processor.py:914} INFO - Processing file /home/airflow/.local/lib/python3.12/site-packages/airflow/example_dags/example_setup_teardown.py for tasks to queue
[2025-01-10T01:13:09.714+0000] {logging_mixin.py:190} INFO - [2025-01-10T01:13:09.714+0000] {dagbag.py:588} INFO - Filling up the DagBag from /home/airflow/.local/lib/python3.12/site-packages/airflow/example_dags/example_setup_teardown.py
[2025-01-10T01:13:09.721+0000] {processor.py:925} INFO - DAG(s) 'example_setup_teardown' retrieved from /home/airflow/.local/lib/python3.12/site-packages/airflow/example_dags/example_setup_teardown.py
[2025-01-10T01:13:09.740+0000] {logging_mixin.py:190} INFO - [2025-01-10T01:13:09.740+0000] {dag.py:3239} INFO - Sync 1 DAGs
[2025-01-10T01:13:09.754+0000] {logging_mixin.py:190} INFO - [2025-01-10T01:13:09.754+0000] {dag.py:4180} INFO - Setting next_dagrun for example_setup_teardown to None, run_after=None
[2025-01-10T01:13:09.822+0000] {processor.py:208} INFO - Processing /home/airflow/.local/lib/python3.12/site-packages/airflow/example_dags/example_setup_teardown.py took 0.116 seconds
[2025-01-10T01:13:40.011+0000] {processor.py:186} INFO - Started process (PID=1517) to work on /home/airflow/.local/lib/python3.12/site-packages/airflow/example_dags/example_setup_teardown.py
[2025-01-10T01:13:40.012+0000] {processor.py:914} INFO - Processing file /home/airflow/.local/lib/python3.12/site-packages/airflow/example_dags/example_setup_teardown.py for tasks to queue
[2025-01-10T01:13:40.015+0000] {logging_mixin.py:190} INFO - [2025-01-10T01:13:40.015+0000] {dagbag.py:588} INFO - Filling up the DagBag from /home/airflow/.local/lib/python3.12/site-packages/airflow/example_dags/example_setup_teardown.py
[2025-01-10T01:13:40.024+0000] {processor.py:925} INFO - DAG(s) 'example_setup_teardown' retrieved from /home/airflow/.local/lib/python3.12/site-packages/airflow/example_dags/example_setup_teardown.py
[2025-01-10T01:13:40.048+0000] {logging_mixin.py:190} INFO - [2025-01-10T01:13:40.047+0000] {dag.py:3239} INFO - Sync 1 DAGs
[2025-01-10T01:13:40.062+0000] {logging_mixin.py:190} INFO - [2025-01-10T01:13:40.062+0000] {dag.py:4180} INFO - Setting next_dagrun for example_setup_teardown to None, run_after=None
[2025-01-10T01:13:40.088+0000] {processor.py:208} INFO - Processing /home/airflow/.local/lib/python3.12/site-packages/airflow/example_dags/example_setup_teardown.py took 0.083 seconds
