[2025-01-10T00:43:50.348+0000] {processor.py:186} INFO - Started process (PID=92) to work on /home/airflow/.local/lib/python3.12/site-packages/airflow/example_dags/tutorial_taskflow_api.py
[2025-01-10T00:43:50.349+0000] {processor.py:914} INFO - Processing file /home/airflow/.local/lib/python3.12/site-packages/airflow/example_dags/tutorial_taskflow_api.py for tasks to queue
[2025-01-10T00:43:50.352+0000] {logging_mixin.py:190} INFO - [2025-01-10T00:43:50.351+0000] {dagbag.py:588} INFO - Filling up the DagBag from /home/airflow/.local/lib/python3.12/site-packages/airflow/example_dags/tutorial_taskflow_api.py
[2025-01-10T00:43:50.365+0000] {processor.py:925} INFO - DAG(s) 'tutorial_taskflow_api' retrieved from /home/airflow/.local/lib/python3.12/site-packages/airflow/example_dags/tutorial_taskflow_api.py
[2025-01-10T00:43:50.511+0000] {logging_mixin.py:190} INFO - [2025-01-10T00:43:50.511+0000] {override.py:1911} INFO - Created Permission View: can delete on DAG:tutorial_taskflow_api
[2025-01-10T00:43:50.527+0000] {logging_mixin.py:190} INFO - [2025-01-10T00:43:50.527+0000] {override.py:1911} INFO - Created Permission View: can read on DAG:tutorial_taskflow_api
[2025-01-10T00:43:50.538+0000] {logging_mixin.py:190} INFO - [2025-01-10T00:43:50.537+0000] {override.py:1911} INFO - Created Permission View: can edit on DAG:tutorial_taskflow_api
[2025-01-10T00:43:50.552+0000] {logging_mixin.py:190} INFO - [2025-01-10T00:43:50.552+0000] {override.py:1911} INFO - Created Permission View: can delete on DAG Run:tutorial_taskflow_api
[2025-01-10T00:43:50.565+0000] {logging_mixin.py:190} INFO - [2025-01-10T00:43:50.564+0000] {override.py:1911} INFO - Created Permission View: can read on DAG Run:tutorial_taskflow_api
[2025-01-10T00:43:50.580+0000] {logging_mixin.py:190} INFO - [2025-01-10T00:43:50.579+0000] {override.py:1911} INFO - Created Permission View: can create on DAG Run:tutorial_taskflow_api
[2025-01-10T00:43:50.595+0000] {logging_mixin.py:190} INFO - [2025-01-10T00:43:50.594+0000] {override.py:1911} INFO - Created Permission View: menu access on DAG Run:tutorial_taskflow_api
[2025-01-10T00:43:50.596+0000] {logging_mixin.py:190} INFO - [2025-01-10T00:43:50.595+0000] {dag.py:3239} INFO - Sync 1 DAGs
[2025-01-10T00:43:50.615+0000] {logging_mixin.py:190} INFO - [2025-01-10T00:43:50.615+0000] {dag.py:3262} INFO - Creating ORM DAG for tutorial_taskflow_api
[2025-01-10T00:43:50.616+0000] {logging_mixin.py:190} INFO - [2025-01-10T00:43:50.616+0000] {dag.py:4180} INFO - Setting next_dagrun for tutorial_taskflow_api to None, run_after=None
[2025-01-10T00:43:50.643+0000] {processor.py:208} INFO - Processing /home/airflow/.local/lib/python3.12/site-packages/airflow/example_dags/tutorial_taskflow_api.py took 0.302 seconds
[2025-01-10T00:44:21.375+0000] {processor.py:186} INFO - Started process (PID=155) to work on /home/airflow/.local/lib/python3.12/site-packages/airflow/example_dags/tutorial_taskflow_api.py
[2025-01-10T00:44:21.376+0000] {processor.py:914} INFO - Processing file /home/airflow/.local/lib/python3.12/site-packages/airflow/example_dags/tutorial_taskflow_api.py for tasks to queue
[2025-01-10T00:44:21.379+0000] {logging_mixin.py:190} INFO - [2025-01-10T00:44:21.379+0000] {dagbag.py:588} INFO - Filling up the DagBag from /home/airflow/.local/lib/python3.12/site-packages/airflow/example_dags/tutorial_taskflow_api.py
[2025-01-10T00:44:21.390+0000] {processor.py:925} INFO - DAG(s) 'tutorial_taskflow_api' retrieved from /home/airflow/.local/lib/python3.12/site-packages/airflow/example_dags/tutorial_taskflow_api.py
[2025-01-10T00:44:21.414+0000] {logging_mixin.py:190} INFO - [2025-01-10T00:44:21.413+0000] {dag.py:3239} INFO - Sync 1 DAGs
[2025-01-10T00:44:21.432+0000] {logging_mixin.py:190} INFO - [2025-01-10T00:44:21.432+0000] {dag.py:4180} INFO - Setting next_dagrun for tutorial_taskflow_api to None, run_after=None
[2025-01-10T00:44:21.461+0000] {processor.py:208} INFO - Processing /home/airflow/.local/lib/python3.12/site-packages/airflow/example_dags/tutorial_taskflow_api.py took 0.093 seconds
[2025-01-10T00:44:52.732+0000] {processor.py:186} INFO - Started process (PID=218) to work on /home/airflow/.local/lib/python3.12/site-packages/airflow/example_dags/tutorial_taskflow_api.py
[2025-01-10T00:44:52.733+0000] {processor.py:914} INFO - Processing file /home/airflow/.local/lib/python3.12/site-packages/airflow/example_dags/tutorial_taskflow_api.py for tasks to queue
[2025-01-10T00:44:52.737+0000] {logging_mixin.py:190} INFO - [2025-01-10T00:44:52.736+0000] {dagbag.py:588} INFO - Filling up the DagBag from /home/airflow/.local/lib/python3.12/site-packages/airflow/example_dags/tutorial_taskflow_api.py
[2025-01-10T00:44:52.747+0000] {processor.py:925} INFO - DAG(s) 'tutorial_taskflow_api' retrieved from /home/airflow/.local/lib/python3.12/site-packages/airflow/example_dags/tutorial_taskflow_api.py
[2025-01-10T00:44:52.768+0000] {logging_mixin.py:190} INFO - [2025-01-10T00:44:52.768+0000] {dag.py:3239} INFO - Sync 1 DAGs
[2025-01-10T00:44:52.789+0000] {logging_mixin.py:190} INFO - [2025-01-10T00:44:52.789+0000] {dag.py:4180} INFO - Setting next_dagrun for tutorial_taskflow_api to None, run_after=None
[2025-01-10T00:44:52.815+0000] {processor.py:208} INFO - Processing /home/airflow/.local/lib/python3.12/site-packages/airflow/example_dags/tutorial_taskflow_api.py took 0.091 seconds
[2025-01-10T00:45:23.337+0000] {processor.py:186} INFO - Started process (PID=280) to work on /home/airflow/.local/lib/python3.12/site-packages/airflow/example_dags/tutorial_taskflow_api.py
[2025-01-10T00:45:23.339+0000] {processor.py:914} INFO - Processing file /home/airflow/.local/lib/python3.12/site-packages/airflow/example_dags/tutorial_taskflow_api.py for tasks to queue
[2025-01-10T00:45:23.344+0000] {logging_mixin.py:190} INFO - [2025-01-10T00:45:23.343+0000] {dagbag.py:588} INFO - Filling up the DagBag from /home/airflow/.local/lib/python3.12/site-packages/airflow/example_dags/tutorial_taskflow_api.py
[2025-01-10T00:45:23.359+0000] {processor.py:925} INFO - DAG(s) 'tutorial_taskflow_api' retrieved from /home/airflow/.local/lib/python3.12/site-packages/airflow/example_dags/tutorial_taskflow_api.py
[2025-01-10T00:45:23.394+0000] {logging_mixin.py:190} INFO - [2025-01-10T00:45:23.394+0000] {dag.py:3239} INFO - Sync 1 DAGs
[2025-01-10T00:45:23.425+0000] {logging_mixin.py:190} INFO - [2025-01-10T00:45:23.423+0000] {dag.py:4180} INFO - Setting next_dagrun for tutorial_taskflow_api to None, run_after=None
[2025-01-10T00:45:23.457+0000] {processor.py:208} INFO - Processing /home/airflow/.local/lib/python3.12/site-packages/airflow/example_dags/tutorial_taskflow_api.py took 0.133 seconds
[2025-01-10T00:45:53.952+0000] {processor.py:186} INFO - Started process (PID=343) to work on /home/airflow/.local/lib/python3.12/site-packages/airflow/example_dags/tutorial_taskflow_api.py
[2025-01-10T00:45:53.954+0000] {processor.py:914} INFO - Processing file /home/airflow/.local/lib/python3.12/site-packages/airflow/example_dags/tutorial_taskflow_api.py for tasks to queue
[2025-01-10T00:45:53.958+0000] {logging_mixin.py:190} INFO - [2025-01-10T00:45:53.958+0000] {dagbag.py:588} INFO - Filling up the DagBag from /home/airflow/.local/lib/python3.12/site-packages/airflow/example_dags/tutorial_taskflow_api.py
[2025-01-10T00:45:53.991+0000] {processor.py:925} INFO - DAG(s) 'tutorial_taskflow_api' retrieved from /home/airflow/.local/lib/python3.12/site-packages/airflow/example_dags/tutorial_taskflow_api.py
[2025-01-10T00:45:54.050+0000] {logging_mixin.py:190} INFO - [2025-01-10T00:45:54.049+0000] {dag.py:3239} INFO - Sync 1 DAGs
[2025-01-10T00:45:54.094+0000] {logging_mixin.py:190} INFO - [2025-01-10T00:45:54.094+0000] {dag.py:4180} INFO - Setting next_dagrun for tutorial_taskflow_api to None, run_after=None
[2025-01-10T00:45:54.133+0000] {processor.py:208} INFO - Processing /home/airflow/.local/lib/python3.12/site-packages/airflow/example_dags/tutorial_taskflow_api.py took 0.204 seconds
[2025-01-10T00:46:24.470+0000] {processor.py:186} INFO - Started process (PID=406) to work on /home/airflow/.local/lib/python3.12/site-packages/airflow/example_dags/tutorial_taskflow_api.py
[2025-01-10T00:46:24.472+0000] {processor.py:914} INFO - Processing file /home/airflow/.local/lib/python3.12/site-packages/airflow/example_dags/tutorial_taskflow_api.py for tasks to queue
[2025-01-10T00:46:24.475+0000] {logging_mixin.py:190} INFO - [2025-01-10T00:46:24.474+0000] {dagbag.py:588} INFO - Filling up the DagBag from /home/airflow/.local/lib/python3.12/site-packages/airflow/example_dags/tutorial_taskflow_api.py
[2025-01-10T00:46:24.483+0000] {processor.py:925} INFO - DAG(s) 'tutorial_taskflow_api' retrieved from /home/airflow/.local/lib/python3.12/site-packages/airflow/example_dags/tutorial_taskflow_api.py
[2025-01-10T00:46:24.501+0000] {logging_mixin.py:190} INFO - [2025-01-10T00:46:24.501+0000] {dag.py:3239} INFO - Sync 1 DAGs
[2025-01-10T00:46:24.515+0000] {logging_mixin.py:190} INFO - [2025-01-10T00:46:24.515+0000] {dag.py:4180} INFO - Setting next_dagrun for tutorial_taskflow_api to None, run_after=None
[2025-01-10T00:46:24.535+0000] {processor.py:208} INFO - Processing /home/airflow/.local/lib/python3.12/site-packages/airflow/example_dags/tutorial_taskflow_api.py took 0.071 seconds
[2025-01-10T00:46:54.784+0000] {processor.py:186} INFO - Started process (PID=469) to work on /home/airflow/.local/lib/python3.12/site-packages/airflow/example_dags/tutorial_taskflow_api.py
[2025-01-10T00:46:54.785+0000] {processor.py:914} INFO - Processing file /home/airflow/.local/lib/python3.12/site-packages/airflow/example_dags/tutorial_taskflow_api.py for tasks to queue
[2025-01-10T00:46:54.788+0000] {logging_mixin.py:190} INFO - [2025-01-10T00:46:54.787+0000] {dagbag.py:588} INFO - Filling up the DagBag from /home/airflow/.local/lib/python3.12/site-packages/airflow/example_dags/tutorial_taskflow_api.py
[2025-01-10T00:46:54.796+0000] {processor.py:925} INFO - DAG(s) 'tutorial_taskflow_api' retrieved from /home/airflow/.local/lib/python3.12/site-packages/airflow/example_dags/tutorial_taskflow_api.py
[2025-01-10T00:46:54.820+0000] {logging_mixin.py:190} INFO - [2025-01-10T00:46:54.820+0000] {dag.py:3239} INFO - Sync 1 DAGs
[2025-01-10T00:46:54.836+0000] {logging_mixin.py:190} INFO - [2025-01-10T00:46:54.836+0000] {dag.py:4180} INFO - Setting next_dagrun for tutorial_taskflow_api to None, run_after=None
[2025-01-10T00:46:54.854+0000] {processor.py:208} INFO - Processing /home/airflow/.local/lib/python3.12/site-packages/airflow/example_dags/tutorial_taskflow_api.py took 0.076 seconds
[2025-01-10T00:47:25.213+0000] {processor.py:186} INFO - Started process (PID=532) to work on /home/airflow/.local/lib/python3.12/site-packages/airflow/example_dags/tutorial_taskflow_api.py
[2025-01-10T00:47:25.215+0000] {processor.py:914} INFO - Processing file /home/airflow/.local/lib/python3.12/site-packages/airflow/example_dags/tutorial_taskflow_api.py for tasks to queue
[2025-01-10T00:47:25.217+0000] {logging_mixin.py:190} INFO - [2025-01-10T00:47:25.217+0000] {dagbag.py:588} INFO - Filling up the DagBag from /home/airflow/.local/lib/python3.12/site-packages/airflow/example_dags/tutorial_taskflow_api.py
[2025-01-10T00:47:25.225+0000] {processor.py:925} INFO - DAG(s) 'tutorial_taskflow_api' retrieved from /home/airflow/.local/lib/python3.12/site-packages/airflow/example_dags/tutorial_taskflow_api.py
[2025-01-10T00:47:25.243+0000] {logging_mixin.py:190} INFO - [2025-01-10T00:47:25.243+0000] {dag.py:3239} INFO - Sync 1 DAGs
[2025-01-10T00:47:25.258+0000] {logging_mixin.py:190} INFO - [2025-01-10T00:47:25.258+0000] {dag.py:4180} INFO - Setting next_dagrun for tutorial_taskflow_api to None, run_after=None
[2025-01-10T00:47:25.279+0000] {processor.py:208} INFO - Processing /home/airflow/.local/lib/python3.12/site-packages/airflow/example_dags/tutorial_taskflow_api.py took 0.074 seconds
[2025-01-10T00:47:56.189+0000] {processor.py:186} INFO - Started process (PID=595) to work on /home/airflow/.local/lib/python3.12/site-packages/airflow/example_dags/tutorial_taskflow_api.py
[2025-01-10T00:47:56.190+0000] {processor.py:914} INFO - Processing file /home/airflow/.local/lib/python3.12/site-packages/airflow/example_dags/tutorial_taskflow_api.py for tasks to queue
[2025-01-10T00:47:56.192+0000] {logging_mixin.py:190} INFO - [2025-01-10T00:47:56.192+0000] {dagbag.py:588} INFO - Filling up the DagBag from /home/airflow/.local/lib/python3.12/site-packages/airflow/example_dags/tutorial_taskflow_api.py
[2025-01-10T00:47:56.200+0000] {processor.py:925} INFO - DAG(s) 'tutorial_taskflow_api' retrieved from /home/airflow/.local/lib/python3.12/site-packages/airflow/example_dags/tutorial_taskflow_api.py
[2025-01-10T00:47:56.219+0000] {logging_mixin.py:190} INFO - [2025-01-10T00:47:56.219+0000] {dag.py:3239} INFO - Sync 1 DAGs
[2025-01-10T00:47:56.232+0000] {logging_mixin.py:190} INFO - [2025-01-10T00:47:56.232+0000] {dag.py:4180} INFO - Setting next_dagrun for tutorial_taskflow_api to None, run_after=None
[2025-01-10T00:47:56.253+0000] {processor.py:208} INFO - Processing /home/airflow/.local/lib/python3.12/site-packages/airflow/example_dags/tutorial_taskflow_api.py took 0.069 seconds
[2025-01-10T00:48:27.102+0000] {processor.py:186} INFO - Started process (PID=658) to work on /home/airflow/.local/lib/python3.12/site-packages/airflow/example_dags/tutorial_taskflow_api.py
[2025-01-10T00:48:27.103+0000] {processor.py:914} INFO - Processing file /home/airflow/.local/lib/python3.12/site-packages/airflow/example_dags/tutorial_taskflow_api.py for tasks to queue
[2025-01-10T00:48:27.105+0000] {logging_mixin.py:190} INFO - [2025-01-10T00:48:27.105+0000] {dagbag.py:588} INFO - Filling up the DagBag from /home/airflow/.local/lib/python3.12/site-packages/airflow/example_dags/tutorial_taskflow_api.py
[2025-01-10T00:48:27.113+0000] {processor.py:925} INFO - DAG(s) 'tutorial_taskflow_api' retrieved from /home/airflow/.local/lib/python3.12/site-packages/airflow/example_dags/tutorial_taskflow_api.py
[2025-01-10T00:48:27.130+0000] {logging_mixin.py:190} INFO - [2025-01-10T00:48:27.130+0000] {dag.py:3239} INFO - Sync 1 DAGs
[2025-01-10T00:48:27.144+0000] {logging_mixin.py:190} INFO - [2025-01-10T00:48:27.144+0000] {dag.py:4180} INFO - Setting next_dagrun for tutorial_taskflow_api to None, run_after=None
[2025-01-10T00:48:27.162+0000] {processor.py:208} INFO - Processing /home/airflow/.local/lib/python3.12/site-packages/airflow/example_dags/tutorial_taskflow_api.py took 0.066 seconds
[2025-01-10T00:48:58.400+0000] {processor.py:186} INFO - Started process (PID=721) to work on /home/airflow/.local/lib/python3.12/site-packages/airflow/example_dags/tutorial_taskflow_api.py
[2025-01-10T00:48:58.401+0000] {processor.py:914} INFO - Processing file /home/airflow/.local/lib/python3.12/site-packages/airflow/example_dags/tutorial_taskflow_api.py for tasks to queue
[2025-01-10T00:48:58.403+0000] {logging_mixin.py:190} INFO - [2025-01-10T00:48:58.403+0000] {dagbag.py:588} INFO - Filling up the DagBag from /home/airflow/.local/lib/python3.12/site-packages/airflow/example_dags/tutorial_taskflow_api.py
[2025-01-10T00:48:58.415+0000] {processor.py:925} INFO - DAG(s) 'tutorial_taskflow_api' retrieved from /home/airflow/.local/lib/python3.12/site-packages/airflow/example_dags/tutorial_taskflow_api.py
[2025-01-10T00:48:58.432+0000] {logging_mixin.py:190} INFO - [2025-01-10T00:48:58.431+0000] {dag.py:3239} INFO - Sync 1 DAGs
[2025-01-10T00:48:58.445+0000] {logging_mixin.py:190} INFO - [2025-01-10T00:48:58.444+0000] {dag.py:4180} INFO - Setting next_dagrun for tutorial_taskflow_api to None, run_after=None
[2025-01-10T00:48:58.465+0000] {processor.py:208} INFO - Processing /home/airflow/.local/lib/python3.12/site-packages/airflow/example_dags/tutorial_taskflow_api.py took 0.070 seconds
[2025-01-10T00:49:29.558+0000] {processor.py:186} INFO - Started process (PID=784) to work on /home/airflow/.local/lib/python3.12/site-packages/airflow/example_dags/tutorial_taskflow_api.py
[2025-01-10T00:49:29.559+0000] {processor.py:914} INFO - Processing file /home/airflow/.local/lib/python3.12/site-packages/airflow/example_dags/tutorial_taskflow_api.py for tasks to queue
[2025-01-10T00:49:29.562+0000] {logging_mixin.py:190} INFO - [2025-01-10T00:49:29.561+0000] {dagbag.py:588} INFO - Filling up the DagBag from /home/airflow/.local/lib/python3.12/site-packages/airflow/example_dags/tutorial_taskflow_api.py
[2025-01-10T00:49:29.570+0000] {processor.py:925} INFO - DAG(s) 'tutorial_taskflow_api' retrieved from /home/airflow/.local/lib/python3.12/site-packages/airflow/example_dags/tutorial_taskflow_api.py
[2025-01-10T00:49:29.588+0000] {logging_mixin.py:190} INFO - [2025-01-10T00:49:29.587+0000] {dag.py:3239} INFO - Sync 1 DAGs
[2025-01-10T00:49:29.601+0000] {logging_mixin.py:190} INFO - [2025-01-10T00:49:29.600+0000] {dag.py:4180} INFO - Setting next_dagrun for tutorial_taskflow_api to None, run_after=None
[2025-01-10T00:49:29.618+0000] {processor.py:208} INFO - Processing /home/airflow/.local/lib/python3.12/site-packages/airflow/example_dags/tutorial_taskflow_api.py took 0.065 seconds
[2025-01-10T00:50:00.882+0000] {processor.py:186} INFO - Started process (PID=847) to work on /home/airflow/.local/lib/python3.12/site-packages/airflow/example_dags/tutorial_taskflow_api.py
[2025-01-10T00:50:00.883+0000] {processor.py:914} INFO - Processing file /home/airflow/.local/lib/python3.12/site-packages/airflow/example_dags/tutorial_taskflow_api.py for tasks to queue
[2025-01-10T00:50:00.885+0000] {logging_mixin.py:190} INFO - [2025-01-10T00:50:00.885+0000] {dagbag.py:588} INFO - Filling up the DagBag from /home/airflow/.local/lib/python3.12/site-packages/airflow/example_dags/tutorial_taskflow_api.py
[2025-01-10T00:50:00.893+0000] {processor.py:925} INFO - DAG(s) 'tutorial_taskflow_api' retrieved from /home/airflow/.local/lib/python3.12/site-packages/airflow/example_dags/tutorial_taskflow_api.py
[2025-01-10T00:50:00.910+0000] {logging_mixin.py:190} INFO - [2025-01-10T00:50:00.910+0000] {dag.py:3239} INFO - Sync 1 DAGs
[2025-01-10T00:50:00.923+0000] {logging_mixin.py:190} INFO - [2025-01-10T00:50:00.923+0000] {dag.py:4180} INFO - Setting next_dagrun for tutorial_taskflow_api to None, run_after=None
[2025-01-10T00:50:00.942+0000] {processor.py:208} INFO - Processing /home/airflow/.local/lib/python3.12/site-packages/airflow/example_dags/tutorial_taskflow_api.py took 0.065 seconds
[2025-01-10T00:50:32.234+0000] {processor.py:186} INFO - Started process (PID=910) to work on /home/airflow/.local/lib/python3.12/site-packages/airflow/example_dags/tutorial_taskflow_api.py
[2025-01-10T00:50:32.235+0000] {processor.py:914} INFO - Processing file /home/airflow/.local/lib/python3.12/site-packages/airflow/example_dags/tutorial_taskflow_api.py for tasks to queue
[2025-01-10T00:50:32.237+0000] {logging_mixin.py:190} INFO - [2025-01-10T00:50:32.237+0000] {dagbag.py:588} INFO - Filling up the DagBag from /home/airflow/.local/lib/python3.12/site-packages/airflow/example_dags/tutorial_taskflow_api.py
[2025-01-10T00:50:32.245+0000] {processor.py:925} INFO - DAG(s) 'tutorial_taskflow_api' retrieved from /home/airflow/.local/lib/python3.12/site-packages/airflow/example_dags/tutorial_taskflow_api.py
[2025-01-10T00:50:32.263+0000] {logging_mixin.py:190} INFO - [2025-01-10T00:50:32.263+0000] {dag.py:3239} INFO - Sync 1 DAGs
[2025-01-10T00:50:32.278+0000] {logging_mixin.py:190} INFO - [2025-01-10T00:50:32.278+0000] {dag.py:4180} INFO - Setting next_dagrun for tutorial_taskflow_api to None, run_after=None
[2025-01-10T00:50:32.297+0000] {processor.py:208} INFO - Processing /home/airflow/.local/lib/python3.12/site-packages/airflow/example_dags/tutorial_taskflow_api.py took 0.069 seconds
[2025-01-10T00:51:03.502+0000] {processor.py:186} INFO - Started process (PID=973) to work on /home/airflow/.local/lib/python3.12/site-packages/airflow/example_dags/tutorial_taskflow_api.py
[2025-01-10T00:51:03.503+0000] {processor.py:914} INFO - Processing file /home/airflow/.local/lib/python3.12/site-packages/airflow/example_dags/tutorial_taskflow_api.py for tasks to queue
[2025-01-10T00:51:03.505+0000] {logging_mixin.py:190} INFO - [2025-01-10T00:51:03.505+0000] {dagbag.py:588} INFO - Filling up the DagBag from /home/airflow/.local/lib/python3.12/site-packages/airflow/example_dags/tutorial_taskflow_api.py
[2025-01-10T00:51:03.513+0000] {processor.py:925} INFO - DAG(s) 'tutorial_taskflow_api' retrieved from /home/airflow/.local/lib/python3.12/site-packages/airflow/example_dags/tutorial_taskflow_api.py
[2025-01-10T00:51:03.531+0000] {logging_mixin.py:190} INFO - [2025-01-10T00:51:03.530+0000] {dag.py:3239} INFO - Sync 1 DAGs
[2025-01-10T00:51:03.544+0000] {logging_mixin.py:190} INFO - [2025-01-10T00:51:03.544+0000] {dag.py:4180} INFO - Setting next_dagrun for tutorial_taskflow_api to None, run_after=None
[2025-01-10T00:51:03.562+0000] {processor.py:208} INFO - Processing /home/airflow/.local/lib/python3.12/site-packages/airflow/example_dags/tutorial_taskflow_api.py took 0.066 seconds
[2025-01-10T00:51:34.813+0000] {processor.py:186} INFO - Started process (PID=1037) to work on /home/airflow/.local/lib/python3.12/site-packages/airflow/example_dags/tutorial_taskflow_api.py
[2025-01-10T00:51:34.814+0000] {processor.py:914} INFO - Processing file /home/airflow/.local/lib/python3.12/site-packages/airflow/example_dags/tutorial_taskflow_api.py for tasks to queue
[2025-01-10T00:51:34.817+0000] {logging_mixin.py:190} INFO - [2025-01-10T00:51:34.816+0000] {dagbag.py:588} INFO - Filling up the DagBag from /home/airflow/.local/lib/python3.12/site-packages/airflow/example_dags/tutorial_taskflow_api.py
[2025-01-10T00:51:34.826+0000] {processor.py:925} INFO - DAG(s) 'tutorial_taskflow_api' retrieved from /home/airflow/.local/lib/python3.12/site-packages/airflow/example_dags/tutorial_taskflow_api.py
[2025-01-10T00:51:34.843+0000] {logging_mixin.py:190} INFO - [2025-01-10T00:51:34.843+0000] {dag.py:3239} INFO - Sync 1 DAGs
[2025-01-10T00:51:34.857+0000] {logging_mixin.py:190} INFO - [2025-01-10T00:51:34.856+0000] {dag.py:4180} INFO - Setting next_dagrun for tutorial_taskflow_api to None, run_after=None
[2025-01-10T00:51:34.875+0000] {processor.py:208} INFO - Processing /home/airflow/.local/lib/python3.12/site-packages/airflow/example_dags/tutorial_taskflow_api.py took 0.067 seconds
[2025-01-10T00:52:06.103+0000] {processor.py:186} INFO - Started process (PID=1100) to work on /home/airflow/.local/lib/python3.12/site-packages/airflow/example_dags/tutorial_taskflow_api.py
[2025-01-10T00:52:06.104+0000] {processor.py:914} INFO - Processing file /home/airflow/.local/lib/python3.12/site-packages/airflow/example_dags/tutorial_taskflow_api.py for tasks to queue
[2025-01-10T00:52:06.107+0000] {logging_mixin.py:190} INFO - [2025-01-10T00:52:06.107+0000] {dagbag.py:588} INFO - Filling up the DagBag from /home/airflow/.local/lib/python3.12/site-packages/airflow/example_dags/tutorial_taskflow_api.py
[2025-01-10T00:52:06.115+0000] {processor.py:925} INFO - DAG(s) 'tutorial_taskflow_api' retrieved from /home/airflow/.local/lib/python3.12/site-packages/airflow/example_dags/tutorial_taskflow_api.py
[2025-01-10T00:52:06.133+0000] {logging_mixin.py:190} INFO - [2025-01-10T00:52:06.133+0000] {dag.py:3239} INFO - Sync 1 DAGs
[2025-01-10T00:52:06.147+0000] {logging_mixin.py:190} INFO - [2025-01-10T00:52:06.146+0000] {dag.py:4180} INFO - Setting next_dagrun for tutorial_taskflow_api to None, run_after=None
[2025-01-10T00:52:06.166+0000] {processor.py:208} INFO - Processing /home/airflow/.local/lib/python3.12/site-packages/airflow/example_dags/tutorial_taskflow_api.py took 0.067 seconds
[2025-01-10T00:52:37.602+0000] {processor.py:186} INFO - Started process (PID=1163) to work on /home/airflow/.local/lib/python3.12/site-packages/airflow/example_dags/tutorial_taskflow_api.py
[2025-01-10T00:52:37.603+0000] {processor.py:914} INFO - Processing file /home/airflow/.local/lib/python3.12/site-packages/airflow/example_dags/tutorial_taskflow_api.py for tasks to queue
[2025-01-10T00:52:37.605+0000] {logging_mixin.py:190} INFO - [2025-01-10T00:52:37.605+0000] {dagbag.py:588} INFO - Filling up the DagBag from /home/airflow/.local/lib/python3.12/site-packages/airflow/example_dags/tutorial_taskflow_api.py
[2025-01-10T00:52:37.613+0000] {processor.py:925} INFO - DAG(s) 'tutorial_taskflow_api' retrieved from /home/airflow/.local/lib/python3.12/site-packages/airflow/example_dags/tutorial_taskflow_api.py
[2025-01-10T00:52:37.636+0000] {logging_mixin.py:190} INFO - [2025-01-10T00:52:37.636+0000] {dag.py:3239} INFO - Sync 1 DAGs
[2025-01-10T00:52:37.652+0000] {logging_mixin.py:190} INFO - [2025-01-10T00:52:37.652+0000] {dag.py:4180} INFO - Setting next_dagrun for tutorial_taskflow_api to None, run_after=None
[2025-01-10T00:52:37.670+0000] {processor.py:208} INFO - Processing /home/airflow/.local/lib/python3.12/site-packages/airflow/example_dags/tutorial_taskflow_api.py took 0.074 seconds
[2025-01-10T00:53:08.841+0000] {processor.py:186} INFO - Started process (PID=1226) to work on /home/airflow/.local/lib/python3.12/site-packages/airflow/example_dags/tutorial_taskflow_api.py
[2025-01-10T00:53:08.842+0000] {processor.py:914} INFO - Processing file /home/airflow/.local/lib/python3.12/site-packages/airflow/example_dags/tutorial_taskflow_api.py for tasks to queue
[2025-01-10T00:53:08.844+0000] {logging_mixin.py:190} INFO - [2025-01-10T00:53:08.844+0000] {dagbag.py:588} INFO - Filling up the DagBag from /home/airflow/.local/lib/python3.12/site-packages/airflow/example_dags/tutorial_taskflow_api.py
[2025-01-10T00:53:08.852+0000] {processor.py:925} INFO - DAG(s) 'tutorial_taskflow_api' retrieved from /home/airflow/.local/lib/python3.12/site-packages/airflow/example_dags/tutorial_taskflow_api.py
[2025-01-10T00:53:08.869+0000] {logging_mixin.py:190} INFO - [2025-01-10T00:53:08.869+0000] {dag.py:3239} INFO - Sync 1 DAGs
[2025-01-10T00:53:08.883+0000] {logging_mixin.py:190} INFO - [2025-01-10T00:53:08.883+0000] {dag.py:4180} INFO - Setting next_dagrun for tutorial_taskflow_api to None, run_after=None
[2025-01-10T00:53:08.907+0000] {processor.py:208} INFO - Processing /home/airflow/.local/lib/python3.12/site-packages/airflow/example_dags/tutorial_taskflow_api.py took 0.072 seconds
[2025-01-10T00:53:40.069+0000] {processor.py:186} INFO - Started process (PID=1289) to work on /home/airflow/.local/lib/python3.12/site-packages/airflow/example_dags/tutorial_taskflow_api.py
[2025-01-10T00:53:40.070+0000] {processor.py:914} INFO - Processing file /home/airflow/.local/lib/python3.12/site-packages/airflow/example_dags/tutorial_taskflow_api.py for tasks to queue
[2025-01-10T00:53:40.073+0000] {logging_mixin.py:190} INFO - [2025-01-10T00:53:40.073+0000] {dagbag.py:588} INFO - Filling up the DagBag from /home/airflow/.local/lib/python3.12/site-packages/airflow/example_dags/tutorial_taskflow_api.py
[2025-01-10T00:53:40.084+0000] {processor.py:925} INFO - DAG(s) 'tutorial_taskflow_api' retrieved from /home/airflow/.local/lib/python3.12/site-packages/airflow/example_dags/tutorial_taskflow_api.py
[2025-01-10T00:53:40.110+0000] {logging_mixin.py:190} INFO - [2025-01-10T00:53:40.109+0000] {dag.py:3239} INFO - Sync 1 DAGs
[2025-01-10T00:53:40.132+0000] {logging_mixin.py:190} INFO - [2025-01-10T00:53:40.132+0000] {dag.py:4180} INFO - Setting next_dagrun for tutorial_taskflow_api to None, run_after=None
[2025-01-10T00:53:40.160+0000] {processor.py:208} INFO - Processing /home/airflow/.local/lib/python3.12/site-packages/airflow/example_dags/tutorial_taskflow_api.py took 0.099 seconds
[2025-01-10T00:54:11.251+0000] {processor.py:186} INFO - Started process (PID=1353) to work on /home/airflow/.local/lib/python3.12/site-packages/airflow/example_dags/tutorial_taskflow_api.py
[2025-01-10T00:54:11.252+0000] {processor.py:914} INFO - Processing file /home/airflow/.local/lib/python3.12/site-packages/airflow/example_dags/tutorial_taskflow_api.py for tasks to queue
[2025-01-10T00:54:11.255+0000] {logging_mixin.py:190} INFO - [2025-01-10T00:54:11.254+0000] {dagbag.py:588} INFO - Filling up the DagBag from /home/airflow/.local/lib/python3.12/site-packages/airflow/example_dags/tutorial_taskflow_api.py
[2025-01-10T00:54:11.266+0000] {processor.py:925} INFO - DAG(s) 'tutorial_taskflow_api' retrieved from /home/airflow/.local/lib/python3.12/site-packages/airflow/example_dags/tutorial_taskflow_api.py
[2025-01-10T00:54:11.289+0000] {logging_mixin.py:190} INFO - [2025-01-10T00:54:11.289+0000] {dag.py:3239} INFO - Sync 1 DAGs
[2025-01-10T00:54:11.306+0000] {logging_mixin.py:190} INFO - [2025-01-10T00:54:11.306+0000] {dag.py:4180} INFO - Setting next_dagrun for tutorial_taskflow_api to None, run_after=None
[2025-01-10T00:54:11.331+0000] {processor.py:208} INFO - Processing /home/airflow/.local/lib/python3.12/site-packages/airflow/example_dags/tutorial_taskflow_api.py took 0.087 seconds
[2025-01-10T00:54:42.403+0000] {processor.py:186} INFO - Started process (PID=1422) to work on /home/airflow/.local/lib/python3.12/site-packages/airflow/example_dags/tutorial_taskflow_api.py
[2025-01-10T00:54:42.404+0000] {processor.py:914} INFO - Processing file /home/airflow/.local/lib/python3.12/site-packages/airflow/example_dags/tutorial_taskflow_api.py for tasks to queue
[2025-01-10T00:54:42.406+0000] {logging_mixin.py:190} INFO - [2025-01-10T00:54:42.406+0000] {dagbag.py:588} INFO - Filling up the DagBag from /home/airflow/.local/lib/python3.12/site-packages/airflow/example_dags/tutorial_taskflow_api.py
[2025-01-10T00:54:42.414+0000] {processor.py:925} INFO - DAG(s) 'tutorial_taskflow_api' retrieved from /home/airflow/.local/lib/python3.12/site-packages/airflow/example_dags/tutorial_taskflow_api.py
[2025-01-10T00:54:42.432+0000] {logging_mixin.py:190} INFO - [2025-01-10T00:54:42.432+0000] {dag.py:3239} INFO - Sync 1 DAGs
[2025-01-10T00:54:42.447+0000] {logging_mixin.py:190} INFO - [2025-01-10T00:54:42.446+0000] {dag.py:4180} INFO - Setting next_dagrun for tutorial_taskflow_api to None, run_after=None
[2025-01-10T00:54:42.468+0000] {processor.py:208} INFO - Processing /home/airflow/.local/lib/python3.12/site-packages/airflow/example_dags/tutorial_taskflow_api.py took 0.070 seconds
[2025-01-10T00:55:13.584+0000] {processor.py:186} INFO - Started process (PID=1485) to work on /home/airflow/.local/lib/python3.12/site-packages/airflow/example_dags/tutorial_taskflow_api.py
[2025-01-10T00:55:13.585+0000] {processor.py:914} INFO - Processing file /home/airflow/.local/lib/python3.12/site-packages/airflow/example_dags/tutorial_taskflow_api.py for tasks to queue
[2025-01-10T00:55:13.588+0000] {logging_mixin.py:190} INFO - [2025-01-10T00:55:13.587+0000] {dagbag.py:588} INFO - Filling up the DagBag from /home/airflow/.local/lib/python3.12/site-packages/airflow/example_dags/tutorial_taskflow_api.py
[2025-01-10T00:55:13.596+0000] {processor.py:925} INFO - DAG(s) 'tutorial_taskflow_api' retrieved from /home/airflow/.local/lib/python3.12/site-packages/airflow/example_dags/tutorial_taskflow_api.py
[2025-01-10T00:55:13.618+0000] {logging_mixin.py:190} INFO - [2025-01-10T00:55:13.618+0000] {dag.py:3239} INFO - Sync 1 DAGs
[2025-01-10T00:55:13.632+0000] {logging_mixin.py:190} INFO - [2025-01-10T00:55:13.632+0000] {dag.py:4180} INFO - Setting next_dagrun for tutorial_taskflow_api to None, run_after=None
[2025-01-10T00:55:13.651+0000] {processor.py:208} INFO - Processing /home/airflow/.local/lib/python3.12/site-packages/airflow/example_dags/tutorial_taskflow_api.py took 0.073 seconds
[2025-01-10T00:55:44.758+0000] {processor.py:186} INFO - Started process (PID=1548) to work on /home/airflow/.local/lib/python3.12/site-packages/airflow/example_dags/tutorial_taskflow_api.py
[2025-01-10T00:55:44.759+0000] {processor.py:914} INFO - Processing file /home/airflow/.local/lib/python3.12/site-packages/airflow/example_dags/tutorial_taskflow_api.py for tasks to queue
[2025-01-10T00:55:44.761+0000] {logging_mixin.py:190} INFO - [2025-01-10T00:55:44.761+0000] {dagbag.py:588} INFO - Filling up the DagBag from /home/airflow/.local/lib/python3.12/site-packages/airflow/example_dags/tutorial_taskflow_api.py
[2025-01-10T00:55:44.770+0000] {processor.py:925} INFO - DAG(s) 'tutorial_taskflow_api' retrieved from /home/airflow/.local/lib/python3.12/site-packages/airflow/example_dags/tutorial_taskflow_api.py
[2025-01-10T00:55:44.788+0000] {logging_mixin.py:190} INFO - [2025-01-10T00:55:44.788+0000] {dag.py:3239} INFO - Sync 1 DAGs
[2025-01-10T00:55:44.802+0000] {logging_mixin.py:190} INFO - [2025-01-10T00:55:44.802+0000] {dag.py:4180} INFO - Setting next_dagrun for tutorial_taskflow_api to None, run_after=None
[2025-01-10T00:55:44.821+0000] {processor.py:208} INFO - Processing /home/airflow/.local/lib/python3.12/site-packages/airflow/example_dags/tutorial_taskflow_api.py took 0.068 seconds
[2025-01-10T00:56:15.681+0000] {processor.py:186} INFO - Started process (PID=1611) to work on /home/airflow/.local/lib/python3.12/site-packages/airflow/example_dags/tutorial_taskflow_api.py
[2025-01-10T00:56:15.682+0000] {processor.py:914} INFO - Processing file /home/airflow/.local/lib/python3.12/site-packages/airflow/example_dags/tutorial_taskflow_api.py for tasks to queue
[2025-01-10T00:56:15.684+0000] {logging_mixin.py:190} INFO - [2025-01-10T00:56:15.684+0000] {dagbag.py:588} INFO - Filling up the DagBag from /home/airflow/.local/lib/python3.12/site-packages/airflow/example_dags/tutorial_taskflow_api.py
[2025-01-10T00:56:15.693+0000] {processor.py:925} INFO - DAG(s) 'tutorial_taskflow_api' retrieved from /home/airflow/.local/lib/python3.12/site-packages/airflow/example_dags/tutorial_taskflow_api.py
[2025-01-10T00:56:15.715+0000] {logging_mixin.py:190} INFO - [2025-01-10T00:56:15.715+0000] {dag.py:3239} INFO - Sync 1 DAGs
[2025-01-10T00:56:15.730+0000] {logging_mixin.py:190} INFO - [2025-01-10T00:56:15.730+0000] {dag.py:4180} INFO - Setting next_dagrun for tutorial_taskflow_api to None, run_after=None
[2025-01-10T00:56:15.751+0000] {processor.py:208} INFO - Processing /home/airflow/.local/lib/python3.12/site-packages/airflow/example_dags/tutorial_taskflow_api.py took 0.077 seconds
[2025-01-10T00:56:47.134+0000] {processor.py:186} INFO - Started process (PID=1674) to work on /home/airflow/.local/lib/python3.12/site-packages/airflow/example_dags/tutorial_taskflow_api.py
[2025-01-10T00:56:47.135+0000] {processor.py:914} INFO - Processing file /home/airflow/.local/lib/python3.12/site-packages/airflow/example_dags/tutorial_taskflow_api.py for tasks to queue
[2025-01-10T00:56:47.138+0000] {logging_mixin.py:190} INFO - [2025-01-10T00:56:47.138+0000] {dagbag.py:588} INFO - Filling up the DagBag from /home/airflow/.local/lib/python3.12/site-packages/airflow/example_dags/tutorial_taskflow_api.py
[2025-01-10T00:56:47.149+0000] {processor.py:925} INFO - DAG(s) 'tutorial_taskflow_api' retrieved from /home/airflow/.local/lib/python3.12/site-packages/airflow/example_dags/tutorial_taskflow_api.py
[2025-01-10T00:56:47.173+0000] {logging_mixin.py:190} INFO - [2025-01-10T00:56:47.172+0000] {dag.py:3239} INFO - Sync 1 DAGs
[2025-01-10T00:56:47.188+0000] {logging_mixin.py:190} INFO - [2025-01-10T00:56:47.188+0000] {dag.py:4180} INFO - Setting next_dagrun for tutorial_taskflow_api to None, run_after=None
[2025-01-10T00:56:47.209+0000] {processor.py:208} INFO - Processing /home/airflow/.local/lib/python3.12/site-packages/airflow/example_dags/tutorial_taskflow_api.py took 0.085 seconds
[2025-01-10T00:57:18.393+0000] {processor.py:186} INFO - Started process (PID=1737) to work on /home/airflow/.local/lib/python3.12/site-packages/airflow/example_dags/tutorial_taskflow_api.py
[2025-01-10T00:57:18.394+0000] {processor.py:914} INFO - Processing file /home/airflow/.local/lib/python3.12/site-packages/airflow/example_dags/tutorial_taskflow_api.py for tasks to queue
[2025-01-10T00:57:18.396+0000] {logging_mixin.py:190} INFO - [2025-01-10T00:57:18.396+0000] {dagbag.py:588} INFO - Filling up the DagBag from /home/airflow/.local/lib/python3.12/site-packages/airflow/example_dags/tutorial_taskflow_api.py
[2025-01-10T00:57:18.404+0000] {processor.py:925} INFO - DAG(s) 'tutorial_taskflow_api' retrieved from /home/airflow/.local/lib/python3.12/site-packages/airflow/example_dags/tutorial_taskflow_api.py
[2025-01-10T00:57:18.420+0000] {logging_mixin.py:190} INFO - [2025-01-10T00:57:18.420+0000] {dag.py:3239} INFO - Sync 1 DAGs
[2025-01-10T00:57:18.433+0000] {logging_mixin.py:190} INFO - [2025-01-10T00:57:18.433+0000] {dag.py:4180} INFO - Setting next_dagrun for tutorial_taskflow_api to None, run_after=None
[2025-01-10T00:57:18.451+0000] {processor.py:208} INFO - Processing /home/airflow/.local/lib/python3.12/site-packages/airflow/example_dags/tutorial_taskflow_api.py took 0.064 seconds
[2025-01-10T00:57:49.411+0000] {processor.py:186} INFO - Started process (PID=1801) to work on /home/airflow/.local/lib/python3.12/site-packages/airflow/example_dags/tutorial_taskflow_api.py
[2025-01-10T00:57:49.412+0000] {processor.py:914} INFO - Processing file /home/airflow/.local/lib/python3.12/site-packages/airflow/example_dags/tutorial_taskflow_api.py for tasks to queue
[2025-01-10T00:57:49.415+0000] {logging_mixin.py:190} INFO - [2025-01-10T00:57:49.415+0000] {dagbag.py:588} INFO - Filling up the DagBag from /home/airflow/.local/lib/python3.12/site-packages/airflow/example_dags/tutorial_taskflow_api.py
[2025-01-10T00:57:49.424+0000] {processor.py:925} INFO - DAG(s) 'tutorial_taskflow_api' retrieved from /home/airflow/.local/lib/python3.12/site-packages/airflow/example_dags/tutorial_taskflow_api.py
[2025-01-10T00:57:49.445+0000] {logging_mixin.py:190} INFO - [2025-01-10T00:57:49.444+0000] {dag.py:3239} INFO - Sync 1 DAGs
[2025-01-10T00:57:49.459+0000] {logging_mixin.py:190} INFO - [2025-01-10T00:57:49.458+0000] {dag.py:4180} INFO - Setting next_dagrun for tutorial_taskflow_api to None, run_after=None
[2025-01-10T00:57:49.481+0000] {processor.py:208} INFO - Processing /home/airflow/.local/lib/python3.12/site-packages/airflow/example_dags/tutorial_taskflow_api.py took 0.075 seconds
[2025-01-10T00:58:20.694+0000] {processor.py:186} INFO - Started process (PID=1864) to work on /home/airflow/.local/lib/python3.12/site-packages/airflow/example_dags/tutorial_taskflow_api.py
[2025-01-10T00:58:20.695+0000] {processor.py:914} INFO - Processing file /home/airflow/.local/lib/python3.12/site-packages/airflow/example_dags/tutorial_taskflow_api.py for tasks to queue
[2025-01-10T00:58:20.698+0000] {logging_mixin.py:190} INFO - [2025-01-10T00:58:20.697+0000] {dagbag.py:588} INFO - Filling up the DagBag from /home/airflow/.local/lib/python3.12/site-packages/airflow/example_dags/tutorial_taskflow_api.py
[2025-01-10T00:58:20.707+0000] {processor.py:925} INFO - DAG(s) 'tutorial_taskflow_api' retrieved from /home/airflow/.local/lib/python3.12/site-packages/airflow/example_dags/tutorial_taskflow_api.py
[2025-01-10T00:58:20.726+0000] {logging_mixin.py:190} INFO - [2025-01-10T00:58:20.726+0000] {dag.py:3239} INFO - Sync 1 DAGs
[2025-01-10T00:58:20.740+0000] {logging_mixin.py:190} INFO - [2025-01-10T00:58:20.740+0000] {dag.py:4180} INFO - Setting next_dagrun for tutorial_taskflow_api to None, run_after=None
[2025-01-10T00:58:20.760+0000] {processor.py:208} INFO - Processing /home/airflow/.local/lib/python3.12/site-packages/airflow/example_dags/tutorial_taskflow_api.py took 0.073 seconds
[2025-01-10T01:02:00.100+0000] {processor.py:186} INFO - Started process (PID=86) to work on /home/airflow/.local/lib/python3.12/site-packages/airflow/example_dags/tutorial_taskflow_api.py
[2025-01-10T01:02:00.107+0000] {processor.py:914} INFO - Processing file /home/airflow/.local/lib/python3.12/site-packages/airflow/example_dags/tutorial_taskflow_api.py for tasks to queue
[2025-01-10T01:02:00.116+0000] {logging_mixin.py:190} INFO - [2025-01-10T01:02:00.115+0000] {dagbag.py:588} INFO - Filling up the DagBag from /home/airflow/.local/lib/python3.12/site-packages/airflow/example_dags/tutorial_taskflow_api.py
[2025-01-10T01:02:00.145+0000] {processor.py:925} INFO - DAG(s) 'tutorial_taskflow_api' retrieved from /home/airflow/.local/lib/python3.12/site-packages/airflow/example_dags/tutorial_taskflow_api.py
[2025-01-10T01:02:00.217+0000] {logging_mixin.py:190} INFO - [2025-01-10T01:02:00.217+0000] {dag.py:3239} INFO - Sync 1 DAGs
[2025-01-10T01:02:00.262+0000] {logging_mixin.py:190} INFO - [2025-01-10T01:02:00.261+0000] {dag.py:4180} INFO - Setting next_dagrun for tutorial_taskflow_api to None, run_after=None
[2025-01-10T01:02:00.311+0000] {processor.py:208} INFO - Processing /home/airflow/.local/lib/python3.12/site-packages/airflow/example_dags/tutorial_taskflow_api.py took 0.232 seconds
[2025-01-10T01:02:30.938+0000] {processor.py:186} INFO - Started process (PID=149) to work on /home/airflow/.local/lib/python3.12/site-packages/airflow/example_dags/tutorial_taskflow_api.py
[2025-01-10T01:02:30.939+0000] {processor.py:914} INFO - Processing file /home/airflow/.local/lib/python3.12/site-packages/airflow/example_dags/tutorial_taskflow_api.py for tasks to queue
[2025-01-10T01:02:30.943+0000] {logging_mixin.py:190} INFO - [2025-01-10T01:02:30.942+0000] {dagbag.py:588} INFO - Filling up the DagBag from /home/airflow/.local/lib/python3.12/site-packages/airflow/example_dags/tutorial_taskflow_api.py
[2025-01-10T01:02:30.953+0000] {processor.py:925} INFO - DAG(s) 'tutorial_taskflow_api' retrieved from /home/airflow/.local/lib/python3.12/site-packages/airflow/example_dags/tutorial_taskflow_api.py
[2025-01-10T01:02:30.977+0000] {logging_mixin.py:190} INFO - [2025-01-10T01:02:30.977+0000] {dag.py:3239} INFO - Sync 1 DAGs
[2025-01-10T01:02:30.998+0000] {logging_mixin.py:190} INFO - [2025-01-10T01:02:30.997+0000] {dag.py:4180} INFO - Setting next_dagrun for tutorial_taskflow_api to None, run_after=None
[2025-01-10T01:02:31.026+0000] {processor.py:208} INFO - Processing /home/airflow/.local/lib/python3.12/site-packages/airflow/example_dags/tutorial_taskflow_api.py took 0.095 seconds
[2025-01-10T01:03:01.472+0000] {processor.py:186} INFO - Started process (PID=212) to work on /home/airflow/.local/lib/python3.12/site-packages/airflow/example_dags/tutorial_taskflow_api.py
[2025-01-10T01:03:01.474+0000] {processor.py:914} INFO - Processing file /home/airflow/.local/lib/python3.12/site-packages/airflow/example_dags/tutorial_taskflow_api.py for tasks to queue
[2025-01-10T01:03:01.476+0000] {logging_mixin.py:190} INFO - [2025-01-10T01:03:01.476+0000] {dagbag.py:588} INFO - Filling up the DagBag from /home/airflow/.local/lib/python3.12/site-packages/airflow/example_dags/tutorial_taskflow_api.py
[2025-01-10T01:03:01.485+0000] {processor.py:925} INFO - DAG(s) 'tutorial_taskflow_api' retrieved from /home/airflow/.local/lib/python3.12/site-packages/airflow/example_dags/tutorial_taskflow_api.py
[2025-01-10T01:03:01.503+0000] {logging_mixin.py:190} INFO - [2025-01-10T01:03:01.503+0000] {dag.py:3239} INFO - Sync 1 DAGs
[2025-01-10T01:03:01.519+0000] {logging_mixin.py:190} INFO - [2025-01-10T01:03:01.519+0000] {dag.py:4180} INFO - Setting next_dagrun for tutorial_taskflow_api to None, run_after=None
[2025-01-10T01:03:01.540+0000] {processor.py:208} INFO - Processing /home/airflow/.local/lib/python3.12/site-packages/airflow/example_dags/tutorial_taskflow_api.py took 0.074 seconds
[2025-01-10T01:03:32.776+0000] {processor.py:186} INFO - Started process (PID=275) to work on /home/airflow/.local/lib/python3.12/site-packages/airflow/example_dags/tutorial_taskflow_api.py
[2025-01-10T01:03:32.778+0000] {processor.py:914} INFO - Processing file /home/airflow/.local/lib/python3.12/site-packages/airflow/example_dags/tutorial_taskflow_api.py for tasks to queue
[2025-01-10T01:03:32.781+0000] {logging_mixin.py:190} INFO - [2025-01-10T01:03:32.780+0000] {dagbag.py:588} INFO - Filling up the DagBag from /home/airflow/.local/lib/python3.12/site-packages/airflow/example_dags/tutorial_taskflow_api.py
[2025-01-10T01:03:32.792+0000] {processor.py:925} INFO - DAG(s) 'tutorial_taskflow_api' retrieved from /home/airflow/.local/lib/python3.12/site-packages/airflow/example_dags/tutorial_taskflow_api.py
[2025-01-10T01:03:32.816+0000] {logging_mixin.py:190} INFO - [2025-01-10T01:03:32.816+0000] {dag.py:3239} INFO - Sync 1 DAGs
[2025-01-10T01:03:32.835+0000] {logging_mixin.py:190} INFO - [2025-01-10T01:03:32.835+0000] {dag.py:4180} INFO - Setting next_dagrun for tutorial_taskflow_api to None, run_after=None
[2025-01-10T01:03:32.858+0000] {processor.py:208} INFO - Processing /home/airflow/.local/lib/python3.12/site-packages/airflow/example_dags/tutorial_taskflow_api.py took 0.092 seconds
[2025-01-10T01:04:03.877+0000] {processor.py:186} INFO - Started process (PID=338) to work on /home/airflow/.local/lib/python3.12/site-packages/airflow/example_dags/tutorial_taskflow_api.py
[2025-01-10T01:04:03.878+0000] {processor.py:914} INFO - Processing file /home/airflow/.local/lib/python3.12/site-packages/airflow/example_dags/tutorial_taskflow_api.py for tasks to queue
[2025-01-10T01:04:03.882+0000] {logging_mixin.py:190} INFO - [2025-01-10T01:04:03.881+0000] {dagbag.py:588} INFO - Filling up the DagBag from /home/airflow/.local/lib/python3.12/site-packages/airflow/example_dags/tutorial_taskflow_api.py
[2025-01-10T01:04:03.891+0000] {processor.py:925} INFO - DAG(s) 'tutorial_taskflow_api' retrieved from /home/airflow/.local/lib/python3.12/site-packages/airflow/example_dags/tutorial_taskflow_api.py
[2025-01-10T01:04:03.914+0000] {logging_mixin.py:190} INFO - [2025-01-10T01:04:03.914+0000] {dag.py:3239} INFO - Sync 1 DAGs
[2025-01-10T01:04:03.932+0000] {logging_mixin.py:190} INFO - [2025-01-10T01:04:03.932+0000] {dag.py:4180} INFO - Setting next_dagrun for tutorial_taskflow_api to None, run_after=None
[2025-01-10T01:04:03.982+0000] {processor.py:208} INFO - Processing /home/airflow/.local/lib/python3.12/site-packages/airflow/example_dags/tutorial_taskflow_api.py took 0.111 seconds
[2025-01-10T01:04:34.663+0000] {processor.py:186} INFO - Started process (PID=400) to work on /home/airflow/.local/lib/python3.12/site-packages/airflow/example_dags/tutorial_taskflow_api.py
[2025-01-10T01:04:34.664+0000] {processor.py:914} INFO - Processing file /home/airflow/.local/lib/python3.12/site-packages/airflow/example_dags/tutorial_taskflow_api.py for tasks to queue
[2025-01-10T01:04:34.667+0000] {logging_mixin.py:190} INFO - [2025-01-10T01:04:34.666+0000] {dagbag.py:588} INFO - Filling up the DagBag from /home/airflow/.local/lib/python3.12/site-packages/airflow/example_dags/tutorial_taskflow_api.py
[2025-01-10T01:04:34.675+0000] {processor.py:925} INFO - DAG(s) 'tutorial_taskflow_api' retrieved from /home/airflow/.local/lib/python3.12/site-packages/airflow/example_dags/tutorial_taskflow_api.py
[2025-01-10T01:04:34.695+0000] {logging_mixin.py:190} INFO - [2025-01-10T01:04:34.694+0000] {dag.py:3239} INFO - Sync 1 DAGs
[2025-01-10T01:04:34.709+0000] {logging_mixin.py:190} INFO - [2025-01-10T01:04:34.709+0000] {dag.py:4180} INFO - Setting next_dagrun for tutorial_taskflow_api to None, run_after=None
[2025-01-10T01:04:34.764+0000] {processor.py:208} INFO - Processing /home/airflow/.local/lib/python3.12/site-packages/airflow/example_dags/tutorial_taskflow_api.py took 0.107 seconds
[2025-01-10T01:05:05.215+0000] {processor.py:186} INFO - Started process (PID=463) to work on /home/airflow/.local/lib/python3.12/site-packages/airflow/example_dags/tutorial_taskflow_api.py
[2025-01-10T01:05:05.216+0000] {processor.py:914} INFO - Processing file /home/airflow/.local/lib/python3.12/site-packages/airflow/example_dags/tutorial_taskflow_api.py for tasks to queue
[2025-01-10T01:05:05.218+0000] {logging_mixin.py:190} INFO - [2025-01-10T01:05:05.218+0000] {dagbag.py:588} INFO - Filling up the DagBag from /home/airflow/.local/lib/python3.12/site-packages/airflow/example_dags/tutorial_taskflow_api.py
[2025-01-10T01:05:05.226+0000] {processor.py:925} INFO - DAG(s) 'tutorial_taskflow_api' retrieved from /home/airflow/.local/lib/python3.12/site-packages/airflow/example_dags/tutorial_taskflow_api.py
[2025-01-10T01:05:05.245+0000] {logging_mixin.py:190} INFO - [2025-01-10T01:05:05.245+0000] {dag.py:3239} INFO - Sync 1 DAGs
[2025-01-10T01:05:05.258+0000] {logging_mixin.py:190} INFO - [2025-01-10T01:05:05.258+0000] {dag.py:4180} INFO - Setting next_dagrun for tutorial_taskflow_api to None, run_after=None
[2025-01-10T01:05:05.281+0000] {processor.py:208} INFO - Processing /home/airflow/.local/lib/python3.12/site-packages/airflow/example_dags/tutorial_taskflow_api.py took 0.071 seconds
[2025-01-10T01:05:35.623+0000] {processor.py:186} INFO - Started process (PID=526) to work on /home/airflow/.local/lib/python3.12/site-packages/airflow/example_dags/tutorial_taskflow_api.py
[2025-01-10T01:05:35.624+0000] {processor.py:914} INFO - Processing file /home/airflow/.local/lib/python3.12/site-packages/airflow/example_dags/tutorial_taskflow_api.py for tasks to queue
[2025-01-10T01:05:35.628+0000] {logging_mixin.py:190} INFO - [2025-01-10T01:05:35.627+0000] {dagbag.py:588} INFO - Filling up the DagBag from /home/airflow/.local/lib/python3.12/site-packages/airflow/example_dags/tutorial_taskflow_api.py
[2025-01-10T01:05:35.635+0000] {processor.py:925} INFO - DAG(s) 'tutorial_taskflow_api' retrieved from /home/airflow/.local/lib/python3.12/site-packages/airflow/example_dags/tutorial_taskflow_api.py
[2025-01-10T01:05:35.654+0000] {logging_mixin.py:190} INFO - [2025-01-10T01:05:35.653+0000] {dag.py:3239} INFO - Sync 1 DAGs
[2025-01-10T01:05:35.667+0000] {logging_mixin.py:190} INFO - [2025-01-10T01:05:35.667+0000] {dag.py:4180} INFO - Setting next_dagrun for tutorial_taskflow_api to None, run_after=None
[2025-01-10T01:05:35.724+0000] {processor.py:208} INFO - Processing /home/airflow/.local/lib/python3.12/site-packages/airflow/example_dags/tutorial_taskflow_api.py took 0.106 seconds
[2025-01-10T01:06:05.866+0000] {processor.py:186} INFO - Started process (PID=589) to work on /home/airflow/.local/lib/python3.12/site-packages/airflow/example_dags/tutorial_taskflow_api.py
[2025-01-10T01:06:05.867+0000] {processor.py:914} INFO - Processing file /home/airflow/.local/lib/python3.12/site-packages/airflow/example_dags/tutorial_taskflow_api.py for tasks to queue
[2025-01-10T01:06:05.870+0000] {logging_mixin.py:190} INFO - [2025-01-10T01:06:05.870+0000] {dagbag.py:588} INFO - Filling up the DagBag from /home/airflow/.local/lib/python3.12/site-packages/airflow/example_dags/tutorial_taskflow_api.py
[2025-01-10T01:06:05.884+0000] {processor.py:925} INFO - DAG(s) 'tutorial_taskflow_api' retrieved from /home/airflow/.local/lib/python3.12/site-packages/airflow/example_dags/tutorial_taskflow_api.py
[2025-01-10T01:06:05.913+0000] {logging_mixin.py:190} INFO - [2025-01-10T01:06:05.912+0000] {dag.py:3239} INFO - Sync 1 DAGs
[2025-01-10T01:06:05.935+0000] {logging_mixin.py:190} INFO - [2025-01-10T01:06:05.934+0000] {dag.py:4180} INFO - Setting next_dagrun for tutorial_taskflow_api to None, run_after=None
[2025-01-10T01:06:05.964+0000] {processor.py:208} INFO - Processing /home/airflow/.local/lib/python3.12/site-packages/airflow/example_dags/tutorial_taskflow_api.py took 0.104 seconds
[2025-01-10T01:06:36.810+0000] {processor.py:186} INFO - Started process (PID=651) to work on /home/airflow/.local/lib/python3.12/site-packages/airflow/example_dags/tutorial_taskflow_api.py
[2025-01-10T01:06:36.811+0000] {processor.py:914} INFO - Processing file /home/airflow/.local/lib/python3.12/site-packages/airflow/example_dags/tutorial_taskflow_api.py for tasks to queue
[2025-01-10T01:06:36.813+0000] {logging_mixin.py:190} INFO - [2025-01-10T01:06:36.813+0000] {dagbag.py:588} INFO - Filling up the DagBag from /home/airflow/.local/lib/python3.12/site-packages/airflow/example_dags/tutorial_taskflow_api.py
[2025-01-10T01:06:36.821+0000] {processor.py:925} INFO - DAG(s) 'tutorial_taskflow_api' retrieved from /home/airflow/.local/lib/python3.12/site-packages/airflow/example_dags/tutorial_taskflow_api.py
[2025-01-10T01:06:36.838+0000] {logging_mixin.py:190} INFO - [2025-01-10T01:06:36.838+0000] {dag.py:3239} INFO - Sync 1 DAGs
[2025-01-10T01:06:36.852+0000] {logging_mixin.py:190} INFO - [2025-01-10T01:06:36.852+0000] {dag.py:4180} INFO - Setting next_dagrun for tutorial_taskflow_api to None, run_after=None
[2025-01-10T01:06:36.873+0000] {processor.py:208} INFO - Processing /home/airflow/.local/lib/python3.12/site-packages/airflow/example_dags/tutorial_taskflow_api.py took 0.068 seconds
[2025-01-10T01:07:07.090+0000] {processor.py:186} INFO - Started process (PID=714) to work on /home/airflow/.local/lib/python3.12/site-packages/airflow/example_dags/tutorial_taskflow_api.py
[2025-01-10T01:07:07.091+0000] {processor.py:914} INFO - Processing file /home/airflow/.local/lib/python3.12/site-packages/airflow/example_dags/tutorial_taskflow_api.py for tasks to queue
[2025-01-10T01:07:07.094+0000] {logging_mixin.py:190} INFO - [2025-01-10T01:07:07.093+0000] {dagbag.py:588} INFO - Filling up the DagBag from /home/airflow/.local/lib/python3.12/site-packages/airflow/example_dags/tutorial_taskflow_api.py
[2025-01-10T01:07:07.104+0000] {processor.py:925} INFO - DAG(s) 'tutorial_taskflow_api' retrieved from /home/airflow/.local/lib/python3.12/site-packages/airflow/example_dags/tutorial_taskflow_api.py
[2025-01-10T01:07:07.131+0000] {logging_mixin.py:190} INFO - [2025-01-10T01:07:07.131+0000] {dag.py:3239} INFO - Sync 1 DAGs
[2025-01-10T01:07:07.153+0000] {logging_mixin.py:190} INFO - [2025-01-10T01:07:07.153+0000] {dag.py:4180} INFO - Setting next_dagrun for tutorial_taskflow_api to None, run_after=None
[2025-01-10T01:07:07.178+0000] {processor.py:208} INFO - Processing /home/airflow/.local/lib/python3.12/site-packages/airflow/example_dags/tutorial_taskflow_api.py took 0.096 seconds
[2025-01-10T01:07:38.215+0000] {processor.py:186} INFO - Started process (PID=777) to work on /home/airflow/.local/lib/python3.12/site-packages/airflow/example_dags/tutorial_taskflow_api.py
[2025-01-10T01:07:38.216+0000] {processor.py:914} INFO - Processing file /home/airflow/.local/lib/python3.12/site-packages/airflow/example_dags/tutorial_taskflow_api.py for tasks to queue
[2025-01-10T01:07:38.218+0000] {logging_mixin.py:190} INFO - [2025-01-10T01:07:38.218+0000] {dagbag.py:588} INFO - Filling up the DagBag from /home/airflow/.local/lib/python3.12/site-packages/airflow/example_dags/tutorial_taskflow_api.py
[2025-01-10T01:07:38.226+0000] {processor.py:925} INFO - DAG(s) 'tutorial_taskflow_api' retrieved from /home/airflow/.local/lib/python3.12/site-packages/airflow/example_dags/tutorial_taskflow_api.py
[2025-01-10T01:07:38.247+0000] {logging_mixin.py:190} INFO - [2025-01-10T01:07:38.247+0000] {dag.py:3239} INFO - Sync 1 DAGs
[2025-01-10T01:07:38.262+0000] {logging_mixin.py:190} INFO - [2025-01-10T01:07:38.262+0000] {dag.py:4180} INFO - Setting next_dagrun for tutorial_taskflow_api to None, run_after=None
[2025-01-10T01:07:38.285+0000] {processor.py:208} INFO - Processing /home/airflow/.local/lib/python3.12/site-packages/airflow/example_dags/tutorial_taskflow_api.py took 0.076 seconds
[2025-01-10T01:08:09.343+0000] {processor.py:186} INFO - Started process (PID=840) to work on /home/airflow/.local/lib/python3.12/site-packages/airflow/example_dags/tutorial_taskflow_api.py
[2025-01-10T01:08:09.345+0000] {processor.py:914} INFO - Processing file /home/airflow/.local/lib/python3.12/site-packages/airflow/example_dags/tutorial_taskflow_api.py for tasks to queue
[2025-01-10T01:08:09.349+0000] {logging_mixin.py:190} INFO - [2025-01-10T01:08:09.348+0000] {dagbag.py:588} INFO - Filling up the DagBag from /home/airflow/.local/lib/python3.12/site-packages/airflow/example_dags/tutorial_taskflow_api.py
[2025-01-10T01:08:09.370+0000] {processor.py:925} INFO - DAG(s) 'tutorial_taskflow_api' retrieved from /home/airflow/.local/lib/python3.12/site-packages/airflow/example_dags/tutorial_taskflow_api.py
[2025-01-10T01:08:09.417+0000] {logging_mixin.py:190} INFO - [2025-01-10T01:08:09.417+0000] {dag.py:3239} INFO - Sync 1 DAGs
[2025-01-10T01:08:09.454+0000] {logging_mixin.py:190} INFO - [2025-01-10T01:08:09.454+0000] {dag.py:4180} INFO - Setting next_dagrun for tutorial_taskflow_api to None, run_after=None
[2025-01-10T01:08:09.498+0000] {processor.py:208} INFO - Processing /home/airflow/.local/lib/python3.12/site-packages/airflow/example_dags/tutorial_taskflow_api.py took 0.165 seconds
[2025-01-10T01:08:39.618+0000] {processor.py:186} INFO - Started process (PID=902) to work on /home/airflow/.local/lib/python3.12/site-packages/airflow/example_dags/tutorial_taskflow_api.py
[2025-01-10T01:08:39.619+0000] {processor.py:914} INFO - Processing file /home/airflow/.local/lib/python3.12/site-packages/airflow/example_dags/tutorial_taskflow_api.py for tasks to queue
[2025-01-10T01:08:39.621+0000] {logging_mixin.py:190} INFO - [2025-01-10T01:08:39.621+0000] {dagbag.py:588} INFO - Filling up the DagBag from /home/airflow/.local/lib/python3.12/site-packages/airflow/example_dags/tutorial_taskflow_api.py
[2025-01-10T01:08:39.629+0000] {processor.py:925} INFO - DAG(s) 'tutorial_taskflow_api' retrieved from /home/airflow/.local/lib/python3.12/site-packages/airflow/example_dags/tutorial_taskflow_api.py
[2025-01-10T01:08:39.646+0000] {logging_mixin.py:190} INFO - [2025-01-10T01:08:39.645+0000] {dag.py:3239} INFO - Sync 1 DAGs
[2025-01-10T01:08:39.659+0000] {logging_mixin.py:190} INFO - [2025-01-10T01:08:39.659+0000] {dag.py:4180} INFO - Setting next_dagrun for tutorial_taskflow_api to None, run_after=None
[2025-01-10T01:08:39.679+0000] {processor.py:208} INFO - Processing /home/airflow/.local/lib/python3.12/site-packages/airflow/example_dags/tutorial_taskflow_api.py took 0.066 seconds
[2025-01-10T01:09:09.916+0000] {processor.py:186} INFO - Started process (PID=966) to work on /home/airflow/.local/lib/python3.12/site-packages/airflow/example_dags/tutorial_taskflow_api.py
[2025-01-10T01:09:09.923+0000] {processor.py:914} INFO - Processing file /home/airflow/.local/lib/python3.12/site-packages/airflow/example_dags/tutorial_taskflow_api.py for tasks to queue
[2025-01-10T01:09:09.927+0000] {logging_mixin.py:190} INFO - [2025-01-10T01:09:09.927+0000] {dagbag.py:588} INFO - Filling up the DagBag from /home/airflow/.local/lib/python3.12/site-packages/airflow/example_dags/tutorial_taskflow_api.py
[2025-01-10T01:09:09.939+0000] {processor.py:925} INFO - DAG(s) 'tutorial_taskflow_api' retrieved from /home/airflow/.local/lib/python3.12/site-packages/airflow/example_dags/tutorial_taskflow_api.py
[2025-01-10T01:09:09.963+0000] {logging_mixin.py:190} INFO - [2025-01-10T01:09:09.963+0000] {dag.py:3239} INFO - Sync 1 DAGs
[2025-01-10T01:09:09.978+0000] {logging_mixin.py:190} INFO - [2025-01-10T01:09:09.978+0000] {dag.py:4180} INFO - Setting next_dagrun for tutorial_taskflow_api to None, run_after=None
[2025-01-10T01:09:10.000+0000] {processor.py:208} INFO - Processing /home/airflow/.local/lib/python3.12/site-packages/airflow/example_dags/tutorial_taskflow_api.py took 0.092 seconds
[2025-01-10T01:09:40.523+0000] {processor.py:186} INFO - Started process (PID=1029) to work on /home/airflow/.local/lib/python3.12/site-packages/airflow/example_dags/tutorial_taskflow_api.py
[2025-01-10T01:09:40.524+0000] {processor.py:914} INFO - Processing file /home/airflow/.local/lib/python3.12/site-packages/airflow/example_dags/tutorial_taskflow_api.py for tasks to queue
[2025-01-10T01:09:40.526+0000] {logging_mixin.py:190} INFO - [2025-01-10T01:09:40.526+0000] {dagbag.py:588} INFO - Filling up the DagBag from /home/airflow/.local/lib/python3.12/site-packages/airflow/example_dags/tutorial_taskflow_api.py
[2025-01-10T01:09:40.537+0000] {processor.py:925} INFO - DAG(s) 'tutorial_taskflow_api' retrieved from /home/airflow/.local/lib/python3.12/site-packages/airflow/example_dags/tutorial_taskflow_api.py
[2025-01-10T01:09:40.560+0000] {logging_mixin.py:190} INFO - [2025-01-10T01:09:40.560+0000] {dag.py:3239} INFO - Sync 1 DAGs
[2025-01-10T01:09:40.582+0000] {logging_mixin.py:190} INFO - [2025-01-10T01:09:40.581+0000] {dag.py:4180} INFO - Setting next_dagrun for tutorial_taskflow_api to None, run_after=None
[2025-01-10T01:09:40.609+0000] {processor.py:208} INFO - Processing /home/airflow/.local/lib/python3.12/site-packages/airflow/example_dags/tutorial_taskflow_api.py took 0.092 seconds
[2025-01-10T01:10:10.758+0000] {processor.py:186} INFO - Started process (PID=1092) to work on /home/airflow/.local/lib/python3.12/site-packages/airflow/example_dags/tutorial_taskflow_api.py
[2025-01-10T01:10:10.759+0000] {processor.py:914} INFO - Processing file /home/airflow/.local/lib/python3.12/site-packages/airflow/example_dags/tutorial_taskflow_api.py for tasks to queue
[2025-01-10T01:10:10.762+0000] {logging_mixin.py:190} INFO - [2025-01-10T01:10:10.762+0000] {dagbag.py:588} INFO - Filling up the DagBag from /home/airflow/.local/lib/python3.12/site-packages/airflow/example_dags/tutorial_taskflow_api.py
[2025-01-10T01:10:10.771+0000] {processor.py:925} INFO - DAG(s) 'tutorial_taskflow_api' retrieved from /home/airflow/.local/lib/python3.12/site-packages/airflow/example_dags/tutorial_taskflow_api.py
[2025-01-10T01:10:10.791+0000] {logging_mixin.py:190} INFO - [2025-01-10T01:10:10.791+0000] {dag.py:3239} INFO - Sync 1 DAGs
[2025-01-10T01:10:10.806+0000] {logging_mixin.py:190} INFO - [2025-01-10T01:10:10.806+0000] {dag.py:4180} INFO - Setting next_dagrun for tutorial_taskflow_api to None, run_after=None
[2025-01-10T01:10:10.828+0000] {processor.py:208} INFO - Processing /home/airflow/.local/lib/python3.12/site-packages/airflow/example_dags/tutorial_taskflow_api.py took 0.076 seconds
[2025-01-10T01:10:41.079+0000] {processor.py:186} INFO - Started process (PID=1155) to work on /home/airflow/.local/lib/python3.12/site-packages/airflow/example_dags/tutorial_taskflow_api.py
[2025-01-10T01:10:41.080+0000] {processor.py:914} INFO - Processing file /home/airflow/.local/lib/python3.12/site-packages/airflow/example_dags/tutorial_taskflow_api.py for tasks to queue
[2025-01-10T01:10:41.082+0000] {logging_mixin.py:190} INFO - [2025-01-10T01:10:41.082+0000] {dagbag.py:588} INFO - Filling up the DagBag from /home/airflow/.local/lib/python3.12/site-packages/airflow/example_dags/tutorial_taskflow_api.py
[2025-01-10T01:10:41.092+0000] {processor.py:925} INFO - DAG(s) 'tutorial_taskflow_api' retrieved from /home/airflow/.local/lib/python3.12/site-packages/airflow/example_dags/tutorial_taskflow_api.py
[2025-01-10T01:10:41.110+0000] {logging_mixin.py:190} INFO - [2025-01-10T01:10:41.110+0000] {dag.py:3239} INFO - Sync 1 DAGs
[2025-01-10T01:10:41.125+0000] {logging_mixin.py:190} INFO - [2025-01-10T01:10:41.124+0000] {dag.py:4180} INFO - Setting next_dagrun for tutorial_taskflow_api to None, run_after=None
[2025-01-10T01:10:41.146+0000] {processor.py:208} INFO - Processing /home/airflow/.local/lib/python3.12/site-packages/airflow/example_dags/tutorial_taskflow_api.py took 0.072 seconds
[2025-01-10T01:11:11.254+0000] {processor.py:186} INFO - Started process (PID=1218) to work on /home/airflow/.local/lib/python3.12/site-packages/airflow/example_dags/tutorial_taskflow_api.py
[2025-01-10T01:11:11.255+0000] {processor.py:914} INFO - Processing file /home/airflow/.local/lib/python3.12/site-packages/airflow/example_dags/tutorial_taskflow_api.py for tasks to queue
[2025-01-10T01:11:11.257+0000] {logging_mixin.py:190} INFO - [2025-01-10T01:11:11.257+0000] {dagbag.py:588} INFO - Filling up the DagBag from /home/airflow/.local/lib/python3.12/site-packages/airflow/example_dags/tutorial_taskflow_api.py
[2025-01-10T01:11:11.266+0000] {processor.py:925} INFO - DAG(s) 'tutorial_taskflow_api' retrieved from /home/airflow/.local/lib/python3.12/site-packages/airflow/example_dags/tutorial_taskflow_api.py
[2025-01-10T01:11:11.283+0000] {logging_mixin.py:190} INFO - [2025-01-10T01:11:11.283+0000] {dag.py:3239} INFO - Sync 1 DAGs
[2025-01-10T01:11:11.298+0000] {logging_mixin.py:190} INFO - [2025-01-10T01:11:11.298+0000] {dag.py:4180} INFO - Setting next_dagrun for tutorial_taskflow_api to None, run_after=None
[2025-01-10T01:11:11.319+0000] {processor.py:208} INFO - Processing /home/airflow/.local/lib/python3.12/site-packages/airflow/example_dags/tutorial_taskflow_api.py took 0.071 seconds
[2025-01-10T01:11:42.224+0000] {processor.py:186} INFO - Started process (PID=1281) to work on /home/airflow/.local/lib/python3.12/site-packages/airflow/example_dags/tutorial_taskflow_api.py
[2025-01-10T01:11:42.237+0000] {processor.py:914} INFO - Processing file /home/airflow/.local/lib/python3.12/site-packages/airflow/example_dags/tutorial_taskflow_api.py for tasks to queue
[2025-01-10T01:11:42.241+0000] {logging_mixin.py:190} INFO - [2025-01-10T01:11:42.241+0000] {dagbag.py:588} INFO - Filling up the DagBag from /home/airflow/.local/lib/python3.12/site-packages/airflow/example_dags/tutorial_taskflow_api.py
[2025-01-10T01:11:42.274+0000] {processor.py:925} INFO - DAG(s) 'tutorial_taskflow_api' retrieved from /home/airflow/.local/lib/python3.12/site-packages/airflow/example_dags/tutorial_taskflow_api.py
[2025-01-10T01:11:42.315+0000] {logging_mixin.py:190} INFO - [2025-01-10T01:11:42.315+0000] {dag.py:3239} INFO - Sync 1 DAGs
[2025-01-10T01:11:42.351+0000] {logging_mixin.py:190} INFO - [2025-01-10T01:11:42.351+0000] {dag.py:4180} INFO - Setting next_dagrun for tutorial_taskflow_api to None, run_after=None
[2025-01-10T01:11:42.384+0000] {processor.py:208} INFO - Processing /home/airflow/.local/lib/python3.12/site-packages/airflow/example_dags/tutorial_taskflow_api.py took 0.172 seconds
[2025-01-10T01:12:12.439+0000] {processor.py:186} INFO - Started process (PID=1344) to work on /home/airflow/.local/lib/python3.12/site-packages/airflow/example_dags/tutorial_taskflow_api.py
[2025-01-10T01:12:12.440+0000] {processor.py:914} INFO - Processing file /home/airflow/.local/lib/python3.12/site-packages/airflow/example_dags/tutorial_taskflow_api.py for tasks to queue
[2025-01-10T01:12:12.443+0000] {logging_mixin.py:190} INFO - [2025-01-10T01:12:12.442+0000] {dagbag.py:588} INFO - Filling up the DagBag from /home/airflow/.local/lib/python3.12/site-packages/airflow/example_dags/tutorial_taskflow_api.py
[2025-01-10T01:12:12.450+0000] {processor.py:925} INFO - DAG(s) 'tutorial_taskflow_api' retrieved from /home/airflow/.local/lib/python3.12/site-packages/airflow/example_dags/tutorial_taskflow_api.py
[2025-01-10T01:12:12.469+0000] {logging_mixin.py:190} INFO - [2025-01-10T01:12:12.469+0000] {dag.py:3239} INFO - Sync 1 DAGs
[2025-01-10T01:12:12.483+0000] {logging_mixin.py:190} INFO - [2025-01-10T01:12:12.483+0000] {dag.py:4180} INFO - Setting next_dagrun for tutorial_taskflow_api to None, run_after=None
[2025-01-10T01:12:12.503+0000] {processor.py:208} INFO - Processing /home/airflow/.local/lib/python3.12/site-packages/airflow/example_dags/tutorial_taskflow_api.py took 0.069 seconds
[2025-01-10T01:12:43.091+0000] {processor.py:186} INFO - Started process (PID=1407) to work on /home/airflow/.local/lib/python3.12/site-packages/airflow/example_dags/tutorial_taskflow_api.py
[2025-01-10T01:12:43.093+0000] {processor.py:914} INFO - Processing file /home/airflow/.local/lib/python3.12/site-packages/airflow/example_dags/tutorial_taskflow_api.py for tasks to queue
[2025-01-10T01:12:43.096+0000] {logging_mixin.py:190} INFO - [2025-01-10T01:12:43.096+0000] {dagbag.py:588} INFO - Filling up the DagBag from /home/airflow/.local/lib/python3.12/site-packages/airflow/example_dags/tutorial_taskflow_api.py
[2025-01-10T01:12:43.107+0000] {processor.py:925} INFO - DAG(s) 'tutorial_taskflow_api' retrieved from /home/airflow/.local/lib/python3.12/site-packages/airflow/example_dags/tutorial_taskflow_api.py
[2025-01-10T01:12:43.134+0000] {logging_mixin.py:190} INFO - [2025-01-10T01:12:43.133+0000] {dag.py:3239} INFO - Sync 1 DAGs
[2025-01-10T01:12:43.153+0000] {logging_mixin.py:190} INFO - [2025-01-10T01:12:43.152+0000] {dag.py:4180} INFO - Setting next_dagrun for tutorial_taskflow_api to None, run_after=None
[2025-01-10T01:12:43.175+0000] {processor.py:208} INFO - Processing /home/airflow/.local/lib/python3.12/site-packages/airflow/example_dags/tutorial_taskflow_api.py took 0.090 seconds
[2025-01-10T01:13:13.811+0000] {processor.py:186} INFO - Started process (PID=1470) to work on /home/airflow/.local/lib/python3.12/site-packages/airflow/example_dags/tutorial_taskflow_api.py
[2025-01-10T01:13:13.812+0000] {processor.py:914} INFO - Processing file /home/airflow/.local/lib/python3.12/site-packages/airflow/example_dags/tutorial_taskflow_api.py for tasks to queue
[2025-01-10T01:13:13.815+0000] {logging_mixin.py:190} INFO - [2025-01-10T01:13:13.815+0000] {dagbag.py:588} INFO - Filling up the DagBag from /home/airflow/.local/lib/python3.12/site-packages/airflow/example_dags/tutorial_taskflow_api.py
[2025-01-10T01:13:13.825+0000] {processor.py:925} INFO - DAG(s) 'tutorial_taskflow_api' retrieved from /home/airflow/.local/lib/python3.12/site-packages/airflow/example_dags/tutorial_taskflow_api.py
[2025-01-10T01:13:13.846+0000] {logging_mixin.py:190} INFO - [2025-01-10T01:13:13.846+0000] {dag.py:3239} INFO - Sync 1 DAGs
[2025-01-10T01:13:13.861+0000] {logging_mixin.py:190} INFO - [2025-01-10T01:13:13.861+0000] {dag.py:4180} INFO - Setting next_dagrun for tutorial_taskflow_api to None, run_after=None
[2025-01-10T01:13:13.882+0000] {processor.py:208} INFO - Processing /home/airflow/.local/lib/python3.12/site-packages/airflow/example_dags/tutorial_taskflow_api.py took 0.078 seconds
