[2025-01-10T00:43:43.251+0000] {processor.py:186} INFO - Started process (PID=71) to work on /home/airflow/.local/lib/python3.12/site-packages/airflow/example_dags/tutorial_dag.py
[2025-01-10T00:43:43.253+0000] {processor.py:914} INFO - Processing file /home/airflow/.local/lib/python3.12/site-packages/airflow/example_dags/tutorial_dag.py for tasks to queue
[2025-01-10T00:43:43.257+0000] {logging_mixin.py:190} INFO - [2025-01-10T00:43:43.257+0000] {dagbag.py:588} INFO - Filling up the DagBag from /home/airflow/.local/lib/python3.12/site-packages/airflow/example_dags/tutorial_dag.py
[2025-01-10T00:43:43.287+0000] {processor.py:925} INFO - DAG(s) 'tutorial_dag' retrieved from /home/airflow/.local/lib/python3.12/site-packages/airflow/example_dags/tutorial_dag.py
[2025-01-10T00:43:43.580+0000] {logging_mixin.py:190} INFO - [2025-01-10T00:43:43.579+0000] {override.py:1911} INFO - Created Permission View: can delete on DAG:tutorial_dag
[2025-01-10T00:43:43.596+0000] {logging_mixin.py:190} INFO - [2025-01-10T00:43:43.596+0000] {override.py:1911} INFO - Created Permission View: can read on DAG:tutorial_dag
[2025-01-10T00:43:43.609+0000] {logging_mixin.py:190} INFO - [2025-01-10T00:43:43.609+0000] {override.py:1911} INFO - Created Permission View: can edit on DAG:tutorial_dag
[2025-01-10T00:43:43.622+0000] {logging_mixin.py:190} INFO - [2025-01-10T00:43:43.622+0000] {override.py:1911} INFO - Created Permission View: can delete on DAG Run:tutorial_dag
[2025-01-10T00:43:43.633+0000] {logging_mixin.py:190} INFO - [2025-01-10T00:43:43.633+0000] {override.py:1911} INFO - Created Permission View: can read on DAG Run:tutorial_dag
[2025-01-10T00:43:43.647+0000] {logging_mixin.py:190} INFO - [2025-01-10T00:43:43.646+0000] {override.py:1911} INFO - Created Permission View: can create on DAG Run:tutorial_dag
[2025-01-10T00:43:43.658+0000] {logging_mixin.py:190} INFO - [2025-01-10T00:43:43.657+0000] {override.py:1911} INFO - Created Permission View: menu access on DAG Run:tutorial_dag
[2025-01-10T00:43:43.659+0000] {logging_mixin.py:190} INFO - [2025-01-10T00:43:43.658+0000] {dag.py:3239} INFO - Sync 1 DAGs
[2025-01-10T00:43:43.675+0000] {logging_mixin.py:190} INFO - [2025-01-10T00:43:43.675+0000] {dag.py:3262} INFO - Creating ORM DAG for tutorial_dag
[2025-01-10T00:43:43.677+0000] {logging_mixin.py:190} INFO - [2025-01-10T00:43:43.677+0000] {dag.py:4180} INFO - Setting next_dagrun for tutorial_dag to None, run_after=None
[2025-01-10T00:43:43.707+0000] {processor.py:208} INFO - Processing /home/airflow/.local/lib/python3.12/site-packages/airflow/example_dags/tutorial_dag.py took 0.464 seconds
[2025-01-10T00:44:14.706+0000] {processor.py:186} INFO - Started process (PID=134) to work on /home/airflow/.local/lib/python3.12/site-packages/airflow/example_dags/tutorial_dag.py
[2025-01-10T00:44:14.708+0000] {processor.py:914} INFO - Processing file /home/airflow/.local/lib/python3.12/site-packages/airflow/example_dags/tutorial_dag.py for tasks to queue
[2025-01-10T00:44:14.714+0000] {logging_mixin.py:190} INFO - [2025-01-10T00:44:14.714+0000] {dagbag.py:588} INFO - Filling up the DagBag from /home/airflow/.local/lib/python3.12/site-packages/airflow/example_dags/tutorial_dag.py
[2025-01-10T00:44:14.731+0000] {processor.py:925} INFO - DAG(s) 'tutorial_dag' retrieved from /home/airflow/.local/lib/python3.12/site-packages/airflow/example_dags/tutorial_dag.py
[2025-01-10T00:44:14.767+0000] {logging_mixin.py:190} INFO - [2025-01-10T00:44:14.767+0000] {dag.py:3239} INFO - Sync 1 DAGs
[2025-01-10T00:44:14.798+0000] {logging_mixin.py:190} INFO - [2025-01-10T00:44:14.797+0000] {dag.py:4180} INFO - Setting next_dagrun for tutorial_dag to None, run_after=None
[2025-01-10T00:44:14.832+0000] {processor.py:208} INFO - Processing /home/airflow/.local/lib/python3.12/site-packages/airflow/example_dags/tutorial_dag.py took 0.138 seconds
[2025-01-10T00:44:45.801+0000] {processor.py:186} INFO - Started process (PID=197) to work on /home/airflow/.local/lib/python3.12/site-packages/airflow/example_dags/tutorial_dag.py
[2025-01-10T00:44:45.803+0000] {processor.py:914} INFO - Processing file /home/airflow/.local/lib/python3.12/site-packages/airflow/example_dags/tutorial_dag.py for tasks to queue
[2025-01-10T00:44:45.806+0000] {logging_mixin.py:190} INFO - [2025-01-10T00:44:45.806+0000] {dagbag.py:588} INFO - Filling up the DagBag from /home/airflow/.local/lib/python3.12/site-packages/airflow/example_dags/tutorial_dag.py
[2025-01-10T00:44:45.818+0000] {processor.py:925} INFO - DAG(s) 'tutorial_dag' retrieved from /home/airflow/.local/lib/python3.12/site-packages/airflow/example_dags/tutorial_dag.py
[2025-01-10T00:44:45.846+0000] {logging_mixin.py:190} INFO - [2025-01-10T00:44:45.846+0000] {dag.py:3239} INFO - Sync 1 DAGs
[2025-01-10T00:44:45.874+0000] {logging_mixin.py:190} INFO - [2025-01-10T00:44:45.874+0000] {dag.py:4180} INFO - Setting next_dagrun for tutorial_dag to None, run_after=None
[2025-01-10T00:44:45.908+0000] {processor.py:208} INFO - Processing /home/airflow/.local/lib/python3.12/site-packages/airflow/example_dags/tutorial_dag.py took 0.115 seconds
[2025-01-10T00:45:16.209+0000] {processor.py:186} INFO - Started process (PID=260) to work on /home/airflow/.local/lib/python3.12/site-packages/airflow/example_dags/tutorial_dag.py
[2025-01-10T00:45:16.211+0000] {processor.py:914} INFO - Processing file /home/airflow/.local/lib/python3.12/site-packages/airflow/example_dags/tutorial_dag.py for tasks to queue
[2025-01-10T00:45:16.216+0000] {logging_mixin.py:190} INFO - [2025-01-10T00:45:16.215+0000] {dagbag.py:588} INFO - Filling up the DagBag from /home/airflow/.local/lib/python3.12/site-packages/airflow/example_dags/tutorial_dag.py
[2025-01-10T00:45:16.229+0000] {processor.py:925} INFO - DAG(s) 'tutorial_dag' retrieved from /home/airflow/.local/lib/python3.12/site-packages/airflow/example_dags/tutorial_dag.py
[2025-01-10T00:45:16.273+0000] {logging_mixin.py:190} INFO - [2025-01-10T00:45:16.272+0000] {dag.py:3239} INFO - Sync 1 DAGs
[2025-01-10T00:45:16.313+0000] {logging_mixin.py:190} INFO - [2025-01-10T00:45:16.313+0000] {dag.py:4180} INFO - Setting next_dagrun for tutorial_dag to None, run_after=None
[2025-01-10T00:45:16.356+0000] {processor.py:208} INFO - Processing /home/airflow/.local/lib/python3.12/site-packages/airflow/example_dags/tutorial_dag.py took 0.155 seconds
[2025-01-10T00:45:46.690+0000] {processor.py:186} INFO - Started process (PID=323) to work on /home/airflow/.local/lib/python3.12/site-packages/airflow/example_dags/tutorial_dag.py
[2025-01-10T00:45:46.692+0000] {processor.py:914} INFO - Processing file /home/airflow/.local/lib/python3.12/site-packages/airflow/example_dags/tutorial_dag.py for tasks to queue
[2025-01-10T00:45:46.698+0000] {logging_mixin.py:190} INFO - [2025-01-10T00:45:46.697+0000] {dagbag.py:588} INFO - Filling up the DagBag from /home/airflow/.local/lib/python3.12/site-packages/airflow/example_dags/tutorial_dag.py
[2025-01-10T00:45:46.716+0000] {processor.py:925} INFO - DAG(s) 'tutorial_dag' retrieved from /home/airflow/.local/lib/python3.12/site-packages/airflow/example_dags/tutorial_dag.py
[2025-01-10T00:45:46.822+0000] {logging_mixin.py:190} INFO - [2025-01-10T00:45:46.822+0000] {dag.py:3239} INFO - Sync 1 DAGs
[2025-01-10T00:45:46.914+0000] {logging_mixin.py:190} INFO - [2025-01-10T00:45:46.914+0000] {dag.py:4180} INFO - Setting next_dagrun for tutorial_dag to None, run_after=None
[2025-01-10T00:45:47.011+0000] {processor.py:208} INFO - Processing /home/airflow/.local/lib/python3.12/site-packages/airflow/example_dags/tutorial_dag.py took 0.330 seconds
[2025-01-10T00:46:17.102+0000] {processor.py:186} INFO - Started process (PID=386) to work on /home/airflow/.local/lib/python3.12/site-packages/airflow/example_dags/tutorial_dag.py
[2025-01-10T00:46:17.103+0000] {processor.py:914} INFO - Processing file /home/airflow/.local/lib/python3.12/site-packages/airflow/example_dags/tutorial_dag.py for tasks to queue
[2025-01-10T00:46:17.107+0000] {logging_mixin.py:190} INFO - [2025-01-10T00:46:17.106+0000] {dagbag.py:588} INFO - Filling up the DagBag from /home/airflow/.local/lib/python3.12/site-packages/airflow/example_dags/tutorial_dag.py
[2025-01-10T00:46:17.115+0000] {processor.py:925} INFO - DAG(s) 'tutorial_dag' retrieved from /home/airflow/.local/lib/python3.12/site-packages/airflow/example_dags/tutorial_dag.py
[2025-01-10T00:46:17.136+0000] {logging_mixin.py:190} INFO - [2025-01-10T00:46:17.135+0000] {dag.py:3239} INFO - Sync 1 DAGs
[2025-01-10T00:46:17.151+0000] {logging_mixin.py:190} INFO - [2025-01-10T00:46:17.151+0000] {dag.py:4180} INFO - Setting next_dagrun for tutorial_dag to None, run_after=None
[2025-01-10T00:46:17.172+0000] {processor.py:208} INFO - Processing /home/airflow/.local/lib/python3.12/site-packages/airflow/example_dags/tutorial_dag.py took 0.076 seconds
[2025-01-10T00:46:48.000+0000] {processor.py:186} INFO - Started process (PID=449) to work on /home/airflow/.local/lib/python3.12/site-packages/airflow/example_dags/tutorial_dag.py
[2025-01-10T00:46:48.001+0000] {processor.py:914} INFO - Processing file /home/airflow/.local/lib/python3.12/site-packages/airflow/example_dags/tutorial_dag.py for tasks to queue
[2025-01-10T00:46:48.005+0000] {logging_mixin.py:190} INFO - [2025-01-10T00:46:48.005+0000] {dagbag.py:588} INFO - Filling up the DagBag from /home/airflow/.local/lib/python3.12/site-packages/airflow/example_dags/tutorial_dag.py
[2025-01-10T00:46:48.019+0000] {processor.py:925} INFO - DAG(s) 'tutorial_dag' retrieved from /home/airflow/.local/lib/python3.12/site-packages/airflow/example_dags/tutorial_dag.py
[2025-01-10T00:46:48.048+0000] {logging_mixin.py:190} INFO - [2025-01-10T00:46:48.047+0000] {dag.py:3239} INFO - Sync 1 DAGs
[2025-01-10T00:46:48.068+0000] {logging_mixin.py:190} INFO - [2025-01-10T00:46:48.068+0000] {dag.py:4180} INFO - Setting next_dagrun for tutorial_dag to None, run_after=None
[2025-01-10T00:46:48.128+0000] {processor.py:208} INFO - Processing /home/airflow/.local/lib/python3.12/site-packages/airflow/example_dags/tutorial_dag.py took 0.139 seconds
[2025-01-10T00:47:18.443+0000] {processor.py:186} INFO - Started process (PID=512) to work on /home/airflow/.local/lib/python3.12/site-packages/airflow/example_dags/tutorial_dag.py
[2025-01-10T00:47:18.444+0000] {processor.py:914} INFO - Processing file /home/airflow/.local/lib/python3.12/site-packages/airflow/example_dags/tutorial_dag.py for tasks to queue
[2025-01-10T00:47:18.446+0000] {logging_mixin.py:190} INFO - [2025-01-10T00:47:18.446+0000] {dagbag.py:588} INFO - Filling up the DagBag from /home/airflow/.local/lib/python3.12/site-packages/airflow/example_dags/tutorial_dag.py
[2025-01-10T00:47:18.455+0000] {processor.py:925} INFO - DAG(s) 'tutorial_dag' retrieved from /home/airflow/.local/lib/python3.12/site-packages/airflow/example_dags/tutorial_dag.py
[2025-01-10T00:47:18.477+0000] {logging_mixin.py:190} INFO - [2025-01-10T00:47:18.477+0000] {dag.py:3239} INFO - Sync 1 DAGs
[2025-01-10T00:47:18.492+0000] {logging_mixin.py:190} INFO - [2025-01-10T00:47:18.492+0000] {dag.py:4180} INFO - Setting next_dagrun for tutorial_dag to None, run_after=None
[2025-01-10T00:47:18.553+0000] {processor.py:208} INFO - Processing /home/airflow/.local/lib/python3.12/site-packages/airflow/example_dags/tutorial_dag.py took 0.118 seconds
[2025-01-10T00:47:48.629+0000] {processor.py:186} INFO - Started process (PID=575) to work on /home/airflow/.local/lib/python3.12/site-packages/airflow/example_dags/tutorial_dag.py
[2025-01-10T00:47:48.630+0000] {processor.py:914} INFO - Processing file /home/airflow/.local/lib/python3.12/site-packages/airflow/example_dags/tutorial_dag.py for tasks to queue
[2025-01-10T00:47:48.632+0000] {logging_mixin.py:190} INFO - [2025-01-10T00:47:48.632+0000] {dagbag.py:588} INFO - Filling up the DagBag from /home/airflow/.local/lib/python3.12/site-packages/airflow/example_dags/tutorial_dag.py
[2025-01-10T00:47:48.639+0000] {processor.py:925} INFO - DAG(s) 'tutorial_dag' retrieved from /home/airflow/.local/lib/python3.12/site-packages/airflow/example_dags/tutorial_dag.py
[2025-01-10T00:47:48.656+0000] {logging_mixin.py:190} INFO - [2025-01-10T00:47:48.656+0000] {dag.py:3239} INFO - Sync 1 DAGs
[2025-01-10T00:47:48.669+0000] {logging_mixin.py:190} INFO - [2025-01-10T00:47:48.669+0000] {dag.py:4180} INFO - Setting next_dagrun for tutorial_dag to None, run_after=None
[2025-01-10T00:47:48.718+0000] {processor.py:208} INFO - Processing /home/airflow/.local/lib/python3.12/site-packages/airflow/example_dags/tutorial_dag.py took 0.094 seconds
[2025-01-10T00:48:19.269+0000] {processor.py:186} INFO - Started process (PID=638) to work on /home/airflow/.local/lib/python3.12/site-packages/airflow/example_dags/tutorial_dag.py
[2025-01-10T00:48:19.270+0000] {processor.py:914} INFO - Processing file /home/airflow/.local/lib/python3.12/site-packages/airflow/example_dags/tutorial_dag.py for tasks to queue
[2025-01-10T00:48:19.274+0000] {logging_mixin.py:190} INFO - [2025-01-10T00:48:19.273+0000] {dagbag.py:588} INFO - Filling up the DagBag from /home/airflow/.local/lib/python3.12/site-packages/airflow/example_dags/tutorial_dag.py
[2025-01-10T00:48:19.285+0000] {processor.py:925} INFO - DAG(s) 'tutorial_dag' retrieved from /home/airflow/.local/lib/python3.12/site-packages/airflow/example_dags/tutorial_dag.py
[2025-01-10T00:48:19.313+0000] {logging_mixin.py:190} INFO - [2025-01-10T00:48:19.312+0000] {dag.py:3239} INFO - Sync 1 DAGs
[2025-01-10T00:48:19.331+0000] {logging_mixin.py:190} INFO - [2025-01-10T00:48:19.331+0000] {dag.py:4180} INFO - Setting next_dagrun for tutorial_dag to None, run_after=None
[2025-01-10T00:48:19.351+0000] {processor.py:208} INFO - Processing /home/airflow/.local/lib/python3.12/site-packages/airflow/example_dags/tutorial_dag.py took 0.089 seconds
[2025-01-10T00:48:49.536+0000] {processor.py:186} INFO - Started process (PID=701) to work on /home/airflow/.local/lib/python3.12/site-packages/airflow/example_dags/tutorial_dag.py
[2025-01-10T00:48:49.537+0000] {processor.py:914} INFO - Processing file /home/airflow/.local/lib/python3.12/site-packages/airflow/example_dags/tutorial_dag.py for tasks to queue
[2025-01-10T00:48:49.539+0000] {logging_mixin.py:190} INFO - [2025-01-10T00:48:49.539+0000] {dagbag.py:588} INFO - Filling up the DagBag from /home/airflow/.local/lib/python3.12/site-packages/airflow/example_dags/tutorial_dag.py
[2025-01-10T00:48:49.546+0000] {processor.py:925} INFO - DAG(s) 'tutorial_dag' retrieved from /home/airflow/.local/lib/python3.12/site-packages/airflow/example_dags/tutorial_dag.py
[2025-01-10T00:48:49.564+0000] {logging_mixin.py:190} INFO - [2025-01-10T00:48:49.563+0000] {dag.py:3239} INFO - Sync 1 DAGs
[2025-01-10T00:48:49.578+0000] {logging_mixin.py:190} INFO - [2025-01-10T00:48:49.578+0000] {dag.py:4180} INFO - Setting next_dagrun for tutorial_dag to None, run_after=None
[2025-01-10T00:48:49.597+0000] {processor.py:208} INFO - Processing /home/airflow/.local/lib/python3.12/site-packages/airflow/example_dags/tutorial_dag.py took 0.066 seconds
[2025-01-10T00:49:19.748+0000] {processor.py:186} INFO - Started process (PID=764) to work on /home/airflow/.local/lib/python3.12/site-packages/airflow/example_dags/tutorial_dag.py
[2025-01-10T00:49:19.749+0000] {processor.py:914} INFO - Processing file /home/airflow/.local/lib/python3.12/site-packages/airflow/example_dags/tutorial_dag.py for tasks to queue
[2025-01-10T00:49:19.751+0000] {logging_mixin.py:190} INFO - [2025-01-10T00:49:19.751+0000] {dagbag.py:588} INFO - Filling up the DagBag from /home/airflow/.local/lib/python3.12/site-packages/airflow/example_dags/tutorial_dag.py
[2025-01-10T00:49:19.758+0000] {processor.py:925} INFO - DAG(s) 'tutorial_dag' retrieved from /home/airflow/.local/lib/python3.12/site-packages/airflow/example_dags/tutorial_dag.py
[2025-01-10T00:49:19.776+0000] {logging_mixin.py:190} INFO - [2025-01-10T00:49:19.776+0000] {dag.py:3239} INFO - Sync 1 DAGs
[2025-01-10T00:49:19.789+0000] {logging_mixin.py:190} INFO - [2025-01-10T00:49:19.789+0000] {dag.py:4180} INFO - Setting next_dagrun for tutorial_dag to None, run_after=None
[2025-01-10T00:49:19.843+0000] {processor.py:208} INFO - Processing /home/airflow/.local/lib/python3.12/site-packages/airflow/example_dags/tutorial_dag.py took 0.101 seconds
[2025-01-10T00:49:50.105+0000] {processor.py:186} INFO - Started process (PID=827) to work on /home/airflow/.local/lib/python3.12/site-packages/airflow/example_dags/tutorial_dag.py
[2025-01-10T00:49:50.106+0000] {processor.py:914} INFO - Processing file /home/airflow/.local/lib/python3.12/site-packages/airflow/example_dags/tutorial_dag.py for tasks to queue
[2025-01-10T00:49:50.108+0000] {logging_mixin.py:190} INFO - [2025-01-10T00:49:50.108+0000] {dagbag.py:588} INFO - Filling up the DagBag from /home/airflow/.local/lib/python3.12/site-packages/airflow/example_dags/tutorial_dag.py
[2025-01-10T00:49:50.115+0000] {processor.py:925} INFO - DAG(s) 'tutorial_dag' retrieved from /home/airflow/.local/lib/python3.12/site-packages/airflow/example_dags/tutorial_dag.py
[2025-01-10T00:49:50.133+0000] {logging_mixin.py:190} INFO - [2025-01-10T00:49:50.133+0000] {dag.py:3239} INFO - Sync 1 DAGs
[2025-01-10T00:49:50.147+0000] {logging_mixin.py:190} INFO - [2025-01-10T00:49:50.146+0000] {dag.py:4180} INFO - Setting next_dagrun for tutorial_dag to None, run_after=None
[2025-01-10T00:49:50.167+0000] {processor.py:208} INFO - Processing /home/airflow/.local/lib/python3.12/site-packages/airflow/example_dags/tutorial_dag.py took 0.068 seconds
[2025-01-10T00:50:20.340+0000] {processor.py:186} INFO - Started process (PID=890) to work on /home/airflow/.local/lib/python3.12/site-packages/airflow/example_dags/tutorial_dag.py
[2025-01-10T00:50:20.341+0000] {processor.py:914} INFO - Processing file /home/airflow/.local/lib/python3.12/site-packages/airflow/example_dags/tutorial_dag.py for tasks to queue
[2025-01-10T00:50:20.344+0000] {logging_mixin.py:190} INFO - [2025-01-10T00:50:20.344+0000] {dagbag.py:588} INFO - Filling up the DagBag from /home/airflow/.local/lib/python3.12/site-packages/airflow/example_dags/tutorial_dag.py
[2025-01-10T00:50:20.353+0000] {processor.py:925} INFO - DAG(s) 'tutorial_dag' retrieved from /home/airflow/.local/lib/python3.12/site-packages/airflow/example_dags/tutorial_dag.py
[2025-01-10T00:50:20.374+0000] {logging_mixin.py:190} INFO - [2025-01-10T00:50:20.374+0000] {dag.py:3239} INFO - Sync 1 DAGs
[2025-01-10T00:50:20.388+0000] {logging_mixin.py:190} INFO - [2025-01-10T00:50:20.388+0000] {dag.py:4180} INFO - Setting next_dagrun for tutorial_dag to None, run_after=None
[2025-01-10T00:50:20.460+0000] {processor.py:208} INFO - Processing /home/airflow/.local/lib/python3.12/site-packages/airflow/example_dags/tutorial_dag.py took 0.128 seconds
[2025-01-10T00:50:50.528+0000] {processor.py:186} INFO - Started process (PID=953) to work on /home/airflow/.local/lib/python3.12/site-packages/airflow/example_dags/tutorial_dag.py
[2025-01-10T00:50:50.529+0000] {processor.py:914} INFO - Processing file /home/airflow/.local/lib/python3.12/site-packages/airflow/example_dags/tutorial_dag.py for tasks to queue
[2025-01-10T00:50:50.531+0000] {logging_mixin.py:190} INFO - [2025-01-10T00:50:50.531+0000] {dagbag.py:588} INFO - Filling up the DagBag from /home/airflow/.local/lib/python3.12/site-packages/airflow/example_dags/tutorial_dag.py
[2025-01-10T00:50:50.537+0000] {processor.py:925} INFO - DAG(s) 'tutorial_dag' retrieved from /home/airflow/.local/lib/python3.12/site-packages/airflow/example_dags/tutorial_dag.py
[2025-01-10T00:50:50.556+0000] {logging_mixin.py:190} INFO - [2025-01-10T00:50:50.556+0000] {dag.py:3239} INFO - Sync 1 DAGs
[2025-01-10T00:50:50.569+0000] {logging_mixin.py:190} INFO - [2025-01-10T00:50:50.569+0000] {dag.py:4180} INFO - Setting next_dagrun for tutorial_dag to None, run_after=None
[2025-01-10T00:50:50.636+0000] {processor.py:208} INFO - Processing /home/airflow/.local/lib/python3.12/site-packages/airflow/example_dags/tutorial_dag.py took 0.114 seconds
[2025-01-10T00:51:20.770+0000] {processor.py:186} INFO - Started process (PID=1017) to work on /home/airflow/.local/lib/python3.12/site-packages/airflow/example_dags/tutorial_dag.py
[2025-01-10T00:51:20.771+0000] {processor.py:914} INFO - Processing file /home/airflow/.local/lib/python3.12/site-packages/airflow/example_dags/tutorial_dag.py for tasks to queue
[2025-01-10T00:51:20.774+0000] {logging_mixin.py:190} INFO - [2025-01-10T00:51:20.773+0000] {dagbag.py:588} INFO - Filling up the DagBag from /home/airflow/.local/lib/python3.12/site-packages/airflow/example_dags/tutorial_dag.py
[2025-01-10T00:51:20.781+0000] {processor.py:925} INFO - DAG(s) 'tutorial_dag' retrieved from /home/airflow/.local/lib/python3.12/site-packages/airflow/example_dags/tutorial_dag.py
[2025-01-10T00:51:20.798+0000] {logging_mixin.py:190} INFO - [2025-01-10T00:51:20.798+0000] {dag.py:3239} INFO - Sync 1 DAGs
[2025-01-10T00:51:20.812+0000] {logging_mixin.py:190} INFO - [2025-01-10T00:51:20.811+0000] {dag.py:4180} INFO - Setting next_dagrun for tutorial_dag to None, run_after=None
[2025-01-10T00:51:20.870+0000] {processor.py:208} INFO - Processing /home/airflow/.local/lib/python3.12/site-packages/airflow/example_dags/tutorial_dag.py took 0.106 seconds
[2025-01-10T00:51:51.281+0000] {processor.py:186} INFO - Started process (PID=1080) to work on /home/airflow/.local/lib/python3.12/site-packages/airflow/example_dags/tutorial_dag.py
[2025-01-10T00:51:51.282+0000] {processor.py:914} INFO - Processing file /home/airflow/.local/lib/python3.12/site-packages/airflow/example_dags/tutorial_dag.py for tasks to queue
[2025-01-10T00:51:51.285+0000] {logging_mixin.py:190} INFO - [2025-01-10T00:51:51.284+0000] {dagbag.py:588} INFO - Filling up the DagBag from /home/airflow/.local/lib/python3.12/site-packages/airflow/example_dags/tutorial_dag.py
[2025-01-10T00:51:51.292+0000] {processor.py:925} INFO - DAG(s) 'tutorial_dag' retrieved from /home/airflow/.local/lib/python3.12/site-packages/airflow/example_dags/tutorial_dag.py
[2025-01-10T00:51:51.311+0000] {logging_mixin.py:190} INFO - [2025-01-10T00:51:51.310+0000] {dag.py:3239} INFO - Sync 1 DAGs
[2025-01-10T00:51:51.324+0000] {logging_mixin.py:190} INFO - [2025-01-10T00:51:51.324+0000] {dag.py:4180} INFO - Setting next_dagrun for tutorial_dag to None, run_after=None
[2025-01-10T00:51:51.377+0000] {processor.py:208} INFO - Processing /home/airflow/.local/lib/python3.12/site-packages/airflow/example_dags/tutorial_dag.py took 0.102 seconds
[2025-01-10T00:52:21.633+0000] {processor.py:186} INFO - Started process (PID=1143) to work on /home/airflow/.local/lib/python3.12/site-packages/airflow/example_dags/tutorial_dag.py
[2025-01-10T00:52:21.634+0000] {processor.py:914} INFO - Processing file /home/airflow/.local/lib/python3.12/site-packages/airflow/example_dags/tutorial_dag.py for tasks to queue
[2025-01-10T00:52:21.637+0000] {logging_mixin.py:190} INFO - [2025-01-10T00:52:21.637+0000] {dagbag.py:588} INFO - Filling up the DagBag from /home/airflow/.local/lib/python3.12/site-packages/airflow/example_dags/tutorial_dag.py
[2025-01-10T00:52:21.646+0000] {processor.py:925} INFO - DAG(s) 'tutorial_dag' retrieved from /home/airflow/.local/lib/python3.12/site-packages/airflow/example_dags/tutorial_dag.py
[2025-01-10T00:52:21.669+0000] {logging_mixin.py:190} INFO - [2025-01-10T00:52:21.669+0000] {dag.py:3239} INFO - Sync 1 DAGs
[2025-01-10T00:52:21.685+0000] {logging_mixin.py:190} INFO - [2025-01-10T00:52:21.684+0000] {dag.py:4180} INFO - Setting next_dagrun for tutorial_dag to None, run_after=None
[2025-01-10T00:52:21.784+0000] {processor.py:208} INFO - Processing /home/airflow/.local/lib/python3.12/site-packages/airflow/example_dags/tutorial_dag.py took 0.158 seconds
[2025-01-10T00:52:52.057+0000] {processor.py:186} INFO - Started process (PID=1206) to work on /home/airflow/.local/lib/python3.12/site-packages/airflow/example_dags/tutorial_dag.py
[2025-01-10T00:52:52.058+0000] {processor.py:914} INFO - Processing file /home/airflow/.local/lib/python3.12/site-packages/airflow/example_dags/tutorial_dag.py for tasks to queue
[2025-01-10T00:52:52.060+0000] {logging_mixin.py:190} INFO - [2025-01-10T00:52:52.060+0000] {dagbag.py:588} INFO - Filling up the DagBag from /home/airflow/.local/lib/python3.12/site-packages/airflow/example_dags/tutorial_dag.py
[2025-01-10T00:52:52.068+0000] {processor.py:925} INFO - DAG(s) 'tutorial_dag' retrieved from /home/airflow/.local/lib/python3.12/site-packages/airflow/example_dags/tutorial_dag.py
[2025-01-10T00:52:52.085+0000] {logging_mixin.py:190} INFO - [2025-01-10T00:52:52.085+0000] {dag.py:3239} INFO - Sync 1 DAGs
[2025-01-10T00:52:52.099+0000] {logging_mixin.py:190} INFO - [2025-01-10T00:52:52.098+0000] {dag.py:4180} INFO - Setting next_dagrun for tutorial_dag to None, run_after=None
[2025-01-10T00:52:52.126+0000] {processor.py:208} INFO - Processing /home/airflow/.local/lib/python3.12/site-packages/airflow/example_dags/tutorial_dag.py took 0.075 seconds
[2025-01-10T00:53:22.726+0000] {processor.py:186} INFO - Started process (PID=1269) to work on /home/airflow/.local/lib/python3.12/site-packages/airflow/example_dags/tutorial_dag.py
[2025-01-10T00:53:22.727+0000] {processor.py:914} INFO - Processing file /home/airflow/.local/lib/python3.12/site-packages/airflow/example_dags/tutorial_dag.py for tasks to queue
[2025-01-10T00:53:22.730+0000] {logging_mixin.py:190} INFO - [2025-01-10T00:53:22.730+0000] {dagbag.py:588} INFO - Filling up the DagBag from /home/airflow/.local/lib/python3.12/site-packages/airflow/example_dags/tutorial_dag.py
[2025-01-10T00:53:22.739+0000] {processor.py:925} INFO - DAG(s) 'tutorial_dag' retrieved from /home/airflow/.local/lib/python3.12/site-packages/airflow/example_dags/tutorial_dag.py
[2025-01-10T00:53:22.766+0000] {logging_mixin.py:190} INFO - [2025-01-10T00:53:22.766+0000] {dag.py:3239} INFO - Sync 1 DAGs
[2025-01-10T00:53:22.783+0000] {logging_mixin.py:190} INFO - [2025-01-10T00:53:22.782+0000] {dag.py:4180} INFO - Setting next_dagrun for tutorial_dag to None, run_after=None
[2025-01-10T00:53:22.808+0000] {processor.py:208} INFO - Processing /home/airflow/.local/lib/python3.12/site-packages/airflow/example_dags/tutorial_dag.py took 0.088 seconds
[2025-01-10T00:53:52.982+0000] {processor.py:186} INFO - Started process (PID=1333) to work on /home/airflow/.local/lib/python3.12/site-packages/airflow/example_dags/tutorial_dag.py
[2025-01-10T00:53:52.983+0000] {processor.py:914} INFO - Processing file /home/airflow/.local/lib/python3.12/site-packages/airflow/example_dags/tutorial_dag.py for tasks to queue
[2025-01-10T00:53:52.986+0000] {logging_mixin.py:190} INFO - [2025-01-10T00:53:52.986+0000] {dagbag.py:588} INFO - Filling up the DagBag from /home/airflow/.local/lib/python3.12/site-packages/airflow/example_dags/tutorial_dag.py
[2025-01-10T00:53:52.997+0000] {processor.py:925} INFO - DAG(s) 'tutorial_dag' retrieved from /home/airflow/.local/lib/python3.12/site-packages/airflow/example_dags/tutorial_dag.py
[2025-01-10T00:53:53.026+0000] {logging_mixin.py:190} INFO - [2025-01-10T00:53:53.026+0000] {dag.py:3239} INFO - Sync 1 DAGs
[2025-01-10T00:53:53.045+0000] {logging_mixin.py:190} INFO - [2025-01-10T00:53:53.045+0000] {dag.py:4180} INFO - Setting next_dagrun for tutorial_dag to None, run_after=None
[2025-01-10T00:53:53.074+0000] {processor.py:208} INFO - Processing /home/airflow/.local/lib/python3.12/site-packages/airflow/example_dags/tutorial_dag.py took 0.101 seconds
[2025-01-10T00:54:23.584+0000] {processor.py:186} INFO - Started process (PID=1396) to work on /home/airflow/.local/lib/python3.12/site-packages/airflow/example_dags/tutorial_dag.py
[2025-01-10T00:54:23.585+0000] {processor.py:914} INFO - Processing file /home/airflow/.local/lib/python3.12/site-packages/airflow/example_dags/tutorial_dag.py for tasks to queue
[2025-01-10T00:54:23.588+0000] {logging_mixin.py:190} INFO - [2025-01-10T00:54:23.587+0000] {dagbag.py:588} INFO - Filling up the DagBag from /home/airflow/.local/lib/python3.12/site-packages/airflow/example_dags/tutorial_dag.py
[2025-01-10T00:54:23.595+0000] {processor.py:925} INFO - DAG(s) 'tutorial_dag' retrieved from /home/airflow/.local/lib/python3.12/site-packages/airflow/example_dags/tutorial_dag.py
[2025-01-10T00:54:23.617+0000] {logging_mixin.py:190} INFO - [2025-01-10T00:54:23.617+0000] {dag.py:3239} INFO - Sync 1 DAGs
[2025-01-10T00:54:23.636+0000] {logging_mixin.py:190} INFO - [2025-01-10T00:54:23.636+0000] {dag.py:4180} INFO - Setting next_dagrun for tutorial_dag to None, run_after=None
[2025-01-10T00:54:23.657+0000] {processor.py:208} INFO - Processing /home/airflow/.local/lib/python3.12/site-packages/airflow/example_dags/tutorial_dag.py took 0.079 seconds
[2025-01-10T00:54:53.698+0000] {processor.py:186} INFO - Started process (PID=1459) to work on /home/airflow/.local/lib/python3.12/site-packages/airflow/example_dags/tutorial_dag.py
[2025-01-10T00:54:53.699+0000] {processor.py:914} INFO - Processing file /home/airflow/.local/lib/python3.12/site-packages/airflow/example_dags/tutorial_dag.py for tasks to queue
[2025-01-10T00:54:53.701+0000] {logging_mixin.py:190} INFO - [2025-01-10T00:54:53.701+0000] {dagbag.py:588} INFO - Filling up the DagBag from /home/airflow/.local/lib/python3.12/site-packages/airflow/example_dags/tutorial_dag.py
[2025-01-10T00:54:53.708+0000] {processor.py:925} INFO - DAG(s) 'tutorial_dag' retrieved from /home/airflow/.local/lib/python3.12/site-packages/airflow/example_dags/tutorial_dag.py
[2025-01-10T00:54:53.727+0000] {logging_mixin.py:190} INFO - [2025-01-10T00:54:53.727+0000] {dag.py:3239} INFO - Sync 1 DAGs
[2025-01-10T00:54:53.741+0000] {logging_mixin.py:190} INFO - [2025-01-10T00:54:53.740+0000] {dag.py:4180} INFO - Setting next_dagrun for tutorial_dag to None, run_after=None
[2025-01-10T00:54:53.760+0000] {processor.py:208} INFO - Processing /home/airflow/.local/lib/python3.12/site-packages/airflow/example_dags/tutorial_dag.py took 0.068 seconds
[2025-01-10T00:55:24.076+0000] {processor.py:186} INFO - Started process (PID=1522) to work on /home/airflow/.local/lib/python3.12/site-packages/airflow/example_dags/tutorial_dag.py
[2025-01-10T00:55:24.077+0000] {processor.py:914} INFO - Processing file /home/airflow/.local/lib/python3.12/site-packages/airflow/example_dags/tutorial_dag.py for tasks to queue
[2025-01-10T00:55:24.079+0000] {logging_mixin.py:190} INFO - [2025-01-10T00:55:24.079+0000] {dagbag.py:588} INFO - Filling up the DagBag from /home/airflow/.local/lib/python3.12/site-packages/airflow/example_dags/tutorial_dag.py
[2025-01-10T00:55:24.086+0000] {processor.py:925} INFO - DAG(s) 'tutorial_dag' retrieved from /home/airflow/.local/lib/python3.12/site-packages/airflow/example_dags/tutorial_dag.py
[2025-01-10T00:55:24.105+0000] {logging_mixin.py:190} INFO - [2025-01-10T00:55:24.105+0000] {dag.py:3239} INFO - Sync 1 DAGs
[2025-01-10T00:55:24.119+0000] {logging_mixin.py:190} INFO - [2025-01-10T00:55:24.119+0000] {dag.py:4180} INFO - Setting next_dagrun for tutorial_dag to None, run_after=None
[2025-01-10T00:55:24.138+0000] {processor.py:208} INFO - Processing /home/airflow/.local/lib/python3.12/site-packages/airflow/example_dags/tutorial_dag.py took 0.068 seconds
[2025-01-10T00:55:54.709+0000] {processor.py:186} INFO - Started process (PID=1585) to work on /home/airflow/.local/lib/python3.12/site-packages/airflow/example_dags/tutorial_dag.py
[2025-01-10T00:55:54.710+0000] {processor.py:914} INFO - Processing file /home/airflow/.local/lib/python3.12/site-packages/airflow/example_dags/tutorial_dag.py for tasks to queue
[2025-01-10T00:55:54.712+0000] {logging_mixin.py:190} INFO - [2025-01-10T00:55:54.712+0000] {dagbag.py:588} INFO - Filling up the DagBag from /home/airflow/.local/lib/python3.12/site-packages/airflow/example_dags/tutorial_dag.py
[2025-01-10T00:55:54.719+0000] {processor.py:925} INFO - DAG(s) 'tutorial_dag' retrieved from /home/airflow/.local/lib/python3.12/site-packages/airflow/example_dags/tutorial_dag.py
[2025-01-10T00:55:54.738+0000] {logging_mixin.py:190} INFO - [2025-01-10T00:55:54.738+0000] {dag.py:3239} INFO - Sync 1 DAGs
[2025-01-10T00:55:54.753+0000] {logging_mixin.py:190} INFO - [2025-01-10T00:55:54.753+0000] {dag.py:4180} INFO - Setting next_dagrun for tutorial_dag to None, run_after=None
[2025-01-10T00:55:54.774+0000] {processor.py:208} INFO - Processing /home/airflow/.local/lib/python3.12/site-packages/airflow/example_dags/tutorial_dag.py took 0.070 seconds
[2025-01-10T00:56:25.096+0000] {processor.py:186} INFO - Started process (PID=1647) to work on /home/airflow/.local/lib/python3.12/site-packages/airflow/example_dags/tutorial_dag.py
[2025-01-10T00:56:25.096+0000] {processor.py:914} INFO - Processing file /home/airflow/.local/lib/python3.12/site-packages/airflow/example_dags/tutorial_dag.py for tasks to queue
[2025-01-10T00:56:25.099+0000] {logging_mixin.py:190} INFO - [2025-01-10T00:56:25.098+0000] {dagbag.py:588} INFO - Filling up the DagBag from /home/airflow/.local/lib/python3.12/site-packages/airflow/example_dags/tutorial_dag.py
[2025-01-10T00:56:25.106+0000] {processor.py:925} INFO - DAG(s) 'tutorial_dag' retrieved from /home/airflow/.local/lib/python3.12/site-packages/airflow/example_dags/tutorial_dag.py
[2025-01-10T00:56:25.124+0000] {logging_mixin.py:190} INFO - [2025-01-10T00:56:25.124+0000] {dag.py:3239} INFO - Sync 1 DAGs
[2025-01-10T00:56:25.138+0000] {logging_mixin.py:190} INFO - [2025-01-10T00:56:25.137+0000] {dag.py:4180} INFO - Setting next_dagrun for tutorial_dag to None, run_after=None
[2025-01-10T00:56:25.157+0000] {processor.py:208} INFO - Processing /home/airflow/.local/lib/python3.12/site-packages/airflow/example_dags/tutorial_dag.py took 0.068 seconds
[2025-01-10T00:56:55.651+0000] {processor.py:186} INFO - Started process (PID=1710) to work on /home/airflow/.local/lib/python3.12/site-packages/airflow/example_dags/tutorial_dag.py
[2025-01-10T00:56:55.653+0000] {processor.py:914} INFO - Processing file /home/airflow/.local/lib/python3.12/site-packages/airflow/example_dags/tutorial_dag.py for tasks to queue
[2025-01-10T00:56:55.655+0000] {logging_mixin.py:190} INFO - [2025-01-10T00:56:55.655+0000] {dagbag.py:588} INFO - Filling up the DagBag from /home/airflow/.local/lib/python3.12/site-packages/airflow/example_dags/tutorial_dag.py
[2025-01-10T00:56:55.662+0000] {processor.py:925} INFO - DAG(s) 'tutorial_dag' retrieved from /home/airflow/.local/lib/python3.12/site-packages/airflow/example_dags/tutorial_dag.py
[2025-01-10T00:56:55.681+0000] {logging_mixin.py:190} INFO - [2025-01-10T00:56:55.681+0000] {dag.py:3239} INFO - Sync 1 DAGs
[2025-01-10T00:56:55.695+0000] {logging_mixin.py:190} INFO - [2025-01-10T00:56:55.695+0000] {dag.py:4180} INFO - Setting next_dagrun for tutorial_dag to None, run_after=None
[2025-01-10T00:56:55.714+0000] {processor.py:208} INFO - Processing /home/airflow/.local/lib/python3.12/site-packages/airflow/example_dags/tutorial_dag.py took 0.069 seconds
[2025-01-10T00:57:25.935+0000] {processor.py:186} INFO - Started process (PID=1773) to work on /home/airflow/.local/lib/python3.12/site-packages/airflow/example_dags/tutorial_dag.py
[2025-01-10T00:57:25.936+0000] {processor.py:914} INFO - Processing file /home/airflow/.local/lib/python3.12/site-packages/airflow/example_dags/tutorial_dag.py for tasks to queue
[2025-01-10T00:57:25.938+0000] {logging_mixin.py:190} INFO - [2025-01-10T00:57:25.938+0000] {dagbag.py:588} INFO - Filling up the DagBag from /home/airflow/.local/lib/python3.12/site-packages/airflow/example_dags/tutorial_dag.py
[2025-01-10T00:57:25.945+0000] {processor.py:925} INFO - DAG(s) 'tutorial_dag' retrieved from /home/airflow/.local/lib/python3.12/site-packages/airflow/example_dags/tutorial_dag.py
[2025-01-10T00:57:25.964+0000] {logging_mixin.py:190} INFO - [2025-01-10T00:57:25.964+0000] {dag.py:3239} INFO - Sync 1 DAGs
[2025-01-10T00:57:25.979+0000] {logging_mixin.py:190} INFO - [2025-01-10T00:57:25.979+0000] {dag.py:4180} INFO - Setting next_dagrun for tutorial_dag to None, run_after=None
[2025-01-10T00:57:25.999+0000] {processor.py:208} INFO - Processing /home/airflow/.local/lib/python3.12/site-packages/airflow/example_dags/tutorial_dag.py took 0.069 seconds
[2025-01-10T00:57:56.462+0000] {processor.py:186} INFO - Started process (PID=1818) to work on /home/airflow/.local/lib/python3.12/site-packages/airflow/example_dags/tutorial_dag.py
[2025-01-10T00:57:56.463+0000] {processor.py:914} INFO - Processing file /home/airflow/.local/lib/python3.12/site-packages/airflow/example_dags/tutorial_dag.py for tasks to queue
[2025-01-10T00:57:56.466+0000] {logging_mixin.py:190} INFO - [2025-01-10T00:57:56.466+0000] {dagbag.py:588} INFO - Filling up the DagBag from /home/airflow/.local/lib/python3.12/site-packages/airflow/example_dags/tutorial_dag.py
[2025-01-10T00:57:56.476+0000] {processor.py:925} INFO - DAG(s) 'tutorial_dag' retrieved from /home/airflow/.local/lib/python3.12/site-packages/airflow/example_dags/tutorial_dag.py
[2025-01-10T00:57:56.494+0000] {logging_mixin.py:190} INFO - [2025-01-10T00:57:56.494+0000] {dag.py:3239} INFO - Sync 1 DAGs
[2025-01-10T00:57:56.509+0000] {logging_mixin.py:190} INFO - [2025-01-10T00:57:56.508+0000] {dag.py:4180} INFO - Setting next_dagrun for tutorial_dag to None, run_after=None
[2025-01-10T00:57:56.528+0000] {processor.py:208} INFO - Processing /home/airflow/.local/lib/python3.12/site-packages/airflow/example_dags/tutorial_dag.py took 0.077 seconds
[2025-01-10T00:58:27.414+0000] {processor.py:186} INFO - Started process (PID=1879) to work on /home/airflow/.local/lib/python3.12/site-packages/airflow/example_dags/tutorial_dag.py
[2025-01-10T00:58:27.415+0000] {processor.py:914} INFO - Processing file /home/airflow/.local/lib/python3.12/site-packages/airflow/example_dags/tutorial_dag.py for tasks to queue
[2025-01-10T00:58:27.417+0000] {logging_mixin.py:190} INFO - [2025-01-10T00:58:27.417+0000] {dagbag.py:588} INFO - Filling up the DagBag from /home/airflow/.local/lib/python3.12/site-packages/airflow/example_dags/tutorial_dag.py
[2025-01-10T00:58:27.425+0000] {processor.py:925} INFO - DAG(s) 'tutorial_dag' retrieved from /home/airflow/.local/lib/python3.12/site-packages/airflow/example_dags/tutorial_dag.py
[2025-01-10T00:58:27.448+0000] {logging_mixin.py:190} INFO - [2025-01-10T00:58:27.448+0000] {dag.py:3239} INFO - Sync 1 DAGs
[2025-01-10T00:58:27.465+0000] {logging_mixin.py:190} INFO - [2025-01-10T00:58:27.465+0000] {dag.py:4180} INFO - Setting next_dagrun for tutorial_dag to None, run_after=None
[2025-01-10T00:58:27.487+0000] {processor.py:208} INFO - Processing /home/airflow/.local/lib/python3.12/site-packages/airflow/example_dags/tutorial_dag.py took 0.079 seconds
[2025-01-10T01:01:55.530+0000] {processor.py:186} INFO - Started process (PID=59) to work on /home/airflow/.local/lib/python3.12/site-packages/airflow/example_dags/tutorial_dag.py
[2025-01-10T01:01:55.535+0000] {processor.py:914} INFO - Processing file /home/airflow/.local/lib/python3.12/site-packages/airflow/example_dags/tutorial_dag.py for tasks to queue
[2025-01-10T01:01:55.541+0000] {logging_mixin.py:190} INFO - [2025-01-10T01:01:55.540+0000] {dagbag.py:588} INFO - Filling up the DagBag from /home/airflow/.local/lib/python3.12/site-packages/airflow/example_dags/tutorial_dag.py
[2025-01-10T01:01:55.558+0000] {processor.py:925} INFO - DAG(s) 'tutorial_dag' retrieved from /home/airflow/.local/lib/python3.12/site-packages/airflow/example_dags/tutorial_dag.py
[2025-01-10T01:01:55.611+0000] {logging_mixin.py:190} INFO - [2025-01-10T01:01:55.610+0000] {dag.py:3239} INFO - Sync 1 DAGs
[2025-01-10T01:01:55.633+0000] {logging_mixin.py:190} INFO - [2025-01-10T01:01:55.632+0000] {dag.py:4180} INFO - Setting next_dagrun for tutorial_dag to None, run_after=None
[2025-01-10T01:01:55.693+0000] {processor.py:208} INFO - Processing /home/airflow/.local/lib/python3.12/site-packages/airflow/example_dags/tutorial_dag.py took 0.176 seconds
[2025-01-10T01:02:26.550+0000] {processor.py:186} INFO - Started process (PID=122) to work on /home/airflow/.local/lib/python3.12/site-packages/airflow/example_dags/tutorial_dag.py
[2025-01-10T01:02:26.556+0000] {processor.py:914} INFO - Processing file /home/airflow/.local/lib/python3.12/site-packages/airflow/example_dags/tutorial_dag.py for tasks to queue
[2025-01-10T01:02:26.561+0000] {logging_mixin.py:190} INFO - [2025-01-10T01:02:26.560+0000] {dagbag.py:588} INFO - Filling up the DagBag from /home/airflow/.local/lib/python3.12/site-packages/airflow/example_dags/tutorial_dag.py
[2025-01-10T01:02:26.578+0000] {processor.py:925} INFO - DAG(s) 'tutorial_dag' retrieved from /home/airflow/.local/lib/python3.12/site-packages/airflow/example_dags/tutorial_dag.py
[2025-01-10T01:02:26.612+0000] {logging_mixin.py:190} INFO - [2025-01-10T01:02:26.612+0000] {dag.py:3239} INFO - Sync 1 DAGs
[2025-01-10T01:02:26.634+0000] {logging_mixin.py:190} INFO - [2025-01-10T01:02:26.634+0000] {dag.py:4180} INFO - Setting next_dagrun for tutorial_dag to None, run_after=None
[2025-01-10T01:02:26.661+0000] {processor.py:208} INFO - Processing /home/airflow/.local/lib/python3.12/site-packages/airflow/example_dags/tutorial_dag.py took 0.120 seconds
[2025-01-10T01:02:56.973+0000] {processor.py:186} INFO - Started process (PID=185) to work on /home/airflow/.local/lib/python3.12/site-packages/airflow/example_dags/tutorial_dag.py
[2025-01-10T01:02:56.974+0000] {processor.py:914} INFO - Processing file /home/airflow/.local/lib/python3.12/site-packages/airflow/example_dags/tutorial_dag.py for tasks to queue
[2025-01-10T01:02:56.977+0000] {logging_mixin.py:190} INFO - [2025-01-10T01:02:56.976+0000] {dagbag.py:588} INFO - Filling up the DagBag from /home/airflow/.local/lib/python3.12/site-packages/airflow/example_dags/tutorial_dag.py
[2025-01-10T01:02:56.985+0000] {processor.py:925} INFO - DAG(s) 'tutorial_dag' retrieved from /home/airflow/.local/lib/python3.12/site-packages/airflow/example_dags/tutorial_dag.py
[2025-01-10T01:02:57.010+0000] {logging_mixin.py:190} INFO - [2025-01-10T01:02:57.009+0000] {dag.py:3239} INFO - Sync 1 DAGs
[2025-01-10T01:02:57.029+0000] {logging_mixin.py:190} INFO - [2025-01-10T01:02:57.028+0000] {dag.py:4180} INFO - Setting next_dagrun for tutorial_dag to None, run_after=None
[2025-01-10T01:02:57.054+0000] {processor.py:208} INFO - Processing /home/airflow/.local/lib/python3.12/site-packages/airflow/example_dags/tutorial_dag.py took 0.087 seconds
[2025-01-10T01:03:27.946+0000] {processor.py:186} INFO - Started process (PID=248) to work on /home/airflow/.local/lib/python3.12/site-packages/airflow/example_dags/tutorial_dag.py
[2025-01-10T01:03:27.947+0000] {processor.py:914} INFO - Processing file /home/airflow/.local/lib/python3.12/site-packages/airflow/example_dags/tutorial_dag.py for tasks to queue
[2025-01-10T01:03:27.950+0000] {logging_mixin.py:190} INFO - [2025-01-10T01:03:27.950+0000] {dagbag.py:588} INFO - Filling up the DagBag from /home/airflow/.local/lib/python3.12/site-packages/airflow/example_dags/tutorial_dag.py
[2025-01-10T01:03:27.959+0000] {processor.py:925} INFO - DAG(s) 'tutorial_dag' retrieved from /home/airflow/.local/lib/python3.12/site-packages/airflow/example_dags/tutorial_dag.py
[2025-01-10T01:03:27.977+0000] {logging_mixin.py:190} INFO - [2025-01-10T01:03:27.977+0000] {dag.py:3239} INFO - Sync 1 DAGs
[2025-01-10T01:03:27.993+0000] {logging_mixin.py:190} INFO - [2025-01-10T01:03:27.992+0000] {dag.py:4180} INFO - Setting next_dagrun for tutorial_dag to None, run_after=None
[2025-01-10T01:03:28.013+0000] {processor.py:208} INFO - Processing /home/airflow/.local/lib/python3.12/site-packages/airflow/example_dags/tutorial_dag.py took 0.074 seconds
[2025-01-10T01:03:58.561+0000] {processor.py:186} INFO - Started process (PID=311) to work on /home/airflow/.local/lib/python3.12/site-packages/airflow/example_dags/tutorial_dag.py
[2025-01-10T01:03:58.566+0000] {processor.py:914} INFO - Processing file /home/airflow/.local/lib/python3.12/site-packages/airflow/example_dags/tutorial_dag.py for tasks to queue
[2025-01-10T01:03:58.570+0000] {logging_mixin.py:190} INFO - [2025-01-10T01:03:58.570+0000] {dagbag.py:588} INFO - Filling up the DagBag from /home/airflow/.local/lib/python3.12/site-packages/airflow/example_dags/tutorial_dag.py
[2025-01-10T01:03:58.600+0000] {processor.py:925} INFO - DAG(s) 'tutorial_dag' retrieved from /home/airflow/.local/lib/python3.12/site-packages/airflow/example_dags/tutorial_dag.py
[2025-01-10T01:03:58.649+0000] {logging_mixin.py:190} INFO - [2025-01-10T01:03:58.647+0000] {dag.py:3239} INFO - Sync 1 DAGs
[2025-01-10T01:03:58.691+0000] {logging_mixin.py:190} INFO - [2025-01-10T01:03:58.691+0000] {dag.py:4180} INFO - Setting next_dagrun for tutorial_dag to None, run_after=None
[2025-01-10T01:03:58.739+0000] {processor.py:208} INFO - Processing /home/airflow/.local/lib/python3.12/site-packages/airflow/example_dags/tutorial_dag.py took 0.191 seconds
[2025-01-10T01:04:29.748+0000] {processor.py:186} INFO - Started process (PID=374) to work on /home/airflow/.local/lib/python3.12/site-packages/airflow/example_dags/tutorial_dag.py
[2025-01-10T01:04:29.749+0000] {processor.py:914} INFO - Processing file /home/airflow/.local/lib/python3.12/site-packages/airflow/example_dags/tutorial_dag.py for tasks to queue
[2025-01-10T01:04:29.752+0000] {logging_mixin.py:190} INFO - [2025-01-10T01:04:29.752+0000] {dagbag.py:588} INFO - Filling up the DagBag from /home/airflow/.local/lib/python3.12/site-packages/airflow/example_dags/tutorial_dag.py
[2025-01-10T01:04:29.761+0000] {processor.py:925} INFO - DAG(s) 'tutorial_dag' retrieved from /home/airflow/.local/lib/python3.12/site-packages/airflow/example_dags/tutorial_dag.py
[2025-01-10T01:04:29.783+0000] {logging_mixin.py:190} INFO - [2025-01-10T01:04:29.783+0000] {dag.py:3239} INFO - Sync 1 DAGs
[2025-01-10T01:04:29.799+0000] {logging_mixin.py:190} INFO - [2025-01-10T01:04:29.799+0000] {dag.py:4180} INFO - Setting next_dagrun for tutorial_dag to None, run_after=None
[2025-01-10T01:04:29.826+0000] {processor.py:208} INFO - Processing /home/airflow/.local/lib/python3.12/site-packages/airflow/example_dags/tutorial_dag.py took 0.085 seconds
[2025-01-10T01:05:00.618+0000] {processor.py:186} INFO - Started process (PID=443) to work on /home/airflow/.local/lib/python3.12/site-packages/airflow/example_dags/tutorial_dag.py
[2025-01-10T01:05:00.619+0000] {processor.py:914} INFO - Processing file /home/airflow/.local/lib/python3.12/site-packages/airflow/example_dags/tutorial_dag.py for tasks to queue
[2025-01-10T01:05:00.622+0000] {logging_mixin.py:190} INFO - [2025-01-10T01:05:00.621+0000] {dagbag.py:588} INFO - Filling up the DagBag from /home/airflow/.local/lib/python3.12/site-packages/airflow/example_dags/tutorial_dag.py
[2025-01-10T01:05:00.628+0000] {processor.py:925} INFO - DAG(s) 'tutorial_dag' retrieved from /home/airflow/.local/lib/python3.12/site-packages/airflow/example_dags/tutorial_dag.py
[2025-01-10T01:05:00.645+0000] {logging_mixin.py:190} INFO - [2025-01-10T01:05:00.645+0000] {dag.py:3239} INFO - Sync 1 DAGs
[2025-01-10T01:05:00.661+0000] {logging_mixin.py:190} INFO - [2025-01-10T01:05:00.661+0000] {dag.py:4180} INFO - Setting next_dagrun for tutorial_dag to None, run_after=None
[2025-01-10T01:05:00.704+0000] {processor.py:208} INFO - Processing /home/airflow/.local/lib/python3.12/site-packages/airflow/example_dags/tutorial_dag.py took 0.090 seconds
[2025-01-10T01:05:31.263+0000] {processor.py:186} INFO - Started process (PID=506) to work on /home/airflow/.local/lib/python3.12/site-packages/airflow/example_dags/tutorial_dag.py
[2025-01-10T01:05:31.264+0000] {processor.py:914} INFO - Processing file /home/airflow/.local/lib/python3.12/site-packages/airflow/example_dags/tutorial_dag.py for tasks to queue
[2025-01-10T01:05:31.267+0000] {logging_mixin.py:190} INFO - [2025-01-10T01:05:31.266+0000] {dagbag.py:588} INFO - Filling up the DagBag from /home/airflow/.local/lib/python3.12/site-packages/airflow/example_dags/tutorial_dag.py
[2025-01-10T01:05:31.274+0000] {processor.py:925} INFO - DAG(s) 'tutorial_dag' retrieved from /home/airflow/.local/lib/python3.12/site-packages/airflow/example_dags/tutorial_dag.py
[2025-01-10T01:05:31.292+0000] {logging_mixin.py:190} INFO - [2025-01-10T01:05:31.292+0000] {dag.py:3239} INFO - Sync 1 DAGs
[2025-01-10T01:05:31.306+0000] {logging_mixin.py:190} INFO - [2025-01-10T01:05:31.305+0000] {dag.py:4180} INFO - Setting next_dagrun for tutorial_dag to None, run_after=None
[2025-01-10T01:05:31.330+0000] {processor.py:208} INFO - Processing /home/airflow/.local/lib/python3.12/site-packages/airflow/example_dags/tutorial_dag.py took 0.071 seconds
[2025-01-10T01:06:02.100+0000] {processor.py:186} INFO - Started process (PID=569) to work on /home/airflow/.local/lib/python3.12/site-packages/airflow/example_dags/tutorial_dag.py
[2025-01-10T01:06:02.101+0000] {processor.py:914} INFO - Processing file /home/airflow/.local/lib/python3.12/site-packages/airflow/example_dags/tutorial_dag.py for tasks to queue
[2025-01-10T01:06:02.104+0000] {logging_mixin.py:190} INFO - [2025-01-10T01:06:02.103+0000] {dagbag.py:588} INFO - Filling up the DagBag from /home/airflow/.local/lib/python3.12/site-packages/airflow/example_dags/tutorial_dag.py
[2025-01-10T01:06:02.110+0000] {processor.py:925} INFO - DAG(s) 'tutorial_dag' retrieved from /home/airflow/.local/lib/python3.12/site-packages/airflow/example_dags/tutorial_dag.py
[2025-01-10T01:06:02.131+0000] {logging_mixin.py:190} INFO - [2025-01-10T01:06:02.130+0000] {dag.py:3239} INFO - Sync 1 DAGs
[2025-01-10T01:06:02.146+0000] {logging_mixin.py:190} INFO - [2025-01-10T01:06:02.145+0000] {dag.py:4180} INFO - Setting next_dagrun for tutorial_dag to None, run_after=None
[2025-01-10T01:06:02.166+0000] {processor.py:208} INFO - Processing /home/airflow/.local/lib/python3.12/site-packages/airflow/example_dags/tutorial_dag.py took 0.071 seconds
[2025-01-10T01:06:32.287+0000] {processor.py:186} INFO - Started process (PID=632) to work on /home/airflow/.local/lib/python3.12/site-packages/airflow/example_dags/tutorial_dag.py
[2025-01-10T01:06:32.288+0000] {processor.py:914} INFO - Processing file /home/airflow/.local/lib/python3.12/site-packages/airflow/example_dags/tutorial_dag.py for tasks to queue
[2025-01-10T01:06:32.290+0000] {logging_mixin.py:190} INFO - [2025-01-10T01:06:32.290+0000] {dagbag.py:588} INFO - Filling up the DagBag from /home/airflow/.local/lib/python3.12/site-packages/airflow/example_dags/tutorial_dag.py
[2025-01-10T01:06:32.298+0000] {processor.py:925} INFO - DAG(s) 'tutorial_dag' retrieved from /home/airflow/.local/lib/python3.12/site-packages/airflow/example_dags/tutorial_dag.py
[2025-01-10T01:06:32.316+0000] {logging_mixin.py:190} INFO - [2025-01-10T01:06:32.316+0000] {dag.py:3239} INFO - Sync 1 DAGs
[2025-01-10T01:06:32.334+0000] {logging_mixin.py:190} INFO - [2025-01-10T01:06:32.333+0000] {dag.py:4180} INFO - Setting next_dagrun for tutorial_dag to None, run_after=None
[2025-01-10T01:06:32.392+0000] {processor.py:208} INFO - Processing /home/airflow/.local/lib/python3.12/site-packages/airflow/example_dags/tutorial_dag.py took 0.111 seconds
[2025-01-10T01:07:02.507+0000] {processor.py:186} INFO - Started process (PID=695) to work on /home/airflow/.local/lib/python3.12/site-packages/airflow/example_dags/tutorial_dag.py
[2025-01-10T01:07:02.508+0000] {processor.py:914} INFO - Processing file /home/airflow/.local/lib/python3.12/site-packages/airflow/example_dags/tutorial_dag.py for tasks to queue
[2025-01-10T01:07:02.510+0000] {logging_mixin.py:190} INFO - [2025-01-10T01:07:02.510+0000] {dagbag.py:588} INFO - Filling up the DagBag from /home/airflow/.local/lib/python3.12/site-packages/airflow/example_dags/tutorial_dag.py
[2025-01-10T01:07:02.517+0000] {processor.py:925} INFO - DAG(s) 'tutorial_dag' retrieved from /home/airflow/.local/lib/python3.12/site-packages/airflow/example_dags/tutorial_dag.py
[2025-01-10T01:07:02.535+0000] {logging_mixin.py:190} INFO - [2025-01-10T01:07:02.534+0000] {dag.py:3239} INFO - Sync 1 DAGs
[2025-01-10T01:07:02.548+0000] {logging_mixin.py:190} INFO - [2025-01-10T01:07:02.548+0000] {dag.py:4180} INFO - Setting next_dagrun for tutorial_dag to None, run_after=None
[2025-01-10T01:07:02.568+0000] {processor.py:208} INFO - Processing /home/airflow/.local/lib/python3.12/site-packages/airflow/example_dags/tutorial_dag.py took 0.066 seconds
[2025-01-10T01:07:32.773+0000] {processor.py:186} INFO - Started process (PID=758) to work on /home/airflow/.local/lib/python3.12/site-packages/airflow/example_dags/tutorial_dag.py
[2025-01-10T01:07:32.774+0000] {processor.py:914} INFO - Processing file /home/airflow/.local/lib/python3.12/site-packages/airflow/example_dags/tutorial_dag.py for tasks to queue
[2025-01-10T01:07:32.778+0000] {logging_mixin.py:190} INFO - [2025-01-10T01:07:32.777+0000] {dagbag.py:588} INFO - Filling up the DagBag from /home/airflow/.local/lib/python3.12/site-packages/airflow/example_dags/tutorial_dag.py
[2025-01-10T01:07:32.785+0000] {processor.py:925} INFO - DAG(s) 'tutorial_dag' retrieved from /home/airflow/.local/lib/python3.12/site-packages/airflow/example_dags/tutorial_dag.py
[2025-01-10T01:07:32.803+0000] {logging_mixin.py:190} INFO - [2025-01-10T01:07:32.803+0000] {dag.py:3239} INFO - Sync 1 DAGs
[2025-01-10T01:07:32.820+0000] {logging_mixin.py:190} INFO - [2025-01-10T01:07:32.820+0000] {dag.py:4180} INFO - Setting next_dagrun for tutorial_dag to None, run_after=None
[2025-01-10T01:07:32.869+0000] {processor.py:208} INFO - Processing /home/airflow/.local/lib/python3.12/site-packages/airflow/example_dags/tutorial_dag.py took 0.102 seconds
[2025-01-10T01:08:02.935+0000] {processor.py:186} INFO - Started process (PID=821) to work on /home/airflow/.local/lib/python3.12/site-packages/airflow/example_dags/tutorial_dag.py
[2025-01-10T01:08:02.936+0000] {processor.py:914} INFO - Processing file /home/airflow/.local/lib/python3.12/site-packages/airflow/example_dags/tutorial_dag.py for tasks to queue
[2025-01-10T01:08:02.939+0000] {logging_mixin.py:190} INFO - [2025-01-10T01:08:02.939+0000] {dagbag.py:588} INFO - Filling up the DagBag from /home/airflow/.local/lib/python3.12/site-packages/airflow/example_dags/tutorial_dag.py
[2025-01-10T01:08:02.947+0000] {processor.py:925} INFO - DAG(s) 'tutorial_dag' retrieved from /home/airflow/.local/lib/python3.12/site-packages/airflow/example_dags/tutorial_dag.py
[2025-01-10T01:08:02.970+0000] {logging_mixin.py:190} INFO - [2025-01-10T01:08:02.970+0000] {dag.py:3239} INFO - Sync 1 DAGs
[2025-01-10T01:08:02.989+0000] {logging_mixin.py:190} INFO - [2025-01-10T01:08:02.989+0000] {dag.py:4180} INFO - Setting next_dagrun for tutorial_dag to None, run_after=None
[2025-01-10T01:08:03.041+0000] {processor.py:208} INFO - Processing /home/airflow/.local/lib/python3.12/site-packages/airflow/example_dags/tutorial_dag.py took 0.112 seconds
[2025-01-10T01:08:33.315+0000] {processor.py:186} INFO - Started process (PID=884) to work on /home/airflow/.local/lib/python3.12/site-packages/airflow/example_dags/tutorial_dag.py
[2025-01-10T01:08:33.316+0000] {processor.py:914} INFO - Processing file /home/airflow/.local/lib/python3.12/site-packages/airflow/example_dags/tutorial_dag.py for tasks to queue
[2025-01-10T01:08:33.319+0000] {logging_mixin.py:190} INFO - [2025-01-10T01:08:33.318+0000] {dagbag.py:588} INFO - Filling up the DagBag from /home/airflow/.local/lib/python3.12/site-packages/airflow/example_dags/tutorial_dag.py
[2025-01-10T01:08:33.325+0000] {processor.py:925} INFO - DAG(s) 'tutorial_dag' retrieved from /home/airflow/.local/lib/python3.12/site-packages/airflow/example_dags/tutorial_dag.py
[2025-01-10T01:08:33.344+0000] {logging_mixin.py:190} INFO - [2025-01-10T01:08:33.343+0000] {dag.py:3239} INFO - Sync 1 DAGs
[2025-01-10T01:08:33.358+0000] {logging_mixin.py:190} INFO - [2025-01-10T01:08:33.358+0000] {dag.py:4180} INFO - Setting next_dagrun for tutorial_dag to None, run_after=None
[2025-01-10T01:08:33.379+0000] {processor.py:208} INFO - Processing /home/airflow/.local/lib/python3.12/site-packages/airflow/example_dags/tutorial_dag.py took 0.069 seconds
[2025-01-10T01:09:03.617+0000] {processor.py:186} INFO - Started process (PID=948) to work on /home/airflow/.local/lib/python3.12/site-packages/airflow/example_dags/tutorial_dag.py
[2025-01-10T01:09:03.619+0000] {processor.py:914} INFO - Processing file /home/airflow/.local/lib/python3.12/site-packages/airflow/example_dags/tutorial_dag.py for tasks to queue
[2025-01-10T01:09:03.622+0000] {logging_mixin.py:190} INFO - [2025-01-10T01:09:03.622+0000] {dagbag.py:588} INFO - Filling up the DagBag from /home/airflow/.local/lib/python3.12/site-packages/airflow/example_dags/tutorial_dag.py
[2025-01-10T01:09:03.632+0000] {processor.py:925} INFO - DAG(s) 'tutorial_dag' retrieved from /home/airflow/.local/lib/python3.12/site-packages/airflow/example_dags/tutorial_dag.py
[2025-01-10T01:09:03.655+0000] {logging_mixin.py:190} INFO - [2025-01-10T01:09:03.655+0000] {dag.py:3239} INFO - Sync 1 DAGs
[2025-01-10T01:09:03.675+0000] {logging_mixin.py:190} INFO - [2025-01-10T01:09:03.674+0000] {dag.py:4180} INFO - Setting next_dagrun for tutorial_dag to None, run_after=None
[2025-01-10T01:09:03.698+0000] {processor.py:208} INFO - Processing /home/airflow/.local/lib/python3.12/site-packages/airflow/example_dags/tutorial_dag.py took 0.087 seconds
[2025-01-10T01:09:34.243+0000] {processor.py:186} INFO - Started process (PID=1011) to work on /home/airflow/.local/lib/python3.12/site-packages/airflow/example_dags/tutorial_dag.py
[2025-01-10T01:09:34.244+0000] {processor.py:914} INFO - Processing file /home/airflow/.local/lib/python3.12/site-packages/airflow/example_dags/tutorial_dag.py for tasks to queue
[2025-01-10T01:09:34.247+0000] {logging_mixin.py:190} INFO - [2025-01-10T01:09:34.246+0000] {dagbag.py:588} INFO - Filling up the DagBag from /home/airflow/.local/lib/python3.12/site-packages/airflow/example_dags/tutorial_dag.py
[2025-01-10T01:09:34.256+0000] {processor.py:925} INFO - DAG(s) 'tutorial_dag' retrieved from /home/airflow/.local/lib/python3.12/site-packages/airflow/example_dags/tutorial_dag.py
[2025-01-10T01:09:34.276+0000] {logging_mixin.py:190} INFO - [2025-01-10T01:09:34.276+0000] {dag.py:3239} INFO - Sync 1 DAGs
[2025-01-10T01:09:34.294+0000] {logging_mixin.py:190} INFO - [2025-01-10T01:09:34.293+0000] {dag.py:4180} INFO - Setting next_dagrun for tutorial_dag to None, run_after=None
[2025-01-10T01:09:34.318+0000] {processor.py:208} INFO - Processing /home/airflow/.local/lib/python3.12/site-packages/airflow/example_dags/tutorial_dag.py took 0.083 seconds
[2025-01-10T01:10:04.360+0000] {processor.py:186} INFO - Started process (PID=1074) to work on /home/airflow/.local/lib/python3.12/site-packages/airflow/example_dags/tutorial_dag.py
[2025-01-10T01:10:04.361+0000] {processor.py:914} INFO - Processing file /home/airflow/.local/lib/python3.12/site-packages/airflow/example_dags/tutorial_dag.py for tasks to queue
[2025-01-10T01:10:04.364+0000] {logging_mixin.py:190} INFO - [2025-01-10T01:10:04.363+0000] {dagbag.py:588} INFO - Filling up the DagBag from /home/airflow/.local/lib/python3.12/site-packages/airflow/example_dags/tutorial_dag.py
[2025-01-10T01:10:04.372+0000] {processor.py:925} INFO - DAG(s) 'tutorial_dag' retrieved from /home/airflow/.local/lib/python3.12/site-packages/airflow/example_dags/tutorial_dag.py
[2025-01-10T01:10:04.393+0000] {logging_mixin.py:190} INFO - [2025-01-10T01:10:04.392+0000] {dag.py:3239} INFO - Sync 1 DAGs
[2025-01-10T01:10:04.409+0000] {logging_mixin.py:190} INFO - [2025-01-10T01:10:04.408+0000] {dag.py:4180} INFO - Setting next_dagrun for tutorial_dag to None, run_after=None
[2025-01-10T01:10:04.432+0000] {processor.py:208} INFO - Processing /home/airflow/.local/lib/python3.12/site-packages/airflow/example_dags/tutorial_dag.py took 0.078 seconds
[2025-01-10T01:10:34.900+0000] {processor.py:186} INFO - Started process (PID=1137) to work on /home/airflow/.local/lib/python3.12/site-packages/airflow/example_dags/tutorial_dag.py
[2025-01-10T01:10:34.901+0000] {processor.py:914} INFO - Processing file /home/airflow/.local/lib/python3.12/site-packages/airflow/example_dags/tutorial_dag.py for tasks to queue
[2025-01-10T01:10:34.904+0000] {logging_mixin.py:190} INFO - [2025-01-10T01:10:34.903+0000] {dagbag.py:588} INFO - Filling up the DagBag from /home/airflow/.local/lib/python3.12/site-packages/airflow/example_dags/tutorial_dag.py
[2025-01-10T01:10:34.911+0000] {processor.py:925} INFO - DAG(s) 'tutorial_dag' retrieved from /home/airflow/.local/lib/python3.12/site-packages/airflow/example_dags/tutorial_dag.py
[2025-01-10T01:10:34.931+0000] {logging_mixin.py:190} INFO - [2025-01-10T01:10:34.930+0000] {dag.py:3239} INFO - Sync 1 DAGs
[2025-01-10T01:10:34.944+0000] {logging_mixin.py:190} INFO - [2025-01-10T01:10:34.944+0000] {dag.py:4180} INFO - Setting next_dagrun for tutorial_dag to None, run_after=None
[2025-01-10T01:10:35.012+0000] {processor.py:208} INFO - Processing /home/airflow/.local/lib/python3.12/site-packages/airflow/example_dags/tutorial_dag.py took 0.118 seconds
[2025-01-10T01:11:05.231+0000] {processor.py:186} INFO - Started process (PID=1200) to work on /home/airflow/.local/lib/python3.12/site-packages/airflow/example_dags/tutorial_dag.py
[2025-01-10T01:11:05.232+0000] {processor.py:914} INFO - Processing file /home/airflow/.local/lib/python3.12/site-packages/airflow/example_dags/tutorial_dag.py for tasks to queue
[2025-01-10T01:11:05.236+0000] {logging_mixin.py:190} INFO - [2025-01-10T01:11:05.235+0000] {dagbag.py:588} INFO - Filling up the DagBag from /home/airflow/.local/lib/python3.12/site-packages/airflow/example_dags/tutorial_dag.py
[2025-01-10T01:11:05.245+0000] {processor.py:925} INFO - DAG(s) 'tutorial_dag' retrieved from /home/airflow/.local/lib/python3.12/site-packages/airflow/example_dags/tutorial_dag.py
[2025-01-10T01:11:05.269+0000] {logging_mixin.py:190} INFO - [2025-01-10T01:11:05.269+0000] {dag.py:3239} INFO - Sync 1 DAGs
[2025-01-10T01:11:05.287+0000] {logging_mixin.py:190} INFO - [2025-01-10T01:11:05.287+0000] {dag.py:4180} INFO - Setting next_dagrun for tutorial_dag to None, run_after=None
[2025-01-10T01:11:05.331+0000] {processor.py:208} INFO - Processing /home/airflow/.local/lib/python3.12/site-packages/airflow/example_dags/tutorial_dag.py took 0.107 seconds
[2025-01-10T01:11:36.069+0000] {processor.py:186} INFO - Started process (PID=1263) to work on /home/airflow/.local/lib/python3.12/site-packages/airflow/example_dags/tutorial_dag.py
[2025-01-10T01:11:36.070+0000] {processor.py:914} INFO - Processing file /home/airflow/.local/lib/python3.12/site-packages/airflow/example_dags/tutorial_dag.py for tasks to queue
[2025-01-10T01:11:36.073+0000] {logging_mixin.py:190} INFO - [2025-01-10T01:11:36.073+0000] {dagbag.py:588} INFO - Filling up the DagBag from /home/airflow/.local/lib/python3.12/site-packages/airflow/example_dags/tutorial_dag.py
[2025-01-10T01:11:36.082+0000] {processor.py:925} INFO - DAG(s) 'tutorial_dag' retrieved from /home/airflow/.local/lib/python3.12/site-packages/airflow/example_dags/tutorial_dag.py
[2025-01-10T01:11:36.111+0000] {logging_mixin.py:190} INFO - [2025-01-10T01:11:36.110+0000] {dag.py:3239} INFO - Sync 1 DAGs
[2025-01-10T01:11:36.135+0000] {logging_mixin.py:190} INFO - [2025-01-10T01:11:36.135+0000] {dag.py:4180} INFO - Setting next_dagrun for tutorial_dag to None, run_after=None
[2025-01-10T01:11:36.168+0000] {processor.py:208} INFO - Processing /home/airflow/.local/lib/python3.12/site-packages/airflow/example_dags/tutorial_dag.py took 0.106 seconds
[2025-01-10T01:12:06.264+0000] {processor.py:186} INFO - Started process (PID=1326) to work on /home/airflow/.local/lib/python3.12/site-packages/airflow/example_dags/tutorial_dag.py
[2025-01-10T01:12:06.265+0000] {processor.py:914} INFO - Processing file /home/airflow/.local/lib/python3.12/site-packages/airflow/example_dags/tutorial_dag.py for tasks to queue
[2025-01-10T01:12:06.268+0000] {logging_mixin.py:190} INFO - [2025-01-10T01:12:06.268+0000] {dagbag.py:588} INFO - Filling up the DagBag from /home/airflow/.local/lib/python3.12/site-packages/airflow/example_dags/tutorial_dag.py
[2025-01-10T01:12:06.276+0000] {processor.py:925} INFO - DAG(s) 'tutorial_dag' retrieved from /home/airflow/.local/lib/python3.12/site-packages/airflow/example_dags/tutorial_dag.py
[2025-01-10T01:12:06.303+0000] {logging_mixin.py:190} INFO - [2025-01-10T01:12:06.303+0000] {dag.py:3239} INFO - Sync 1 DAGs
[2025-01-10T01:12:06.317+0000] {logging_mixin.py:190} INFO - [2025-01-10T01:12:06.317+0000] {dag.py:4180} INFO - Setting next_dagrun for tutorial_dag to None, run_after=None
[2025-01-10T01:12:06.338+0000] {processor.py:208} INFO - Processing /home/airflow/.local/lib/python3.12/site-packages/airflow/example_dags/tutorial_dag.py took 0.084 seconds
[2025-01-10T01:12:36.966+0000] {processor.py:186} INFO - Started process (PID=1389) to work on /home/airflow/.local/lib/python3.12/site-packages/airflow/example_dags/tutorial_dag.py
[2025-01-10T01:12:36.967+0000] {processor.py:914} INFO - Processing file /home/airflow/.local/lib/python3.12/site-packages/airflow/example_dags/tutorial_dag.py for tasks to queue
[2025-01-10T01:12:36.969+0000] {logging_mixin.py:190} INFO - [2025-01-10T01:12:36.969+0000] {dagbag.py:588} INFO - Filling up the DagBag from /home/airflow/.local/lib/python3.12/site-packages/airflow/example_dags/tutorial_dag.py
[2025-01-10T01:12:36.977+0000] {processor.py:925} INFO - DAG(s) 'tutorial_dag' retrieved from /home/airflow/.local/lib/python3.12/site-packages/airflow/example_dags/tutorial_dag.py
[2025-01-10T01:12:36.997+0000] {logging_mixin.py:190} INFO - [2025-01-10T01:12:36.997+0000] {dag.py:3239} INFO - Sync 1 DAGs
[2025-01-10T01:12:37.011+0000] {logging_mixin.py:190} INFO - [2025-01-10T01:12:37.011+0000] {dag.py:4180} INFO - Setting next_dagrun for tutorial_dag to None, run_after=None
[2025-01-10T01:12:37.069+0000] {processor.py:208} INFO - Processing /home/airflow/.local/lib/python3.12/site-packages/airflow/example_dags/tutorial_dag.py took 0.109 seconds
[2025-01-10T01:13:07.598+0000] {processor.py:186} INFO - Started process (PID=1452) to work on /home/airflow/.local/lib/python3.12/site-packages/airflow/example_dags/tutorial_dag.py
[2025-01-10T01:13:07.599+0000] {processor.py:914} INFO - Processing file /home/airflow/.local/lib/python3.12/site-packages/airflow/example_dags/tutorial_dag.py for tasks to queue
[2025-01-10T01:13:07.602+0000] {logging_mixin.py:190} INFO - [2025-01-10T01:13:07.602+0000] {dagbag.py:588} INFO - Filling up the DagBag from /home/airflow/.local/lib/python3.12/site-packages/airflow/example_dags/tutorial_dag.py
[2025-01-10T01:13:07.609+0000] {processor.py:925} INFO - DAG(s) 'tutorial_dag' retrieved from /home/airflow/.local/lib/python3.12/site-packages/airflow/example_dags/tutorial_dag.py
[2025-01-10T01:13:07.628+0000] {logging_mixin.py:190} INFO - [2025-01-10T01:13:07.628+0000] {dag.py:3239} INFO - Sync 1 DAGs
[2025-01-10T01:13:07.643+0000] {logging_mixin.py:190} INFO - [2025-01-10T01:13:07.642+0000] {dag.py:4180} INFO - Setting next_dagrun for tutorial_dag to None, run_after=None
[2025-01-10T01:13:07.663+0000] {processor.py:208} INFO - Processing /home/airflow/.local/lib/python3.12/site-packages/airflow/example_dags/tutorial_dag.py took 0.071 seconds
[2025-01-10T01:13:37.834+0000] {processor.py:186} INFO - Started process (PID=1515) to work on /home/airflow/.local/lib/python3.12/site-packages/airflow/example_dags/tutorial_dag.py
[2025-01-10T01:13:37.836+0000] {processor.py:914} INFO - Processing file /home/airflow/.local/lib/python3.12/site-packages/airflow/example_dags/tutorial_dag.py for tasks to queue
[2025-01-10T01:13:37.840+0000] {logging_mixin.py:190} INFO - [2025-01-10T01:13:37.840+0000] {dagbag.py:588} INFO - Filling up the DagBag from /home/airflow/.local/lib/python3.12/site-packages/airflow/example_dags/tutorial_dag.py
[2025-01-10T01:13:37.850+0000] {processor.py:925} INFO - DAG(s) 'tutorial_dag' retrieved from /home/airflow/.local/lib/python3.12/site-packages/airflow/example_dags/tutorial_dag.py
[2025-01-10T01:13:37.876+0000] {logging_mixin.py:190} INFO - [2025-01-10T01:13:37.875+0000] {dag.py:3239} INFO - Sync 1 DAGs
[2025-01-10T01:13:37.892+0000] {logging_mixin.py:190} INFO - [2025-01-10T01:13:37.892+0000] {dag.py:4180} INFO - Setting next_dagrun for tutorial_dag to None, run_after=None
[2025-01-10T01:13:37.937+0000] {processor.py:208} INFO - Processing /home/airflow/.local/lib/python3.12/site-packages/airflow/example_dags/tutorial_dag.py took 0.110 seconds
[2025-01-10T01:14:08.048+0000] {processor.py:186} INFO - Started process (PID=1578) to work on /home/airflow/.local/lib/python3.12/site-packages/airflow/example_dags/tutorial_dag.py
[2025-01-10T01:14:08.049+0000] {processor.py:914} INFO - Processing file /home/airflow/.local/lib/python3.12/site-packages/airflow/example_dags/tutorial_dag.py for tasks to queue
[2025-01-10T01:14:08.051+0000] {logging_mixin.py:190} INFO - [2025-01-10T01:14:08.050+0000] {dagbag.py:588} INFO - Filling up the DagBag from /home/airflow/.local/lib/python3.12/site-packages/airflow/example_dags/tutorial_dag.py
[2025-01-10T01:14:08.058+0000] {processor.py:925} INFO - DAG(s) 'tutorial_dag' retrieved from /home/airflow/.local/lib/python3.12/site-packages/airflow/example_dags/tutorial_dag.py
[2025-01-10T01:14:08.076+0000] {logging_mixin.py:190} INFO - [2025-01-10T01:14:08.076+0000] {dag.py:3239} INFO - Sync 1 DAGs
[2025-01-10T01:14:08.091+0000] {logging_mixin.py:190} INFO - [2025-01-10T01:14:08.091+0000] {dag.py:4180} INFO - Setting next_dagrun for tutorial_dag to None, run_after=None
[2025-01-10T01:14:08.112+0000] {processor.py:208} INFO - Processing /home/airflow/.local/lib/python3.12/site-packages/airflow/example_dags/tutorial_dag.py took 0.069 seconds
[2025-01-10T01:14:38.915+0000] {processor.py:186} INFO - Started process (PID=1641) to work on /home/airflow/.local/lib/python3.12/site-packages/airflow/example_dags/tutorial_dag.py
[2025-01-10T01:14:38.916+0000] {processor.py:914} INFO - Processing file /home/airflow/.local/lib/python3.12/site-packages/airflow/example_dags/tutorial_dag.py for tasks to queue
[2025-01-10T01:14:38.921+0000] {logging_mixin.py:190} INFO - [2025-01-10T01:14:38.920+0000] {dagbag.py:588} INFO - Filling up the DagBag from /home/airflow/.local/lib/python3.12/site-packages/airflow/example_dags/tutorial_dag.py
[2025-01-10T01:14:38.930+0000] {processor.py:925} INFO - DAG(s) 'tutorial_dag' retrieved from /home/airflow/.local/lib/python3.12/site-packages/airflow/example_dags/tutorial_dag.py
[2025-01-10T01:14:38.955+0000] {logging_mixin.py:190} INFO - [2025-01-10T01:14:38.955+0000] {dag.py:3239} INFO - Sync 1 DAGs
[2025-01-10T01:14:38.983+0000] {logging_mixin.py:190} INFO - [2025-01-10T01:14:38.983+0000] {dag.py:4180} INFO - Setting next_dagrun for tutorial_dag to None, run_after=None
[2025-01-10T01:14:39.008+0000] {processor.py:208} INFO - Processing /home/airflow/.local/lib/python3.12/site-packages/airflow/example_dags/tutorial_dag.py took 0.099 seconds
[2025-01-10T01:15:09.623+0000] {processor.py:186} INFO - Started process (PID=1704) to work on /home/airflow/.local/lib/python3.12/site-packages/airflow/example_dags/tutorial_dag.py
[2025-01-10T01:15:09.624+0000] {processor.py:914} INFO - Processing file /home/airflow/.local/lib/python3.12/site-packages/airflow/example_dags/tutorial_dag.py for tasks to queue
[2025-01-10T01:15:09.627+0000] {logging_mixin.py:190} INFO - [2025-01-10T01:15:09.626+0000] {dagbag.py:588} INFO - Filling up the DagBag from /home/airflow/.local/lib/python3.12/site-packages/airflow/example_dags/tutorial_dag.py
[2025-01-10T01:15:09.634+0000] {processor.py:925} INFO - DAG(s) 'tutorial_dag' retrieved from /home/airflow/.local/lib/python3.12/site-packages/airflow/example_dags/tutorial_dag.py
[2025-01-10T01:15:09.656+0000] {logging_mixin.py:190} INFO - [2025-01-10T01:15:09.656+0000] {dag.py:3239} INFO - Sync 1 DAGs
[2025-01-10T01:15:09.671+0000] {logging_mixin.py:190} INFO - [2025-01-10T01:15:09.671+0000] {dag.py:4180} INFO - Setting next_dagrun for tutorial_dag to None, run_after=None
[2025-01-10T01:15:09.694+0000] {processor.py:208} INFO - Processing /home/airflow/.local/lib/python3.12/site-packages/airflow/example_dags/tutorial_dag.py took 0.076 seconds
[2025-01-10T01:15:40.215+0000] {processor.py:186} INFO - Started process (PID=1767) to work on /home/airflow/.local/lib/python3.12/site-packages/airflow/example_dags/tutorial_dag.py
[2025-01-10T01:15:40.217+0000] {processor.py:914} INFO - Processing file /home/airflow/.local/lib/python3.12/site-packages/airflow/example_dags/tutorial_dag.py for tasks to queue
[2025-01-10T01:15:40.220+0000] {logging_mixin.py:190} INFO - [2025-01-10T01:15:40.220+0000] {dagbag.py:588} INFO - Filling up the DagBag from /home/airflow/.local/lib/python3.12/site-packages/airflow/example_dags/tutorial_dag.py
[2025-01-10T01:15:40.230+0000] {processor.py:925} INFO - DAG(s) 'tutorial_dag' retrieved from /home/airflow/.local/lib/python3.12/site-packages/airflow/example_dags/tutorial_dag.py
[2025-01-10T01:15:40.258+0000] {logging_mixin.py:190} INFO - [2025-01-10T01:15:40.257+0000] {dag.py:3239} INFO - Sync 1 DAGs
[2025-01-10T01:15:40.284+0000] {logging_mixin.py:190} INFO - [2025-01-10T01:15:40.284+0000] {dag.py:4180} INFO - Setting next_dagrun for tutorial_dag to None, run_after=None
[2025-01-10T01:15:40.320+0000] {processor.py:208} INFO - Processing /home/airflow/.local/lib/python3.12/site-packages/airflow/example_dags/tutorial_dag.py took 0.113 seconds
[2025-01-10T01:16:11.224+0000] {processor.py:186} INFO - Started process (PID=1830) to work on /home/airflow/.local/lib/python3.12/site-packages/airflow/example_dags/tutorial_dag.py
[2025-01-10T01:16:11.225+0000] {processor.py:914} INFO - Processing file /home/airflow/.local/lib/python3.12/site-packages/airflow/example_dags/tutorial_dag.py for tasks to queue
[2025-01-10T01:16:11.227+0000] {logging_mixin.py:190} INFO - [2025-01-10T01:16:11.227+0000] {dagbag.py:588} INFO - Filling up the DagBag from /home/airflow/.local/lib/python3.12/site-packages/airflow/example_dags/tutorial_dag.py
[2025-01-10T01:16:11.234+0000] {processor.py:925} INFO - DAG(s) 'tutorial_dag' retrieved from /home/airflow/.local/lib/python3.12/site-packages/airflow/example_dags/tutorial_dag.py
[2025-01-10T01:16:11.253+0000] {logging_mixin.py:190} INFO - [2025-01-10T01:16:11.253+0000] {dag.py:3239} INFO - Sync 1 DAGs
[2025-01-10T01:16:11.267+0000] {logging_mixin.py:190} INFO - [2025-01-10T01:16:11.267+0000] {dag.py:4180} INFO - Setting next_dagrun for tutorial_dag to None, run_after=None
[2025-01-10T01:16:11.287+0000] {processor.py:208} INFO - Processing /home/airflow/.local/lib/python3.12/site-packages/airflow/example_dags/tutorial_dag.py took 0.069 seconds
[2025-01-10T01:16:41.364+0000] {processor.py:186} INFO - Started process (PID=1893) to work on /home/airflow/.local/lib/python3.12/site-packages/airflow/example_dags/tutorial_dag.py
[2025-01-10T01:16:41.365+0000] {processor.py:914} INFO - Processing file /home/airflow/.local/lib/python3.12/site-packages/airflow/example_dags/tutorial_dag.py for tasks to queue
[2025-01-10T01:16:41.367+0000] {logging_mixin.py:190} INFO - [2025-01-10T01:16:41.367+0000] {dagbag.py:588} INFO - Filling up the DagBag from /home/airflow/.local/lib/python3.12/site-packages/airflow/example_dags/tutorial_dag.py
[2025-01-10T01:16:41.375+0000] {processor.py:925} INFO - DAG(s) 'tutorial_dag' retrieved from /home/airflow/.local/lib/python3.12/site-packages/airflow/example_dags/tutorial_dag.py
[2025-01-10T01:16:41.394+0000] {logging_mixin.py:190} INFO - [2025-01-10T01:16:41.393+0000] {dag.py:3239} INFO - Sync 1 DAGs
[2025-01-10T01:16:41.407+0000] {logging_mixin.py:190} INFO - [2025-01-10T01:16:41.407+0000] {dag.py:4180} INFO - Setting next_dagrun for tutorial_dag to None, run_after=None
[2025-01-10T01:16:41.428+0000] {processor.py:208} INFO - Processing /home/airflow/.local/lib/python3.12/site-packages/airflow/example_dags/tutorial_dag.py took 0.069 seconds
[2025-01-10T01:17:11.787+0000] {processor.py:186} INFO - Started process (PID=1956) to work on /home/airflow/.local/lib/python3.12/site-packages/airflow/example_dags/tutorial_dag.py
[2025-01-10T01:17:11.788+0000] {processor.py:914} INFO - Processing file /home/airflow/.local/lib/python3.12/site-packages/airflow/example_dags/tutorial_dag.py for tasks to queue
[2025-01-10T01:17:11.792+0000] {logging_mixin.py:190} INFO - [2025-01-10T01:17:11.791+0000] {dagbag.py:588} INFO - Filling up the DagBag from /home/airflow/.local/lib/python3.12/site-packages/airflow/example_dags/tutorial_dag.py
[2025-01-10T01:17:11.803+0000] {processor.py:925} INFO - DAG(s) 'tutorial_dag' retrieved from /home/airflow/.local/lib/python3.12/site-packages/airflow/example_dags/tutorial_dag.py
[2025-01-10T01:17:11.836+0000] {logging_mixin.py:190} INFO - [2025-01-10T01:17:11.836+0000] {dag.py:3239} INFO - Sync 1 DAGs
[2025-01-10T01:17:11.857+0000] {logging_mixin.py:190} INFO - [2025-01-10T01:17:11.857+0000] {dag.py:4180} INFO - Setting next_dagrun for tutorial_dag to None, run_after=None
[2025-01-10T01:17:11.918+0000] {processor.py:208} INFO - Processing /home/airflow/.local/lib/python3.12/site-packages/airflow/example_dags/tutorial_dag.py took 0.138 seconds
[2025-01-10T01:17:42.492+0000] {processor.py:186} INFO - Started process (PID=2019) to work on /home/airflow/.local/lib/python3.12/site-packages/airflow/example_dags/tutorial_dag.py
[2025-01-10T01:17:42.492+0000] {processor.py:914} INFO - Processing file /home/airflow/.local/lib/python3.12/site-packages/airflow/example_dags/tutorial_dag.py for tasks to queue
[2025-01-10T01:17:42.495+0000] {logging_mixin.py:190} INFO - [2025-01-10T01:17:42.494+0000] {dagbag.py:588} INFO - Filling up the DagBag from /home/airflow/.local/lib/python3.12/site-packages/airflow/example_dags/tutorial_dag.py
[2025-01-10T01:17:42.501+0000] {processor.py:925} INFO - DAG(s) 'tutorial_dag' retrieved from /home/airflow/.local/lib/python3.12/site-packages/airflow/example_dags/tutorial_dag.py
[2025-01-10T01:17:42.520+0000] {logging_mixin.py:190} INFO - [2025-01-10T01:17:42.519+0000] {dag.py:3239} INFO - Sync 1 DAGs
[2025-01-10T01:17:42.533+0000] {logging_mixin.py:190} INFO - [2025-01-10T01:17:42.533+0000] {dag.py:4180} INFO - Setting next_dagrun for tutorial_dag to None, run_after=None
[2025-01-10T01:17:42.578+0000] {processor.py:208} INFO - Processing /home/airflow/.local/lib/python3.12/site-packages/airflow/example_dags/tutorial_dag.py took 0.092 seconds
